2019-01-17 00:28:23|https://www.mozilla.org/privacy/firefox/
2019-01-17 00:28:23|https://www.mozilla.org/en-US/privacy/firefox/
2019-01-17 00:28:27|http://classroom.google.com/
2019-01-17 00:28:29|https://classroom.google.com/
2019-01-17 00:28:29|https://accounts.google.com/ServiceLogin?service=classroom&passive=1209600&continue=https://classroom.google.com/&followup=https://classroom.google.com/&emr=1
2019-01-17 00:28:30|https://edu.google.com/intl/en-GB/k-12-solutions/classroom/
2019-01-17 00:28:30|https://edu.google.com/intl/en-GB/products/classroom/
2019-01-17 00:28:31|https://edu.google.com/intl/en-GB/products/classroom/?modal_active=none
2019-01-17 00:28:36|https://classroom.google.com/?emr=0
2019-01-17 00:28:36|https://accounts.google.com/ServiceLogin?service=classroom&passive=1209600&continue=https://classroom.google.com/?emr%3D0&followup=https://classroom.google.com/?emr%3D0
2019-01-17 00:28:37|https://accounts.google.com/signin/v2/identifier?service=classroom&passive=1209600&continue=https%3A%2F%2Fclassroom.google.com%2F%3Femr%3D0&followup=https%3A%2F%2Fclassroom.google.com%2F%3Femr%3D0&flowName=GlifWebSignIn&flowEntry=ServiceLogin
2019-01-17 00:28:56|https://idp.cenet.catholic.edu.au/nidp/saml2/sso?SAMLRequest=fVLLTsMwELwj8Q%2BW73lVAorVBBWqikoFIho4cDPOJjV17OC1W%2Fh7kpSqcIDreHYe651cfTSKbMGiNDqlSRhTAlqYUuo6pU%2FFPBjTq%2Bz0ZIK8US2berfWj%2FDuAR3pJjWy4SGl3mpmOEpkmjeAzAm2mt4t2SiMWWuNM8IoShazlFYa1mZTmo0Sb0q1tZHthtdaVhuh3nQrqqapQHFOyfMh1qiPtUD0sNDouHYdFCeXQZwEyUURx2w0ZmfnL5Tk307XUu8b%2FBfrdU9CdlsUeZA%2FrIpBYCtLsPcdO6W1MbWCUJimt885otx2cMUVAiVTRLCuC3hjNPoG7ArsVgp4elymdO1ciyyKdrtdeJSJeISfJTofCu7WRkkRQulD7iMukGbDltlQ1P5Y7%2F81%2BCEGzY5Gk%2BiHVPb9e32pxSzvbT%2FJVCmzu7HAXdfIWd8VmhvbcPe3WxImAyLLoBqozGtsQchKQklJlO1df59Jdzxf&RelayState=https%3A%2F%2Faccounts.google.com%2FCheckCookie%3Fcontinue%3Dhttps%253A%252F%252Fclassroom.google.com%252F%253Femr%253D0%26service%3Dclassroom%26hl%3Den-GB%26checkedDomains%3Dyoutube%26checkConnection%3Dyoutube%253A247%253A0%26pstMsg%3D1
2019-01-17 00:29:04|https://idp.cenet.catholic.edu.au/nidp/saml2/sso?sid=0
2019-01-17 00:29:04|https://www.google.com/accounts/signin/continue?sarp=1&continue=https%3A%2F%2Fclassroom.google.com%2F%3Femr%3D0&plt=AKgnsbuCgMi7RQ2KGNmy75Fp9lYllby1MytvC4IhahkRc8mVRI3PyMr-UpP3hlyELqcG4oD3WWCc_gt1sbjwI6gCwEKsZWvZ873TXrgHty-DyzwupYhDDBL6eRWxNrF9XcKmUf5vHG9TdlUfxs0-Npaps6kod6NrrjP0yXPMW6SAS3mb5fO4N6BBWyFvuLFLAbr5218i82yW2ZOoXrnfF3jh_BgTC8nfhhu8DgbPFu0D7YXsba6i32C-nXSnfLccl8gV54hA2Tdf&PersistentCookie=1&scc=0&service=classroom&checkedDomains=youtube&checkConnection=youtube%3A247%3A0&hl=en-GB
2019-01-17 00:29:05|https://accounts.google.com/signin/continue?sarp=1&continue=https%3A%2F%2Fclassroom.google.com%2F%3Femr%3D0&plt=AKgnsbuCgMi7RQ2KGNmy75Fp9lYllby1MytvC4IhahkRc8mVRI3PyMr-UpP3hlyELqcG4oD3WWCc_gt1sbjwI6gCwEKsZWvZ873TXrgHty-DyzwupYhDDBL6eRWxNrF9XcKmUf5vHG9TdlUfxs0-Npaps6kod6NrrjP0yXPMW6SAS3mb5fO4N6BBWyFvuLFLAbr5218i82yW2ZOoXrnfF3jh_BgTC8nfhhu8DgbPFu0D7YXsba6i32C-nXSnfLccl8gV54hA2Tdf&PersistentCookie=1&scc=0&service=classroom&checkedDomains=youtube&checkConnection=youtube%3A247%3A0&hl=en-GB
2019-01-17 00:29:05|https://accounts.google.com/CheckCookie?hl=en-GB&sarp=1&scc=0&checkedDomains=youtube&checkConnection=youtube%3A247%3A0&chtml=LoginDoneHtml&service=classroom&continue=https%3A%2F%2Fclassroom.google.com%2F%3Femr%3D0&gidl=EgIIAA
2019-01-17 00:29:05|https://accounts.youtube.com/accounts/SetSID?ssdc=1&sidt=ALWU2cvG8Tj1m%2BAAI3YKzk1F0TMSh7xObZwVoR9l1x30GVy451WCGcNZW09IBEcva7PxiPV2qMs2f1WrKk%2FXld6XWe5I1pssy9ZLYpTBDJQcuZqV0PZf7vg68aKrWIlI9nH0LhWrjUJ9HUN0edLItjmTYTLo86MQwSss4wqjGNOUAbzDqoZ1js7XyLckS59Je7S%2BTQhkRqe%2FhP0loFbNBKk2jqUS6Fu4Gg%3D%3D&continue=https%3A%2F%2Fclassroom.google.com%2F%3Femr%3D0&dbus=AU
2019-01-17 00:29:05|https://accounts.google.com.au/accounts/SetSID?ssdc=1&sidt=ALWU2cvIKkZYcMJ0l1YScyKy8tjtOo6zymt%2BD4240hYLWkf4WUgalXqCUzaYVV4zI6Nl39WfUoqw2b3DUDXYEffMe/effyEazhuBGxSHstMU3FHfOCCZj7uv6VdPUdwZe1Y0VpIm5%2Bu0LhDCXJcYFjnXJd6sJDlS7y4dw34VSOjWOeOFdyCuHJSyVvRtk0685yTtynz511RZJiO%2BSaehRtmv2mpZIRSLwA%3D%3D&continue=https://classroom.google.com/?emr%3D0
2019-01-17 00:29:07|https://classroom.google.com/?emr=0
2019-01-17 00:29:10|https://classroom.google.com/h
2019-01-17 00:29:18|https://classroom.google.com/c/NDA5NTQ1MDQ0MFpa
2019-01-17 00:30:06|https://classroom.google.com/c/NDA5NTQ1MDQ0MFpa/a/MTE2Nzg1MjQzMjNa/details
2019-01-17 00:30:13|https://drive.google.com/open?id=1Os9IJxCv6oQy4xyjo-LUogoyKJhd4sIU&authuser=0
2019-01-17 00:30:14|https://drive.google.com/a/sydstu.catholic.edu.au/file/d/1Os9IJxCv6oQy4xyjo-LUogoyKJhd4sIU/view?usp=drive_open
2019-01-17 00:30:14|https://drive.google.com/file/d/1Os9IJxCv6oQy4xyjo-LUogoyKJhd4sIU/view
2019-01-17 00:30:21|https://drive.google.com/a/sydstu.catholic.edu.au/uc?authuser=0&id=1Os9IJxCv6oQy4xyjo-LUogoyKJhd4sIU&export=download
2019-01-17 00:30:26|https://drive.google.com/a/sydstu.catholic.edu.au/uc?id=1Os9IJxCv6oQy4xyjo-LUogoyKJhd4sIU&export=download
2019-01-17 00:30:27|https://doc-14-3g-docs.googleusercontent.com/docs/securesc/tuv0vpamn0plv7d5knt50icfjsfujrqn/2hf5j4pdcj0ktp1io24dqtrl3dghr0rp/1547683200000/07858069477901516847/07858069477901516847/1Os9IJxCv6oQy4xyjo-LUogoyKJhd4sIU?h=06324772251380629240&e=download
2019-01-17 00:30:27|https://docs.google.com/a/sydstu.catholic.edu.au/nonceSigner?nonce=ivpg3ma6o1tmu&continue=https://doc-14-3g-docs.googleusercontent.com/docs/securesc/tuv0vpamn0plv7d5knt50icfjsfujrqn/2hf5j4pdcj0ktp1io24dqtrl3dghr0rp/1547683200000/07858069477901516847/07858069477901516847/1Os9IJxCv6oQy4xyjo-LUogoyKJhd4sIU?e%3Ddownload%26h%3D06324772251380629240&hash=bpvlp73i8je9lo52htp9d8qv3ak1cmj9
2019-01-17 00:30:28|https://doc-14-3g-docs.googleusercontent.com/docs/securesc/tuv0vpamn0plv7d5knt50icfjsfujrqn/2hf5j4pdcj0ktp1io24dqtrl3dghr0rp/1547683200000/07858069477901516847/07858069477901516847/1Os9IJxCv6oQy4xyjo-LUogoyKJhd4sIU?e=download&h=06324772251380629240&nonce=ivpg3ma6o1tmu&user=07858069477901516847&hash=2kpavm3qq8blq96c2in6rppp4hmenn4v
2019-01-17 00:30:36|https://doc-14-3g-docs.googleusercontent.com/docs/securesc/tuv0vpamn0plv7d5knt50icfjsfujrqn/2hf5j4pdcj0ktp1io24dqtrl3dghr0rp/1547683200000/07858069477901516847/07858069477901516847/1Os9IJxCv6oQy4xyjo-LUogoyKJhd4sIU?e=download&h=06324772251380629240&nonce=ivpg3ma6o1tmu&user=07858069477901516847&hash=2kpavm3qq8blq96c2in6rppp4hmenn4v
2019-01-17 00:31:25|file:///tmp_amd/adams/export/adams/1/cseguest32/.fr-LvbD5i/DuckIsland/index.html
2019-01-18 00:57:38|http://ctf.compclub.com.au/
2019-01-18 00:57:38|https://ctf.compclub.com.au/
2019-01-18 00:57:38|https://ctf.compclub.com.au/invite?next=%2F
2019-01-18 00:57:38|https://ctf.compclub.com.au/invite/
2019-01-18 03:29:29|https://www.google.com/search?client=firefox-b-d&q=slither.io
2019-01-18 03:29:32|http://slither.io/
2019-01-18 03:32:23|http://deip.io/
2019-01-18 03:32:28|http://deip.io/diep-io-strategies.html
2019-01-18 03:32:53|https://www.google.com/search?client=firefox-b-d&q=deip.io
2019-01-18 03:32:58|https://diep.io/
2019-01-18 03:33:39|http://slither.io/
2019-01-18 03:48:38|https://www.google.com/search?client=firefox-b-d&q=repl
2019-01-18 03:48:43|https://repl.it/
2019-01-18 03:52:59|http://deeeep.io/
2019-01-18 03:53:00|http://deeeep.io/new
2019-01-18 03:53:00|http://deeeep.io/new/
2019-01-18 03:55:33|http://deeeep.io/?oldversion
2019-01-18 03:55:41|http://www.egnyte.com/wsgi/route_to_dc?target=/corp/lp4/online-file-sharing.html&utm_source=google&utm_medium=cpc&utm_term=&utm_campaign=GoogBuild+Smart+Display+08+21&gclid=EAIaIQobChMIicvL3rf23wIV2kkrCh3Y_AQNEAEYASAAEgIINvD_BwE
2019-01-18 03:55:41|https://www.egnyte.com/wsgi/route_to_dc?target=/corp/lp4/online-file-sharing.html&utm_source=google&utm_medium=cpc&utm_term=&utm_campaign=GoogBuild+Smart+Display+08+21&gclid=EAIaIQobChMIicvL3rf23wIV2kkrCh3Y_AQNEAEYASAAEgIINvD_BwE
2019-01-18 03:55:43|https://www-sjc.egnyte.com/corp/lp4/online-file-sharing.html?target=/corp/lp4/online-file-sharing.html&utm_source=google&utm_medium=cpc&utm_term=&utm_campaign=GoogBuild+Smart+Display+08+21&gclid=EAIaIQobChMIicvL3rf23wIV2kkrCh3Y_AQNEAEYASAAEgIINvD_BwE
2019-01-18 03:59:08|http://deeep.io/
1|http://summer2019.compclub.com.au/|Welcome to the CompClub Summer Spy School | CompClub 2019 Summer Workshops|4|4|13192242125421751|0|0
2|https://summer2019.compclub.com.au/|Welcome to the CompClub Summer Spy School | CompClub 2019 Summer Workshops|6|0|13192242125421751|0|0
3|http://repl.it/languages/python3|Repl.it - NotableHumbleParticle|1|1|13192154035302008|0|0
4|https://repl.it/languages/python3|Repl.it - NotableHumbleParticle|1|0|13192154035302008|0|0
5|https://repl.it/repls/NotableHumbleParticle|Repl.it - NotableHumbleParticle|2|0|13192154036706106|0|0
6|https://repl.it/auth/google/get?close=1|Forwarding ...|1|0|13192154058750884|0|0
7|https://accounts.google.com/o/oauth2/v2/auth?access_type=offline&response_type=code&redirect_uri=https%3A%2F%2Frepl.it%2Fauth%2Fgoogle%2Fcallback&scope=email%20profile&state=close%3D1&client_id=551333139604-3e6vevagfdvcipqacu0qtfbpkb6285h9.apps.googleusercontent.com|Forwarding ...|1|0|13192154058750884|0|0
8|https://accounts.google.com/signin/oauth?client_id=551333139604-3e6vevagfdvcipqacu0qtfbpkb6285h9.apps.googleusercontent.com&as=KdLpJaXk5lN8P70tSC2D5w&destination=https://repl.it&approval_state=!ChRjMGZSWHdjWE5aU0JONnRvTHZBVhIfODBhdm9oS05aVG9kOEhuU1JuY2dubW8tZkJxUGhSWQ%E2%88%99APNbktkAAAAAXEEMSs1TaQCwRKZ7yg6DQSqrtPgRjR28&oauthgdpr=1&xsrfsig=ChkAeAh8T05tv51YDlDaicOHIXfvHPMaEraNEg5hcHByb3ZhbF9zdGF0ZRILZGVzdGluYXRpb24SBXNvYWN1Eg9vYXV0aHJpc2t5c2NvcGU|Sign in – Google accounts|3|0|13192154059810406|0|0
9|https://accounts.google.com/signin/oauth/identifier?client_id=551333139604-3e6vevagfdvcipqacu0qtfbpkb6285h9.apps.googleusercontent.com&as=KdLpJaXk5lN8P70tSC2D5w&destination=https%3A%2F%2Frepl.it&approval_state=!ChRjMGZSWHdjWE5aU0JONnRvTHZBVhIfODBhdm9oS05aVG9kOEhuU1JuY2dubW8tZkJxUGhSWQ%E2%88%99APNbktkAAAAAXEEMSs1TaQCwRKZ7yg6DQSqrtPgRjR28&oauthgdpr=1&xsrfsig=ChkAeAh8T05tv51YDlDaicOHIXfvHPMaEraNEg5hcHByb3ZhbF9zdGF0ZRILZGVzdGluYXRpb24SBXNvYWN1Eg9vYXV0aHJpc2t5c2NvcGU&flowName=GeneralOAuthFlow||1|0|13192154059901299|0|0
10|https://accounts.google.com/signin/v2/challenge/pwd?client_id=551333139604-3e6vevagfdvcipqacu0qtfbpkb6285h9.apps.googleusercontent.com&as=KdLpJaXk5lN8P70tSC2D5w&destination=https%3A%2F%2Frepl.it&approval_state=!ChRjMGZSWHdjWE5aU0JONnRvTHZBVhIfODBhdm9oS05aVG9kOEhuU1JuY2dubW8tZkJxUGhSWQ%E2%88%99APNbktkAAAAAXEEMSs1TaQCwRKZ7yg6DQSqrtPgRjR28&oauthgdpr=1&xsrfsig=ChkAeAh8T05tv51YDlDaicOHIXfvHPMaEraNEg5hcHByb3ZhbF9zdGF0ZRILZGVzdGluYXRpb24SBXNvYWN1Eg9vYXV0aHJpc2t5c2NvcGU&flowName=GeneralOAuthFlow&TL=AHnYQLzghLqEOf9AsAw5BNX4CXILwRGg-wYffknl_uCncDIiAWK_O8Id0U44GVxQqcfpQmHQ9aJ-gN606iI8FpI4ZMteaJk4uIxCHUonFzD45LZsqn02ikWymE8PR2NlS3K2D6p1CYALRQ1j4oe86awAqIGjX1Rsqx2jG0DAEAmuSo8CW9fiTV4&cid=1&navigationDirection=forward||1|0|13192154068419646|0|0
11|https://accounts.google.com/CheckCookie?hl=en-GB&checkedDomains=youtube&checkConnection=youtube%3A244%3A0&chtml=LoginDoneHtml&service=lso&continue=https%3A%2F%2Faccounts.google.com%2Fsignin%2Foauth%2Fconsent%3Fauthuser%3Dunknown%26part%3DAJi8hAO0PFS_8zZU8afAG1Y-KW1MQWULmFXF3HMclu4b6dfMh5kRTk5G27LWIvCGBECcFKBQH0Pp3ZTYlZviW7d88jV4kTcJhoxxFVjSWZSZN4azN_BcoDuuhxbq59ov4KmJplNX5NO15nvfTL1yXSBJh8ThV23LEBaWP2zQvk7UocZ5VIshrAD7I97jJmjmmTU1UxaYCUfOCDtlk-lgftuJpt_uH5swx8jIlykMXMEIIkv91WuagCCPro1_CUj4o0w3YfZJALiqhwZW3eqo_w_yeUIs_ZmxsT203VJF4eMlJAJgUQ2A0EBNWDnex1NU3DrK7yWQr9-t69VbnIDrh86VkMRVN3UFKwf-Y3HE7_-j8vkfLphrme6CrKZaEYmqcrWNzRCBMJHk4QBRdSWsgfcOtGi448yCVqTWO8Kdzpa1YZiE40FX9jI%26as%3DKdLpJaXk5lN8P70tSC2D5w%26rapt%3DAEjHL4M6MouoGl4zIS5lAm8xI5E4Nig0rvSxs2Fi4lrYs5GEuURavZGf-5y_BPGOlr5NDxVZ-pKbLHpCLahTZpGPj1J4Gg4n2A%23&gidl=EgIIAA|Redirecting|1|0|13192154072984256|0|0
12|https://accounts.youtube.com/accounts/SetSID?ssdc=1&sidt=ALWU2cs6y760CV4yO70adhIWP7E47rRgSxjd90hOv%2FBIsRfoQpXLR1wZpqW1ftnB901gPzPzScY7cDOTw8NIj5le7WuUptkvORlTNjSDr8Bb9cGZUSXY3mvH%2BE0tiT3e4CS%2FrPYPDVEPu0n4zyjQaO9kMFAOVKSUeG0A8fMkDDJs2DVxGcOCqbGKzaFiA2gyRAqmAjVNdut8bOpVGZbjq3N1cA1fc0Db7jr1Rw9ktA3MZw4asTvyo5Ki4JJlRDkfGikeeekLxXQWJSLDl%2BgS7Gns0rdw2ulBUAbMTsal59PolyAQbshEwEM%3D&continue=https%3A%2F%2Faccounts.google.com%2Fsignin%2Foauth%2Fconsent%3Fauthuser%3D0%26part%3DAJi8hAO0PFS_8zZU8afAG1Y-KW1MQWULmFXF3HMclu4b6dfMh5kRTk5G27LWIvCGBECcFKBQH0Pp3ZTYlZviW7d88jV4kTcJhoxxFVjSWZSZN4azN_BcoDuuhxbq59ov4KmJplNX5NO15nvfTL1yXSBJh8ThV23LEBaWP2zQvk7UocZ5VIshrAD7I97jJmjmmTU1UxaYCUfOCDtlk-lgftuJpt_uH5swx8jIlykMXMEIIkv91WuagCCPro1_CUj4o0w3YfZJALiqhwZW3eqo_w_yeUIs_ZmxsT203VJF4eMlJAJgUQ2A0EBNWDnex1NU3DrK7yWQr9-t69VbnIDrh86VkMRVN3UFKwf-Y3HE7_-j8vkfLphrme6CrKZaEYmqcrWNzRCBMJHk4QBRdSWsgfcOtGi448yCVqTWO8Kdzpa1YZiE40FX9jI%26as%3DKdLpJaXk5lN8P70tSC2D5w%26rapt%3DAEjHL4M6MouoGl4zIS5lAm8xI5E4Nig0rvSxs2Fi4lrYs5GEuURavZGf-5y_BPGOlr5NDxVZ-pKbLHpCLahTZpGPj1J4Gg4n2A%26auth%3D9gZw2fu_Nvuo9l98C4mBckGc9ittCXmqsQMCPmiW428MyGQARHyC6wUHkfng5mlSDnlO0Q.%23&dbus=AU|Redirecting|1|0|13192154072984256|0|0
13|https://accounts.google.com.au/accounts/SetSID?ssdc=1&sidt=ALWU2cvHzqJlHv9VVlF0zcYlURZ4XgrPO78JX382wQ6HTGDq0vGDRU37mlN3xEH%2Bo49n7LHA73dorLKnORRNrudIj/iIkJakJB6hJpRVUf48RmCo7Lj%2B8klhCE03wtIMOBVdK1mLb8tGrXNKC9Ifmghmdg23ZTgZu7EMZnzvz6XnFy7uz7iYo8oA88l5AR0C0L1AhMScEp%2BSbjT61k8c%2BBA%2Bnbz%2BH25xHSfyC6eggPdHbIGwqW0IKFEtCuEzAKSOopr0eZG1by3rTkuvPZBSZJmKDDA5/dNIWtENnRsaQqlNs9zmrlE96Is%3D&continue=https://accounts.google.com/signin/oauth/consent?authuser%3D0%26part%3DAJi8hAO0PFS_8zZU8afAG1Y-KW1MQWULmFXF3HMclu4b6dfMh5kRTk5G27LWIvCGBECcFKBQH0Pp3ZTYlZviW7d88jV4kTcJhoxxFVjSWZSZN4azN_BcoDuuhxbq59ov4KmJplNX5NO15nvfTL1yXSBJh8ThV23LEBaWP2zQvk7UocZ5VIshrAD7I97jJmjmmTU1UxaYCUfOCDtlk-lgftuJpt_uH5swx8jIlykMXMEIIkv91WuagCCPro1_CUj4o0w3YfZJALiqhwZW3eqo_w_yeUIs_ZmxsT203VJF4eMlJAJgUQ2A0EBNWDnex1NU3DrK7yWQr9-t69VbnIDrh86VkMRVN3UFKwf-Y3HE7_-j8vkfLphrme6CrKZaEYmqcrWNzRCBMJHk4QBRdSWsgfcOtGi448yCVqTWO8Kdzpa1YZiE40FX9jI%26as%3DKdLpJaXk5lN8P70tSC2D5w%26rapt%3DAEjHL4M6MouoGl4zIS5lAm8xI5E4Nig0rvSxs2Fi4lrYs5GEuURavZGf-5y_BPGOlr5NDxVZ-pKbLHpCLahTZpGPj1J4Gg4n2A%26auth%3D9gZw2fu_Nvuo9l98C4mBckGc9ittCXmqsQMCPmiW428MyGQARHyC6wUHkfng5mlSDnlO0Q.%23|Redirecting|1|0|13192154072984256|0|0
14|https://accounts.google.com.au/accounts/SetSID||1|0|13192154073011718|0|0
15|https://accounts.google.com/signin/oauth/consent?authuser=0&part=AJi8hAO0PFS_8zZU8afAG1Y-KW1MQWULmFXF3HMclu4b6dfMh5kRTk5G27LWIvCGBECcFKBQH0Pp3ZTYlZviW7d88jV4kTcJhoxxFVjSWZSZN4azN_BcoDuuhxbq59ov4KmJplNX5NO15nvfTL1yXSBJh8ThV23LEBaWP2zQvk7UocZ5VIshrAD7I97jJmjmmTU1UxaYCUfOCDtlk-lgftuJpt_uH5swx8jIlykMXMEIIkv91WuagCCPro1_CUj4o0w3YfZJALiqhwZW3eqo_w_yeUIs_ZmxsT203VJF4eMlJAJgUQ2A0EBNWDnex1NU3DrK7yWQr9-t69VbnIDrh86VkMRVN3UFKwf-Y3HE7_-j8vkfLphrme6CrKZaEYmqcrWNzRCBMJHk4QBRdSWsgfcOtGi448yCVqTWO8Kdzpa1YZiE40FX9jI&as=KdLpJaXk5lN8P70tSC2D5w&rapt=AEjHL4M6MouoGl4zIS5lAm8xI5E4Nig0rvSxs2Fi4lrYs5GEuURavZGf-5y_BPGOlr5NDxVZ-pKbLHpCLahTZpGPj1J4Gg4n2A&auth=9gZw2fu_Nvuo9l98C4mBckGc9ittCXmqsQMCPmiW428MyGQARHyC6wUHkfng5mlSDnlO0Q.#||1|0|13192154074328973|0|0
16|https://accounts.google.com/signin/oauth/consent?authuser=0&part=AJi8hAO0PFS_8zZU8afAG1Y-KW1MQWULmFXF3HMclu4b6dfMh5kRTk5G27LWIvCGBECcFKBQH0Pp3ZTYlZviW7d88jV4kTcJhoxxFVjSWZSZN4azN_BcoDuuhxbq59ov4KmJplNX5NO15nvfTL1yXSBJh8ThV23LEBaWP2zQvk7UocZ5VIshrAD7I97jJmjmmTU1UxaYCUfOCDtlk-lgftuJpt_uH5swx8jIlykMXMEIIkv91WuagCCPro1_CUj4o0w3YfZJALiqhwZW3eqo_w_yeUIs_ZmxsT203VJF4eMlJAJgUQ2A0EBNWDnex1NU3DrK7yWQr9-t69VbnIDrh86VkMRVN3UFKwf-Y3HE7_-j8vkfLphrme6CrKZaEYmqcrWNzRCBMJHk4QBRdSWsgfcOtGi448yCVqTWO8Kdzpa1YZiE40FX9jI&as=KdLpJaXk5lN8P70tSC2D5w&rapt=AEjHL4M6MouoGl4zIS5lAm8xI5E4Nig0rvSxs2Fi4lrYs5GEuURavZGf-5y_BPGOlr5NDxVZ-pKbLHpCLahTZpGPj1J4Gg4n2A#||1|0|13192154074328973|0|0
17|https://repl.it/auth/google/callback?state=close%3D1&code=4%2F1QANHVA5SYJyr-4FSsTFtxkQzKSInnocWKIdee3KjaZxi7v3sDbusCk4i0j5zA1bva6j5u5s9Cdk2H-f0PixM2k&scope=email+profile+https%3A%2F%2Fwww.googleapis.com%2Fauth%2Fuserinfo.email+https%3A%2F%2Fwww.googleapis.com%2Fauth%2Fuserinfo.profile#||1|0|13192154074328973|0|0
18|https://repl.it/auth/close#||1|0|13192154074328973|0|0
19|https://repl.it/@NickLastname/NotableHumbleParticle||1|0|13192154075189945|0|0
20|https://repl.it/repls|https://repl.it/repls|11|1|13192245895979161|0|0
21|https://repl.it/@NickLastname/GrayPrivateScan|Repl.it - GrayPrivateScan|1|0|13192154095281966|0|0
22|https://www.google.com/search?q=okeh&oq=okeh&aqs=chrome..69i57.1074j0j7&sourceid=chrome&ie=UTF-8|okeh - Google Search|1|0|13192155245940897|0|0
23|https://www.google.com/search?q=okeh&source=lnms&tbm=isch&sa=X&ved=0ahUKEwiW3uS1u_PfAhXYeX0KHUS6DAgQ_AUIDigB&biw=1920&bih=942|okeh - Google Search|2|0|13192155263340874|0|0
24|https://www.google.com/search?q=okeh&source=lnms&tbm=isch&sa=X&ved=0ahUKEwiW3uS1u_PfAhXYeX0KHUS6DAgQ_AUIDigB&biw=1920&bih=942#imgrc=D83OTIfh57Kg0M:||1|0|13192155263345864|0|0
25|https://pbs.twimg.com/profile_images/681604600718319618/JGTOPGmh_400x400.jpg|JGTOPGmh_400x400.jpg (400×400)|1|0|13192155265570562|0|0
26|https://www.google.com/search?q=w3+schools+p1+tag&oq=w3+schools+p1+tag&aqs=chrome..69i57.6224j0j7&sourceid=chrome&ie=UTF-8|w3 schools p1 tag - Google Search|1|0|13192155322186180|0|0
27|https://www.w3schools.com/tags/tag_p.asp|HTML p tag|1|0|13192155324233022|0|0
28|https://grayprivatescan--nicklastname.repl.co/results||27|0|13192160362558598|1|0
29|https://grayprivatescan--nicklastname.repl.co/||14|0|13192160362558598|1|0
30|https://www.google.com/search?safe=strict&biw=1920&bih=942&tbm=isch&sa=1&ei=cL8_XJeBFc-o9QPYyYSYCA&q=okeh+meme&oq=okeh+meme&gs_l=img.3..0l2j0i24l2.1349173.1349577..1349667...0.0..0.145.533.0j4......1....1..gws-wiz-img.......0i67j0i10i24.ET3yvMbPPJg|okeh meme - Google Search|2|0|13192156603835193|0|0
31|https://www.google.com/search?safe=strict&biw=1920&bih=942&tbm=isch&sa=1&ei=cL8_XJeBFc-o9QPYyYSYCA&q=okeh+meme&oq=okeh+meme&gs_l=img.3..0l2j0i24l2.1349173.1349577..1349667...0.0..0.145.533.0j4......1....1..gws-wiz-img.......0i67j0i10i24.ET3yvMbPPJg#imgrc=sbaZwvmKBvXWCM:||3|0|13192245332353926|0|0
32|https://i.kym-cdn.com/entries/icons/original/000/017/570/okayguy.PNG|okayguy.PNG (497×456)|1|0|13192156608025417|0|0
33|https://summer2019.compclub.com.au/day4|Some useful links: | CompClub 2019 Summer Workshops|2|0|13192241861543851|0|0
34|https://summer2019.compclub.com.au/day5|CompClub 2019 Summer Workshops|7|0|13192245890600991|0|0
35|https://repl.it/||2|0|13192157186814707|1|0
36|https://www.google.com/search?safe=strict&biw=1920&bih=942&tbm=isch&sa=1&ei=cL8_XJeBFc-o9QPYyYSYCA&q=okeh+meme&oq=okeh+meme&gs_l=img.3..0l2j0i24l2.1349173.1349577..1349667...0.0..0.145.533.0j4......1....1..gws-wiz-img.......0i67j0i10i24.ET3yvMbPPJg#imgdii=0ugD24FIi_LaiM:&imgrc=sbaZwvmKBvXWCM:||4|0|13192245332468270|0|0
37|https://www.google.com/search?safe=strict&biw=1920&bih=942&tbm=isch&sa=1&ei=cL8_XJeBFc-o9QPYyYSYCA&q=okeh+meme&oq=okeh+meme&gs_l=img.3..0l2j0i24l2.1349173.1349577..1349667...0.0..0.145.533.0j4......1....1..gws-wiz-img.......0i67j0i10i24.ET3yvMbPPJg#imgdii=g-Hiibh3GsrC1M:&imgrc=sbaZwvmKBvXWCM:||1|0|13192157514728214|0|0
38|https://thumbs.gfycat.com/AdvancedLongBream-max-1mb.gif|AdvancedLongBream-max-1mb.gif (240×240)|1|0|13192157519934054|0|0
39|https://www.w3schools.com/tags/tag_audio.asp|HTML audio tag|1|0|13192157662477483|0|0
40|https://www.google.com/search?q=okeh+sound+effect&oq=okeh+so&aqs=chrome.1.69i57j0l5.2489j0j7&sourceid=chrome&ie=UTF-8|okeh sound effect - Google Search|1|0|13192157693650803|0|0
41|https://www.google.com/search?safe=strict&ei=_cg_XIPPH4im9QOjyISICw&q=youtube+to+mp3%5C&oq=youtube+to+mp3%5C&gs_l=psy-ab.3.1.35i39l2j0i67l4j0i131i67j0i67l2j0.7808.10252..10261...1.0..0.167.1271.0j9......0....1..gws-wiz.......0i71j0i131.Yy9zJdhhHkk|youtube to mp3\ - Google Search|1|0|13192157704839615|0|0
42|https://ytmp3.cc/|YouTube to Mp3 Converter|1|0|13192157713056202|0|0
43|https://ytmp3.cc/p/|Redirect|1|0|13192157722451768|0|0
44|https://yllanorin.com/762488/|Redirect|1|0|13192157722451768|0|0
45|https://yllanorin.com/afu.php?zoneid=1407888&var=762488||2|0|13192157722465881|0|0
46|https://yllanorin.com/?r=%2Fmb%2Fhan&pbk3=3bcf10c926d6b36bc66759e0184b03646647252689894620503&empty=0&uuid=7860c79b-7752-4ffb-9076-a6eddd978eff&ad_scheme=1&rotation_type=22&ppucounter=0&first_visit=0&on_test=0&offer_views=0&ab_test=2273&adparams=bm9qcz0wJnNhdmVkX3JlZmVyZXI9aHR0cHMlM0ElMkYlMkZ5dG1wMy5jYyUyRg%3D%3D&ip=0aba70c5ef579e75f0dae72972d921f8&zoneid=762488&x=1920&y=942&sw=1920&sh=1080&sah=1080&wx=0&wy=31&ww=1920&wh=1008&cw=1920&wiw=1920&wih=942&wfc=0&pl=https%3A%2F%2Fyllanorin.com%2Fafu.php%3Fzoneid%3D1407888%26var%3D762488&drf=https%3A%2F%2Fytmp3.cc%2F&np=1&pt=0&nb=1&ng=1&dm=undefined&cf=0&nw=0&hil=undefined&id=c88c71a3fd40fba62f02aa203caeede7&co=1&rf=1&hs=d01d492f13aec958676a3d4656a2a36c&ix=0&fs=0&sf_type=1&timeout=0|DAILY CASH GRAB | SHARE TO GET IT|1|0|13192157722922314|0|0
47|http://m-in.gearbest.com/money-bag.html?lkid=18124852&cid=109557756607860736|DAILY CASH GRAB | SHARE TO GET IT|1|0|13192157722922314|0|0
48|https://m-in.gearbest.com/money-bag.html?lkid=18124852&cid=109557756607860736|DAILY CASH GRAB | SHARE TO GET IT|1|0|13192157722922314|0|0
49|https://www.w3schools.com/tags/tag_button.asp|HTML button tag|1|0|13192157947990476|0|0
50|https://www.google.com/search?q=how+to+make+a+button+play+a+sound+in+html&oq=how+to+make+a+button+play+a+sound&aqs=chrome.0.0j69i57j0l4.6416j0j4&sourceid=chrome&ie=UTF-8|how to make a button play a sound in html - Google Search|3|0|13192158119448828|0|0
51|https://stackoverflow.com/questions/32913026/click-a-button-to-play-sound-on-javascript|html - Click a button to play sound on Javascript - Stack Overflow|1|0|13192158086364879|0|0
52|https://www.w3schools.com/jsref/met_audio_play.asp|HTML DOM Audio play() Method|1|0|13192158089205630|0|0
53|https://codepen.io/DonnaG/pen/LpVEYG|HTML 5 Play Sound Button|4|0|13192245331668149|0|0
54|http://classroom.google.com/|Classroom|1|1|13192158481726515|0|0
55|https://classroom.google.com/|Classroom|1|0|13192158481726515|0|0
56|https://classroom.google.com/h||1|0|13192158484045043|0|0
57|file:///tmp_amd/adams/export/adams/1/cseguest32/.fr-Ugo0YB/DuckIsland/index.html|Duck Island|1|0|13192158655498125|0|0
58|https://www.google.com/search?q=gandalf+nodding+gif&oq=gandalf+nod&aqs=chrome.2.0j69i57j0l4.4934j0j7&sourceid=chrome&ie=UTF-8|gandalf nodding gif - Google Search|1|0|13192158811483276|0|0
59|https://www.google.com/search?q=gandalf+nodding+gif&safe=strict&source=lnms&tbm=isch&sa=X&ved=0ahUKEwiZovzZyPPfAhUJXCsKHVywCEEQ_AUIDigB&biw=1920&bih=893|gandalf nodding gif - Google Search|2|0|13192158814742260|0|0
60|https://www.google.com/search?q=gandalf+nodding+gif&safe=strict&source=lnms&tbm=isch&sa=X&ved=0ahUKEwiZovzZyPPfAhUJXCsKHVywCEEQ_AUIDigB&biw=1920&bih=893#imgrc=S5E5O9hhcWraoM:||1|0|13192158814744429|0|0
61|https://media1.tenor.com/images/50ff1b9e991b4cc997ca7e15b542b103/tenor.gif?itemid=7897549|https://media1.tenor.com/images/50ff1b9e991b4cc997ca7e15b542b103/tenor.gif?itemid=7897549|2|0|13192245897775469|0|0
62|https://repl.it/@NickLastname/Website-v1|Repl.it - Website v1|10|0|13192245907306755|0|0
63|https://repl.it/languages|Repl.it - Select a Language|1|0|13192160427987682|0|0
64|https://repl.it/@NickLastname/OddLastingCompiler?folderId=|Repl.it - OddLastingCompiler|7|0|13192245907071238|0|0
65|https://www.google.com/search?q=ip+adress&oq=ip+adress&aqs=chrome..69i57j0l5.1391j0j7&sourceid=chrome&ie=UTF-8|ip adress - Google Search|1|0|13192245895635607|0|0
66|https://oddlastingcompiler--nicklastname.repl.co/results||48|0|13192174841622306|1|0
67|https://oddlastingcompiler--nicklastname.repl.co/||36|0|13192174841622306|1|0
68|https://oddlastingcompiler--nicklastname.repl.co/results?ipAddress=||6|0|13192164036010705|1|0
69|https://oddlastingcompiler--nicklastname.repl.co/results?ipAddress=111||4|0|13192163562895286|1|0
70|https://oddlastingcompiler--nicklastname.repl.co/results?ipAddress=1111111111||2|0|13192163395591031|1|0
71|https://www.google.com/search?q=ipstack&oq=ipstack&aqs=chrome..69i57j0l5.1481j0j7&sourceid=chrome&ie=UTF-8|ipstack - Google Search|1|0|13192163992911784|0|0
72|https://ipstack.com/|ipstack - Free IP Geolocation API|1|0|13192245896475409|0|0
73|https://oddlastingcompiler--nicklastname.repl.co/results?ipAddress=00.00||2|0|13192164049124601|1|0
74|https://oddlastingcompiler--nicklastname.repl.co/results?ipAddress=192.168.255.255||4|0|13192164158664586|1|0
75|https://oddlastingcompiler--nicklastname.repl.co/results?ipAddress=129.94.209.93||4|0|13192164309182227|1|0
76|https://oddlastingcompiler--nicklastname.repl.co/results?ipAddress=jjj||2|0|13192164523732573|1|0
77|http://slither.io/|slither.io|2|2|13192245890596817|0|0
78|https://www.google.com/search?q=public+ip+address+lookup&oq=public+ip+addess+&aqs=chrome.2.69i57j0l5.6192j0j7&sourceid=chrome&ie=UTF-8|public ip address lookup - Google Search|1|0|13192168624517884|0|0
79|https://www.google.com/search?safe=strict&ei=sPM_XJeDFpekyAO-rYuADQ&q=public+ip+address+russia&oq=public+ip+address+russia&gs_l=psy-ab.3..33i22i29i30l4.10681.12352..12458...0.0..0.160.1513.0j11......0....1..gws-wiz.......0i71j35i39j0j0i22i30j0i20i263j0i67.tcs-QknXQlA|public ip address russia - Google Search|1|0|13192245894934348|0|0
80|https://www.google.com/search?q=css&oq=css+&aqs=chrome..69i57j0l5.1792j0j7&sourceid=chrome&ie=UTF-8|css - Google Search|1|0|13192169082110963|0|0
81|https://www.w3schools.com/css/|CSS Tutorial|1|0|13192169084779845|0|0
82|https://www.google.com/search?q=import+font+css&oq=import+font+css&aqs=chrome.0.0l6.3320j0j7&sourceid=chrome&ie=UTF-8|import font css - Google Search|1|0|13192169097461004|0|0
83|https://stackoverflow.com/questions/14676613/how-to-import-google-web-font-in-css-file|css3 - How to import Google Web Font in CSS file? - Stack Overflow|2|0|13192245897404793|0|0
84|https://www.google.com/search?q=google+fonts&oq=google+fonts&aqs=chrome..69i57j0l5.2175j0j7&sourceid=chrome&ie=UTF-8|google fonts - Google Search|1|0|13192169107964050|0|0
85|https://fonts.google.com/|Google Fonts|4|0|13192169130206608|0|0
86|https://fonts.google.com/?query=c||4|0|13192169127693870|0|0
87|https://fonts.google.com/?query=co||2|0|13192169120112266|0|0
88|https://fonts.google.com/?query=cod||4|0|13192169127264730|0|0
89|https://fonts.google.com/?query=code||2|0|13192169120712613|0|0
90|https://fonts.google.com/?query=p||2|0|13192169128501997|0|0
91|https://fonts.google.com/?query=pi||4|0|13192169130004883|0|0
92|https://fonts.google.com/?query=pix||2|0|13192169129706149|0|0
93|https://fonts.google.com/?query=pixe||2|0|13192169129531324|0|0
94|https://fonts.google.com/?query=pixel||1|0|13192169128982250|0|0
95|https://fonts.google.com/?query=i||4|0|13192169133726276|0|0
96|https://fonts.google.com/?query=it||2|0|13192169132612474|0|0
97|https://fonts.google.com/?query=t||2|0|13192169135736986|0|0
98|https://fonts.google.com/?query=te||2|0|13192169136013308|0|0
99|https://fonts.google.com/?query=tec||4|0|13192169136824018|0|0
100|https://fonts.google.com/?query=tech||2|0|13192169136252809|0|0
101|https://fonts.google.com/?query=tec&selection.family=Share+Tech+Mono||2|0|13192245898011348|0|0
102|https://www.w3schools.com/css/css_font.asp|CSS Fonts|2|0|13192169783067297|0|0
103|https://www.w3schools.com/css/css_colors.asp|CSS Colors|1|0|13192169591423487|0|0
104|https://www.google.com/search?q=how+to+change+font+color+in+css&oq=how+to+change+font+color+in+css&aqs=chrome..69i57j0l5.5401j0j4&sourceid=chrome&ie=UTF-8|how to change font color in css - Google Search|2|0|13192169820766234|0|0
105|https://www.lifewire.com/change-font-color-with-css-3466754|How to Change Website Font Colors With CSS|1|0|13192169804225089|0|0
106|https://www.w3schools.com/tags/att_font_color.asp|HTML font color Attribute|1|0|13192169822938565|0|0
107|https://www.google.com/search?q=borders+css&oq=borders+css&aqs=chrome.0.0l6.1759j0j4&sourceid=chrome&ie=UTF-8|borders css - Google Search|1|0|13192170689515187|0|0
108|https://www.w3schools.com/css/css_border.asp|CSS Borders|1|0|13192245897192054|0|0
109|https://www.google.com/search?q=gandalf+gid&oq=gandalf+gid&aqs=chrome..69i57j0l5.9114j0j7&sourceid=chrome&ie=UTF-8|gandalf gid - Google Search|1|0|13192170822651649|0|0
110|https://www.google.com/search?q=gandalf+gif&safe=strict&source=lnms&tbm=isch&sa=X&ved=0ahUKEwixq6u59fPfAhUTf30KHXbaBzAQ_AUIDigB&biw=1920&bih=942|gandalf gif - Google Search|2|0|13192170829068463|0|0
111|https://www.google.com/search?q=gandalf+gif&safe=strict&source=lnms&tbm=isch&sa=X&ved=0ahUKEwixq6u59fPfAhUTf30KHXbaBzAQ_AUIDigB&biw=1920&bih=942#imgrc=vHzQ69RHCvCzIM:||1|0|13192170829075031|0|0
112|https://www.google.com/search?q=gandalf+gif&safe=strict&source=lnms&tbm=isch&sa=X&ved=0ahUKEwixq6u59fPfAhUTf30KHXbaBzAQ_AUIDigB&biw=1920&bih=942#imgrc=8f7-Vz6U__3PwM:||1|0|13192170833917604|0|0
113|https://www.google.com/search?q=gandalf+gif&safe=strict&source=lnms&tbm=isch&sa=X&ved=0ahUKEwixq6u59fPfAhUTf30KHXbaBzAQ_AUIDigB&biw=1920&bih=942#imgrc=ZOi0Rgwy2dMETM:||1|0|13192170835912867|0|0
114|https://www.google.com/search?safe=strict&biw=1920&bih=942&tbm=isch&sa=1&ei=S_w_XPa6DYKkyAOT3K2QDw&q=gandalf+nodding+gif&oq=gandalf+nodding+gif&gs_l=img.3..35i39j0i8i30.11202.13297..13443...0.0..0.226.2200.0j11j3......1....1..gws-wiz-img.......0i67j0j0i24j0i30.U_XzSAPt01I|gandalf nodding gif - Google Search|2|0|13192170845255556|0|0
115|https://www.google.com/search?safe=strict&biw=1920&bih=942&tbm=isch&sa=1&ei=S_w_XPa6DYKkyAOT3K2QDw&q=gandalf+nodding+gif&oq=gandalf+nodding+gif&gs_l=img.3..35i39j0i8i30.11202.13297..13443...0.0..0.226.2200.0j11j3......1....1..gws-wiz-img.......0i67j0j0i24j0i30.U_XzSAPt01I#imgrc=S5E5O9hhcWraoM:||2|0|13192245897543468|0|0
116|https://www.google.com/search?safe=strict&biw=1920&bih=942&tbm=isch&sa=1&ei=S_w_XPa6DYKkyAOT3K2QDw&q=gandalf+nodding+gif&oq=gandalf+nodding+gif&gs_l=img.3..35i39j0i8i30.11202.13297..13443...0.0..0.226.2200.0j11j3......1....1..gws-wiz-img.......0i67j0j0i24j0i30.U_XzSAPt01I#imgrc=8f7-Vz6U__3PwM:||1|0|13192170845909791|0|0
117|https://www.google.com/search?safe=strict&biw=1920&bih=942&tbm=isch&sa=1&ei=S_w_XPa6DYKkyAOT3K2QDw&q=gandalf+nodding+gif&oq=gandalf+nodding+gif&gs_l=img.3..35i39j0i8i30.11202.13297..13443...0.0..0.226.2200.0j11j3......1....1..gws-wiz-img.......0i67j0j0i24j0i30.U_XzSAPt01I#imgrc=_||1|0|13192170846585301|0|0
118|https://www.google.com/search?q=hacker+background+png&oq=hacker+background+png&aqs=chrome..69i57j0l5.3334j0j7&sourceid=chrome&ie=UTF-8|hacker background png - Google Search|1|0|13192171215676601|0|0
119|https://www.google.com/search?q=hacker+background+png&safe=strict&source=lnms&tbm=isch&sa=X&ved=0ahUKEwi6x9709vPfAhXREHIKHf0eAUEQ_AUIDigB&biw=1920&bih=942|hacker background png - Google Search|2|0|13192171219596943|0|0
120|https://www.google.com/search?q=hacker+background+png&safe=strict&source=lnms&tbm=isch&sa=X&ved=0ahUKEwi6x9709vPfAhXREHIKHf0eAUEQ_AUIDigB&biw=1920&bih=942#imgrc=QzCfKuTUQX14sM:||1|0|13192171219601904|0|0
121|https://www.google.com/search?safe=strict&biw=1920&bih=942&tbm=isch&sa=1&ei=0v0_XIaDCdCy9QPZiIuoBQ&q=hacker+background+gif&oq=hacker+background+gif&gs_l=img.3..0.4477.4834..4873...0.0..0.127.246.0j2......1....1..gws-wiz-img.......0i8i30.OY__AFJ0oRg|hacker background gif - Google Search|2|0|13192171225517165|0|0
122|https://www.google.com/search?safe=strict&biw=1920&bih=942&tbm=isch&sa=1&ei=0v0_XIaDCdCy9QPZiIuoBQ&q=hacker+background+gif&oq=hacker+background+gif&gs_l=img.3..0.4477.4834..4873...0.0..0.127.246.0j2......1....1..gws-wiz-img.......0i8i30.OY__AFJ0oRg#imgrc=CEULoB359FPrTM:||1|0|13192171225522262|0|0
123|https://www.google.com/url?sa=i&source=images&cd=&ved=2ahUKEwizvMX59vPfAhXCbSsKHR2PBNYQjRx6BAgBEAU&url=https%3A%2F%2Fgiphy.com%2Fgifs%2Fhack-9WC8WTZsFxkRi&psig=AOvVaw3ihL7fjVuArmPWQ08zR1Rr&ust=1547784024176223|Hack Hacking GIF - Find & Share on GIPHY|1|0|13192171228992367|0|0
124|https://giphy.com/gifs/hack-9WC8WTZsFxkRi|Hack Hacking GIF - Find & Share on GIPHY|2|0|13192171229491783|0|0
125|https://www.google.com/search?q=background+image+css&oq=background+image+css&aqs=chrome.0.0l6.10450j0j4&sourceid=chrome&ie=UTF-8|background image css - Google Search|2|0|13192171550317514|0|0
126|https://www.w3schools.com/cssref/pr_background-image.asp|CSS background-image property|1|0|13192171265199615|0|0
127|https://www.ostraining.com/blog/coding/css-background-image/|How to Use Images as Backgrounds with CSS|1|0|13192171556794374|0|0
128|https://www.google.com/search?q=nyess+gif&oq=nyess+gif&aqs=chrome..69i57j0l5.1048j0j4&sourceid=chrome&ie=UTF-8|nyess gif - Google Search|1|0|13192171876917711|0|0
129|https://www.google.com/search?safe=strict&ei=ZABAXL7CLIWv9QOu876wCQ&q=filthy+frank+gif&oq=filthy+frank+gif&gs_l=psy-ab.3..0i67j0l9.4634.6318..6402...0.0..0.155.1895.0j14......0....1..gws-wiz.......35i39j0i131i67j0i131.1H-Y4v_YYxY|filthy frank gif - Google Search|1|0|13192171884046256|0|0
130|https://www.google.com/search?q=filthy+frank+gif&safe=strict&hl=en-AU&authuser=0&source=lnms&tbm=isch&sa=X&sqi=2&ved=0ahUKEwjS0Iyz-fPfAhVHyhoKHcqMA6gQ_AUIDigB&biw=1920&bih=893|filthy frank gif - Google Search|2|0|13192171893382724|0|0
131|https://www.google.com/search?q=filthy+frank+gif&safe=strict&hl=en-AU&authuser=0&source=lnms&tbm=isch&sa=X&sqi=2&ved=0ahUKEwjS0Iyz-fPfAhVHyhoKHcqMA6gQ_AUIDigB&biw=1920&bih=893#imgrc=1qoxo8rVz1zjgM:||1|0|13192171893386051|0|0
132|https://www.google.com/url?sa=i&source=images&cd=&ved=0ahUKEwi3kcm0-fPfAhUNVysKHSDCAXsQMwg6KAAwAA&url=https%3A%2F%2Fgiphy.com%2Fgifs%2Freaction-gif-filthy-frank-5CM4TMdHX5ENq&psig=AOvVaw3fLHFVNAvsL_ukbDD3bLX5&ust=1547784686567152&ictx=3&uact=3|Filthy Frank Reaction S GIF - Find & Share on GIPHY|1|0|13192171900752723|0|0
133|https://giphy.com/gifs/reaction-gif-filthy-frank-5CM4TMdHX5ENq|Filthy Frank Reaction S GIF - Find & Share on GIPHY|4|0|13192245898650144|0|0
134|https://www.google.com/search?q=filthy+frank+gif&safe=strict&hl=en-AU&authuser=0&source=lnms&tbm=isch&sa=X&sqi=2&ved=0ahUKEwjS0Iyz-fPfAhVHyhoKHcqMA6gQ_AUIDigB&biw=1920&bih=893#imgrc=VMMIjGTMJpUfFM:||1|0|13192245895079278|0|0
135|https://www.google.com/search?safe=strict&biw=1920&bih=893&tbm=isch&sa=1&ei=1_0_XMegN9jgrQHY6Z2IDQ&q=hacker+background+gfilthy+frank+gif&oq=hacker+background+gfilthy+frank+gif&gs_l=img.3...721152.723591..723679...0.0..2.400.4598.0j2j11j4j1......1....1..gws-wiz-img.......35i39j0i8i30.s4HV68HtzeQ|hacker background gfilthy frank gif - Google Search|1|0|13192171948708300|0|0
136|https://www.google.com/search?safe=strict&biw=1920&bih=893&tbm=isch&sa=1&ei=rABAXKvhHtDW-Qaxu7KoDA&q=filthy+frank+gif&oq=filt&gs_l=img.3.0.35i39j0i67l3j0j0i67j0j0i67j0l2.9644.10265..11188...0.0..0.325.1053.2-3j1......1....1..gws-wiz-img.-_d8J7x25QY|filthy frank gif - Google Search|2|0|13192171965768323|0|0
137|https://www.google.com/search?safe=strict&biw=1920&bih=893&tbm=isch&sa=1&ei=rABAXKvhHtDW-Qaxu7KoDA&q=filthy+frank+gif&oq=filt&gs_l=img.3.0.35i39j0i67l3j0j0i67j0j0i67j0l2.9644.10265..11188...0.0..0.325.1053.2-3j1......1....1..gws-wiz-img.-_d8J7x25QY#imgrc=fqkUp6HlYCSqzM:||1|0|13192245897615111|0|0
138|https://thumbs.gfycat.com/UnluckyLavishChihuahua-max-1mb.gif|UnluckyLavishChihuahua-max-1mb.gif (444×250)|1|0|13192245898038325|0|0
139|https://docs.google.com/presentation/d/1ykIUm1xAKMforvTPeqvXMdC4DZlnWOg604ekaybhiOs|SecTalk | HTTP(S) Security - Google Slides|2|0|13192242191339930|0|0
140|https://docs.google.com/presentation/d/1ykIUm1xAKMforvTPeqvXMdC4DZlnWOg604ekaybhiOs/|SecTalk | HTTP(S) Security - Google Slides|2|0|13192242191339930|0|0
141|https://docs.google.com/presentation/d/1ykIUm1xAKMforvTPeqvXMdC4DZlnWOg604ekaybhiOs/edit|SecTalk | HTTP(S) Security - Google Slides|5|0|13192245338173530|0|0
142|https://docs.google.com/presentation/d/1ykIUm1xAKMforvTPeqvXMdC4DZlnWOg604ekaybhiOs/edit#slide=id.p3||4|0|13192245902705681|0|0
143|https://docs.google.com/presentation/d/1ykIUm1xAKMforvTPeqvXMdC4DZlnWOg604ekaybhiOs/edit#slide=id.g4978d0c231_0_4||2|0|13192242006497258|0|0
144|https://docs.google.com/presentation/d/1ykIUm1xAKMforvTPeqvXMdC4DZlnWOg604ekaybhiOs/edit#slide=id.g487950190f_0_59||2|0|13192242006170024|0|0
145|https://docs.google.com/presentation/d/1ykIUm1xAKMforvTPeqvXMdC4DZlnWOg604ekaybhiOs/edit#slide=id.g487950190f_0_11||2|0|13192242005883427|0|0
146|https://docs.google.com/presentation/d/1ykIUm1xAKMforvTPeqvXMdC4DZlnWOg604ekaybhiOs/edit#slide=id.g487950190f_0_38||2|0|13192242005562812|0|0
147|https://docs.google.com/presentation/d/1ykIUm1xAKMforvTPeqvXMdC4DZlnWOg604ekaybhiOs/edit#slide=id.g487950190f_0_50||3|0|13192242004993103|0|0
148|https://docs.google.com/presentation/d/1ykIUm1xAKMforvTPeqvXMdC4DZlnWOg604ekaybhiOs/edit#slide=id.g487950190f_0_69||6|0|13192245904328200|0|0
149|https://docs.google.com/presentation/d/1ykIUm1xAKMforvTPeqvXMdC4DZlnWOg604ekaybhiOs/edit#slide=id.g4be45cc0c3_1_2||2|0|13192242004477958|0|0
150|https://docs.google.com/presentation/d/1ykIUm1xAKMforvTPeqvXMdC4DZlnWOg604ekaybhiOs/edit#slide=id.g4be45cc0c3_1_10||2|0|13192242004208890|0|0
151|https://docs.google.com/presentation/d/1ykIUm1xAKMforvTPeqvXMdC4DZlnWOg604ekaybhiOs/edit#slide=id.g4978d0c231_0_16||2|0|13192242003940750|0|0
152|https://docs.google.com/presentation/d/1ykIUm1xAKMforvTPeqvXMdC4DZlnWOg604ekaybhiOs/edit#slide=id.g4978d0c231_0_25||2|0|13192242003279592|0|0
153|https://docs.google.com/presentation/d/1ykIUm1xAKMforvTPeqvXMdC4DZlnWOg604ekaybhiOs/edit#slide=id.g487950190f_0_78||3|0|13192242003040570|0|0
154|https://docs.google.com/presentation/d/1ykIUm1xAKMforvTPeqvXMdC4DZlnWOg604ekaybhiOs/edit#slide=id.g4be45cc0c3_1_16||6|0|13192242002821016|0|0
155|https://docs.google.com/presentation/d/1ykIUm1xAKMforvTPeqvXMdC4DZlnWOg604ekaybhiOs/edit#slide=id.g497f722781_0_5||31|0|13192242002459668|0|0
156|https://docs.google.com/presentation/d/1ykIUm1xAKMforvTPeqvXMdC4DZlnWOg604ekaybhiOs/edit#slide=id.g4978d0c231_0_31||33|0|13192242002275848|0|0
157|https://docs.google.com/presentation/d/1ykIUm1xAKMforvTPeqvXMdC4DZlnWOg604ekaybhiOs/edit#slide=id.g497f722781_0_10||6|0|13192242001766029|0|0
158|https://docs.google.com/presentation/d/1kyRsC1-PMJu4UndE6psUHJHuTHX7W6cuYRod1jq3QJY|CSE CompClub 2019 Summer - Security Day - Google Slides|2|0|13192243161246577|0|0
159|https://docs.google.com/presentation/d/1kyRsC1-PMJu4UndE6psUHJHuTHX7W6cuYRod1jq3QJY/|CSE CompClub 2019 Summer - Security Day - Google Slides|2|0|13192243161246577|0|0
160|https://docs.google.com/presentation/d/1kyRsC1-PMJu4UndE6psUHJHuTHX7W6cuYRod1jq3QJY/edit|CSE CompClub 2019 Summer - Security Day - Google Slides|5|0|13192245337356602|0|0
161|https://docs.google.com/presentation/d/1kyRsC1-PMJu4UndE6psUHJHuTHX7W6cuYRod1jq3QJY/edit#slide=id.p2||1|0|13192242018765543|0|0
162|https://docs.google.com/presentation/d/1kyRsC1-PMJu4UndE6psUHJHuTHX7W6cuYRod1jq3QJY/edit#slide=id.g4bf28a5cd4_0_6||1|0|13192242019820070|0|0
163|https://docs.google.com/presentation/d/1kyRsC1-PMJu4UndE6psUHJHuTHX7W6cuYRod1jq3QJY/edit#slide=id.g3d022b32ae_0_0||2|0|13192242021685369|0|0
164|https://docs.google.com/presentation/d/1kyRsC1-PMJu4UndE6psUHJHuTHX7W6cuYRod1jq3QJY/edit#slide=id.g3d022b32ae_0_5||4|0|13192242080372966|0|0
165|https://docs.google.com/presentation/d/1kyRsC1-PMJu4UndE6psUHJHuTHX7W6cuYRod1jq3QJY/edit#slide=id.g4c07aed684_0_2||3|0|13192242081186042|0|0
166|https://docs.google.com/presentation/d/1kyRsC1-PMJu4UndE6psUHJHuTHX7W6cuYRod1jq3QJY/edit#slide=id.p3||3|0|13192242081404726|0|0
167|https://docs.google.com/presentation/d/1kyRsC1-PMJu4UndE6psUHJHuTHX7W6cuYRod1jq3QJY/edit#slide=id.g4891b805bc_0_5||5|0|13192242082003056|0|0
168|https://docs.google.com/presentation/d/1kyRsC1-PMJu4UndE6psUHJHuTHX7W6cuYRod1jq3QJY/edit#slide=id.g4be45cc0c3_1_44||5|0|13192242082314351|0|0
169|https://docs.google.com/presentation/d/1kyRsC1-PMJu4UndE6psUHJHuTHX7W6cuYRod1jq3QJY/edit#slide=id.g4be45cc0c3_0_1||2|0|13192242082535359|0|0
170|https://docs.google.com/presentation/d/1kyRsC1-PMJu4UndE6psUHJHuTHX7W6cuYRod1jq3QJY/edit#slide=id.g4be45cc0c3_1_35||1|0|13192242082871665|0|0
171|https://docs.google.com/presentation/d/1kyRsC1-PMJu4UndE6psUHJHuTHX7W6cuYRod1jq3QJY/edit#slide=id.g4c07aed684_0_7||1|0|13192242083151513|0|0
172|https://docs.google.com/presentation/d/1kyRsC1-PMJu4UndE6psUHJHuTHX7W6cuYRod1jq3QJY/edit#slide=id.g4be45cc0c3_1_52||1|0|13192242083326184|0|0
173|https://docs.google.com/presentation/d/1kyRsC1-PMJu4UndE6psUHJHuTHX7W6cuYRod1jq3QJY/edit#slide=id.g542d65370a8faa59_11||1|0|13192242083624466|0|0
174|https://docs.google.com/presentation/d/1kyRsC1-PMJu4UndE6psUHJHuTHX7W6cuYRod1jq3QJY/edit#slide=id.g4be45cc0c3_1_59||1|0|13192242083926235|0|0
175|https://docs.google.com/presentation/d/1kyRsC1-PMJu4UndE6psUHJHuTHX7W6cuYRod1jq3QJY/edit#slide=id.g4be45cc0c3_1_68||1|0|13192242084133520|0|0
176|https://docs.google.com/presentation/d/1kyRsC1-PMJu4UndE6psUHJHuTHX7W6cuYRod1jq3QJY/edit#slide=id.g4be45cc0c3_1_85||1|0|13192242084377609|0|0
177|https://docs.google.com/presentation/d/1kyRsC1-PMJu4UndE6psUHJHuTHX7W6cuYRod1jq3QJY/edit#slide=id.g4c21576342_0_4||1|0|13192242084624870|0|0
178|https://docs.google.com/presentation/d/1kyRsC1-PMJu4UndE6psUHJHuTHX7W6cuYRod1jq3QJY/edit#slide=id.g4c0372a315_0_123||1|0|13192242084989781|0|0
179|https://docs.google.com/presentation/d/1kyRsC1-PMJu4UndE6psUHJHuTHX7W6cuYRod1jq3QJY/edit#slide=id.g542d65370a8faa59_3||1|0|13192242085212999|0|0
180|https://docs.google.com/presentation/d/1kyRsC1-PMJu4UndE6psUHJHuTHX7W6cuYRod1jq3QJY/edit#slide=id.g4c21576342_0_10||1|0|13192242085523098|0|0
181|https://docs.google.com/presentation/d/1kyRsC1-PMJu4UndE6psUHJHuTHX7W6cuYRod1jq3QJY/edit#slide=id.g4c0372a315_0_100||1|0|13192242085814203|0|0
182|https://docs.google.com/presentation/d/1kyRsC1-PMJu4UndE6psUHJHuTHX7W6cuYRod1jq3QJY/edit#slide=id.g4c0372a315_0_109||1|0|13192242086087031|0|0
183|https://docs.google.com/presentation/d/1kyRsC1-PMJu4UndE6psUHJHuTHX7W6cuYRod1jq3QJY/edit#slide=id.g4c0372a315_0_114||2|0|13192242660789213|0|0
184|https://docs.google.com/presentation/d/1kyRsC1-PMJu4UndE6psUHJHuTHX7W6cuYRod1jq3QJY/edit#slide=id.g4c0372a315_0_127||1|0|13192242086581143|0|0
185|https://docs.google.com/presentation/d/1kyRsC1-PMJu4UndE6psUHJHuTHX7W6cuYRod1jq3QJY/edit#slide=id.g445c8f4c5882998c_2||2|0|13192242180415130|0|0
186|https://docs.google.com/presentation/d/1kyRsC1-PMJu4UndE6psUHJHuTHX7W6cuYRod1jq3QJY/edit#slide=id.g4d8f0f26c2_0_0||4|0|13192242669417685|0|0
187|https://docs.google.com/presentation/d/1kyRsC1-PMJu4UndE6psUHJHuTHX7W6cuYRod1jq3QJY/edit#slide=id.g4d923ccbc0_0_92||2|0|13192242669813728|0|0
188|https://docs.google.com/presentation/d/1kyRsC1-PMJu4UndE6psUHJHuTHX7W6cuYRod1jq3QJY/edit#slide=id.g4d923ccbc0_0_106||2|0|13192242178008307|0|0
189|https://docs.google.com/presentation/d/1kyRsC1-PMJu4UndE6psUHJHuTHX7W6cuYRod1jq3QJY/edit#slide=id.g4d923ccbc0_0_115||3|0|13192242670208703|0|0
190|https://docs.google.com/presentation/d/1kyRsC1-PMJu4UndE6psUHJHuTHX7W6cuYRod1jq3QJY/edit#slide=id.g4d8f0f26c2_0_17||1|0|13192242087745815|0|0
191|https://docs.google.com/presentation/d/1kyRsC1-PMJu4UndE6psUHJHuTHX7W6cuYRod1jq3QJY/edit#slide=id.g4c21576342_0_85||2|0|13192243228504115|0|0
192|https://docs.google.com/presentation/d/1kyRsC1-PMJu4UndE6psUHJHuTHX7W6cuYRod1jq3QJY/edit#slide=id.g4c21576342_0_61||2|0|13192243219933552|0|0
193|https://docs.google.com/presentation/d/1kyRsC1-PMJu4UndE6psUHJHuTHX7W6cuYRod1jq3QJY/edit#slide=id.g445c8f4c5882998c_36||3|0|13192243220815700|0|0
194|https://summer2019.compclub.com.au/day5/code|CompClub 2019 Summer Workshops|3|0|13192243165232245|0|0
195|https://repl.it/@featherbear/LesserSignifiedBeings|Repl.it - LesserSignifiedBeings|13|0|13192245896359413|0|0
196|https://repl.it/@NickLastname/LesserSignifiedBeings|Repl.it - LesserSignifiedBeings|7|0|13192245896375090|0|0
197|https://docs.google.com/presentation/d/1kyRsC1-PMJu4UndE6psUHJHuTHX7W6cuYRod1jq3QJY/edit#slide=id.g445c8f4c5882998c_53||5|0|13192243232883788|0|0
198|https://docs.google.com/presentation/d/1kyRsC1-PMJu4UndE6psUHJHuTHX7W6cuYRod1jq3QJY/edit#slide=id.g4c07aed684_0_70||6|0|13192244333349017|0|0
199|https://docs.google.com/presentation/d/1kyRsC1-PMJu4UndE6psUHJHuTHX7W6cuYRod1jq3QJY/edit#slide=id.g4d61f71165_0_10||5|0|13192244334119909|0|0
200|https://repl.it/@NickLastname/LesserSignifiedBeings-1|Repl.it - LesserSignifiedBeings-1|4|0|13192245903914061|0|0
201|https://docs.google.com/presentation/d/1kyRsC1-PMJu4UndE6psUHJHuTHX7W6cuYRod1jq3QJY/edit#slide=id.g558a456a7dbd0e14_3||1|0|13192243221774396|0|0
202|https://docs.google.com/presentation/d/1kyRsC1-PMJu4UndE6psUHJHuTHX7W6cuYRod1jq3QJY/edit#slide=id.g4d61f71165_0_50||6|0|13192244334633222|0|0
203|https://docs.google.com/presentation/d/1kyRsC1-PMJu4UndE6psUHJHuTHX7W6cuYRod1jq3QJY/edit#slide=id.g4d61f71165_0_70||7|0|13192244335688402|0|0
204|https://docs.google.com/presentation/d/1kyRsC1-PMJu4UndE6psUHJHuTHX7W6cuYRod1jq3QJY/edit#slide=id.g4d61f71165_0_80||3|0|13192244336751069|0|0
205|https://docs.google.com/presentation/d/1kyRsC1-PMJu4UndE6psUHJHuTHX7W6cuYRod1jq3QJY/edit#slide=id.g4d61f71165_0_90||3|0|13192244340221229|0|0
206|https://docs.google.com/presentation/d/1kyRsC1-PMJu4UndE6psUHJHuTHX7W6cuYRod1jq3QJY/edit#slide=id.g4d61f71165_0_116||4|0|13192245891479688|0|0
207|https://docs.google.com/presentation/d/1kyRsC1-PMJu4UndE6psUHJHuTHX7W6cuYRod1jq3QJY/edit#slide=id.p1||2|0|13192245899722100|0|0
208|https://www.google.com/search?q=deeeep.io&oq=deeep&aqs=chrome.1.69i57j0l5.4771j0j7&sourceid=chrome&ie=UTF-8|deeeep.io - Google Search|1|0|13192257569462832|0|0
209|http://deeeep.io/|Deeeep.io - Eat Fish, Become the Shark!|2|0|13192257917159368|0|0
210|http://deeeep.io/new|Deeeep.io - Eat fish, become the shark!|2|0|13192257917732856|0|0
211|http://deeeep.io/new/|Deeeep.io - Eat fish, become the shark!|2|0|13192258263778466|0|0
212|https://www.google.com/search?q=deeeep.io&oq=dee&aqs=chrome.0.69i59j69i57j69i60j35i39j0l2.6823j0j7&sourceid=chrome&ie=UTF-8|deeeep.io - Google Search|1|0|13192257915279074|0|0
