2019-01-07 03:57:32|https://www.mozilla.org/privacy/firefox/
2019-01-07 03:57:32|https://www.mozilla.org/en-US/privacy/firefox/
2019-01-07 03:58:09|http://aframe.io/
2019-01-07 03:58:11|https://aframe.io/
2019-01-07 03:58:33|https://aframe.io/examples/showcase/helloworld/
2019-01-07 04:01:08|https://glitch.com/~aframe
2019-01-07 04:01:33|https://glitch.com/edit/#!/remix/aframe
2019-01-07 04:01:35|https://glitch.com/edit/#!/
2019-01-07 04:01:35|https://glitch.com/edit/#!/rowan-marsupial
2019-01-07 04:04:46|https://glitch.com/edit/#!/rowan-marsupial?path=index.html:11:66
2019-01-07 04:04:47|https://rowan-marsupial.glitch.me/
2019-01-07 04:13:02|https://rowan-marsupial.glitch.me/
2019-01-07 04:13:45|https://glitch.com/edit/#!/rowan-marsupial?path=index.html:11:6
2019-01-07 04:14:02|https://rowan-marsupial.glitch.me/
2019-01-07 04:14:04|https://rowan-marsupial.glitch.me/
2019-01-07 04:14:05|https://rowan-marsupial.glitch.me/
2019-01-07 04:14:06|https://rowan-marsupial.glitch.me/
2019-01-07 04:14:09|https://rowan-marsupial.glitch.me/
2019-01-07 04:14:10|https://rowan-marsupial.glitch.me/
2019-01-07 04:14:18|https://rowan-marsupial.glitch.me/
2019-01-07 04:14:20|https://rowan-marsupial.glitch.me/
2019-01-07 04:14:24|https://rowan-marsupial.glitch.me/
2019-01-07 04:14:26|https://rowan-marsupial.glitch.me/
2019-01-07 04:14:27|https://rowan-marsupial.glitch.me/
2019-01-07 04:14:31|https://rowan-marsupial.glitch.me/
2019-01-07 04:14:32|https://rowan-marsupial.glitch.me/
2019-01-07 04:14:34|https://rowan-marsupial.glitch.me/
2019-01-07 04:14:36|https://rowan-marsupial.glitch.me/
2019-01-07 04:14:38|https://rowan-marsupial.glitch.me/
2019-01-07 04:14:41|https://rowan-marsupial.glitch.me/
2019-01-07 04:14:44|https://rowan-marsupial.glitch.me/
2019-01-07 04:14:45|https://rowan-marsupial.glitch.me/
2019-01-07 04:14:46|https://rowan-marsupial.glitch.me/
2019-01-07 04:14:48|https://rowan-marsupial.glitch.me/
2019-01-07 04:14:54|https://rowan-marsupial.glitch.me/
2019-01-07 04:14:54|https://rowan-marsupial.glitch.me/
2019-01-07 04:14:57|https://rowan-marsupial.glitch.me/
2019-01-07 04:14:59|https://rowan-marsupial.glitch.me/
2019-01-07 04:15:01|https://rowan-marsupial.glitch.me/
2019-01-07 04:15:02|https://rowan-marsupial.glitch.me/
2019-01-07 04:15:05|https://rowan-marsupial.glitch.me/
2019-01-07 04:15:06|https://rowan-marsupial.glitch.me/
2019-01-07 04:15:07|https://rowan-marsupial.glitch.me/
2019-01-07 04:15:08|https://rowan-marsupial.glitch.me/
2019-01-07 04:15:17|https://rowan-marsupial.glitch.me/
2019-01-07 04:15:19|https://rowan-marsupial.glitch.me/
2019-01-07 04:15:21|https://rowan-marsupial.glitch.me/
2019-01-07 04:15:23|https://rowan-marsupial.glitch.me/
2019-01-07 04:15:24|https://rowan-marsupial.glitch.me/
2019-01-07 04:15:25|https://rowan-marsupial.glitch.me/
2019-01-07 04:15:25|https://rowan-marsupial.glitch.me/
2019-01-07 04:15:28|https://rowan-marsupial.glitch.me/
2019-01-07 04:15:29|https://rowan-marsupial.glitch.me/
2019-01-07 04:15:30|https://rowan-marsupial.glitch.me/
2019-01-07 04:15:31|https://rowan-marsupial.glitch.me/
2019-01-07 04:15:33|https://rowan-marsupial.glitch.me/
2019-01-07 04:15:34|https://rowan-marsupial.glitch.me/
2019-01-07 04:15:36|https://rowan-marsupial.glitch.me/
2019-01-07 04:15:37|https://rowan-marsupial.glitch.me/
2019-01-07 04:15:39|https://rowan-marsupial.glitch.me/
2019-01-07 04:15:43|https://rowan-marsupial.glitch.me/
2019-01-07 04:15:44|https://rowan-marsupial.glitch.me/
2019-01-07 04:15:45|https://rowan-marsupial.glitch.me/
2019-01-07 04:15:50|https://rowan-marsupial.glitch.me/
2019-01-07 04:15:51|https://rowan-marsupial.glitch.me/
2019-01-07 04:15:52|https://rowan-marsupial.glitch.me/
2019-01-07 04:15:53|https://rowan-marsupial.glitch.me/
2019-01-07 04:15:56|https://rowan-marsupial.glitch.me/
2019-01-07 04:15:56|https://rowan-marsupial.glitch.me/
2019-01-07 04:15:57|https://rowan-marsupial.glitch.me/
2019-01-07 04:15:58|https://rowan-marsupial.glitch.me/
2019-01-07 04:15:59|https://rowan-marsupial.glitch.me/
2019-01-07 04:16:00|https://rowan-marsupial.glitch.me/
2019-01-07 04:16:02|https://rowan-marsupial.glitch.me/
2019-01-07 04:16:03|https://rowan-marsupial.glitch.me/
2019-01-07 04:16:04|https://rowan-marsupial.glitch.me/
2019-01-07 04:16:05|https://rowan-marsupial.glitch.me/
2019-01-07 04:16:08|https://rowan-marsupial.glitch.me/
2019-01-07 04:16:11|https://rowan-marsupial.glitch.me/
2019-01-07 04:16:12|https://rowan-marsupial.glitch.me/
2019-01-07 04:16:13|https://rowan-marsupial.glitch.me/
2019-01-07 04:16:14|https://rowan-marsupial.glitch.me/
2019-01-07 04:16:15|https://rowan-marsupial.glitch.me/
2019-01-07 04:16:17|https://rowan-marsupial.glitch.me/
2019-01-07 04:16:17|https://rowan-marsupial.glitch.me/
2019-01-07 04:16:18|https://rowan-marsupial.glitch.me/
2019-01-07 04:16:19|https://rowan-marsupial.glitch.me/
2019-01-07 04:16:20|https://rowan-marsupial.glitch.me/
2019-01-07 04:16:22|https://rowan-marsupial.glitch.me/
2019-01-07 04:16:25|https://rowan-marsupial.glitch.me/
2019-01-07 04:16:26|https://rowan-marsupial.glitch.me/
2019-01-07 04:16:28|https://rowan-marsupial.glitch.me/
2019-01-07 04:16:40|https://rowan-marsupial.glitch.me/
2019-01-07 04:16:40|https://rowan-marsupial.glitch.me/
2019-01-07 04:16:53|https://rowan-marsupial.glitch.me/
2019-01-07 04:16:57|https://glitch.com/edit/#!/rowan-marsupial?path=index.html:18:13
2019-01-07 04:17:04|https://rowan-marsupial.glitch.me/
2019-01-07 04:17:06|https://rowan-marsupial.glitch.me/
2019-01-07 04:17:08|https://rowan-marsupial.glitch.me/
2019-01-07 04:17:24|https://rowan-marsupial.glitch.me/
2019-01-07 04:17:48|https://rowan-marsupial.glitch.me/
2019-01-07 04:17:57|https://rowan-marsupial.glitch.me/
2019-01-07 04:18:00|https://rowan-marsupial.glitch.me/
2019-01-07 04:18:01|https://rowan-marsupial.glitch.me/
2019-01-07 04:18:02|https://rowan-marsupial.glitch.me/
2019-01-07 04:18:04|https://rowan-marsupial.glitch.me/
2019-01-07 04:18:05|https://rowan-marsupial.glitch.me/
2019-01-07 04:18:06|https://rowan-marsupial.glitch.me/
2019-01-07 04:18:06|https://rowan-marsupial.glitch.me/
2019-01-07 04:18:27|https://rowan-marsupial.glitch.me/
2019-01-07 04:18:32|https://rowan-marsupial.glitch.me/
2019-01-07 04:18:43|https://rowan-marsupial.glitch.me/
2019-01-07 04:18:48|https://rowan-marsupial.glitch.me/
2019-01-07 04:18:51|https://rowan-marsupial.glitch.me/
2019-01-07 04:18:52|https://rowan-marsupial.glitch.me/
2019-01-07 04:18:55|https://rowan-marsupial.glitch.me/
2019-01-07 04:19:15|https://rowan-marsupial.glitch.me/
2019-01-07 04:19:19|https://rowan-marsupial.glitch.me/
2019-01-07 04:19:20|https://rowan-marsupial.glitch.me/
2019-01-07 04:19:20|https://rowan-marsupial.glitch.me/
2019-01-07 04:19:23|https://rowan-marsupial.glitch.me/
2019-01-07 04:19:24|https://rowan-marsupial.glitch.me/
2019-01-07 04:19:26|https://rowan-marsupial.glitch.me/
2019-01-07 04:19:29|https://rowan-marsupial.glitch.me/
2019-01-07 04:19:36|https://rowan-marsupial.glitch.me/
2019-01-07 04:19:37|https://rowan-marsupial.glitch.me/
2019-01-07 04:19:40|https://rowan-marsupial.glitch.me/
2019-01-07 04:19:41|https://rowan-marsupial.glitch.me/
2019-01-07 04:19:49|https://rowan-marsupial.glitch.me/
2019-01-07 04:19:53|https://rowan-marsupial.glitch.me/
2019-01-07 04:19:58|https://rowan-marsupial.glitch.me/
2019-01-07 04:20:14|https://rowan-marsupial.glitch.me/
2019-01-07 04:20:15|https://rowan-marsupial.glitch.me/
2019-01-07 04:20:19|https://rowan-marsupial.glitch.me/
2019-01-07 04:20:28|https://rowan-marsupial.glitch.me/
2019-01-07 04:20:36|https://rowan-marsupial.glitch.me/
2019-01-07 04:20:40|https://rowan-marsupial.glitch.me/
2019-01-07 04:20:42|https://glitch.com/edit/#!/rowan-marsupial?path=index.html:18:22
2019-01-07 04:22:18|https://rowan-marsupial.glitch.me/
2019-01-07 04:22:20|https://rowan-marsupial.glitch.me/
2019-01-07 04:22:20|https://rowan-marsupial.glitch.me/
2019-01-07 04:22:24|https://rowan-marsupial.glitch.me/
2019-01-07 04:22:30|https://rowan-marsupial.glitch.me/
2019-01-07 04:23:17|https://rowan-marsupial.glitch.me/
2019-01-07 04:23:18|https://rowan-marsupial.glitch.me/
2019-01-07 04:23:22|https://rowan-marsupial.glitch.me/
2019-01-07 04:23:43|https://rowan-marsupial.glitch.me/
2019-01-07 04:23:44|https://rowan-marsupial.glitch.me/
2019-01-07 04:23:45|https://glitch.com/edit/#!/rowan-marsupial?path=cool-file.js:10:0
2019-01-07 04:23:48|https://rowan-marsupial.glitch.me/
2019-01-07 04:24:24|https://rowan-marsupial.glitch.me/
2019-01-07 04:24:32|https://rowan-marsupial.glitch.me/
2019-01-07 04:24:33|https://rowan-marsupial.glitch.me/
2019-01-07 04:24:42|https://rowan-marsupial.glitch.me/
2019-01-07 04:24:42|https://rowan-marsupial.glitch.me/
2019-01-07 04:24:46|https://rowan-marsupial.glitch.me/
2019-01-07 04:24:49|https://rowan-marsupial.glitch.me/
2019-01-07 04:24:52|https://glitch.com/edit/#!/rowan-marsupial?path=index.html:25:7
2019-01-07 04:28:09|https://aframe.io/examples/showcase/snowglobe/
2019-01-14 23:18:52|http://summer2019.compclub.com.au/
2019-01-14 23:18:52|https://summer2019.compclub.com.au/
2019-01-14 23:18:58|https://summer2019.compclub.com.au/day2
2019-01-14 23:19:12|https://docs.python.org/3/library/turtle.html
2019-01-14 23:21:00|https://docs.python.org/3/library/turtle.html
2019-01-14 23:41:10|https://summer2019.compclub.com.au/day2
2019-01-14 23:41:13|https://docs.google.com/presentation/d/1pPY_lvrvM3fl2SwvAnziN9Ib5owxXOwjiZg_DzcKNiI/edit?usp=sharing
2019-01-14 23:41:14|https://docs.google.com/presentation/d/1pPY_lvrvM3fl2SwvAnziN9Ib5owxXOwjiZg_DzcKNiI/edit
2019-01-14 23:41:15|https://docs.google.com/presentation/d/1pPY_lvrvM3fl2SwvAnziN9Ib5owxXOwjiZg_DzcKNiI/edit#slide=id.g337fd436a2_1_5
2019-01-14 23:41:17|https://docs.google.com/presentation/d/1pPY_lvrvM3fl2SwvAnziN9Ib5owxXOwjiZg_DzcKNiI/edit#slide=id.g4c0ab1ff68_0_7
2019-01-14 23:41:19|https://docs.google.com/presentation/d/1pPY_lvrvM3fl2SwvAnziN9Ib5owxXOwjiZg_DzcKNiI/edit#slide=id.g337fd436a2_1_0
2019-01-14 23:41:20|https://docs.google.com/presentation/d/1pPY_lvrvM3fl2SwvAnziN9Ib5owxXOwjiZg_DzcKNiI/edit#slide=id.g4c0ab1ff68_0_16
2019-01-14 23:41:22|https://docs.google.com/presentation/d/1pPY_lvrvM3fl2SwvAnziN9Ib5owxXOwjiZg_DzcKNiI/edit#slide=id.g4c0ab1ffe2_0_11
2019-01-14 23:41:22|https://docs.google.com/presentation/d/1pPY_lvrvM3fl2SwvAnziN9Ib5owxXOwjiZg_DzcKNiI/edit#slide=id.g4c0ab1ffe2_0_1
2019-01-14 23:46:12|https://docs.google.com/presentation/d/1pPY_lvrvM3fl2SwvAnziN9Ib5owxXOwjiZg_DzcKNiI/edit#slide=id.g4c0ab1ffe2_0_27
2019-01-14 23:46:13|https://docs.google.com/presentation/d/1pPY_lvrvM3fl2SwvAnziN9Ib5owxXOwjiZg_DzcKNiI/edit#slide=id.g4c0ab1ffe2_0_11
2019-01-14 23:46:15|https://docs.google.com/presentation/d/1pPY_lvrvM3fl2SwvAnziN9Ib5owxXOwjiZg_DzcKNiI/edit#slide=id.g4c0ab1ffe2_0_1
2019-01-14 23:46:17|https://docs.google.com/presentation/d/1pPY_lvrvM3fl2SwvAnziN9Ib5owxXOwjiZg_DzcKNiI/edit#slide=id.g4c0ab1ff68_0_25
2019-01-14 23:46:18|https://docs.google.com/presentation/d/1pPY_lvrvM3fl2SwvAnziN9Ib5owxXOwjiZg_DzcKNiI/edit#slide=id.g4c0ab1ff68_0_16
2019-01-14 23:46:20|https://docs.google.com/presentation/d/1pPY_lvrvM3fl2SwvAnziN9Ib5owxXOwjiZg_DzcKNiI/edit#slide=id.g337fd436a2_1_0
2019-01-14 23:46:21|https://docs.google.com/presentation/d/1pPY_lvrvM3fl2SwvAnziN9Ib5owxXOwjiZg_DzcKNiI/edit#slide=id.g4c0ab1ff68_0_16
2019-01-14 23:46:22|https://docs.google.com/presentation/d/1pPY_lvrvM3fl2SwvAnziN9Ib5owxXOwjiZg_DzcKNiI/edit#slide=id.g4c0ab1ff68_0_25
2019-01-14 23:46:23|https://docs.google.com/presentation/d/1pPY_lvrvM3fl2SwvAnziN9Ib5owxXOwjiZg_DzcKNiI/edit#slide=id.g4c0ab1ffe2_0_1
2019-01-14 23:46:47|https://docs.google.com/presentation/d/1pPY_lvrvM3fl2SwvAnziN9Ib5owxXOwjiZg_DzcKNiI/edit#slide=id.g4c0ab1ffe2_0_11
2019-01-14 23:46:48|https://docs.google.com/presentation/d/1pPY_lvrvM3fl2SwvAnziN9Ib5owxXOwjiZg_DzcKNiI/edit#slide=id.g4c0ab1ffe2_0_1
2019-01-15 00:05:41|https://docs.google.com/presentation/d/1pPY_lvrvM3fl2SwvAnziN9Ib5owxXOwjiZg_DzcKNiI/edit#slide=id.g4c0ab1ffe2_0_11
2019-01-15 00:05:43|https://docs.google.com/presentation/d/1pPY_lvrvM3fl2SwvAnziN9Ib5owxXOwjiZg_DzcKNiI/edit#slide=id.g4c0ab1ffe2_0_19
2019-01-15 00:06:04|https://docs.google.com/presentation/d/1pPY_lvrvM3fl2SwvAnziN9Ib5owxXOwjiZg_DzcKNiI/edit#slide=id.g4c0ab1ffe2_0_11
2019-01-15 00:06:06|https://docs.google.com/presentation/d/1pPY_lvrvM3fl2SwvAnziN9Ib5owxXOwjiZg_DzcKNiI/edit#slide=id.g4c0ab1ffe2_0_1
2019-01-15 00:06:08|https://docs.google.com/presentation/d/1pPY_lvrvM3fl2SwvAnziN9Ib5owxXOwjiZg_DzcKNiI/edit#slide=id.g4c0ab1ffe2_0_11
2019-01-15 00:06:10|https://docs.google.com/presentation/d/1pPY_lvrvM3fl2SwvAnziN9Ib5owxXOwjiZg_DzcKNiI/edit#slide=id.g4c0ab1ffe2_0_19
2019-01-15 00:06:10|https://docs.google.com/presentation/d/1pPY_lvrvM3fl2SwvAnziN9Ib5owxXOwjiZg_DzcKNiI/edit#slide=id.g4c0ab1ffe2_0_11
2019-01-15 00:06:11|https://docs.google.com/presentation/d/1pPY_lvrvM3fl2SwvAnziN9Ib5owxXOwjiZg_DzcKNiI/edit#slide=id.g4c0ab1ffe2_0_1
2019-01-15 00:06:12|https://docs.google.com/presentation/d/1pPY_lvrvM3fl2SwvAnziN9Ib5owxXOwjiZg_DzcKNiI/edit#slide=id.g4c0ab1ff68_0_25
2019-01-15 00:06:13|https://docs.google.com/presentation/d/1pPY_lvrvM3fl2SwvAnziN9Ib5owxXOwjiZg_DzcKNiI/edit#slide=id.g4c0ab1ffe2_0_1
2019-01-15 00:06:13|https://docs.google.com/presentation/d/1pPY_lvrvM3fl2SwvAnziN9Ib5owxXOwjiZg_DzcKNiI/edit#slide=id.g4c0ab1ffe2_0_11
2019-01-15 00:06:13|https://docs.google.com/presentation/d/1pPY_lvrvM3fl2SwvAnziN9Ib5owxXOwjiZg_DzcKNiI/edit#slide=id.g4c0ab1ffe2_0_19
2019-01-15 00:06:14|https://docs.google.com/presentation/d/1pPY_lvrvM3fl2SwvAnziN9Ib5owxXOwjiZg_DzcKNiI/edit#slide=id.g4c0ab1ffe2_0_11
2019-01-15 00:06:17|https://docs.google.com/presentation/d/1pPY_lvrvM3fl2SwvAnziN9Ib5owxXOwjiZg_DzcKNiI/edit#slide=id.g4c0ab1ffe2_0_1
2019-01-15 00:06:18|https://docs.google.com/presentation/d/1pPY_lvrvM3fl2SwvAnziN9Ib5owxXOwjiZg_DzcKNiI/edit#slide=id.g4c0ab1ffe2_0_11
2019-01-15 00:06:18|https://docs.google.com/presentation/d/1pPY_lvrvM3fl2SwvAnziN9Ib5owxXOwjiZg_DzcKNiI/edit#slide=id.g4c0ab1ffe2_0_19
2019-01-15 00:10:54|https://docs.google.com/presentation/d/1pPY_lvrvM3fl2SwvAnziN9Ib5owxXOwjiZg_DzcKNiI/edit#slide=id.g4c0ab1ffe2_0_27
2019-01-15 00:20:11|https://docs.google.com/presentation/d/1pPY_lvrvM3fl2SwvAnziN9Ib5owxXOwjiZg_DzcKNiI/edit#slide=id.g4c0ab1ffe2_0_35
2019-01-15 00:27:53|https://docs.google.com/presentation/d/1pPY_lvrvM3fl2SwvAnziN9Ib5owxXOwjiZg_DzcKNiI/edit#slide=id.g4c0ab1ffe2_0_43
2019-01-15 01:06:01|https://docs.google.com/presentation/d/1pPY_lvrvM3fl2SwvAnziN9Ib5owxXOwjiZg_DzcKNiI/edit#slide=id.g4c0ab1ffe2_0_53
2019-01-15 01:08:24|https://docs.google.com/presentation/d/1pPY_lvrvM3fl2SwvAnziN9Ib5owxXOwjiZg_DzcKNiI/edit#slide=id.g4c0ab1ffe2_0_62
2019-01-15 01:27:10|https://docs.google.com/presentation/d/1pPY_lvrvM3fl2SwvAnziN9Ib5owxXOwjiZg_DzcKNiI/edit#slide=id.g4c0ab1ffe2_0_97
2019-01-15 01:27:15|https://docs.google.com/presentation/d/1pPY_lvrvM3fl2SwvAnziN9Ib5owxXOwjiZg_DzcKNiI/edit#slide=id.g4c0ab1ffe2_0_62
2019-01-15 01:27:18|https://docs.google.com/presentation/d/1pPY_lvrvM3fl2SwvAnziN9Ib5owxXOwjiZg_DzcKNiI/edit#slide=id.g4c0ab1ffe2_0_97
2019-01-15 01:27:28|https://docs.google.com/presentation/d/1pPY_lvrvM3fl2SwvAnziN9Ib5owxXOwjiZg_DzcKNiI/edit#slide=id.g4c0ab1ffe2_0_62
2019-01-15 01:27:29|https://docs.google.com/presentation/d/1pPY_lvrvM3fl2SwvAnziN9Ib5owxXOwjiZg_DzcKNiI/edit#slide=id.g4c0ab1ffe2_0_53
2019-01-15 01:27:30|https://docs.google.com/presentation/d/1pPY_lvrvM3fl2SwvAnziN9Ib5owxXOwjiZg_DzcKNiI/edit#slide=id.g4c0ab1ffe2_0_62
2019-01-15 01:27:32|https://docs.google.com/presentation/d/1pPY_lvrvM3fl2SwvAnziN9Ib5owxXOwjiZg_DzcKNiI/edit#slide=id.g4c0ab1ffe2_0_97
2019-01-15 01:27:33|https://docs.google.com/presentation/d/1pPY_lvrvM3fl2SwvAnziN9Ib5owxXOwjiZg_DzcKNiI/edit#slide=id.g4c0ab1ffe2_0_62
2019-01-15 01:28:00|https://docs.google.com/presentation/d/1pPY_lvrvM3fl2SwvAnziN9Ib5owxXOwjiZg_DzcKNiI/edit#slide=id.g4c0ab1ffe2_0_97
2019-01-15 01:31:48|https://docs.google.com/presentation/d/1pPY_lvrvM3fl2SwvAnziN9Ib5owxXOwjiZg_DzcKNiI/edit#slide=id.g4c0ab1ffe2_0_62
2019-01-15 01:33:10|https://docs.google.com/presentation/d/1pPY_lvrvM3fl2SwvAnziN9Ib5owxXOwjiZg_DzcKNiI/edit#slide=id.g4c0ab1ffe2_0_97
2019-01-15 01:35:33|https://docs.google.com/presentation/d/1pPY_lvrvM3fl2SwvAnziN9Ib5owxXOwjiZg_DzcKNiI/edit#slide=id.g4c0ab1ffe2_0_71
2019-01-15 01:35:37|https://docs.google.com/presentation/d/1pPY_lvrvM3fl2SwvAnziN9Ib5owxXOwjiZg_DzcKNiI/edit#slide=id.g4c0ab1ffe2_0_81
2019-01-15 01:35:40|https://docs.google.com/presentation/d/1pPY_lvrvM3fl2SwvAnziN9Ib5owxXOwjiZg_DzcKNiI/edit#slide=id.g4c0ab1ffe2_0_89
2019-01-15 01:35:43|https://docs.google.com/presentation/d/1pPY_lvrvM3fl2SwvAnziN9Ib5owxXOwjiZg_DzcKNiI/edit#slide=id.g4c0ab1ffe2_0_97
2019-01-15 01:35:44|https://docs.google.com/presentation/d/1pPY_lvrvM3fl2SwvAnziN9Ib5owxXOwjiZg_DzcKNiI/edit#slide=id.g4c0ab1ffe2_0_62
2019-01-15 01:35:48|https://docs.google.com/presentation/d/1pPY_lvrvM3fl2SwvAnziN9Ib5owxXOwjiZg_DzcKNiI/edit#slide=id.g4c0ab1ffe2_0_97
2019-01-15 01:38:30|https://docs.google.com/presentation/d/1pPY_lvrvM3fl2SwvAnziN9Ib5owxXOwjiZg_DzcKNiI/edit#slide=id.g4c0ab1ffe2_0_71
2019-01-15 01:42:30|https://docs.google.com/presentation/d/1pPY_lvrvM3fl2SwvAnziN9Ib5owxXOwjiZg_DzcKNiI/edit#slide=id.g4c0ab1ffe2_0_81
2019-01-15 01:42:35|https://docs.google.com/presentation/d/1pPY_lvrvM3fl2SwvAnziN9Ib5owxXOwjiZg_DzcKNiI/edit#slide=id.g4c0ab1ffe2_0_71
2019-01-15 03:14:29|https://docs.google.com/presentation/d/1pPY_lvrvM3fl2SwvAnziN9Ib5owxXOwjiZg_DzcKNiI/edit#slide=id.g4c0ab1ffe2_0_81
2019-01-15 03:14:32|https://docs.google.com/presentation/d/1pPY_lvrvM3fl2SwvAnziN9Ib5owxXOwjiZg_DzcKNiI/edit#slide=id.g4c0ab1ffe2_0_97
2019-01-15 03:14:32|https://docs.google.com/presentation/d/1pPY_lvrvM3fl2SwvAnziN9Ib5owxXOwjiZg_DzcKNiI/edit#slide=id.g4c0ab1ffe2_0_71
2019-01-15 03:14:35|https://docs.google.com/presentation/d/1pPY_lvrvM3fl2SwvAnziN9Ib5owxXOwjiZg_DzcKNiI/edit#slide=id.g4c0ab1ffe2_0_81
2019-01-15 03:14:39|https://docs.google.com/presentation/d/1pPY_lvrvM3fl2SwvAnziN9Ib5owxXOwjiZg_DzcKNiI/edit#slide=id.g4c0ab1ffe2_0_71
2019-01-15 03:20:32|https://docs.google.com/presentation/d/1pPY_lvrvM3fl2SwvAnziN9Ib5owxXOwjiZg_DzcKNiI/edit#slide=id.g4c0ab1ffe2_0_81
2019-01-15 03:20:36|https://docs.google.com/presentation/d/1pPY_lvrvM3fl2SwvAnziN9Ib5owxXOwjiZg_DzcKNiI/edit#slide=id.g4c0ab1ffe2_0_71
2019-01-15 03:20:39|https://docs.google.com/presentation/d/1pPY_lvrvM3fl2SwvAnziN9Ib5owxXOwjiZg_DzcKNiI/edit#slide=id.g4c0ab1ffe2_0_81
2019-01-15 03:24:52|https://docs.google.com/presentation/d/1pPY_lvrvM3fl2SwvAnziN9Ib5owxXOwjiZg_DzcKNiI/edit#slide=id.g4c0ab1ffe2_0_71
2019-01-15 03:31:17|https://docs.google.com/presentation/d/1pPY_lvrvM3fl2SwvAnziN9Ib5owxXOwjiZg_DzcKNiI/edit#slide=id.g4c0ab1ffe2_0_105
2019-01-15 03:40:53|https://docs.google.com/presentation/d/1pPY_lvrvM3fl2SwvAnziN9Ib5owxXOwjiZg_DzcKNiI/edit#slide=id.g4c0ab1ffe2_0_89
2019-01-15 03:40:56|https://docs.google.com/presentation/d/1pPY_lvrvM3fl2SwvAnziN9Ib5owxXOwjiZg_DzcKNiI/edit#slide=id.g4c0ab1ffe2_0_81
2019-01-15 03:45:19|https://docs.google.com/presentation/d/1pPY_lvrvM3fl2SwvAnziN9Ib5owxXOwjiZg_DzcKNiI/edit#slide=id.g4c0ab1ffe2_0_89
2019-01-15 03:45:19|https://docs.google.com/presentation/d/1pPY_lvrvM3fl2SwvAnziN9Ib5owxXOwjiZg_DzcKNiI/edit#slide=id.g4c0ab1ffe2_0_81
2019-01-15 04:00:44|https://docs.google.com/presentation/d/1pPY_lvrvM3fl2SwvAnziN9Ib5owxXOwjiZg_DzcKNiI/edit#slide=id.g4c0ab1ffe2_0_89
2019-01-15 04:00:45|https://docs.google.com/presentation/d/1pPY_lvrvM3fl2SwvAnziN9Ib5owxXOwjiZg_DzcKNiI/edit#slide=id.g4c0ab1ffe2_0_105
2019-01-15 04:00:46|https://docs.google.com/presentation/d/1pPY_lvrvM3fl2SwvAnziN9Ib5owxXOwjiZg_DzcKNiI/edit#slide=id.g4747f2f9ff_1_5
2019-01-15 04:00:49|https://docs.google.com/presentation/d/1pPY_lvrvM3fl2SwvAnziN9Ib5owxXOwjiZg_DzcKNiI/edit#slide=id.g4c17cd19ee_0_5
2019-01-15 04:00:50|https://docs.google.com/presentation/d/1pPY_lvrvM3fl2SwvAnziN9Ib5owxXOwjiZg_DzcKNiI/edit#slide=id.g4c0ab1ffe2_0_105
2019-01-15 04:00:56|https://docs.google.com/presentation/d/1pPY_lvrvM3fl2SwvAnziN9Ib5owxXOwjiZg_DzcKNiI/edit#slide=id.g4c0ab1ffe2_0_89
2019-01-15 04:01:56|https://docs.google.com/presentation/d/1pPY_lvrvM3fl2SwvAnziN9Ib5owxXOwjiZg_DzcKNiI/edit?usp=sharing
2019-01-15 04:01:56|https://docs.google.com/presentation/d/1pPY_lvrvM3fl2SwvAnziN9Ib5owxXOwjiZg_DzcKNiI/edit
2019-01-15 04:01:58|https://docs.google.com/presentation/d/1pPY_lvrvM3fl2SwvAnziN9Ib5owxXOwjiZg_DzcKNiI/edit#slide=id.g337fd436a2_1_5
2019-01-15 04:02:04|https://docs.python.org/3/library/turtle.html
2019-01-15 04:02:56|https://www.google.com/search?q=how+to+make+a+rainbow+snake+iin+python&ie=utf-8&oe=utf-8&client=firefox-b-ab
2019-01-15 04:03:09|https://www.google.com/search?client=firefox-b-ab&ei=b1s9XL7DN5uoyAORq6kY&q=how+to+make+a+rainbow+snake+iin+python+coding&oq=how+to+make+a+rainbow+snake+iin+python+coding&gs_l=psy-ab.3...10849.12175..12375...0.0..0.195.1063.0j7......0....1..gws-wiz.......0i71j33i10i160j33i10i21.CwDrqIeXNU4
2019-01-15 04:03:30|https://codereview.stackexchange.com/questions/120535/python-colour-game/120543
2019-01-15 04:32:53|https://docs.google.com/presentation/d/1pPY_lvrvM3fl2SwvAnziN9Ib5owxXOwjiZg_DzcKNiI/edit#slide=id.g4c0ab1ffe2_0_105
2019-01-15 04:32:54|https://docs.google.com/presentation/d/1pPY_lvrvM3fl2SwvAnziN9Ib5owxXOwjiZg_DzcKNiI/edit#slide=id.g4c0ab1ffe2_0_89
2019-01-15 04:38:59|https://www.google.com/search?q=colours&ie=utf-8&oe=utf-8&client=firefox-b-ab
2019-01-15 04:39:04|https://www.dulux.com.au/colour
2019-01-15 04:39:08|https://www.dulux.com.au/colour/all-colours
2019-01-15 04:40:07|https://www.google.com/search?q=turtle+colours&ie=utf-8&oe=utf-8&client=firefox-b-ab
2019-01-15 04:40:10|https://www.google.com/search?client=firefox-b-ab&ei=JmQ9XMOSOc7erQGr-bToCQ&q=turtle+colours+python&oq=turtle+colours+&gs_l=psy-ab.3.0.0j0i22i30l9.1808.1808..2702...0.0..0.123.123.0j1......0....1..gws-wiz.......0i71._LWKD-eFdVs
2019-01-15 04:40:13|https://trinket.io/docs/colors
2019-01-15 04:53:19|http://summer2019.compclub.com.au/
2019-01-15 04:53:20|https://summer2019.compclub.com.au/
2019-01-15 04:53:22|https://summer2019.compclub.com.au/day2
2019-01-15 04:56:58|https://www.google.com/search?q=gmail&ie=utf-8&oe=utf-8&client=firefox-b-ab
2019-01-15 04:57:00|https://www.google.com/gmail/
2019-01-15 04:57:02|https://mail.google.com/mail/
2019-01-15 04:57:02|https://accounts.google.com/ServiceLogin?service=mail&passive=true&rm=false&continue=https://mail.google.com/mail/&ss=1&scc=1&ltmpl=default&ltmplcache=2&emr=1&osid=1#
2019-01-15 04:57:02|https://mail.google.com/intl/en-GB/mail/help/about.html
2019-01-15 04:57:02|https://www.google.com/intl/en-GB/mail/help/about.html
2019-01-15 04:57:02|https://www.google.com/intl/en-GB/gmail/about/
2019-01-15 04:57:08|https://accounts.google.com/AccountChooser?service=mail&continue=https://mail.google.com/mail/
2019-01-15 04:57:08|https://accounts.google.com/ServiceLogin?continue=https%3A%2F%2Fmail.google.com%2Fmail%2F&service=mail&sacu=1&rip=1
2019-01-15 04:57:09|https://accounts.google.com/signin/v2/identifier?continue=https%3A%2F%2Fmail.google.com%2Fmail%2F&service=mail&sacu=1&rip=1&flowName=GlifWebSignIn&flowEntry=ServiceLogin
2019-01-15 04:57:27|https://accounts.google.com/signin/v2/sl/pwd?continue=https%3A%2F%2Fmail.google.com%2Fmail%2F&service=mail&sacu=1&rip=1&flowName=GlifWebSignIn&flowEntry=ServiceLogin&cid=1&navigationDirection=forward
2019-01-15 04:57:34|https://accounts.google.com/signin/v2/challenge/selection?continue=https%3A%2F%2Fmail.google.com%2Fmail%2F&service=mail&sacu=1&rip=1&flowName=GlifWebSignIn&flowEntry=ServiceLogin&cid=1&navigationDirection=forward&TL=AHnYQLzxA6KEl08v5Mj2nvBZMyHqI3h4f-xFBs3-d_Vlq6bnVpn-kLFCtoLj0OWYuxFEseoOcHWVYYHyT2N8PRRGO8vn07RiaOlH3QtLO8oY3AI-T-7nwGr9ToISkuRZQpqaDUFh8A02mDgTDFsGik3LCATVEcBAyGcpxDHVlGkjbUuZ4HDsp_w&lid=9
2019-01-15 04:57:37|https://accounts.google.com/signin/v2/challenge/kpe?continue=https%3A%2F%2Fmail.google.com%2Fmail%2F&service=mail&sacu=1&rip=1&flowName=GlifWebSignIn&flowEntry=ServiceLogin&cid=5&navigationDirection=forward&TL=AHnYQLwmHSLEd-oVtXdsflDVJJ26LHIk8mvTrxdFeVvCBFUUZGxPl_Bcd-rM8hzSWFMOsraR8ZwEXzgW7VH1On_t3khPqo5IboJxCBTojE5FtT2SBFPV7xC6A6nyen-gIh8rn-iHzU-Qng8pAkKGLsVDslxPE0M5_0u7_F7nhRoYvuq9S0ZGAe4&lid=9
2019-01-15 04:57:56|https://accounts.google.com/CheckCookie?hl=en-GB&checkedDomains=youtube&checkConnection=youtube%3A326%3A0&pstMsg=1&chtml=LoginDoneHtml&service=mail&continue=https%3A%2F%2Fmail.google.com%2Fmail%2F&gidl=EmYIDBJiQUVqSEw0TmNqN3RjaWJ3N01HeHg4cURoMEZtWG1ORmlLUUZpY0o1OHkwN2w4MXF2NWNGSW92YUtpYmtEZFozT3dVZGotX2xjRk5ERDJ6RkJoc2ZOZkUzQXJwc0NtZXFwX2c
2019-01-15 04:57:56|https://accounts.google.com/ServiceLogin?continue=https%3A%2F%2Fmyaccount.google.com%2Fsecurity%2Fsigninoptions%2Frecovery-options-collection%3Futm_source%3DWeb%26utm_medium%3DWeb%26utm_campaign%3Dinterstitial%26oev%3Dlytf%253D7%2526wvtx%253D2%2526trs%253Dli%2526stel%253D1%26authuser%3D0%26hl%3Den-GB%26service%3Dmail%26continue%3Dhttps%253A%252F%252Faccounts.google.com%252FServiceLogin%253Fcontinue%253Dhttps%25253A%25252F%25252Fmail.google.com%25252Fmail%25252F%2526service%253Dmail%2526hl%253Den-GB%2526authuser%253D0%2526passive%253Dtrue%2526sarp%253D1%2526aodrpl%253D1%2526checkedDomains%253Dyoutube%2526checkConnection%253Dyoutube%25253A326%25253A0%2526pstMsg%253D1%26rapt%3DAEjHL4Ncj7tcibw7MGxx8qDh0FmXmNFiKQFicJ58y07l81qv5cFIovaKibkDdZ3OwUdj-_lcFNDD2zFBhsfNfE3ArpsCmeqp_g&service=accountsettings&hl=en-GB&authuser=0&passive=true&sarp=1&osid=1
2019-01-15 04:57:56|https://myaccount.google.com/accounts/SetOSID?authuser=0&continue=https%3A%2F%2Fmyaccount.google.com%2Fsecurity%2Fsigninoptions%2Frecovery-options-collection%3Futm_source%3DWeb%26utm_medium%3DWeb%26utm_campaign%3Dinterstitial%26oev%3Dlytf%253D7%2526wvtx%253D2%2526trs%253Dli%2526stel%253D1%26authuser%3D0%26hl%3Den-GB%26service%3Dmail%26continue%3Dhttps%253A%252F%252Faccounts.google.com%252FServiceLogin%253Fcontinue%253Dhttps%25253A%25252F%25252Fmail.google.com%25252Fmail%25252F%2526service%253Dmail%2526hl%253Den-GB%2526authuser%253D0%2526passive%253Dtrue%2526sarp%253D1%2526aodrpl%253D1%2526checkedDomains%253Dyoutube%2526checkConnection%253Dyoutube%25253A326%25253A0%2526pstMsg%253D1%26rapt%3DAEjHL4Ncj7tcibw7MGxx8qDh0FmXmNFiKQFicJ58y07l81qv5cFIovaKibkDdZ3OwUdj-_lcFNDD2zFBhsfNfE3ArpsCmeqp_g%26pli%3D1&osidt=ALWU2csXsDIGBMXt_UHR-5Zfz5XYtFxQT76MLuvuVenbI1K0D_B2a4a6vZNFprpjJA4piPn194B8XJ1kbLTBxSCYMRWdqJa3aBXYNETpDzqpGlcguMMf0lOJdfJmWpgU38TNCBzgNwxX
2019-01-15 04:57:57|https://myaccount.google.com/security/signinoptions/recovery-options-collection?utm_source=Web&utm_medium=Web&utm_campaign=interstitial&oev=lytf%3D7%26wvtx%3D2%26trs%3Dli%26stel%3D1&authuser=0&hl=en-GB&service=mail&continue=https://accounts.google.com/ServiceLogin?continue%3Dhttps%253A%252F%252Fmail.google.com%252Fmail%252F%26service%3Dmail%26hl%3Den-GB%26authuser%3D0%26passive%3Dtrue%26sarp%3D1%26aodrpl%3D1%26checkedDomains%3Dyoutube%26checkConnection%3Dyoutube%253A326%253A0%26pstMsg%3D1&rapt=AEjHL4Ncj7tcibw7MGxx8qDh0FmXmNFiKQFicJ58y07l81qv5cFIovaKibkDdZ3OwUdj-_lcFNDD2zFBhsfNfE3ArpsCmeqp_g&pli=1
2019-01-15 04:57:57|https://myaccount.google.com/signinoptions/recovery-options-collection?utm_source=Web&utm_medium=Web&utm_campaign=interstitial&oev=lytf%3D7%26wvtx%3D2%26trs%3Dli%26stel%3D1&authuser=0&hl=en-GB&service=mail&continue=https://accounts.google.com/ServiceLogin?continue%3Dhttps%253A%252F%252Fmail.google.com%252Fmail%252F%26service%3Dmail%26hl%3Den-GB%26authuser%3D0%26passive%3Dtrue%26sarp%3D1%26aodrpl%3D1%26checkedDomains%3Dyoutube%26checkConnection%3Dyoutube%253A326%253A0%26pstMsg%3D1&rapt=AEjHL4Ncj7tcibw7MGxx8qDh0FmXmNFiKQFicJ58y07l81qv5cFIovaKibkDdZ3OwUdj-_lcFNDD2zFBhsfNfE3ArpsCmeqp_g&pli=1
2019-01-15 04:57:58|https://myaccount.google.com/signinoptions/recovery-options-collection?utm_source=Web&utm_medium=Web&utm_campaign=interstitial&oev=lytf%3D7%26wvtx%3D2%26trs%3Dli%26stel%3D1&hl=en-GB&service=mail&continue=https://accounts.google.com/ServiceLogin?continue%3Dhttps%253A%252F%252Fmail.google.com%252Fmail%252F%26service%3Dmail%26hl%3Den-GB%26authuser%3D0%26passive%3Dtrue%26sarp%3D1%26aodrpl%3D1%26checkedDomains%3Dyoutube%26checkConnection%3Dyoutube%253A326%253A0%26pstMsg%3D1&rapt=AEjHL4Ncj7tcibw7MGxx8qDh0FmXmNFiKQFicJ58y07l81qv5cFIovaKibkDdZ3OwUdj-_lcFNDD2zFBhsfNfE3ArpsCmeqp_g&pli=1
2019-01-15 04:58:00|https://accounts.google.com/ServiceLogin?continue=https%3A%2F%2Fmail.google.com%2Fmail%2F&service=mail&hl=en-GB&authuser=0&passive=true&sarp=1&aodrpl=1&checkedDomains=youtube&checkConnection=youtube%3A326%3A0&pstMsg=1
2019-01-15 04:58:00|https://mail.google.com/accounts/SetOSID?authuser=0&continue=https%3A%2F%2Faccounts.youtube.com%2Faccounts%2FSetSID%3Fssdc%3D1%26sidt%3DALWU2csqZ6bI5iXzTYKyUb3MSGrXoMO4omrGxGFDz6I1zuj2js5szH1mOfmZBPKobEgCHsETSxBPiwng1MjjTN5hjOqdmQ%252BBOjLBPHHYxoSDnTvjMqgBSr4i6BF%252Beevo%252FiK3mQFF%252F4o6FonPiw8LhtR0TiUCPb14sXm8XCm5npvVG3AJHG9uY8dr9viKZa4V8oRRaMYT9ZOUwIo8aisKYFLyGNl18VfszeX4EHpsq11QrC8YbRHwzvOFrpYysRkfv1ai7SwOoaxlUXImlpcnHOE0r%252BrUJZ8gq6zsa1dWL8ZHWHd4xmlXQXA%253D%26continue%3Dhttps%253A%252F%252Fmail.google.com%252Fmail%252F%253Fpli%253D1%26dbus%3DAU&osidt=ALWU2ctTpnxojFN7vnanlQwIiFHt5xZsURpKlmGIcY3XUFM0UGyi_0nUmScwSw4YaMLW5nT25Q6hP9XjkJOvy90dXB-NiXyk-J4ju4EDeUCiMJdyy-KCNvW-io6jy3kRrOot5CX-_uaO
2019-01-15 04:58:00|https://accounts.youtube.com/accounts/SetSID?ssdc=1&sidt=ALWU2csqZ6bI5iXzTYKyUb3MSGrXoMO4omrGxGFDz6I1zuj2js5szH1mOfmZBPKobEgCHsETSxBPiwng1MjjTN5hjOqdmQ%2BBOjLBPHHYxoSDnTvjMqgBSr4i6BF%2Beevo/iK3mQFF/4o6FonPiw8LhtR0TiUCPb14sXm8XCm5npvVG3AJHG9uY8dr9viKZa4V8oRRaMYT9ZOUwIo8aisKYFLyGNl18VfszeX4EHpsq11QrC8YbRHwzvOFrpYysRkfv1ai7SwOoaxlUXImlpcnHOE0r%2BrUJZ8gq6zsa1dWL8ZHWHd4xmlXQXA%3D&continue=https://mail.google.com/mail/?pli%3D1&dbus=AU
2019-01-15 04:58:01|https://accounts.google.com.au/accounts/SetSID?ssdc=1&sidt=ALWU2cs9ReBDyyrnPwwYAtrG0C7hymwnlLKHHnZcJQORcGZ/ndi6ivZZg1bcw9ZsvbEIMsnpdE2zuuhQzdD5TTyBtpakZxHuQEfTvsnrv8vCHFq0zDv58L%2BHtvjUism3JRQdkLp5uzP9DYGdh4vF68ucGWgBI0/fiQRS/1u93TTC1kR%2BodN4WQ0vlp1s3X46coHAdW2hKel2G2hCZzKIitIK4bXK8/Jh3QSwgGmoFLoY%2BMiZMZq7Y2Zzg0K0u1ZYtM3uoqGobfA3LoE9VBKLnVqJWi7gJqUHqRqsenMRENWEt50VDqkNPx4%3D&continue=https://mail.google.com/mail/?pli%3D1
2019-01-15 04:58:01|https://mail.google.com/mail/?pli=1
2019-01-15 04:58:02|https://mail.google.com/mail/u/0/?pli=1
2019-01-15 04:58:02|https://mail.google.com/mail/u/0/
2019-01-15 04:58:38|https://mail.google.com/mail/u/0/#inbox
2019-01-15 04:58:50|https://mail.google.com/mail/u/0/#inbox?compose=new
2019-01-15 04:58:55|https://mail.google.com/mail/u/0/#inbox?compose=jrjtXSnhQNLfkrqxdChkfzjxQtNwBPWzwTBFQPmgLvPqrFCNFGMkzKJDKVxFpPTNdwsGkgjz
2019-01-15 04:59:11|https://mail.google.com/mail/u/0/#inbox
2019-01-15 04:59:27|https://accounts.google.com/Logout?hl=en&continue=https://mail.google.com/mail&service=mail&timeStmp=1547528282&secTok=.AG5fkS-7VeCAnt6yXg3yfXPaODuYmyM04Q
2019-01-15 04:59:27|https://accounts.google.com/Logout
2019-01-15 04:59:28|https://mail.google.com/mail
2019-01-15 04:59:28|https://accounts.google.com/ServiceLogin?service=mail&passive=true&rm=false&continue=https://mail.google.com/mail/&ss=1&scc=1&ltmpl=default&ltmplcache=2&emr=1&osid=1#
2019-01-15 04:59:29|https://accounts.google.com/signin/v2/sl/pwd?service=mail&passive=true&rm=false&continue=https%3A%2F%2Fmail.google.com%2Fmail%2F&ss=1&scc=1&ltmpl=default&ltmplcache=2&emr=1&osid=1&flowName=GlifWebSignIn&flowEntry=ServiceLogin
2019-01-15 04:59:39|https://accounts.google.com/ServiceLogin/signinchooser?service=mail&passive=true&rm=false&continue=https%3A%2F%2Fmail.google.com%2Fmail%2F&ss=1&scc=1&ltmpl=default&ltmplcache=2&emr=1&osid=1&flowName=GlifWebSignIn&flowEntry=ServiceLogin
2019-01-18 00:54:28|http://ctf.compclub.com.au/
2019-01-18 00:54:28|https://ctf.compclub.com.au/
2019-01-18 00:54:28|https://ctf.compclub.com.au/invite?next=%2F
2019-01-18 00:54:28|https://ctf.compclub.com.au/invite/
2019-01-18 01:13:47|https://ctf.compclub.com.au/invite/
2019-01-18 01:14:02|https://ctf.compclub.com.au/
2019-01-18 01:14:41|https://lh3.googleusercontent.com/swou8r_aaveXY-QRJexe7FLAIQ8WAgfAxjV33dRjs5gF3VqjC0h888QfY6lTD1-chfRG9CCR7VXXI-wUC8rn4wKSOMFyw2Pgm70ReLMMXjwp7uSUqRxUeI0SD6gX-AhCCdAiT_0k=s200-p-k
2019-01-18 01:14:50|https://lh3.googleusercontent.com/swou8r_aaveXY-QRJexe7FLAIQ8WAgfAxjV33dRjs5gF3VqjC0h888QfY6lTD1-chfRG9CCR7VXXI-wUC8rn4wKSOMFyw2Pgm70ReLMMXjwp7uSUqRxUeI0SD6gX-AhCCdAiT_0k=s200-p-k
2019-01-18 01:15:39|https://lh3.googleusercontent.com/swou8r_aaveXY-QRJexe7FLAIQ8WAgfAxjV33dRjs5gF3VqjC0h888QfY6lTD1-chfRG9CCR7VXXI-wUC8rn4wKSOMFyw2Pgm70ReLMMXjwp7uSUqRxUeI0SD6gX-AhCCdAiT_0k=s200-p-k
2019-01-18 01:16:04|http://repl.it/
2019-01-18 01:16:05|https://repl.it/
2019-01-18 01:16:09|https://repl.it/login
2019-01-18 01:16:11|https://repl.it/auth/google/get?close=1
2019-01-18 01:16:12|https://accounts.google.com/o/oauth2/v2/auth?access_type=offline&response_type=code&redirect_uri=https%3A%2F%2Frepl.it%2Fauth%2Fgoogle%2Fcallback&scope=email%20profile&state=close%3D1&client_id=551333139604-3e6vevagfdvcipqacu0qtfbpkb6285h9.apps.googleusercontent.com
2019-01-18 01:16:12|https://accounts.google.com/signin/oauth?client_id=551333139604-3e6vevagfdvcipqacu0qtfbpkb6285h9.apps.googleusercontent.com&as=aiiPrF-ZuN5q5gvY7mZ9_Q&destination=https://repl.it&approval_state=!ChQ2LU1rR1dTYnpKVzZvd3prTFFVShIfNDVvLUR3eFZwb2tROEhuU1JuY2dubXB1d25ub2hSWQ%E2%88%99APNbktkAAAAAXEJ6XPPB_fKdsZa_eR0AWv_C04TNTZEb&oauthgdpr=1&xsrfsig=ChkAeAh8T-lVNJNwOVS4YvIVEjlXU-BrRG9_Eg5hcHByb3ZhbF9zdGF0ZRILZGVzdGluYXRpb24SBXNvYWN1Eg9vYXV0aHJpc2t5c2NvcGU
2019-01-18 01:16:13|https://accounts.google.com/signin/oauth/oauthchooseaccount?client_id=551333139604-3e6vevagfdvcipqacu0qtfbpkb6285h9.apps.googleusercontent.com&as=aiiPrF-ZuN5q5gvY7mZ9_Q&destination=https%3A%2F%2Frepl.it&approval_state=!ChQ2LU1rR1dTYnpKVzZvd3prTFFVShIfNDVvLUR3eFZwb2tROEhuU1JuY2dubXB1d25ub2hSWQ%E2%88%99APNbktkAAAAAXEJ6XPPB_fKdsZa_eR0AWv_C04TNTZEb&oauthgdpr=1&xsrfsig=ChkAeAh8T-lVNJNwOVS4YvIVEjlXU-BrRG9_Eg5hcHByb3ZhbF9zdGF0ZRILZGVzdGluYXRpb24SBXNvYWN1Eg9vYXV0aHJpc2t5c2NvcGU&flowName=GeneralOAuthFlow
2019-01-18 01:16:18|https://accounts.google.com/signin/oauth/identifier?client_id=551333139604-3e6vevagfdvcipqacu0qtfbpkb6285h9.apps.googleusercontent.com&as=aiiPrF-ZuN5q5gvY7mZ9_Q&destination=https%3A%2F%2Frepl.it&approval_state=!ChQ2LU1rR1dTYnpKVzZvd3prTFFVShIfNDVvLUR3eFZwb2tROEhuU1JuY2dubXB1d25ub2hSWQ%E2%88%99APNbktkAAAAAXEJ6XPPB_fKdsZa_eR0AWv_C04TNTZEb&oauthgdpr=1&xsrfsig=ChkAeAh8T-lVNJNwOVS4YvIVEjlXU-BrRG9_Eg5hcHByb3ZhbF9zdGF0ZRILZGVzdGluYXRpb24SBXNvYWN1Eg9vYXV0aHJpc2t5c2NvcGU&flowName=GeneralOAuthFlow
2019-01-18 01:16:27|https://accounts.google.com/signin/v2/challenge/pwd?client_id=551333139604-3e6vevagfdvcipqacu0qtfbpkb6285h9.apps.googleusercontent.com&as=aiiPrF-ZuN5q5gvY7mZ9_Q&destination=https%3A%2F%2Frepl.it&approval_state=!ChQ2LU1rR1dTYnpKVzZvd3prTFFVShIfNDVvLUR3eFZwb2tROEhuU1JuY2dubXB1d25ub2hSWQ%E2%88%99APNbktkAAAAAXEJ6XPPB_fKdsZa_eR0AWv_C04TNTZEb&oauthgdpr=1&xsrfsig=ChkAeAh8T-lVNJNwOVS4YvIVEjlXU-BrRG9_Eg5hcHByb3ZhbF9zdGF0ZRILZGVzdGluYXRpb24SBXNvYWN1Eg9vYXV0aHJpc2t5c2NvcGU&flowName=GeneralOAuthFlow&TL=AHnYQLwqtayFax_aRsBR6MK6WALm3eqvgZBOrKT9LOjfcA5XajrBpmbSurhBoil9MdjnysphgRQaJ6kWupqoinv6d_AaBGD0w7qhbkcC-INSqYYXVCdIvBLIHdZ3yoCN9rz0e-4qai0J_pfFRL5C-oXQ2lW7J6PoQrRyUfx6yp8vqEyrswQn2To&cid=1&navigationDirection=forward
2019-01-18 01:16:31|https://accounts.google.com/CheckCookie?hl=en-GB&checkedDomains=youtube&checkConnection=youtube%3A231%3A1&chtml=LoginDoneHtml&service=lso&continue=https%3A%2F%2Faccounts.google.com%2Fsignin%2Foauth%2Fconsent%3Fauthuser%3Dunknown%26part%3DAJi8hAPdUqHcSdF0dn7u6bDXSZ_tbcVID_moCbl1DBC01Qg_ZULEtmqgXqLbP3N-2ERsPUY-oxxlbu7cXmuKvvcZGKNfCSI0g1C4k_-iJ-1PjHc6GaVPO7BumYw9aOyQmwddhZa8AoRkLnjpbF6Mdh0Ny9Ibu9OotrCBbN3YxYko_LVZtqGRPqIlHl1RGanqW7Tdfx5l3vpwaS8S8ColAJeuhH41JOHFL_Qr16SIZD9frS8L2LsZC07gjuXg5uB6O0NxbHiXnl15rLRBdH8BeDoheTEQrXvcTuSO8hq_BizaKpAQOPIK9pB5IM0KdSHnucxvBiM-RAkG36gh_PhN64F19ujrWPWXX4PjYVafXa1UYZlk1zNXeGydPtkUvV5vdHhFkIS6Y3b-xaSIZQaCbcTiGLmddClyVvAICzFAeNAaRHo-3wG1BDM%26as%3DaiiPrF-ZuN5q5gvY7mZ9_Q%26rapt%3DAEjHL4Pg8KpWqgflR4e9K-sSasdsOP63hAhOJigw1gdnwYz5HgGIOTiDi2rZpNolIEJwavC74jW7caan18oKeVFpi2JctpOh5Q%23&gidl=EgIIAA
2019-01-18 01:16:31|https://accounts.youtube.com/accounts/SetSID?ssdc=1&sidt=ALWU2ct5vGXWPLMlruahjR8zZJ1WHHPYVulnlIytR1E8EFA3fP5YI0Qm7nKvBjOqjPWhXlPUsK7kene5CS7PVrqjtDFkwnbWGQ5JPrWHUsU0jL0h3nbbYZ0UDNJWJpguLXtoLK0%2F49sZr%2FuW9IUxPXjTTDQpCFf4KxtqoZwOfoBbqLUvLv652kdVM%2BJTlLkZSCwG8Ki4Ty28V%2F6wsRO4y67GnWEKlGybFdUu57dUGFGt0IKr1ji92iD1LIl4ssQdB7f18OaH0Stlskvpz5T3mdSmCt%2BYfYPjYz5ka7PvqomI2uFtBbeyk5U%3D&continue=https%3A%2F%2Faccounts.google.com%2Fsignin%2Foauth%2Fconsent%3Fauthuser%3D0%26part%3DAJi8hAPdUqHcSdF0dn7u6bDXSZ_tbcVID_moCbl1DBC01Qg_ZULEtmqgXqLbP3N-2ERsPUY-oxxlbu7cXmuKvvcZGKNfCSI0g1C4k_-iJ-1PjHc6GaVPO7BumYw9aOyQmwddhZa8AoRkLnjpbF6Mdh0Ny9Ibu9OotrCBbN3YxYko_LVZtqGRPqIlHl1RGanqW7Tdfx5l3vpwaS8S8ColAJeuhH41JOHFL_Qr16SIZD9frS8L2LsZC07gjuXg5uB6O0NxbHiXnl15rLRBdH8BeDoheTEQrXvcTuSO8hq_BizaKpAQOPIK9pB5IM0KdSHnucxvBiM-RAkG36gh_PhN64F19ujrWPWXX4PjYVafXa1UYZlk1zNXeGydPtkUvV5vdHhFkIS6Y3b-xaSIZQaCbcTiGLmddClyVvAICzFAeNAaRHo-3wG1BDM%26as%3DaiiPrF-ZuN5q5gvY7mZ9_Q%26rapt%3DAEjHL4Pg8KpWqgflR4e9K-sSasdsOP63hAhOJigw1gdnwYz5HgGIOTiDi2rZpNolIEJwavC74jW7caan18oKeVFpi2JctpOh5Q%26auth%3D9wZw2UcfPgw3YQ5A0aD9hAMeCN0UFRg0EAmwd4_wDm_aZ5VlGVdEs_p8ZhokPrNJdt87pQ.%23&dbus=AU
2019-01-18 01:16:31|https://accounts.google.com.au/accounts/SetSID?ssdc=1&sidt=ALWU2cvsf3GzPrONT7p57Ndgz8Y3YVAYq/w50FOTIvGSN4pl6lBiBfysvtF8rviplpgZwyjdsw4hb5o/DTwkdya%2B6scEcXsVDaEKhEN28JelonIHIEytT%2BgoKI6OkQEY8yG7psTQ9hUClJPwXQu4Y%2B86yuTYQVv2BRjrnI8y2gM4/aBjBgbMmSpz/tl%2B5jSiasBWVtKFdI6PWML%2BnRNhyyk5bChrmeuPm6EsjX1EGoWGv1JrTOIZtL6xyvvJZlMgVmjUmG2LaniXIMDwsCP8KK6Dm0X9XocB89vPLtmRLvo%2BqYM296L9pH4%3D&continue=https://accounts.google.com/signin/oauth/consent?authuser%3D0%26part%3DAJi8hAPdUqHcSdF0dn7u6bDXSZ_tbcVID_moCbl1DBC01Qg_ZULEtmqgXqLbP3N-2ERsPUY-oxxlbu7cXmuKvvcZGKNfCSI0g1C4k_-iJ-1PjHc6GaVPO7BumYw9aOyQmwddhZa8AoRkLnjpbF6Mdh0Ny9Ibu9OotrCBbN3YxYko_LVZtqGRPqIlHl1RGanqW7Tdfx5l3vpwaS8S8ColAJeuhH41JOHFL_Qr16SIZD9frS8L2LsZC07gjuXg5uB6O0NxbHiXnl15rLRBdH8BeDoheTEQrXvcTuSO8hq_BizaKpAQOPIK9pB5IM0KdSHnucxvBiM-RAkG36gh_PhN64F19ujrWPWXX4PjYVafXa1UYZlk1zNXeGydPtkUvV5vdHhFkIS6Y3b-xaSIZQaCbcTiGLmddClyVvAICzFAeNAaRHo-3wG1BDM%26as%3DaiiPrF-ZuN5q5gvY7mZ9_Q%26rapt%3DAEjHL4Pg8KpWqgflR4e9K-sSasdsOP63hAhOJigw1gdnwYz5HgGIOTiDi2rZpNolIEJwavC74jW7caan18oKeVFpi2JctpOh5Q%26auth%3D9wZw2UcfPgw3YQ5A0aD9hAMeCN0UFRg0EAmwd4_wDm_aZ5VlGVdEs_p8ZhokPrNJdt87pQ.%23
2019-01-18 01:16:31|https://accounts.google.com.au/accounts/SetSID
2019-01-18 01:16:31|https://accounts.google.com/signin/oauth/consent?authuser=0&part=AJi8hAPdUqHcSdF0dn7u6bDXSZ_tbcVID_moCbl1DBC01Qg_ZULEtmqgXqLbP3N-2ERsPUY-oxxlbu7cXmuKvvcZGKNfCSI0g1C4k_-iJ-1PjHc6GaVPO7BumYw9aOyQmwddhZa8AoRkLnjpbF6Mdh0Ny9Ibu9OotrCBbN3YxYko_LVZtqGRPqIlHl1RGanqW7Tdfx5l3vpwaS8S8ColAJeuhH41JOHFL_Qr16SIZD9frS8L2LsZC07gjuXg5uB6O0NxbHiXnl15rLRBdH8BeDoheTEQrXvcTuSO8hq_BizaKpAQOPIK9pB5IM0KdSHnucxvBiM-RAkG36gh_PhN64F19ujrWPWXX4PjYVafXa1UYZlk1zNXeGydPtkUvV5vdHhFkIS6Y3b-xaSIZQaCbcTiGLmddClyVvAICzFAeNAaRHo-3wG1BDM&as=aiiPrF-ZuN5q5gvY7mZ9_Q&rapt=AEjHL4Pg8KpWqgflR4e9K-sSasdsOP63hAhOJigw1gdnwYz5HgGIOTiDi2rZpNolIEJwavC74jW7caan18oKeVFpi2JctpOh5Q&auth=9wZw2UcfPgw3YQ5A0aD9hAMeCN0UFRg0EAmwd4_wDm_aZ5VlGVdEs_p8ZhokPrNJdt87pQ.#
2019-01-18 01:16:32|https://accounts.google.com/signin/oauth/consent?authuser=0&part=AJi8hAPdUqHcSdF0dn7u6bDXSZ_tbcVID_moCbl1DBC01Qg_ZULEtmqgXqLbP3N-2ERsPUY-oxxlbu7cXmuKvvcZGKNfCSI0g1C4k_-iJ-1PjHc6GaVPO7BumYw9aOyQmwddhZa8AoRkLnjpbF6Mdh0Ny9Ibu9OotrCBbN3YxYko_LVZtqGRPqIlHl1RGanqW7Tdfx5l3vpwaS8S8ColAJeuhH41JOHFL_Qr16SIZD9frS8L2LsZC07gjuXg5uB6O0NxbHiXnl15rLRBdH8BeDoheTEQrXvcTuSO8hq_BizaKpAQOPIK9pB5IM0KdSHnucxvBiM-RAkG36gh_PhN64F19ujrWPWXX4PjYVafXa1UYZlk1zNXeGydPtkUvV5vdHhFkIS6Y3b-xaSIZQaCbcTiGLmddClyVvAICzFAeNAaRHo-3wG1BDM&as=aiiPrF-ZuN5q5gvY7mZ9_Q&rapt=AEjHL4Pg8KpWqgflR4e9K-sSasdsOP63hAhOJigw1gdnwYz5HgGIOTiDi2rZpNolIEJwavC74jW7caan18oKeVFpi2JctpOh5Q
2019-01-18 01:16:33|https://repl.it/auth/google/callback?state=close%3D1&code=4%2F1gCujn_wS8PjyIrmqJpc1Jnd2qYmgTeFle1Cvm122hAOSxlIT-NqNWwUk8FIssx4s7H8xr8WpdNwVOxnOB5KIjI&scope=email+profile+https%3A%2F%2Fwww.googleapis.com%2Fauth%2Fuserinfo.profile+https%3A%2F%2Fwww.googleapis.com%2Fauth%2Fuserinfo.email
2019-01-18 01:16:33|https://repl.it/auth/close
2019-01-18 01:16:34|https://repl.it/repls
2019-01-18 01:16:45|https://repl.it/@NickLastname/LesserSignifiedBeings-1
2019-01-18 01:16:56|https://repl.it/@NickLastname/LesserSignifiedBeings
2019-01-18 01:17:08|https://repl.it/@NickLastname/VictoriousSilverCategory
2019-01-18 01:21:07|https://lh3.googleusercontent.com/swou8r_aaveXY-QRJexe7FLAIQ8WAgfAxjV33dRjs5gF3VqjC0h888QfY6lTD1-chfRG9CCR7VXXI-wUC8rn4wKSOMFyw2Pgm70ReLMMXjwp7uSUqRxUeI0SD6gX-AhCCdAiT_0k=s200-p-k
2019-01-18 01:24:20|https://www.google.com/search?client=firefox-b-d&q=4+in+binary
2019-01-18 01:24:54|https://www.google.com/search?client=firefox-b-d&ei=xCpBXKLoGcvB9QOIr46oDA&q=0b100+%3C%3C+3&oq=0b100+%3C%3C+3&gs_l=psy-ab.3..0i30l2j0i5i30l2.16418.32727..32821...0.0..0.153.659.0j5......0....2j1..gws-wiz.......0i71j0.w2UqEAQX4_M
2019-01-18 01:26:15|https://www.google.com/search?client=firefox-b-d&q=2+in+binary
2019-01-18 01:28:38|https://www.google.com/search?safe=strict&client=firefox-b-d&ei=NytBXKX6BdTe9QO02oqQDQ&q=12+in+binary&oq=12+in+binary&gs_l=psy-ab.3..0i67j0i7i30l2j0l2j0i30j0i5i30l4.141866.141866..142039...0.0..0.129.129.0j1......0....1..gws-wiz.......0i71.WS62z-M8_Dg
2019-01-18 01:29:22|https://www.google.com/search?safe=strict&client=firefox-b-d&ei=xitBXOibA86w9QOLkIzQBQ&q=8+in+binary&oq=8+in+binary&gs_l=psy-ab.3..0i71l8.43610.43610..43735...0.0..0.0.0.......0....1..gws-wiz.2Em8Y9nefHU
2019-01-18 01:30:00|https://www.google.com/search?client=firefox-b-d&q=binary+split
2019-01-18 01:30:02|https://en.wikipedia.org/wiki/Binary_splitting
2019-01-18 01:30:47|https://www.google.com/search?safe=strict&client=firefox-b-d&ei=8itBXOfxJ8TorQGLiqfABQ&q=16+in+binary&oq=16+in+binary&gs_l=psy-ab.3..0i67j0i7i30l9.82724.83341..83446...0.0..0.175.310.0j2......0....1..gws-wiz.......0i71.RU0aHilCZq4
2019-01-18 01:31:52|https://www.google.com/search?safe=strict&client=firefox-b-d&ei=GCxBXMqyHcSo9QOnq7q4Bg&q=000010&oq=000010&gs_l=psy-ab.3...100363.101577..101761...0.0..0.205.956.0j5j1......0....1..gws-wiz.......0i71j35i39j0j0i131j0i67j0i20i263.vS7OJWlsIjk
2019-01-18 01:31:57|https://www.google.com/search?safe=strict&client=firefox-b-d&ei=iCxBXPHcC4Xd9QP896T4Dw&q=000010+in+number&oq=000010+in+number&gs_l=psy-ab.3...1302.3883..4017...1.0..0.172.1572.0j11......0....1..gws-wiz.......33i10.wejX7mLyMBs
2019-01-18 01:32:05|http://decimal-to-binary.com/decimal-to-binary-converter-online.html?id=3544
2019-01-18 01:32:55|https://www.google.com/search?safe=strict&client=firefox-b-d&ei=RixBXI3aN9v79QOy46-4DA&q=2+in+binary&oq=2+in+binary&gs_l=psy-ab.3..35i39j0i7i30l9.127501.127501..127961...0.0..0.228.228.2-1......0....1..gws-wiz.......0i71.vkbj0R2iSQg
2019-01-18 01:33:05|https://www.google.com/search?safe=strict&client=firefox-b-d&ei=xyxBXKvZJMq1rQHJroXACA&q=4+in+binary&oq=4+in+binary&gs_l=psy-ab.3..0i67j0i7i30l9.9052.9234..9324...0.0..0.140.140.0j1......0....1..gws-wiz.......0i71.QYCqaFXWC1k
2019-01-18 01:33:15|https://www.google.com/search?safe=strict&client=firefox-b-d&ei=0SxBXMXkKpi7rQG0k6ngBg&q=2+in+binary&oq=2+in+binary&gs_l=psy-ab.3..35i39j0i7i30l9.8217.8217..8474...0.0..0.153.153.0j1......0....1..gws-wiz.......0i71.dhQDFP1Q-ik
2019-01-18 01:37:29|https://lh3.googleusercontent.com/6azf98KQoV9zlQ3u__wgkoMOseRpQnYb-mRQWelB1Y23sMNHeISMLIIPsDxtwtoZIYrDhSSA4zzt4b-cavUEmsVrrv6AGKlLfD9gOTJTXrze7rOm3GzwBlVTzyRCKaBn8d-fc09t=w2400
2019-01-18 01:37:45|https://lh3.googleusercontent.com/6azf98KQoV9zlQ3u__wgkoMOseRpQnYb-mRQWelB1Y23sMNHeISMLIIPsDxtwtoZIYrDhSSA4zzt4b-cavUEmsVrrv6AGKlLfD9gOTJTXrze7rOm3GzwBlVTzyRCKaBn8d-fc09t=w2400
2019-01-18 01:39:35|https://www.google.com/search?client=firefox-b-d&q=e2
2019-01-18 01:39:41|https://www.e2language.com/
2019-01-18 01:40:58|https://featherbear.github.io/UNSW-CompClub2019Summer-SecurityWorkshop/ctf_files/compclub_log.pcap
2019-01-18 01:50:26|https://ctf.compclub.com.au/
2019-01-18 01:50:26|https://ctf.compclub.com.au/invite?next=%2F
2019-01-18 01:50:26|https://ctf.compclub.com.au/invite/
2019-01-18 01:50:36|https://ctf.compclub.com.au/
2019-01-18 02:01:24|https://featherbear.github.io/UNSW-CompClub2019Summer-SecurityWorkshop/ctf_files/compclub_log.pcap
2019-01-18 02:05:10|http://54.66.158.5:19385/view/
2019-01-18 02:05:30|https://ctf.compclub.com.au/
2019-01-18 02:08:50|https://www.google.com/search?client=firefox-b-d&q=crypto+code
2019-01-18 02:09:41|https://www.google.com/search?client=firefox-b-d&q=PXKOG
2019-01-18 02:09:44|https://www.google.com/search?safe=strict&client=firefox-b-d&ei=ZDVBXOy-O5Gz9QO-7IeoDg&q=PXKOG+code&oq=PXKOG+code&gs_l=psy-ab.3..0i8i13i30.1413.2164..2228...0.0..0.185.547.0j3......0....1..gws-wiz.......0i13j0i13i30j0i13i10.ktIgrRlqCnA
2019-01-18 02:19:26|https://repl.it/
2019-01-18 02:19:33|https://repl.it/python3
2019-01-18 02:19:38|https://repl.it/repls
2019-01-18 02:19:43|https://repl.it/languages
2019-01-18 02:19:48|https://repl.it/@NickLastname/IncompatibleBlaringDevelopers?folderId=
2019-01-18 02:29:31|https://www.google.com/search?client=firefox-b-d&q=27+in+binary
2019-01-18 02:31:54|https://ctf.compclub.com.au/
2019-01-18 02:31:58|https://ctf.compclub.com.au/
2019-01-18 03:26:24|https://ctf.compclub.com.au/
2019-01-18 03:28:28|https://www.google.com/search?client=firefox-b-d&q=12%2F605
2019-01-18 03:28:33|https://www.google.com/search?safe=strict&client=firefox-b-d&ei=3EdBXKG0MM7f9QOojKv4Dw&q=120%2F605&oq=120%2F605&gs_l=psy-ab.3..0i30j0i8i30.2972.2972..3284...0.0..0.186.186.0j1......0....1..gws-wiz.CoydgftsAPs
2019-01-18 04:02:30|http://tinyurl.com/CompclubSSS
2019-01-18 04:02:31|https://goo.gl/forms/botU4y0EHarywQeB3
2019-01-18 04:02:32|https://docs.google.com/forms/d/e/1FAIpQLSeTbnbww0Wz7bkuKacSlAFMckT5D3S74bvcZOOiqB7uI7TgZg/viewform?usp=send_form
2019-01-18 04:02:33|https://docs.google.com/forms/d/e/1FAIpQLSeTbnbww0Wz7bkuKacSlAFMckT5D3S74bvcZOOiqB7uI7TgZg/viewform
2019-01-18 04:03:13|https://docs.google.com/forms/d/e/1FAIpQLSeTbnbww0Wz7bkuKacSlAFMckT5D3S74bvcZOOiqB7uI7TgZg/viewform?fbzx=704520811844807037
1|http://aframe.io/|A-Frame – Make WebVR|1|1|13191303375709537|0|0
2|https://aframe.io/|A-Frame – Make WebVR|1|0|13191303375709537|0|0
3|https://aframe.io/examples/showcase/helloworld/|Hello WebVR – A-Frame|1|0|13191303378338045|0|0
4|https://glitch.com/~aframe|aframe|1|0|13191303380753021|0|0
5|https://glitch.com/edit/#!/remix/aframe|Glitch :･ﾟ✧|2|0|13191303623220624|0|0
6|https://glitch.com/edit/#!/||2|0|13191303672118635|0|0
7|https://glitch.com/edit/#!/lovely-session|README.md – lovely-session|5|0|13191303672119971|0|0
8|https://glitch.com/user/2721910|Glitch|1|0|13191303668323881|0|0
9|https://glitch.com/edit/#!/lovely-session?path=index.html:11:66||1|0|13191303801566989|0|0
10|https://lovely-session.glitch.me/|Hello, WebVR! • A-Frame|107|0|13191304964301572|0|0
11|https://glitch.com/edit/#!/lovely-session?path=index.html:17:7||8|0|13191304423238734|0|0
12|http://bit.ly/WIEC2019wifi|Guest Management Portal|1|1|13191304142423501|0|0
13|https://adguest.unsw.edu.au/request/retreive/3jpKB@4Cr3235363234Ge0v8K6Up|Guest Management Portal|2|0|13191304181185612|0|0
14|https://www.google.com/search?q=html+colour+codes&oq=html+colour+&aqs=chrome.1.69i57j0l5.4951j0j7&sourceid=chrome&ie=UTF-8|html colour codes - Google Search|1|0|13191304311038181|0|0
15|https://www.rapidtables.com/web/color/html-color-codes.html|HTML Color Codes Chart|1|0|13191304314153494|0|0
16|https://glitch.com/edit/#!/lovely-session?path=index.html:12:65||1|0|13191304358006625|0|0
17|https://glitch.com/edit/#!/lovely-session?path=index.html:14:106||2|0|13191304409645589|0|0
18|https://glitch.com/edit/#!/lovely-session?path=index.html:25:7||8|0|13191304999505827|0|0
19|http://summer2019.compclub.com/day1|CompClub.com|5|3|13191981526410984|0|0
20|http://summer2019.compclub.com/?f|CompClub.com|4|0|13191981535832452|0|0
21|http://compclub.com/|CompClub.com|7|0|13191981550951182|0|0
22|http://summer2019.compclub.com.au/day1|Introduction to Python | CompClub 2019 Summer Workshops|1|1|13191897015632264|0|0
23|https://summer2019.compclub.com.au/day1|Introduction to Python | CompClub 2019 Summer Workshops|1|0|13191897015632264|0|0
24|http://repel.it/|Repel srl Disinfestazioni, derattizzazioni, fumigazioni, trattamenti di quarantena e pre-imbarco merci|1|1|13191897139860722|0|0
25|http://www.repel.it/|Repel srl Disinfestazioni, derattizzazioni, fumigazioni, trattamenti di quarantena e pre-imbarco merci|1|0|13191897139860722|0|0
26|http://repl.it/|Repl.it - The world's leading online coding platform|1|1|13191897152015653|0|0
27|https://repl.it/|Repl.it - The world's leading online coding platform|2|0|13191897152618132|0|0
28|https://docs.google.com/presentation/d/1ZGBVwbD055fzcnudI-pQU3fgEPk7WIt_AVH127H_qzQ/edit?usp=sharing|Introduction to Python - Google Slides|2|0|13191897170767724|0|0
29|https://docs.google.com/presentation/d/1ZGBVwbD055fzcnudI-pQU3fgEPk7WIt_AVH127H_qzQ/edit||1|0|13191897170815423|0|0
30|https://docs.google.com/presentation/d/1ZGBVwbD055fzcnudI-pQU3fgEPk7WIt_AVH127H_qzQ/edit#slide=id.g3cbf3982fb_4_0||1|0|13191897172088708|0|0
31|https://docs.google.com/presentation/d/1ZGBVwbD055fzcnudI-pQU3fgEPk7WIt_AVH127H_qzQ/edit#slide=id.g3d17a7de66_0_155||1|0|13191897173110038|0|0
32|https://repl.it/languages/python3|Repl.it - MealyPoisedSpecialist|1|0|13191897181002310|0|0
33|https://repl.it/repls/MealyPoisedSpecialist|Repl.it - MealyPoisedSpecialist|8|0|13191909477866840|0|0
34|https://docs.google.com/presentation/d/1ZGBVwbD055fzcnudI-pQU3fgEPk7WIt_AVH127H_qzQ/edit#slide=id.g3d17a7de66_0_194||1|0|13191903051945286|0|0
35|https://docs.google.com/presentation/d/1ZGBVwbD055fzcnudI-pQU3fgEPk7WIt_AVH127H_qzQ/edit#slide=id.g3d17a7de66_0_235||1|0|13191903054692942|0|0
36|https://docs.google.com/presentation/d/1ZGBVwbD055fzcnudI-pQU3fgEPk7WIt_AVH127H_qzQ/edit#slide=id.g3d17a7de66_0_295||1|0|13191903056683635|0|0
37|https://docs.google.com/presentation/d/1ZGBVwbD055fzcnudI-pQU3fgEPk7WIt_AVH127H_qzQ/edit#slide=id.g3c8fdf14fc_0_50||8|0|13191903841746005|0|0
38|https://docs.google.com/presentation/d/1ZGBVwbD055fzcnudI-pQU3fgEPk7WIt_AVH127H_qzQ/edit#slide=id.g3c8fdf14fc_0_36||8|0|13191915242611989|0|0
39|https://docs.google.com/presentation/d/1ZGBVwbD055fzcnudI-pQU3fgEPk7WIt_AVH127H_qzQ/edit#slide=id.g3c8fdf14fc_0_20||4|0|13191915241524762|0|0
40|https://docs.google.com/presentation/d/1ZGBVwbD055fzcnudI-pQU3fgEPk7WIt_AVH127H_qzQ/edit#slide=id.g3c8fdf14fc_0_43||4|0|13191904461465253|0|0
41|https://docs.google.com/presentation/d/1ZGBVwbD055fzcnudI-pQU3fgEPk7WIt_AVH127H_qzQ/edit#slide=id.g3c8fdf14fc_0_69||4|0|13191904463657318|0|0
42|https://docs.google.com/presentation/d/1ZGBVwbD055fzcnudI-pQU3fgEPk7WIt_AVH127H_qzQ/edit#slide=id.g3c8fdf14fc_0_76||7|0|13191904494550542|0|0
43|https://docs.google.com/presentation/d/1ZGBVwbD055fzcnudI-pQU3fgEPk7WIt_AVH127H_qzQ/edit#slide=id.g3c8fdf14fc_0_84||6|0|13191904636082141|0|0
44|https://docs.google.com/presentation/d/1ZGBVwbD055fzcnudI-pQU3fgEPk7WIt_AVH127H_qzQ/edit#slide=id.g3cbf3982fb_0_1||6|0|13191905262603365|0|0
45|https://docs.google.com/presentation/d/1ZGBVwbD055fzcnudI-pQU3fgEPk7WIt_AVH127H_qzQ/edit#slide=id.g3cbf3982fb_0_14||5|0|13191910888986875|0|0
46|https://docs.google.com/presentation/d/1ZGBVwbD055fzcnudI-pQU3fgEPk7WIt_AVH127H_qzQ/edit#slide=id.g3cbf3982fb_0_9||10|0|13191915232560106|0|0
47|https://docs.google.com/presentation/d/1ZGBVwbD055fzcnudI-pQU3fgEPk7WIt_AVH127H_qzQ/edit#slide=id.g3cbf3982fb_0_22||12|0|13191915232086734|0|0
48|https://docs.google.com/presentation/d/1ZGBVwbD055fzcnudI-pQU3fgEPk7WIt_AVH127H_qzQ/edit#slide=id.g3cbf3982fb_0_29||11|0|13191915231375134|0|0
49|https://docs.google.com/presentation/d/1ZGBVwbD055fzcnudI-pQU3fgEPk7WIt_AVH127H_qzQ/edit#slide=id.g3cbf3982fb_0_35||15|0|13191915230842946|0|0
50|https://docs.google.com/presentation/d/1ZGBVwbD055fzcnudI-pQU3fgEPk7WIt_AVH127H_qzQ/edit#slide=id.g3cbf3982fb_0_45||15|0|13191915230125503|0|0
51|https://docs.google.com/presentation/d/1ZGBVwbD055fzcnudI-pQU3fgEPk7WIt_AVH127H_qzQ/edit#slide=id.g3cbf3982fb_0_63||18|0|13191915229352462|0|0
52|https://docs.google.com/presentation/d/1ZGBVwbD055fzcnudI-pQU3fgEPk7WIt_AVH127H_qzQ/edit#slide=id.g3c8fdf14fc_0_96||10|0|13191913773372528|0|0
53|https://docs.google.com/presentation/d/1ZGBVwbD055fzcnudI-pQU3fgEPk7WIt_AVH127H_qzQ/edit#slide=id.g3c8fdf14fc_0_102||9|0|13191915233312766|0|0
54|https://docs.google.com/presentation/d/1ZGBVwbD055fzcnudI-pQU3fgEPk7WIt_AVH127H_qzQ/edit#slide=id.g3c8fdf14fc_0_108||10|0|13191915234154628|0|0
55|https://docs.google.com/presentation/d/1ZGBVwbD055fzcnudI-pQU3fgEPk7WIt_AVH127H_qzQ/edit#slide=id.g3c8fdf14fc_0_114||8|0|13191913775589611|0|0
56|https://docs.google.com/presentation/d/1ZGBVwbD055fzcnudI-pQU3fgEPk7WIt_AVH127H_qzQ/edit#slide=id.g3c8fdf14fc_0_120||1|0|13191913312733831|0|0
57|https://docs.google.com/presentation/d/1ZGBVwbD055fzcnudI-pQU3fgEPk7WIt_AVH127H_qzQ/edit#slide=id.g3c8fdf14fc_0_131||3|0|13191913764820307|0|0
58|https://www.google.com/search?q=function+pyhton+syndtax&oq=function+pyhton+syndtax&aqs=chrome..69i57j0l5.3064j0j7&sourceid=chrome&ie=UTF-8|function pyhton syndtax - Google Search|1|0|13191915264236260|0|0
59|https://www.google.com/search?q=function+python+syntax&source=lnms&tbm=isch&sa=X&ved=0ahUKEwiqmcu1vezfAhVLq48KHcNVD0EQ_AUIDigB&biw=1920&bih=942|function python syntax - Google Search|2|0|13191915269961192|0|0
60|https://www.google.com/search?q=function+python+syntax&source=lnms&tbm=isch&sa=X&ved=0ahUKEwiqmcu1vezfAhVLq48KHcNVD0EQ_AUIDigB&biw=1920&bih=942#imgrc=isLhO3WBtciqsM:||1|0|13191915269965897|0|0
61|https://www.google.com/url?sa=i&source=images&cd=&ved=0ahUKEwiE0r-3vezfAhWQCXwKHfimCiIQMwhAKAMwAw&url=https%3A%2F%2Fwww.slideshare.net%2FSaifuddinKaijar%2Fpython-basic-76159731&psig=AOvVaw0bV8DjO5AS7qAYg7Gw-3fH&ust=1547528068404203&ictx=3&uact=3|Python basic|1|0|13191915274102944|0|0
62|https://www.slideshare.net/SaifuddinKaijar/python-basic-76159731|Python basic|1|0|13191915274102944|0|0
63|https://www.google.com/search?q=function+python+syntax&source=lnms&tbm=isch&sa=X&ved=0ahUKEwiqmcu1vezfAhVLq48KHcNVD0EQ_AUIDigB&biw=1920&bih=942#imgrc=jY-NTpY6ElWFrM:||1|0|13191915274668910|0|0
64|https://www.google.com/search?q=function+python+syntax&source=lnms&tbm=isch&sa=X&ved=0ahUKEwiqmcu1vezfAhVLq48KHcNVD0EQ_AUIDigB&biw=1920&bih=942#imgrc=f5gYI1HOQGx3GM:||1|0|13191915275215162|0|0
65|https://www.google.com/search?q=function+python+syntax&source=lnms&tbm=isch&sa=X&ved=0ahUKEwiqmcu1vezfAhVLq48KHcNVD0EQ_AUIDigB&biw=1920&bih=942#imgrc=FETiUXI48jR3GM:||1|0|13191915278792554|0|0
66|https://docs.google.com/presentation/d/1ZGBVwbD055fzcnudI-pQU3fgEPk7WIt_AVH127H_qzQ/edit#slide=id.g3c8fdf14fc_0_0||2|0|13191981158207599|0|0
67|https://repl.it/@aatishthefish/BewitchedGargantuanHypotenuse||2|0|13191981163215460|0|0
68|http://summer2019.compclub.com/day2|CompClub.com|1|1|13191981535832452|0|0
69|http://summer2019.compclub.com/|CompClub.com|1|1|13191981550951182|0|0
70|https://summer2019.compclub.com.au/|Welcome to the CompClub Summer Spy School | CompClub 2019 Summer Workshops|5|3|13192077342136818|0|0
71|https://www.google.com/search?q=how+to+get+rainbow+on+turtle&oq=how+to+get+rainbow+on+turtle&aqs=chrome..69i57.12955j0j7&sourceid=chrome&ie=UTF-8|how to get rainbow on turtle - Google Search|1|0|13191997292351685|0|0
72|https://summer2019.compclub.com.au/day2|Welcome to Day 2 of the 2019 Comp Club Summer School | CompClub 2019 Summer Workshops|2|0|13192073552527665|0|0
73|https://docs.python.org/3/library/turtle.html|turtle — Turtle graphics — Python 3.7.2 documentation|1|0|13191991680373365|0|0
74|https://docs.python.org/3/library/turtle.html#turtle.color||1|0|13191997290933745|0|0
75|https://docs.google.com/presentation/d/1QMjMVsmMkqxMA9r-UGDEdqQpfkgFj901fAtXIWr-qAw/edit?usp=sharing|Copy of Game Development - Google Slides|2|0|13191997308794359|0|0
76|https://docs.google.com/presentation/d/1QMjMVsmMkqxMA9r-UGDEdqQpfkgFj901fAtXIWr-qAw/edit||1|0|13191997308839513|0|0
77|https://docs.google.com/presentation/d/1QMjMVsmMkqxMA9r-UGDEdqQpfkgFj901fAtXIWr-qAw/edit#slide=id.g337fd436a2_1_5||1|0|13191997309912220|0|0
78|https://docs.google.com/presentation/d/1QMjMVsmMkqxMA9r-UGDEdqQpfkgFj901fAtXIWr-qAw/edit#slide=id.p||1|0|13191997310131221|0|0
79|https://docs.google.com/presentation/d/1QMjMVsmMkqxMA9r-UGDEdqQpfkgFj901fAtXIWr-qAw/edit#slide=id.g4c0ab1ff68_0_7||1|0|13191997311457218|0|0
80|https://docs.google.com/presentation/d/1QMjMVsmMkqxMA9r-UGDEdqQpfkgFj901fAtXIWr-qAw/edit#slide=id.g337fd436a2_1_0||1|0|13191997312443983|0|0
81|https://docs.google.com/presentation/d/1QMjMVsmMkqxMA9r-UGDEdqQpfkgFj901fAtXIWr-qAw/edit#slide=id.g4c0ab1ff68_0_16||1|0|13191997312974899|0|0
82|https://docs.google.com/presentation/d/1QMjMVsmMkqxMA9r-UGDEdqQpfkgFj901fAtXIWr-qAw/edit#slide=id.g4c0ab1ffe2_0_71||4|0|13192073542914161|0|0
83|https://docs.google.com/presentation/d/1QMjMVsmMkqxMA9r-UGDEdqQpfkgFj901fAtXIWr-qAw/edit#slide=id.g4c0ab1ffe2_0_81|Copy of Game Development - Google Slides|3|0|13191998409312251|0|0
84|https://docs.google.com/presentation/d/1QMjMVsmMkqxMA9r-UGDEdqQpfkgFj901fAtXIWr-qAw/edit#slide=id.g4c0ab1ffe2_0_89||1|0|13191998405257828|0|0
85|https://docs.google.com/presentation/d/1QMjMVsmMkqxMA9r-UGDEdqQpfkgFj901fAtXIWr-qAw/edit#slide=id.g4c0ab1ffe2_0_97||1|0|13191998409913013|0|0
86|https://summer2019.compclub.com.au/day3|Day 3: Microbits! | CompClub 2019 Summer Workshops|14|0|13192078238432494|0|0
87|https://docs.google.com/presentation/d/14BvJKEm9pyPOfLtZMkCAMwwwF6nVjmo8G5C3P7PULuw/edit#slide=id.g337fd436a2_1_5|Microbits Workshop - Google Slides|8|0|13192077672274897|0|0
88|https://docs.google.com/presentation/d/14BvJKEm9pyPOfLtZMkCAMwwwF6nVjmo8G5C3P7PULuw/edit#slide=id.p||3|0|13192067497441682|0|0
89|https://docs.google.com/presentation/d/14BvJKEm9pyPOfLtZMkCAMwwwF6nVjmo8G5C3P7PULuw/edit#slide=id.g4c0710682e_0_15||5|0|13192067501095583|0|0
90|https://docs.google.com/presentation/d/14BvJKEm9pyPOfLtZMkCAMwwwF6nVjmo8G5C3P7PULuw/edit#slide=id.g4c0710682e_0_22||4|0|13192070413766718|0|0
91|https://docs.google.com/presentation/d/14BvJKEm9pyPOfLtZMkCAMwwwF6nVjmo8G5C3P7PULuw/edit#slide=id.g4c0710682e_0_29||2|0|13192070414360454|0|0
92|https://docs.google.com/presentation/d/14BvJKEm9pyPOfLtZMkCAMwwwF6nVjmo8G5C3P7PULuw/edit#slide=id.g4c0710682e_0_36||2|0|13192068186665121|0|0
93|http://python.microbit.org/|Micro:bit - Python editor|1|0|13192067579880211|0|0
94|https://python.microbit.org/|Micro:bit - Python editor|2|0|13192073641315206|0|0
95|https://python.microbit.org/v/1.1||2|0|13192082003300030|0|0
96|https://python-editor-1-1-2.microbit.org/#||2|0|13192074483895230|1|0
97|https://docs.google.com/presentation/d/14BvJKEm9pyPOfLtZMkCAMwwwF6nVjmo8G5C3P7PULuw/edit#slide=id.g4c0710682e_0_43||1|0|13192068185178225|0|0
98|https://microbit.org/guide/python/|MicroPython | micro:bit|3|0|13192073622529913|0|0
99|http://microbit-micropython.readthedocs.org/en/latest/tutorials/images.html|Images — BBC micro:bit MicroPython 1.0.1 documentation|1|0|13192068243016227|0|0
100|http://microbit-micropython.readthedocs.io/en/latest/tutorials/images.html|Images — BBC micro:bit MicroPython 1.0.1 documentation|1|0|13192068243016227|0|0
101|https://microbit-micropython.readthedocs.io/en/latest/tutorials/images.html|Images — BBC micro:bit MicroPython 1.0.1 documentation|1|0|13192068243016227|0|0
102|https://www.youtube.com/watch?v=dQw4w9WgXcQ|YouTube|5|0|13192077347847386|0|0
103|https://summer2019.compclub.com.au/day3_templates/morse_code_template.html|Morse Code Template | CompClub 2019 Summer Workshops|2|0|13192068784646500|0|0
104|https://docs.google.com/presentation/d/14BvJKEm9pyPOfLtZMkCAMwwwF6nVjmo8G5C3P7PULuw/edit#slide=id.g4c0710682e_0_92||1|0|13192070416273851|0|0
105|https://docs.google.com/presentation/d/14BvJKEm9pyPOfLtZMkCAMwwwF6nVjmo8G5C3P7PULuw/edit#slide=id.g4c0710682e_0_83||1|0|13192070417324078|0|0
106|https://docs.google.com/presentation/d/14BvJKEm9pyPOfLtZMkCAMwwwF6nVjmo8G5C3P7PULuw/edit#slide=id.g4d695ae937_0_23||3|0|13192073867252415|0|0
107|https://docs.google.com/presentation/d/14BvJKEm9pyPOfLtZMkCAMwwwF6nVjmo8G5C3P7PULuw/edit#slide=id.g4d695ae937_0_29||1|0|13192070420090405|0|0
108|https://docs.google.com/presentation/d/14BvJKEm9pyPOfLtZMkCAMwwwF6nVjmo8G5C3P7PULuw/edit#slide=id.g4c0710682e_0_119||2|0|13192077674906913|0|0
109|https://docs.google.com/presentation/d/14BvJKEm9pyPOfLtZMkCAMwwwF6nVjmo8G5C3P7PULuw/edit#slide=id.g4c0710682e_0_128||2|0|13192073868372762|0|0
110|https://docs.google.com/presentation/d/14BvJKEm9pyPOfLtZMkCAMwwwF6nVjmo8G5C3P7PULuw/edit#slide=id.g4c0710682e_0_135||2|0|13192073869153973|0|0
111|https://docs.google.com/presentation/d/14BvJKEm9pyPOfLtZMkCAMwwwF6nVjmo8G5C3P7PULuw/edit#slide=id.g4c0710682e_0_143||1|0|13192070427410535|0|0
112|https://docs.google.com/presentation/d/14BvJKEm9pyPOfLtZMkCAMwwwF6nVjmo8G5C3P7PULuw/edit#slide=id.g4c0710682e_0_124||1|0|13192073254465319|0|0
113|https://docs.google.com/presentation/d/14BvJKEm9pyPOfLtZMkCAMwwwF6nVjmo8G5C3P7PULuw/edit#slide=id.g4c0710682e_0_150||2|0|13192073938885440|0|0
114|https://docs.google.com/presentation/d/14BvJKEm9pyPOfLtZMkCAMwwwF6nVjmo8G5C3P7PULuw/edit#slide=id.g4c0710682e_0_161||1|0|13192073394266413|0|0
115|https://docs.google.com/presentation/d/14BvJKEm9pyPOfLtZMkCAMwwwF6nVjmo8G5C3P7PULuw/edit#slide=id.g4c0710682e_0_168||1|0|13192073399074340|0|0
116|https://docs.google.com/presentation/d/14BvJKEm9pyPOfLtZMkCAMwwwF6nVjmo8G5C3P7PULuw/edit#slide=id.g4c0710682e_0_175||2|0|13192073940260775|0|0
117|https://docs.google.com/presentation/d/14BvJKEm9pyPOfLtZMkCAMwwwF6nVjmo8G5C3P7PULuw/edit#slide=id.g4c0710682e_0_181||3|0|13192077675905106|0|0
118|https://summer2019.compclub.com.au/day3_templates/reaction_timer_template.html|Reaction Time Template | CompClub 2019 Summer Workshops|2|0|13192073645377831|0|0
119|https://accounts.google.com/ServiceLogin?service=wise&passive=1209600&continue=https://docs.google.com/presentation/d/14BvJKEm9pyPOfLtZMkCAMwwwF6nVjmo8G5C3P7PULuw/edit&followup=https://docs.google.com/presentation/d/14BvJKEm9pyPOfLtZMkCAMwwwF6nVjmo8G5C3P7PULuw/edit&ltmpl=slides|Google Slides: Sign-in|3|0|13192075583919795|0|0
120|https://accounts.google.com/signin/v2/identifier?service=wise&passive=1209600&continue=https%3A%2F%2Fdocs.google.com%2Fpresentation%2Fd%2F14BvJKEm9pyPOfLtZMkCAMwwwF6nVjmo8G5C3P7PULuw%2Fedit&followup=https%3A%2F%2Fdocs.google.com%2Fpresentation%2Fd%2F14BvJKEm9pyPOfLtZMkCAMwwwF6nVjmo8G5C3P7PULuw%2Fedit&ltmpl=slides&flowName=GlifWebSignIn&flowEntry=ServiceLogin||1|0|13192075583947652|0|0
121|https://accounts.google.com/signin/v2/usernamerecovery?service=wise&passive=1209600&continue=https%3A%2F%2Fdocs.google.com%2Fpresentation%2Fd%2F14BvJKEm9pyPOfLtZMkCAMwwwF6nVjmo8G5C3P7PULuw%2Fedit&followup=https%3A%2F%2Fdocs.google.com%2Fpresentation%2Fd%2F14BvJKEm9pyPOfLtZMkCAMwwwF6nVjmo8G5C3P7PULuw%2Fedit&ltmpl=slides&flowName=GlifWebSignIn&flowEntry=ServiceLogin||1|0|13192075625723309|0|0
122|https://www.google.com/search?q=unsw&oq=unsw&aqs=chrome..69i57j0l5.1647j0j7&sourceid=chrome&ie=UTF-8|unsw - Google Search|1|0|13192075641666540|0|0
123|https://www.unsw.edu.au/|Search all UNSW websites - UNSW Sydney|2|0|13192075652923232|0|0
124|https://www.unsw.edu.au/search/unsw?kw=steven%20hao|Search all UNSW websites - UNSW Sydney|1|0|13192075652923232|0|0
125|https://www.google.com/url?q=https://med.unsw.edu.au/people/associate-professor-yong-li&sa=U&ved=0ahUKEwjvrrr1kvHfAhWWfH0KHdceCA0QFggGMAE&client=internal-uds-cse&cx=000994433739696123907:rmrfmaq5j9i&usg=AOvVaw2uptP65QGF-tF8Fh1qDfGe|Associate Professor Yong Li | Medicine|1|0|13192075659761132|0|0
126|https://med.unsw.edu.au/people/associate-professor-yong-li|Associate Professor Yong Li | Medicine|1|0|13192075659761132|0|0
127|https://www.google.com/search?q=gmail&oq=gmail&aqs=chrome..69i57j0l5.968j0j7&sourceid=chrome&ie=UTF-8|gmail - Google Search|1|0|13192075683808703|0|0
128|https://www.google.com/gmail/|Gmail - Free Storage and Email from Google|1|0|13192075685820193|0|0
129|https://mail.google.com/mail/|Gmail - Free Storage and Email from Google|1|0|13192075685820193|0|0
130|https://accounts.google.com/ServiceLogin?service=mail&passive=true&rm=false&continue=https://mail.google.com/mail/&ss=1&scc=1&ltmpl=default&ltmplcache=2&emr=1&osid=1#|Gmail - Free Storage and Email from Google|1|0|13192075685820193|0|0
131|https://mail.google.com/intl/en-GB/mail/help/about.html#|Gmail - Free Storage and Email from Google|1|0|13192075685820193|0|0
132|https://www.google.com/intl/en-GB/mail/help/about.html#|Gmail - Free Storage and Email from Google|1|0|13192075685820193|0|0
133|https://www.google.com/intl/en-GB/gmail/about/#|Gmail - Free Storage and Email from Google|1|0|13192075685820193|0|0
134|https://accounts.google.com/AccountChooser?service=mail&continue=https://mail.google.com/mail/|Gmail|1|0|13192075688006866|0|0
135|https://accounts.google.com/ServiceLogin?continue=https%3A%2F%2Fmail.google.com%2Fmail%2F&service=mail&sacu=1&rip=1|Gmail|3|0|13192075688520624|0|0
136|https://accounts.google.com/signin/v2/identifier?continue=https%3A%2F%2Fmail.google.com%2Fmail%2F&service=mail&sacu=1&rip=1&flowName=GlifWebSignIn&flowEntry=ServiceLogin||2|0|13192077329946889|0|0
137|https://accounts.google.com/ServiceLogin?continue=https%3A%2F%2Fmail.google.com%2Fmail%2F&service=mail&sacu=1&rip=1&flowName=GlifWebSignIn&flowEntry=ServiceLogin||3|0|13192077329914247|0|0
138|https://docs.google.com/presentation/d/14BvJKEm9pyPOfLtZMkCAMwwwF6nVjmo8G5C3P7PULuw/edit#slide=id.g4c0710682e_0_210||2|0|13192077686832267|0|0
139|https://docs.google.com/presentation/d/14BvJKEm9pyPOfLtZMkCAMwwwF6nVjmo8G5C3P7PULuw/edit#slide=id.g337fd436a2_1_0||1|0|13192077679786788|0|0
140|https://docs.google.com/presentation/d/14BvJKEm9pyPOfLtZMkCAMwwwF6nVjmo8G5C3P7PULuw/edit#slide=id.g4c0710682e_0_195||1|0|13192078235515840|0|0
141|https://summer2019.compclub.com.au/day3_templates/hot_or_cold_template.html|Hot or Cold Template | CompClub 2019 Summer Workshops|1|0|13192082003430344|0|0
142|https://www.google.com/search?q=nsb+quad&oq=nsb+quad&aqs=chrome..69i57j0.2912j0j7&sourceid=chrome&ie=UTF-8|nsb quad - Google Search|1|0|13192081863165953|0|0
143|https://www.google.com/search?q=nsb+quad&source=lnms&tbm=isch&sa=X&ved=0ahUKEwjMsZOGqvHfAhXOfisKHcfhDCwQ_AUIDigB&biw=1920&bih=942|nsb quad - Google Search|1|0|13192081865324197|0|0
144|https://www.google.com/search?biw=1920&bih=942&tbm=isch&sa=1&ei=yaA-XNevCYTp9QOcvZ3QDA&q=north+sydey+boys+quad&oq=north+sydey+boys+quad&gs_l=img.3...2224.9033..9381...1.0..0.211.2562.0j17j1......0....1..gws-wiz-img.......0i7i30j0i8i30j0.bNDoQXSL8ts|north sydey boys quad - Google Search|2|0|13192081880463635|0|0
145|https://www.google.com/search?biw=1920&bih=942&tbm=isch&sa=1&ei=yaA-XNevCYTp9QOcvZ3QDA&q=north+sydey+boys+quad&oq=north+sydey+boys+quad&gs_l=img.3...2224.9033..9381...1.0..0.211.2562.0j17j1......0....1..gws-wiz-img.......0i7i30j0i8i30j0.bNDoQXSL8ts#imgrc=4Ek1HVedUpnRUM:||1|0|13192081880466618|0|0
146|https://www.google.com/search?biw=1920&bih=942&tbm=isch&sa=1&ei=yaA-XNevCYTp9QOcvZ3QDA&q=north+sydey+boys+quad&oq=north+sydey+boys+quad&gs_l=img.3...2224.9033..9381...1.0..0.211.2562.0j17j1......0....1..gws-wiz-img.......0i7i30j0i8i30j0.bNDoQXSL8ts#imgrc=_||1|0|13192081883328292|0|0
147|https://www.google.com/search?q=north+sydney+boys+quad&source=lnms&sa=X&ved=0ahUKEwi30o6MqvHfAhXFbn0KHYj7BN8Q_AUICSgA&biw=1920&bih=942&dpr=1|north sydney boys quad - Google Search|1|0|13192081887461427|0|0
148|https://www.google.com/search?q=1000+%2B+2000+%2B+3000+%2B+3000+%2B1000&oq=1000+%2B+2000+%2B+3000+%2B+3000+%2B1000&aqs=chrome..69i57j6.8850j0j7&sourceid=chrome&ie=UTF-8|1000 + 2000 + 3000 + 3000 +1000 - Google Search|1|0|13192258006662258|0|0
149|https://www.google.com/search?q=slitherio&oq=slitherio&aqs=chrome..69i57j0l5.2315j0j7&sourceid=chrome&ie=UTF-8|slitherio - Google Search|1|0|13192258280861000|0|0
150|http://slither.io/|slither.io|1|0|13192258285805127|0|0
