2019-01-07 02:54:40|https://www.mozilla.org/privacy/firefox/
2019-01-07 02:54:41|https://www.mozilla.org/en-US/privacy/firefox/
2019-01-07 02:54:57|https://aframe.io/
2019-01-07 02:56:05|https://aframe.io/examples/showcase/helloworld/
2019-01-07 02:56:12|https://glitch.com/~aframe
2019-01-07 02:56:55|https://glitch.com/edit/#!/aframe
2019-01-07 02:56:57|https://glitch.com/edit/#!/
2019-01-07 02:56:57|https://glitch.com/edit/#!/aframe
2019-01-07 02:57:05|https://glitch.com/edit/#!/aframe?path=README.md:1:0
2019-01-07 02:59:52|https://glitch.com/~aframe
2019-01-07 03:00:19|https://glitch.com/edit/#!/remix/aframe
2019-01-07 03:00:22|https://glitch.com/edit/#!/
2019-01-07 03:00:22|https://glitch.com/edit/#!/salty-dinosaur-1
2019-01-07 03:03:20|https://glitch.com/edit/#!/salty-dinosaur-1?path=index.html:11:66
2019-01-07 03:03:21|https://salty-dinosaur-1.glitch.me/
2019-01-07 03:09:29|https://salty-dinosaur-1.glitch.me/
2019-01-07 03:09:36|https://salty-dinosaur-1.glitch.me/
2019-01-07 03:09:53|https://glitch.com/edit/#!/salty-dinosaur-1?path=index.html:14:85
2019-01-07 03:10:02|https://glitch.com/edit/#!/salty-dinosaur-1?path=index.html:11:64
2019-01-07 03:13:11|https://salty-dinosaur-1.glitch.me/
2019-01-07 03:13:12|https://salty-dinosaur-1.glitch.me/
2019-01-07 03:13:17|https://salty-dinosaur-1.glitch.me/
2019-01-07 03:13:20|https://salty-dinosaur-1.glitch.me/
2019-01-07 03:13:22|https://salty-dinosaur-1.glitch.me/
2019-01-07 03:13:25|https://salty-dinosaur-1.glitch.me/
2019-01-07 03:13:26|https://salty-dinosaur-1.glitch.me/
2019-01-07 03:13:30|https://salty-dinosaur-1.glitch.me/
2019-01-07 03:13:31|https://salty-dinosaur-1.glitch.me/
2019-01-07 03:13:31|https://salty-dinosaur-1.glitch.me/
2019-01-07 03:13:33|https://salty-dinosaur-1.glitch.me/
2019-01-07 03:13:36|https://salty-dinosaur-1.glitch.me/
2019-01-07 03:13:42|https://salty-dinosaur-1.glitch.me/
2019-01-07 03:13:44|https://salty-dinosaur-1.glitch.me/
2019-01-07 03:13:44|https://salty-dinosaur-1.glitch.me/
2019-01-07 03:13:45|https://salty-dinosaur-1.glitch.me/
2019-01-07 03:13:46|https://salty-dinosaur-1.glitch.me/
2019-01-07 03:13:50|https://salty-dinosaur-1.glitch.me/
2019-01-07 03:13:52|https://salty-dinosaur-1.glitch.me/
2019-01-07 03:13:54|https://salty-dinosaur-1.glitch.me/
2019-01-07 03:13:55|https://salty-dinosaur-1.glitch.me/
2019-01-07 03:13:57|https://salty-dinosaur-1.glitch.me/
2019-01-07 03:13:59|https://salty-dinosaur-1.glitch.me/
2019-01-07 03:14:00|https://salty-dinosaur-1.glitch.me/
2019-01-07 03:14:01|https://salty-dinosaur-1.glitch.me/
2019-01-07 03:14:03|https://salty-dinosaur-1.glitch.me/
2019-01-07 03:14:05|https://salty-dinosaur-1.glitch.me/
2019-01-07 03:14:07|https://salty-dinosaur-1.glitch.me/
2019-01-07 03:14:11|https://salty-dinosaur-1.glitch.me/
2019-01-07 03:15:36|https://salty-dinosaur-1.glitch.me/
2019-01-07 03:15:39|https://salty-dinosaur-1.glitch.me/
2019-01-07 03:15:41|https://salty-dinosaur-1.glitch.me/
2019-01-07 03:15:42|https://salty-dinosaur-1.glitch.me/
2019-01-07 03:15:48|https://salty-dinosaur-1.glitch.me/
2019-01-07 03:15:49|https://salty-dinosaur-1.glitch.me/
2019-01-07 03:15:52|https://salty-dinosaur-1.glitch.me/
2019-01-07 03:15:53|https://salty-dinosaur-1.glitch.me/
2019-01-07 03:15:54|https://salty-dinosaur-1.glitch.me/
2019-01-07 03:15:56|https://salty-dinosaur-1.glitch.me/
2019-01-07 03:15:58|https://salty-dinosaur-1.glitch.me/
2019-01-07 03:16:02|https://salty-dinosaur-1.glitch.me/
2019-01-07 03:16:03|https://salty-dinosaur-1.glitch.me/
2019-01-07 03:16:05|https://salty-dinosaur-1.glitch.me/
2019-01-07 03:16:07|https://salty-dinosaur-1.glitch.me/
2019-01-07 03:16:08|https://salty-dinosaur-1.glitch.me/
2019-01-07 03:16:15|https://salty-dinosaur-1.glitch.me/
2019-01-07 03:16:16|https://salty-dinosaur-1.glitch.me/
2019-01-07 03:16:19|https://salty-dinosaur-1.glitch.me/
2019-01-07 03:16:22|https://salty-dinosaur-1.glitch.me/
2019-01-07 03:16:24|https://salty-dinosaur-1.glitch.me/
2019-01-07 03:16:25|https://salty-dinosaur-1.glitch.me/
2019-01-07 03:16:26|https://salty-dinosaur-1.glitch.me/
2019-01-07 03:16:27|https://salty-dinosaur-1.glitch.me/
2019-01-07 03:16:29|https://glitch.com/edit/#!/salty-dinosaur-1?path=index.html:19:10
2019-01-07 03:17:04|https://salty-dinosaur-1.glitch.me/
2019-01-07 03:17:05|https://salty-dinosaur-1.glitch.me/
2019-01-07 03:17:06|https://salty-dinosaur-1.glitch.me/
2019-01-07 03:17:07|https://salty-dinosaur-1.glitch.me/
2019-01-07 03:17:27|https://salty-dinosaur-1.glitch.me/
2019-01-07 03:17:39|https://salty-dinosaur-1.glitch.me/
2019-01-07 03:17:40|https://salty-dinosaur-1.glitch.me/
2019-01-07 03:17:43|https://salty-dinosaur-1.glitch.me/
2019-01-07 03:17:47|https://salty-dinosaur-1.glitch.me/
2019-01-07 03:17:57|https://salty-dinosaur-1.glitch.me/
2019-01-07 03:17:58|https://salty-dinosaur-1.glitch.me/
2019-01-07 03:18:02|https://glitch.com/edit/#!/salty-dinosaur-1?path=index.html:25:7
2019-01-07 03:18:32|https://salty-dinosaur-1.glitch.me/
2019-01-07 03:18:37|https://salty-dinosaur-1.glitch.me/
2019-01-07 03:18:38|https://glitch.com/edit/#!/salty-dinosaur-1?path=index.html:21:8
2019-01-07 03:18:50|https://salty-dinosaur-1.glitch.me/
2019-01-07 03:18:54|https://glitch.com/edit/#!/salty-dinosaur-1?path=index.html:27:34
2019-01-07 03:19:41|https://salty-dinosaur-1.glitch.me/
2019-01-07 03:19:42|https://salty-dinosaur-1.glitch.me/
2019-01-07 03:19:43|https://salty-dinosaur-1.glitch.me/
2019-01-07 03:19:47|https://salty-dinosaur-1.glitch.me/
2019-01-07 03:19:50|https://salty-dinosaur-1.glitch.me/
2019-01-07 03:19:51|https://salty-dinosaur-1.glitch.me/
2019-01-07 03:19:53|https://glitch.com/edit/#!/salty-dinosaur-1?path=index.html:28:34
2019-01-07 03:20:10|https://salty-dinosaur-1.glitch.me/
2019-01-07 03:20:12|https://salty-dinosaur-1.glitch.me/
2019-01-07 03:20:15|https://salty-dinosaur-1.glitch.me/
2019-01-07 03:20:17|https://salty-dinosaur-1.glitch.me/
2019-01-07 03:20:33|https://salty-dinosaur-1.glitch.me/
2019-01-07 03:20:37|https://salty-dinosaur-1.glitch.me/
2019-01-07 03:20:38|https://salty-dinosaur-1.glitch.me/
2019-01-07 03:20:39|https://glitch.com/edit/#!/salty-dinosaur-1?path=index.html:25:13
2019-01-16 03:43:25|https://www.google.com/search?q=microbit+python+editor&ie=utf-8&oe=utf-8&client=firefox-b-ab
2019-01-16 03:43:27|https://python.microbit.org/
2019-01-16 03:43:27|https://python.microbit.org/v/1.1
2019-01-16 03:43:49|https://python-editor-1-1-2.microbit.org/#
2019-01-16 04:55:27|https://www.google.com/search?q=turtle+move+python&ie=utf-8&oe=utf-8&client=firefox-b-ab
2019-01-16 04:55:29|https://docs.python.org/2/library/turtle.html
2019-01-18 01:00:21|http://ctf.compclub.com.au/
2019-01-18 01:00:21|https://ctf.compclub.com.au/
2019-01-18 01:00:21|https://ctf.compclub.com.au/invite?next=%2F
2019-01-18 01:00:21|https://ctf.compclub.com.au/invite/
2019-01-18 01:13:53|https://ctf.compclub.com.au/
2019-01-18 01:16:09|https://www.google.com/
2019-01-18 01:16:17|https://www.google.com/search?source=hp&ei=2ShBXODCGc39rQG5z5GgDQ&q=free+wifi+hotels&btnK=Google+Search&oq=free+wifi+hotels&gs_l=psy-ab.3..0l2j0i22i30l8.3667.6002..7895...0.0..0.200.2300.0j15j1......0....1..gws-wiz.....0..0i131.h92zPkcU4X4
2019-01-18 01:16:44|https://www.google.com/search?ei=4ShBXL_IJNW99QPk16OQCA&q=i+rate+the+hotel+4%2F5.+It+didn%27t+have+free+internet&oq=i+rate+the+hotel+4%2F5.+It+didn%27t+have+free+internet&gs_l=psy-ab.3..33i21.18104.25917..26022...0.0..0.318.8204.0j37j11j1......0....1..gws-wiz.......0i71j0i131j0j0i67j0i10j0i22i30j33i22i29i30j33i160.6XirewGq4OM
2019-01-18 01:16:49|https://maps.google.com/maps?q=i+rate+the+hotel+4/5.+It+didn%27t+have+free+internet&um=1&ie=UTF-8&sa=X&ved=0ahUKEwjloK-dlPbfAhVEeisKHS5WDx0Q_AUIECgD
2019-01-18 01:16:50|https://www.google.com/maps?q=i+rate+the+hotel+4/5.+It+didn%27t+have+free+internet&um=1&ie=UTF-8&sa=X&ved=0ahUKEwjloK-dlPbfAhVEeisKHS5WDx0Q_AUIECgD
2019-01-18 01:16:55|https://www.google.com/maps/search/i+rate+the+hotel+4%2F5.+It+didn't+have+free+internet/@-33.918976,151.2308736,13z/data=!3m1!4b1
2019-01-18 01:17:59|https://www.google.com/search?client=firefox-b-d&q=2019
2019-01-18 01:25:53|https://www.google.com/search?client=firefox-b-d&ei=RylBXLDYNMX89QPXm6CwDA&q=2+%2B+2+is+four.+Do+it+again%2C+do+it+once+more.+split+the+sight%2C+take+the+right%3F&oq=2+%2B+2+is+four.+Do+it+again%2C+do+it+once+more.+split+the+sight%2C+take+the+right%3F&gs_l=psy-ab.3...443611.472168..472384...1.0..0.220.10902.0j75j2......0....1..gws-wiz.......0i67j0i131i67j0i131j0j0i22i30j0i22i10i30j33i22i29i30j33i21j33i160.ktncZxry_j0
2019-01-18 01:26:02|https://www.google.com/search?client=firefox-b-d&ei=ICtBXJW4NJGy9QO7v7uYAg&q=number+riddles&oq=number+riddles&gs_l=psy-ab.3..0l10.6642.8361..8503...0.0..0.148.1803.0j14......0....1..gws-wiz.......0i71j0i131j0i67.MWDadE783XE
2019-01-18 01:26:05|https://www.mathwarehouse.com/riddles/math-riddles.php
2019-01-18 01:28:21|https://www.google.com/search?client=firefox-b-d&q=tasmanian+greetings
2019-01-18 01:28:25|http://nla.gov.au/nla.news-article15005185
2019-01-18 01:28:25|http://trove.nla.gov.au/newspaper/article/15005185
2019-01-18 01:28:25|https://trove.nla.gov.au/newspaper/article/15005185
2019-01-18 01:29:07|https://www.google.com/search?client=firefox-b-d&q=plain+sight
2019-01-18 01:29:26|https://www.google.com/search?client=firefox-b-d&ei=4ytBXOCFA4-oyAOB5LrwDQ&q=PlainSite+flag&oq=PlainSite+flag&gs_l=psy-ab.3...14633.17689..17802...0.0..0.170.1727.0j13......0....1..gws-wiz.......0i71j0i67j0i131j0j0i10j0i22i30j0i22i10i30.pcfGJUutU60
2019-01-18 01:31:55|https://www.google.com/search?client=firefox-b-d&q=cse+2019
2019-01-18 01:32:14|https://ctf.compclub.com.au/invite/
2019-01-18 01:32:28|https://www.google.com/search?client=firefox-b-d&q=2019+cse+complclub
1|https://www.mozilla.org/privacy/firefox/||1|0|13191303280000000|1|0
2|https://aframe.io/|A-Frame – Make WebVR|4|3|13191307325111393|0|0
3|https://aframe.io/examples/showcase/helloworld/|Hello WebVR – A-Frame|3|0|13191307330232816|0|0
4|https://glitch.com/~aframe|aframe|4|0|13191307332905228|0|0
5|https://glitch.com/edit/#!/aframe|README.md – aframe|2|0|13191303415000000|0|0
6|https://glitch.com/edit/#!/|Glitch :･ﾟ✧|3|0|13191307421018795|0|0
7|https://glitch.com/edit/#!/aframe?path=README.md:1:0|README.md – aframe|1|0|13191303425000000|0|0
8|https://glitch.com/edit/#!/remix/aframe|Glitch :･ﾟ✧|3|0|13191307419385700|0|0
9|https://glitch.com/edit/#!/salty-dinosaur-1|index.html – salty-dinosaur-1|1|0|13191303622000000|0|0
10|https://glitch.com/edit/#!/salty-dinosaur-1?path=index.html:11:66|index.html – salty-dinosaur-1|1|0|13191303800000000|0|0
11|https://salty-dinosaur-1.glitch.me/|Hello, WebVR! • A-Frame|83|0|13191303801000000|0|0
12|https://glitch.com/edit/#!/salty-dinosaur-1?path=index.html:14:85|index.html – salty-dinosaur-1|1|0|13191304193000000|0|0
13|https://glitch.com/edit/#!/salty-dinosaur-1?path=index.html:11:64|index.html – salty-dinosaur-1|1|0|13191304202000000|0|0
14|https://glitch.com/edit/#!/salty-dinosaur-1?path=index.html:19:10|index.html – salty-dinosaur-1|1|0|13191304589000000|0|0
15|https://glitch.com/edit/#!/salty-dinosaur-1?path=index.html:25:7|index.html – salty-dinosaur-1|1|0|13191304682000000|0|0
16|https://glitch.com/edit/#!/salty-dinosaur-1?path=index.html:21:8|index.html – salty-dinosaur-1|1|0|13191304718000000|0|0
17|https://glitch.com/edit/#!/salty-dinosaur-1?path=index.html:27:34|index.html – salty-dinosaur-1|1|0|13191304734000000|0|0
18|https://glitch.com/edit/#!/salty-dinosaur-1?path=index.html:28:34|index.html – salty-dinosaur-1|1|0|13191304793000000|0|0
19|https://glitch.com/edit/#!/salty-dinosaur-1?path=index.html:25:13|index.html – salty-dinosaur-1|1|0|13191304839000000|0|0
20|https://aframe.io/docs/0.8.0/introduction|Introduction – A-Frame|1|1|13191306971602819|0|0
21|http://aframe.io/docs/0.8.0/introduction/|Introduction – A-Frame|1|0|13191306971602819|0|0
22|https://aframe.io/docs/0.8.0/introduction/|Introduction – A-Frame|1|0|13191306971602819|0|0
23|https://glitch.com/edit/#!/buttercup-ceiling|index.html – buttercup-ceiling|2|0|13191307427292968|0|0
24|https://glitch.com/edit/#!/buttercup-ceiling?path=index.html:17:7|README.md – buttercup-ceiling|8|0|13191308890593334|0|0
25|https://buttercup-ceiling.glitch.me/|Hello, WebVR! • A-Frame|34|0|13191308914680711|0|0
26|https://glitch.com/edit/#!/buttercup-ceiling?path=index.html:11:63||3|0|13191308741839122|0|0
27|https://glitch.com/edit/#!/buttercup-ceiling?path=index.html:14:88||2|0|13191308861777533|0|0
28|https://glitch.com/edit/#!/buttercup-ceiling?path=index.html:13:75||1|0|13191308896481465|0|0
29|https://glitch.com/edit/#!/buttercup-ceiling?path=index.html:14:81||1|0|13191308914521585|0|0
30|http://summer2019.compclub.com.au/day1|Introduction to Python | CompClub 2019 Summer Workshops|1|1|13191896957326224|0|0
31|https://summer2019.compclub.com.au/day1|Introduction to Python | CompClub 2019 Summer Workshops|2|0|13191902811527488|0|0
32|https://docs.google.com/presentation/d/1ZGBVwbD055fzcnudI-pQU3fgEPk7WIt_AVH127H_qzQ/edit?usp=sharing|Introduction to Python - Google Slides|4|0|13191902814237758|0|0
33|https://docs.google.com/presentation/d/1ZGBVwbD055fzcnudI-pQU3fgEPk7WIt_AVH127H_qzQ/edit||2|0|13191902814281991|0|0
34|https://docs.google.com/presentation/d/1ZGBVwbD055fzcnudI-pQU3fgEPk7WIt_AVH127H_qzQ/edit#slide=id.g3cbf3982fb_4_0||3|0|13191902815493376|0|0
35|https://docs.google.com/presentation/d/1ZGBVwbD055fzcnudI-pQU3fgEPk7WIt_AVH127H_qzQ/edit#slide=id.g3d17a7de66_0_44||2|0|13191897122869103|0|0
36|https://docs.google.com/presentation/d/1ZGBVwbD055fzcnudI-pQU3fgEPk7WIt_AVH127H_qzQ/edit#slide=id.g3d17a7de66_0_155||1|0|13191897124035988|0|0
37|https://repl.it/languages/python3|Repl.it - ElaborateAttentiveLead|6|0|13192251638452041|0|0
38|https://repl.it/repls/AutomaticMuffledBetaversion|Repl.it - AutomaticMuffledBetaversion|3|0|13191914312677681|0|0
39|https://repl.it/auth/google/get?close=1|Forwarding ...|1|0|13191897461985590|0|0
40|https://accounts.google.com/o/oauth2/v2/auth?access_type=offline&response_type=code&redirect_uri=https%3A%2F%2Frepl.it%2Fauth%2Fgoogle%2Fcallback&scope=email%20profile&state=close%3D1&client_id=551333139604-3e6vevagfdvcipqacu0qtfbpkb6285h9.apps.googleusercontent.com|Forwarding ...|1|0|13191897461985590|0|0
41|https://accounts.google.com/signin/oauth?client_id=551333139604-3e6vevagfdvcipqacu0qtfbpkb6285h9.apps.googleusercontent.com&as=KKlNeBmhjKREMZ5ipfxj0w&destination=https://repl.it&approval_state=!ChQtQmdkUFoxRlNCMTFYbzZVWFVMZRIfRTgtMEp4VW9tTmtjOEhuU1JuY2dubXJleVdTYWhCWQ%E2%88%99APNbktkAAAAAXD0h9fDHlDq8h0o732KBz9hAHMoJRI8n&oauthgdpr=1&xsrfsig=ChkAeAh8T1XsBcjT3HdKRmT6NdCQkDqva1KfEg5hcHByb3ZhbF9zdGF0ZRILZGVzdGluYXRpb24SBXNvYWN1Eg9vYXV0aHJpc2t5c2NvcGU|Sign in – Google accounts|3|0|13191897462810976|0|0
42|https://accounts.google.com/signin/oauth/identifier?client_id=551333139604-3e6vevagfdvcipqacu0qtfbpkb6285h9.apps.googleusercontent.com&as=KKlNeBmhjKREMZ5ipfxj0w&destination=https%3A%2F%2Frepl.it&approval_state=!ChQtQmdkUFoxRlNCMTFYbzZVWFVMZRIfRTgtMEp4VW9tTmtjOEhuU1JuY2dubXJleVdTYWhCWQ%E2%88%99APNbktkAAAAAXD0h9fDHlDq8h0o732KBz9hAHMoJRI8n&oauthgdpr=1&xsrfsig=ChkAeAh8T1XsBcjT3HdKRmT6NdCQkDqva1KfEg5hcHByb3ZhbF9zdGF0ZRILZGVzdGluYXRpb24SBXNvYWN1Eg9vYXV0aHJpc2t5c2NvcGU&flowName=GeneralOAuthFlow||1|0|13191897463025238|0|0
43|https://accounts.google.com/signin/v2/challenge/pwd?client_id=551333139604-3e6vevagfdvcipqacu0qtfbpkb6285h9.apps.googleusercontent.com&as=KKlNeBmhjKREMZ5ipfxj0w&destination=https%3A%2F%2Frepl.it&approval_state=!ChQtQmdkUFoxRlNCMTFYbzZVWFVMZRIfRTgtMEp4VW9tTmtjOEhuU1JuY2dubXJleVdTYWhCWQ%E2%88%99APNbktkAAAAAXD0h9fDHlDq8h0o732KBz9hAHMoJRI8n&oauthgdpr=1&xsrfsig=ChkAeAh8T1XsBcjT3HdKRmT6NdCQkDqva1KfEg5hcHByb3ZhbF9zdGF0ZRILZGVzdGluYXRpb24SBXNvYWN1Eg9vYXV0aHJpc2t5c2NvcGU&flowName=GeneralOAuthFlow&TL=AHnYQLydfJvx6nwB3DHB1sogBljKDKOWMSY--abqEqc4JmK2eU3_HK3--lYyGUtTe0rI8AdpRAf1_9vxVNQggzmuaiih-mZwbGDxe07NdjDuzQo_J991E4DG3Ya7fcRMpa9SFZumoacJYGv7eLtsZQ_d5wjyCUs0EyF88OWIG9aOKZsV5nV1mSU&cid=1&navigationDirection=forward||1|0|13191897470474507|0|0
44|https://accounts.google.com/signin/v2/challenge/ootp?client_id=551333139604-3e6vevagfdvcipqacu0qtfbpkb6285h9.apps.googleusercontent.com&as=KKlNeBmhjKREMZ5ipfxj0w&destination=https%3A%2F%2Frepl.it&approval_state=!ChQtQmdkUFoxRlNCMTFYbzZVWFVMZRIfRTgtMEp4VW9tTmtjOEhuU1JuY2dubXJleVdTYWhCWQ%E2%88%99APNbktkAAAAAXD0h9fDHlDq8h0o732KBz9hAHMoJRI8n&oauthgdpr=1&xsrfsig=ChkAeAh8T1XsBcjT3HdKRmT6NdCQkDqva1KfEg5hcHByb3ZhbF9zdGF0ZRILZGVzdGluYXRpb24SBXNvYWN1Eg9vYXV0aHJpc2t5c2NvcGU&flowName=GeneralOAuthFlow&TL=AHnYQLyDSDenph8kEpBuGJKP6PLX4abbyxhM04WQ2BTQ5YZ9PdvRx6txnqlGfrEfJbckWqLAt8a4taw4t8bz7yeS5Tvqjv2KDEH4Vj3xfi9dpjoEYevWnlURyc9jhcV9SdxGsiTk0pRY5oIenoNh0_rnlXb6keI_UeFer1OmSOGv8GiSaGKRFIU&cid=3&navigationDirection=forward||1|0|13191897478164140|0|0
45|https://docs.google.com/presentation/d/1ZGBVwbD055fzcnudI-pQU3fgEPk7WIt_AVH127H_qzQ/edit#slide=id.g3d17a7de66_0_164||1|0|13191898696120343|0|0
46|https://docs.google.com/presentation/d/1ZGBVwbD055fzcnudI-pQU3fgEPk7WIt_AVH127H_qzQ/edit#slide=id.g3d17a7de66_0_179||1|0|13191898696941703|0|0
47|https://docs.google.com/presentation/d/1ZGBVwbD055fzcnudI-pQU3fgEPk7WIt_AVH127H_qzQ/edit#slide=id.g3d17a7de66_0_194||1|0|13191898698294818|0|0
48|https://docs.google.com/presentation/d/1ZGBVwbD055fzcnudI-pQU3fgEPk7WIt_AVH127H_qzQ/edit#slide=id.g3d17a7de66_0_216||3|0|13191898858383925|0|0
49|https://docs.google.com/presentation/d/1ZGBVwbD055fzcnudI-pQU3fgEPk7WIt_AVH127H_qzQ/edit#slide=id.g3d17a7de66_0_208||1|0|13191898700989077|0|0
50|https://docs.google.com/presentation/d/1ZGBVwbD055fzcnudI-pQU3fgEPk7WIt_AVH127H_qzQ/edit#slide=id.g3d17a7de66_0_225||4|0|13191898987919073|0|0
51|https://docs.google.com/presentation/d/1ZGBVwbD055fzcnudI-pQU3fgEPk7WIt_AVH127H_qzQ/edit#slide=id.g3d17a7de66_0_235||4|0|13191899058648839|0|0
52|https://docs.google.com/presentation/d/1ZGBVwbD055fzcnudI-pQU3fgEPk7WIt_AVH127H_qzQ/edit#slide=id.g3d17a7de66_0_250||3|0|13191914310871318|0|0
53|http://repl.it/languages/python3|Repl.it - ForthrightMixedPerformance|1|1|13191901254690336|0|0
54|https://repl.it/repls/ForthrightMixedPerformance|Repl.it - ForthrightMixedPerformance|8|1|13192160634530897|0|0
55|http://summer2019.compclub.com.au/|Welcome to the CompClub Summer Spy School | CompClub 2019 Summer Workshops|1|1|13191902809198704|0|0
56|https://summer2019.compclub.com.au/|Welcome to the CompClub Summer Spy School | CompClub 2019 Summer Workshops|17|12|13192249872029661|0|0
57|https://docs.google.com/presentation/d/1ZGBVwbD055fzcnudI-pQU3fgEPk7WIt_AVH127H_qzQ/edit#slide=id.g3c8fdf14fc_0_36||3|0|13191902854244675|0|0
58|https://docs.google.com/presentation/d/1ZGBVwbD055fzcnudI-pQU3fgEPk7WIt_AVH127H_qzQ/edit#slide=id.g3c8fdf14fc_0_43||2|0|13191904438601986|0|0
59|https://docs.google.com/presentation/d/1ZGBVwbD055fzcnudI-pQU3fgEPk7WIt_AVH127H_qzQ/edit#slide=id.g3c8fdf14fc_0_50||3|0|13191902856909102|0|0
60|https://docs.google.com/presentation/d/1ZGBVwbD055fzcnudI-pQU3fgEPk7WIt_AVH127H_qzQ/edit#slide=id.g3d17a7de66_0_284||2|0|13191902837493471|0|0
61|https://docs.google.com/presentation/d/1ZGBVwbD055fzcnudI-pQU3fgEPk7WIt_AVH127H_qzQ/edit#slide=id.g3d17a7de66_0_295||3|0|13191914331054276|0|0
62|https://docs.google.com/presentation/d/1ZGBVwbD055fzcnudI-pQU3fgEPk7WIt_AVH127H_qzQ/edit#slide=id.g3c8fdf14fc_0_0||1|0|13191902833353498|0|0
63|https://docs.google.com/presentation/d/1ZGBVwbD055fzcnudI-pQU3fgEPk7WIt_AVH127H_qzQ/edit#slide=id.g3c8fdf14fc_0_20||1|0|13191902839304013|0|0
64|https://docs.google.com/presentation/d/1ZGBVwbD055fzcnudI-pQU3fgEPk7WIt_AVH127H_qzQ/edit#slide=id.g3c8fdf14fc_0_69||1|0|13191904439166128|0|0
65|https://docs.google.com/presentation/d/1ZGBVwbD055fzcnudI-pQU3fgEPk7WIt_AVH127H_qzQ/edit#slide=id.g3c8fdf14fc_0_84||2|0|13191914335594316|0|0
66|https://docs.google.com/presentation/d/1ZGBVwbD055fzcnudI-pQU3fgEPk7WIt_AVH127H_qzQ/edit#slide=id.g3cbf3982fb_0_1||1|0|13191905554796846|0|0
67|https://docs.google.com/presentation/d/1ZGBVwbD055fzcnudI-pQU3fgEPk7WIt_AVH127H_qzQ/edit#slide=id.g3cbf3982fb_0_14||1|0|13191905557185327|0|0
68|https://docs.google.com/presentation/d/1ZGBVwbD055fzcnudI-pQU3fgEPk7WIt_AVH127H_qzQ/edit#slide=id.g3cbf3982fb_0_9||1|0|13191905558051868|0|0
69|https://docs.google.com/presentation/d/1ZGBVwbD055fzcnudI-pQU3fgEPk7WIt_AVH127H_qzQ/edit#slide=id.g3cbf3982fb_0_22||3|0|13191910047755031|0|0
70|https://docs.google.com/presentation/d/1ZGBVwbD055fzcnudI-pQU3fgEPk7WIt_AVH127H_qzQ/edit#slide=id.g3cbf3982fb_0_29||5|0|13191914337158622|0|0
71|https://docs.google.com/presentation/d/1ZGBVwbD055fzcnudI-pQU3fgEPk7WIt_AVH127H_qzQ/edit#slide=id.g3cbf3982fb_0_35||4|0|13191914339465872|0|0
72|https://docs.google.com/presentation/d/1ZGBVwbD055fzcnudI-pQU3fgEPk7WIt_AVH127H_qzQ/edit#slide=id.g3cbf3982fb_0_45||5|0|13191910647956904|0|0
73|https://docs.google.com/presentation/d/1ZGBVwbD055fzcnudI-pQU3fgEPk7WIt_AVH127H_qzQ/edit#slide=id.g3cbf3982fb_0_63||4|0|13191914340333985|0|0
74|https://www.google.com/search?q=dvd+experience&oq=dvd+experience&aqs=chrome..69i57j0l5.2192j0j7&sourceid=chrome&ie=UTF-8|dvd experience - Google Search|1|0|13191912838059856|0|0
75|https://dvdexperience.net/|DVD Experience|1|0|13191912841255331|0|0
76|https://docs.google.com/presentation/d/1ZGBVwbD055fzcnudI-pQU3fgEPk7WIt_AVH127H_qzQ/edit#slide=id.g3d17a7de66_0_257||1|0|13191914329037281|0|0
77|https://docs.google.com/presentation/d/1ZGBVwbD055fzcnudI-pQU3fgEPk7WIt_AVH127H_qzQ/edit#slide=id.g3d17a7de66_0_270||1|0|13191914329840155|0|0
78|https://docs.google.com/presentation/d/1ZGBVwbD055fzcnudI-pQU3fgEPk7WIt_AVH127H_qzQ/edit#slide=id.g3c8fdf14fc_0_76||1|0|13191914334493460|0|0
79|https://docs.google.com/presentation/d/1ZGBVwbD055fzcnudI-pQU3fgEPk7WIt_AVH127H_qzQ/edit#slide=id.g3c8fdf14fc_0_96||2|0|13191914343497074|0|0
80|https://docs.google.com/presentation/d/1ZGBVwbD055fzcnudI-pQU3fgEPk7WIt_AVH127H_qzQ/edit#slide=id.g3c8fdf14fc_0_108||3|0|13191914395114496|0|0
81|https://docs.google.com/presentation/d/1ZGBVwbD055fzcnudI-pQU3fgEPk7WIt_AVH127H_qzQ/edit#slide=id.g3c8fdf14fc_0_102||2|0|13191914397016634|0|0
82|https://docs.google.com/presentation/d/1ZGBVwbD055fzcnudI-pQU3fgEPk7WIt_AVH127H_qzQ/edit#slide=id.g3c8fdf14fc_0_114||2|0|13191914394509807|0|0
83|https://docs.google.com/presentation/d/1ZGBVwbD055fzcnudI-pQU3fgEPk7WIt_AVH127H_qzQ/edit#slide=id.g3c8fdf14fc_0_120||2|0|13191914393435175|0|0
84|https://docs.google.com/presentation/d/1ZGBVwbD055fzcnudI-pQU3fgEPk7WIt_AVH127H_qzQ/edit#slide=id.g3c8fdf14fc_0_131||1|0|13191914352012213|0|0
85|https://summer2019.compclub.com.au/day2|Welcome to Day 2 of the 2019 Comp Club Summer School | CompClub 2019 Summer Workshops|5|1|13191982812050558|0|0
86|https://trinket.io/features/pygame|The New Pygame Trinket|2|0|13191981531179236|0|0
87|https://docs.python.org/3/library/turtle.html|turtle — Turtle graphics — Python 3.7.2 documentation|1|0|13191981579959098|0|0
88|https://docs.google.com/presentation/d/1pPY_lvrvM3fl2SwvAnziN9Ib5owxXOwjiZg_DzcKNiI/edit?usp=sharing|Game Development - Google Slides|2|0|13191982815671181|0|0
89|https://docs.google.com/presentation/d/1pPY_lvrvM3fl2SwvAnziN9Ib5owxXOwjiZg_DzcKNiI/edit||1|0|13191982815718604|0|0
90|https://docs.google.com/presentation/d/1pPY_lvrvM3fl2SwvAnziN9Ib5owxXOwjiZg_DzcKNiI/edit#slide=id.g337fd436a2_1_5||1|0|13191982816808879|0|0
91|https://docs.google.com/presentation/d/1pPY_lvrvM3fl2SwvAnziN9Ib5owxXOwjiZg_DzcKNiI/edit#slide=id.p||1|0|13191982818423239|0|0
92|https://docs.google.com/presentation/d/1pPY_lvrvM3fl2SwvAnziN9Ib5owxXOwjiZg_DzcKNiI/edit#slide=id.g4c0ab1ff68_0_7||1|0|13191982819210823|0|0
93|https://docs.google.com/presentation/d/1pPY_lvrvM3fl2SwvAnziN9Ib5owxXOwjiZg_DzcKNiI/edit#slide=id.g337fd436a2_1_0||1|0|13191982819664987|0|0
94|https://docs.google.com/presentation/d/1pPY_lvrvM3fl2SwvAnziN9Ib5owxXOwjiZg_DzcKNiI/edit#slide=id.g4c0ab1ff68_0_16||1|0|13191982820058181|0|0
95|https://docs.google.com/presentation/d/1pPY_lvrvM3fl2SwvAnziN9Ib5owxXOwjiZg_DzcKNiI/edit#slide=id.g4c0ab1ffe2_0_1||4|0|13191983590084071|0|0
96|https://docs.google.com/presentation/d/1pPY_lvrvM3fl2SwvAnziN9Ib5owxXOwjiZg_DzcKNiI/edit#slide=id.g4c0ab1ff68_0_25||1|0|13191982821495092|0|0
97|https://docs.google.com/presentation/d/1pPY_lvrvM3fl2SwvAnziN9Ib5owxXOwjiZg_DzcKNiI/edit#slide=id.g4c0ab1ffe2_0_11|Game Development - Google Slides|10|0|13191985773900262|0|0
98|https://docs.google.com/presentation/d/1pPY_lvrvM3fl2SwvAnziN9Ib5owxXOwjiZg_DzcKNiI/edit#slide=id.g4c0ab1ffe2_0_19||7|0|13191985780149009|0|0
99|https://docs.google.com/presentation/d/1pPY_lvrvM3fl2SwvAnziN9Ib5owxXOwjiZg_DzcKNiI/edit#slide=id.g4c0ab1ffe2_0_27||4|0|13191985781347518|0|0
100|https://docs.google.com/presentation/d/1pPY_lvrvM3fl2SwvAnziN9Ib5owxXOwjiZg_DzcKNiI/edit#slide=id.g4c0ab1ffe2_0_35||3|0|13191985783173773|0|0
101|https://docs.google.com/presentation/d/1pPY_lvrvM3fl2SwvAnziN9Ib5owxXOwjiZg_DzcKNiI/edit#slide=id.g4c0ab1ffe2_0_43||3|0|13191987635562325|0|0
102|https://docs.google.com/presentation/d/1pPY_lvrvM3fl2SwvAnziN9Ib5owxXOwjiZg_DzcKNiI/edit#slide=id.g4c0ab1ffe2_0_53||5|0|13191996427015218|0|0
103|https://docs.google.com/presentation/d/1pPY_lvrvM3fl2SwvAnziN9Ib5owxXOwjiZg_DzcKNiI/edit#slide=id.g4c0ab1ffe2_0_62||6|0|13191996431902919|0|0
104|https://docs.google.com/presentation/d/1pPY_lvrvM3fl2SwvAnziN9Ib5owxXOwjiZg_DzcKNiI/edit#slide=id.g4c0ab1ffe2_0_97|Game Development - Google Slides|7|0|13191999856511278|0|0
105|https://docs.google.com/presentation/d/1pPY_lvrvM3fl2SwvAnziN9Ib5owxXOwjiZg_DzcKNiI/edit#slide=id.g4c0ab1ffe2_0_71||3|0|13191989417719066|0|0
106|https://docs.google.com/presentation/d/1pPY_lvrvM3fl2SwvAnziN9Ib5owxXOwjiZg_DzcKNiI/edit#slide=id.g4c0ab1ffe2_0_81||4|0|13191995891934526|0|0
107|https://docs.google.com/presentation/d/1pPY_lvrvM3fl2SwvAnziN9Ib5owxXOwjiZg_DzcKNiI/edit#slide=id.g4c0ab1ffe2_0_89|Game Development - Google Slides|4|0|13191990291562944|0|0
108|https://docs.google.com/presentation/d/1pPY_lvrvM3fl2SwvAnziN9Ib5owxXOwjiZg_DzcKNiI/edit#slide=id.g4c0ab1ffe2_0_105|Game Development - Google Slides|3|0|13191990668772185|0|0
109|https://www.google.com/search?q=python+turtle+display+text&oq=python+turtle+display+text&aqs=chrome..69i57.7207j0j7&sourceid=chrome&ie=UTF-8|python turtle display text - Google Search|1|0|13191991114627190|0|0
110|https://stackoverflow.com/questions/15141031/python-turtle-draw-text-with-on-screen-with-larger-font|Python Turtle, draw text with on screen with larger font - Stack Overflow|1|0|13191991116884869|0|0
111|https://docs.google.com/presentation/d/1pPY_lvrvM3fl2SwvAnziN9Ib5owxXOwjiZg_DzcKNiI/edit#slide=id.g4747f2f9ff_1_5||1|0|13191992086522398|0|0
112|https://docs.google.com/presentation/d/1pPY_lvrvM3fl2SwvAnziN9Ib5owxXOwjiZg_DzcKNiI/edit#slide=id.g4c17cd19ee_0_5||2|0|13191999864225621|0|0
113|https://www.google.com/search?q=increase+speed+snake+python&oq=increase+speed+snake+python&aqs=chrome..69i57.8248j0j4&sourceid=chrome&ie=UTF-8|increase speed snake python - Google Search|1|0|13191992304395939|0|0
114|https://summer2019.compclub.com.au/day3|Day 3: Microbits! | CompClub 2019 Summer Workshops|4|0|13192068780254486|0|0
115|https://docs.google.com/presentation/d/14BvJKEm9pyPOfLtZMkCAMwwwF6nVjmo8G5C3P7PULuw/edit#slide=id.g337fd436a2_1_5|Microbits Workshop - Google Slides|2|0|13192067666283246|0|0
116|https://docs.google.com/presentation/d/14BvJKEm9pyPOfLtZMkCAMwwwF6nVjmo8G5C3P7PULuw/edit#slide=id.p||1|0|13192067784456370|0|0
117|https://docs.google.com/presentation/d/14BvJKEm9pyPOfLtZMkCAMwwwF6nVjmo8G5C3P7PULuw/edit#slide=id.g4c0710682e_0_15||1|0|13192067784687418|0|0
118|https://docs.google.com/presentation/d/14BvJKEm9pyPOfLtZMkCAMwwwF6nVjmo8G5C3P7PULuw/edit#slide=id.g4c0710682e_0_22||1|0|13192067785067780|0|0
119|https://docs.google.com/presentation/d/14BvJKEm9pyPOfLtZMkCAMwwwF6nVjmo8G5C3P7PULuw/edit#slide=id.g4c0710682e_0_29||1|0|13192067785652948|0|0
120|https://docs.google.com/presentation/d/14BvJKEm9pyPOfLtZMkCAMwwwF6nVjmo8G5C3P7PULuw/edit#slide=id.g4c0710682e_0_36||1|0|13192067786247941|0|0
121|https://docs.google.com/presentation/d/14BvJKEm9pyPOfLtZMkCAMwwwF6nVjmo8G5C3P7PULuw/edit#slide=id.g4c0710682e_0_43||2|0|13192078047415404|0|0
122|https://docs.google.com/presentation/d/14BvJKEm9pyPOfLtZMkCAMwwwF6nVjmo8G5C3P7PULuw/edit#slide=id.g4c0710682e_0_58||1|0|13192067787238334|0|0
123|https://docs.google.com/presentation/d/14BvJKEm9pyPOfLtZMkCAMwwwF6nVjmo8G5C3P7PULuw/edit#slide=id.g4c0710682e_0_83||1|0|13192067788188944|0|0
124|https://docs.google.com/presentation/d/14BvJKEm9pyPOfLtZMkCAMwwwF6nVjmo8G5C3P7PULuw/edit#slide=id.g4c0710682e_0_92||2|0|13192069483999404|0|0
125|https://docs.google.com/presentation/d/14BvJKEm9pyPOfLtZMkCAMwwwF6nVjmo8G5C3P7PULuw/edit#slide=id.g4c0710682e_0_102||4|0|13192069484384029|0|0
126|https://docs.google.com/presentation/d/14BvJKEm9pyPOfLtZMkCAMwwwF6nVjmo8G5C3P7PULuw/edit#slide=id.g4c0710682e_0_63||5|0|13192069485073976|0|0
127|https://www.google.com/search?q=microbit+images&oq=microbit+imag&aqs=chrome.0.0j69i57j0l3.4088j0j7&sourceid=chrome&ie=UTF-8|microbit images - Google Search|1|0|13192068407416855|0|0
128|https://microbit-micropython.readthedocs.io/en/latest/tutorials/images.html|Images — BBC micro:bit MicroPython 1.0.1 documentation|3|0|13192071341391792|0|0
129|https://microbit-micropython.readthedocs.io/en/latest/tutorials/buttons.html|Buttons — BBC micro:bit MicroPython 1.0.1 documentation|1|0|13192068569199438|0|0
130|https://www.youtube.com/watch?v=dQw4w9WgXcQ|YouTube|2|0|13192068775082094|0|0
131|https://summer2019.compclub.com.au/day3_templates/morse_code_template.html|Morse Code Template | CompClub 2019 Summer Workshops|1|0|13192073678137516|0|0
132|https://microbit-micropython.readthedocs.io/en/latest/tutorials/radio.html|Radio — BBC micro:bit MicroPython 1.0.1 documentation|5|0|13192082990527252|0|0
133|https://docs.google.com/presentation/d/14BvJKEm9pyPOfLtZMkCAMwwwF6nVjmo8G5C3P7PULuw/edit#slide=id.g4d695ae937_0_0||5|0|13192069485231064|0|0
134|https://docs.google.com/presentation/d/14BvJKEm9pyPOfLtZMkCAMwwwF6nVjmo8G5C3P7PULuw/edit#slide=id.g4d695ae937_0_8||6|0|13192069485611501|0|0
135|https://docs.google.com/presentation/d/14BvJKEm9pyPOfLtZMkCAMwwwF6nVjmo8G5C3P7PULuw/edit#slide=id.g4d695ae937_0_16||5|0|13192069489043759|0|0
136|https://docs.google.com/presentation/d/14BvJKEm9pyPOfLtZMkCAMwwwF6nVjmo8G5C3P7PULuw/edit#slide=id.g4d695ae937_0_23||2|0|13192069470264191|0|0
137|https://docs.google.com/presentation/d/14BvJKEm9pyPOfLtZMkCAMwwwF6nVjmo8G5C3P7PULuw/edit#slide=id.g4d695ae937_0_29||2|0|13192073688705409|0|0
138|https://www.google.com/search?q=morse+code&oq=morse+code&aqs=chrome.0.0l6.1441j0j7&sourceid=chrome&ie=UTF-8|morse code - Google Search|2|0|13192069935929987|0|0
139|https://morsecode.scphillips.com/translator.html|Morse Code Translator|2|0|13192069940302457|0|0
140|https://docs.google.com/presentation/d/14BvJKEm9pyPOfLtZMkCAMwwwF6nVjmo8G5C3P7PULuw/edit#slide=id.g4c0710682e_0_135||4|0|13192073688072170|0|0
141|https://docs.google.com/presentation/d/14BvJKEm9pyPOfLtZMkCAMwwwF6nVjmo8G5C3P7PULuw/edit#slide=id.g4c0710682e_0_143||5|0|13192073689794581|0|0
142|https://www.google.com/search?q=install+pygame+python+3.7&oq=install+pygame+&aqs=chrome.3.69i57j0l5.5223j0j7&sourceid=chrome&ie=UTF-8|install pygame python 3.7 - Google Search|1|0|13192070167945526|0|0
143|https://stackoverflow.com/questions/51139635/cant-install-pygame-with-pip-for-python-3-7-command-python-setup-py-egg-info|Can't install pygame with pip for Python 3.7 - Command "python setup.py egg_info" failed with error code 1 - Stack Overflow|1|0|13192070170088826|0|0
144|https://www.google.com/search?q=pip+install+microbit&oq=pip+install+microbit&aqs=chrome..69i57.5647j0j4&sourceid=chrome&ie=UTF-8|pip install microbit - Google Search|1|0|13192070211967060|0|0
145|https://microbit-micropython.readthedocs.io/en/latest/devguide/installation.html|Installation — BBC micro:bit MicroPython 1.0.1 documentation|2|0|13192070228001880|0|0
146|http://yottadocs.mbed.com/|yotta Documentation - yotta|1|0|13192070221985482|0|0
147|http://docs.yottabuild.org/|yotta Documentation - yotta|1|0|13192070221985482|0|0
148|https://docs.google.com/presentation/d/14BvJKEm9pyPOfLtZMkCAMwwwF6nVjmo8G5C3P7PULuw/edit#slide=id.g4c0710682e_0_124||4|0|13192073702090541|0|0
149|https://docs.google.com/presentation/d/14BvJKEm9pyPOfLtZMkCAMwwwF6nVjmo8G5C3P7PULuw/edit#slide=id.g4c0710682e_0_150||4|0|13192073702425176|0|0
150|https://docs.google.com/presentation/d/14BvJKEm9pyPOfLtZMkCAMwwwF6nVjmo8G5C3P7PULuw/edit#slide=id.g4c0710682e_0_161||3|0|13192074660515985|0|0
151|https://docs.google.com/presentation/d/14BvJKEm9pyPOfLtZMkCAMwwwF6nVjmo8G5C3P7PULuw/edit#slide=id.g4c0710682e_0_128||2|0|13192070339746458|0|0
152|https://docs.google.com/presentation/d/14BvJKEm9pyPOfLtZMkCAMwwwF6nVjmo8G5C3P7PULuw/edit#slide=id.g4c0710682e_0_119||1|0|13192070339354086|0|0
153|https://docs.google.com/presentation/d/14BvJKEm9pyPOfLtZMkCAMwwwF6nVjmo8G5C3P7PULuw/edit#slide=id.g4c0710682e_0_168||3|0|13192074660698820|0|0
154|https://docs.google.com/presentation/d/14BvJKEm9pyPOfLtZMkCAMwwwF6nVjmo8G5C3P7PULuw/edit#slide=id.g4c0710682e_0_175||4|0|13192075810102547|0|0
155|https://docs.google.com/presentation/d/14BvJKEm9pyPOfLtZMkCAMwwwF6nVjmo8G5C3P7PULuw/edit#slide=id.g4c0710682e_0_181||3|0|13192074661117052|0|0
156|https://docs.google.com/presentation/d/14BvJKEm9pyPOfLtZMkCAMwwwF6nVjmo8G5C3P7PULuw/edit#slide=id.g4c0710682e_0_189||5|0|13192075861984164|0|0
157|https://docs.google.com/presentation/d/14BvJKEm9pyPOfLtZMkCAMwwwF6nVjmo8G5C3P7PULuw/edit#slide=id.g4c0710682e_0_195||3|0|13192075861259638|0|0
158|https://www.google.com/search?q=meme+6x6+grid&oq=meme+6x6+grid&aqs=chrome..69i57.4801j0j7&sourceid=chrome&ie=UTF-8|meme 6x6 grid - Google Search|1|0|13192073448272628|0|0
159|https://www.google.com/search?q=microbit+sans&oq=microbit+sans&aqs=chrome..69i57.2991j0j7&sourceid=chrome&ie=UTF-8|microbit sans - Google Search|2|0|13192073488884548|0|0
160|https://makecode.microbit.org/_esLdJWCpxWUx|Sans titre - Microsoft MakeCode|1|0|13192073467429112|0|0
161|https://makecode.microbit.org/v0/88834-84681-31925-68845|Sans titre - Microsoft MakeCode|1|0|13192073467429112|0|0
162|https://makecode.microbit.org/v0#||10|0|13192073487735442|1|0
163|https://makecode.microbit.org/v0#sandbox:88834-84681-31925-68845||9|0|13192073487732027|1|0
164|https://docs.google.com/presentation/d/14BvJKEm9pyPOfLtZMkCAMwwwF6nVjmo8G5C3P7PULuw/edit#slide=id.g337fd436a2_1_0||2|0|13192075824624949|0|0
165|https://docs.google.com/presentation/d/14BvJKEm9pyPOfLtZMkCAMwwwF6nVjmo8G5C3P7PULuw/edit#slide=id.g4c0710682e_0_210||1|0|13192075820591703|0|0
166|https://support.google.com/chrome/?p=help&ctx=keyboard|Google Chrome Help|1|0|13192076529228958|0|0
167|https://support.google.com/chrome/?p=help&ctx=keyboard#topic=7438008||1|0|13192076529882940|0|0
168|https://www.google.com/search?q=radio.receive()+microbits&oq=radio.receive()+microbits&aqs=chrome..69i57.5467j0j7&sourceid=chrome&ie=UTF-8|radio.receive() microbits - Google Search|2|0|13192076915962873|0|0
169|https://makecode.microbit.org/reference/radio|Radio - Microsoft MakeCode|2|0|13192082913792605|0|0
170|http://microbit-challenges.readthedocs.io/en/latest/tutorials/radio.html|Radio — UCL BBC micro:bit tutorial|1|0|13192076920406676|0|0
171|https://microbit-challenges.readthedocs.io/en/latest/tutorials/radio.html|Radio — UCL BBC micro:bit tutorial|1|0|13192076920406676|0|0
172|https://www.google.com/search?q=radio.receive()+microbits&oq=radio&aqs=chrome.0.69i59j69i57j0l4.816j0j4&sourceid=chrome&ie=UTF-8|radio.receive() microbits - Google Search|1|0|13192076977044764|0|0
173|https://www.instructables.com/id/Radio-Signals-on-Microbit/|Radio Signals on Micro:bit: 9 Steps (with Pictures)|1|0|13192076980632242|0|0
174|https://makecode.microbit.org/reference/radio/receive-string|Receive String - Microsoft MakeCode|1|0|13192076991490156|0|0
175|https://www.google.com/search?q=microbit+radio&oq=microbit+radio&aqs=chrome.0.0l6.72912j0j7&sourceid=chrome&ie=UTF-8|microbit radio - Google Search|1|0|13192077237413740|0|0
176|https://microbit-micropython.readthedocs.io/en/latest/radio.html|Radio — BBC micro:bit MicroPython 1.0.1 documentation|1|0|13192077270874741|0|0
177|https://microbit-micropython.readthedocs.io/en/latest/image.html|Image — BBC micro:bit MicroPython 1.0.1 documentation|1|0|13192078015846326|0|0
178|https://www.google.com/search?q=microbit+terminal&oq=microbit+terminal&aqs=chrome..69i57j0j69i60j0l3.3959j0j7&sourceid=chrome&ie=UTF-8|microbit terminal - Google Search|1|0|13192078208655857|0|0
179|https://support.microbit.org/support/solutions/articles/19000022103-outputing-serial-data-from-the-micro-bit-to-a-computer|Outputing serial data from the micro:bit to a computer. : Support|1|0|13192078211211769|0|0
180|https://www.google.com/search?q=radio.receive_full()&oq=radio.receive_full()&aqs=chrome..69i57.9383j0j4&sourceid=chrome&ie=UTF-8|radio.receive_full() - Google Search|4|0|13192083435299092|0|0
181|https://github.com/bbcmicrobit/micropython/issues/511|radio.receive_full() not present in radio module · Issue #511 · bbcmicrobit/micropython · GitHub|3|0|13192083449254604|0|0
182|https://github.com/bbcmicrobit/micropython/issues/361|No RSSI measurement on the radio module? · Issue #361 · bbcmicrobit/micropython · GitHub|1|0|13192083419709947|0|0
183|https://www.google.com/search?ei=cqU-XNKJCs-m9QParYqYDQ&q=microbit+radio.receive_full%28%29+notattribute&oq=microbit+radio.receive_full%28%29+notattribute&gs_l=psy-ab.3..33i160l2.3949.8473..8583...0.0..0.308.3539.0j16j3j1......0....1..gws-wiz.......0i71j33i21.tUMXQh2T30Q|microbit radio.receive_full() notattribute - Google Search|1|0|13192083444342640|0|0
184|https://www.google.com/search?ei=9KY-XLfOCY3w9QO0zYDIDA&q=microbit+radio.receive_full%28%29+not+attribute&oq=microbit+radio.receive_full%28%29+not+attribute&gs_l=psy-ab.3...1273.1273..1571...0.0..0.149.149.0j1......0....1..gws-wiz.......0i71.WFaqDnpf054|microbit radio.receive_full() not attribute - Google Search|3|0|13192083493542557|0|0
185|http://www.suppertime.co.uk/blogmywiki/2018/04/microbit-treasure-hunt/|Microbit treasure hunt | Blog My Wiki!|1|0|13192083462273886|0|0
186|https://www.google.com/search?ei=9qY-XLiTIo6e9QO10bnYAg&q=microbit+radio+receive_full%28%29+not+attribute&oq=microbit+radio+receive_full%28%29+not+attribute&gs_l=psy-ab.3...4144.5973..6013...1.0..0.188.1005.0j7......0....1..gws-wiz.......0i71.iOO64g_1r4g|microbit radio receive_full() not attribute - Google Search|1|0|13192083499988191|0|0
187|https://summer2019.compclub.com.au/day4|Some useful links: | CompClub 2019 Summer Workshops|13|1|13192251633918820|0|0
188|https://repl.it/repls/BewitchedKindlyRom|Repl.it - BewitchedKindlyRom|5|0|13192249012410630|0|0
189|http://summer2019.compclub.com.au/day4_files/index_html|CompClub 2019 Summer Workshops|1|0|13192154759900763|0|0
190|https://summer2019.compclub.com.au/day4_files/index_html|CompClub 2019 Summer Workshops|1|0|13192154759900763|0|0
191|https://bewitchedkindlyrom--five-nine.repl.co/results||12|0|13192158736696500|1|0
192|https://bewitchedkindlyrom--five-nine.repl.co/||6|0|13192158736696500|1|0
193|https://www.google.com/search?q=external+css&oq=external+css&aqs=chrome.0.0l6.1783j0j7&sourceid=chrome&ie=UTF-8|external css - Google Search|1|0|13192158575179233|0|0
194|https://www.w3schools.com/css/css_howto.asp|CSS How to|2|0|13192249009667940|0|0
195|https://www.google.com/search?q=2019&oq=2019&aqs=chrome..69i57j69i60l4j0.2960j0j7&sourceid=chrome&ie=UTF-8|2019 - Google Search|1|0|13192160464780755|0|0
196|https://repl.it/repls/PaltryIndianredQuerylanguage|Repl.it - PaltryIndianredQuerylanguage|9|0|13192250140134374|0|0
197|https://repl.it/repls/FloralwhiteCompassionatePrinter|Repl.it - FloralwhiteCompassionatePrinter|2|0|13192160658906678|0|0
198|https://paltryindianredquerylanguage--five-nine.repl.co/results||53|0|13192251485054527|1|0
199|https://paltryindianredquerylanguage--five-nine.repl.co/||26|0|13192251481690191|1|0
200|https://www.google.com/search?q=ip+adress+in+the+US&oq=ip+adress+in+the+US&aqs=chrome..69i57j0l5.3992j0j7&sourceid=chrome&ie=UTF-8|ip adress in the US - Google Search|1|0|13192165002910467|0|0
201|https://www.google.com/search?q=slither+io&oq=slither+io&aqs=chrome.0.0l6.1495j0j9&sourceid=chrome&ie=UTF-8|slither io - Google Search|1|0|13192168547277669|0|0
202|http://slither.io/|slither.io|4|1|13192257459658593|0|0
203|https://www.google.com/search?q=css+python&oq=css+python+&aqs=chrome..69i57j0l5.6752j0j7&sourceid=chrome&ie=UTF-8|css python - Google Search|2|0|13192168810976288|0|0
204|https://www.fullstackpython.com/cascading-style-sheets.html|Cascading Style Sheets - Full Stack Python|1|0|13192168806837257|0|0
205|https://pythonhow.com/add-css-to-flask-website/|Adding CSS styling to your website - PythonHow|1|0|13192168815581528|0|0
206|https://www.google.com/search?q=tracer+hexcodes&oq=tracer+hexcodes&aqs=chrome..69i57j33.2425j0j7&sourceid=chrome&ie=UTF-8|tracer hexcodes - Google Search|1|0|13192169149876248|0|0
207|https://www.google.com/search?q=tracer+hex+codes&source=lnms&tbm=isch&sa=X&ved=0ahUKEwjTydqb7_PfAhXGSH0KHWN-C7cQ_AUIDigB&biw=1920&bih=983|tracer hex codes - Google Search|2|0|13192169153703012|0|0
208|https://www.google.com/search?q=tracer+hex+codes&source=lnms&tbm=isch&sa=X&ved=0ahUKEwjTydqb7_PfAhXGSH0KHWN-C7cQ_AUIDigB&biw=1920&bih=983#imgrc=J3jn-F2PZVr5VM:||1|0|13192249009848121|0|0
209|https://www.google.com/search?q=white+hex+code&oq=white+hex+code&aqs=chrome.0.0l6.3784j0j7&sourceid=chrome&ie=UTF-8|white hex code - Google Search|1|0|13192169399773904|0|0
210|https://www.google.com/search?q=apiAddress+%3D+%22http%3A%2F%2Fapi.ipstack.com%2F%22+%2B+inputAddress+%2B+%22%3Faccess_key%3D%22+%2B+apiKey&oq=apiAddress+%3D+%22http%3A%2F%2Fapi.ipstack.com%2F%22+%2B+inputAddress+%2B+%22%3Faccess_key%3D%22+%2B+apiKey&aqs=chrome..69i57.237j0j9&sourceid=chrome&ie=UTF-8|apiAddress = "http://api.ipstack.com/" + inputAddress + "?access_key=" + apiKey - Google Search|1|0|13192169580331086|0|0
211|https://ipstack.com/documentation|API Documentation - ipstack|1|0|13192249010086144|0|0
212|https://www.google.com/search?q=us+ip+codes&oq=us+ip+codes&aqs=chrome..69i57j0l5.2959j0j7&sourceid=chrome&ie=UTF-8|us ip codes - Google Search|1|0|13192249009826816|0|0
213|https://www.google.com/search?q=2019&oq=2019&aqs=chrome.0.69i59j69i60l3j0l2.583j0j7&sourceid=chrome&ie=UTF-8|2019 - Google Search|1|0|13192241884844295|0|0
214|https://summer2019.compclub.com.au/day5|CompClub 2019 Summer Workshops|10|1|13192249870750988|0|0
215|https://docs.google.com/presentation/d/1ykIUm1xAKMforvTPeqvXMdC4DZlnWOg604ekaybhiOs|SecTalk | HTTP(S) Security - Google Slides|3|0|13192248941392189|0|0
216|https://docs.google.com/presentation/d/1ykIUm1xAKMforvTPeqvXMdC4DZlnWOg604ekaybhiOs/|SecTalk | HTTP(S) Security - Google Slides|3|0|13192248941392189|0|0
217|https://docs.google.com/presentation/d/1ykIUm1xAKMforvTPeqvXMdC4DZlnWOg604ekaybhiOs/edit|SecTalk | HTTP(S) Security - Google Slides|6|0|13192248941618249|0|0
218|https://docs.google.com/presentation/d/1ykIUm1xAKMforvTPeqvXMdC4DZlnWOg604ekaybhiOs/edit#slide=id.p3||4|0|13192249380636854|0|0
219|https://summer2019.compclub.com.au/day5/code|CompClub 2019 Summer Workshops|1|0|13192241919559045|0|0
220|https://repl.it/@featherbear/LesserSignifiedBeings|Repl.it - LesserSignifiedBeings|3|0|13192242128074669|0|0
221|https://docs.google.com/presentation/d/1kyRsC1-PMJu4UndE6psUHJHuTHX7W6cuYRod1jq3QJY|CSE CompClub 2019 Summer - Security Day - Google Slides|3|0|13192248936338641|0|0
222|https://docs.google.com/presentation/d/1kyRsC1-PMJu4UndE6psUHJHuTHX7W6cuYRod1jq3QJY/|CSE CompClub 2019 Summer - Security Day - Google Slides|3|0|13192248936338641|0|0
223|https://docs.google.com/presentation/d/1kyRsC1-PMJu4UndE6psUHJHuTHX7W6cuYRod1jq3QJY/edit|CSE CompClub 2019 Summer - Security Day - Google Slides|6|0|13192248936641773|0|0
224|https://docs.google.com/presentation/d/1kyRsC1-PMJu4UndE6psUHJHuTHX7W6cuYRod1jq3QJY/edit#slide=id.p1||4|0|13192248938130664|0|0
225|https://docs.google.com/presentation/d/1kyRsC1-PMJu4UndE6psUHJHuTHX7W6cuYRod1jq3QJY/edit#slide=id.p3||2|0|13192248896876393|0|0
226|https://docs.google.com/presentation/d/1kyRsC1-PMJu4UndE6psUHJHuTHX7W6cuYRod1jq3QJY/edit#slide=id.g4be45cc0c3_1_59||3|0|13192248921575370|0|0
227|https://repl.it/repls/TubbyIdealisticDistributedcomputing|Repl.it - TubbyIdealisticDistributedcomputing|2|0|13192242129957183|0|0
228|https://docs.google.com/presentation/d/1ykIUm1xAKMforvTPeqvXMdC4DZlnWOg604ekaybhiOs/edit#slide=id.g487950190f_0_59||6|0|13192249374755127|0|0
229|https://docs.google.com/presentation/d/1ykIUm1xAKMforvTPeqvXMdC4DZlnWOg604ekaybhiOs/edit#slide=id.g4978d0c231_0_4||3|0|13192249373714475|0|0
230|https://docs.google.com/presentation/d/1kyRsC1-PMJu4UndE6psUHJHuTHX7W6cuYRod1jq3QJY/edit#slide=id.p2||3|0|13192248894765055|0|0
231|https://docs.google.com/presentation/d/1kyRsC1-PMJu4UndE6psUHJHuTHX7W6cuYRod1jq3QJY/edit#slide=id.g4bf28a5cd4_0_6||2|0|13192243821625751|0|0
232|https://docs.google.com/presentation/d/1kyRsC1-PMJu4UndE6psUHJHuTHX7W6cuYRod1jq3QJY/edit#slide=id.g4be45cc0c3_1_44||4|0|13192248898338285|0|0
233|https://docs.google.com/presentation/d/1kyRsC1-PMJu4UndE6psUHJHuTHX7W6cuYRod1jq3QJY/edit#slide=id.g542d65370a8faa59_3||4|0|13192248925475626|0|0
234|https://docs.google.com/presentation/d/1kyRsC1-PMJu4UndE6psUHJHuTHX7W6cuYRod1jq3QJY/edit#slide=id.g4c21576342_0_10||3|0|13192248928059659|0|0
235|https://docs.google.com/presentation/d/1kyRsC1-PMJu4UndE6psUHJHuTHX7W6cuYRod1jq3QJY/edit#slide=id.g4c0372a315_0_109||2|0|13192243794347828|0|0
236|https://docs.google.com/presentation/d/1kyRsC1-PMJu4UndE6psUHJHuTHX7W6cuYRod1jq3QJY/edit#slide=id.g4c0372a315_0_114||3|0|13192244630547958|0|0
237|https://docs.google.com/presentation/d/1kyRsC1-PMJu4UndE6psUHJHuTHX7W6cuYRod1jq3QJY/edit#slide=id.g4c0372a315_0_100||2|0|13192248929637965|0|0
238|https://docs.google.com/presentation/d/1kyRsC1-PMJu4UndE6psUHJHuTHX7W6cuYRod1jq3QJY/edit#slide=id.g445c8f4c5882998c_2||2|0|13192243791786556|0|0
239|https://docs.google.com/presentation/d/1kyRsC1-PMJu4UndE6psUHJHuTHX7W6cuYRod1jq3QJY/edit#slide=id.g4d8f0f26c2_0_0||2|0|13192244629021216|0|0
240|https://docs.google.com/presentation/d/1kyRsC1-PMJu4UndE6psUHJHuTHX7W6cuYRod1jq3QJY/edit#slide=id.g4d923ccbc0_0_92||1|0|13192242454631134|0|0
241|https://docs.google.com/presentation/d/1kyRsC1-PMJu4UndE6psUHJHuTHX7W6cuYRod1jq3QJY/edit#slide=id.g4d923ccbc0_0_106||1|0|13192242455854565|0|0
242|https://docs.google.com/presentation/d/1kyRsC1-PMJu4UndE6psUHJHuTHX7W6cuYRod1jq3QJY/edit#slide=id.g4d923ccbc0_0_115||1|0|13192242456506909|0|0
243|https://docs.google.com/presentation/d/1kyRsC1-PMJu4UndE6psUHJHuTHX7W6cuYRod1jq3QJY/edit#slide=id.g4d8f0f26c2_0_17||1|0|13192242457542911|0|0
244|https://docs.google.com/presentation/d/1kyRsC1-PMJu4UndE6psUHJHuTHX7W6cuYRod1jq3QJY/edit#slide=id.g4c21576342_0_85||1|0|13192242458145504|0|0
245|https://docs.google.com/presentation/d/1kyRsC1-PMJu4UndE6psUHJHuTHX7W6cuYRod1jq3QJY/edit#slide=id.g4c21576342_0_61||1|0|13192242458976047|0|0
246|https://docs.google.com/presentation/d/1kyRsC1-PMJu4UndE6psUHJHuTHX7W6cuYRod1jq3QJY/edit#slide=id.g445c8f4c5882998c_36||2|0|13192242981072384|0|0
247|https://docs.google.com/presentation/d/1kyRsC1-PMJu4UndE6psUHJHuTHX7W6cuYRod1jq3QJY/edit#slide=id.g558a456a7dbd0e14_3||2|0|13192244642182700|0|0
248|https://docs.google.com/presentation/d/1ykIUm1xAKMforvTPeqvXMdC4DZlnWOg604ekaybhiOs/edit#slide=id.g487950190f_0_11||4|0|13192249371596102|0|0
249|https://docs.google.com/presentation/d/1ykIUm1xAKMforvTPeqvXMdC4DZlnWOg604ekaybhiOs/edit#slide=id.g487950190f_0_38||4|0|13192249337255022|0|0
250|https://docs.google.com/presentation/d/1kyRsC1-PMJu4UndE6psUHJHuTHX7W6cuYRod1jq3QJY/edit#slide=id.g4d61f71165_0_10||8|0|13192244644951680|0|0
251|https://docs.google.com/presentation/d/1kyRsC1-PMJu4UndE6psUHJHuTHX7W6cuYRod1jq3QJY/edit#slide=id.g4c07aed684_0_70||5|0|13192244643281729|0|0
252|https://docs.google.com/presentation/d/1kyRsC1-PMJu4UndE6psUHJHuTHX7W6cuYRod1jq3QJY/edit#slide=id.g4d61f71165_0_50||5|0|13192243222776937|0|0
253|https://docs.google.com/presentation/d/1kyRsC1-PMJu4UndE6psUHJHuTHX7W6cuYRod1jq3QJY/edit#slide=id.g4d61f71165_0_70||5|0|13192243841709842|0|0
254|https://docs.google.com/presentation/d/1kyRsC1-PMJu4UndE6psUHJHuTHX7W6cuYRod1jq3QJY/edit#slide=id.g4d61f71165_0_80||5|0|13192245542327392|0|0
255|https://www.google.com/search?q=opening+files+in+python&oq=opening+files+in+python&aqs=chrome..69i57j0l5.4096j0j7&sourceid=chrome&ie=UTF-8|opening files in python - Google Search|1|0|13192242930502578|0|0
256|https://www.google.com/imgres?imgurl=https://www.guru99.com/images/Pythonnew/Python17.3.jpg&imgrefurl=https://www.guru99.com/reading-and-writing-files-in-python.html&h=335&w=706&tbnid=mA3aQ1mWrpS0TM:&q=opening+files+in+python&tbnh=101&tbnw=213&usg=AI4_-kSqa9gTOjinvUbrUuMBOfVYtmXhzQ&vet=12ahUKEwjUrYaJgvbfAhVLU30KHc46DOIQ9QEwAHoECAcQBg..i&docid=7AC6zQVxobzzAM&sa=X&ved=2ahUKEwjUrYaJgvbfAhVLU30KHc46DOIQ9QEwAHoECAcQBg|Google Image Result for https://www.guru99.com/images/Pythonnew/Python17.3.jpg|2|0|13192249492030650|0|0
257|https://docs.google.com/presentation/d/1kyRsC1-PMJu4UndE6psUHJHuTHX7W6cuYRod1jq3QJY/edit#slide=id.g445c8f4c5882998c_53||3|0|13192244642945642|0|0
258|https://docs.google.com/presentation/d/1kyRsC1-PMJu4UndE6psUHJHuTHX7W6cuYRod1jq3QJY/edit#slide=id.g4d61f71165_0_90||4|0|13192245544521340|0|0
259|https://docs.google.com/presentation/d/1kyRsC1-PMJu4UndE6psUHJHuTHX7W6cuYRod1jq3QJY/edit#slide=id.g4d61f71165_0_116||7|0|13192245581148611|0|0
260|https://docs.google.com/presentation/d/1ykIUm1xAKMforvTPeqvXMdC4DZlnWOg604ekaybhiOs/edit#slide=id.g487950190f_0_50||5|0|13192249338211568|0|0
261|https://docs.google.com/presentation/d/1kyRsC1-PMJu4UndE6psUHJHuTHX7W6cuYRod1jq3QJY/edit#slide=id.g4d61f71165_0_125||6|0|13192245582001531|0|0
262|https://docs.google.com/presentation/d/1kyRsC1-PMJu4UndE6psUHJHuTHX7W6cuYRod1jq3QJY/edit#slide=id.g4c0372a315_0_127||2|0|13192244629745669|0|0
263|https://docs.google.com/presentation/d/1kyRsC1-PMJu4UndE6psUHJHuTHX7W6cuYRod1jq3QJY/edit#slide=id.g4c0372a315_0_123||3|0|13192248924513500|0|0
264|https://docs.google.com/presentation/d/1kyRsC1-PMJu4UndE6psUHJHuTHX7W6cuYRod1jq3QJY/edit#slide=id.g4be45cc0c3_1_85||2|0|13192244634073162|0|0
265|https://docs.google.com/presentation/d/1kyRsC1-PMJu4UndE6psUHJHuTHX7W6cuYRod1jq3QJY/edit#slide=id.g4c21576342_0_4||2|0|13192248922528704|0|0
266|https://docs.google.com/presentation/d/1kyRsC1-PMJu4UndE6psUHJHuTHX7W6cuYRod1jq3QJY/edit#slide=id.g4be45cc0c3_1_68||2|0|13192248902572764|0|0
267|https://docs.google.com/presentation/d/1kyRsC1-PMJu4UndE6psUHJHuTHX7W6cuYRod1jq3QJY/edit#slide=id.g4be45cc0c3_1_52||6|0|13192248915033231|0|0
268|https://docs.google.com/presentation/d/1kyRsC1-PMJu4UndE6psUHJHuTHX7W6cuYRod1jq3QJY/edit#slide=id.g4c07aed684_0_7||3|0|13192248910132595|0|0
269|https://docs.google.com/presentation/d/1kyRsC1-PMJu4UndE6psUHJHuTHX7W6cuYRod1jq3QJY/edit#slide=id.g4be45cc0c3_1_35||2|0|13192248899635947|0|0
270|https://docs.google.com/presentation/d/1kyRsC1-PMJu4UndE6psUHJHuTHX7W6cuYRod1jq3QJY/edit#slide=id.g4be45cc0c3_0_1||3|0|13192248913841305|0|0
271|https://docs.google.com/presentation/d/1kyRsC1-PMJu4UndE6psUHJHuTHX7W6cuYRod1jq3QJY/edit#slide=id.g4891b805bc_0_5||3|0|13192248897621680|0|0
272|https://docs.google.com/presentation/d/1kyRsC1-PMJu4UndE6psUHJHuTHX7W6cuYRod1jq3QJY/edit#slide=id.g4c07aed684_0_2||2|0|13192248896134105|0|0
273|https://docs.google.com/presentation/d/1kyRsC1-PMJu4UndE6psUHJHuTHX7W6cuYRod1jq3QJY/edit#slide=id.g3d022b32ae_0_5||1|0|13192243814579702|0|0
274|https://docs.google.com/presentation/d/1kyRsC1-PMJu4UndE6psUHJHuTHX7W6cuYRod1jq3QJY/edit#slide=id.g3d022b32ae_0_0||1|0|13192243817991410|0|0
275|https://docs.google.com/presentation/d/1kyRsC1-PMJu4UndE6psUHJHuTHX7W6cuYRod1jq3QJY/edit#slide=id.g4d923ccbc0_0_23||3|0|13192245555948777|0|0
276|https://docs.google.com/presentation/d/1kyRsC1-PMJu4UndE6psUHJHuTHX7W6cuYRod1jq3QJY/edit#slide=id.g4d923ccbc0_0_39||3|0|13192245577236769|0|0
277|https://docs.google.com/presentation/d/1kyRsC1-PMJu4UndE6psUHJHuTHX7W6cuYRod1jq3QJY/edit#slide=id.g4d923ccbc0_0_66||5|0|13192245537704083|0|0
278|https://docs.google.com/presentation/d/1kyRsC1-PMJu4UndE6psUHJHuTHX7W6cuYRod1jq3QJY/edit#slide=id.g4d923ccbc0_0_55||5|0|13192244654683889|0|0
279|https://docs.google.com/presentation/d/1kyRsC1-PMJu4UndE6psUHJHuTHX7W6cuYRod1jq3QJY/edit#slide=id.g4d923ccbc0_0_123||3|0|13192245465677067|0|0
280|https://docs.google.com/presentation/d/1kyRsC1-PMJu4UndE6psUHJHuTHX7W6cuYRod1jq3QJY/edit#slide=id.g4d61f71165_0_100||3|0|13192245422341215|0|0
281|https://docs.google.com/presentation/d/1kyRsC1-PMJu4UndE6psUHJHuTHX7W6cuYRod1jq3QJY/edit#slide=id.g4c21576342_0_68||3|0|13192245421831302|0|0
282|https://docs.google.com/presentation/d/1kyRsC1-PMJu4UndE6psUHJHuTHX7W6cuYRod1jq3QJY/edit#slide=id.g4c0372a315_0_60||4|0|13192245619144428|0|0
283|https://docs.google.com/presentation/d/1kyRsC1-PMJu4UndE6psUHJHuTHX7W6cuYRod1jq3QJY/edit#slide=id.g4d923ccbc0_0_131||3|0|13192245583911025|0|0
284|https://docs.google.com/presentation/d/1kyRsC1-PMJu4UndE6psUHJHuTHX7W6cuYRod1jq3QJY/edit#slide=id.g445c8f4c5882998c_15||1|0|13192245367386595|0|0
285|https://docs.google.com/presentation/d/1kyRsC1-PMJu4UndE6psUHJHuTHX7W6cuYRod1jq3QJY/edit#slide=id.g4c21576342_0_42||1|0|13192245413859924|0|0
286|https://docs.google.com/presentation/d/1kyRsC1-PMJu4UndE6psUHJHuTHX7W6cuYRod1jq3QJY/edit#slide=id.g4d8f0f26c2_0_6||1|0|13192245426555896|0|0
287|https://docs.google.com/presentation/d/1kyRsC1-PMJu4UndE6psUHJHuTHX7W6cuYRod1jq3QJY/edit#slide=id.g4be45cc0c3_1_95||1|0|13192245436900245|0|0
288|https://docs.google.com/presentation/d/1kyRsC1-PMJu4UndE6psUHJHuTHX7W6cuYRod1jq3QJY/edit#slide=id.g4be45cc0c3_1_104||1|0|13192245437672596|0|0
289|https://docs.google.com/presentation/d/1ykIUm1xAKMforvTPeqvXMdC4DZlnWOg604ekaybhiOs/edit#slide=id.g487950190f_0_69||4|0|13192249349541193|0|0
290|https://docs.google.com/presentation/d/1ykIUm1xAKMforvTPeqvXMdC4DZlnWOg604ekaybhiOs/edit#slide=id.g4be45cc0c3_1_2||2|0|13192249350983283|0|0
291|http://repl.it/@featherbear/slightlyLesserSignifiedBeings|Repl.it - slightlyLesserSignifiedBeings|1|0|13192245640681789|0|0
292|https://repl.it/@featherbear/slightlyLesserSignifiedBeings|Repl.it - slightlyLesserSignifiedBeings|3|0|13192245661106353|0|0
293|https://repl.it/repls/SoupyCompassionateAutocad|Repl.it - SoupyCompassionateAutocad|2|0|13192245662322055|0|0
294|https://docs.google.com/presentation/d/1kyRsC1-PMJu4UndE6psUHJHuTHX7W6cuYRod1jq3QJY/edit#slide=id.g542d65370a8faa59_11||2|0|13192248917045292|0|0
295|https://docs.google.com/presentation/d/1ykIUm1xAKMforvTPeqvXMdC4DZlnWOg604ekaybhiOs/edit#slide=id.g4be45cc0c3_1_10||1|0|13192249352104814|0|0
296|https://docs.google.com/presentation/d/1ykIUm1xAKMforvTPeqvXMdC4DZlnWOg604ekaybhiOs/edit#slide=id.g4978d0c231_0_16||1|0|13192249353617317|0|0
297|https://docs.google.com/presentation/d/1ykIUm1xAKMforvTPeqvXMdC4DZlnWOg604ekaybhiOs/edit#slide=id.g4978d0c231_0_25||1|0|13192249355140854|0|0
298|https://docs.google.com/presentation/d/1ykIUm1xAKMforvTPeqvXMdC4DZlnWOg604ekaybhiOs/edit#slide=id.g487950190f_0_78||1|0|13192249358246831|0|0
299|https://docs.google.com/presentation/d/1ykIUm1xAKMforvTPeqvXMdC4DZlnWOg604ekaybhiOs/edit#slide=id.g4be45cc0c3_1_16||1|0|13192249361855813|0|0
300|https://docs.google.com/presentation/d/1ykIUm1xAKMforvTPeqvXMdC4DZlnWOg604ekaybhiOs/edit#slide=id.g497f722781_0_5||1|0|13192249363143531|0|0
301|https://docs.google.com/presentation/d/1ykIUm1xAKMforvTPeqvXMdC4DZlnWOg604ekaybhiOs/edit#slide=id.g4978d0c231_0_31||1|0|13192249364591049|0|0
302|https://docs.google.com/presentation/d/1ykIUm1xAKMforvTPeqvXMdC4DZlnWOg604ekaybhiOs/edit#slide=id.g497f722781_0_10||1|0|13192249365908392|0|0
303|https://ctf.compclub.com.au/|CompClub 2019 Summer CTF|2|1|13192250778416838|0|0
304|https://ctf.compclub.com.au/invite?next=%2F|CompClub 2019 Summer CTF|1|0|13192249611730467|0|0
305|https://ctf.compclub.com.au/invite/|CompClub 2019 Summer CTF|1|0|13192249611730467|0|0
306|https://summer2019.compclub.com.au/day4_solutions.html|CompClub 2019 Summer Workshops|2|0|13192250050384199|0|0
307|https://www.google.com/search?q=america+proxy&oq=america+proxy&aqs=chrome..69i57j0l5.1832j0j7&sourceid=chrome&ie=UTF-8|america proxy - Google Search|1|0|13192250255298846|0|0
308|https://www.google.com/search?ei=jzJBXLOACs26rQHzs4GoDw&q=america+proxy+ip&oq=america+proxy+ip&gs_l=psy-ab.3..0i22i30l2.1510.6771..7022...3.0..0.187.723.0j4......0....1..gws-wiz.......0i71j0i10j0i10i67.D7u8PfeWJUU|america proxy ip - Google Search|1|0|13192250263476966|0|0
309|http://repl.it/|Repl.it - The world's leading online coding platform|1|1|13192251627161543|0|0
310|https://repl.it/|Repl.it - The world's leading online coding platform|2|0|13192251627620772|0|0
311|https://repl.it/repls/ElaborateAttentiveLead|Repl.it - ElaborateAttentiveLead|2|0|13192251639715108|0|0
312|https://www.google.com/search?q=working+out+large+numbers+with+python&oq=working+out+large+numbers+with+python&aqs=chrome..69i57.5469j0j7&sourceid=chrome&ie=UTF-8|working out large numbers with python - Google Search|1|0|13192252085037300|0|0
313|https://stackoverflow.com/questions/538551/handling-very-large-numbers-in-python|optimization - Handling very large numbers in Python - Stack Overflow|1|0|13192252097515937|0|0
314|https://www.google.com/search?q=man+or+monster&oq=man+or+monster&aqs=chrome.0.0l6.3536j0j7&sourceid=chrome&ie=UTF-8|man or monster - Google Search|1|0|13192257465613256|0|0
315|https://www.google.com/search?ei=uU5BXO-uHcXIyAOQuwU&q=man+or+monster+io&oq=man+or+monster+io&gs_l=psy-ab.3..0j0i22i30l9.2901.3290..3564...0.0..0.260.637.0j2j1......0....1..gws-wiz.......0i71j0i67.gOaGvGmY6uA|man or monster io - Google Search|2|0|13192257484003706|0|0
316|https://www.google.com/search?q=htttps%3A%2F%2Ftinyurl.com%2FCompclubSSS&oq=htttps%3A%2F%2Ftinyurl.com%2FCompclubSSS&aqs=chrome..69i57j69i58.26632j0j7&sourceid=chrome&ie=UTF-8|htttps://tinyurl.com/CompclubSSS - Google Search|1|0|13192257797774691|0|0
317|https://www.google.com/search?q=https://tinyurl.com/CompclubSSS&sa=X&ved=0ahUKEwjagai6ufbfAhWbb30KHSJvCmAQ7xYIKSgA&biw=1920&bih=983|https://tinyurl.com/CompclubSSS - Google Search|1|0|13192257802092282|0|0
318|https://tinyurl.com/CompclubSSS|Feedback|1|0|13192257810890293|0|0
319|https://goo.gl/forms/botU4y0EHarywQeB3|Feedback|1|0|13192257810890293|0|0
320|https://docs.google.com/forms/d/e/1FAIpQLSeTbnbww0Wz7bkuKacSlAFMckT5D3S74bvcZOOiqB7uI7TgZg/viewform?usp=send_form|Feedback|1|0|13192257810890293|0|0
321|https://docs.google.com/forms/d/e/1FAIpQLSeTbnbww0Wz7bkuKacSlAFMckT5D3S74bvcZOOiqB7uI7TgZg/viewform||1|0|13192257811481833|0|0
322|https://docs.google.com/forms/d/e/1FAIpQLSeTbnbww0Wz7bkuKacSlAFMckT5D3S74bvcZOOiqB7uI7TgZg/viewform?fbzx=-231255425825606550||1|0|13192257883698181|0|0
323|https://docs.google.com/forms/d/e/1FAIpQLSeTbnbww0Wz7bkuKacSlAFMckT5D3S74bvcZOOiqB7uI7TgZg/formResponse|Feedback|11|0|13192258153871892|0|0
324|https://www.google.com/search?q=reddit&oq=reddit&aqs=chrome..69i57j69i60l4j69i59.791j0j4&sourceid=chrome&ie=UTF-8|reddit - Google Search|1|0|13192258254715140|0|0
325|https://www.reddit.com/|reddit: the front page of the internet|1|0|13192258257604068|0|0
326|https://www.reddit.com/search?q=r%2Fcomedyheaven|reddit.com: search results - r/comedyheaven|2|0|13192258264562254|0|0
327|https://www.reddit.com/r/comedyheaven/|Are you mexico? : comedyheaven|3|0|13192258389345408|0|0
328|https://www.reddit.com/r/comedyheaven/comments/ah190v/bed_joke/|bed joke : comedyheaven|1|0|13192258354015995|0|0
329|https://www.reddit.com/r/comedyheaven/comments/agvk8u/are_you_mexico/|Are you mexico? : comedyheaven|1|0|13192258382305283|0|0
