2019-01-16 23:10:52|https://www.mozilla.org/privacy/firefox/
2019-01-16 23:10:52|https://www.mozilla.org/en-US/privacy/firefox/
2019-01-16 23:11:16|https://www.google.com/search?q=summer2019comclub.com.au&ie=utf-8&oe=utf-8&client=firefox-b
2019-01-16 23:11:28|https://www.google.com/search?client=firefox-b&ei=FLo_XLijG9O0rQGy1KLoDA&q=https%3A%2F%2Fsummer2019comclub.com.au&oq=https%3A%2F%2Fsummer2019comclub.com.au&gs_l=psy-ab.3...5480.10590..11478...0.0..0.196.1112.0j8......0....1..gws-wiz.rNB2YGjBDKk
2019-01-16 23:12:08|https://www.google.com/search?q=summer2019comclub.com.au&ie=utf-8&oe=utf-8&client=firefox-b
2019-01-16 23:14:13|http://repl.it/languages/python3
2019-01-16 23:14:15|https://repl.it/languages/python3
2019-01-16 23:14:16|https://repl.it/repls/ClutteredUnlinedSequel
2019-01-16 23:20:23|https://www.google.com/search?q=sydney+weather&ie=utf-8&oe=utf-8&client=firefox-b
2019-01-16 23:22:20|https://www.google.com/search?q=summer2019comclub.com.au&ie=utf-8&oe=utf-8&client=firefox-b
2019-01-16 23:22:26|https://www.google.com/search?client=firefox-b&ei=rLw_XOKVAYPsvATes4WIBg&q=summer2019.comclub.com.au&oq=summer2019.comclub.com.au&gs_l=psy-ab.3...5597.5597..5852...0.0..0.118.118.0j1......0....1..gws-wiz.gLORzvzHgJw
2019-01-16 23:22:45|http://summer2019.compclub.com.au/
2019-01-16 23:22:45|https://summer2019.compclub.com.au/
2019-01-16 23:23:00|https://summer2019.compclub.com.au/day5
2019-01-16 23:23:12|https://summer2019.compclub.com.au/day4
2019-01-16 23:26:13|https://www.youtube.com/
2019-01-16 23:26:27|https://www.youtube.com/results?search_query=r6+montage+vs+clash
2019-01-16 23:26:30|https://www.youtube.com/watch?v=IVX1EFbfzyk
2019-01-16 23:33:03|https://www.youtube.com/
2019-01-16 23:33:10|https://www.google.com/search?q=Context&ie=utf-8&oe=utf-8&client=firefox-b
2019-01-16 23:41:36|https://www.youtube.com/
2019-01-16 23:41:53|https://www.youtube.com/results?search_query=r6+montage+vs+clash
2019-01-16 23:41:54|https://www.youtube.com/watch?v=IVX1EFbfzyk
2019-01-16 23:42:35|https://repl.it/repls/ClutteredUnlinedSequel
2019-01-16 23:42:57|https://www.youtube.com/
2019-01-16 23:44:16|https://www.youtube.com/results?search_query=clash+vs+montagne+1v1
2019-01-16 23:44:24|https://www.youtube.com/watch?v=ZNykYjcF60c
2019-01-17 00:00:26|https://www.youtube.com/results?search_query=blitz%2C+montage+vs+clash
2019-01-17 01:07:24|https://repl.it/repls/ClutteredUnlinedSequel
2019-01-17 01:07:45|http://repl.it/
2019-01-17 01:07:45|https://repl.it/
2019-01-17 01:07:54|https://repl.it/login
2019-01-17 01:08:03|https://summer2019.compclub.com.au/
2019-01-17 01:08:06|https://summer2019.compclub.com.au/day1
2019-01-17 01:08:20|https://docs.python.org/3/index.html
2019-01-17 01:08:36|https://repl.it/repls/ClutteredUnlinedSequel
2019-01-17 01:11:09|https://www.youtube.com/
2019-01-17 01:18:19|https://www.facebook.com/
2019-01-17 01:18:30|https://www.youtube.com/
2019-01-17 01:18:36|https://www.youtube.com/watch?v=YkF4w6w27W0
2019-01-17 01:20:07|https://repl.it/repls/ClutteredUnlinedSequel
2019-01-17 01:25:12|https://www.wikipedia.org/
2019-01-17 01:25:30|https://repl.it/repls/ClutteredUnlinedSequel
2019-01-17 01:42:34|https://www.google.com/search?q=SITHER.IO&ie=utf-8&oe=utf-8&client=firefox-b
2019-01-17 01:42:39|http://sither.io/
2019-01-17 01:42:42|http://p202044.mybestmv.com/adServe/domainClick?ai=4dFSqEVUzOrgUkNW5twov_QFipBv1sgtwXmuPfDLsbfiyYtXZtEsvqGOJ4QFbDArcPFA1HbuVVj0SSsSY4-ZKAQAxFeTafSgaL-UFnP0s1jQppHL6Pna7k0wz7mwt31ZmnGvR1I8783nsadoGYixvRUDn5A8y7vj7VFAbU54-9Cxj0PwWlfnFTGWTbXLetXzNn986_Z_Grqxj0PwWlfnFTdYVb9Hf13T9Q5QTSNdwTEFncmeHk0yDNHb6LyUTURM06wD66KEORcjYu0Egf3NHRlBFRqjL8zEbbYhd1CFWOuxlbsIuE3iHAvWbbKkOTgf4Y4-TtDDdkLHYS4fEBxs6NqqCecjKeQpWmPEz9HLu8OHMS0o9IV2HeeHT4ZeS0e_MlOJ9AtNKz4gAoV-EYqye8IyRdSKDJN7hqOvAkDgsEo4_hj3LKCP219vkVB5mXvk22Ydr6xcDoFT7sk9-Qy21QNid7xOiQihAUgheKjLQ6KwCMoixrppYii7IRClU1otf6gmL4f0BkMH5bXaX7wdxcgvnGTDkQp2VCQXe0Vjpa-OF0SokHo2PZeYO9hdbD2Gn6oVmfmCmc-q0T2xsmJwnBfZ8RtWPEH2w0XcBnxh1SxK6994hoGSQikbjTnD0JcoWrkuEiZvcEKC67YP62osaVKsh-dcjcrEf7X8aqNKDMBICUQx8RHS_SAV9PI4tGLB&ui=6sHX-Ntc-6D_GsbZpnowmyxq6YdBHXDJBwM9YFMvL3Jcaj-O76vHqQprpCRsmVlXV3zDYuDTZufmY82m42wVJkoYtwjx0OZLYyyfSSA38bqdteGSjnahpA&si=1&oref=a8a4b56e713f0d18ab9fae5e1acffc7e&rb=Mx3ZPtcOPJQ&rb=0
2019-01-17 01:42:43|https://hcliips.com/click.php?key=fu3cel80ps1jeb2pmsj3&subid=058437254069872082343&bid=0.005&site=58437254&source=58437254&clickid=058437254069872082343&browser=Firefox+60&geo=AU&campaign_name=AU-DESK-ZERO&device=Computer&os=Linux
2019-01-17 01:42:43|https://hcliips.com/landers/btc/au?uclick=he9lusus
2019-01-17 01:42:43|https://hcliips.com/landers/btc/au/?uclick=he9lusus
2019-01-17 01:42:45|https://hcliips.com/landers/btc/au/?uclick=he9lusus#
2019-01-17 01:42:48|https://hcliips.com/click.php?key=wpcvskes3mzf7ijrzqkn
2019-01-17 01:42:49|https://hcliips.com/landers/dat/en_2/index.php?uclick=he9lusus
2019-01-17 01:42:49|https://hcliips.com/landers/dat/en_2/index.php?uclick=he9lusus#
2019-01-17 01:42:52|https://hcliips.com/click.php?key=17puum0gr7tmnger6c08
2019-01-17 01:42:53|http://best-bonus4-you.com/?u=0t98kwf&o=1c4a2cx&cid=7655ahe9lus9l21e
2019-01-17 01:43:28|https://www.google.com/search?q=sITHER.IO&ie=utf-8&oe=utf-8&client=firefox-b
2019-01-17 01:43:32|http://sither.io/
2019-01-17 01:43:37|http://p202044.mybestmv.com/adServe/domainClick?ai=CQVTb0nG8RoiYfH10bhJe_QFipBv1sgtwXmuPfDLsbfiyYtXZtEsvqGOJ4QFbDArcPFA1HbuVVj0SSsSY4-ZKAQAxFeTafSgaL-UFnP0s1jQppHL6Pna7k0wz7mwt31ZmnGvR1I8783nsadoGYixvRUDn5A8y7vj7VFAbU54-9Cxj0PwWlfnFTGWTbXLetXzNn986_Z_Grqxj0PwWlfnFTdYVb9Hf13T9Q5QTSNdwTEFncmeHk0yDNHb6LyUTURM06wD66KEORcjYu0Egf3NHRlBFRqjL8zEbbYhd1CFWOuxlbsIuE3iHAvWbbKkOTgf4Y4-TtDDdkLHYS4fEBxs6NqqCecjKeQpWmPEz9HLu8OHMS0o9IV2HeeHT4ZeS0e_MlOJ9AtNKz4gAoV-EYqye8IyRdSKDJN7hqOvAkDgsEo4_hj3LKCP219vkVB5mXvk22Ydr6xcDoFT7sk9-Qy21QNid7xOiQihAUgheKjLQ6KwCMoixrppYii7IRClU1otf6gmL4f0BkNA6N88BSQcnY8BUMCoT86fItDSdFGZx1UmYIJGi_TSUWTfxfs1Jb0VofB33BW-m9pDG-A6O8vm_g3tKy_heZIp6ZdHpXnyFOE0nI3YxdbSQmsoK2PQR3cP1HanXB3kwMrUDctBB5bK4AzpxF2ezqEJkRZoDkTN6TQuDi9ZpyJrxP09V6ZFcdrqJg1v6JbB0DQ&ui=6sHX-Ntc-6D_GsbZpnowmyxq6YdBHXDJBwM9YFMvL3JV1I1XvJINVq-vBbUmyKLbdH89FWj7ozCiN-n1YkfddC1BK27ibf4hC_gpMGe6GoiRcv7WUDYbrg&si=1&oref=a8a4b56e713f0d18ab9fae5e1acffc7e&rb=smam-0jazRE&rb=0
2019-01-17 01:43:37|https://coogle-prefeeds.com/d2044589-7f97-447d-bff3-6b0c5b7f4b6e?source_id=58437254&bundle_id={bundle_id}&clickid=058437254069872094212
2019-01-17 01:43:38|https://dynamic-competiton.com/fpage?country=au&pub=121&cam=1068&click_id=w98MSJGD3B7O69NJHA3HB76G&sub_id=58437254
2019-01-17 01:43:39|http://amazingprizecompetition.com/redirpage?country=au&pub=121&cam=1068&click_id=w98MSJGD3B7O69NJHA3HB76G&sub_id=58437254&sessionId=47717094
2019-01-17 01:43:40|https://amazingprizecompetition.com/redirpage?country=au&pub=121&cam=1068&click_id=w98MSJGD3B7O69NJHA3HB76G&sub_id=58437254&sessionId=47717094
2019-01-17 01:43:41|https://amazingprizecompetition.com/redirpage?country=au&pub=121&cam=1068&click_id=w98MSJGD3B7O69NJHA3HB76G&sub_id=58437254&sessionId=47717094#
2019-01-17 01:43:52|https://www.google.com/search?q=sither.io&ie=utf-8&oe=utf-8&client=firefox-b
2019-01-17 01:43:54|http://slither.io/
2019-01-17 01:46:56|http://slither.io/
2019-01-17 01:47:17|https://repl.it/repls/ClutteredUnlinedSequel
2019-01-17 01:50:17|https://summer2019.compclub.com.au/day5
2019-01-17 01:50:20|https://summer2019.compclub.com.au/
2019-01-17 01:50:22|https://summer2019.compclub.com.au/day4
2019-01-17 04:29:35|http://slither.io/
1|https://www.google.com/search?q=sitherio&oq=sitherio&aqs=chrome..69i57j0l5.1770j0j8&sourceid=chrome&ie=UTF-8|sitherio - Google Search|1|0|13192164751542669|0|0
2|http://slither.io/|slither.io|2|0|13192172902125324|0|0
3|https://support.google.com/chrome/?p=help&ctx=keyboard|Google Chrome Help|1|0|13192168810753810|0|0
4|https://support.google.com/chrome/?p=help&ctx=keyboard#topic=7438008||1|0|13192168811461904|0|0
5|http://repl.it/|Repl.it - The world's leading online coding platform|1|1|13192168824579955|0|0
6|https://repl.it/|Repl.it - The world's leading online coding platform|2|0|13192168825163873|0|0
7|https://repl.it/signup|Repl.it - Sign Up|1|0|13192168829221733|0|0
8|https://repl.it/login|Repl.it - Log In|1|0|13192168832898806|0|0
9|https://repl.it/repls|Repl.it - Repls|10|0|13192168911437460|0|0
10|https://repl.it/@SgtSiphon/NeglectedDarkkhakiCore|Repl.it - NeglectedDarkkhakiCore|1|0|13192168875173315|0|0
11|https://repl.it/@SgtSiphon/DarkseagreenElderlyEditors|Repl.it - DarkseagreenElderlyEditors|1|0|13192168885704048|0|0
12|https://repl.it/@SgtSiphon/LegalUntriedAmoebas|Repl.it - LegalUntriedAmoebas|1|0|13192168907319496|0|0
13|https://repl.it/@SgtSiphon/UntriedFunnyWamp|Repl.it - UntriedFunnyWamp|2|0|13192170216297411|0|0
14|http://sither.io/|Sither.io|2|1|13192172959986972|0|0
15|https://www.google.com/search?q=slitherio&oq=slitherio&aqs=chrome..69i57j0l5.3417j1j7&sourceid=chrome&ie=UTF-8|slitherio - Google Search|1|0|13192172874701269|0|0
16|https://www.google.com/search?q=deepio&oq=deepio&aqs=chrome..69i57j0l5.6399j0j8&sourceid=chrome&ie=UTF-8|deepio - Google Search|1|0|13192173218348866|0|0
17|http://friv.rest/deep-io-online|Deep.io Online - Friv.Rest|2|0|13192173972467542|0|0
18|https://www.google.com/search?q=kahoot&oq=kahoot&aqs=chrome.0.0l6.1090j0j7&sourceid=chrome&ie=UTF-8|kahoot - Google Search|2|0|13192244238470661|0|0
19|https://kahoot.it/|Play Kahoot! - Enter game PIN here|1|0|13192244237363294|0|0
20|https://kahoot.com/|Kahoot! | Learning Games | Make Learning Awesome!|1|0|13192244239508738|0|0
21|https://create.kahoot.it/?_ga=2.102878472.984808808.1547770640-1122316780.1547770640|Kahoot!|4|0|13192244241957879|0|0
22|https://create.kahoot.it/login?next=/%3F_ga%3D2.102878472.984808808.1547770640-1122316780.1547770640||1|0|13192244242082375|0|0
23|https://create.kahoot.it/login?next=%2F%3F_ga%3D2.102878472.984808808.1547770640-1122316780.1547770640|Kahoot!|6|0|13192244287827693|0|0
24|https://accounts.google.com/o/oauth2/auth?redirect_uri=storagerelay%3A%2F%2Fhttps%2Fcreate.kahoot.it%3Fid%3Dauth897492&response_type=permission%20id_token&scope=email&openid.realm=&client_id=72103009834-ccrvro0kt03tpd7vrsi0c7e3gqjmsl4a.apps.googleusercontent.com&ss_domain=https%3A%2F%2Fcreate.kahoot.it&fetch_basic_profile=false&gsiwebsdk=2|Forwarding ...|1|0|13192244244366319|0|0
25|https://accounts.google.com/signin/oauth?client_id=72103009834-ccrvro0kt03tpd7vrsi0c7e3gqjmsl4a.apps.googleusercontent.com&as=vJdbX9ydP4dQ1MQyf90_5g&destination=https://create.kahoot.it&approval_state=!ChRqTmpXenBEMVJSVUtNUWlaWEs2RhIfSXpza1ByMEVIMmdlOEhuU1JuY2dubW9PZFJ6bGhSWQ%E2%88%99APNbktkAAAAAXEJslB3HbQjUvh1_NDYVg3JR84jcHLhN&oauthgdpr=1&xsrfsig=ChkAeAh8TyyRbI_WIVsabcxIMBD9nDYIE0_nEg5hcHByb3ZhbF9zdGF0ZRILZGVzdGluYXRpb24SBXNvYWN1Eg9vYXV0aHJpc2t5c2NvcGU|Sign in – Google accounts|3|0|13192244245034107|0|0
26|https://accounts.google.com/signin/oauth/identifier?client_id=72103009834-ccrvro0kt03tpd7vrsi0c7e3gqjmsl4a.apps.googleusercontent.com&as=vJdbX9ydP4dQ1MQyf90_5g&destination=https%3A%2F%2Fcreate.kahoot.it&approval_state=!ChRqTmpXenBEMVJSVUtNUWlaWEs2RhIfSXpza1ByMEVIMmdlOEhuU1JuY2dubW9PZFJ6bGhSWQ%E2%88%99APNbktkAAAAAXEJslB3HbQjUvh1_NDYVg3JR84jcHLhN&oauthgdpr=1&xsrfsig=ChkAeAh8TyyRbI_WIVsabcxIMBD9nDYIE0_nEg5hcHByb3ZhbF9zdGF0ZRILZGVzdGluYXRpb24SBXNvYWN1Eg9vYXV0aHJpc2t5c2NvcGU&flowName=GeneralOAuthFlow||1|0|13192244245120363|0|0
27|https://accounts.google.com/signin/v2/challenge/pwd?client_id=72103009834-ccrvro0kt03tpd7vrsi0c7e3gqjmsl4a.apps.googleusercontent.com&as=vJdbX9ydP4dQ1MQyf90_5g&destination=https%3A%2F%2Fcreate.kahoot.it&approval_state=!ChRqTmpXenBEMVJSVUtNUWlaWEs2RhIfSXpza1ByMEVIMmdlOEhuU1JuY2dubW9PZFJ6bGhSWQ%E2%88%99APNbktkAAAAAXEJslB3HbQjUvh1_NDYVg3JR84jcHLhN&oauthgdpr=1&xsrfsig=ChkAeAh8TyyRbI_WIVsabcxIMBD9nDYIE0_nEg5hcHByb3ZhbF9zdGF0ZRILZGVzdGluYXRpb24SBXNvYWN1Eg9vYXV0aHJpc2t5c2NvcGU&flowName=GeneralOAuthFlow&TL=AHnYQLxQjyj7n3diiwBNTQ-sPLZSUCOSX5R6nqUoC2uQVpUT819LB8RBWmezPOW4-fj4zcSNiSWxpwA5sW-Qq8BlgCj-9_Qgs926PMwx-lMWSv2mgbx-36XFN8ro2XYVXpDEE6NMsvKasTmsI9XtWjS_VxtO78BotFdZKLApORJuXXDJBCycMZI&cid=1&navigationDirection=forward||1|0|13192244251810804|0|0
28|https://accounts.google.com/CheckCookie?hl=en-GB&checkedDomains=youtube&checkConnection=youtube%3A237%3A0&chtml=LoginDoneHtml&service=lso&continue=https%3A%2F%2Faccounts.google.com%2Fsignin%2Foauth%2Fconsent%3Fauthuser%3Dunknown%26part%3DAJi8hAMdfPLLip1lNANmwBpaDwFCDAGL_3BIsjXVgGfUERbiGIQBAH0TAkzYT0j2SNbPIg354rPZgolm6oSoGkv9xTRO6Cgkx-hIjkDPhJPvNMO0xSspfuLDW19EN3SBiWrWYbxet9RRT0Z47PVXQ7Kv93fdeutyQa2Gq7gt6OxCWe-20fjNPK0SA8IfcAEB9TrV-ohoTI3tyDhMaVtWysz0CHh3SBTGfXRUxkrGWrlp9C-wL1HHW-9rLGFjfOXeLQs16fW1m3esiszmQlaqtppPGPoQjC6ztHaAgYx9fGB5Q4A3sIk-AAw4OIS-moISnEYHu7moqH11NBX9wwPA6OMnK8p7N_5h4mJrJxmdu7fAuCbtZFW6cNQip8W51Zw6ge_ZBBHNkk5O6AG68mn-JbUxYgfMTj90XVMQan0L8PNEMsAoQB8iOww%26as%3DvJdbX9ydP4dQ1MQyf90_5g%26rapt%3DAEjHL4NR6GEwdJJDMu_kN8zUUDiPW0yO0-zE2Wn-FAphi85_OAqnkKBmG891FE3qPMvsfmA9logLS5IiULkVL2z-ZaTi91eOBw%23&gidl=EgIIAA|Redirecting|1|0|13192244262725645|0|0
29|https://accounts.youtube.com/accounts/SetSID?ssdc=1&sidt=ALWU2ctARL%2FKXwzEt%2FpcqGUsnfGcW5mOhOZb1gcFnktPA9azssXmgYJuvUca1LoTVraJ7OoRua1jym8WJAxfVc9j5LqDex9vuuCZzncPFn5hyYVp0OXR9y1IKyqRWc3U%2FRubUg2vBh9RY54aq%2FxkiEbhkVxArfzQSwwGaVGIrHn5SkYcd3zakshGrVSpJnYIX9NOmHoAq1GspAKO7MWD0F0aVAGKda3b53ky71pLCWZTI2jG8iKkKyDB24zAOCE4Hoj9GSDqcvZJb1EWTKtOUpjZEFJ3BjAQ%2FQ%3D%3D&continue=https%3A%2F%2Faccounts.google.com%2Fsignin%2Foauth%2Fconsent%3Fauthuser%3D0%26part%3DAJi8hAMdfPLLip1lNANmwBpaDwFCDAGL_3BIsjXVgGfUERbiGIQBAH0TAkzYT0j2SNbPIg354rPZgolm6oSoGkv9xTRO6Cgkx-hIjkDPhJPvNMO0xSspfuLDW19EN3SBiWrWYbxet9RRT0Z47PVXQ7Kv93fdeutyQa2Gq7gt6OxCWe-20fjNPK0SA8IfcAEB9TrV-ohoTI3tyDhMaVtWysz0CHh3SBTGfXRUxkrGWrlp9C-wL1HHW-9rLGFjfOXeLQs16fW1m3esiszmQlaqtppPGPoQjC6ztHaAgYx9fGB5Q4A3sIk-AAw4OIS-moISnEYHu7moqH11NBX9wwPA6OMnK8p7N_5h4mJrJxmdu7fAuCbtZFW6cNQip8W51Zw6ge_ZBBHNkk5O6AG68mn-JbUxYgfMTj90XVMQan0L8PNEMsAoQB8iOww%26as%3DvJdbX9ydP4dQ1MQyf90_5g%26rapt%3DAEjHL4NR6GEwdJJDMu_kN8zUUDiPW0yO0-zE2Wn-FAphi85_OAqnkKBmG891FE3qPMvsfmA9logLS5IiULkVL2z-ZaTi91eOBw%26auth%3D9wa7uIwMxug0BoLS1u6eLzMsz43AqCUoFo3T_mPXtGF0aU3R17wiKlb94J7Z0sSudhQ79Q.%23&dbus=AU|Redirecting|1|0|13192244262725645|0|0
30|https://accounts.google.com.au/accounts/SetSID?ssdc=1&sidt=ALWU2csqydIgfLw7TboboP4p/hkdv8ybRNjIzLIYIZGBELo%2BXOBvhOLzRbsoYsnD9WIlvo%2BQxUWw18efUYnVVGC3pX5bO5ec7AJbfZwGoNP8BKbzbD5kYegZATJ0eR%2BeCJjbsmXY2v5M1Bi1sJcgrHgFIxG5kwurbaHIGIH7JGwJC0QwhCbU3mODxXaqfWg6W5x8nuFH/P6dWYWUozt2FwaclVaZbjHGhLlGbj3nLWKx/7rebFyvtE4uzhdlrRo9a9OwlOc3HhUDAfOfTcz9d8pWyZMNsrB2lg%3D%3D&continue=https://accounts.google.com/signin/oauth/consent?authuser%3D0%26part%3DAJi8hAMdfPLLip1lNANmwBpaDwFCDAGL_3BIsjXVgGfUERbiGIQBAH0TAkzYT0j2SNbPIg354rPZgolm6oSoGkv9xTRO6Cgkx-hIjkDPhJPvNMO0xSspfuLDW19EN3SBiWrWYbxet9RRT0Z47PVXQ7Kv93fdeutyQa2Gq7gt6OxCWe-20fjNPK0SA8IfcAEB9TrV-ohoTI3tyDhMaVtWysz0CHh3SBTGfXRUxkrGWrlp9C-wL1HHW-9rLGFjfOXeLQs16fW1m3esiszmQlaqtppPGPoQjC6ztHaAgYx9fGB5Q4A3sIk-AAw4OIS-moISnEYHu7moqH11NBX9wwPA6OMnK8p7N_5h4mJrJxmdu7fAuCbtZFW6cNQip8W51Zw6ge_ZBBHNkk5O6AG68mn-JbUxYgfMTj90XVMQan0L8PNEMsAoQB8iOww%26as%3DvJdbX9ydP4dQ1MQyf90_5g%26rapt%3DAEjHL4NR6GEwdJJDMu_kN8zUUDiPW0yO0-zE2Wn-FAphi85_OAqnkKBmG891FE3qPMvsfmA9logLS5IiULkVL2z-ZaTi91eOBw%26auth%3D9wa7uIwMxug0BoLS1u6eLzMsz43AqCUoFo3T_mPXtGF0aU3R17wiKlb94J7Z0sSudhQ79Q.%23|Redirecting|1|0|13192244262725645|0|0
31|https://accounts.google.com.au/accounts/SetSID||1|0|13192244262746858|0|0
32|https://accounts.google.com/signin/oauth/consent?authuser=0&part=AJi8hAMdfPLLip1lNANmwBpaDwFCDAGL_3BIsjXVgGfUERbiGIQBAH0TAkzYT0j2SNbPIg354rPZgolm6oSoGkv9xTRO6Cgkx-hIjkDPhJPvNMO0xSspfuLDW19EN3SBiWrWYbxet9RRT0Z47PVXQ7Kv93fdeutyQa2Gq7gt6OxCWe-20fjNPK0SA8IfcAEB9TrV-ohoTI3tyDhMaVtWysz0CHh3SBTGfXRUxkrGWrlp9C-wL1HHW-9rLGFjfOXeLQs16fW1m3esiszmQlaqtppPGPoQjC6ztHaAgYx9fGB5Q4A3sIk-AAw4OIS-moISnEYHu7moqH11NBX9wwPA6OMnK8p7N_5h4mJrJxmdu7fAuCbtZFW6cNQip8W51Zw6ge_ZBBHNkk5O6AG68mn-JbUxYgfMTj90XVMQan0L8PNEMsAoQB8iOww&as=vJdbX9ydP4dQ1MQyf90_5g&rapt=AEjHL4NR6GEwdJJDMu_kN8zUUDiPW0yO0-zE2Wn-FAphi85_OAqnkKBmG891FE3qPMvsfmA9logLS5IiULkVL2z-ZaTi91eOBw&auth=9wa7uIwMxug0BoLS1u6eLzMsz43AqCUoFo3T_mPXtGF0aU3R17wiKlb94J7Z0sSudhQ79Q.#||1|0|13192244263159350|0|0
33|https://accounts.google.com/signin/oauth/consent?authuser=0&part=AJi8hAMdfPLLip1lNANmwBpaDwFCDAGL_3BIsjXVgGfUERbiGIQBAH0TAkzYT0j2SNbPIg354rPZgolm6oSoGkv9xTRO6Cgkx-hIjkDPhJPvNMO0xSspfuLDW19EN3SBiWrWYbxet9RRT0Z47PVXQ7Kv93fdeutyQa2Gq7gt6OxCWe-20fjNPK0SA8IfcAEB9TrV-ohoTI3tyDhMaVtWysz0CHh3SBTGfXRUxkrGWrlp9C-wL1HHW-9rLGFjfOXeLQs16fW1m3esiszmQlaqtppPGPoQjC6ztHaAgYx9fGB5Q4A3sIk-AAw4OIS-moISnEYHu7moqH11NBX9wwPA6OMnK8p7N_5h4mJrJxmdu7fAuCbtZFW6cNQip8W51Zw6ge_ZBBHNkk5O6AG68mn-JbUxYgfMTj90XVMQan0L8PNEMsAoQB8iOww&as=vJdbX9ydP4dQ1MQyf90_5g&rapt=AEjHL4NR6GEwdJJDMu_kN8zUUDiPW0yO0-zE2Wn-FAphi85_OAqnkKBmG891FE3qPMvsfmA9logLS5IiULkVL2z-ZaTi91eOBw#|https://accounts.google.com/signin/oauth/consent?authuser=0&part=AJi8hAMdfPLLip1lNANmwBpaDwFCDAGL_3BIsjXVgGfUERbiGIQBAH0TAkzYT0j2SNbPIg354rPZgolm6oSoGkv9xTRO6Cgkx-hIjkDPhJPvNMO0xSspfuLDW19EN3SBiWrWYbxet9RRT0Z47PVXQ7Kv93fdeutyQa2Gq7gt6OxCWe-20fjNPK0SA8IfcAEB9TrV-ohoTI3tyDhMaVtWysz0CHh3SBTGfXRUxkrGWrlp9C-wL1HHW-9rLGFjfOXeLQs16fW1m3esiszmQlaqtppPGPoQjC6ztHaAgYx9fGB5Q4A3sIk-AAw4OIS-moISnEYHu7moqH11NBX9wwPA6OMnK8p7N_5h4mJrJxmdu7fAuCbtZFW6cNQip8W51Zw6ge_ZBBHNkk5O6AG68mn-JbUxYgfMTj90XVMQan0L8PNEMsAoQB8iOww&as=vJdbX9ydP4dQ1MQyf90_5g&rapt=AEjHL4NR6GEwdJJDMu_kN8zUUDiPW0yO0-zE2Wn-FAphi85_OAqnkKBmG891FE3qPMvsfmA9logLS5IiULkVL2z-ZaTi91eOBw#|3|0|13192244263458815|0|0
34|https://accounts.google.com/o/oauth2/auth?redirect_uri=storagerelay%3A%2F%2Fhttps%2Fcreate.kahoot.it%3Fid%3Dauth743546&response_type=permission%20id_token&scope=email&openid.realm=&client_id=72103009834-ccrvro0kt03tpd7vrsi0c7e3gqjmsl4a.apps.googleusercontent.com&ss_domain=https%3A%2F%2Fcreate.kahoot.it&fetch_basic_profile=false&gsiwebsdk=2|Connecting ...|1|0|13192244274358528|0|0
35|https://accounts.google.com/o/oauth2/auth?redirect_uri=storagerelay%3A%2F%2Fhttps%2Fcreate.kahoot.it%3Fid%3Dauth751086&response_type=permission%20id_token&scope=email&openid.realm=&client_id=72103009834-ccrvro0kt03tpd7vrsi0c7e3gqjmsl4a.apps.googleusercontent.com&ss_domain=https%3A%2F%2Fcreate.kahoot.it&fetch_basic_profile=false&gsiwebsdk=2|Connecting ...|1|0|13192244281012122|0|0
36|https://accounts.google.com/o/oauth2/auth?redirect_uri=storagerelay%3A%2F%2Fhttps%2Fcreate.kahoot.it%3Fid%3Dauth661641&response_type=permission%20id_token&scope=email&openid.realm=&client_id=72103009834-ccrvro0kt03tpd7vrsi0c7e3gqjmsl4a.apps.googleusercontent.com&ss_domain=https%3A%2F%2Fcreate.kahoot.it&fetch_basic_profile=false&gsiwebsdk=2|Connecting ...|1|0|13192244292854212|0|0
37|https://accounts.google.com/o/oauth2/auth?redirect_uri=storagerelay%3A%2F%2Fhttps%2Fcreate.kahoot.it%3Fid%3Dauth736075&response_type=permission%20id_token&scope=email&openid.realm=&client_id=72103009834-ccrvro0kt03tpd7vrsi0c7e3gqjmsl4a.apps.googleusercontent.com&ss_domain=https%3A%2F%2Fcreate.kahoot.it&fetch_basic_profile=false&gsiwebsdk=2|Connecting ...|1|0|13192244308211868|0|0
38|https://accounts.google.com/o/oauth2/auth?redirect_uri=storagerelay%3A%2F%2Fhttps%2Fcreate.kahoot.it%3Fid%3Dauth480594&response_type=permission%20id_token&scope=email&openid.realm=&client_id=72103009834-ccrvro0kt03tpd7vrsi0c7e3gqjmsl4a.apps.googleusercontent.com&ss_domain=https%3A%2F%2Fcreate.kahoot.it&fetch_basic_profile=false&gsiwebsdk=2|Connecting ...|1|0|13192244312066780|0|0
39|https://create.kahoot.it/?_ga=2.64405799.984808808.1547770640-1122316780.1547770640|Kahoot!|4|0|13192244321840460|0|0
40|https://create.kahoot.it/login?next=/%3F_ga%3D2.64405799.984808808.1547770640-1122316780.1547770640||1|0|13192244321878449|0|0
41|https://create.kahoot.it/login?next=%2F%3F_ga%3D2.64405799.984808808.1547770640-1122316780.1547770640||3|0|13192244322394686|0|0
42|https://accounts.google.com/o/oauth2/auth?redirect_uri=storagerelay%3A%2F%2Fhttps%2Fcreate.kahoot.it%3Fid%3Dauth372596&response_type=permission%20id_token&scope=email&openid.realm=&client_id=72103009834-ccrvro0kt03tpd7vrsi0c7e3gqjmsl4a.apps.googleusercontent.com&ss_domain=https%3A%2F%2Fcreate.kahoot.it&fetch_basic_profile=false&gsiwebsdk=2|Connecting ...|1|0|13192244324943142|0|0
43|https://create.kahoot.it/l/#forgotpassword|Kahoot! - Forgot Password|10|0|13192244492045806|0|0
44|https://create.kahoot.it/l/#login||2|0|13192244545433972|0|0
45|https://create.kahoot.it/login|Kahoot!|8|0|13192244546093653|0|0
46|https://accounts.google.com/o/oauth2/auth?redirect_uri=storagerelay%3A%2F%2Fhttps%2Fcreate.kahoot.it%3Fid%3Dauth600291&response_type=permission%20id_token&scope=email&openid.realm=&client_id=72103009834-ccrvro0kt03tpd7vrsi0c7e3gqjmsl4a.apps.googleusercontent.com&ss_domain=https%3A%2F%2Fcreate.kahoot.it&fetch_basic_profile=false&gsiwebsdk=2|Connecting ...|1|0|13192244435519894|0|0
47|https://accounts.google.com/o/oauth2/auth?redirect_uri=storagerelay%3A%2F%2Fhttps%2Fcreate.kahoot.it%3Fid%3Dauth994582&response_type=permission%20id_token&scope=email&openid.realm=&client_id=72103009834-ccrvro0kt03tpd7vrsi0c7e3gqjmsl4a.apps.googleusercontent.com&ss_domain=https%3A%2F%2Fcreate.kahoot.it&fetch_basic_profile=false&gsiwebsdk=2|Connecting ...|1|0|13192244612790758|0|0
48|https://www.google.com/search?q=haveibeenpwned&oq=haveibeen&aqs=chrome.0.0j69i57j0l4.2088j0j7&sourceid=chrome&ie=UTF-8|haveibeenpwned - Google Search|1|0|13192244821176628|0|0
49|https://haveibeenpwned.com/|Have I Been Pwned: Check if your email has been compromised in a data breach|1|0|13192244822752653|0|0
50|https://tinyurl.com/compclubsss|Feedback|1|1|13192257766806096|0|0
51|https://goo.gl/forms/botU4y0EHarywQeB3|Feedback|1|0|13192257766806096|0|0
52|https://docs.google.com/forms/d/e/1FAIpQLSeTbnbww0Wz7bkuKacSlAFMckT5D3S74bvcZOOiqB7uI7TgZg/viewform?usp=send_form|Feedback|1|0|13192257766806096|0|0
53|https://docs.google.com/forms/d/e/1FAIpQLSeTbnbww0Wz7bkuKacSlAFMckT5D3S74bvcZOOiqB7uI7TgZg/viewform||1|0|13192257767441279|0|0
54|https://docs.google.com/forms/d/e/1FAIpQLSeTbnbww0Wz7bkuKacSlAFMckT5D3S74bvcZOOiqB7uI7TgZg/viewform?fbzx=3535200234933748556||1|0|13192257941069087|0|0
55|https://docs.google.com/forms/d/e/1FAIpQLSeTbnbww0Wz7bkuKacSlAFMckT5D3S74bvcZOOiqB7uI7TgZg/formResponse|Feedback|11|0|13192258116926955|0|0
