2019-01-17 23:37:17|https://www.mozilla.org/privacy/firefox/
2019-01-17 23:37:17|https://www.mozilla.org/en-US/privacy/firefox/
2019-01-17 23:37:43|http://summer2019.compclub.com.au/
2019-01-17 23:37:43|https://summer2019.compclub.com.au/
2019-01-17 23:37:49|https://summer2019.compclub.com.au/day5
2019-01-17 23:38:03|https://docs.google.com/presentation/d/1kyRsC1-PMJu4UndE6psUHJHuTHX7W6cuYRod1jq3QJY
2019-01-17 23:38:03|https://docs.google.com/presentation/d/1kyRsC1-PMJu4UndE6psUHJHuTHX7W6cuYRod1jq3QJY/
2019-01-17 23:38:04|https://docs.google.com/presentation/d/1kyRsC1-PMJu4UndE6psUHJHuTHX7W6cuYRod1jq3QJY/edit
2019-01-17 23:38:07|https://docs.google.com/presentation/d/1kyRsC1-PMJu4UndE6psUHJHuTHX7W6cuYRod1jq3QJY/edit#slide=id.p1
2019-01-17 23:38:11|https://docs.google.com/presentation/d/1kyRsC1-PMJu4UndE6psUHJHuTHX7W6cuYRod1jq3QJY/edit#slide=id.p2
2019-01-17 23:38:11|https://docs.google.com/presentation/d/1kyRsC1-PMJu4UndE6psUHJHuTHX7W6cuYRod1jq3QJY/edit#slide=id.g3d022b32ae_0_0
2019-01-17 23:38:16|https://docs.google.com/presentation/d/1kyRsC1-PMJu4UndE6psUHJHuTHX7W6cuYRod1jq3QJY/edit#slide=id.g3d022b32ae_0_5
2019-01-17 23:38:17|https://docs.google.com/presentation/d/1kyRsC1-PMJu4UndE6psUHJHuTHX7W6cuYRod1jq3QJY/edit#slide=id.g4c07aed684_0_2
2019-01-17 23:38:17|https://docs.google.com/presentation/d/1kyRsC1-PMJu4UndE6psUHJHuTHX7W6cuYRod1jq3QJY/edit#slide=id.g3d022b32ae_0_5
2019-01-17 23:38:22|https://docs.google.com/presentation/d/1kyRsC1-PMJu4UndE6psUHJHuTHX7W6cuYRod1jq3QJY/edit#slide=id.g4c07aed684_0_2
2019-01-17 23:38:23|https://docs.google.com/presentation/d/1kyRsC1-PMJu4UndE6psUHJHuTHX7W6cuYRod1jq3QJY/edit#slide=id.p3
2019-01-17 23:38:23|https://docs.google.com/presentation/d/1kyRsC1-PMJu4UndE6psUHJHuTHX7W6cuYRod1jq3QJY/edit#slide=id.g4891b805bc_0_5
2019-01-17 23:38:23|https://docs.google.com/presentation/d/1kyRsC1-PMJu4UndE6psUHJHuTHX7W6cuYRod1jq3QJY/edit#slide=id.g4be45cc0c3_1_44
2019-01-17 23:38:24|https://docs.google.com/presentation/d/1kyRsC1-PMJu4UndE6psUHJHuTHX7W6cuYRod1jq3QJY/edit#slide=id.g4be45cc0c3_0_1
2019-01-17 23:38:25|https://docs.google.com/presentation/d/1kyRsC1-PMJu4UndE6psUHJHuTHX7W6cuYRod1jq3QJY/edit#slide=id.g4be45cc0c3_1_35
2019-01-17 23:38:25|https://docs.google.com/presentation/d/1kyRsC1-PMJu4UndE6psUHJHuTHX7W6cuYRod1jq3QJY/edit#slide=id.g4c07aed684_0_7
2019-01-17 23:38:25|https://docs.google.com/presentation/d/1kyRsC1-PMJu4UndE6psUHJHuTHX7W6cuYRod1jq3QJY/edit#slide=id.g4be45cc0c3_1_52
2019-01-17 23:38:26|https://docs.google.com/presentation/d/1kyRsC1-PMJu4UndE6psUHJHuTHX7W6cuYRod1jq3QJY/edit#slide=id.g542d65370a8faa59_11
2019-01-17 23:38:26|https://docs.google.com/presentation/d/1kyRsC1-PMJu4UndE6psUHJHuTHX7W6cuYRod1jq3QJY/edit#slide=id.g4be45cc0c3_1_59
2019-01-17 23:38:26|https://docs.google.com/presentation/d/1kyRsC1-PMJu4UndE6psUHJHuTHX7W6cuYRod1jq3QJY/edit#slide=id.g4be45cc0c3_1_68
2019-01-17 23:38:26|https://docs.google.com/presentation/d/1kyRsC1-PMJu4UndE6psUHJHuTHX7W6cuYRod1jq3QJY/edit#slide=id.g4be45cc0c3_1_85
2019-01-17 23:38:26|https://docs.google.com/presentation/d/1kyRsC1-PMJu4UndE6psUHJHuTHX7W6cuYRod1jq3QJY/edit#slide=id.g4c21576342_0_4
2019-01-17 23:38:27|https://docs.google.com/presentation/d/1kyRsC1-PMJu4UndE6psUHJHuTHX7W6cuYRod1jq3QJY/edit#slide=id.g4c0372a315_0_123
2019-01-17 23:38:27|https://docs.google.com/presentation/d/1kyRsC1-PMJu4UndE6psUHJHuTHX7W6cuYRod1jq3QJY/edit#slide=id.g542d65370a8faa59_3
2019-01-17 23:38:27|https://docs.google.com/presentation/d/1kyRsC1-PMJu4UndE6psUHJHuTHX7W6cuYRod1jq3QJY/edit#slide=id.g4c21576342_0_10
2019-01-17 23:38:27|https://docs.google.com/presentation/d/1kyRsC1-PMJu4UndE6psUHJHuTHX7W6cuYRod1jq3QJY/edit#slide=id.g4c0372a315_0_100
2019-01-17 23:38:27|https://docs.google.com/presentation/d/1kyRsC1-PMJu4UndE6psUHJHuTHX7W6cuYRod1jq3QJY/edit#slide=id.g4c0372a315_0_109
2019-01-17 23:38:28|https://docs.google.com/presentation/d/1kyRsC1-PMJu4UndE6psUHJHuTHX7W6cuYRod1jq3QJY/edit#slide=id.g4c0372a315_0_114
2019-01-17 23:38:28|https://docs.google.com/presentation/d/1kyRsC1-PMJu4UndE6psUHJHuTHX7W6cuYRod1jq3QJY/edit#slide=id.g4c0372a315_0_127
2019-01-17 23:38:28|https://docs.google.com/presentation/d/1kyRsC1-PMJu4UndE6psUHJHuTHX7W6cuYRod1jq3QJY/edit#slide=id.g445c8f4c5882998c_2
2019-01-17 23:38:28|https://docs.google.com/presentation/d/1kyRsC1-PMJu4UndE6psUHJHuTHX7W6cuYRod1jq3QJY/edit#slide=id.g4d8f0f26c2_0_0
2019-01-17 23:38:28|https://docs.google.com/presentation/d/1kyRsC1-PMJu4UndE6psUHJHuTHX7W6cuYRod1jq3QJY/edit#slide=id.g4d923ccbc0_0_92
2019-01-17 23:38:50|http://summer2019.compclub.com.au/
2019-01-17 23:38:50|https://summer2019.compclub.com.au/
2019-01-17 23:38:52|https://summer2019.compclub.com.au/day5
2019-01-17 23:39:30|https://docs.google.com/presentation/d/1ykIUm1xAKMforvTPeqvXMdC4DZlnWOg604ekaybhiOs
2019-01-17 23:39:30|https://docs.google.com/presentation/d/1ykIUm1xAKMforvTPeqvXMdC4DZlnWOg604ekaybhiOs/
2019-01-17 23:39:31|https://docs.google.com/presentation/d/1ykIUm1xAKMforvTPeqvXMdC4DZlnWOg604ekaybhiOs/edit
2019-01-17 23:39:33|https://docs.google.com/presentation/d/1ykIUm1xAKMforvTPeqvXMdC4DZlnWOg604ekaybhiOs/edit#slide=id.p3
2019-01-17 23:39:35|http://summer2019.compclub.com.au/
2019-01-17 23:39:35|https://summer2019.compclub.com.au/
2019-01-17 23:39:36|https://summer2019.compclub.com.au/day5
2019-01-17 23:39:41|https://summer2019.compclub.com.au/day5/code
2019-01-17 23:39:42|https://repl.it/@featherbear/LesserSignifiedBeings
2019-01-17 23:39:44|https://www.youtube.com/
2019-01-17 23:39:51|https://www.youtube.com/results?search_query=megalovania
2019-01-17 23:39:53|https://www.youtube.com/watch?v=ZcoqR9Bwx1Y
2019-01-17 23:40:20|https://docs.google.com/presentation/d/1kyRsC1-PMJu4UndE6psUHJHuTHX7W6cuYRod1jq3QJY/edit#slide=id.g4c21576342_0_10
2019-01-17 23:40:21|https://docs.google.com/presentation/d/1kyRsC1-PMJu4UndE6psUHJHuTHX7W6cuYRod1jq3QJY/edit#slide=id.g542d65370a8faa59_3
2019-01-17 23:40:29|https://docs.google.com/presentation/d/1kyRsC1-PMJu4UndE6psUHJHuTHX7W6cuYRod1jq3QJY/edit#slide=id.g4c21576342_0_10
2019-01-17 23:40:29|https://docs.google.com/presentation/d/1kyRsC1-PMJu4UndE6psUHJHuTHX7W6cuYRod1jq3QJY/edit#slide=id.g4c0372a315_0_100
2019-01-17 23:40:30|https://docs.google.com/presentation/d/1kyRsC1-PMJu4UndE6psUHJHuTHX7W6cuYRod1jq3QJY/edit#slide=id.g4c21576342_0_10
2019-01-17 23:41:00|https://docs.google.com/presentation/d/1kyRsC1-PMJu4UndE6psUHJHuTHX7W6cuYRod1jq3QJY/edit#slide=id.g4c0372a315_0_100
2019-01-17 23:41:04|https://docs.google.com/presentation/d/1kyRsC1-PMJu4UndE6psUHJHuTHX7W6cuYRod1jq3QJY/edit#slide=id.g4c21576342_0_10
2019-01-17 23:41:56|https://repl.it/repls/SlightPracticalRuntimeenvironment
2019-01-17 23:43:27|https://docs.google.com/presentation/d/1kyRsC1-PMJu4UndE6psUHJHuTHX7W6cuYRod1jq3QJY/edit#slide=id.g445c8f4c5882998c_2
2019-01-17 23:43:27|https://docs.google.com/presentation/d/1kyRsC1-PMJu4UndE6psUHJHuTHX7W6cuYRod1jq3QJY/edit#slide=id.g4d923ccbc0_0_92
2019-01-17 23:43:28|https://docs.google.com/presentation/d/1kyRsC1-PMJu4UndE6psUHJHuTHX7W6cuYRod1jq3QJY/edit#slide=id.g4d923ccbc0_0_106
2019-01-17 23:43:30|https://docs.google.com/presentation/d/1kyRsC1-PMJu4UndE6psUHJHuTHX7W6cuYRod1jq3QJY/edit#slide=id.g4d923ccbc0_0_115
2019-01-17 23:43:30|https://docs.google.com/presentation/d/1kyRsC1-PMJu4UndE6psUHJHuTHX7W6cuYRod1jq3QJY/edit#slide=id.g4d8f0f26c2_0_17
2019-01-17 23:43:32|https://docs.google.com/presentation/d/1kyRsC1-PMJu4UndE6psUHJHuTHX7W6cuYRod1jq3QJY/edit#slide=id.g4c21576342_0_85
2019-01-17 23:43:32|https://docs.google.com/presentation/d/1kyRsC1-PMJu4UndE6psUHJHuTHX7W6cuYRod1jq3QJY/edit#slide=id.g4c21576342_0_61
2019-01-17 23:43:33|https://docs.google.com/presentation/d/1kyRsC1-PMJu4UndE6psUHJHuTHX7W6cuYRod1jq3QJY/edit#slide=id.g445c8f4c5882998c_36
2019-01-17 23:43:35|https://docs.google.com/presentation/d/1kyRsC1-PMJu4UndE6psUHJHuTHX7W6cuYRod1jq3QJY/edit#slide=id.g558a456a7dbd0e14_3
2019-01-17 23:43:36|https://docs.google.com/presentation/d/1kyRsC1-PMJu4UndE6psUHJHuTHX7W6cuYRod1jq3QJY/edit#slide=id.g445c8f4c5882998c_53
2019-01-17 23:43:37|https://docs.google.com/presentation/d/1kyRsC1-PMJu4UndE6psUHJHuTHX7W6cuYRod1jq3QJY/edit#slide=id.g4c07aed684_0_70
2019-01-17 23:43:50|https://docs.google.com/presentation/d/1kyRsC1-PMJu4UndE6psUHJHuTHX7W6cuYRod1jq3QJY/edit#slide=id.g4d61f71165_0_10
2019-01-17 23:50:10|https://docs.google.com/presentation/d/1kyRsC1-PMJu4UndE6psUHJHuTHX7W6cuYRod1jq3QJY/edit#slide=id.g4d61f71165_0_50
2019-01-17 23:56:44|https://docs.google.com/presentation/d/1kyRsC1-PMJu4UndE6psUHJHuTHX7W6cuYRod1jq3QJY/edit#slide=id.g4d61f71165_0_70
2019-01-17 23:56:59|https://docs.google.com/presentation/d/1kyRsC1-PMJu4UndE6psUHJHuTHX7W6cuYRod1jq3QJY/edit#slide=id.g445c8f4c5882998c_53
2019-01-17 23:57:00|https://docs.google.com/presentation/d/1kyRsC1-PMJu4UndE6psUHJHuTHX7W6cuYRod1jq3QJY/edit#slide=id.g4c07aed684_0_70
2019-01-17 23:58:14|https://docs.google.com/presentation/d/1kyRsC1-PMJu4UndE6psUHJHuTHX7W6cuYRod1jq3QJY/edit#slide=id.g445c8f4c5882998c_53
2019-01-17 23:58:15|https://docs.google.com/presentation/d/1kyRsC1-PMJu4UndE6psUHJHuTHX7W6cuYRod1jq3QJY/edit#slide=id.g4d61f71165_0_10
2019-01-17 23:58:15|https://docs.google.com/presentation/d/1kyRsC1-PMJu4UndE6psUHJHuTHX7W6cuYRod1jq3QJY/edit#slide=id.g4c07aed684_0_70
2019-01-17 23:58:16|https://docs.google.com/presentation/d/1kyRsC1-PMJu4UndE6psUHJHuTHX7W6cuYRod1jq3QJY/edit#slide=id.g4d61f71165_0_10
2019-01-17 23:58:16|https://docs.google.com/presentation/d/1kyRsC1-PMJu4UndE6psUHJHuTHX7W6cuYRod1jq3QJY/edit#slide=id.g4d61f71165_0_50
2019-01-18 00:00:51|https://docs.google.com/presentation/d/1kyRsC1-PMJu4UndE6psUHJHuTHX7W6cuYRod1jq3QJY/edit#slide=id.g4d61f71165_0_70
2019-01-18 00:05:09|https://docs.google.com/presentation/d/1kyRsC1-PMJu4UndE6psUHJHuTHX7W6cuYRod1jq3QJY/edit#slide=id.g4d61f71165_0_80
2019-01-18 00:05:31|https://docs.google.com/presentation/d/1kyRsC1-PMJu4UndE6psUHJHuTHX7W6cuYRod1jq3QJY/edit#slide=id.g4d61f71165_0_90
2019-01-18 00:05:36|https://docs.google.com/presentation/d/1kyRsC1-PMJu4UndE6psUHJHuTHX7W6cuYRod1jq3QJY/edit#slide=id.g4d61f71165_0_80
2019-01-18 00:06:46|https://docs.google.com/presentation/d/1ykIUm1xAKMforvTPeqvXMdC4DZlnWOg604ekaybhiOs/edit#slide=id.p3
2019-01-18 00:06:47|https://docs.google.com/presentation/d/1kyRsC1-PMJu4UndE6psUHJHuTHX7W6cuYRod1jq3QJY/edit#slide=id.p1
2019-01-18 00:06:50|https://www.youtube.com/
2019-01-18 00:08:25|https://docs.google.com/presentation/d/1ykIUm1xAKMforvTPeqvXMdC4DZlnWOg604ekaybhiOs/edit#slide=id.g487950190f_0_69
2019-01-18 00:08:26|https://docs.google.com/presentation/d/1ykIUm1xAKMforvTPeqvXMdC4DZlnWOg604ekaybhiOs/edit#slide=id.g4be45cc0c3_1_10
2019-01-18 00:08:27|https://docs.google.com/presentation/d/1ykIUm1xAKMforvTPeqvXMdC4DZlnWOg604ekaybhiOs/edit#slide=id.g4978d0c231_0_16
2019-01-18 00:08:27|https://docs.google.com/presentation/d/1ykIUm1xAKMforvTPeqvXMdC4DZlnWOg604ekaybhiOs/edit#slide=id.g4978d0c231_0_25
2019-01-18 00:08:29|https://docs.google.com/presentation/d/1ykIUm1xAKMforvTPeqvXMdC4DZlnWOg604ekaybhiOs/edit#slide=id.g487950190f_0_78
2019-01-18 00:08:32|https://docs.google.com/presentation/d/1kyRsC1-PMJu4UndE6psUHJHuTHX7W6cuYRod1jq3QJY/edit#slide=id.g3d022b32ae_0_0
2019-01-18 00:08:32|https://docs.google.com/presentation/d/1kyRsC1-PMJu4UndE6psUHJHuTHX7W6cuYRod1jq3QJY/edit#slide=id.g3d022b32ae_0_5
2019-01-18 00:08:32|https://docs.google.com/presentation/d/1kyRsC1-PMJu4UndE6psUHJHuTHX7W6cuYRod1jq3QJY/edit#slide=id.g4c07aed684_0_2
2019-01-18 00:08:34|https://docs.google.com/presentation/d/1kyRsC1-PMJu4UndE6psUHJHuTHX7W6cuYRod1jq3QJY/edit#slide=id.p3
2019-01-18 00:08:34|https://docs.google.com/presentation/d/1kyRsC1-PMJu4UndE6psUHJHuTHX7W6cuYRod1jq3QJY/edit#slide=id.g4891b805bc_0_5
2019-01-18 00:08:38|https://docs.google.com/presentation/d/1kyRsC1-PMJu4UndE6psUHJHuTHX7W6cuYRod1jq3QJY/edit#slide=id.g4be45cc0c3_1_44
2019-01-18 00:08:40|https://docs.google.com/presentation/d/1kyRsC1-PMJu4UndE6psUHJHuTHX7W6cuYRod1jq3QJY/edit#slide=id.g4be45cc0c3_0_1
2019-01-18 00:08:41|https://docs.google.com/presentation/d/1kyRsC1-PMJu4UndE6psUHJHuTHX7W6cuYRod1jq3QJY/edit#slide=id.g4be45cc0c3_1_35
2019-01-18 00:08:42|https://docs.google.com/presentation/d/1kyRsC1-PMJu4UndE6psUHJHuTHX7W6cuYRod1jq3QJY/edit#slide=id.g4c07aed684_0_7
2019-01-18 00:08:43|https://docs.google.com/presentation/d/1kyRsC1-PMJu4UndE6psUHJHuTHX7W6cuYRod1jq3QJY/edit#slide=id.g4be45cc0c3_1_52
2019-01-18 00:08:44|https://docs.google.com/presentation/d/1kyRsC1-PMJu4UndE6psUHJHuTHX7W6cuYRod1jq3QJY/edit#slide=id.g542d65370a8faa59_11
2019-01-18 00:08:44|https://docs.google.com/presentation/d/1kyRsC1-PMJu4UndE6psUHJHuTHX7W6cuYRod1jq3QJY/edit#slide=id.g4be45cc0c3_1_59
2019-01-18 00:08:45|https://docs.google.com/presentation/d/1kyRsC1-PMJu4UndE6psUHJHuTHX7W6cuYRod1jq3QJY/edit#slide=id.g4be45cc0c3_1_68
2019-01-18 00:08:46|https://docs.google.com/presentation/d/1kyRsC1-PMJu4UndE6psUHJHuTHX7W6cuYRod1jq3QJY/edit#slide=id.g4be45cc0c3_1_85
2019-01-18 00:08:46|https://docs.google.com/presentation/d/1kyRsC1-PMJu4UndE6psUHJHuTHX7W6cuYRod1jq3QJY/edit#slide=id.g4c21576342_0_4
2019-01-18 00:08:48|https://docs.google.com/presentation/d/1kyRsC1-PMJu4UndE6psUHJHuTHX7W6cuYRod1jq3QJY/edit#slide=id.g4c0372a315_0_100
2019-01-18 00:08:49|https://docs.google.com/presentation/d/1kyRsC1-PMJu4UndE6psUHJHuTHX7W6cuYRod1jq3QJY/edit#slide=id.g4c0372a315_0_109
2019-01-18 00:08:49|https://docs.google.com/presentation/d/1kyRsC1-PMJu4UndE6psUHJHuTHX7W6cuYRod1jq3QJY/edit#slide=id.g4c0372a315_0_114
2019-01-18 00:08:50|https://docs.google.com/presentation/d/1kyRsC1-PMJu4UndE6psUHJHuTHX7W6cuYRod1jq3QJY/edit#slide=id.g4c0372a315_0_127
2019-01-18 00:08:51|https://docs.google.com/presentation/d/1kyRsC1-PMJu4UndE6psUHJHuTHX7W6cuYRod1jq3QJY/edit#slide=id.g4d923ccbc0_0_115
2019-01-18 00:08:52|https://docs.google.com/presentation/d/1kyRsC1-PMJu4UndE6psUHJHuTHX7W6cuYRod1jq3QJY/edit#slide=id.g4d923ccbc0_0_106
2019-01-18 00:08:55|https://docs.google.com/presentation/d/1kyRsC1-PMJu4UndE6psUHJHuTHX7W6cuYRod1jq3QJY/edit#slide=id.g4c21576342_0_85
2019-01-18 00:08:55|https://docs.google.com/presentation/d/1kyRsC1-PMJu4UndE6psUHJHuTHX7W6cuYRod1jq3QJY/edit#slide=id.g4c21576342_0_61
2019-01-18 00:08:55|https://docs.google.com/presentation/d/1kyRsC1-PMJu4UndE6psUHJHuTHX7W6cuYRod1jq3QJY/edit#slide=id.g445c8f4c5882998c_36
2019-01-18 00:08:57|https://docs.google.com/presentation/d/1kyRsC1-PMJu4UndE6psUHJHuTHX7W6cuYRod1jq3QJY/edit#slide=id.g558a456a7dbd0e14_3
2019-01-18 00:09:08|https://docs.google.com/presentation/d/1kyRsC1-PMJu4UndE6psUHJHuTHX7W6cuYRod1jq3QJY/edit#slide=id.g4d61f71165_0_10
2019-01-18 00:09:10|https://docs.google.com/presentation/d/1kyRsC1-PMJu4UndE6psUHJHuTHX7W6cuYRod1jq3QJY/edit#slide=id.g4d61f71165_0_70
2019-01-18 00:09:11|https://docs.google.com/presentation/d/1kyRsC1-PMJu4UndE6psUHJHuTHX7W6cuYRod1jq3QJY/edit#slide=id.g4d61f71165_0_80
2019-01-18 00:09:21|https://docs.google.com/presentation/d/1ykIUm1xAKMforvTPeqvXMdC4DZlnWOg604ekaybhiOs/edit#slide=id.g487950190f_0_69
2019-01-18 00:09:22|https://docs.google.com/presentation/d/1ykIUm1xAKMforvTPeqvXMdC4DZlnWOg604ekaybhiOs/edit#slide=id.g487950190f_0_50
2019-01-18 00:09:23|https://docs.google.com/presentation/d/1ykIUm1xAKMforvTPeqvXMdC4DZlnWOg604ekaybhiOs/edit#slide=id.g487950190f_0_38
2019-01-18 00:09:24|https://docs.google.com/presentation/d/1ykIUm1xAKMforvTPeqvXMdC4DZlnWOg604ekaybhiOs/edit#slide=id.g487950190f_0_11
2019-01-18 00:09:26|https://docs.google.com/presentation/d/1kyRsC1-PMJu4UndE6psUHJHuTHX7W6cuYRod1jq3QJY/edit#slide=id.g4d61f71165_0_50
2019-01-18 00:09:26|https://docs.google.com/presentation/d/1kyRsC1-PMJu4UndE6psUHJHuTHX7W6cuYRod1jq3QJY/edit#slide=id.g4d61f71165_0_70
2019-01-18 00:09:28|https://docs.google.com/presentation/d/1kyRsC1-PMJu4UndE6psUHJHuTHX7W6cuYRod1jq3QJY/edit#slide=id.g4d61f71165_0_80
2019-01-18 00:11:03|https://docs.google.com/presentation/d/1kyRsC1-PMJu4UndE6psUHJHuTHX7W6cuYRod1jq3QJY/edit#slide=id.g4d61f71165_0_70
2019-01-18 00:11:04|https://docs.google.com/presentation/d/1kyRsC1-PMJu4UndE6psUHJHuTHX7W6cuYRod1jq3QJY/edit#slide=id.g4d61f71165_0_90
2019-01-18 00:11:05|https://docs.google.com/presentation/d/1kyRsC1-PMJu4UndE6psUHJHuTHX7W6cuYRod1jq3QJY/edit#slide=id.g4d61f71165_0_116
2019-01-18 00:11:06|https://docs.google.com/presentation/d/1kyRsC1-PMJu4UndE6psUHJHuTHX7W6cuYRod1jq3QJY/edit#slide=id.g4d61f71165_0_125
2019-01-18 00:11:10|https://docs.google.com/presentation/d/1kyRsC1-PMJu4UndE6psUHJHuTHX7W6cuYRod1jq3QJY/edit#slide=id.g4d61f71165_0_90
2019-01-18 00:11:13|https://docs.google.com/presentation/d/1kyRsC1-PMJu4UndE6psUHJHuTHX7W6cuYRod1jq3QJY/edit#slide=id.g4d61f71165_0_116
2019-01-18 00:13:17|https://docs.google.com/presentation/d/1kyRsC1-PMJu4UndE6psUHJHuTHX7W6cuYRod1jq3QJY/edit#slide=id.g4d61f71165_0_10
2019-01-18 00:13:19|https://docs.google.com/presentation/d/1kyRsC1-PMJu4UndE6psUHJHuTHX7W6cuYRod1jq3QJY/edit#slide=id.g4d61f71165_0_50
2019-01-18 00:13:24|https://docs.google.com/presentation/d/1kyRsC1-PMJu4UndE6psUHJHuTHX7W6cuYRod1jq3QJY/edit#slide=id.g558a456a7dbd0e14_3
2019-01-18 00:13:24|https://docs.google.com/presentation/d/1kyRsC1-PMJu4UndE6psUHJHuTHX7W6cuYRod1jq3QJY/edit#slide=id.g445c8f4c5882998c_36
2019-01-18 00:13:25|https://docs.google.com/presentation/d/1kyRsC1-PMJu4UndE6psUHJHuTHX7W6cuYRod1jq3QJY/edit#slide=id.g445c8f4c5882998c_53
2019-01-18 00:13:25|https://docs.google.com/presentation/d/1kyRsC1-PMJu4UndE6psUHJHuTHX7W6cuYRod1jq3QJY/edit#slide=id.g4d61f71165_0_10
2019-01-18 00:13:26|https://docs.google.com/presentation/d/1kyRsC1-PMJu4UndE6psUHJHuTHX7W6cuYRod1jq3QJY/edit#slide=id.g445c8f4c5882998c_53
2019-01-18 00:13:26|https://docs.google.com/presentation/d/1kyRsC1-PMJu4UndE6psUHJHuTHX7W6cuYRod1jq3QJY/edit#slide=id.g4c07aed684_0_70
2019-01-18 00:13:28|https://docs.google.com/presentation/d/1kyRsC1-PMJu4UndE6psUHJHuTHX7W6cuYRod1jq3QJY/edit#slide=id.g4d61f71165_0_10
2019-01-18 00:14:11|https://docs.google.com/presentation/d/1kyRsC1-PMJu4UndE6psUHJHuTHX7W6cuYRod1jq3QJY/edit#slide=id.g4d61f71165_0_116
2019-01-18 00:14:11|https://docs.google.com/presentation/d/1kyRsC1-PMJu4UndE6psUHJHuTHX7W6cuYRod1jq3QJY/edit#slide=id.g4d61f71165_0_125
2019-01-18 00:14:14|https://docs.google.com/presentation/d/1kyRsC1-PMJu4UndE6psUHJHuTHX7W6cuYRod1jq3QJY/edit#slide=id.g4d61f71165_0_116
2019-01-18 00:14:16|https://docs.google.com/presentation/d/1kyRsC1-PMJu4UndE6psUHJHuTHX7W6cuYRod1jq3QJY/edit#slide=id.g4d61f71165_0_125
2019-01-18 00:18:31|https://docs.google.com/presentation/d/1kyRsC1-PMJu4UndE6psUHJHuTHX7W6cuYRod1jq3QJY/edit#slide=id.g4d61f71165_0_116
2019-01-18 00:18:31|https://docs.google.com/presentation/d/1kyRsC1-PMJu4UndE6psUHJHuTHX7W6cuYRod1jq3QJY/edit#slide=id.g4d61f71165_0_90
2019-01-18 00:18:32|https://docs.google.com/presentation/d/1kyRsC1-PMJu4UndE6psUHJHuTHX7W6cuYRod1jq3QJY/edit#slide=id.g4d61f71165_0_80
2019-01-18 00:18:33|https://docs.google.com/presentation/d/1kyRsC1-PMJu4UndE6psUHJHuTHX7W6cuYRod1jq3QJY/edit#slide=id.g4d61f71165_0_90
2019-01-18 00:18:34|https://docs.google.com/presentation/d/1kyRsC1-PMJu4UndE6psUHJHuTHX7W6cuYRod1jq3QJY/edit#slide=id.g4d61f71165_0_80
2019-01-18 00:18:34|https://docs.google.com/presentation/d/1kyRsC1-PMJu4UndE6psUHJHuTHX7W6cuYRod1jq3QJY/edit#slide=id.g4d61f71165_0_70
2019-01-18 00:18:36|https://docs.google.com/presentation/d/1kyRsC1-PMJu4UndE6psUHJHuTHX7W6cuYRod1jq3QJY/edit#slide=id.g4d61f71165_0_50
2019-01-18 00:18:49|https://docs.google.com/presentation/d/1kyRsC1-PMJu4UndE6psUHJHuTHX7W6cuYRod1jq3QJY/edit#slide=id.g4d923ccbc0_0_123
2019-01-18 00:18:50|https://docs.google.com/presentation/d/1kyRsC1-PMJu4UndE6psUHJHuTHX7W6cuYRod1jq3QJY/edit#slide=id.g4d923ccbc0_0_55
2019-01-18 00:18:51|https://docs.google.com/presentation/d/1kyRsC1-PMJu4UndE6psUHJHuTHX7W6cuYRod1jq3QJY/edit#slide=id.g4c21576342_0_42
2019-01-18 00:18:59|https://docs.google.com/presentation/d/1kyRsC1-PMJu4UndE6psUHJHuTHX7W6cuYRod1jq3QJY/edit#slide=id.g4d923ccbc0_0_39
2019-01-18 00:19:00|https://docs.google.com/presentation/d/1kyRsC1-PMJu4UndE6psUHJHuTHX7W6cuYRod1jq3QJY/edit#slide=id.g4d923ccbc0_0_23
2019-01-18 00:19:01|https://docs.google.com/presentation/d/1kyRsC1-PMJu4UndE6psUHJHuTHX7W6cuYRod1jq3QJY/edit#slide=id.g4d923ccbc0_0_39
2019-01-18 00:19:14|https://docs.google.com/presentation/d/1kyRsC1-PMJu4UndE6psUHJHuTHX7W6cuYRod1jq3QJY/edit#slide=id.g4d923ccbc0_0_66
2019-01-18 00:19:14|https://docs.google.com/presentation/d/1kyRsC1-PMJu4UndE6psUHJHuTHX7W6cuYRod1jq3QJY/edit#slide=id.g4d923ccbc0_0_39
2019-01-18 00:19:15|https://docs.google.com/presentation/d/1kyRsC1-PMJu4UndE6psUHJHuTHX7W6cuYRod1jq3QJY/edit#slide=id.g4d923ccbc0_0_66
2019-01-18 00:19:37|https://docs.google.com/presentation/d/1kyRsC1-PMJu4UndE6psUHJHuTHX7W6cuYRod1jq3QJY/edit#slide=id.g4d923ccbc0_0_39
2019-01-18 00:19:38|https://docs.google.com/presentation/d/1kyRsC1-PMJu4UndE6psUHJHuTHX7W6cuYRod1jq3QJY/edit#slide=id.g4d923ccbc0_0_23
2019-01-18 00:19:38|https://docs.google.com/presentation/d/1kyRsC1-PMJu4UndE6psUHJHuTHX7W6cuYRod1jq3QJY/edit#slide=id.g4d923ccbc0_0_39
2019-01-18 00:25:13|https://docs.google.com/presentation/d/1kyRsC1-PMJu4UndE6psUHJHuTHX7W6cuYRod1jq3QJY/edit#slide=id.g4d923ccbc0_0_66
2019-01-18 00:25:14|https://docs.google.com/presentation/d/1kyRsC1-PMJu4UndE6psUHJHuTHX7W6cuYRod1jq3QJY/edit#slide=id.g4d923ccbc0_0_39
2019-01-18 00:25:14|https://docs.google.com/presentation/d/1kyRsC1-PMJu4UndE6psUHJHuTHX7W6cuYRod1jq3QJY/edit#slide=id.g4d923ccbc0_0_66
2019-01-18 00:25:15|https://docs.google.com/presentation/d/1kyRsC1-PMJu4UndE6psUHJHuTHX7W6cuYRod1jq3QJY/edit#slide=id.g4d923ccbc0_0_55
2019-01-18 00:25:19|https://docs.google.com/presentation/d/1kyRsC1-PMJu4UndE6psUHJHuTHX7W6cuYRod1jq3QJY/edit#slide=id.g4d923ccbc0_0_123
2019-01-18 00:25:23|https://docs.google.com/presentation/d/1kyRsC1-PMJu4UndE6psUHJHuTHX7W6cuYRod1jq3QJY/edit#slide=id.g4d923ccbc0_0_55
2019-01-18 00:25:23|https://docs.google.com/presentation/d/1kyRsC1-PMJu4UndE6psUHJHuTHX7W6cuYRod1jq3QJY/edit#slide=id.g4d923ccbc0_0_66
2019-01-18 00:26:24|https://docs.google.com/presentation/d/1kyRsC1-PMJu4UndE6psUHJHuTHX7W6cuYRod1jq3QJY/edit#slide=id.g4d923ccbc0_0_55
2019-01-18 00:26:25|https://docs.google.com/presentation/d/1kyRsC1-PMJu4UndE6psUHJHuTHX7W6cuYRod1jq3QJY/edit#slide=id.g4d923ccbc0_0_66
2019-01-18 00:26:44|https://docs.google.com/presentation/d/1kyRsC1-PMJu4UndE6psUHJHuTHX7W6cuYRod1jq3QJY/edit#slide=id.g4d923ccbc0_0_39
2019-01-18 00:26:47|https://docs.google.com/presentation/d/1kyRsC1-PMJu4UndE6psUHJHuTHX7W6cuYRod1jq3QJY/edit#slide=id.g4d923ccbc0_0_23
2019-01-18 00:26:47|https://docs.google.com/presentation/d/1kyRsC1-PMJu4UndE6psUHJHuTHX7W6cuYRod1jq3QJY/edit#slide=id.g4d923ccbc0_0_39
2019-01-18 00:26:47|https://docs.google.com/presentation/d/1kyRsC1-PMJu4UndE6psUHJHuTHX7W6cuYRod1jq3QJY/edit#slide=id.g4d923ccbc0_0_23
2019-01-18 00:26:48|https://docs.google.com/presentation/d/1kyRsC1-PMJu4UndE6psUHJHuTHX7W6cuYRod1jq3QJY/edit#slide=id.g4d923ccbc0_0_39
2019-01-18 00:27:01|https://docs.google.com/presentation/d/1kyRsC1-PMJu4UndE6psUHJHuTHX7W6cuYRod1jq3QJY/edit#slide=id.g4d923ccbc0_0_23
2019-01-18 00:27:02|https://docs.google.com/presentation/d/1kyRsC1-PMJu4UndE6psUHJHuTHX7W6cuYRod1jq3QJY/edit#slide=id.g4d923ccbc0_0_39
2019-01-18 00:27:03|https://docs.google.com/presentation/d/1kyRsC1-PMJu4UndE6psUHJHuTHX7W6cuYRod1jq3QJY/edit#slide=id.g4d923ccbc0_0_23
2019-01-18 00:30:21|https://www.youtube.com/
2019-01-18 00:30:46|https://www.youtube.com/watch?v=DYYtuKyMtY8
2019-01-18 00:31:25|https://docs.google.com/presentation/d/1kyRsC1-PMJu4UndE6psUHJHuTHX7W6cuYRod1jq3QJY/edit#slide=id.g4d923ccbc0_0_39
2019-01-18 00:31:44|https://docs.google.com/presentation/d/1kyRsC1-PMJu4UndE6psUHJHuTHX7W6cuYRod1jq3QJY/edit#slide=id.g4d923ccbc0_0_66
2019-01-18 00:31:46|https://docs.google.com/presentation/d/1kyRsC1-PMJu4UndE6psUHJHuTHX7W6cuYRod1jq3QJY/edit#slide=id.g4d923ccbc0_0_39
2019-01-18 00:31:47|https://docs.google.com/presentation/d/1kyRsC1-PMJu4UndE6psUHJHuTHX7W6cuYRod1jq3QJY/edit#slide=id.g4d923ccbc0_0_66
2019-01-18 00:31:51|https://docs.google.com/presentation/d/1kyRsC1-PMJu4UndE6psUHJHuTHX7W6cuYRod1jq3QJY/edit#slide=id.g4d923ccbc0_0_39
2019-01-18 00:31:52|https://docs.google.com/presentation/d/1kyRsC1-PMJu4UndE6psUHJHuTHX7W6cuYRod1jq3QJY/edit#slide=id.g4d923ccbc0_0_66
2019-01-18 00:33:44|https://docs.google.com/presentation/d/1kyRsC1-PMJu4UndE6psUHJHuTHX7W6cuYRod1jq3QJY/edit#slide=id.g4d923ccbc0_0_55
2019-01-18 00:34:59|https://docs.google.com/presentation/d/1kyRsC1-PMJu4UndE6psUHJHuTHX7W6cuYRod1jq3QJY/edit#slide=id.g4d923ccbc0_0_66
2019-01-18 00:38:48|https://docs.google.com/presentation/d/1kyRsC1-PMJu4UndE6psUHJHuTHX7W6cuYRod1jq3QJY/edit#slide=id.g4d923ccbc0_0_55
2019-01-18 00:38:49|https://docs.google.com/presentation/d/1kyRsC1-PMJu4UndE6psUHJHuTHX7W6cuYRod1jq3QJY/edit#slide=id.g4d923ccbc0_0_123
2019-01-18 00:38:52|https://docs.google.com/presentation/d/1kyRsC1-PMJu4UndE6psUHJHuTHX7W6cuYRod1jq3QJY/edit#slide=id.g4d923ccbc0_0_131
2019-01-18 00:38:53|https://docs.google.com/presentation/d/1kyRsC1-PMJu4UndE6psUHJHuTHX7W6cuYRod1jq3QJY/edit#slide=id.g4c0372a315_0_60
2019-01-18 00:38:54|https://docs.google.com/presentation/d/1kyRsC1-PMJu4UndE6psUHJHuTHX7W6cuYRod1jq3QJY/edit#slide=id.g4d923ccbc0_0_131
2019-01-18 00:38:55|https://docs.google.com/presentation/d/1kyRsC1-PMJu4UndE6psUHJHuTHX7W6cuYRod1jq3QJY/edit#slide=id.g4c0372a315_0_60
2019-01-18 00:38:55|https://docs.google.com/presentation/d/1kyRsC1-PMJu4UndE6psUHJHuTHX7W6cuYRod1jq3QJY/edit#slide=id.g445c8f4c5882998c_15
2019-01-18 00:38:55|https://docs.google.com/presentation/d/1kyRsC1-PMJu4UndE6psUHJHuTHX7W6cuYRod1jq3QJY/edit#slide=id.g4c0372a315_0_60
2019-01-18 00:38:56|https://docs.google.com/presentation/d/1kyRsC1-PMJu4UndE6psUHJHuTHX7W6cuYRod1jq3QJY/edit#slide=id.g4d923ccbc0_0_131
2019-01-18 00:38:56|https://docs.google.com/presentation/d/1kyRsC1-PMJu4UndE6psUHJHuTHX7W6cuYRod1jq3QJY/edit#slide=id.g4d923ccbc0_0_123
2019-01-18 00:38:57|https://docs.google.com/presentation/d/1kyRsC1-PMJu4UndE6psUHJHuTHX7W6cuYRod1jq3QJY/edit#slide=id.g4d923ccbc0_0_55
2019-01-18 00:38:57|https://docs.google.com/presentation/d/1kyRsC1-PMJu4UndE6psUHJHuTHX7W6cuYRod1jq3QJY/edit#slide=id.g4d923ccbc0_0_66
2019-01-18 00:38:58|https://docs.google.com/presentation/d/1kyRsC1-PMJu4UndE6psUHJHuTHX7W6cuYRod1jq3QJY/edit#slide=id.g4d923ccbc0_0_55
2019-01-18 00:38:58|https://docs.google.com/presentation/d/1kyRsC1-PMJu4UndE6psUHJHuTHX7W6cuYRod1jq3QJY/edit#slide=id.g4d923ccbc0_0_123
2019-01-18 00:38:59|https://docs.google.com/presentation/d/1kyRsC1-PMJu4UndE6psUHJHuTHX7W6cuYRod1jq3QJY/edit#slide=id.g4d923ccbc0_0_55
2019-01-18 00:38:59|https://docs.google.com/presentation/d/1kyRsC1-PMJu4UndE6psUHJHuTHX7W6cuYRod1jq3QJY/edit#slide=id.g4d923ccbc0_0_66
2019-01-18 00:39:00|https://docs.google.com/presentation/d/1kyRsC1-PMJu4UndE6psUHJHuTHX7W6cuYRod1jq3QJY/edit#slide=id.g4d923ccbc0_0_55
2019-01-18 00:56:28|http://ctf.compclub.com.au/
2019-01-18 00:56:28|https://ctf.compclub.com.au/
2019-01-18 00:56:28|https://ctf.compclub.com.au/invite?next=%2F
2019-01-18 00:56:28|https://ctf.compclub.com.au/invite/
2019-01-18 01:15:40|https://ctf.compclub.com.au/
2019-01-18 01:19:16|https://www.google.com/search?q=rot13+cipher+decrypter&ie=utf-8&oe=utf-8&client=firefox-b-ab
2019-01-18 01:19:17|https://www.google.com/search?client=firefox-b-ab&q=rot13+cipher+decrypt&spell=1&sa=X&ved=0ahUKEwjCl77llPbfAhUGU30KHTwzAZUQBQgpKAA&biw=1920&bih=912
2019-01-18 01:19:20|https://www.rot13.com/
2019-01-18 01:20:54|https://www.google.com/search?q=ipstack&ie=utf-8&oe=utf-8&client=firefox-b-ab
2019-01-18 01:20:57|https://ipstack.com/
2019-01-18 01:22:18|https://www.google.com/search?q=regex&ie=utf-8&oe=utf-8&client=firefox-b-ab
2019-01-18 01:22:23|https://regexr.com/
2019-01-18 01:22:35|https://www.google.com/search?q=https%3A%2F%2Fregex+converter&ie=utf-8&oe=utf-8&client=firefox-b-ab
2019-01-18 01:22:41|https://www.google.com/search?client=firefox-b-ab&q=regex+converter&spell=1&sa=X&ved=0ahUKEwj73tvElfbfAhUCQH0KHYiKCFEQBQgpKAA&biw=1920&bih=912
2019-01-18 01:22:45|https://www.freeformatter.com/regex-tester.html
2019-01-18 01:22:52|https://www.browserling.com/tools/text-from-regex
2019-01-18 01:23:21|https://www.google.com/search?q=binary+numbers+to+letters&ie=utf-8&oe=utf-8&client=firefox-b-ab
2019-01-18 01:23:27|https://www.google.com/search?q=numbers+to+binary+numbers&ie=utf-8&oe=utf-8&client=firefox-b-ab
2019-01-18 01:23:32|https://www.rapidtables.com/convert/number/decimal-to-binary.html
2019-01-18 01:23:39|http://sticksandstones.kstrom.com/appen.html
2019-01-18 01:24:49|https://www.rapidtables.com/convert/number/decimal-to-binary.html?x=7
2019-01-18 01:24:59|https://www.rapidtables.com/convert/number/decimal-to-binary.html?x=5
2019-01-18 01:25:11|https://www.rapidtables.com/convert/number/decimal-to-binary.html?x=6646
2019-01-18 01:26:12|http://www.unit-conversion.info/texttools/convert-text-to-binary/
2019-01-18 01:29:52|https://www.google.com/search?q=2+%2B+2+is+four.+Add+again%2C+do+once+more.+Split+the+sight%2C+take+the+right%3F&ie=utf-8&oe=utf-8&client=firefox-b-ab
2019-01-18 01:29:54|https://www.google.com/search?client=firefox-b-ab&q=2+%2B+2+is+four.+Add+again,+to+once+more.+Split+the+sight,+take+the+right?&spell=1&sa=X&ved=0ahUKEwj4ntuUl_bfAhXRbn0KHb-uBa8QBQgpKAA&biw=1920&bih=912
2019-01-18 01:34:25|http://summer2019.compclub.com.au/
2019-01-18 01:34:25|https://summer2019.compclub.com.au/
2019-01-18 01:37:41|https://www.google.com/search?q=rot+cipher&ie=utf-8&oe=utf-8&client=firefox-b-ab
2019-01-18 01:37:44|https://www.dcode.fr/rot-cipher
2019-01-18 01:39:16|https://summer2019.compclub.com.au/day4
2019-01-18 01:39:21|https://summer2019.compclub.com.au/day4_solutions.html
2019-01-18 01:40:07|https://ctf.compclub.com.au/
2019-01-18 01:40:41|https://summer2019.compclub.com.au/day2
2019-01-18 01:42:18|https://www.google.com/search?q=sum+of+first+x+prime+numners&ie=utf-8&oe=utf-8&client=firefox-b-ab
2019-01-18 01:42:21|https://www.geeksforgeeks.org/sum-of-the-first-n-prime-numbers/
2019-01-18 01:42:32|https://www.google.com/search?client=firefox-b-ab&ei=-i5BXOSpBo-y9QOChYzgCQ&q=sum+of+first+x+prime+numners+calculator&oq=sum+of+first+x+prime+numners+calculator&gs_l=psy-ab.3..33i22i10i29i30j33i10.3790.4898..5013...0.0..0.337.2617.2-5j4......0....1..gws-wiz.......0i71j33i22i29i30.C2PNV5346g4
2019-01-18 01:42:36|http://www.math.com/students/calculators/source/prime-number.htm
2019-01-18 01:43:02|https://www.google.com/search?q=calculator+sum+prime+numbers&ie=utf-8&oe=utf-8&client=firefox-b-ab
2019-01-18 01:43:06|https://www.geeksforgeeks.org/program-find-sum-prime-numbers-1-n/
2019-01-18 01:43:33|http://www.math.com/students/calculators/source/prime-number.htm
2019-01-18 01:44:08|https://www.google.com/search?q=revers+interleave&ie=utf-8&oe=utf-8&client=firefox-b-ab
2019-01-18 01:44:13|https://gist.github.com/972992
2019-01-18 01:44:14|https://gist.github.com/JunKikuchi/972992
2019-01-18 01:44:58|https://www.google.com/search?client=firefox-b-ab&ei=CC9BXK2fCoqy9QOInIjwBg&q=substitution+cipher+decrypt&oq=substitution+cipher+decrypt&gs_l=psy-ab.3..0l3j0i22i30l7.65110.75510..75615...2.0..0.309.6220.0j14j11j3......0....1..gws-wiz.....0..0i71j0i131j0i67j0i131i67j0i10.MZq-IoUq9Zo
2019-01-18 01:45:07|http://practicalcryptography.com/ciphers/simple-substitution-cipher/
2019-01-18 01:45:12|https://www.google.com/url?sa=t&rct=j&q=&esrc=s&source=web&cd=2&cad=rja&uact=8&ved=2ahUKEwjypdvEmvbfAhVRaCsKHToYAxoQFjABegQIABAB&url=https%3A%2F%2Fwww.guballa.de%2Fsubstitution-solver&usg=AOvVaw0nCL9ek66UjRR4YITnBvZS
2019-01-18 01:45:13|https://www.google.com/url?sa=t&rct=j&q=&esrc=s&source=web&cd=1&cad=rja&uact=8&ved=2ahUKEwjypdvEmvbfAhVRaCsKHToYAxoQFjAAegQIChAB&url=https%3A%2F%2Fwww.dcode.fr%2Fmonoalphabetic-substitution&usg=AOvVaw0Qvfjy4pDpzf_7nJXFgI_o
2019-01-18 01:45:14|https://www.guballa.de/substitution-solver
2019-01-18 01:45:14|https://www.dcode.fr/monoalphabetic-substitution
2019-01-18 01:45:18|https://simonsingh.net/The_Black_Chamber/substitutioncrackingtool.html
2019-01-18 01:47:38|https://docs.google.com/presentation/d/1kyRsC1-PMJu4UndE6psUHJHuTHX7W6cuYRod1jq3QJY/edit#slide=id.g445c8f4c5882998c_36
2019-01-18 01:47:39|https://docs.google.com/presentation/d/1kyRsC1-PMJu4UndE6psUHJHuTHX7W6cuYRod1jq3QJY/edit#slide=id.g4c21576342_0_61
2019-01-18 01:47:40|https://docs.google.com/presentation/d/1kyRsC1-PMJu4UndE6psUHJHuTHX7W6cuYRod1jq3QJY/edit#slide=id.g4c21576342_0_85
2019-01-18 01:47:40|https://docs.google.com/presentation/d/1kyRsC1-PMJu4UndE6psUHJHuTHX7W6cuYRod1jq3QJY/edit#slide=id.g4d8f0f26c2_0_17
2019-01-18 01:47:43|https://docs.google.com/presentation/d/1kyRsC1-PMJu4UndE6psUHJHuTHX7W6cuYRod1jq3QJY/edit#slide=id.g4d923ccbc0_0_115
2019-01-18 01:47:44|https://docs.google.com/presentation/d/1kyRsC1-PMJu4UndE6psUHJHuTHX7W6cuYRod1jq3QJY/edit#slide=id.g4d923ccbc0_0_106
2019-01-18 01:47:46|https://docs.google.com/presentation/d/1kyRsC1-PMJu4UndE6psUHJHuTHX7W6cuYRod1jq3QJY/edit#slide=id.g4d923ccbc0_0_92
2019-01-18 01:47:50|https://docs.google.com/presentation/d/1kyRsC1-PMJu4UndE6psUHJHuTHX7W6cuYRod1jq3QJY/edit#slide=id.g4d923ccbc0_0_106
2019-01-18 01:47:51|https://docs.google.com/presentation/d/1kyRsC1-PMJu4UndE6psUHJHuTHX7W6cuYRod1jq3QJY/edit#slide=id.g4d8f0f26c2_0_0
2019-01-18 01:47:51|https://docs.google.com/presentation/d/1kyRsC1-PMJu4UndE6psUHJHuTHX7W6cuYRod1jq3QJY/edit#slide=id.g445c8f4c5882998c_2
2019-01-18 01:47:53|https://docs.google.com/presentation/d/1kyRsC1-PMJu4UndE6psUHJHuTHX7W6cuYRod1jq3QJY/edit#slide=id.g4c0372a315_0_127
2019-01-18 01:47:56|https://docs.google.com/presentation/d/1kyRsC1-PMJu4UndE6psUHJHuTHX7W6cuYRod1jq3QJY/edit#slide=id.g4c21576342_0_10
2019-01-18 01:47:56|https://docs.google.com/presentation/d/1kyRsC1-PMJu4UndE6psUHJHuTHX7W6cuYRod1jq3QJY/edit#slide=id.g4c0372a315_0_100
2019-01-18 01:48:24|https://www.google.com/search?q=2%5E9999999&ie=utf-8&oe=utf-8&client=firefox-b-ab
2019-01-18 01:48:30|https://www.google.com/search?client=firefox-b-ab&ei=ZzBBXOKHN869rQGjsqeoAw&q=2%5E9999999+in+code&oq=2%5E9999999+in+code&gs_l=psy-ab.3...2798.5431..5479...1.0..0.191.1256.0j7......0....1..gws-wiz.fGOWsnXYtCc
2019-01-18 01:49:04|https://www.google.com/search?q=sum+of+the+first+753+prime+number&ie=utf-8&oe=utf-8&client=firefox-b-ab
2019-01-18 01:49:29|https://www.google.com/search?client=firefox-b-ab&ei=kDBBXNSuNNO5rQG_vZbwBQ&q=first+753+prime+numbers&oq=first+753+prime+numbers&gs_l=psy-ab.3..33i22i29i30l2.10236.22861..23047...1.0..0.332.5443.0j8j11j4......0....1..gws-wiz.....0..0i71j0i131i67j0i131j0j0i67j0i10i67j0i10j0i22i30j33i160.B5k2orZvfPc
2019-01-18 01:49:39|https://www.google.com/search?client=firefox-b-ab&ei=qTBBXLyXAdmoyAPBxpLQBA&q=list+of+all++prime+numbers&oq=list+of+all++prime+numbers&gs_l=psy-ab.3..0i7i30j0j0i7i30l8.7466.9622..10033...0.0..0.327.2812.0j10j0j3......0....1..gws-wiz.......0i71j0i67j0i131i67.bRorJKRmC08
2019-01-18 01:49:57|https://www.google.com/search?client=firefox-b-ab&ei=szBBXPnXLY2z9QOwnJTQBQ&q=sum+of+the+FIRST+753+prime+numbers&oq=sum+of+the+FIRST+753+prime+numbers&gs_l=psy-ab.3..33i160.7607.16190..16311...2.0..0.241.6724.0j23j12......0....1..gws-wiz.......0i71j0i131j0j0i67j0i131i67j0i10j0i22i30j33i22i29i30j33i21.pE_OIc7O4H0
2019-01-18 01:50:05|https://www.google.com/url?sa=t&rct=j&q=&esrc=s&source=web&cd=3&cad=rja&uact=8&ved=2ahUKEwi5_YrLm_bfAhWNWX0KHTAOBVoQFjACegQIBxAK&url=http%3A%2F%2Fmathforum.org%2Fdr.math%2Ffaq%2Ffaq.prime.num.html&usg=AOvVaw0wZb86yroozqTwHGCCQzPB
2019-01-18 01:50:06|http://mathforum.org/dr.math/faq/faq.prime.num.html
2019-01-18 01:50:07|https://www.mathsisfun.com/numbers/prime-numbers-to-10k.html
2019-01-18 01:50:22|http://www.utm.edu/research/primes/lists/small/10000.txt
2019-01-18 01:50:22|http://primes.utm.edu/lists/small/10000.txt
2019-01-18 01:50:23|https://primes.utm.edu/lists/small/10000.txt
2019-01-18 01:50:59|https://www.google.com/search?q=10+times+15&ie=utf-8&oe=utf-8&client=firefox-b-ab
2019-01-18 01:51:27|https://www.google.com/search?q=15+times+50&ie=utf-8&oe=utf-8&client=firefox-b-ab
2019-01-18 01:53:48|https://www.google.com/search?q=number+27+%28base+10%29+to+binary+%28base+2%29%3F+&ie=utf-8&oe=utf-8&client=firefox-b-ab
2019-01-18 01:53:55|http://extraconversion.com/base-number/base-10/base-10-to-base-2.html
2019-01-18 01:55:24|https://www.google.com/search?client=firefox-b-ab&ei=rDFBXPaOKIqm9QOV6bL4BQ&q=number+27+binary+base+2&oq=number+27+binary+base+2&gs_l=psy-ab.3..0i22i30.20803.24313..24362...0.0..0.323.2782.0j9j2j2......0....1..gws-wiz.......0i71j0j0i67j0i8i13i30j33i22i29i30.ppgyh6cC0DQ
2019-01-18 01:55:32|https://www.google.com/url?sa=t&rct=j&q=&esrc=s&source=web&cd=3&cad=rja&uact=8&ved=2ahUKEwj9up_vnPbfAhVQU30KHWBeA4IQFjACegQIAhAI&url=https%3A%2F%2Fwww.convertbinary.com%2Fnumbers%2F&usg=AOvVaw1TLaAUDa2daG736NbxN-XC
2019-01-18 01:55:35|https://www.convertbinary.com/numbers/
2019-01-18 01:55:46|https://www.google.com/search?client=firefox-b-ab&ei=DDJBXP2EAdCm9QPgvI2QCA&q=%22number+27+binary+base+2%22&oq=%22number+27+binary+base+2%22&gs_l=psy-ab.3..0i8i30.18539.20969..21539...0.0..0.198.376.0j2......0....1..gws-wiz.......0i71j0i22i30.LYDSzIhE3MQ
2019-01-18 01:55:53|https://www.google.com/search?client=firefox-b-ab&q=number+27+binary+base+2&sa=X&ved=0ahUKEwiNhvv5nPbfAhUSVysKHeH2AbcQgwMIKg&biw=1920&bih=912
2019-01-18 01:59:10|https://www.google.com/search?q=qr+reader&ie=utf-8&oe=utf-8&client=firefox-b-ab
2019-01-18 01:59:36|https://lh3.googleusercontent.com/6azf98KQoV9zlQ3u__wgkoMOseRpQnYb-mRQWelB1Y23sMNHeISMLIIPsDxtwtoZIYrDhSSA4zzt4b-cavUEmsVrrv6AGKlLfD9gOTJTXrze7rOm3GzwBlVTzyRCKaBn8d-fc09t=w2400
2019-01-18 02:00:20|https://lh3.googleusercontent.com/6azf98KQoV9zlQ3u__wgkoMOseRpQnYb-mRQWelB1Y23sMNHeISMLIIPsDxtwtoZIYrDhSSA4zzt4b-cavUEmsVrrv6AGKlLfD9gOTJTXrze7rOm3GzwBlVTzyRCKaBn8d-fc09t=w2400
2019-01-18 02:02:03|https://lh3.googleusercontent.com/6azf98KQoV9zlQ3u__wgkoMOseRpQnYb-mRQWelB1Y23sMNHeISMLIIPsDxtwtoZIYrDhSSA4zzt4b-cavUEmsVrrv6AGKlLfD9gOTJTXrze7rOm3GzwBlVTzyRCKaBn8d-fc09t=w2400
2019-01-18 02:03:18|https://www.google.com/search?q=e2_e4-e7_e5-f1_c4-b8_c6-d1_h5-g8_f6&ie=utf-8&oe=utf-8&client=firefox-b-ab
2019-01-18 02:04:51|https://featherbear.github.io/UNSW-CompClub2019Summer-SecurityWorkshop/ctf_files/compclub_log.pcap
2019-01-18 02:04:55|https://featherbear.github.io/UNSW-CompClub2019Summer-SecurityWorkshop/ctf_files/compclub_log.pcap
2019-01-18 02:05:06|https://ctf.compclub.com.au/
2019-01-18 02:05:29|https://www.google.com/search?q=What+would+asm0%280xfa%2C0xf2%29+return%3F&ie=utf-8&oe=utf-8&client=firefox-b-ab
2019-01-18 02:05:32|https://www.google.com/search?client=firefox-b-ab&q=What+would+asm(0xfa,0xf2)+return%3F&sa=X&ved=0ahUKEwiblIiQn_bfAhWRb30KHWTiBBwQ7xYIKSgA&biw=1920&bih=912
2019-01-18 02:07:08|https://www.youtube.com/watch?v=eaK5_eJRzmA
2019-01-18 02:08:44|https://summer2019.compclub.com.au/day3
2019-01-18 02:08:49|https://microbit.org/guide/python/
2019-01-18 02:08:58|http://microbit-micropython.readthedocs.org/en/latest/tutorials/music.html
2019-01-18 02:08:59|http://microbit-micropython.readthedocs.io/en/latest/tutorials/music.html
2019-01-18 02:08:59|https://microbit-micropython.readthedocs.io/en/latest/tutorials/music.html
2019-01-18 02:14:45|https://www.google.com/search?q=ascii+space&ie=utf-8&oe=utf-8&client=firefox-b-ab
2019-01-18 02:14:49|https://www.google.com/url?sa=t&rct=j&q=&esrc=s&source=web&cd=1&cad=rja&uact=8&ved=2ahUKEwivoPiYofbfAhWBF3IKHaC7Cz4QFjAAegQICBAB&url=https%3A%2F%2Fascii.cl%2F&usg=AOvVaw07C7w539VXoUxD7XXlUCN4
2019-01-18 02:14:53|https://ascii.cl/
2019-01-18 02:17:52|https://www.google.com/search?q=tune+e2_e4-e7_e5-f1_c4-b8_c6-d1_h5-g8_f6&ie=utf-8&oe=utf-8&client=firefox-b-ab
2019-01-18 02:17:57|https://www.google.com/search?q=tune+e2_e4-e7_e5-f1_c4-b8_c6-d1_h5-g8_f6&client=firefox-b-ab&source=lnms&tbm=isch&sa=X&ved=0ahUKEwiXnvrxofbfAhWQTX0KHa1fDbUQ_AUIESgE&biw=1920&bih=912
2019-01-18 02:18:12|https://www.google.com/search?q=tune+e2_e4-e7_e5-f1_c4-b8_c6-d1_h5-g8_f6&client=firefox-b-ab&source=lnms&tbm=isch&sa=X&ved=0ahUKEwiXnvrxofbfAhWQTX0KHa1fDbUQ_AUIESgE&biw=1920&bih=912#imgrc=sLp_FK4m6feJfM:
2019-01-18 02:19:28|https://www.google.com/search?q=Divided+they+fall.+United+they+rise&ie=utf-8&oe=utf-8&client=firefox-b-ab
2019-01-18 02:19:37|https://www.google.com/url?sa=t&rct=j&q=&esrc=s&source=web&cd=1&cad=rja&uact=8&ved=2ahUKEwjXmP6fovbfAhVQfX0KHTNcATAQFjAAegQIAhAB&url=https%3A%2F%2Fen.wikipedia.org%2Fwiki%2FUnited_we_stand%2C_divided_we_fall&usg=AOvVaw21cQVLVk79TFCydogB5n25
2019-01-18 02:19:38|https://en.wikipedia.org/wiki/United_we_stand,_divided_we_fall
2019-01-18 02:19:41|https://www.google.com/url?sa=t&rct=j&q=&esrc=s&source=web&cd=14&cad=rja&uact=8&ved=2ahUKEwjXmP6fovbfAhVQfX0KHTNcATAQFjANegQIARAB&url=https%3A%2F%2Fquotes.yourdictionary.com%2Farticles%2Fwho-said-united-we-stand-divided-we-fall.html&usg=AOvVaw3ktHlMEhT5lr7aG93_XEqW
2019-01-18 02:19:42|https://quotes.yourdictionary.com/articles/who-said-united-we-stand-divided-we-fall.html
2019-01-18 02:20:55|https://www.google.com/search?q=753+prime+numbers&ie=utf-8&oe=utf-8&client=firefox-b-ab
2019-01-18 02:21:08|https://www.miniwebtool.com/first-n-prime-numbers/?number=753
2019-01-18 02:22:16|https://www.google.com/search?q=doc&ie=utf-8&oe=utf-8&client=firefox-b-ab
2019-01-18 02:22:18|https://www.google.com/docs/about/
2019-01-18 02:27:06|https://ctf.compclub.com.au/
2019-01-18 02:27:14|https://lh3.googleusercontent.com/swou8r_aaveXY-QRJexe7FLAIQ8WAgfAxjV33dRjs5gF3VqjC0h888QfY6lTD1-chfRG9CCR7VXXI-wUC8rn4wKSOMFyw2Pgm70ReLMMXjwp7uSUqRxUeI0SD6gX-AhCCdAiT_0k=s200-p-k
2019-01-18 02:29:38|https://www.google.com/search?q=unsw&ie=utf-8&oe=utf-8&client=firefox-b-ab
2019-01-18 02:29:41|https://www.unsw.edu.au/
1|https://www.google.com/search?q=asian+aunty+poses&oq=asian+aunty+poses&aqs=chrome..69i57.5227j1j4&sourceid=chrome&ie=UTF-8|asian aunty poses - Google Search|2|0|13192087315338825|0|0
2|https://www.google.com/search?q=asian+aunty+poses&source=lnms&tbm=isch&sa=X&ved=0ahUKEwiNp_irvvHfAhVWT30KHQ9SBbcQ_AUIDigB&biw=935&bih=974|asian aunty poses - Google Search|1|0|13192087313180986|0|0
3|https://www.google.com/search?q=subtle+asian+traits&oq=subtle+asian+traits&aqs=chrome..69i57j0l5.4675j0j7&sourceid=chrome&ie=UTF-8|subtle asian traits - Google Search|1|0|13192087339247976|0|0
4|https://www.google.com/search?q=subtle+asian+traits&source=lnms&tbm=isch&sa=X&sqi=2&ved=0ahUKEwja5r64vvHfAhXFEJAKHc1xBK4Q_AUIDigB&biw=935&bih=974|subtle asian traits - Google Search|1|0|13192087341339054|0|0
5|https://www.google.com/search?biw=935&bih=974&tbm=isch&sa=1&ei=LbY-XKcHjeitAYLRm7gE&q=subtle+asian+traits%2C+poto&oq=subtle+asian+traits%2C+poto&gs_l=img.3...2537.3766..3974...0.0..0.132.730.0j6......0....1..gws-wiz-img.......0j0i24.GcczUxA6gcY|subtle asian traits, poto - Google Search|1|0|13192087346041009|0|0
6|https://www.google.com/search?biw=935&bih=974&tbm=isch&sa=1&ei=MbY-XILDNZb89QOUsYGYCw&q=subtle+asian+traits%2C+photography&oq=subtle+asian+traits%2C+photography&gs_l=img.3...1947.4823..5193...0.0..0.149.1571.0j13......0....1..gws-wiz-img.......0j0i24.fuq2p3LbrJM|subtle asian traits, photography - Google Search|1|0|13192087352345974|0|0
7|http://summer2019.compclub.com.au/|Welcome to the CompClub Summer Spy School | CompClub 2019 Summer Workshops|1|1|13192153704104094|0|0
8|https://summer2019.compclub.com.au/|Welcome to the CompClub Summer Spy School | CompClub 2019 Summer Workshops|3|1|13192154411913514|0|0
9|https://summer2019.compclub.com.au/day4|Some useful links: | CompClub 2019 Summer Workshops|4|2|13192170793622372|0|0
10|https://summer2019.compclub.com.au/editWorkshop|Editable Links for Workshop | CompClub 2019 Summer Workshops|1|1|13192153730495193|0|0
11|https://docs.google.com/presentation/d/1YO6bBpKns_QP1H7ZwqmIRZ6w7vfG4ZMwXpqXzZISeus/edit?usp=sharing|Web Development - Google Slides|2|0|13192153734474482|0|0
12|https://docs.google.com/presentation/d/1YO6bBpKns_QP1H7ZwqmIRZ6w7vfG4ZMwXpqXzZISeus/edit||99|0|13192170230597732|0|0
13|https://docs.google.com/presentation/d/1YO6bBpKns_QP1H7ZwqmIRZ6w7vfG4ZMwXpqXzZISeus/edit#slide=id.g337fd436a2_1_5||51|0|13192170193142030|0|0
14|http://repl.it/languages/python3|Repl.it - ShamefulImmediateCharacters|1|1|13192153767804890|0|0
15|https://repl.it/languages/python3|Repl.it - ShamefulImmediateCharacters|1|0|13192153767804890|0|0
16|https://repl.it/repls/ShamefulImmediateCharacters|Repl.it - ShamefulImmediateCharacters|5|0|13192171294648991|0|0
17|https://docs.google.com/presentation/d/1YO6bBpKns_QP1H7ZwqmIRZ6w7vfG4ZMwXpqXzZISeus/edit#slide=id.g337fd436a2_1_0||2|0|13192154752981261|0|0
18|https://docs.google.com/presentation/d/1YO6bBpKns_QP1H7ZwqmIRZ6w7vfG4ZMwXpqXzZISeus/edit#slide=id.g4d84f4809b_1_6||4|0|13192160474836770|0|0
19|https://docs.google.com/presentation/d/1YO6bBpKns_QP1H7ZwqmIRZ6w7vfG4ZMwXpqXzZISeus/edit#slide=id.g4d84f4809b_1_20||4|0|13192160592348413|0|0
20|https://docs.google.com/presentation/d/1YO6bBpKns_QP1H7ZwqmIRZ6w7vfG4ZMwXpqXzZISeus/edit#slide=id.g4bf566d9b5_0_0||3|0|13192160454974579|0|0
21|https://docs.google.com/presentation/d/1YO6bBpKns_QP1H7ZwqmIRZ6w7vfG4ZMwXpqXzZISeus/edit#slide=id.g4bf566d9b5_0_6||2|0|13192160406262062|0|0
22|https://docs.google.com/presentation/d/1YO6bBpKns_QP1H7ZwqmIRZ6w7vfG4ZMwXpqXzZISeus/edit#slide=id.g4bf566d9b5_1_5||3|0|13192160455691023|0|0
23|https://docs.google.com/presentation/d/1YO6bBpKns_QP1H7ZwqmIRZ6w7vfG4ZMwXpqXzZISeus/edit#slide=id.g4c01a90d2c_1_22||3|0|13192160456135614|0|0
24|https://docs.google.com/presentation/d/1YO6bBpKns_QP1H7ZwqmIRZ6w7vfG4ZMwXpqXzZISeus/edit#slide=id.g4c01a90d2c_0_6||1|0|13192157108645737|0|0
25|https://docs.google.com/presentation/d/1YO6bBpKns_QP1H7ZwqmIRZ6w7vfG4ZMwXpqXzZISeus/edit#slide=id.g4d84f4809b_1_51||1|0|13192160382075610|0|0
26|https://docs.google.com/presentation/d/1YO6bBpKns_QP1H7ZwqmIRZ6w7vfG4ZMwXpqXzZISeus/edit#slide=id.g4bf566d9b5_1_19||2|0|13192160930767087|0|0
27|https://docs.google.com/presentation/d/1YO6bBpKns_QP1H7ZwqmIRZ6w7vfG4ZMwXpqXzZISeus/edit#slide=id.g4d84f4809b_1_13||1|0|13192160594689409|0|0
28|https://docs.google.com/presentation/d/1YO6bBpKns_QP1H7ZwqmIRZ6w7vfG4ZMwXpqXzZISeus/edit#slide=id.g4c03358741_11_19||1|0|13192160934745042|0|0
29|https://docs.google.com/presentation/d/1YO6bBpKns_QP1H7ZwqmIRZ6w7vfG4ZMwXpqXzZISeus/edit#slide=id.g4c01a90d2c_1_60||2|0|13192162455855218|0|0
30|https://docs.google.com/presentation/d/1YO6bBpKns_QP1H7ZwqmIRZ6w7vfG4ZMwXpqXzZISeus/edit#slide=id.g4c01a90d2c_1_54||3|0|13192163520860073|0|0
31|https://docs.google.com/presentation/d/1YO6bBpKns_QP1H7ZwqmIRZ6w7vfG4ZMwXpqXzZISeus/edit#slide=id.g4c01a90d2c_0_24||1|0|13192162452067415|0|0
32|https://docs.google.com/presentation/d/1YO6bBpKns_QP1H7ZwqmIRZ6w7vfG4ZMwXpqXzZISeus/edit#slide=id.g4c01a90d2c_1_48||2|0|13192163520477979|0|0
33|https://docs.google.com/presentation/d/1YO6bBpKns_QP1H7ZwqmIRZ6w7vfG4ZMwXpqXzZISeus/edit#slide=id.g4c01a90d2c_1_126||2|0|13192163526725513|0|0
34|https://docs.google.com/presentation/d/1YO6bBpKns_QP1H7ZwqmIRZ6w7vfG4ZMwXpqXzZISeus/edit#slide=id.g4c01a90d2c_1_117||1|0|13192163522940934|0|0
35|https://docs.google.com/presentation/d/1YO6bBpKns_QP1H7ZwqmIRZ6w7vfG4ZMwXpqXzZISeus/edit#slide=id.g4c01a90d2c_1_95||3|0|13192163641833224|0|0
36|https://docs.google.com/presentation/d/1YO6bBpKns_QP1H7ZwqmIRZ6w7vfG4ZMwXpqXzZISeus/edit#slide=id.g4d8f1226e8_0_0||1|0|13192163528273636|0|0
37|https://www.google.com/search?q=how+do+I+get+my+IP+addres%3F&oq=how+do+I+get+my+IP+addres%3F&aqs=chrome..69i57j0l5.3375j0j7&sourceid=chrome&ie=UTF-8|how do I get my IP addres? - Google Search|1|0|13192163590795651|0|0
38|https://docs.google.com/presentation/d/1YO6bBpKns_QP1H7ZwqmIRZ6w7vfG4ZMwXpqXzZISeus/edit#slide=id.g4c0fcf13f5_0_10||1|0|13192163641189233|0|0
39|http://ipstack.com/|ipstack - Free IP Geolocation API|1|1|13192163649808611|0|0
40|https://ipstack.com/|ipstack - Free IP Geolocation API|2|0|13192163658622197|0|0
41|https://ipstack.com/documentation|API Documentation - ipstack|1|0|13192163652072892|0|0
42|https://docs.google.com/presentation/d/1YO6bBpKns_QP1H7ZwqmIRZ6w7vfG4ZMwXpqXzZISeus/edit#slide=id.g4c0fcf13f5_0_22||2|0|13192163867169674|0|0
43|https://docs.google.com/presentation/d/1YO6bBpKns_QP1H7ZwqmIRZ6w7vfG4ZMwXpqXzZISeus/edit#slide=id.g4c01a90d2c_1_101||3|0|13192170986423917|0|0
44|https://shamefulimmediatecharacters--five-nine.repl.co/results|This is the results|14|0|13192171868933504|0|0
45|https://docs.google.com/presentation/d/1YO6bBpKns_QP1H7ZwqmIRZ6w7vfG4ZMwXpqXzZISeus/edit#slide=id.g4c01a90d2c_1_184||4|0|13192169401239895|0|0
46|https://docs.google.com/presentation/d/1YO6bBpKns_QP1H7ZwqmIRZ6w7vfG4ZMwXpqXzZISeus/edit#slide=id.g4d6b4ef8c9_0_2||7|0|13192172751459163|0|0
47|https://docs.google.com/presentation/d/1YO6bBpKns_QP1H7ZwqmIRZ6w7vfG4ZMwXpqXzZISeus/edit#slide=id.g4c01a90d2c_1_107||9|0|13192172773067343|0|0
48|https://docs.google.com/presentation/d/1YO6bBpKns_QP1H7ZwqmIRZ6w7vfG4ZMwXpqXzZISeus/edit#slide=id.g4c01a90d2c_1_178||3|0|13192172748135226|0|0
49|https://docs.google.com/presentation/d/1YO6bBpKns_QP1H7ZwqmIRZ6w7vfG4ZMwXpqXzZISeus/edit#slide=id.g4747f2f9ff_1_5||2|0|13192172748833566|0|0
50|https://shamefulimmediatecharacters--five-nine.repl.co/|HELLOO|8|0|13192171289014018|0|0
51|https://www.google.com/search?ei=BuA_XJ3CKMW2rQHUh52QAg&q=css&oq=css&gs_l=psy-ab.3..0i67l2j0j0i131j0l6.5171054.5175251..5175452...6.0..0.125.493.0j4......0....1..gws-wiz.....0..0i71.svQdpcWIKTk|css - Google Search|1|0|13192168767149861|0|0
52|https://www.w3schools.com/css/|CSS Tutorial|1|0|13192168769305224|0|0
53|https://www.w3schools.com/css/tryit.asp?filename=trycss_default|Tryit Editor v3.6|1|0|13192168870075817|0|0
54|https://www.google.com/search?q=w3schools+css+animation&oq=w3schools+css+ani&aqs=chrome.0.0j69i57j0l2.4823j0j4&sourceid=chrome&ie=UTF-8|w3schools css animation - Google Search|1|0|13192168983891775|0|0
55|https://www.w3schools.com/css/css3_animations.asp|CSS Animations|1|0|13192168985498665|0|0
56|https://www.w3schools.com/css/tryit.asp?filename=trycss3_animation1|Tryit Editor v3.6|1|0|13192168988275102|0|0
57|https://docs.google.com/presentation/d/1YO6bBpKns_QP1H7ZwqmIRZ6w7vfG4ZMwXpqXzZISeus/edit#||1|0|13192170139948866|0|0
58|https://docs.google.com/presentation/d/1YO6bBpKns_QP1H7ZwqmIRZ6w7vfG4ZMwXpqXzZISeus/edit#slide=id.g4d8f1226e8_18_0||8|0|13192172773602320|0|0
59|https://accounts.google.com/ServiceLogin?service=wise&passive=1209600&continue=https://docs.google.com/presentation/d/1YO6bBpKns_QP1H7ZwqmIRZ6w7vfG4ZMwXpqXzZISeus/edit?usp%3Dsharing&followup=https://docs.google.com/presentation/d/1YO6bBpKns_QP1H7ZwqmIRZ6w7vfG4ZMwXpqXzZISeus/edit?usp%3Dsharing&ltmpl=slides|Google Slides: Sign-in|3|0|13192170172080981|0|0
60|https://accounts.google.com/signin/v2/identifier?service=wise&passive=1209600&continue=https%3A%2F%2Fdocs.google.com%2Fpresentation%2Fd%2F1YO6bBpKns_QP1H7ZwqmIRZ6w7vfG4ZMwXpqXzZISeus%2Fedit%3Fusp%3Dsharing&followup=https%3A%2F%2Fdocs.google.com%2Fpresentation%2Fd%2F1YO6bBpKns_QP1H7ZwqmIRZ6w7vfG4ZMwXpqXzZISeus%2Fedit%3Fusp%3Dsharing&ltmpl=slides&flowName=GlifWebSignIn&flowEntry=ServiceLogin||1|0|13192170172105175|0|0
61|https://accounts.google.com/signin/v2/sl/pwd?service=wise&passive=1209600&continue=https%3A%2F%2Fdocs.google.com%2Fpresentation%2Fd%2F1YO6bBpKns_QP1H7ZwqmIRZ6w7vfG4ZMwXpqXzZISeus%2Fedit%3Fusp%3Dsharing&followup=https%3A%2F%2Fdocs.google.com%2Fpresentation%2Fd%2F1YO6bBpKns_QP1H7ZwqmIRZ6w7vfG4ZMwXpqXzZISeus%2Fedit%3Fusp%3Dsharing&ltmpl=slides&flowName=GlifWebSignIn&flowEntry=ServiceLogin&cid=1&navigationDirection=forward||1|0|13192170177393368|0|0
62|https://accounts.google.com/CheckCookie?hl=en-GB&checkedDomains=youtube&checkConnection=youtube%3A305%3A0&pstMsg=1&chtml=LoginDoneHtml&service=wise&continue=https%3A%2F%2Fdocs.google.com%2Fpresentation%2Fd%2F1YO6bBpKns_QP1H7ZwqmIRZ6w7vfG4ZMwXpqXzZISeus%2Fedit%3Fusp%3Dsharing&gidl=EgIIAA|Web Development - Google Slides|1|0|13192170189227198|0|0
63|https://accounts.youtube.com/accounts/SetSID?ssdc=1&sidt=ALWU2ctNj9UefjcXNKRfNcRGF6KnJtUIi%2FbAgWCJaIq5%2Bt0PlpSDuNsxuiVy0%2Fj0DgDXiyRMdtYIxLrsyuuH50GYwXyNB%2Ba8Cr61lm7Z4G%2BaCx2YTVfnWxhlbHfdcqR2Gr5yPTWvF5xP61GQPkyXWKvOI%2BfxqSNAW%2BprG7%2BUGAVnoJ797bLfIrIwJrxIHbdoDee1M0lHL2mHVH7mPe%2FjWe0njlzkZW4CpG7YO9Ly7ooFPg5GKawZxJkAU0EwPS7tXIAaqQI%2BzvDu&continue=https%3A%2F%2Fdocs.google.com%2Fpresentation%2Fd%2F1YO6bBpKns_QP1H7ZwqmIRZ6w7vfG4ZMwXpqXzZISeus%2Fedit%3Fusp%3Dsharing%26auth%3D9gat44ambhwj_XS1PaphZbICe_5EOZ28lNYnYmOfWjtU3c4qqeivVHwPC3TmlzJTPSibyw.%26authuser%3D0&dbus=AU|Web Development - Google Slides|1|0|13192170189227198|0|0
64|https://accounts.google.com.au/accounts/SetSID?ssdc=1&sidt=ALWU2cuAbwSlTKvQS7Othjl6ZeguZom1mr9JQOllZMxDxG4pZN%2BT2TFQFl6qpu9ZDr%2BTDV6DHvLdLtRmZZpumVT2cauD6TzC5oErCcP4dIzEEi8q8bBIM2WM2ONv/AyPSMOaLTeY%2BlF7F7AAHL5DyhnT4iMrooDdOqLBul74kBn/Q7dmuSllgSAtA/FdkeTToAwaGx7yFkYj6YlptYKa2otu0KpMPPVbDBPIuaufhN%2BAX%2B3/WVsVpgVsaR5tdI6i1rqygFqANIk7&continue=https://docs.google.com/presentation/d/1YO6bBpKns_QP1H7ZwqmIRZ6w7vfG4ZMwXpqXzZISeus/edit?usp%3Dsharing%26auth%3D9gat44ambhwj_XS1PaphZbICe_5EOZ28lNYnYmOfWjtU3c4qqeivVHwPC3TmlzJTPSibyw.%26authuser%3D0|Web Development - Google Slides|1|0|13192170189227198|0|0
65|https://docs.google.com/presentation/d/1YO6bBpKns_QP1H7ZwqmIRZ6w7vfG4ZMwXpqXzZISeus/edit?usp=sharing&auth=9gat44ambhwj_XS1PaphZbICe_5EOZ28lNYnYmOfWjtU3c4qqeivVHwPC3TmlzJTPSibyw.&authuser=0|Web Development - Google Slides|1|0|13192170189227198|0|0
66|https://docs.google.com/presentation/u/0/d/1YO6bBpKns_QP1H7ZwqmIRZ6w7vfG4ZMwXpqXzZISeus/edit?usp=sharing&auth=9gat44ambhwj_XS1PaphZbICe_5EOZ28lNYnYmOfWjtU3c4qqeivVHwPC3TmlzJTPSibyw.&authuser=0|Web Development - Google Slides|1|0|13192170189227198|0|0
67|https://docs.google.com/presentation/u/0/d/1YO6bBpKns_QP1H7ZwqmIRZ6w7vfG4ZMwXpqXzZISeus/edit?usp=sharing&authuser=0|Web Development - Google Slides|1|0|13192170189227198|0|0
68|https://docs.google.com/presentation/u/0/d/1YO6bBpKns_QP1H7ZwqmIRZ6w7vfG4ZMwXpqXzZISeus/edit?usp=sharing|Web Development - Google Slides|2|0|13192170189813126|0|0
69|https://accounts.google.com/Logout?service=wise&continue=https://docs.google.com|Google Accounts|1|0|13192170209999954|0|0
70|https://docs.google.com/|Sign in  Google accounts|1|0|13192170210784944|0|0
71|https://accounts.google.com/ServiceLogin?passive=1209600&osid=1&continue=https://docs.google.com/&followup=https://docs.google.com/&emr=1|Sign in  Google accounts|3|0|13192170211266063|0|0
72|https://accounts.google.com/signin/v2/sl/pwd?passive=1209600&osid=1&continue=https%3A%2F%2Fdocs.google.com%2F&followup=https%3A%2F%2Fdocs.google.com%2F&emr=1&flowName=GlifWebSignIn&flowEntry=ServiceLogin||1|0|13192170211296026|0|0
73|https://accounts.google.com/ServiceLogin?service=wise&passive=1209600&continue=https://docs.google.com/presentation/d/1YO6bBpKns_QP1H7ZwqmIRZ6w7vfG4ZMwXpqXzZISeus/edit&followup=https://docs.google.com/presentation/d/1YO6bBpKns_QP1H7ZwqmIRZ6w7vfG4ZMwXpqXzZISeus/edit&ltmpl=slides#slide=id.g337fd436a2_1_5|Google Slides: Sign-in|3|0|13192170212398680|0|0
74|https://accounts.google.com/signin/v2/sl/pwd?service=wise&passive=1209600&continue=https%3A%2F%2Fdocs.google.com%2Fpresentation%2Fd%2F1YO6bBpKns_QP1H7ZwqmIRZ6w7vfG4ZMwXpqXzZISeus%2Fedit&followup=https%3A%2F%2Fdocs.google.com%2Fpresentation%2Fd%2F1YO6bBpKns_QP1H7ZwqmIRZ6w7vfG4ZMwXpqXzZISeus%2Fedit&ltmpl=slides&flowName=GlifWebSignIn&flowEntry=ServiceLogin#slide=id.g337fd436a2_1_5||1|0|13192170212422923|0|0
75|https://accounts.google.com/CheckCookie?hl=en-GB&checkedDomains=youtube&checkConnection=youtube%3A172%3A0&pstMsg=1&chtml=LoginDoneHtml&service=wise&continue=https%3A%2F%2Fdocs.google.com%2Fpresentation%2Fd%2F1YO6bBpKns_QP1H7ZwqmIRZ6w7vfG4ZMwXpqXzZISeus%2Fedit&gidl=EgIIAA|Web Development - Google Slides|1|0|13192170227700363|0|0
76|https://accounts.youtube.com/accounts/SetSID?ssdc=1&sidt=ALWU2cs5oAlIXpoE22OPY9Dp4Add%2BQ5I7YsZSacZbo6LCUP0AlZvvR7FTEOI2M2fIxmKgbwzUGuNIupWadkFNwijrtac6ufEKRkFyu0ybt8kUb1guxRXFeJW7C3zl19SMGLZSaisJIAaVcbv8t1FAOExUZO2eI9V9N9JNKjcEmR2Zgeb%2FEB0ohrcFBtrQLudRzfMhAfS3EFbTvdCi8%2FmHn44UfBzVHW32v3gaMfrnlU%2BmCZvBo36penmkfLSOF2imNH1yEpH1QGB&continue=https%3A%2F%2Fdocs.google.com%2Fpresentation%2Fd%2F1YO6bBpKns_QP1H7ZwqmIRZ6w7vfG4ZMwXpqXzZISeus%2Fedit%3Fauth%3D9gat45E-JloYnBZ-lfR3VFnFlQ4aIta4WwASorAiD2pSwb3WDcEfYKAaFRVTXHsgwhI6oQ.%26authuser%3D0&dbus=AU|Web Development - Google Slides|1|0|13192170227700363|0|0
77|https://accounts.google.com.au/accounts/SetSID?ssdc=1&sidt=ALWU2cvJZh8wbM9cD4SNLlPAyZccR9D%2BTjT096MazNPZOxybhRdEQDtc6yaflvwMCwy%2BUatHCsKxN8mw%2BZKNvRaYntq2RfysAwiirxrPY7p4otpv36g%2BVKNXb6hef/wLNJ4ngGF9xuEYg58Ujs73LJhNClH32%2B3rtYG7Be5wbTCNKMPwPGM4rVvVdwyjSmM9SwQpzqqOszQG84GTF3wCrAbYMOR6BRSV3nEKCO/Fk/vo9fhtWTqDI%2BELwsWAqTuliAKTeUliG2wZ&continue=https://docs.google.com/presentation/d/1YO6bBpKns_QP1H7ZwqmIRZ6w7vfG4ZMwXpqXzZISeus/edit?auth%3D9gat45E-JloYnBZ-lfR3VFnFlQ4aIta4WwASorAiD2pSwb3WDcEfYKAaFRVTXHsgwhI6oQ.%26authuser%3D0|Web Development - Google Slides|1|0|13192170227700363|0|0
78|https://docs.google.com/presentation/d/1YO6bBpKns_QP1H7ZwqmIRZ6w7vfG4ZMwXpqXzZISeus/edit?auth=9gat45E-JloYnBZ-lfR3VFnFlQ4aIta4WwASorAiD2pSwb3WDcEfYKAaFRVTXHsgwhI6oQ.&authuser=0|Web Development - Google Slides|1|0|13192170227700363|0|0
79|https://docs.google.com/presentation/u/0/d/1YO6bBpKns_QP1H7ZwqmIRZ6w7vfG4ZMwXpqXzZISeus/edit?auth=9gat45E-JloYnBZ-lfR3VFnFlQ4aIta4WwASorAiD2pSwb3WDcEfYKAaFRVTXHsgwhI6oQ.&authuser=0|Web Development - Google Slides|1|0|13192170227700363|0|0
80|https://docs.google.com/presentation/u/0/d/1YO6bBpKns_QP1H7ZwqmIRZ6w7vfG4ZMwXpqXzZISeus/edit?authuser=0|Web Development - Google Slides|1|0|13192170227700363|0|0
81|https://docs.google.com/presentation/u/0/d/1YO6bBpKns_QP1H7ZwqmIRZ6w7vfG4ZMwXpqXzZISeus/edit|Web Development - Google Slides|2|0|13192170227913512|0|0
82|https://docs.google.com/presentation/d/1YO6bBpKns_QP1H7ZwqmIRZ6w7vfG4ZMwXpqXzZISeus/edit#slide=id.g4d84f4809b_1_58||3|0|13192170232610510|0|0
83|https://www.google.com/search?q=google+map+api+static+map+marker&oq=google+map+api+static+map+marker&aqs=chrome..69i57j69i64.7248j0j7&sourceid=chrome&ie=UTF-8|google map api static map marker - Google Search|2|0|13192171794468178|0|0
84|https://staticmapmaker.com/google/|Google Static Map Maker | a static map API helper|2|0|13192171804188869|0|0
85|https://www.google.com/search?ei=CwBAXP6JM5j49QPW-KLQAg&q=google+static+map+marker&oq=google+static+map+marker&gs_l=psy-ab.3..0i7i30l2j0l3j0i30l3j0i8i30l2.5904.5904..6095...0.0..0.143.143.0j1......0....1..gws-wiz.......0i71.7hQ28cjsIVM|google static map marker - Google Search|2|0|13192171805963000|0|0
86|https://developers.google.com/maps/documentation/maps-static/intro|Overview | Maps Static API | Google Developers|1|0|13192171811273402|0|0
87|https://www.google.com/search?q=hackerprank&oq=hackerprank&aqs=chrome..69i57j0l5.3168j0j7&sourceid=chrome&ie=UTF-8|hackerprank - Google Search|1|0|13192172715571733|0|0
88|https://geekprank.com/hacker/|GeekPrank Hacker Screen - The Best Hacker Simulator|1|0|13192172717591325|0|0
