2019-01-15 23:08:38|https://www.mozilla.org/privacy/firefox/
2019-01-15 23:08:38|https://www.mozilla.org/en-US/privacy/firefox/
2019-01-15 23:09:19|https://www.google.com/search?q=google+chrome&ie=utf-8&oe=utf-8&client=firefox-b
2019-01-15 23:09:30|https://support.google.com/chrome/answer/95346?co=GENIE.Platform%3DAndroid&hl=en
2019-01-15 23:10:26|http://summer2019.compclub.com/day%202
2019-01-15 23:10:27|http://summer2019.compclub.com/day%202
2019-01-15 23:10:27|http://summer2019.compclub.com/?f
2019-01-15 23:10:28|http://summer2019.compclub.com/day%202
2019-01-15 23:10:28|http://summer2019.compclub.com/?f
2019-01-15 23:10:28|http://compclub.com/
2019-01-15 23:10:29|http://compclub.com/
2019-01-15 23:10:51|http://summer2019.compclub.com/?f
2019-01-15 23:10:51|http://compclub.com/
2019-01-15 23:11:00|http://summer2019.compclub.com/
2019-01-15 23:11:00|http://compclub.com/
2019-01-15 23:11:10|http://summer2019.compclub.com/day%202
2019-01-15 23:11:10|http://summer2019.compclub.com/?f
2019-01-15 23:11:11|http://compclub.com/
2019-01-15 23:11:35|http://summer2019.compclub.com.au/
2019-01-15 23:11:35|https://summer2019.compclub.com.au/
2019-01-15 23:11:44|https://summer2019.compclub.com.au/day2
2019-01-15 23:11:46|https://summer2019.compclub.com.au/day3
2019-01-15 23:11:55|https://trinket.io/features/pygame
2019-01-15 23:12:20|https://www.google.com/search?q=office+365&ie=utf-8&oe=utf-8&client=firefox-b-ab
2019-01-15 23:12:25|https://www.office.com/
2019-01-15 23:12:31|https://docs.google.com/presentation/d/14BvJKEm9pyPOfLtZMkCAMwwwF6nVjmo8G5C3P7PULuw/edit#slide=id.g337fd436a2_1_5
2019-01-15 23:12:35|https://www.office.com/login?es=Click&ru=%2F
2019-01-15 23:12:35|https://login.microsoftonline.com/common/oauth2/authorize?client_id=4345a7b9-9a63-4910-a426-35363201d503&response_mode=form_post&response_type=code+id_token&scope=openid+profile&state=OpenIdConnect.AuthenticationProperties%3dHSMxo9AhGSoY7LnkX-seVO3w5_pdx9Yj4TopknRMsP-Yz-oJpZ70ybVrPFSOFtmOXEKonpdQgIzD0cmf15IoaA8jVsO8ugZ3mgqZ0OyfMkCUsHgP0ROgtIcb6Aa-hYNz&nonce=636831907557400083.MTZjMDMzNzUtNGIxZS00NmMwLWFhMjUtNThlNTgyMTcyMTM5ZGE1NjgzYjgtODdhYi00NmYwLWJkOWEtODY4M2RhZTJmZjZh&redirect_uri=https%3a%2f%2fwww.office.com%2f&ui_locales=en-US&mkt=en-US&client-request-id=bdbcaa18-23b4-4e31-828f-534244b50ecb
2019-01-15 23:13:07|https://python.microbit.org/v/1
2019-01-15 23:13:50|https://www.office.com/?auth=2
2019-01-15 23:13:51|https://outlook.office365.com/owa/?realm=emanuelschool.nsw.edu.au&exsvurl=1&ll-cc=1033&modurl=0
2019-01-15 23:13:52|https://login.microsoftonline.com/common/oauth2/authorize?client_id=00000002-0000-0ff1-ce00-000000000000&redirect_uri=https%3a%2f%2foutlook.office365.com%2fowa%2f&resource=00000002-0000-0ff1-ce00-000000000000&response_mode=form_post&response_type=code+id_token&scope=openid&msafed=0&client-request-id=2ba0919c-1d29-43a1-8dc8-6bca926db05f&protectedtoken=true&domain_hint=emanuelschool.nsw.edu.au&nonce=636831908318362101.3603b87b-6f1d-4947-a5cb-c022a657f7db&state=FYtLDoMgFAChvQs78MFTwIVp0pvwM12AJBK0xy9dzCwmGUoIeQ4eAwpDxGjUFuUKQxa1kiAFakBvjed6l5HP62y4W4LnAZRyejG7iZ6O9z3V202vM7lctlTc0VNu4VNrFke7RYpduM7St139zJtkOfMQNgmIrNT4b_AD
2019-01-15 23:13:52|https://outlook.office365.com/owa/?realm=emanuelschool.nsw.edu.au&exsvurl=1&ll-cc=1033&modurl=0
2019-01-15 23:13:52|https://outlook.office365.com/owa/?realm=emanuelschool.nsw.edu.au#exsvurl=1&ll-cc=1033&modurl=0
2019-01-15 23:13:59|https://outlook.office365.com/owa/?realm=emanuelschool.nsw.edu.au&exsvurl=1&ll-cc=1033&modurl=0
2019-01-15 23:15:00|https://docs.google.com/presentation/d/14BvJKEm9pyPOfLtZMkCAMwwwF6nVjmo8G5C3P7PULuw/edit#slide=id.p
2019-01-15 23:15:01|https://docs.google.com/presentation/d/14BvJKEm9pyPOfLtZMkCAMwwwF6nVjmo8G5C3P7PULuw/edit#slide=id.g337fd436a2_1_5
2019-01-15 23:15:02|https://docs.google.com/presentation/d/14BvJKEm9pyPOfLtZMkCAMwwwF6nVjmo8G5C3P7PULuw/edit#slide=id.p
2019-01-15 23:15:03|https://docs.google.com/presentation/d/14BvJKEm9pyPOfLtZMkCAMwwwF6nVjmo8G5C3P7PULuw/edit#slide=id.g4c0710682e_0_15
2019-01-15 23:15:14|https://docs.google.com/presentation/d/14BvJKEm9pyPOfLtZMkCAMwwwF6nVjmo8G5C3P7PULuw/edit#slide=id.g4c0710682e_0_22
2019-01-15 23:16:14|https://docs.google.com/presentation/d/14BvJKEm9pyPOfLtZMkCAMwwwF6nVjmo8G5C3P7PULuw/edit#slide=id.g4c0710682e_0_29
2019-01-15 23:16:21|https://docs.google.com/presentation/d/14BvJKEm9pyPOfLtZMkCAMwwwF6nVjmo8G5C3P7PULuw/edit#slide=id.g4c0710682e_0_36
2019-01-15 23:16:51|https://docs.google.com/presentation/d/14BvJKEm9pyPOfLtZMkCAMwwwF6nVjmo8G5C3P7PULuw/edit#slide=id.g4c0710682e_0_43
2019-01-15 23:16:58|https://docs.google.com/presentation/d/14BvJKEm9pyPOfLtZMkCAMwwwF6nVjmo8G5C3P7PULuw/edit#slide=id.g4c0710682e_0_58
2019-01-15 23:17:04|https://python-editor-1-0-0.microbit.org/#
2019-01-15 23:18:23|https://docs.google.com/presentation/d/14BvJKEm9pyPOfLtZMkCAMwwwF6nVjmo8G5C3P7PULuw/edit#slide=id.g4c0710682e_0_83
2019-01-15 23:18:39|https://docs.google.com/presentation/d/14BvJKEm9pyPOfLtZMkCAMwwwF6nVjmo8G5C3P7PULuw/edit#slide=id.g4c0710682e_0_92
2019-01-15 23:18:52|https://docs.google.com/presentation/d/14BvJKEm9pyPOfLtZMkCAMwwwF6nVjmo8G5C3P7PULuw/edit#slide=id.g4c0710682e_0_102
2019-01-15 23:19:03|https://docs.google.com/presentation/d/14BvJKEm9pyPOfLtZMkCAMwwwF6nVjmo8G5C3P7PULuw/edit#slide=id.g4c0710682e_0_92
2019-01-15 23:20:54|https://docs.google.com/presentation/d/14BvJKEm9pyPOfLtZMkCAMwwwF6nVjmo8G5C3P7PULuw/edit#slide=id.g4c0710682e_0_102
2019-01-15 23:23:40|https://docs.google.com/presentation/d/14BvJKEm9pyPOfLtZMkCAMwwwF6nVjmo8G5C3P7PULuw/edit#slide=id.g4c0710682e_0_92
2019-01-15 23:23:58|https://python-editor-1-0-0.microbit.org/#
2019-01-15 23:27:23|https://python-editor-1-0-0.microbit.org/#
2019-01-15 23:27:38|https://python-editor-1-0-0.microbit.org/#
2019-01-15 23:28:49|https://microbit.org/guide/python/
2019-01-15 23:29:04|https://docs.google.com/presentation/d/14BvJKEm9pyPOfLtZMkCAMwwwF6nVjmo8G5C3P7PULuw/edit#slide=id.g4c0710682e_0_102
2019-01-15 23:29:04|https://docs.google.com/presentation/d/14BvJKEm9pyPOfLtZMkCAMwwwF6nVjmo8G5C3P7PULuw/edit#slide=id.g4d695ae937_0_0
2019-01-15 23:29:13|https://docs.google.com/presentation/d/14BvJKEm9pyPOfLtZMkCAMwwwF6nVjmo8G5C3P7PULuw/edit#slide=id.g4d695ae937_0_8
2019-01-15 23:29:15|https://docs.google.com/presentation/d/14BvJKEm9pyPOfLtZMkCAMwwwF6nVjmo8G5C3P7PULuw/edit#slide=id.g4d695ae937_0_16
2019-01-15 23:30:13|https://docs.google.com/presentation/d/14BvJKEm9pyPOfLtZMkCAMwwwF6nVjmo8G5C3P7PULuw/edit#slide=id.g4d695ae937_0_23
2019-01-15 23:30:47|https://docs.google.com/presentation/d/14BvJKEm9pyPOfLtZMkCAMwwwF6nVjmo8G5C3P7PULuw/edit#slide=id.g4d695ae937_0_29
2019-01-15 23:31:24|https://docs.google.com/presentation/d/14BvJKEm9pyPOfLtZMkCAMwwwF6nVjmo8G5C3P7PULuw/edit#slide=id.g4c0710682e_0_119
2019-01-15 23:31:31|https://docs.google.com/presentation/d/14BvJKEm9pyPOfLtZMkCAMwwwF6nVjmo8G5C3P7PULuw/edit#slide=id.g4c0710682e_0_128
2019-01-15 23:31:40|https://docs.google.com/presentation/d/14BvJKEm9pyPOfLtZMkCAMwwwF6nVjmo8G5C3P7PULuw/edit#slide=id.g4c0710682e_0_119
2019-01-15 23:31:41|https://docs.google.com/presentation/d/14BvJKEm9pyPOfLtZMkCAMwwwF6nVjmo8G5C3P7PULuw/edit#slide=id.g4c0710682e_0_128
2019-01-15 23:31:41|https://docs.google.com/presentation/d/14BvJKEm9pyPOfLtZMkCAMwwwF6nVjmo8G5C3P7PULuw/edit#slide=id.g4c0710682e_0_119
2019-01-15 23:31:41|https://docs.google.com/presentation/d/14BvJKEm9pyPOfLtZMkCAMwwwF6nVjmo8G5C3P7PULuw/edit#slide=id.g4c0710682e_0_128
2019-01-15 23:31:41|https://docs.google.com/presentation/d/14BvJKEm9pyPOfLtZMkCAMwwwF6nVjmo8G5C3P7PULuw/edit#slide=id.g4c0710682e_0_119
2019-01-15 23:31:42|https://docs.google.com/presentation/d/14BvJKEm9pyPOfLtZMkCAMwwwF6nVjmo8G5C3P7PULuw/edit#slide=id.g4d695ae937_0_29
2019-01-15 23:31:42|https://docs.google.com/presentation/d/14BvJKEm9pyPOfLtZMkCAMwwwF6nVjmo8G5C3P7PULuw/edit#slide=id.g4c0710682e_0_119
2019-01-15 23:31:42|https://docs.google.com/presentation/d/14BvJKEm9pyPOfLtZMkCAMwwwF6nVjmo8G5C3P7PULuw/edit#slide=id.g4c0710682e_0_128
2019-01-15 23:31:43|https://docs.google.com/presentation/d/14BvJKEm9pyPOfLtZMkCAMwwwF6nVjmo8G5C3P7PULuw/edit#slide=id.g4c0710682e_0_119
2019-01-15 23:31:43|https://docs.google.com/presentation/d/14BvJKEm9pyPOfLtZMkCAMwwwF6nVjmo8G5C3P7PULuw/edit#slide=id.g4d695ae937_0_29
2019-01-15 23:31:45|https://docs.google.com/presentation/d/14BvJKEm9pyPOfLtZMkCAMwwwF6nVjmo8G5C3P7PULuw/edit#slide=id.g4d695ae937_0_23
2019-01-15 23:31:46|https://docs.google.com/presentation/d/14BvJKEm9pyPOfLtZMkCAMwwwF6nVjmo8G5C3P7PULuw/edit#slide=id.g4d695ae937_0_16
2019-01-15 23:31:47|https://docs.google.com/presentation/d/14BvJKEm9pyPOfLtZMkCAMwwwF6nVjmo8G5C3P7PULuw/edit#slide=id.g4d695ae937_0_23
2019-01-15 23:31:48|https://docs.google.com/presentation/d/14BvJKEm9pyPOfLtZMkCAMwwwF6nVjmo8G5C3P7PULuw/edit#slide=id.g4d695ae937_0_29
2019-01-15 23:31:49|https://docs.google.com/presentation/d/14BvJKEm9pyPOfLtZMkCAMwwwF6nVjmo8G5C3P7PULuw/edit#slide=id.g4c0710682e_0_119
2019-01-15 23:31:49|https://docs.google.com/presentation/d/14BvJKEm9pyPOfLtZMkCAMwwwF6nVjmo8G5C3P7PULuw/edit#slide=id.g4c0710682e_0_128
2019-01-15 23:31:56|https://docs.google.com/presentation/d/14BvJKEm9pyPOfLtZMkCAMwwwF6nVjmo8G5C3P7PULuw/edit#slide=id.g4c0710682e_0_135
2019-01-15 23:32:14|https://www.youtube.com/watch?v=dQw4w9WgXcQ
2019-01-15 23:33:21|https://summer2019.compclub.com.au/day3_templates/morse_code_template.html
2019-01-15 23:34:10|https://python-editor-1-0-0.microbit.org/#
2019-01-15 23:34:14|https://python-editor-1-0-0.microbit.org/#
2019-01-15 23:34:41|https://python-editor-1-0-0.microbit.org/#
2019-01-15 23:36:23|https://python-editor-1-0-0.microbit.org/#
2019-01-15 23:46:29|https://python-editor-1-0-0.microbit.org/#
2019-01-15 23:46:53|https://docs.google.com/presentation/d/14BvJKEm9pyPOfLtZMkCAMwwwF6nVjmo8G5C3P7PULuw/edit#slide=id.g4c0710682e_0_143
2019-01-15 23:48:18|https://docs.google.com/presentation/d/14BvJKEm9pyPOfLtZMkCAMwwwF6nVjmo8G5C3P7PULuw/edit#slide=id.g4d695ae937_0_16
2019-01-15 23:48:19|https://docs.google.com/presentation/d/14BvJKEm9pyPOfLtZMkCAMwwwF6nVjmo8G5C3P7PULuw/edit#slide=id.g4d695ae937_0_8
2019-01-15 23:48:20|https://docs.google.com/presentation/d/14BvJKEm9pyPOfLtZMkCAMwwwF6nVjmo8G5C3P7PULuw/edit#slide=id.g4d695ae937_0_16
2019-01-15 23:53:13|https://python-editor-1-0-0.microbit.org/#
2019-01-15 23:53:30|https://python-editor-1-0-0.microbit.org/#
2019-01-15 23:54:44|https://python-editor-1-0-0.microbit.org/#
2019-01-15 23:56:02|https://python-editor-1-0-0.microbit.org/#
2019-01-15 23:59:02|https://python-editor-1-0-0.microbit.org/#
2019-01-15 23:59:55|https://python-editor-1-0-0.microbit.org/#
2019-01-16 00:01:03|https://docs.google.com/presentation/d/14BvJKEm9pyPOfLtZMkCAMwwwF6nVjmo8G5C3P7PULuw/edit#slide=id.g4c0710682e_0_143
2019-01-16 00:05:05|https://python-editor-1-0-0.microbit.org/#
2019-01-16 00:16:47|https://docs.google.com/presentation/d/14BvJKEm9pyPOfLtZMkCAMwwwF6nVjmo8G5C3P7PULuw/edit#slide=id.g4c0710682e_0_124
2019-01-16 00:16:48|https://docs.google.com/presentation/d/14BvJKEm9pyPOfLtZMkCAMwwwF6nVjmo8G5C3P7PULuw/edit#slide=id.g4c0710682e_0_150
2019-01-16 00:16:49|https://docs.google.com/presentation/d/14BvJKEm9pyPOfLtZMkCAMwwwF6nVjmo8G5C3P7PULuw/edit#slide=id.g4c0710682e_0_124
2019-01-16 00:16:53|https://docs.google.com/presentation/d/14BvJKEm9pyPOfLtZMkCAMwwwF6nVjmo8G5C3P7PULuw/edit#slide=id.g4c0710682e_0_143
2019-01-16 00:18:55|https://docs.google.com/presentation/d/14BvJKEm9pyPOfLtZMkCAMwwwF6nVjmo8G5C3P7PULuw/edit#slide=id.g4c0710682e_0_124
2019-01-16 00:18:55|https://docs.google.com/presentation/d/14BvJKEm9pyPOfLtZMkCAMwwwF6nVjmo8G5C3P7PULuw/edit#slide=id.g4c0710682e_0_143
2019-01-16 00:46:04|https://docs.google.com/presentation/d/14BvJKEm9pyPOfLtZMkCAMwwwF6nVjmo8G5C3P7PULuw/edit#slide=id.g4c0710682e_0_124
2019-01-16 00:46:05|https://docs.google.com/presentation/d/14BvJKEm9pyPOfLtZMkCAMwwwF6nVjmo8G5C3P7PULuw/edit#slide=id.g4c0710682e_0_150
2019-01-16 00:46:21|https://python-editor-1-0-0.microbit.org/#
2019-01-16 00:47:22|https://docs.google.com/presentation/d/14BvJKEm9pyPOfLtZMkCAMwwwF6nVjmo8G5C3P7PULuw/edit#slide=id.g4c0710682e_0_143
2019-01-16 00:48:03|https://docs.google.com/presentation/d/14BvJKEm9pyPOfLtZMkCAMwwwF6nVjmo8G5C3P7PULuw/edit#slide=id.g4c0710682e_0_150
2019-01-16 00:49:34|https://python-editor-1-0-0.microbit.org/#
2019-01-16 00:50:05|https://docs.google.com/presentation/d/14BvJKEm9pyPOfLtZMkCAMwwwF6nVjmo8G5C3P7PULuw/edit#slide=id.g4c0710682e_0_143
2019-01-16 00:51:30|https://python-editor-1-0-0.microbit.org/#
2019-01-16 00:53:15|https://python-editor-1-0-0.microbit.org/#
2019-01-16 00:55:30|https://docs.google.com/presentation/d/14BvJKEm9pyPOfLtZMkCAMwwwF6nVjmo8G5C3P7PULuw/edit#slide=id.g4c0710682e_0_124
2019-01-16 00:55:31|https://docs.google.com/presentation/d/14BvJKEm9pyPOfLtZMkCAMwwwF6nVjmo8G5C3P7PULuw/edit#slide=id.g4c0710682e_0_161
2019-01-16 00:55:31|https://docs.google.com/presentation/d/14BvJKEm9pyPOfLtZMkCAMwwwF6nVjmo8G5C3P7PULuw/edit#slide=id.g4c0710682e_0_150
2019-01-16 00:55:41|https://docs.google.com/presentation/d/14BvJKEm9pyPOfLtZMkCAMwwwF6nVjmo8G5C3P7PULuw/edit#slide=id.g4c0710682e_0_161
2019-01-16 00:55:56|https://docs.google.com/presentation/d/14BvJKEm9pyPOfLtZMkCAMwwwF6nVjmo8G5C3P7PULuw/edit#slide=id.g4c0710682e_0_168
2019-01-16 00:56:19|https://docs.google.com/presentation/d/14BvJKEm9pyPOfLtZMkCAMwwwF6nVjmo8G5C3P7PULuw/edit#slide=id.g4c0710682e_0_175
2019-01-16 00:56:20|https://docs.google.com/presentation/d/14BvJKEm9pyPOfLtZMkCAMwwwF6nVjmo8G5C3P7PULuw/edit#slide=id.g4c0710682e_0_181
2019-01-16 00:56:27|https://docs.google.com/presentation/d/14BvJKEm9pyPOfLtZMkCAMwwwF6nVjmo8G5C3P7PULuw/edit#slide=id.g4c0710682e_0_175
2019-01-16 00:57:05|https://python-editor-1-0-0.microbit.org/#
2019-01-16 00:58:33|https://python-editor-1-0-0.microbit.org/#
2019-01-16 00:59:27|https://docs.google.com/presentation/d/14BvJKEm9pyPOfLtZMkCAMwwwF6nVjmo8G5C3P7PULuw/edit#slide=id.g4c0710682e_0_168
2019-01-16 00:59:31|https://docs.google.com/presentation/d/14BvJKEm9pyPOfLtZMkCAMwwwF6nVjmo8G5C3P7PULuw/edit#slide=id.g4c0710682e_0_175
2019-01-16 00:59:55|https://python-editor-1-0-0.microbit.org/#
2019-01-16 01:00:54|https://python-editor-1-0-0.microbit.org/#
2019-01-16 01:03:13|https://docs.google.com/presentation/d/14BvJKEm9pyPOfLtZMkCAMwwwF6nVjmo8G5C3P7PULuw/edit#slide=id.g4c0710682e_0_181
2019-01-16 01:07:15|https://summer2019.compclub.com.au/day3_templates/reaction_timer_template.html
2019-01-16 01:07:55|https://docs.google.com/presentation/d/14BvJKEm9pyPOfLtZMkCAMwwwF6nVjmo8G5C3P7PULuw/edit#slide=id.g4c0710682e_0_175
2019-01-16 01:07:55|https://docs.google.com/presentation/d/14BvJKEm9pyPOfLtZMkCAMwwwF6nVjmo8G5C3P7PULuw/edit#slide=id.g4c0710682e_0_168
2019-01-16 01:07:57|https://docs.google.com/presentation/d/14BvJKEm9pyPOfLtZMkCAMwwwF6nVjmo8G5C3P7PULuw/edit#slide=id.g4c0710682e_0_175
2019-01-16 01:08:43|https://docs.google.com/presentation/d/14BvJKEm9pyPOfLtZMkCAMwwwF6nVjmo8G5C3P7PULuw/edit#slide=id.g4c0710682e_0_143
2019-01-16 01:09:46|https://docs.google.com/presentation/d/14BvJKEm9pyPOfLtZMkCAMwwwF6nVjmo8G5C3P7PULuw/edit#slide=id.g4c0710682e_0_168
2019-01-16 01:09:47|https://docs.google.com/presentation/d/14BvJKEm9pyPOfLtZMkCAMwwwF6nVjmo8G5C3P7PULuw/edit#slide=id.g4c0710682e_0_175
2019-01-16 01:12:15|https://docs.google.com/presentation/d/14BvJKEm9pyPOfLtZMkCAMwwwF6nVjmo8G5C3P7PULuw/edit#slide=id.g4d695ae937_0_29
2019-01-16 01:12:16|https://docs.google.com/presentation/d/14BvJKEm9pyPOfLtZMkCAMwwwF6nVjmo8G5C3P7PULuw/edit#slide=id.g4d695ae937_0_23
2019-01-16 01:12:18|https://docs.google.com/presentation/d/14BvJKEm9pyPOfLtZMkCAMwwwF6nVjmo8G5C3P7PULuw/edit#slide=id.g4d695ae937_0_16
2019-01-16 01:15:00|https://microbit.org/guide/python/
2019-01-16 01:15:05|http://microbit-micropython.readthedocs.org/en/latest/tutorials/images.html
2019-01-16 01:15:05|http://microbit-micropython.readthedocs.io/en/latest/tutorials/images.html
2019-01-16 01:15:06|https://microbit-micropython.readthedocs.io/en/latest/tutorials/images.html
2019-01-16 01:16:28|https://docs.google.com/presentation/d/14BvJKEm9pyPOfLtZMkCAMwwwF6nVjmo8G5C3P7PULuw/edit#slide=id.g4c0710682e_0_124
2019-01-16 01:16:29|https://docs.google.com/presentation/d/14BvJKEm9pyPOfLtZMkCAMwwwF6nVjmo8G5C3P7PULuw/edit#slide=id.g4c0710682e_0_150
2019-01-16 01:16:35|https://docs.google.com/presentation/d/14BvJKEm9pyPOfLtZMkCAMwwwF6nVjmo8G5C3P7PULuw/edit#slide=id.g4c0710682e_0_161
2019-01-16 01:16:36|https://docs.google.com/presentation/d/14BvJKEm9pyPOfLtZMkCAMwwwF6nVjmo8G5C3P7PULuw/edit#slide=id.g4c0710682e_0_168
2019-01-16 01:16:37|https://docs.google.com/presentation/d/14BvJKEm9pyPOfLtZMkCAMwwwF6nVjmo8G5C3P7PULuw/edit#slide=id.g4c0710682e_0_175
2019-01-16 01:16:39|https://docs.google.com/presentation/d/14BvJKEm9pyPOfLtZMkCAMwwwF6nVjmo8G5C3P7PULuw/edit#slide=id.g4c0710682e_0_161
2019-01-16 01:16:40|https://docs.google.com/presentation/d/14BvJKEm9pyPOfLtZMkCAMwwwF6nVjmo8G5C3P7PULuw/edit#slide=id.g4c0710682e_0_150
2019-01-16 01:17:19|https://docs.google.com/presentation/d/14BvJKEm9pyPOfLtZMkCAMwwwF6nVjmo8G5C3P7PULuw/edit#slide=id.g4d695ae937_0_23
2019-01-16 01:37:28|https://python-editor-1-0-0.microbit.org/#
2019-01-16 01:41:43|https://docs.google.com/presentation/d/14BvJKEm9pyPOfLtZMkCAMwwwF6nVjmo8G5C3P7PULuw/edit#slide=id.g4c0710682e_0_161
2019-01-16 01:41:44|https://docs.google.com/presentation/d/14BvJKEm9pyPOfLtZMkCAMwwwF6nVjmo8G5C3P7PULuw/edit#slide=id.g4c0710682e_0_175
2019-01-16 01:41:45|https://docs.google.com/presentation/d/14BvJKEm9pyPOfLtZMkCAMwwwF6nVjmo8G5C3P7PULuw/edit#slide=id.g4c0710682e_0_181
2019-01-16 01:41:48|https://docs.google.com/presentation/d/14BvJKEm9pyPOfLtZMkCAMwwwF6nVjmo8G5C3P7PULuw/edit#slide=id.g4c0710682e_0_189
2019-01-16 01:41:54|https://docs.google.com/presentation/d/14BvJKEm9pyPOfLtZMkCAMwwwF6nVjmo8G5C3P7PULuw/edit#slide=id.g4c0710682e_0_195
2019-01-16 01:41:55|https://docs.google.com/presentation/d/14BvJKEm9pyPOfLtZMkCAMwwwF6nVjmo8G5C3P7PULuw/edit#slide=id.g337fd436a2_1_0
2019-01-16 01:42:29|https://docs.google.com/presentation/d/14BvJKEm9pyPOfLtZMkCAMwwwF6nVjmo8G5C3P7PULuw/edit#slide=id.g4c0710682e_0_195
2019-01-16 01:42:30|https://docs.google.com/presentation/d/14BvJKEm9pyPOfLtZMkCAMwwwF6nVjmo8G5C3P7PULuw/edit#slide=id.g4c0710682e_0_189
2019-01-16 02:10:12|https://www.google.com/search?q=python+randint+examples&ie=utf-8&oe=utf-8&client=firefox-b-ab
2019-01-16 02:12:36|https://python-editor-1-0-0.microbit.org/#
2019-01-16 02:15:39|https://python-editor-1-0-0.microbit.org/#
2019-01-16 03:12:37|https://python-editor-1-0-0.microbit.org/#
2019-01-16 03:14:28|https://python-editor-1-0-0.microbit.org/#
2019-01-16 03:15:40|https://summer2019.compclub.com.au/day3_templates/hot_or_cold_template.html
2019-01-16 03:16:09|https://python-editor-1-0-0.microbit.org/#
2019-01-16 03:33:18|https://microbit.org/guide/python/
2019-01-16 03:33:23|http://microbit-micropython.readthedocs.org/en/latest/tutorials/images.html
2019-01-16 03:33:23|http://microbit-micropython.readthedocs.io/en/latest/tutorials/images.html
2019-01-16 03:33:23|https://microbit-micropython.readthedocs.io/en/latest/tutorials/images.html
2019-01-16 04:09:36|https://python-editor-1-0-0.microbit.org/#
2019-01-16 04:10:47|https://python.microbit.org/v/1.1
2019-01-16 04:11:02|https://python-editor-1-1-2.microbit.org/#
2019-01-16 04:14:36|https://python-editor-1-1-2.microbit.org/#
2019-01-16 04:14:56|https://python-editor-1-1-2.microbit.org/#
2019-01-16 04:16:51|https://python-editor-1-1-2.microbit.org/#
2019-01-16 04:19:12|https://python-editor-1-1-2.microbit.org/#
2019-01-16 04:20:58|https://python-editor-1-1-2.microbit.org/#
2019-01-16 04:26:49|https://python-editor-1-1-2.microbit.org/#
2019-01-16 04:27:40|https://python-editor-1-1-2.microbit.org/#
2019-01-16 04:28:54|https://python-editor-1-1-2.microbit.org/#
2019-01-16 04:50:19|https://docs.google.com/presentation/d/14BvJKEm9pyPOfLtZMkCAMwwwF6nVjmo8G5C3P7PULuw/edit#slide=id.g4c0710682e_0_195
2019-01-16 04:50:19|https://docs.google.com/presentation/d/14BvJKEm9pyPOfLtZMkCAMwwwF6nVjmo8G5C3P7PULuw/edit#slide=id.g337fd436a2_1_0
2019-01-16 04:50:20|https://docs.google.com/presentation/d/14BvJKEm9pyPOfLtZMkCAMwwwF6nVjmo8G5C3P7PULuw/edit#slide=id.g4c0710682e_0_210
2019-01-16 04:50:25|https://docs.google.com/presentation/d/14BvJKEm9pyPOfLtZMkCAMwwwF6nVjmo8G5C3P7PULuw/edit#slide=id.g4d6b884a15_2_1
2019-01-16 04:50:32|https://docs.google.com/presentation/d/14BvJKEm9pyPOfLtZMkCAMwwwF6nVjmo8G5C3P7PULuw/edit#slide=id.g4c0710682e_0_217
2019-01-16 04:53:24|http://slither.io/
2019-01-16 23:08:21|https://summer2019.compclub.com.au/
2019-01-16 23:08:23|https://summer2019.compclub.com.au/day4
2019-01-16 23:09:25|https://repl.it/languages/python3
2019-01-16 23:09:26|https://repl.it/repls/GummySpotlessLegacysystem
2019-01-16 23:09:44|https://summer2019.compclub.com.au/
2019-01-16 23:09:48|https://summer2019.compclub.com.au/day4
2019-01-16 23:12:10|https://summer2019.compclub.com.au/
2019-01-16 23:12:13|https://summer2019.compclub.com.au/day4
2019-01-16 23:25:34|http://summer2019.compclub.com.au/day4_files/index_html
2019-01-16 23:25:34|https://summer2019.compclub.com.au/day4_files/index_html
2019-01-16 23:28:44|http://summer2019.compclub.com.au/day4_files/results_html
2019-01-16 23:28:44|https://summer2019.compclub.com.au/day4_files/results_html
2019-01-16 23:28:50|http://summer2019.compclub.com.au/day4_files/results_html
2019-01-16 23:28:50|https://summer2019.compclub.com.au/day4_files/results_html
2019-01-17 00:06:32|https://summer2019.compclub.com.au/day4
2019-01-17 00:29:31|https://www.google.com/search?q=r6+tracker&ie=utf-8&oe=utf-8&client=firefox-b-ab
2019-01-17 00:29:32|https://www.google.com/search?client=firefox-b-ab&q=r6tracker&spell=1&sa=X&ved=0ahUKEwjwwrLnx_PfAhWDbysKHXaGC04QBQgpKAA&biw=1920&bih=912
2019-01-17 00:29:34|https://r6.tracker.network/
2019-01-17 00:29:41|https://r6.tracker.network/r6/search?name=sminkid&platform=4
2019-01-17 00:29:41|https://r6.tracker.network/profile/pc/Sminkid
2019-01-17 00:31:40|https://www.google.com/search?q=r6+tracker&ie=utf-8&oe=utf-8&client=firefox-b-ab
2019-01-17 00:31:42|https://r6.tracker.network/
2019-01-17 00:31:49|https://r6.tracker.network/r6/search?name=Sirraptor03&platform=4
2019-01-17 00:31:49|https://r6.tracker.network/profile/pc/SirRaptor03
2019-01-17 00:32:16|https://r6.tracker.network/profile/pc/Sminkid
2019-01-17 00:58:28|https://www.youtube.com/watch?v=dQw4w9WgXcQ
2019-01-17 00:59:52|https://www.youtube.com/
2019-01-17 01:06:16|https://www.youtube.com/results?search_query=spiderman+into+the+spider+verse+trailer
2019-01-17 01:15:54|https://www.youtube.com/results?search_query=sans+boss+battle
2019-01-17 01:15:56|https://www.youtube.com/watch?v=Vr4IYjeplJA
2019-01-17 01:22:25|http://summer2019.compclub.com.au/day4_files/index_html
2019-01-17 01:22:25|https://summer2019.compclub.com.au/day4_files/index_html
2019-01-17 01:22:53|http://summer2019.compclub.com.au/day4_files/results_html
2019-01-17 01:22:53|https://summer2019.compclub.com.au/day4_files/results_html
2019-01-17 01:40:26|https://www.youtube.com/watch?v=dQw4w9WgXcQ
2019-01-17 01:40:30|https://python.microbit.org/v/1.1
2019-01-17 01:40:35|http://slither.io/
2019-01-17 01:44:57|http://slither.io/
2019-01-17 01:49:23|https://www.google.com/search?q=BTD&ie=utf-8&oe=utf-8&client=firefox-b-ab
2019-01-17 01:49:27|https://www.google.com/search?client=firefox-b-ab&ei=I98_XIS1F8XdrQGE3JqgAg&q=BTD5&oq=BTD5&gs_l=psy-ab.3..0i67l6j0l4.2294.2294..2533...0.0..0.129.129.0j1......0....1..gws-wiz.......0i71.hJQPByF0M1g
2019-01-17 01:49:29|https://ninjakiwi.com/Games/Tower-Defense/Play/Bloons-Tower-Defense-5.html
2019-01-17 01:49:30|https://ninjakiwi.com/Games/Tower-Defense/Play/Bloons-Tower-Defense-5.html#.XD_fKhxs3ok
2019-01-17 01:50:35|https://ninjakiwi.com/Games/Tower-Defense/Play/Bloons-Tower-Defense-5.html#.XD_fahxs3ol
2019-01-17 01:51:01|https://www.youtube.com/watch?v=dQw4w9WgXcQ
2019-01-17 01:51:04|https://www.youtube.com/
2019-01-17 01:55:55|https://summer2019.compclub.com.au/
2019-01-17 01:55:58|https://summer2019.compclub.com.au/day4
2019-01-17 01:56:01|https://repl.it/languages/python3
2019-01-17 01:56:02|https://repl.it/repls/StormyQuerulousPercent
2019-01-17 01:56:37|http://summer2019.compclub.com.au/day4_files/index_html
2019-01-17 01:56:38|https://summer2019.compclub.com.au/day4_files/index_html
2019-01-17 01:57:03|http://summer2019.compclub.com.au/day4_files/results_html
2019-01-17 01:57:04|https://summer2019.compclub.com.au/day4_files/results_html
2019-01-17 02:12:13|https://www.google.com/search?q=ip+address&ie=utf-8&oe=utf-8&client=firefox-b-ab
2019-01-17 03:13:33|https://www.google.com/search?q=r6+tracker&ie=utf-8&oe=utf-8&client=firefox-b-ab
2019-01-17 03:13:36|https://r6.tracker.network/
2019-01-17 03:13:43|https://r6.tracker.network/r6/search?name=sminkid&platform=4
2019-01-17 03:13:43|https://r6.tracker.network/profile/pc/Sminkid
2019-01-17 03:13:51|https://r6.tracker.network/profile/pc/Sminkid/matches
2019-01-17 03:14:02|https://r6.tracker.network/profile/pc/Sminkid/seasons
2019-01-17 03:14:10|https://r6.tracker.network/profile/pc/Sminkid/mmr-history
2019-01-17 03:14:15|https://r6.tracker.network/profile/pc/Sminkid/operators
2019-01-17 03:16:25|https://r6.tracker.network/profile/pc/Sminkid
2019-01-17 03:16:45|https://r6.tracker.network/R6/search?name=tuxbird&platform=4
2019-01-17 03:16:45|https://r6.tracker.network/profile/pc/TuxBird
2019-01-17 03:20:27|https://r6.tracker.network/profile/pc/TuxBird
2019-01-17 03:20:32|https://r6.tracker.network/profile/pc/Sminkid
2019-01-17 03:21:41|https://www.youtube.com/watch?v=dQw4w9WgXcQ
2019-01-17 03:21:44|https://www.youtube.com/
2019-01-17 03:27:10|https://www.google.com/search?q=how+to+change+a+background+that+rtransitions+colour+in+html&ie=utf-8&oe=utf-8&client=firefox-b-ab
2019-01-17 03:27:15|https://stackoverflow.com/questions/42146414/how-to-smoothly-transition-and-change-background-color-while-scrolling-using-css
2019-01-17 03:37:50|https://www.google.com/search?q=ip+stack&ie=utf-8&oe=utf-8&client=firefox-b-ab
2019-01-17 03:37:57|https://www.google.com/search?client=firefox-b-ab&ei=jvg_XMKqJcGw9QOGhZII&q=ip+stack+api&oq=ip+stack&gs_l=psy-ab.1.0.0i71l8.0.0..5530...0.0..0.0.0.......0......gws-wiz.Ut1_shIgojQ
2019-01-17 03:38:01|https://ipstack.com/
2019-01-17 03:52:08|https://www.google.com/search?q=ip+address&ie=utf-8&oe=utf-8&client=firefox-b-ab
2019-01-17 03:54:59|https://summer2019.compclub.com.au/day4
2019-01-17 04:27:51|http://deeeeep.io/
2019-01-17 04:27:58|http://deeeeep.io/?r=&gc=pid-bodis-gtest40%2Cpid-bodis-gcontrol104&query=Internet&afdToken=3B1g7ny0HNDIxG2swvTMQCy5noxX62kU6e0prX9sXT3Q-_jssrN5A6-ym8FsatwHY3LMtFjgXhbtp4Q30dkmrjuy_uAiJrD3L4hVQFOE
2019-01-17 04:28:09|https://www.google.com/search?q=deep.io&ie=utf-8&oe=utf-8&client=firefox-b
2019-01-17 04:28:12|http://deeeep.io/
2019-01-17 04:28:15|http://deeeep.io/new
2019-01-17 04:28:16|http://deeeep.io/new/
2019-01-17 04:28:26|https://adclick.g.doubleclick.net/aclk?sa=l&ai=Cg_7UZARAXMTKIpPCrQHOq7fICPj2tZVUm_KZjOcHm6HTyrAJEAEg7vi4J2Cl-JGAkAGgAdud8sADyAEJqAMByAPDBKoEkwFP0NdmJAFXCuD_GBd5Q8p0P8EYZ2ldl8WKwJKSKS-78FMOZwH4XRnWcKURlbZ3U9kSKhht_uHXQW6gFkAYUHhKX4wOgn-WLNwzgVSeKik5UrrBsslmrdbCT-CeglVB2e0Kou904zQUbzodKM4c659YGYS7ZkemTZmoDJrKWang0PTdcxbBTtT5oJ8ZeO9khc9_VuWgBi6AB43ijT-oB47OG6gH1ckbqAeoBqgH2csbqAfPzBuoB6a-G9gHANIIBwiAYRABGAKxCX7g7r4r6-QqgAoB2BML&ae=1&num=1&sig=AOD64_1VSEzfxsTSFP8mkN7alDrya-SkeQ&client=ca-pub-1450371010768745&nx=155&ny=55&mb=1&bg=!ODulOyNEtLuiRl-4Fu8CAAAAOFIAAAARmQF0YwWsLyieEqjF4trho-SdcUjBLkHHLdFOwv3TNyR7TGJD3V4oJMEAbFe10bEsMwUH40Ujb2vYq3POQc7F8MuiIwoE7nhcp4Xjh4zK1dTi-aivSo-QASBMAc4MC2v5bea5JhtPY7RDK5pqbUva9CT8EB2kFWlQL6GBuhk7hQ81jaaiRM-E-OuoZEmZEe2Q2Pa8y5_K1YgIhOkX9Suwmg4yMraWqvCJH5rg6aZPH65GTfvJP5NNihtfkLi-UquiBysiGx0CxbjahTHfXqfxekrELjD0Qjghp8Uul5GNM62YaGNmXq8GhVoEb59czSKN75a_966RMukXs_IQsj-4hPczwmK6XJXYr6CoP5YoK5R71w4ekFthPjeNERWhjzWy2U5Rh_0PH8Lrj8hDMq3fKQJNzvliWcswja_oB4RtpL7xQArif4tEpbIp-gCK0hchNaU9u_iNn_u6GrkQClGug00cesDQSQ82kDC9MKhFsDKzeBMiaW5E&nb=9&adurl=http://free.gamingwonderland.com/index.jhtml%3Fpartner%3DZ7xpv320%26gclid%3DEAIaIQobChMIxIyemP3z3wIVE2ErCh3O1Q2JEAEYASAAEgLthfD_BwE
2019-01-17 04:28:27|https://www.googleadservices.com/pagead/aclk?sa=L&ai=Cg_7UZARAXMTKIpPCrQHOq7fICPj2tZVUm_KZjOcHm6HTyrAJEAEg7vi4J2Cl-JGAkAGgAdud8sADyAEJqAMByAPDBKoEkwFP0NdmJAFXCuD_GBd5Q8p0P8EYZ2ldl8WKwJKSKS-78FMOZwH4XRnWcKURlbZ3U9kSKhht_uHXQW6gFkAYUHhKX4wOgn-WLNwzgVSeKik5UrrBsslmrdbCT-CeglVB2e0Kou904zQUbzodKM4c659YGYS7ZkemTZmoDJrKWang0PTdcxbBTtT5oJ8ZeO9khc9_VuWgBi6AB43ijT-oB47OG6gH1ckbqAeoBqgH2csbqAfPzBuoB6a-G9gHANIIBwiAYRABGAKxCX7g7r4r6-QqgAoB2BML&ae=1&num=1&client=ca-pub-1450371010768745&nx=155&ny=55&mb=1&bg=!ODulOyNEtLuiRl-4Fu8CAAAAOFIAAAARmQF0YwWsLyieEqjF4trho-SdcUjBLkHHLdFOwv3TNyR7TGJD3V4oJMEAbFe10bEsMwUH40Ujb2vYq3POQc7F8MuiIwoE7nhcp4Xjh4zK1dTi-aivSo-QASBMAc4MC2v5bea5JhtPY7RDK5pqbUva9CT8EB2kFWlQL6GBuhk7hQ81jaaiRM-E-OuoZEmZEe2Q2Pa8y5_K1YgIhOkX9Suwmg4yMraWqvCJH5rg6aZPH65GTfvJP5NNihtfkLi-UquiBysiGx0CxbjahTHfXqfxekrELjD0Qjghp8Uul5GNM62YaGNmXq8GhVoEb59czSKN75a_966RMukXs_IQsj-4hPczwmK6XJXYr6CoP5YoK5R71w4ekFthPjeNERWhjzWy2U5Rh_0PH8Lrj8hDMq3fKQJNzvliWcswja_oB4RtpL7xQArif4tEpbIp-gCK0hchNaU9u_iNn_u6GrkQClGug00cesDQSQ82kDC9MKhFsDKzeBMiaW5E&nb=9&dblrd=1&val=ChAyMjMzNmE4NzRmYjIwMDEwEOqIgOIFGgiuAmOpttXPUCABKAE&sig=AOD64_0DpE8MA8RiSvgaifxqmHKVBVJpAA&adurl=http://free.gamingwonderland.com/index.jhtml%3Fpartner%3DZ7xpv320%26gclid%3DEAIaIQobChMIxIyemP3z3wIVE2ErCh3O1Q2JEAEYASAAEgLthfD_BwE
2019-01-17 04:28:29|https://adclick.g.doubleclick.net/aclk?sa=l&ai=Cg_7UZARAXMTKIpPCrQHOq7fICPj2tZVUm_KZjOcHm6HTyrAJEAEg7vi4J2Cl-JGAkAGgAdud8sADyAEJqAMByAPDBKoEkwFP0NdmJAFXCuD_GBd5Q8p0P8EYZ2ldl8WKwJKSKS-78FMOZwH4XRnWcKURlbZ3U9kSKhht_uHXQW6gFkAYUHhKX4wOgn-WLNwzgVSeKik5UrrBsslmrdbCT-CeglVB2e0Kou904zQUbzodKM4c659YGYS7ZkemTZmoDJrKWang0PTdcxbBTtT5oJ8ZeO9khc9_VuWgBi6AB43ijT-oB47OG6gH1ckbqAeoBqgH2csbqAfPzBuoB6a-G9gHANIIBwiAYRABGAKxCX7g7r4r6-QqgAoB2BML&ae=1&num=1&sig=AOD64_1VSEzfxsTSFP8mkN7alDrya-SkeQ&client=ca-pub-1450371010768745&nb=9&nx=179&ny=68&mb=1&bg=!XV6lXkZEtLuiRl-4Fu8CAAAAOFIAAAAJmQF0YwWsLyieEqjF4trho-SdcUjBLkHHLdFOwv3TNyR7TGJD3V4oJMEAbFe10bEsMwUH40Ujb2vYq3POQc7F8MuiIwoE7nhcp4Xjh4zK1dTi-aivSo-QASBMAc4MC2v5bea5JhtPY7RDK5pqbUva9CT8EB2kFWlQL6GBuhk7hQ81jaaiRM-E-OuoZEmZEe2Q2Pa8y5_K1YgIhOkX9Suwmg4yMraWqvCJH5rg6aZPH65GTfvJP5NNihtfkLi-UquiBysiGx0CxbjahTHfXqfxekrELjD0Qjghp8Uul5GNM62YaGNmXq8GhVoEb59czSKN75a_966RMukXs_IQsj-4hfczwmK6XJUtlWkk7Li7fxDrKzMnCUBzDn7gwLCRQmT_cRpODqxgXIdHaCPtzis1z18wOycrcRA50cr7xdrm83ZQ1ldgFW2HyLtEQ4L2Vpf5LDMxsDoqjnwBYQmrz5Z2Ao-A3vSS5KWv0A09veO4o8pz-RlLDJEC&adurl=http://free.gamingwonderland.com/index.jhtml%3Fpartner%3DZ7xpv320%26gclid%3DEAIaIQobChMIxIyemP3z3wIVE2ErCh3O1Q2JEAEYASAAEgLthfD_BwE
2019-01-17 04:28:29|https://www.googleadservices.com/pagead/aclk?sa=L&ai=Cg_7UZARAXMTKIpPCrQHOq7fICPj2tZVUm_KZjOcHm6HTyrAJEAEg7vi4J2Cl-JGAkAGgAdud8sADyAEJqAMByAPDBKoEkwFP0NdmJAFXCuD_GBd5Q8p0P8EYZ2ldl8WKwJKSKS-78FMOZwH4XRnWcKURlbZ3U9kSKhht_uHXQW6gFkAYUHhKX4wOgn-WLNwzgVSeKik5UrrBsslmrdbCT-CeglVB2e0Kou904zQUbzodKM4c659YGYS7ZkemTZmoDJrKWang0PTdcxbBTtT5oJ8ZeO9khc9_VuWgBi6AB43ijT-oB47OG6gH1ckbqAeoBqgH2csbqAfPzBuoB6a-G9gHANIIBwiAYRABGAKxCX7g7r4r6-QqgAoB2BML&ae=1&num=1&client=ca-pub-1450371010768745&nb=9&nx=179&ny=68&mb=1&bg=!XV6lXkZEtLuiRl-4Fu8CAAAAOFIAAAAJmQF0YwWsLyieEqjF4trho-SdcUjBLkHHLdFOwv3TNyR7TGJD3V4oJMEAbFe10bEsMwUH40Ujb2vYq3POQc7F8MuiIwoE7nhcp4Xjh4zK1dTi-aivSo-QASBMAc4MC2v5bea5JhtPY7RDK5pqbUva9CT8EB2kFWlQL6GBuhk7hQ81jaaiRM-E-OuoZEmZEe2Q2Pa8y5_K1YgIhOkX9Suwmg4yMraWqvCJH5rg6aZPH65GTfvJP5NNihtfkLi-UquiBysiGx0CxbjahTHfXqfxekrELjD0Qjghp8Uul5GNM62YaGNmXq8GhVoEb59czSKN75a_966RMukXs_IQsj-4hfczwmK6XJUtlWkk7Li7fxDrKzMnCUBzDn7gwLCRQmT_cRpODqxgXIdHaCPtzis1z18wOycrcRA50cr7xdrm83ZQ1ldgFW2HyLtEQ4L2Vpf5LDMxsDoqjnwBYQmrz5Z2Ao-A3vSS5KWv0A09veO4o8pz-RlLDJEC&dblrd=1&val=ChAyMjMzNmE4NzRmYjIwMDEwEOqIgOIFGgiuAmOpttXPUCABKAE&sig=AOD64_0DpE8MA8RiSvgaifxqmHKVBVJpAA&adurl=http://free.gamingwonderland.com/index.jhtml%3Fpartner%3DZ7xpv320%26gclid%3DEAIaIQobChMIxIyemP3z3wIVE2ErCh3O1Q2JEAEYASAAEgLthfD_BwE
2019-01-17 04:28:30|http://free.gamingwonderland.com/index.jhtml?partner=Z7xpv320&gclid=EAIaIQobChMIxIyemP3z3wIVE2ErCh3O1Q2JEAEYASAAEgLthfD_BwE
2019-01-17 04:28:44|http://deeeep.io/?oldversion
2019-01-17 04:31:19|http://www.crazygames.com/game/deeeepio
2019-01-17 04:31:30|http://deeeep.io/
2019-01-17 04:31:31|http://deeeep.io/new
2019-01-17 04:31:31|http://deeeep.io/new/
2019-01-17 04:35:08|https://www.google.com/search?client=firefox-b-ab&ei=6Ps_XO2pI5qv9QP-yKnwCg&q=deep.io&oq=deep.io&gs_l=psy-ab.3..0i131i10j0j0i10l3j0j0i10l4.2576182.2578818..2579141...0.0..0.267.1464.0j5j2......0....1..gws-wiz.......0i71j0i67j0i131j0i10i67.koWylXBQaWY
2019-01-17 04:35:10|http://deeeep.io/
2019-01-17 04:35:11|http://deeeep.io/new
2019-01-17 04:35:12|http://deeeep.io/new/
2019-01-17 04:55:20|https://adclick.g.doubleclick.net/aclk?sa=l&ai=CUm41DgZAXJ_JOtHArQHygZcI-Pa1lVSb8pmM5webodPKsAkQASDu-LgnYKX4kYCQAaAB253ywAPIAQmoAwHIA8MEqgSTAU_Qvu17GDUj5znU2i67c69a0VnhaCGNqMMEyaDVyT3l-A8sxQ_F2qFFvgMG3RG3VcgAABeOO0FMIuFHH-GnxHf0Dau-EEiWiz-EQPaaeegCLcGk0Oh6qwL6sAedvg-fECquR_zinSan4W8l3ZtswSCYY8beN97IYa-XzrQVIxdH8eMr6LCC2EtjwtCHZG3trgS6vaAGLoAHjeKNP6gHjs4bqAfVyRuoB6gGqAfZyxuoB8_MG6gHpr4b2AcA0ggHCIBhEAEYArEJfuDuvivr5CqACgHYEws&ae=1&num=1&sig=AOD64_1Z7yCkIC36m185topU8qmQ9i8mBw&client=ca-pub-1450371010768745&nx=175&ny=93&mb=1&bg=!09Cl0MhEf1X0SjyBRsgCAAAAP1IAAAAPmQF0i76VMrMrCreysW9DAMeBQepdu9VlgZxhQxMIflVJoTGGM2iveGzNgrOu9k_TXfXf5Yd0nAqNQyVSD1apR9elS6THhd1xeiDVr6P_OCc7EV0viDFqK_js9bnnDaT378xnASh3gyyeKIPyXOVQ43-gBnOXqTCUcpsRLgoUGGxru1m0OZeqOW_sSmqYZ_vdS789nBpDbjnKiSP25L9aoDM6HzJiTlYAauUxXFQYBzt7IUlxwODXLsNG8pc6Wqikwd_bWfghtax_iXB1j-HxfDO5S6TXqh2PF9ExIYpRV3hPTdNrNzrXhtASYszHkImsQXKVxQCoBlkh353zic-Dab40ZZFDM7Aej-OOw7LnRhKlbmldO9TvLT0CH64kjwr50Pktcom7w4N6U1jE68L_VftkNTsKM76Ak4RcsNf5prwen0SahtLUhhx9Tp-3yts5vDN_pqZMb6NBBchIRNS2amrrcWh14n3jwO4E3u7NfyuDHcG29kSJ&nb=9&adurl=http://free.gamingwonderland.com/index.jhtml%3Fpartner%3DZ7xpv320%26gclid%3DEAIaIQobChMIn4jH4_7z3wIVUWArCh3ywAUBEAEYASAAEgL69_D_BwE
2019-01-17 04:55:20|https://www.googleadservices.com/pagead/aclk?sa=L&ai=CUm41DgZAXJ_JOtHArQHygZcI-Pa1lVSb8pmM5webodPKsAkQASDu-LgnYKX4kYCQAaAB253ywAPIAQmoAwHIA8MEqgSTAU_Qvu17GDUj5znU2i67c69a0VnhaCGNqMMEyaDVyT3l-A8sxQ_F2qFFvgMG3RG3VcgAABeOO0FMIuFHH-GnxHf0Dau-EEiWiz-EQPaaeegCLcGk0Oh6qwL6sAedvg-fECquR_zinSan4W8l3ZtswSCYY8beN97IYa-XzrQVIxdH8eMr6LCC2EtjwtCHZG3trgS6vaAGLoAHjeKNP6gHjs4bqAfVyRuoB6gGqAfZyxuoB8_MG6gHpr4b2AcA0ggHCIBhEAEYArEJfuDuvivr5CqACgHYEws&ae=1&num=1&client=ca-pub-1450371010768745&nx=175&ny=93&mb=1&bg=!09Cl0MhEf1X0SjyBRsgCAAAAP1IAAAAPmQF0i76VMrMrCreysW9DAMeBQepdu9VlgZxhQxMIflVJoTGGM2iveGzNgrOu9k_TXfXf5Yd0nAqNQyVSD1apR9elS6THhd1xeiDVr6P_OCc7EV0viDFqK_js9bnnDaT378xnASh3gyyeKIPyXOVQ43-gBnOXqTCUcpsRLgoUGGxru1m0OZeqOW_sSmqYZ_vdS789nBpDbjnKiSP25L9aoDM6HzJiTlYAauUxXFQYBzt7IUlxwODXLsNG8pc6Wqikwd_bWfghtax_iXB1j-HxfDO5S6TXqh2PF9ExIYpRV3hPTdNrNzrXhtASYszHkImsQXKVxQCoBlkh353zic-Dab40ZZFDM7Aej-OOw7LnRhKlbmldO9TvLT0CH64kjwr50Pktcom7w4N6U1jE68L_VftkNTsKM76Ak4RcsNf5prwen0SahtLUhhx9Tp-3yts5vDN_pqZMb6NBBchIRNS2amrrcWh14n3jwO4E3u7NfyuDHcG29kSJ&nb=9&dblrd=1&val=ChAyMjMzNmE4NzRmYjIwMDEwEOqIgOIFGgiuAmOpttXPUCABKAE&sig=AOD64_1x2fO_LMazV7D3EzFFZ5I8mS5fjw&adurl=http://free.gamingwonderland.com/index.jhtml%3Fpartner%3DZ7xpv320%26gclid%3DEAIaIQobChMIn4jH4_7z3wIVUWArCh3ywAUBEAEYASAAEgL69_D_BwE
2019-01-17 04:55:22|http://free.gamingwonderland.com/index.jhtml?partner=Z7xpv320&gclid=EAIaIQobChMIn4jH4_7z3wIVUWArCh3ywAUBEAEYASAAEgL69_D_BwE
2019-01-17 04:55:39|https://www.youtube.com/watch?v=dQw4w9WgXcQ
2019-01-17 04:55:44|https://www.youtube.com/
2019-01-17 04:55:59|https://www.youtube.com/results?search_query=tx+bird
2019-01-17 04:56:01|https://www.youtube.com/channel/UClgGZM5St6mNz0qsWlBEv6g
2019-01-17 04:56:05|https://www.youtube.com/watch?v=TBsD26yDj4c
2019-01-17 23:37:33|https://www.google.com/search?q=r6+tracker&ie=utf-8&oe=utf-8&client=firefox-b-ab
2019-01-17 23:37:52|http://summer2019.compclub.com.au/day%205
2019-01-17 23:37:52|https://summer2019.compclub.com.au/day%205
2019-01-17 23:38:04|https://summer2019.compclub.com.au/
2019-01-17 23:38:12|https://summer2019.compclub.com.au/day5
2019-01-17 23:38:44|https://docs.google.com/presentation/d/1ykIUm1xAKMforvTPeqvXMdC4DZlnWOg604ekaybhiOs
2019-01-17 23:38:44|https://docs.google.com/presentation/d/1ykIUm1xAKMforvTPeqvXMdC4DZlnWOg604ekaybhiOs/
2019-01-17 23:38:44|https://docs.google.com/presentation/d/1ykIUm1xAKMforvTPeqvXMdC4DZlnWOg604ekaybhiOs/edit
2019-01-17 23:38:47|https://docs.google.com/presentation/d/1ykIUm1xAKMforvTPeqvXMdC4DZlnWOg604ekaybhiOs/edit#slide=id.p3
2019-01-17 23:38:56|https://docs.google.com/presentation/d/1kyRsC1-PMJu4UndE6psUHJHuTHX7W6cuYRod1jq3QJY
2019-01-17 23:38:57|https://docs.google.com/presentation/d/1kyRsC1-PMJu4UndE6psUHJHuTHX7W6cuYRod1jq3QJY/
2019-01-17 23:38:58|https://docs.google.com/presentation/d/1kyRsC1-PMJu4UndE6psUHJHuTHX7W6cuYRod1jq3QJY/edit
2019-01-17 23:38:59|https://summer2019.compclub.com.au/day5/code
2019-01-17 23:39:00|https://repl.it/@featherbear/LesserSignifiedBeings
2019-01-17 23:39:00|https://docs.google.com/presentation/d/1kyRsC1-PMJu4UndE6psUHJHuTHX7W6cuYRod1jq3QJY/edit#slide=id.p1
2019-01-17 23:39:07|https://docs.google.com/presentation/d/1kyRsC1-PMJu4UndE6psUHJHuTHX7W6cuYRod1jq3QJY/edit#slide=id.g4891b805bc_0_5
2019-01-17 23:39:08|https://docs.google.com/presentation/d/1kyRsC1-PMJu4UndE6psUHJHuTHX7W6cuYRod1jq3QJY/edit#slide=id.g4be45cc0c3_1_44
2019-01-17 23:39:10|https://docs.google.com/presentation/d/1kyRsC1-PMJu4UndE6psUHJHuTHX7W6cuYRod1jq3QJY/edit#slide=id.g4be45cc0c3_0_1
2019-01-17 23:39:12|https://docs.google.com/presentation/d/1kyRsC1-PMJu4UndE6psUHJHuTHX7W6cuYRod1jq3QJY/edit#slide=id.g4be45cc0c3_1_35
2019-01-17 23:39:13|https://docs.google.com/presentation/d/1kyRsC1-PMJu4UndE6psUHJHuTHX7W6cuYRod1jq3QJY/edit#slide=id.g4c07aed684_0_7
2019-01-17 23:39:16|https://docs.google.com/presentation/d/1kyRsC1-PMJu4UndE6psUHJHuTHX7W6cuYRod1jq3QJY/edit#slide=id.g4be45cc0c3_1_52
2019-01-17 23:39:17|https://docs.google.com/presentation/d/1kyRsC1-PMJu4UndE6psUHJHuTHX7W6cuYRod1jq3QJY/edit#slide=id.g542d65370a8faa59_11
2019-01-17 23:39:19|https://docs.google.com/presentation/d/1kyRsC1-PMJu4UndE6psUHJHuTHX7W6cuYRod1jq3QJY/edit#slide=id.g4be45cc0c3_1_52
2019-01-17 23:39:20|https://docs.google.com/presentation/d/1kyRsC1-PMJu4UndE6psUHJHuTHX7W6cuYRod1jq3QJY/edit#slide=id.g542d65370a8faa59_11
2019-01-17 23:39:27|https://docs.google.com/presentation/d/1kyRsC1-PMJu4UndE6psUHJHuTHX7W6cuYRod1jq3QJY/edit#slide=id.g4be45cc0c3_1_59
2019-01-17 23:39:28|https://docs.google.com/presentation/d/1kyRsC1-PMJu4UndE6psUHJHuTHX7W6cuYRod1jq3QJY/edit#slide=id.g4be45cc0c3_1_68
2019-01-17 23:39:31|https://docs.google.com/presentation/d/1kyRsC1-PMJu4UndE6psUHJHuTHX7W6cuYRod1jq3QJY/edit#slide=id.g4c21576342_0_4
2019-01-17 23:39:31|https://docs.google.com/presentation/d/1kyRsC1-PMJu4UndE6psUHJHuTHX7W6cuYRod1jq3QJY/edit#slide=id.g4be45cc0c3_1_85
2019-01-17 23:39:33|https://docs.google.com/presentation/d/1kyRsC1-PMJu4UndE6psUHJHuTHX7W6cuYRod1jq3QJY/edit#slide=id.g4c0372a315_0_123
2019-01-17 23:39:34|https://docs.google.com/presentation/d/1kyRsC1-PMJu4UndE6psUHJHuTHX7W6cuYRod1jq3QJY/edit#slide=id.g542d65370a8faa59_3
2019-01-17 23:39:35|https://docs.google.com/presentation/d/1kyRsC1-PMJu4UndE6psUHJHuTHX7W6cuYRod1jq3QJY/edit#slide=id.g4c21576342_0_10
2019-01-17 23:39:37|https://docs.google.com/presentation/d/1kyRsC1-PMJu4UndE6psUHJHuTHX7W6cuYRod1jq3QJY/edit#slide=id.g4c0372a315_0_100
2019-01-17 23:39:40|https://docs.google.com/presentation/d/1kyRsC1-PMJu4UndE6psUHJHuTHX7W6cuYRod1jq3QJY/edit#slide=id.g4c0372a315_0_109
2019-01-17 23:39:42|https://docs.google.com/presentation/d/1kyRsC1-PMJu4UndE6psUHJHuTHX7W6cuYRod1jq3QJY/edit#slide=id.g4c0372a315_0_114
2019-01-17 23:45:11|https://docs.google.com/presentation/d/1ykIUm1xAKMforvTPeqvXMdC4DZlnWOg604ekaybhiOs/edit#slide=id.g487950190f_0_11
2019-01-17 23:50:26|https://docs.google.com/presentation/d/1ykIUm1xAKMforvTPeqvXMdC4DZlnWOg604ekaybhiOs/edit#slide=id.g4978d0c231_0_4
2019-01-17 23:50:27|https://docs.google.com/presentation/d/1ykIUm1xAKMforvTPeqvXMdC4DZlnWOg604ekaybhiOs/edit#slide=id.g487950190f_0_59
2019-01-17 23:50:28|https://docs.google.com/presentation/d/1ykIUm1xAKMforvTPeqvXMdC4DZlnWOg604ekaybhiOs/edit#slide=id.g487950190f_0_11
2019-01-17 23:50:28|https://docs.google.com/presentation/d/1ykIUm1xAKMforvTPeqvXMdC4DZlnWOg604ekaybhiOs/edit#slide=id.g487950190f_0_50
2019-01-17 23:50:30|https://docs.google.com/presentation/d/1ykIUm1xAKMforvTPeqvXMdC4DZlnWOg604ekaybhiOs/edit#slide=id.g487950190f_0_69
2019-01-17 23:50:31|https://docs.google.com/presentation/d/1ykIUm1xAKMforvTPeqvXMdC4DZlnWOg604ekaybhiOs/edit#slide=id.g4be45cc0c3_1_2
2019-01-17 23:50:32|https://docs.google.com/presentation/d/1ykIUm1xAKMforvTPeqvXMdC4DZlnWOg604ekaybhiOs/edit#slide=id.g4978d0c231_0_16
2019-01-17 23:50:35|https://docs.google.com/presentation/d/1ykIUm1xAKMforvTPeqvXMdC4DZlnWOg604ekaybhiOs/edit#slide=id.g497f722781_0_10
2019-01-17 23:50:35|https://docs.google.com/presentation/d/1ykIUm1xAKMforvTPeqvXMdC4DZlnWOg604ekaybhiOs/edit#slide=id.g497f722781_0_5
2019-01-17 23:50:35|https://docs.google.com/presentation/d/1ykIUm1xAKMforvTPeqvXMdC4DZlnWOg604ekaybhiOs/edit#slide=id.g4be45cc0c3_1_16
2019-01-17 23:50:36|https://docs.google.com/presentation/d/1ykIUm1xAKMforvTPeqvXMdC4DZlnWOg604ekaybhiOs/edit#slide=id.g497f722781_0_10
2019-01-17 23:51:02|https://docs.google.com/presentation/d/1ykIUm1xAKMforvTPeqvXMdC4DZlnWOg604ekaybhiOs/edit#slide=id.p3
2019-01-17 23:51:05|https://docs.google.com/presentation/d/1ykIUm1xAKMforvTPeqvXMdC4DZlnWOg604ekaybhiOs/edit#slide=id.g4978d0c231_0_4
2019-01-17 23:53:29|https://docs.google.com/presentation/d/1ykIUm1xAKMforvTPeqvXMdC4DZlnWOg604ekaybhiOs/edit#slide=id.g487950190f_0_59
2019-01-17 23:53:46|https://docs.google.com/presentation/d/1ykIUm1xAKMforvTPeqvXMdC4DZlnWOg604ekaybhiOs/edit#slide=id.g487950190f_0_11
2019-01-17 23:54:12|https://repl.it/repls/NeighboringEvenLevel
2019-01-17 23:58:59|https://docs.google.com/presentation/d/1ykIUm1xAKMforvTPeqvXMdC4DZlnWOg604ekaybhiOs/edit#slide=id.g487950190f_0_38
2019-01-17 23:59:09|https://docs.google.com/presentation/d/1ykIUm1xAKMforvTPeqvXMdC4DZlnWOg604ekaybhiOs/edit#slide=id.g487950190f_0_50
2019-01-17 23:59:17|https://docs.google.com/presentation/d/1ykIUm1xAKMforvTPeqvXMdC4DZlnWOg604ekaybhiOs/edit#slide=id.g487950190f_0_69
2019-01-17 23:59:21|https://docs.google.com/presentation/d/1ykIUm1xAKMforvTPeqvXMdC4DZlnWOg604ekaybhiOs/edit#slide=id.g4be45cc0c3_1_2
2019-01-17 23:59:22|https://docs.google.com/presentation/d/1ykIUm1xAKMforvTPeqvXMdC4DZlnWOg604ekaybhiOs/edit#slide=id.g487950190f_0_69
2019-01-17 23:59:29|https://docs.google.com/presentation/d/1ykIUm1xAKMforvTPeqvXMdC4DZlnWOg604ekaybhiOs/edit#slide=id.g4be45cc0c3_1_2
2019-01-17 23:59:50|https://docs.google.com/presentation/d/1ykIUm1xAKMforvTPeqvXMdC4DZlnWOg604ekaybhiOs/edit#slide=id.g4be45cc0c3_1_10
2019-01-17 23:59:51|https://docs.google.com/presentation/d/1ykIUm1xAKMforvTPeqvXMdC4DZlnWOg604ekaybhiOs/edit#slide=id.g4be45cc0c3_1_2
2019-01-17 23:59:59|https://docs.google.com/presentation/d/1ykIUm1xAKMforvTPeqvXMdC4DZlnWOg604ekaybhiOs/edit#slide=id.g4be45cc0c3_1_10
2019-01-18 00:00:17|https://docs.google.com/presentation/d/1ykIUm1xAKMforvTPeqvXMdC4DZlnWOg604ekaybhiOs/edit#slide=id.g4978d0c231_0_16
2019-01-18 00:00:37|https://docs.google.com/presentation/d/1ykIUm1xAKMforvTPeqvXMdC4DZlnWOg604ekaybhiOs/edit#slide=id.g4978d0c231_0_25
2019-01-18 00:09:08|https://docs.google.com/presentation/d/1ykIUm1xAKMforvTPeqvXMdC4DZlnWOg604ekaybhiOs
2019-01-18 00:09:09|https://docs.google.com/presentation/d/1ykIUm1xAKMforvTPeqvXMdC4DZlnWOg604ekaybhiOs/
2019-01-18 00:09:09|https://docs.google.com/presentation/d/1ykIUm1xAKMforvTPeqvXMdC4DZlnWOg604ekaybhiOs/edit
2019-01-18 00:09:11|https://docs.google.com/presentation/d/1ykIUm1xAKMforvTPeqvXMdC4DZlnWOg604ekaybhiOs/edit#slide=id.p3
2019-01-18 00:09:23|https://docs.google.com/presentation/d/1kyRsC1-PMJu4UndE6psUHJHuTHX7W6cuYRod1jq3QJY
2019-01-18 00:09:23|https://docs.google.com/presentation/d/1kyRsC1-PMJu4UndE6psUHJHuTHX7W6cuYRod1jq3QJY/
2019-01-18 00:09:24|https://docs.google.com/presentation/d/1kyRsC1-PMJu4UndE6psUHJHuTHX7W6cuYRod1jq3QJY/edit
2019-01-18 00:09:26|https://docs.google.com/presentation/d/1kyRsC1-PMJu4UndE6psUHJHuTHX7W6cuYRod1jq3QJY/edit#slide=id.p1
2019-01-18 00:09:29|https://docs.google.com/presentation/d/1kyRsC1-PMJu4UndE6psUHJHuTHX7W6cuYRod1jq3QJY/edit#slide=id.g3d022b32ae_0_0
2019-01-18 00:09:39|https://docs.google.com/presentation/d/1kyRsC1-PMJu4UndE6psUHJHuTHX7W6cuYRod1jq3QJY/edit#slide=id.g4c07aed684_0_2
2019-01-18 00:09:39|https://docs.google.com/presentation/d/1kyRsC1-PMJu4UndE6psUHJHuTHX7W6cuYRod1jq3QJY/edit#slide=id.g3d022b32ae_0_5
2019-01-18 00:09:40|https://docs.google.com/presentation/d/1kyRsC1-PMJu4UndE6psUHJHuTHX7W6cuYRod1jq3QJY/edit#slide=id.g4c07aed684_0_2
2019-01-18 00:09:42|https://docs.google.com/presentation/d/1kyRsC1-PMJu4UndE6psUHJHuTHX7W6cuYRod1jq3QJY/edit#slide=id.p3
2019-01-18 00:09:43|https://docs.google.com/presentation/d/1kyRsC1-PMJu4UndE6psUHJHuTHX7W6cuYRod1jq3QJY/edit#slide=id.g4891b805bc_0_5
2019-01-18 00:09:44|https://docs.google.com/presentation/d/1kyRsC1-PMJu4UndE6psUHJHuTHX7W6cuYRod1jq3QJY/edit#slide=id.g4be45cc0c3_1_44
2019-01-18 00:09:45|https://docs.google.com/presentation/d/1kyRsC1-PMJu4UndE6psUHJHuTHX7W6cuYRod1jq3QJY/edit#slide=id.g4be45cc0c3_0_1
2019-01-18 00:09:45|https://docs.google.com/presentation/d/1kyRsC1-PMJu4UndE6psUHJHuTHX7W6cuYRod1jq3QJY/edit#slide=id.g4c07aed684_0_7
2019-01-18 00:09:47|https://docs.google.com/presentation/d/1kyRsC1-PMJu4UndE6psUHJHuTHX7W6cuYRod1jq3QJY/edit#slide=id.g4be45cc0c3_1_52
2019-01-18 00:09:47|https://docs.google.com/presentation/d/1kyRsC1-PMJu4UndE6psUHJHuTHX7W6cuYRod1jq3QJY/edit#slide=id.g4be45cc0c3_1_59
2019-01-18 00:09:48|https://docs.google.com/presentation/d/1kyRsC1-PMJu4UndE6psUHJHuTHX7W6cuYRod1jq3QJY/edit#slide=id.g4be45cc0c3_1_68
2019-01-18 00:09:50|https://docs.google.com/presentation/d/1kyRsC1-PMJu4UndE6psUHJHuTHX7W6cuYRod1jq3QJY/edit#slide=id.g542d65370a8faa59_3
2019-01-18 00:10:00|https://docs.google.com/presentation/d/1kyRsC1-PMJu4UndE6psUHJHuTHX7W6cuYRod1jq3QJY/edit#slide=id.g4c21576342_0_61
2019-01-18 00:10:08|https://repl.it/@featherbear/LesserSignifiedDeities
2019-01-18 00:10:40|https://summer2019.compclub.com.au/day5/code
2019-01-18 00:10:41|https://repl.it/@featherbear/LesserSignifiedBeings
2019-01-18 00:10:59|https://docs.google.com/presentation/d/1kyRsC1-PMJu4UndE6psUHJHuTHX7W6cuYRod1jq3QJY/edit#slide=id.g445c8f4c5882998c_36
2019-01-18 00:11:11|https://docs.google.com/presentation/d/1kyRsC1-PMJu4UndE6psUHJHuTHX7W6cuYRod1jq3QJY/edit#slide=id.g558a456a7dbd0e14_3
2019-01-18 00:11:16|https://docs.google.com/presentation/d/1kyRsC1-PMJu4UndE6psUHJHuTHX7W6cuYRod1jq3QJY/edit#slide=id.g4d61f71165_0_116
2019-01-18 00:17:13|https://docs.google.com/presentation/d/1kyRsC1-PMJu4UndE6psUHJHuTHX7W6cuYRod1jq3QJY/edit#slide=id.g4d61f71165_0_125
2019-01-18 00:17:54|https://docs.google.com/presentation/d/1kyRsC1-PMJu4UndE6psUHJHuTHX7W6cuYRod1jq3QJY/edit#slide=id.g4d923ccbc0_0_23
2019-01-18 00:18:00|https://docs.google.com/presentation/d/1kyRsC1-PMJu4UndE6psUHJHuTHX7W6cuYRod1jq3QJY/edit#slide=id.g4d923ccbc0_0_39
2019-01-18 00:19:42|https://docs.google.com/presentation/d/1kyRsC1-PMJu4UndE6psUHJHuTHX7W6cuYRod1jq3QJY/edit#slide=id.g4d923ccbc0_0_66
2019-01-18 00:22:22|https://docs.google.com/presentation/d/1kyRsC1-PMJu4UndE6psUHJHuTHX7W6cuYRod1jq3QJY/edit#slide=id.g4d923ccbc0_0_55
2019-01-18 00:22:32|https://docs.google.com/presentation/d/1kyRsC1-PMJu4UndE6psUHJHuTHX7W6cuYRod1jq3QJY/edit#slide=id.g4d923ccbc0_0_123
2019-01-18 00:22:32|https://docs.google.com/presentation/d/1kyRsC1-PMJu4UndE6psUHJHuTHX7W6cuYRod1jq3QJY/edit#slide=id.g4d923ccbc0_0_131
2019-01-18 00:22:33|https://docs.google.com/presentation/d/1kyRsC1-PMJu4UndE6psUHJHuTHX7W6cuYRod1jq3QJY/edit#slide=id.g4d923ccbc0_0_55
2019-01-18 00:22:33|https://docs.google.com/presentation/d/1kyRsC1-PMJu4UndE6psUHJHuTHX7W6cuYRod1jq3QJY/edit#slide=id.g4d923ccbc0_0_123
2019-01-18 00:23:06|https://docs.google.com/presentation/d/1kyRsC1-PMJu4UndE6psUHJHuTHX7W6cuYRod1jq3QJY/edit#slide=id.g4d923ccbc0_0_131
2019-01-18 00:23:08|https://docs.google.com/presentation/d/1kyRsC1-PMJu4UndE6psUHJHuTHX7W6cuYRod1jq3QJY/edit#slide=id.g4c0372a315_0_60
2019-01-18 00:23:09|https://docs.google.com/presentation/d/1kyRsC1-PMJu4UndE6psUHJHuTHX7W6cuYRod1jq3QJY/edit#slide=id.g445c8f4c5882998c_15
2019-01-18 00:23:10|https://docs.google.com/presentation/d/1kyRsC1-PMJu4UndE6psUHJHuTHX7W6cuYRod1jq3QJY/edit#slide=id.g4c21576342_0_42
2019-01-18 00:23:11|https://docs.google.com/presentation/d/1kyRsC1-PMJu4UndE6psUHJHuTHX7W6cuYRod1jq3QJY/edit#slide=id.g4c21576342_0_68
2019-01-18 00:23:11|https://docs.google.com/presentation/d/1kyRsC1-PMJu4UndE6psUHJHuTHX7W6cuYRod1jq3QJY/edit#slide=id.g4d61f71165_0_100
2019-01-18 00:23:12|https://docs.google.com/presentation/d/1kyRsC1-PMJu4UndE6psUHJHuTHX7W6cuYRod1jq3QJY/edit#slide=id.g4c21576342_0_68
2019-01-18 00:23:12|https://docs.google.com/presentation/d/1kyRsC1-PMJu4UndE6psUHJHuTHX7W6cuYRod1jq3QJY/edit#slide=id.g4d61f71165_0_100
2019-01-18 00:27:15|https://docs.google.com/presentation/d/1ykIUm1xAKMforvTPeqvXMdC4DZlnWOg604ekaybhiOs/edit#slide=id.g4978d0c231_0_16
2019-01-18 00:27:25|https://docs.google.com/presentation/d/1kyRsC1-PMJu4UndE6psUHJHuTHX7W6cuYRod1jq3QJY/edit#slide=id.g4c21576342_0_68
2019-01-18 00:27:25|https://docs.google.com/presentation/d/1kyRsC1-PMJu4UndE6psUHJHuTHX7W6cuYRod1jq3QJY/edit#slide=id.g4c21576342_0_42
2019-01-18 00:27:26|https://docs.google.com/presentation/d/1kyRsC1-PMJu4UndE6psUHJHuTHX7W6cuYRod1jq3QJY/edit#slide=id.g445c8f4c5882998c_15
2019-01-18 00:27:26|https://docs.google.com/presentation/d/1kyRsC1-PMJu4UndE6psUHJHuTHX7W6cuYRod1jq3QJY/edit#slide=id.g4c0372a315_0_60
2019-01-18 00:27:28|https://docs.google.com/presentation/d/1kyRsC1-PMJu4UndE6psUHJHuTHX7W6cuYRod1jq3QJY/edit#slide=id.g4d923ccbc0_0_131
2019-01-18 00:27:32|https://docs.google.com/presentation/d/1kyRsC1-PMJu4UndE6psUHJHuTHX7W6cuYRod1jq3QJY/edit#slide=id.g4d923ccbc0_0_123
2019-01-18 00:27:32|https://docs.google.com/presentation/d/1kyRsC1-PMJu4UndE6psUHJHuTHX7W6cuYRod1jq3QJY/edit#slide=id.g4d923ccbc0_0_55
2019-01-18 00:27:34|https://docs.google.com/presentation/d/1kyRsC1-PMJu4UndE6psUHJHuTHX7W6cuYRod1jq3QJY/edit#slide=id.g4d923ccbc0_0_66
2019-01-18 00:27:36|https://docs.google.com/presentation/d/1kyRsC1-PMJu4UndE6psUHJHuTHX7W6cuYRod1jq3QJY/edit#slide=id.g4d923ccbc0_0_55
2019-01-18 00:43:16|http://slither.io/
2019-01-18 00:58:01|http://ctf.compclub.com.au/
2019-01-18 00:58:01|https://ctf.compclub.com.au/
2019-01-18 00:58:01|https://ctf.compclub.com.au/invite?next=%2F
2019-01-18 00:58:01|https://ctf.compclub.com.au/invite/
2019-01-18 01:14:14|https://ctf.compclub.com.au/
2019-01-18 01:15:52|https://summer2019.compclub.com.au/
2019-01-18 01:15:55|https://summer2019.compclub.com.au/day5
2019-01-18 01:15:57|https://docs.google.com/presentation/d/1ykIUm1xAKMforvTPeqvXMdC4DZlnWOg604ekaybhiOs
2019-01-18 01:15:57|https://docs.google.com/presentation/d/1ykIUm1xAKMforvTPeqvXMdC4DZlnWOg604ekaybhiOs/
2019-01-18 01:15:58|https://docs.google.com/presentation/d/1ykIUm1xAKMforvTPeqvXMdC4DZlnWOg604ekaybhiOs/edit
2019-01-18 01:16:00|https://docs.google.com/presentation/d/1ykIUm1xAKMforvTPeqvXMdC4DZlnWOg604ekaybhiOs/edit#slide=id.p3
2019-01-18 01:16:02|https://docs.google.com/presentation/d/1ykIUm1xAKMforvTPeqvXMdC4DZlnWOg604ekaybhiOs/edit#slide=id.g4978d0c231_0_4
2019-01-18 01:25:26|https://www.google.com/search?q=what+does+harry+say+to+the+snake+dueling+scene+chamber+of+secrets&ie=utf-8&oe=utf-8&client=firefox-b-ab
2019-01-18 01:25:33|https://scifi.stackexchange.com/questions/151375/what-did-harry-tell-the-snake-at-the-duelling-club-in-the-movie
2019-01-18 01:40:45|https://summer2019.compclub.com.au/
2019-01-18 01:40:50|https://summer2019.compclub.com.au/day2
2019-01-18 01:43:59|https://summer2019.compclub.com.au/day2_solutions/food
2019-01-18 01:45:12|https://summer2019.compclub.com.au/day2_solutions/rainbow
2019-01-18 01:45:17|https://summer2019.compclub.com.au/day2_solutions/food
2019-01-18 01:48:52|https://lh3.googleusercontent.com/swou8r_aaveXY-QRJexe7FLAIQ8WAgfAxjV33dRjs5gF3VqjC0h888QfY6lTD1-chfRG9CCR7VXXI-wUC8rn4wKSOMFyw2Pgm70ReLMMXjwp7uSUqRxUeI0SD6gX-AhCCdAiT_0k=s200-p-k
2019-01-18 01:52:16|https://summer2019.compclub.com.au/
2019-01-18 01:52:18|https://summer2019.compclub.com.au/day4
2019-01-18 01:52:25|https://summer2019.compclub.com.au/day4_solutions.html
2019-01-18 01:52:30|https://summer2019.compclub.com.au/
2019-01-18 01:52:32|https://summer2019.compclub.com.au/day4
2019-01-18 01:52:36|https://summer2019.compclub.com.au/day4_solutions.html
2019-01-18 01:58:57|https://maps.googleapis.com/maps/api/staticmap?center=
2019-01-18 01:59:09|https://www.google.com/search?q=google+maps&ie=utf-8&oe=utf-8&client=firefox-b-ab
2019-01-18 01:59:13|https://maps.google.com/
2019-01-18 01:59:13|https://maps.google.com/maps
2019-01-18 01:59:14|https://www.google.com/maps
2019-01-18 01:59:18|https://www.google.com/maps/@-33.918976,151.2308736,13z
2019-01-18 01:59:21|https://www.google.com/maps/search/https:%2F%2Fmaps.googleapis.com%2Fmaps%2Fapi%2Fstaticmap%3Fcenter%3D/@-33.918976,151.2308736,13z
2019-01-18 01:59:27|https://www.google.com/search?q=https%3A%2F%2Fmaps.googleapis.com%2Fmaps%2Fapi%2Fstaticmap%3Fcenter%3D&hl=en&authuser=0&ei=-TJBXP2wKJekyAO-rYuADQ&ved=1t%3A40399
2019-01-18 01:59:28|https://www.google.com/maps/search/https:%2F%2Fmaps.googleapis.com%2Fmaps%2Fapi%2Fstaticmap%3Fcenter%3D/@-33.918976,151.2308736,13z/data=!3m1!4b1
2019-01-18 01:59:33|https://developers.google.com/maps/documentation/maps-static/intro
2019-01-18 01:59:40|https://www.google.com/maps/search/https:%2F%2Fmaps.googleapis.com%2Fmaps%2Fapi%2Fstaticmap%3Fcenter%3D/@-33.918976,151.2308736,13z
2019-01-18 02:00:24|https://maps.googleapis.com/maps/api/staticmap?center=&size=464x250&zoom=9&scale=1&key=
2019-01-18 02:06:24|https://www.google.com/search?q=e2_e4-e7_e5-f1_c4-b8_c6-d1_h5-g8_f6&ie=utf-8&oe=utf-8&client=firefox-b-ab
2019-01-18 02:06:30|https://opensource.apple.com/source/Chess/Chess-48/gnuchess.subproj/gnuchess.book
2019-01-18 02:07:08|https://www.google.com/search?client=firefox-b-ab&ei=oDRBXLLII8vf9QPvvbjgAg&q=chess+board+with+coordinates&oq=chess+board+with+coordi&gs_l=psy-ab.3.0.0j0i22i30l2.18796.28188..29560...0.0..0.301.4852.0j12j10j1......0....1..gws-wiz.....0..0i71j0i131.fegq2Dhn5s8
2019-01-18 02:07:12|https://www.google.com/search?q=chess+board+with+coordinates&client=firefox-b-ab&tbm=isch&source=iu&ictx=1&fir=XZpoBc5vzJc2ZM%253A%252CtaBKCrCHHT1TEM%252C_&usg=AI4_-kQ_pgu-gpjMX3prIYsqXB5wvfmz1Q&sa=X&ved=2ahUKEwi47Jy_n_bfAhWHA3IKHRTnDlgQ9QEwAXoECAQQBg#imgrc=XZpoBc5vzJc2ZM:
2019-01-18 02:07:14|https://www.google.com/search?q=chess+board+with+coordinates&client=firefox-b-ab&tbm=isch&source=iu&ictx=1&fir=XZpoBc5vzJc2ZM%253A%252CtaBKCrCHHT1TEM%252C_&usg=AI4_-kQ_pgu-gpjMX3prIYsqXB5wvfmz1Q&sa=X&ved=2ahUKEwi47Jy_n_bfAhWHA3IKHRTnDlgQ9QEwAXoECAQQBg#imgrc=1WOTvJznZxq8IM:
2019-01-18 02:11:28|https://ctf.compclub.com.au/
2019-01-18 02:11:58|https://featherbear.github.io/UNSW-CompClub2019Summer-SecurityWorkshop/ctf_files/compclub_log.pcap
2019-01-18 02:12:13|https://featherbear.github.io/UNSW-CompClub2019Summer-SecurityWorkshop/ctf_files/compclub_log.pcap
2019-01-18 02:13:20|https://featherbear.github.io/UNSW-CompClub2019Summer-SecurityWorkshop/ctf_files/compclub_log.pcap
2019-01-18 02:13:22|https://featherbear.github.io/UNSW-CompClub2019Summer-SecurityWorkshop/ctf_files/compclub_log.pcap
2019-01-18 02:14:20|https://featherbear.github.io/UNSW-CompClub2019Summer-SecurityWorkshop/ctf_files/compclub_log.pcap
2019-01-18 02:14:22|https://featherbear.github.io/UNSW-CompClub2019Summer-SecurityWorkshop/ctf_files/compclub_log.pcap
2019-01-18 02:16:48|https://featherbear.github.io/UNSW-CompClub2019Summer-SecurityWorkshop/ctf_files/compclub_log.pcap
2019-01-18 02:16:49|https://featherbear.github.io/UNSW-CompClub2019Summer-SecurityWorkshop/ctf_files/compclub_log.pcap
2019-01-18 02:20:40|https://ctf.compclub.com.au/
2019-01-18 02:28:07|https://www.google.com/search?q=online+substitution+soler&ie=utf-8&oe=utf-8&client=firefox-b-ab
2019-01-18 02:28:09|https://www.google.com/url?sa=t&rct=j&q=&esrc=s&source=web&cd=1&ved=2ahUKEwjVtdOXpPbfAhXEUn0KHTNDBHIQFjAAegQICRAB&url=https%3A%2F%2Fwww.guballa.de%2Fsubstitution-solver&usg=AOvVaw0nCL9ek66UjRR4YITnBvZS
2019-01-18 02:28:10|https://www.google.com/url?sa=t&rct=j&q=&esrc=s&source=web&cd=2&ved=2ahUKEwjVtdOXpPbfAhXEUn0KHTNDBHIQFjABegQIARAB&url=https%3A%2F%2Fquipqiup.com%2F&usg=AOvVaw0PIS55ASI5ukC_x348Q4XH
2019-01-18 02:28:11|https://www.guballa.de/substitution-solver
2019-01-18 02:28:11|https://quipqiup.com/
2019-01-18 02:28:11|https://www.google.com/url?sa=t&rct=j&q=&esrc=s&source=web&cd=3&ved=2ahUKEwjVtdOXpPbfAhXEUn0KHTNDBHIQFjACegQICBAB&url=https%3A%2F%2Fwww.dcode.fr%2Fmonoalphabetic-substitution&usg=AOvVaw0Qvfjy4pDpzf_7nJXFgI_o
2019-01-18 02:28:13|https://www.dcode.fr/monoalphabetic-substitution
2019-01-18 02:28:19|https://www.google.com/search?client=firefox-b-ab&ei=tzlBXJX-MMSl9QOzhpGQBw&q=online+substitution+cipher+tool&oq=online+substitution+cipher+tool&gs_l=psy-ab.3..0i22i30.9493.10484..10541...0.0..0.306.1872.0j6j2j1......0....1..gws-wiz.......0i71j0.EffXgBjGdWQ
2019-01-18 02:28:21|https://www.google.com/url?sa=t&rct=j&q=&esrc=s&source=web&cd=2&ved=2ahUKEwj-gYSdpPbfAhWIfn0KHdwkCbUQFjABegQIBhAB&url=http%3A%2F%2Frumkin.com%2Ftools%2Fcipher%2F&usg=AOvVaw1HgSHiWuiluDpMWJLUwlvF
2019-01-18 02:28:22|http://rumkin.com/tools/cipher/
2019-01-18 02:28:28|https://www.google.com/url?sa=t&rct=j&q=&esrc=s&source=web&cd=7&ved=2ahUKEwj-gYSdpPbfAhWIfn0KHdwkCbUQFjAGegQIBRAB&url=http%3A%2F%2Fsubstitution.webmasters.sk%2Fsimple-substitution-cipher.php&usg=AOvVaw0Z307vbrzRpcVndn3v1On4
2019-01-18 02:28:29|http://substitution.webmasters.sk/simple-substitution-cipher.php
2019-01-18 02:33:00|https://ctf.compclub.com.au/
2019-01-18 03:25:58|http://slither.io/
2019-01-18 04:03:48|https://tinyurl.com/CompclubSSS
2019-01-18 04:03:50|https://goo.gl/forms/botU4y0EHarywQeB3
2019-01-18 04:03:50|https://docs.google.com/forms/d/e/1FAIpQLSeTbnbww0Wz7bkuKacSlAFMckT5D3S74bvcZOOiqB7uI7TgZg/viewform?usp=send_form
2019-01-18 04:03:50|https://docs.google.com/forms/d/e/1FAIpQLSeTbnbww0Wz7bkuKacSlAFMckT5D3S74bvcZOOiqB7uI7TgZg/viewform
2019-01-18 04:05:38|https://docs.google.com/forms/d/e/1FAIpQLSeTbnbww0Wz7bkuKacSlAFMckT5D3S74bvcZOOiqB7uI7TgZg/viewform?fbzx=5266464270163648532
2019-01-18 04:09:17|http://agar.io/
2019-01-18 04:09:17|https://agar.io/
2019-01-18 04:09:21|https://agar.io/#ffa
1|https://www.mozilla.org/privacy/firefox/||1|0|13192067318000000|1|0
2|https://www.google.com/search?q=google+chrome&ie=utf-8&oe=utf-8&client=firefox-b|google chrome - Google Search|1|0|13192067359000000|0|0
3|https://support.google.com/chrome/answer/95346?co=GENIE.Platform%3DAndroid&hl=en|Download & install Google Chrome - Android - Google Chrome Help|1|0|13192067370000000|0|0
4|http://summer2019.compclub.com/day%202||4|0|13192067426000000|0|0
5|http://summer2019.compclub.com/?f||4|1|13192067451000000|1|0
6|http://summer2019.compclub.com/||1|1|13192067460000000|1|0
7|http://summer2019.compclub.com.au/||1|1|13192067495000000|1|0
8|https://summer2019.compclub.com.au/day2|Welcome to Day 2 of the 2019 Comp Club Summer School | CompClub 2019 Summer Workshops|1|0|13192067504000000|0|0
9|https://summer2019.compclub.com.au/day3|Day 3: Microbits! | CompClub 2019 Summer Workshops|1|0|13192067506000000|0|0
10|https://trinket.io/features/pygame|The New Pygame Trinket|1|0|13192067515000000|0|0
11|https://www.google.com/search?q=office+365&ie=utf-8&oe=utf-8&client=firefox-b-ab|office 365 - Google Search|1|1|13192067540000000|0|0
12|https://www.office.com/|Office 365 Login | Microsoft Office|1|0|13192067545000000|0|0
13|https://docs.google.com/presentation/d/14BvJKEm9pyPOfLtZMkCAMwwwF6nVjmo8G5C3P7PULuw/edit#slide=id.g337fd436a2_1_5|Microbits Workshop - Google Slides|2|0|13192067551000000|0|0
14|https://www.office.com/login?es=Click&ru=%2F||1|0|13192067555000000|1|0
15|https://python.microbit.org/v/1|Micro:bit - Python editor|1|0|13192067587000000|0|0
16|https://www.office.com/?auth=2|Microsoft Office Home|1|0|13192067630000000|0|0
17|https://outlook.office365.com/owa/?realm=emanuelschool.nsw.edu.au&exsvurl=1&ll-cc=1033&modurl=0|Mail - sheps.aidan@emanuelschool.nsw.edu.au|3|0|13192067631000000|0|0
18|https://docs.google.com/presentation/d/14BvJKEm9pyPOfLtZMkCAMwwwF6nVjmo8G5C3P7PULuw/edit#slide=id.p|Microbits Workshop - Google Slides|2|0|13192067700000000|0|0
19|https://docs.google.com/presentation/d/14BvJKEm9pyPOfLtZMkCAMwwwF6nVjmo8G5C3P7PULuw/edit#slide=id.g4c0710682e_0_15|Microbits Workshop - Google Slides|1|0|13192067703000000|0|0
20|https://docs.google.com/presentation/d/14BvJKEm9pyPOfLtZMkCAMwwwF6nVjmo8G5C3P7PULuw/edit#slide=id.g4c0710682e_0_22|Microbits Workshop - Google Slides|1|0|13192067714000000|0|0
21|https://docs.google.com/presentation/d/14BvJKEm9pyPOfLtZMkCAMwwwF6nVjmo8G5C3P7PULuw/edit#slide=id.g4c0710682e_0_29|Microbits Workshop - Google Slides|1|0|13192067774000000|0|0
22|https://docs.google.com/presentation/d/14BvJKEm9pyPOfLtZMkCAMwwwF6nVjmo8G5C3P7PULuw/edit#slide=id.g4c0710682e_0_36|Microbits Workshop - Google Slides|1|0|13192067781000000|0|0
23|https://docs.google.com/presentation/d/14BvJKEm9pyPOfLtZMkCAMwwwF6nVjmo8G5C3P7PULuw/edit#slide=id.g4c0710682e_0_43|Microbits Workshop - Google Slides|1|0|13192067811000000|0|0
24|https://docs.google.com/presentation/d/14BvJKEm9pyPOfLtZMkCAMwwwF6nVjmo8G5C3P7PULuw/edit#slide=id.g4c0710682e_0_58|Microbits Workshop - Google Slides|1|0|13192067818000000|0|0
25|https://docs.google.com/presentation/d/14BvJKEm9pyPOfLtZMkCAMwwwF6nVjmo8G5C3P7PULuw/edit#slide=id.g4c0710682e_0_83|Microbits Workshop - Google Slides|1|0|13192067903000000|0|0
26|https://docs.google.com/presentation/d/14BvJKEm9pyPOfLtZMkCAMwwwF6nVjmo8G5C3P7PULuw/edit#slide=id.g4c0710682e_0_92|Microbits Workshop - Google Slides|3|0|13192067919000000|0|0
27|https://docs.google.com/presentation/d/14BvJKEm9pyPOfLtZMkCAMwwwF6nVjmo8G5C3P7PULuw/edit#slide=id.g4c0710682e_0_102|Microbits Workshop - Google Slides|3|0|13192067932000000|0|0
28|https://microbit.org/guide/python/|MicroPython | micro:bit|3|0|13192068529000000|0|0
29|https://docs.google.com/presentation/d/14BvJKEm9pyPOfLtZMkCAMwwwF6nVjmo8G5C3P7PULuw/edit#slide=id.g4d695ae937_0_0|Microbits Workshop - Google Slides|1|0|13192068544000000|0|0
30|https://docs.google.com/presentation/d/14BvJKEm9pyPOfLtZMkCAMwwwF6nVjmo8G5C3P7PULuw/edit#slide=id.g4d695ae937_0_8|Microbits Workshop - Google Slides|2|0|13192068553000000|0|0
31|https://docs.google.com/presentation/d/14BvJKEm9pyPOfLtZMkCAMwwwF6nVjmo8G5C3P7PULuw/edit#slide=id.g4d695ae937_0_16|Microbits Workshop - Google Slides|5|0|13192068555000000|0|0
32|https://docs.google.com/presentation/d/14BvJKEm9pyPOfLtZMkCAMwwwF6nVjmo8G5C3P7PULuw/edit#slide=id.g4d695ae937_0_23|Microbits Workshop - Google Slides|5|0|13192068613000000|0|0
33|https://docs.google.com/presentation/d/14BvJKEm9pyPOfLtZMkCAMwwwF6nVjmo8G5C3P7PULuw/edit#slide=id.g4d695ae937_0_29|Microbits Workshop - Google Slides|5|0|13192068647000000|0|0
34|https://docs.google.com/presentation/d/14BvJKEm9pyPOfLtZMkCAMwwwF6nVjmo8G5C3P7PULuw/edit#slide=id.g4c0710682e_0_119|Microbits Workshop - Google Slides|7|0|13192068684000000|0|0
35|https://docs.google.com/presentation/d/14BvJKEm9pyPOfLtZMkCAMwwwF6nVjmo8G5C3P7PULuw/edit#slide=id.g4c0710682e_0_128|Microbits Workshop - Google Slides|5|0|13192068691000000|0|0
36|https://docs.google.com/presentation/d/14BvJKEm9pyPOfLtZMkCAMwwwF6nVjmo8G5C3P7PULuw/edit#slide=id.g4c0710682e_0_135|Microbits Workshop - Google Slides|1|0|13192068716000000|0|0
37|https://www.youtube.com/watch?v=dQw4w9WgXcQ|Rick Astley - Never Gonna Give You Up (Video) - YouTube|6|1|13192068734000000|0|0
38|https://summer2019.compclub.com.au/day3_templates/morse_code_template.html|Morse Code Template | CompClub 2019 Summer Workshops|1|0|13192068801000000|0|0
39|https://docs.google.com/presentation/d/14BvJKEm9pyPOfLtZMkCAMwwwF6nVjmo8G5C3P7PULuw/edit#slide=id.g4c0710682e_0_143|Microbits Workshop - Google Slides|7|0|13192069613000000|0|0
40|https://docs.google.com/presentation/d/14BvJKEm9pyPOfLtZMkCAMwwwF6nVjmo8G5C3P7PULuw/edit#slide=id.g4c0710682e_0_124|Microbits Workshop - Google Slides|6|0|13192071407000000|0|0
41|https://docs.google.com/presentation/d/14BvJKEm9pyPOfLtZMkCAMwwwF6nVjmo8G5C3P7PULuw/edit#slide=id.g4c0710682e_0_150|Microbits Workshop - Google Slides|6|0|13192071408000000|0|0
42|https://docs.google.com/presentation/d/14BvJKEm9pyPOfLtZMkCAMwwwF6nVjmo8G5C3P7PULuw/edit#slide=id.g4c0710682e_0_161|Microbits Workshop - Google Slides|5|0|13192073731000000|0|0
43|https://docs.google.com/presentation/d/14BvJKEm9pyPOfLtZMkCAMwwwF6nVjmo8G5C3P7PULuw/edit#slide=id.g4c0710682e_0_168|Microbits Workshop - Google Slides|5|0|13192073756000000|0|0
44|https://docs.google.com/presentation/d/14BvJKEm9pyPOfLtZMkCAMwwwF6nVjmo8G5C3P7PULuw/edit#slide=id.g4c0710682e_0_175|Microbits Workshop - Google Slides|8|0|13192073779000000|0|0
45|https://docs.google.com/presentation/d/14BvJKEm9pyPOfLtZMkCAMwwwF6nVjmo8G5C3P7PULuw/edit#slide=id.g4c0710682e_0_181|Microbits Workshop - Google Slides|3|0|13192073780000000|0|0
46|https://summer2019.compclub.com.au/day3_templates/reaction_timer_template.html|Reaction Time Template | CompClub 2019 Summer Workshops|1|0|13192074435000000|0|0
47|http://microbit-micropython.readthedocs.org/en/latest/tutorials/images.html||2|0|13192074905000000|1|0
48|https://docs.google.com/presentation/d/14BvJKEm9pyPOfLtZMkCAMwwwF6nVjmo8G5C3P7PULuw/edit#slide=id.g4c0710682e_0_189|Microbits Workshop - Google Slides|2|0|13192076508000000|0|0
49|https://docs.google.com/presentation/d/14BvJKEm9pyPOfLtZMkCAMwwwF6nVjmo8G5C3P7PULuw/edit#slide=id.g4c0710682e_0_195|Microbits Workshop - Google Slides|3|0|13192076514000000|0|0
50|https://docs.google.com/presentation/d/14BvJKEm9pyPOfLtZMkCAMwwwF6nVjmo8G5C3P7PULuw/edit#slide=id.g337fd436a2_1_0|Microbits Workshop - Google Slides|2|0|13192076515000000|0|0
51|https://www.google.com/search?q=python+randint+examples&ie=utf-8&oe=utf-8&client=firefox-b-ab|python randint examples - Google Search|1|1|13192078212000000|0|0
52|https://summer2019.compclub.com.au/day3_templates/hot_or_cold_template.html|Hot or Cold Template | CompClub 2019 Summer Workshops|1|0|13192082140000000|0|0
53|https://python.microbit.org/v/1.1|Micro:bit - Python editor|2|1|13192085447000000|0|0
54|https://docs.google.com/presentation/d/14BvJKEm9pyPOfLtZMkCAMwwwF6nVjmo8G5C3P7PULuw/edit#slide=id.g4c0710682e_0_210|Microbits Workshop - Google Slides|1|0|13192087820000000|0|0
55|https://docs.google.com/presentation/d/14BvJKEm9pyPOfLtZMkCAMwwwF6nVjmo8G5C3P7PULuw/edit#slide=id.g4d6b884a15_2_1|Microbits Workshop - Google Slides|1|0|13192087825000000|0|0
56|https://docs.google.com/presentation/d/14BvJKEm9pyPOfLtZMkCAMwwwF6nVjmo8G5C3P7PULuw/edit#slide=id.g4c0710682e_0_217|Microbits Workshop - Google Slides|1|0|13192087832000000|0|0
57|http://slither.io/|slither.io|3|1|13192088004000000|0|0
58|https://summer2019.compclub.com.au/|Welcome to the CompClub Summer Spy School | CompClub 2019 Summer Workshops|5|0|13192153701000000|0|0
59|https://summer2019.compclub.com.au/day4|Some useful links: | CompClub 2019 Summer Workshops|4|0|13192153703000000|0|0
60|https://repl.it/languages/python3||2|0|13192153765000000|1|0
61|http://summer2019.compclub.com.au/day4_files/index_html||3|0|13192154734000000|1|0
62|http://summer2019.compclub.com.au/day4_files/results_html||4|0|13192154924000000|1|0
63|https://www.google.com/search?q=r6+tracker&ie=utf-8&oe=utf-8&client=firefox-b-ab|r6 tracker - Google Search|3|1|13192158571000000|0|0
64|https://www.google.com/search?client=firefox-b-ab&q=r6tracker&spell=1&sa=X&ved=0ahUKEwjwwrLnx_PfAhWDbysKHXaGC04QBQgpKAA&biw=1920&bih=912|r6tracker - Google Search|1|0|13192158572000000|0|0
65|https://r6.tracker.network/|R6Tracker - Rainbow Six Siege Stats, Leaderboards, & More!|3|0|13192158574000000|0|0
66|https://r6.tracker.network/r6/search?name=sminkid&platform=4||2|0|13192158581000000|1|0
67|https://r6.tracker.network/r6/search?name=Sirraptor03&platform=4||1|0|13192158709000000|1|0
68|https://r6.tracker.network/profile/pc/Sminkid|R6Tracker - Sminkid - Rainbow Six Siege Player Stats|5|0|13192158736000000|0|0
69|https://www.youtube.com/|YouTube|4|0|13192160392000000|0|0
70|https://www.youtube.com/results?search_query=spiderman+into+the+spider+verse+trailer|spiderman into the spider verse trailer - YouTube|1|0|13192160776000000|0|0
71|https://www.youtube.com/results?search_query=sans+boss+battle|sans boss battle - YouTube|1|0|13192161354000000|0|0
72|https://www.youtube.com/watch?v=Vr4IYjeplJA|[Undertale] Sans' boss fight - Genocide Run - YouTube|1|0|13192161356000000|0|0
73|https://www.google.com/search?q=BTD&ie=utf-8&oe=utf-8&client=firefox-b-ab|BTD - Google Search|1|1|13192163363000000|0|0
74|https://www.google.com/search?client=firefox-b-ab&ei=I98_XIS1F8XdrQGE3JqgAg&q=BTD5&oq=BTD5&gs_l=psy-ab.3..0i67l6j0l4.2294.2294..2533...0.0..0.129.129.0j1......0....1..gws-wiz.......0i71.hJQPByF0M1g|BTD5 - Google Search|1|0|13192163367000000|0|0
75|https://ninjakiwi.com/Games/Tower-Defense/Play/Bloons-Tower-Defense-5.html|Play Bloons Tower Defense 5 - BTD 5 - Ninja Kiwi, Creators of the best free online TD games on the web - Ninja Kiwi|1|0|13192163369000000|0|0
76|https://ninjakiwi.com/Games/Tower-Defense/Play/Bloons-Tower-Defense-5.html#.XD_fKhxs3ok|Play Bloons Tower Defense 5 - BTD 5 - Ninja Kiwi, Creators of the best free online TD games on the web - Ninja Kiwi|1|0|13192163370000000|0|0
77|https://ninjakiwi.com/Games/Tower-Defense/Play/Bloons-Tower-Defense-5.html#.XD_fahxs3ol|Play Bloons Tower Defense 5 - BTD 5 - Ninja Kiwi, Creators of the best free online TD games on the web - Ninja Kiwi|1|0|13192163435000000|0|0
78|https://www.google.com/search?q=ip+address&ie=utf-8&oe=utf-8&client=firefox-b-ab|ip address - Google Search|2|1|13192164733000000|0|0
79|https://r6.tracker.network/profile/pc/Sminkid/matches|Sminkid - Rainbow Six Siege Match History - Rainbow Six Siege Tracker|1|0|13192168431000000|0|0
80|https://r6.tracker.network/profile/pc/Sminkid/seasons|R6Tracker - Sminkid - Rainbow Six Siege Season Stats|1|0|13192168442000000|0|0
81|https://r6.tracker.network/profile/pc/Sminkid/mmr-history|R6Tracker - Sminkid - Rainbow Six Siege Match History|1|0|13192168450000000|0|0
82|https://r6.tracker.network/profile/pc/Sminkid/operators|R6Tracker - Sminkid - Rainbow Six Siege Operator Stats|1|0|13192168455000000|0|0
83|https://r6.tracker.network/R6/search?name=tuxbird&platform=4||1|0|13192168605000000|1|0
84|https://r6.tracker.network/profile/pc/TuxBird|R6Tracker - TuxBird - Rainbow Six Siege Player Stats|2|0|13192168827000000|0|0
85|https://www.google.com/search?q=how+to+change+a+background+that+rtransitions+colour+in+html&ie=utf-8&oe=utf-8&client=firefox-b-ab|how to change a background that rtransitions colour in html - Google Search|1|1|13192169230000000|0|0
86|https://stackoverflow.com/questions/42146414/how-to-smoothly-transition-and-change-background-color-while-scrolling-using-css|javascript - How to smoothly transition and change background color while scrolling using CSS? - Stack Overflow|1|0|13192169235000000|0|0
87|https://www.google.com/search?q=ip+stack&ie=utf-8&oe=utf-8&client=firefox-b-ab|ip stack - Google Search|1|1|13192169870000000|0|0
88|https://www.google.com/search?client=firefox-b-ab&ei=jvg_XMKqJcGw9QOGhZII&q=ip+stack+api&oq=ip+stack&gs_l=psy-ab.1.0.0i71l8.0.0..5530...0.0..0.0.0.......0......gws-wiz.Ut1_shIgojQ|ip stack api - Google Search|1|0|13192169877000000|0|0
89|https://ipstack.com/|ipstack - Free IP Geolocation API|1|0|13192169881000000|0|0
90|http://deeeeep.io/|Deeeeep.io|1|1|13192172871000000|0|0
91|http://deeeeep.io/?r=&gc=pid-bodis-gtest40%2Cpid-bodis-gcontrol104&query=Internet&afdToken=3B1g7ny0HNDIxG2swvTMQCy5noxX62kU6e0prX9sXT3Q-_jssrN5A6-ym8FsatwHY3LMtFjgXhbtp4Q30dkmrjuy_uAiJrD3L4hVQFOE|Deeeeep.io|1|0|13192172878000000|0|0
92|https://www.google.com/search?q=deep.io&ie=utf-8&oe=utf-8&client=firefox-b|deep.io - Google Search|1|0|13192172889000000|0|0
93|http://deeeep.io/|Deeeep.io - Eat Fish, Become the Shark!|3|0|13192172892000000|0|0
94|http://deeeep.io/new||3|0|13192172895000000|1|0
95|https://adclick.g.doubleclick.net/aclk?sa=l&ai=Cg_7UZARAXMTKIpPCrQHOq7fICPj2tZVUm_KZjOcHm6HTyrAJEAEg7vi4J2Cl-JGAkAGgAdud8sADyAEJqAMByAPDBKoEkwFP0NdmJAFXCuD_GBd5Q8p0P8EYZ2ldl8WKwJKSKS-78FMOZwH4XRnWcKURlbZ3U9kSKhht_uHXQW6gFkAYUHhKX4wOgn-WLNwzgVSeKik5UrrBsslmrdbCT-CeglVB2e0Kou904zQUbzodKM4c659YGYS7ZkemTZmoDJrKWang0PTdcxbBTtT5oJ8ZeO9khc9_VuWgBi6AB43ijT-oB47OG6gH1ckbqAeoBqgH2csbqAfPzBuoB6a-G9gHANIIBwiAYRABGAKxCX7g7r4r6-QqgAoB2BML&ae=1&num=1&sig=AOD64_1VSEzfxsTSFP8mkN7alDrya-SkeQ&client=ca-pub-1450371010768745&nx=155&ny=55&mb=1&bg=!ODulOyNEtLuiRl-4Fu8CAAAAOFIAAAARmQF0YwWsLyieEqjF4trho-SdcUjBLkHHLdFOwv3TNyR7TGJD3V4oJMEAbFe10bEsMwUH40Ujb2vYq3POQc7F8MuiIwoE7nhcp4Xjh4zK1dTi-aivSo-QASBMAc4MC2v5bea5JhtPY7RDK5pqbUva9CT8EB2kFWlQL6GBuhk7hQ81jaaiRM-E-OuoZEmZEe2Q2Pa8y5_K1YgIhOkX9Suwmg4yMraWqvCJH5rg6aZPH65GTfvJP5NNihtfkLi-UquiBysiGx0CxbjahTHfXqfxekrELjD0Qjghp8Uul5GNM62YaGNmXq8GhVoEb59czSKN75a_966RMukXs_IQsj-4hPczwmK6XJXYr6CoP5YoK5R71w4ekFthPjeNERWhjzWy2U5Rh_0PH8Lrj8hDMq3fKQJNzvliWcswja_oB4RtpL7xQArif4tEpbIp-gCK0hchNaU9u_iNn_u6GrkQClGug00cesDQSQ82kDC9MKhFsDKzeBMiaW5E&nb=9&adurl=http://free.gamingwonderland.com/index.jhtml%3Fpartner%3DZ7xpv320%26gclid%3DEAIaIQobChMIxIyemP3z3wIVE2ErCh3O1Q2JEAEYASAAEgLthfD_BwE||1|0|13192172906000000|1|0
96|https://adclick.g.doubleclick.net/aclk?sa=l&ai=Cg_7UZARAXMTKIpPCrQHOq7fICPj2tZVUm_KZjOcHm6HTyrAJEAEg7vi4J2Cl-JGAkAGgAdud8sADyAEJqAMByAPDBKoEkwFP0NdmJAFXCuD_GBd5Q8p0P8EYZ2ldl8WKwJKSKS-78FMOZwH4XRnWcKURlbZ3U9kSKhht_uHXQW6gFkAYUHhKX4wOgn-WLNwzgVSeKik5UrrBsslmrdbCT-CeglVB2e0Kou904zQUbzodKM4c659YGYS7ZkemTZmoDJrKWang0PTdcxbBTtT5oJ8ZeO9khc9_VuWgBi6AB43ijT-oB47OG6gH1ckbqAeoBqgH2csbqAfPzBuoB6a-G9gHANIIBwiAYRABGAKxCX7g7r4r6-QqgAoB2BML&ae=1&num=1&sig=AOD64_1VSEzfxsTSFP8mkN7alDrya-SkeQ&client=ca-pub-1450371010768745&nb=9&nx=179&ny=68&mb=1&bg=!XV6lXkZEtLuiRl-4Fu8CAAAAOFIAAAAJmQF0YwWsLyieEqjF4trho-SdcUjBLkHHLdFOwv3TNyR7TGJD3V4oJMEAbFe10bEsMwUH40Ujb2vYq3POQc7F8MuiIwoE7nhcp4Xjh4zK1dTi-aivSo-QASBMAc4MC2v5bea5JhtPY7RDK5pqbUva9CT8EB2kFWlQL6GBuhk7hQ81jaaiRM-E-OuoZEmZEe2Q2Pa8y5_K1YgIhOkX9Suwmg4yMraWqvCJH5rg6aZPH65GTfvJP5NNihtfkLi-UquiBysiGx0CxbjahTHfXqfxekrELjD0Qjghp8Uul5GNM62YaGNmXq8GhVoEb59czSKN75a_966RMukXs_IQsj-4hfczwmK6XJUtlWkk7Li7fxDrKzMnCUBzDn7gwLCRQmT_cRpODqxgXIdHaCPtzis1z18wOycrcRA50cr7xdrm83ZQ1ldgFW2HyLtEQ4L2Vpf5LDMxsDoqjnwBYQmrz5Z2Ao-A3vSS5KWv0A09veO4o8pz-RlLDJEC&adurl=http://free.gamingwonderland.com/index.jhtml%3Fpartner%3DZ7xpv320%26gclid%3DEAIaIQobChMIxIyemP3z3wIVE2ErCh3O1Q2JEAEYASAAEgLthfD_BwE||1|0|13192172909000000|1|0
97|http://deeeep.io/?oldversion|Deeeep.io - Eat Fish, Become the Shark!|1|0|13192172924000000|0|0
98|http://www.crazygames.com/game/deeeepio|Deeeep.io - Play Deeeep.io on Crazy Games|1|0|13192173079000000|0|0
99|https://www.google.com/search?client=firefox-b-ab&ei=6Ps_XO2pI5qv9QP-yKnwCg&q=deep.io&oq=deep.io&gs_l=psy-ab.3..0i131i10j0j0i10l3j0j0i10l4.2576182.2578818..2579141...0.0..0.267.1464.0j5j2......0....1..gws-wiz.......0i71j0i67j0i131j0i10i67.koWylXBQaWY|deep.io - Google Search|1|0|13192173308000000|0|0
100|https://adclick.g.doubleclick.net/aclk?sa=l&ai=CUm41DgZAXJ_JOtHArQHygZcI-Pa1lVSb8pmM5webodPKsAkQASDu-LgnYKX4kYCQAaAB253ywAPIAQmoAwHIA8MEqgSTAU_Qvu17GDUj5znU2i67c69a0VnhaCGNqMMEyaDVyT3l-A8sxQ_F2qFFvgMG3RG3VcgAABeOO0FMIuFHH-GnxHf0Dau-EEiWiz-EQPaaeegCLcGk0Oh6qwL6sAedvg-fECquR_zinSan4W8l3ZtswSCYY8beN97IYa-XzrQVIxdH8eMr6LCC2EtjwtCHZG3trgS6vaAGLoAHjeKNP6gHjs4bqAfVyRuoB6gGqAfZyxuoB8_MG6gHpr4b2AcA0ggHCIBhEAEYArEJfuDuvivr5CqACgHYEws&ae=1&num=1&sig=AOD64_1Z7yCkIC36m185topU8qmQ9i8mBw&client=ca-pub-1450371010768745&nx=175&ny=93&mb=1&bg=!09Cl0MhEf1X0SjyBRsgCAAAAP1IAAAAPmQF0i76VMrMrCreysW9DAMeBQepdu9VlgZxhQxMIflVJoTGGM2iveGzNgrOu9k_TXfXf5Yd0nAqNQyVSD1apR9elS6THhd1xeiDVr6P_OCc7EV0viDFqK_js9bnnDaT378xnASh3gyyeKIPyXOVQ43-gBnOXqTCUcpsRLgoUGGxru1m0OZeqOW_sSmqYZ_vdS789nBpDbjnKiSP25L9aoDM6HzJiTlYAauUxXFQYBzt7IUlxwODXLsNG8pc6Wqikwd_bWfghtax_iXB1j-HxfDO5S6TXqh2PF9ExIYpRV3hPTdNrNzrXhtASYszHkImsQXKVxQCoBlkh353zic-Dab40ZZFDM7Aej-OOw7LnRhKlbmldO9TvLT0CH64kjwr50Pktcom7w4N6U1jE68L_VftkNTsKM76Ak4RcsNf5prwen0SahtLUhhx9Tp-3yts5vDN_pqZMb6NBBchIRNS2amrrcWh14n3jwO4E3u7NfyuDHcG29kSJ&nb=9&adurl=http://free.gamingwonderland.com/index.jhtml%3Fpartner%3DZ7xpv320%26gclid%3DEAIaIQobChMIn4jH4_7z3wIVUWArCh3ywAUBEAEYASAAEgL69_D_BwE||1|0|13192174520000000|1|0
101|https://www.youtube.com/results?search_query=tx+bird|tx bird - YouTube|1|0|13192174559000000|0|0
102|https://www.youtube.com/channel/UClgGZM5St6mNz0qsWlBEv6g|TuxBird - YouTube|1|0|13192174561000000|0|0
103|https://www.youtube.com/watch?v=TBsD26yDj4c|The Life of Rainbow Six Siege Players - YouTube|1|0|13192174565000000|0|0
