1|https://www.google.com/search?q=summer+comp+club+2019&oq=summer+comp+club+2019&aqs=chrome..69i57.20714j0j4&sourceid=chrome&ie=UTF-8|summer comp club 2019 - Google Search|1|0|13192067346621763|0|0
2|http://summer2019.compclub.com.au/|Welcome to the CompClub Summer Spy School | CompClub 2019 Summer Workshops|6|6|13192153787259018|0|0
3|https://summer2019.compclub.com.au/|Welcome to the CompClub Summer Spy School | CompClub 2019 Summer Workshops|11|1|13192170754657932|0|0
4|https://summer2019.compclub.com.au/day3|Day 3: Microbits! | CompClub 2019 Summer Workshops|13|1|13192084030989077|0|0
5|https://docs.google.com/presentation/d/14BvJKEm9pyPOfLtZMkCAMwwwF6nVjmo8G5C3P7PULuw/edit#slide=id.g337fd436a2_1_5|Microbits Workshop - Google Slides|3|0|13192067433191371|0|0
6|https://docs.google.com/presentation/d/14BvJKEm9pyPOfLtZMkCAMwwwF6nVjmo8G5C3P7PULuw/edit#slide=id.p||1|0|13192067416223592|0|0
7|https://docs.google.com/presentation/d/14BvJKEm9pyPOfLtZMkCAMwwwF6nVjmo8G5C3P7PULuw/edit#slide=id.g4c0710682e_0_15||3|0|13192067503910350|0|0
8|https://docs.google.com/presentation/d/14BvJKEm9pyPOfLtZMkCAMwwwF6nVjmo8G5C3P7PULuw/edit#slide=id.g4c0710682e_0_22||3|0|13192067509602560|0|0
9|https://docs.google.com/presentation/d/14BvJKEm9pyPOfLtZMkCAMwwwF6nVjmo8G5C3P7PULuw/edit#slide=id.g4c0710682e_0_29||3|0|13192067542885361|0|0
10|https://docs.google.com/presentation/d/14BvJKEm9pyPOfLtZMkCAMwwwF6nVjmo8G5C3P7PULuw/edit#slide=id.g4c0710682e_0_36||3|0|13192067829369048|0|0
11|https://docs.google.com/presentation/d/14BvJKEm9pyPOfLtZMkCAMwwwF6nVjmo8G5C3P7PULuw/edit#slide=id.g4c0710682e_0_43||3|0|13192067830729735|0|0
12|https://python.microbit.org/v/1|Micro:bit - Python editor|3|0|13192081975344569|0|0
13|https://docs.google.com/presentation/d/14BvJKEm9pyPOfLtZMkCAMwwwF6nVjmo8G5C3P7PULuw/edit#slide=id.g4c0710682e_0_58||2|0|13192067831778673|0|0
14|https://docs.google.com/presentation/d/14BvJKEm9pyPOfLtZMkCAMwwwF6nVjmo8G5C3P7PULuw/edit#slide=id.g4c0710682e_0_83||2|0|13192067612889662|0|0
15|https://docs.google.com/presentation/d/14BvJKEm9pyPOfLtZMkCAMwwwF6nVjmo8G5C3P7PULuw/edit#slide=id.g4c0710682e_0_92||2|0|13192067619961835|0|0
16|https://docs.google.com/presentation/d/14BvJKEm9pyPOfLtZMkCAMwwwF6nVjmo8G5C3P7PULuw/edit#slide=id.g4c0710682e_0_102||1|0|13192067624281177|0|0
17|https://docs.google.com/presentation/d/14BvJKEm9pyPOfLtZMkCAMwwwF6nVjmo8G5C3P7PULuw/edit#slide=id.g4c0710682e_0_63||4|0|13192068230223549|0|0
18|https://docs.google.com/presentation/d/14BvJKEm9pyPOfLtZMkCAMwwwF6nVjmo8G5C3P7PULuw/edit#slide=id.g4d695ae937_0_0||7|0|13192068420280343|0|0
19|https://docs.google.com/presentation/d/14BvJKEm9pyPOfLtZMkCAMwwwF6nVjmo8G5C3P7PULuw/edit#slide=id.g4d695ae937_0_8||7|0|13192068428171039|0|0
20|https://docs.google.com/presentation/d/14BvJKEm9pyPOfLtZMkCAMwwwF6nVjmo8G5C3P7PULuw/edit#slide=id.g4d695ae937_0_16||4|0|13192068432302637|0|0
21|https://docs.google.com/presentation/d/14BvJKEm9pyPOfLtZMkCAMwwwF6nVjmo8G5C3P7PULuw/edit#slide=id.g4d695ae937_0_23||5|0|13192069157625047|0|0
22|https://python-editor-1-0-0.microbit.org/#||2|0|13192074991097957|1|0
23|https://docs.google.com/presentation/d/14BvJKEm9pyPOfLtZMkCAMwwwF6nVjmo8G5C3P7PULuw/edit#slide=id.g4d695ae937_0_29||2|0|13192069158735289|0|0
24|https://summer2019.compclub.com.au/day3_templates/morse_code_template.html|Morse Code Template | CompClub 2019 Summer Workshops|1|0|13192068735540227|0|0
25|https://docs.google.com/presentation/d/14BvJKEm9pyPOfLtZMkCAMwwwF6nVjmo8G5C3P7PULuw/edit#slide=id.g4c0710682e_0_119||2|0|13192073159951830|0|0
26|https://docs.google.com/presentation/d/14BvJKEm9pyPOfLtZMkCAMwwwF6nVjmo8G5C3P7PULuw/edit#slide=id.g4c0710682e_0_128||1|0|13192069161438554|0|0
27|https://docs.google.com/presentation/d/14BvJKEm9pyPOfLtZMkCAMwwwF6nVjmo8G5C3P7PULuw/edit#slide=id.g4c0710682e_0_135||2|0|13192071234908793|0|0
28|https://docs.google.com/presentation/d/14BvJKEm9pyPOfLtZMkCAMwwwF6nVjmo8G5C3P7PULuw/edit#slide=id.g4c0710682e_0_143||3|0|13192073354154707|0|0
29|https://microbit.org/guide/python/|MicroPython | micro:bit|4|0|13192084045205197|0|0
30|http://microbit-micropython.readthedocs.org/en/latest/tutorials/hello.html|Hello, World! — BBC micro:bit MicroPython 1.0.1 documentation|1|0|13192069425277648|0|0
31|http://microbit-micropython.readthedocs.io/en/latest/tutorials/hello.html|Hello, World! — BBC micro:bit MicroPython 1.0.1 documentation|1|0|13192069425277648|0|0
32|https://microbit-micropython.readthedocs.io/en/latest/tutorials/hello.html|Hello, World! — BBC micro:bit MicroPython 1.0.1 documentation|3|0|13192081863895159|0|0
33|https://microbit-micropython.readthedocs.io/en/latest/tutorials/music.html|Music — BBC micro:bit MicroPython 1.0.1 documentation|3|0|13192082026969186|0|0
34|https://summer2019.compclub.com.au/day3_templates/reaction_timer_template.html|Reaction Time Template | CompClub 2019 Summer Workshops|2|0|13192073293369164|0|0
35|https://docs.google.com/presentation/d/14BvJKEm9pyPOfLtZMkCAMwwwF6nVjmo8G5C3P7PULuw/edit#slide=id.g4c0710682e_0_150||1|0|13192073489650547|0|0
36|https://docs.google.com/presentation/d/14BvJKEm9pyPOfLtZMkCAMwwwF6nVjmo8G5C3P7PULuw/edit#slide=id.g4c0710682e_0_161||1|0|13192073495533345|0|0
37|https://docs.google.com/presentation/d/14BvJKEm9pyPOfLtZMkCAMwwwF6nVjmo8G5C3P7PULuw/edit#slide=id.g4c0710682e_0_168||1|0|13192073498767976|0|0
38|https://docs.google.com/presentation/d/14BvJKEm9pyPOfLtZMkCAMwwwF6nVjmo8G5C3P7PULuw/edit#slide=id.g4c0710682e_0_175||1|0|13192073502254433|0|0
39|https://docs.google.com/presentation/d/14BvJKEm9pyPOfLtZMkCAMwwwF6nVjmo8G5C3P7PULuw/edit#slide=id.g4c0710682e_0_181||2|0|13192074755286107|0|0
40|https://docs.google.com/presentation/d/14BvJKEm9pyPOfLtZMkCAMwwwF6nVjmo8G5C3P7PULuw/edit#slide=id.g4c0710682e_0_189||3|0|13192075173368151|0|0
41|http://microbit-micropython.readthedocs.org/en/latest/tutorials/io.html|Input/Output — BBC micro:bit MicroPython 1.0.1 documentation|1|0|13192074658421352|0|0
42|http://microbit-micropython.readthedocs.io/en/latest/tutorials/io.html|Input/Output — BBC micro:bit MicroPython 1.0.1 documentation|1|0|13192074658421352|0|0
43|https://microbit-micropython.readthedocs.io/en/latest/tutorials/io.html|Input/Output — BBC micro:bit MicroPython 1.0.1 documentation|2|0|13192082028591399|0|0
44|https://docs.google.com/presentation/d/14BvJKEm9pyPOfLtZMkCAMwwwF6nVjmo8G5C3P7PULuw/edit#slide=id.g337fd436a2_1_0||3|0|13192082712605558|0|0
45|https://docs.google.com/presentation/d/14BvJKEm9pyPOfLtZMkCAMwwwF6nVjmo8G5C3P7PULuw/edit#slide=id.g4c0710682e_0_210||2|0|13192082715663630|0|0
46|https://docs.google.com/presentation/d/14BvJKEm9pyPOfLtZMkCAMwwwF6nVjmo8G5C3P7PULuw/edit#slide=id.g4c0710682e_0_195||1|0|13192074753997276|0|0
47|https://microbit-micropython.readthedocs.io/en/latest/image.html|Image — BBC micro:bit MicroPython 1.0.1 documentation|1|0|13192075271004330|0|0
48|https://microbit-micropython.readthedocs.io/en/latest/tutorials/images.html|Images — BBC micro:bit MicroPython 1.0.1 documentation|3|0|13192084059998435|0|0
49|https://microbit-micropython.readthedocs.io/en/latest/tutorials/buttons.html|Buttons — BBC micro:bit MicroPython 1.0.1 documentation|1|0|13192076580737190|0|0
50|https://microbit-micropython.readthedocs.io/en/latest/tutorials/gestures.html|Gestures — BBC micro:bit MicroPython 1.0.1 documentation|1|0|13192081883725769|0|0
51|https://microbit-micropython.readthedocs.io/en/latest/search.html?q=pass%28%29&check_keywords=yes&area=default|Search — BBC micro:bit MicroPython 1.0.1 documentation|1|0|13192081894321349|0|0
52|https://microbit-micropython.readthedocs.io/en/latest/tutorials/direction.html|Direction — BBC micro:bit MicroPython 1.0.1 documentation|1|0|13192081912259176|0|0
53|https://www.youtube.com/watch?v=dQw4w9WgXcQ|YouTube|1|0|13192081929395715|0|0
54|https://summer2019.compclub.com.au/day3_templates/hot_or_cold_template.html|Hot or Cold Template | CompClub 2019 Summer Workshops|2|0|13192082592636026|0|0
55|https://microbit-micropython.readthedocs.io/en/latest/tutorials/music.html#||1|0|13192082028058944|0|0
56|https://docs.google.com/presentation/d/14BvJKEm9pyPOfLtZMkCAMwwwF6nVjmo8G5C3P7PULuw/edit#slide=id.g4c0710682e_0_217||4|0|13192082728902810|0|0
57|https://docs.google.com/presentation/d/14BvJKEm9pyPOfLtZMkCAMwwwF6nVjmo8G5C3P7PULuw/edit#slide=id.g4d6b884a15_2_1||4|0|13192087748736214|0|0
58|http://microbit-micropython.readthedocs.org/en/latest/tutorials/images.html|Images — BBC micro:bit MicroPython 1.0.1 documentation|1|0|13192084059998435|0|0
59|http://microbit-micropython.readthedocs.io/en/latest/tutorials/images.html|Images — BBC micro:bit MicroPython 1.0.1 documentation|1|0|13192084059998435|0|0
60|https://python.microbit.org/v/1.1|Micro:bit - Python editor|1|0|13192084213405970|0|0
61|https://python-editor-1-1-2.microbit.org/#||1|0|13192084456203633|1|0
62|https://www.google.com/search?q=repl+it&oq=replit&aqs=chrome.1.69i57j0l5.8072j0j7&sourceid=chrome&ie=UTF-8|repl it - Google Search|1|0|13192087849946640|0|0
63|https://repl.it/|Repl.it - Log In|4|1|13192160620573529|0|0
64|https://repl.it/login|Repl.it - Log In|2|0|13192087860614296|0|0
65|https://repl.it/repls|Repl.it - Log In|4|0|13192160620573529|0|0
66|https://repl.it/@Purple_Lemur_13/PurpleLemur|Repl.it - Purple_Lemur|2|0|13192087909394302|0|0
67|https://www.google.com/search?q=slitherio&oq=slith&aqs=chrome.0.0j69i57j0l4.2967j0j7&sourceid=chrome&ie=UTF-8|slitherio - Google Search|1|0|13192088246033888|0|0
68|http://slither.io/|slither.io|4|3|13192173010534400|0|0
69|https://summer2019.compclub.com.au/day4|Some useful links: | CompClub 2019 Summer Workshops|8|0|13192170756202748|0|0
70|https://repl.it/languages/python3|Repl.it - TangibleUnrulyEquipment|2|0|13192160634935053|0|0
71|https://repl.it/@Purple_Lemur_13/IncompletePerfectChief|Repl.it - IncompletePerfectChief|2|0|13192153797660819|0|0
72|https://www.youtube.com/|YouTube|3|1|13192153851713233|0|0
73|https://www.youtube.com/results?search_query=if+she+breathes+she+a+thot+original+video|if she breathes she a thot original video - YouTube|1|0|13192153851715924|0|0
74|https://www.youtube.com/watch?v=-VZpM0gVVi8|If She Breathes She's A Thot [ORIGINAL] - YouTube|1|0|13192153879403361|0|0
75|https://repl.it/@Purple_Lemur_13|Repl.it - Purple_Lemur_13|4|0|13192154322283333|0|0
76|https://repl.it/talk|Repl.it - Posts|1|0|13192154319708649|0|0
77|https://repl.it/languages|Repl.it - Select a Language|1|0|13192154338516082|0|0
78|https://repl.it/@Purple_Lemur_13/SuspiciousBumpyConnection?folderId=|Repl.it - SuspiciousBumpyConnection|1|0|13192154342556020|0|0
79|http://summer2019.compclub.com.au/day4_files/index_html|CompClub 2019 Summer Workshops|2|0|13192154791868139|0|0
80|https://summer2019.compclub.com.au/day4_files/index_html|CompClub 2019 Summer Workshops|2|0|13192154791868139|0|0
81|http://summer2019.compclub.com.au/day4_files/results_html|CompClub 2019 Summer Workshops|3|0|13192162213029882|0|0
82|https://summer2019.compclub.com.au/day4_files/results_html|CompClub 2019 Summer Workshops|3|0|13192162213029882|0|0
83|https://www.google.com/search?q=css+stands+for+what&oq=css+stands+for+what&aqs=chrome..69i57j0l5.5551j0j7&sourceid=chrome&ie=UTF-8|css stands for what - Google Search|1|0|13192154896117988|0|0
84|https://www.google.com/search?q=minecraft+oof&oq=minecraft+oof&aqs=chrome..69i57j0l5.3736j0j7&sourceid=chrome&ie=UTF-8|minecraft oof - Google Search|1|0|13192155837739534|0|0
85|https://www.youtube.com/watch?v=up-4i6yUI1A|YouTube|1|0|13192155839323454|0|0
86|https://www.google.com/search?q=hello+there&oq=hello+there&aqs=chrome..69i57j0l5.3464j0j7&sourceid=chrome&ie=UTF-8|hello there - Google Search|1|0|13192157611167749|0|0
87|https://www.google.com/search?q=hello+there&source=lnms&tbm=isch&sa=X&ved=0ahUKEwjJ-8-dxPPfAhVIdCsKHSEEB94Q_AUIDigB&biw=1920&bih=942|hello there - Google Search|2|0|13192157621306020|0|0
88|https://www.google.com/search?q=hello+there&source=lnms&tbm=isch&sa=X&ved=0ahUKEwjJ-8-dxPPfAhVIdCsKHSEEB94Q_AUIDigB&biw=1920&bih=942#imgrc=-qTzHzDNHOQkkM:||1|0|13192157621309939|0|0
89|https://www.google.com/search?q=hello+there&source=lnms&tbm=isch&sa=X&ved=0ahUKEwjJ-8-dxPPfAhVIdCsKHSEEB94Q_AUIDigB&biw=1920&bih=942#imgrc=2LYHALC4ufTX-M:||1|0|13192157625670281|0|0
90|https://www.google.com/search?q=hello+there&source=lnms&tbm=isch&sa=X&ved=0ahUKEwjJ-8-dxPPfAhVIdCsKHSEEB94Q_AUIDigB&biw=1920&bih=942#imgrc=cKW8EKLfUOg_gM:||1|0|13192157630833707|0|0
91|https://www.google.com/search?q=hello+there&source=lnms&tbm=isch&sa=X&ved=0ahUKEwjJ-8-dxPPfAhVIdCsKHSEEB94Q_AUIDigB&biw=1920&bih=942#imgrc=7YhxAodrI645TM:||2|0|13192157664408007|0|0
92|https://www.google.com/search?q=hello+there&source=lnms&tbm=isch&sa=X&ved=0ahUKEwjJ-8-dxPPfAhVIdCsKHSEEB94Q_AUIDigB&biw=1920&bih=942#imgrc=_rnJaN55Q7OrGM:||2|0|13192157664630682|0|0
93|https://www.google.com/search?q=hello+there&source=lnms&tbm=isch&sa=X&ved=0ahUKEwjJ-8-dxPPfAhVIdCsKHSEEB94Q_AUIDigB&biw=1920&bih=942#imgrc=ZsgGFWoUSNZDHM:||2|0|13192157740859193|0|0
94|https://www.google.com/search?q=hello+there&source=lnms&tbm=isch&sa=X&ved=0ahUKEwjJ-8-dxPPfAhVIdCsKHSEEB94Q_AUIDigB&biw=1920&bih=942#imgrc=nD2LDgfhIJ0xTM:||1|0|13192157664803191|0|0
95|https://www.google.com/search?q=hello+there&source=lnms&tbm=isch&sa=X&ved=0ahUKEwjJ-8-dxPPfAhVIdCsKHSEEB94Q_AUIDigB&biw=1920&bih=942#imgrc=Bq8pyLae2dZBLM:||2|0|13192157744919700|0|0
96|https://www.google.com/search?q=hello+there&source=lnms&tbm=isch&sa=X&ved=0ahUKEwjJ-8-dxPPfAhVIdCsKHSEEB94Q_AUIDigB&biw=1920&bih=942#imgrc=BnRuOrZ7g2dcUM:||1|0|13192157681967225|0|0
97|https://www.google.com/search?q=hello+there&source=lnms&tbm=isch&sa=X&ved=0ahUKEwjJ-8-dxPPfAhVIdCsKHSEEB94Q_AUIDigB&biw=1920&bih=942#imgrc=mmdU-8YhJM4tcM:||2|0|13192157745642083|0|0
98|https://www.google.com/search?q=hello+there&source=lnms&tbm=isch&sa=X&ved=0ahUKEwjJ-8-dxPPfAhVIdCsKHSEEB94Q_AUIDigB&biw=1920&bih=942#imgrc=lJMTnC7XYzTL7M:||1|0|13192157731210469|0|0
99|https://www.google.com/search?q=hello+there&source=lnms&tbm=isch&sa=X&ved=0ahUKEwjJ-8-dxPPfAhVIdCsKHSEEB94Q_AUIDigB&biw=1920&bih=942#imgrc=6NAmg1uPMr6mYM:||1|0|13192157780706884|0|0
100|https://www.google.com/search?q=hello+there&source=lnms&tbm=isch&sa=X&ved=0ahUKEwjJ-8-dxPPfAhVIdCsKHSEEB94Q_AUIDigB&biw=1920&bih=942#imgdii=UGZTtkWd_jC5fM:&imgrc=6NAmg1uPMr6mYM:||1|0|13192157804625577|0|0
101|https://www.google.com/search?q=r6+siege+operator+memes&oq=r6+siege+operator+memes&aqs=chrome..69i57.9784j0j7&sourceid=chrome&ie=UTF-8|r6 siege operator memes - Google Search|1|0|13192158452854678|0|0
102|https://www.google.com/search?q=r6+siege+operator+memes&source=lnms&tbm=isch&sa=X&ved=0ahUKEwjQ3vuux_PfAhUIXysKHU7ZDD8Q_AUIDigB&biw=1920&bih=942|r6 siege operator memes - Google Search|2|0|13192158458439112|0|0
103|https://www.google.com/search?q=r6+siege+operator+memes&source=lnms&tbm=isch&sa=X&ved=0ahUKEwjQ3vuux_PfAhUIXysKHU7ZDD8Q_AUIDigB&biw=1920&bih=942#imgrc=PZ196e2d45lPcM:||1|0|13192158458442158|0|0
104|https://www.google.com/search?q=r6+siege+operator+memes&source=lnms&tbm=isch&sa=X&ved=0ahUKEwjQ3vuux_PfAhUIXysKHU7ZDD8Q_AUIDigB&biw=1920&bih=942#imgrc=bK4rfw34J0dsbM:||1|0|13192158461145650|0|0
105|https://www.google.com/search?q=r6+siege+operator+memes&source=lnms&tbm=isch&sa=X&ved=0ahUKEwjQ3vuux_PfAhUIXysKHU7ZDD8Q_AUIDigB&biw=1920&bih=942#imgrc=4ECvsjKZUHcsHM:||1|0|13192158461992486|0|0
106|https://www.google.com/search?q=r6+siege+operator+memes&source=lnms&tbm=isch&sa=X&ved=0ahUKEwjQ3vuux_PfAhUIXysKHU7ZDD8Q_AUIDigB&biw=1920&bih=942#imgrc=azNOo6zwC7WD1M:||2|0|13192161452473014|0|0
107|https://www.google.com/search?q=r6+siege+operator+memes&source=lnms&tbm=isch&sa=X&ved=0ahUKEwjQ3vuux_PfAhUIXysKHU7ZDD8Q_AUIDigB&biw=1920&bih=942#imgrc=gW0sEMSrowvL3M:||1|0|13192158478544808|0|0
108|https://www.google.com/search?q=r6+siege+operator+memes&source=lnms&tbm=isch&sa=X&ved=0ahUKEwjQ3vuux_PfAhUIXysKHU7ZDD8Q_AUIDigB&biw=1920&bih=942#imgrc=DwY7N_sUdFq6fM:||1|0|13192158492208354|0|0
109|https://www.google.com/search?q=r6+siege+operator+memes&source=lnms&tbm=isch&sa=X&ved=0ahUKEwjQ3vuux_PfAhUIXysKHU7ZDD8Q_AUIDigB&biw=1920&bih=942#imgrc=4_-XL-BZp8UyTM:||1|0|13192158493016992|0|0
110|https://www.google.com/search?q=hello+there&source=lnms&tbm=isch&sa=X&ved=0ahUKEwjJ-8-dxPPfAhVIdCsKHSEEB94Q_AUIDigB&biw=1920&bih=942#imgrc=gELiyb1KVSyL7M:||1|0|13192158520728251|0|0
111|https://www.google.com/search?q=input+w3scohols&oq=input+w3scohols&aqs=chrome..69i57j0l5.4336j0j7&sourceid=chrome&ie=UTF-8|input w3scohols - Google Search|1|0|13192160455611230|0|0
112|https://www.w3schools.com/tags/tag_input.asp|HTML input tag|1|0|13192160457171656|0|0
113|https://repl.it/logout|Repl.it - Log In|1|0|13192160620573529|0|0
114|https://repl.it/login?goto=%2Frepls|Repl.it - Log In|2|0|13192160621009256|0|0
115|https://repl.it/repls/TangibleUnrulyEquipment|Repl.it - TangibleUnrulyEquipment|2|0|13192160635983564|0|0
116|https://repl.it/repls/ShamefulImmediateCharacters|Repl.it - ShamefulImmediateCharacters|4|1|13192160709637994|0|0
117|https://repl.it/repls/AnchoredRottenLocation|Repl.it - AnchoredRottenLocation|2|0|13192160711561076|0|0
118|https://www.google.com/search?q=shell+shockers&oq=shell+shockers&aqs=chrome..69i57j0l5.3272j0j7&sourceid=chrome&ie=UTF-8|shell shockers - Google Search|2|0|13192161427761972|0|0
119|https://www.google.com/search?ei=itc_XIKzDOWflwSujLeoAw&q=shell+shockers+aimbot&oq=shell+shockers+&gs_l=psy-ab.1.1.0i67j0j0i67l2j0j0i67j0j0i67j0l2.1745.1745..2999...0.0..0.183.183.0j1......0....1..gws-wiz.......0i71.LxTOp3s58pA|shell shockers aimbot - Google Search|1|0|13192161424033070|0|0
120|https://www.google.com/search?q=ip+adress&oq=ip+adress&aqs=chrome..69i57j0l5.2249j0j7&sourceid=chrome&ie=UTF-8|ip adress - Google Search|1|0|13192161528689862|0|0
121|https://anchoredrottenlocation--five-nine.repl.co/||24|0|13192172898431813|1|0
122|https://www.google.com/search?q=ip+adress+villawood&oq=ip+adress+villawood+&aqs=chrome..69i57.4712j0j7&sourceid=chrome&ie=UTF-8|ip adress villawood - Google Search|1|0|13192164100511893|0|0
123|http://tools.tracemyip.org/search--city/villawood-!-new+south+wales-!-australia|Villawood, New South Wales, Australia - IP Addresses by City, State, Country|1|0|13192164105701710|0|0
124|http://tools.tracemyip.org/lookup/49.2.221.121|49.2.221.121 Hardware IP Address - 49.2.221.121 hosted in Australia|1|0|13192164117620822|0|0
125|https://www.google.com/search?q=ip+address&oq=ip+addr&aqs=chrome.0.0l2j69i57j0l3.2112j0j7&sourceid=chrome&ie=UTF-8|ip address - Google Search|1|0|13192164129864137|0|0
126|https://anchoredrottenlocation--five-nine.repl.co/results||31|0|13192172905323241|1|0
127|https://www.google.com/search?q=ipstack&oq=ipstack&aqs=chrome..69i57j0l5.3696j0j7&sourceid=chrome&ie=UTF-8|ipstack - Google Search|1|0|13192165262389091|0|0
128|https://ipstack.com/|ipstack - Free IP Geolocation API|1|0|13192165265682485|0|0
129|http://summer2019.compclub.com.au/day4_files/index_css|CompClub 2019 Summer Workshops|1|0|13192168824419709|0|0
130|https://summer2019.compclub.com.au/day4_files/index_css|CompClub 2019 Summer Workshops|1|0|13192168824419709|0|0
131|https://www.google.com/search?q=ussr+flag+emoji&oq=ussr+fls&aqs=chrome.2.69i57j0l5.3903j0j7&sourceid=chrome&ie=UTF-8|ussr flag emoji - Google Search|1|0|13192169239342716|0|0
132|https://www.google.com/search?q=ussr+flag+emoji&source=lnms&tbm=isch&sa=X&ved=0ahUKEwjexq7G7_PfAhUJTn0KHSorDSwQ_AUIDigB&biw=1920&bih=942|ussr flag emoji - Google Search|2|0|13192169251990897|0|0
133|https://www.google.com/search?q=ussr+flag+emoji&source=lnms&tbm=isch&sa=X&ved=0ahUKEwjexq7G7_PfAhUJTn0KHSorDSwQ_AUIDigB&biw=1920&bih=942#imgrc=pcobeF-ebo2OoM:||1|0|13192169251995023|0|0
134|https://www.google.com/search?q=ussr+flag+emoji&source=lnms&tbm=isch&sa=X&ved=0ahUKEwjexq7G7_PfAhUJTn0KHSorDSwQ_AUIDigB&biw=1920&bih=942#imgrc=jQWudJh_hRA_HM:||1|0|13192169263345075|0|0
135|https://www.google.com/search?q=115.3272+-8.5435&oq=115.3272+-8.5435&aqs=chrome..69i57j6.4246j0j7&sourceid=chrome&ie=UTF-8|115.3272 -8.5435 - Google Search|1|0|13192169808344417|0|0
136|https://www.google.com/search?ei=UPg_XN2hDJqkyAO1gJqgBQ&q=115.3272+-8.5435+longitude+and+latitude&oq=115.3272+-8.5435+longitude+and+latitude&gs_l=psy-ab.3...7762.13591..13976...0.0..0.274.3104.0j20j3......0....1..gws-wiz.gEqUDBsAGgw|115.3272 -8.5435 longitude and latitude - Google Search|1|0|13192169823032368|0|0
137|https://www.google.com/search?q=map&oq=map&aqs=chrome..69i57j0l5.1023j0j7&sourceid=chrome&ie=UTF-8|map - Google Search|2|0|13192170124914890|0|0
138|https://maps.google.com/maps?q=map&um=1&ie=UTF-8&sa=X&ved=0ahUKEwi315jp8vPfAhUIU30KHSMkAbEQ_AUIDigB|Google Maps|1|0|13192170120705242|0|0
139|https://www.google.com/maps?q=map&um=1&ie=UTF-8&sa=X&ved=0ahUKEwi315jp8vPfAhUIU30KHSMkAbEQ_AUIDigB|Google Maps|2|0|13192170121493459|0|0
140|https://www.google.com/search?q=he&oq=he&aqs=chrome..69i57j69i59j0l2j69i60j0.2815j0j7&sourceid=chrome&ie=UTF-8|he - Google Search|1|0|13192170256089872|0|0
141|https://www.google.com/search?q=heterosexual&oq=heterosexual&aqs=chrome..69i57j0l5.3280j0j7&sourceid=chrome&ie=UTF-8|heterosexual - Google Search|1|0|13192170284050401|0|0
142|https://www.google.com/search?ei=Kvo_XOnvN4vasAeT2K-ABg&q=pansexual&oq=pansexual&gs_l=psy-ab.3..0i67l3j0j0i67j0i131i67j0l4.12173.13980..14245...0.0..0.147.1140.0j9......0....1..gws-wiz.......0i71j0i131j0i10.P29iRUil0NU|pansexual - Google Search|1|0|13192170298810658|0|0
