2019-01-07 02:58:27|https://www.mozilla.org/privacy/firefox/
2019-01-07 02:58:27|https://www.mozilla.org/en-US/privacy/firefox/
2019-01-07 02:59:34|https://aframe.io/
2019-01-07 02:59:41|https://aframe.io/examples/showcase/helloworld/
2019-01-07 02:59:52|https://glitch.com/~aframe
2019-01-07 03:00:21|https://glitch.com/edit/#!/remix/aframe
2019-01-07 03:00:23|https://glitch.com/edit/#!/
2019-01-07 03:00:23|https://glitch.com/edit/#!/tasty-taxi
2019-01-07 03:03:24|https://glitch.com/edit/#!/tasty-taxi?path=index.html:18:7
2019-01-07 03:03:25|https://tasty-taxi.glitch.me/
2019-01-07 03:08:25|https://tasty-taxi.glitch.me/
2019-01-07 03:08:28|https://tasty-taxi.glitch.me/
2019-01-07 03:08:34|https://tasty-taxi.glitch.me/
2019-01-07 03:08:39|https://tasty-taxi.glitch.me/
2019-01-07 03:08:55|https://tasty-taxi.glitch.me/
2019-01-07 03:08:55|https://tasty-taxi.glitch.me/
2019-01-07 03:08:57|https://tasty-taxi.glitch.me/
2019-01-07 03:08:58|https://tasty-taxi.glitch.me/
2019-01-07 03:09:02|https://tasty-taxi.glitch.me/
2019-01-07 03:09:02|https://tasty-taxi.glitch.me/
2019-01-07 03:09:04|https://tasty-taxi.glitch.me/
2019-01-07 03:09:05|https://tasty-taxi.glitch.me/
2019-01-07 03:09:07|https://tasty-taxi.glitch.me/
2019-01-07 03:09:18|https://tasty-taxi.glitch.me/
2019-01-07 03:10:08|https://tasty-taxi.glitch.me/
2019-01-07 03:10:17|https://glitch.com/edit/#!/tasty-taxi?path=index.html:11:60
2019-01-07 03:10:48|https://tasty-taxi.glitch.me/
2019-01-07 03:10:50|https://tasty-taxi.glitch.me/
2019-01-07 03:10:54|https://tasty-taxi.glitch.me/
2019-01-07 03:10:54|https://glitch.com/edit/#!/tasty-taxi?path=index.html:17:7
2019-01-07 03:11:26|https://www.google.com/search?q=HTML+COLOUR+CODES&ie=utf-8&oe=utf-8&client=firefox-b
2019-01-07 03:11:54|https://tasty-taxi.glitch.me/
2019-01-07 03:11:55|https://glitch.com/edit/#!/tasty-taxi?path=index.html:11:60
2019-01-07 03:12:00|https://tasty-taxi.glitch.me/
2019-01-07 03:12:02|https://tasty-taxi.glitch.me/
2019-01-07 03:12:04|https://tasty-taxi.glitch.me/
2019-01-07 03:12:06|https://tasty-taxi.glitch.me/
2019-01-07 03:12:07|https://tasty-taxi.glitch.me/
2019-01-07 03:12:13|https://glitch.com/edit/#!/tasty-taxi?path=index.html:17:7
2019-01-07 03:12:30|https://tasty-taxi.glitch.me/
2019-01-07 03:12:31|https://tasty-taxi.glitch.me/
2019-01-07 03:12:33|https://tasty-taxi.glitch.me/
2019-01-07 03:12:57|https://tasty-taxi.glitch.me/
2019-01-07 03:13:12|https://tasty-taxi.glitch.me/
2019-01-07 03:13:19|https://tasty-taxi.glitch.me/
2019-01-07 03:13:23|https://tasty-taxi.glitch.me/
2019-01-07 03:13:25|https://tasty-taxi.glitch.me/
2019-01-07 03:13:26|https://tasty-taxi.glitch.me/
2019-01-07 03:13:30|https://tasty-taxi.glitch.me/
2019-01-07 03:13:32|https://tasty-taxi.glitch.me/
2019-01-07 03:13:36|https://tasty-taxi.glitch.me/
2019-01-07 03:13:46|https://tasty-taxi.glitch.me/
2019-01-07 03:13:47|https://tasty-taxi.glitch.me/
2019-01-07 03:13:50|https://tasty-taxi.glitch.me/
2019-01-07 03:13:51|https://tasty-taxi.glitch.me/
2019-01-07 03:13:53|https://tasty-taxi.glitch.me/
2019-01-07 03:13:55|https://tasty-taxi.glitch.me/
2019-01-07 03:13:56|https://tasty-taxi.glitch.me/
2019-01-07 03:14:06|https://tasty-taxi.glitch.me/
2019-01-07 03:14:11|https://tasty-taxi.glitch.me/
2019-01-07 03:14:16|https://tasty-taxi.glitch.me/
2019-01-07 03:14:19|https://tasty-taxi.glitch.me/
2019-01-07 03:14:20|https://tasty-taxi.glitch.me/
2019-01-07 03:14:23|https://tasty-taxi.glitch.me/
2019-01-07 03:14:26|https://tasty-taxi.glitch.me/
2019-01-07 03:14:33|https://tasty-taxi.glitch.me/
2019-01-07 03:14:34|https://tasty-taxi.glitch.me/
2019-01-07 03:14:36|https://tasty-taxi.glitch.me/
2019-01-07 03:14:37|https://tasty-taxi.glitch.me/
2019-01-07 03:14:38|https://tasty-taxi.glitch.me/
2019-01-07 03:14:39|https://tasty-taxi.glitch.me/
2019-01-07 03:14:40|https://tasty-taxi.glitch.me/
2019-01-07 03:14:43|https://tasty-taxi.glitch.me/
2019-01-07 03:14:43|https://tasty-taxi.glitch.me/
2019-01-07 03:14:44|https://tasty-taxi.glitch.me/
2019-01-07 03:14:45|https://tasty-taxi.glitch.me/
2019-01-07 03:14:46|https://tasty-taxi.glitch.me/
2019-01-07 03:14:47|https://tasty-taxi.glitch.me/
2019-01-07 03:14:47|https://tasty-taxi.glitch.me/
2019-01-07 03:14:55|https://tasty-taxi.glitch.me/
2019-01-07 03:14:56|https://tasty-taxi.glitch.me/
2019-01-07 03:14:58|https://tasty-taxi.glitch.me/
2019-01-07 03:14:59|https://tasty-taxi.glitch.me/
2019-01-07 03:15:02|https://tasty-taxi.glitch.me/
2019-01-07 03:15:05|https://tasty-taxi.glitch.me/
2019-01-07 03:15:06|https://tasty-taxi.glitch.me/
2019-01-07 03:15:07|https://tasty-taxi.glitch.me/
2019-01-07 03:15:07|https://tasty-taxi.glitch.me/
2019-01-07 03:15:18|https://tasty-taxi.glitch.me/
2019-01-07 03:15:19|https://tasty-taxi.glitch.me/
2019-01-07 03:15:20|https://tasty-taxi.glitch.me/
2019-01-07 03:15:25|https://tasty-taxi.glitch.me/
2019-01-07 03:15:26|https://tasty-taxi.glitch.me/
2019-01-07 03:15:26|https://tasty-taxi.glitch.me/
2019-01-07 03:15:37|https://tasty-taxi.glitch.me/
2019-01-07 03:15:37|https://tasty-taxi.glitch.me/
2019-01-07 03:15:38|https://tasty-taxi.glitch.me/
2019-01-07 03:15:39|https://tasty-taxi.glitch.me/
2019-01-07 03:15:41|https://tasty-taxi.glitch.me/
2019-01-07 03:15:41|https://tasty-taxi.glitch.me/
2019-01-07 03:15:42|https://tasty-taxi.glitch.me/
2019-01-07 03:15:46|https://tasty-taxi.glitch.me/
2019-01-07 03:15:59|https://tasty-taxi.glitch.me/
2019-01-07 03:16:01|https://tasty-taxi.glitch.me/
2019-01-07 03:16:03|https://tasty-taxi.glitch.me/
2019-01-07 03:16:05|https://tasty-taxi.glitch.me/
2019-01-07 03:16:08|https://tasty-taxi.glitch.me/
2019-01-07 03:16:11|https://tasty-taxi.glitch.me/
2019-01-07 03:16:12|https://tasty-taxi.glitch.me/
2019-01-07 03:16:15|https://tasty-taxi.glitch.me/
2019-01-07 03:16:17|https://tasty-taxi.glitch.me/
2019-01-07 03:16:19|https://tasty-taxi.glitch.me/
2019-01-07 03:16:21|https://tasty-taxi.glitch.me/
2019-01-07 03:16:21|https://tasty-taxi.glitch.me/
2019-01-07 03:16:22|https://tasty-taxi.glitch.me/
2019-01-07 03:16:23|https://tasty-taxi.glitch.me/
2019-01-07 03:16:24|https://tasty-taxi.glitch.me/
2019-01-07 03:16:38|https://tasty-taxi.glitch.me/
2019-01-07 03:16:39|https://tasty-taxi.glitch.me/
2019-01-07 03:16:45|https://tasty-taxi.glitch.me/
2019-01-07 03:16:47|https://tasty-taxi.glitch.me/
2019-01-07 03:16:49|https://tasty-taxi.glitch.me/
2019-01-07 03:16:51|https://tasty-taxi.glitch.me/
2019-01-07 03:16:53|https://tasty-taxi.glitch.me/
2019-01-07 03:16:57|https://tasty-taxi.glitch.me/
2019-01-07 03:16:58|https://tasty-taxi.glitch.me/
2019-01-07 03:16:59|https://glitch.com/edit/#!/tasty-taxi?path=index.html:25:7
2019-01-07 03:17:34|https://tasty-taxi.glitch.me/
2019-01-07 03:17:36|https://tasty-taxi.glitch.me/
2019-01-07 03:17:42|https://tasty-taxi.glitch.me/
2019-01-07 03:17:52|https://tasty-taxi.glitch.me/
2019-01-07 03:17:55|https://glitch.com/edit/#!/tasty-taxi?path=index.html:19:4
2019-01-07 03:18:52|https://tasty-taxi.glitch.me/
2019-01-07 03:18:53|https://glitch.com/edit/#!/tasty-taxi?path=index.html:11:75
2019-01-07 03:20:28|https://www.google.com/search?client=firefox-b&ei=XsMyXOW3AdHj-AaSzI_YBg&q=HTML+shapes&oq=HTML+shapes&gs_l=psy-ab.3..0l10.539216.540940..541090...0.0..0.249.1114.0j5j1......0....1..gws-wiz.......0i71j0i67j0i10i67.D6ND-8gKdIY
2019-01-07 03:20:43|https://tasty-taxi.glitch.me/
2019-01-07 03:20:46|https://tasty-taxi.glitch.me/
2019-01-07 03:20:47|https://tasty-taxi.glitch.me/
2019-01-07 03:20:49|https://tasty-taxi.glitch.me/
2019-01-07 03:20:49|https://tasty-taxi.glitch.me/
2019-01-07 03:20:52|https://tasty-taxi.glitch.me/
2019-01-07 03:20:55|https://tasty-taxi.glitch.me/
2019-01-07 03:20:56|https://tasty-taxi.glitch.me/
2019-01-07 03:20:58|https://tasty-taxi.glitch.me/
2019-01-07 03:20:59|https://tasty-taxi.glitch.me/
2019-01-07 03:21:00|https://tasty-taxi.glitch.me/
2019-01-07 03:21:03|https://tasty-taxi.glitch.me/
2019-01-07 03:21:06|https://tasty-taxi.glitch.me/
2019-01-07 03:21:09|https://tasty-taxi.glitch.me/
2019-01-07 03:21:10|https://glitch.com/edit/#!/tasty-taxi?path=index.html:11:25
2019-01-07 03:21:21|https://tasty-taxi.glitch.me/
2019-01-07 03:21:24|https://tasty-taxi.glitch.me/
2019-01-07 03:21:27|https://tasty-taxi.glitch.me/
2019-01-07 03:21:29|https://tasty-taxi.glitch.me/
2019-01-07 03:21:30|https://glitch.com/edit/#!/tasty-taxi?path=index.html:11:16
2019-01-07 03:21:42|https://tasty-taxi.glitch.me/
2019-01-07 03:21:45|https://tasty-taxi.glitch.me/
2019-01-07 03:21:54|https://tasty-taxi.glitch.me/
2019-01-07 03:21:56|https://glitch.com/edit/#!/tasty-taxi?path=index.html:11:15
2019-01-07 03:21:56|https://tasty-taxi.glitch.me/
2019-01-07 03:22:04|https://tasty-taxi.glitch.me/
2019-01-07 03:22:06|https://tasty-taxi.glitch.me/
2019-01-07 03:22:08|https://tasty-taxi.glitch.me/
2019-01-07 03:22:08|https://glitch.com/edit/#!/tasty-taxi?path=index.html:11:12
2019-01-07 03:55:45|https://aframe.io/
2019-01-07 03:56:19|https://aframe.io/0.8.0/introduction
2019-01-07 03:57:07|http://www.aframe.io/0.8.0/introduction
2019-01-07 03:57:07|https://www.aframe.io/0.8.0/introduction
2019-01-07 03:57:07|http://aframe.io/0.8.0/introduction
2019-01-07 03:57:07|https://aframe.io/0.8.0/introduction
2019-01-07 03:57:23|https://aframe.io/docs/0.8.0/introduction
2019-01-07 03:57:24|http://aframe.io/docs/0.8.0/introduction/
2019-01-07 03:57:24|https://aframe.io/docs/0.8.0/introduction/
2019-01-07 03:59:48|https://aframe.io/
2019-01-07 03:59:57|https://aframe.io/examples/showcase/helloworld/
2019-01-07 04:01:07|https://glitch.com/~aframe
2019-01-07 04:01:38|https://glitch.com/edit/#!/remix/aframe
2019-01-07 04:01:40|https://glitch.com/edit/#!/
2019-01-07 04:01:40|https://glitch.com/edit/#!/wooden-flare
2019-01-07 04:05:10|https://glitch.com/edit/#!/wooden-flare?path=index.html:1:0
2019-01-07 04:05:16|https://www.google.com/search?q=html+colour+codes&ie=utf-8&oe=utf-8&client=firefox-b-ab
2019-01-07 04:05:48|https://glitch.com/edit/#!/wooden-flare?path=index.html:10:39
2019-01-07 04:05:49|https://wooden-flare.glitch.me/
2019-01-07 04:06:56|https://wooden-flare.glitch.me/
2019-01-07 04:07:00|https://wooden-flare.glitch.me/
2019-01-07 04:07:01|https://wooden-flare.glitch.me/
2019-01-07 04:07:10|https://wooden-flare.glitch.me/
2019-01-07 04:07:11|https://wooden-flare.glitch.me/
2019-01-07 04:07:13|https://wooden-flare.glitch.me/
2019-01-07 04:07:20|https://wooden-flare.glitch.me/
2019-01-07 04:07:25|https://wooden-flare.glitch.me/
2019-01-07 04:07:27|https://wooden-flare.glitch.me/
2019-01-07 04:07:29|https://wooden-flare.glitch.me/
2019-01-07 04:07:31|https://wooden-flare.glitch.me/
2019-01-07 04:07:32|https://glitch.com/edit/#!/wooden-flare?path=index.html:11:45
2019-01-07 04:09:15|https://wooden-flare.glitch.me/
2019-01-07 04:09:16|https://wooden-flare.glitch.me/
2019-01-07 04:09:16|https://wooden-flare.glitch.me/
2019-01-07 04:09:17|https://wooden-flare.glitch.me/
2019-01-07 04:09:21|https://wooden-flare.glitch.me/
2019-01-07 04:09:22|https://wooden-flare.glitch.me/
2019-01-07 04:09:27|https://wooden-flare.glitch.me/
2019-01-07 04:09:28|https://wooden-flare.glitch.me/
2019-01-07 04:09:29|https://wooden-flare.glitch.me/
2019-01-07 04:09:59|https://wooden-flare.glitch.me/
2019-01-07 04:10:00|https://wooden-flare.glitch.me/
2019-01-07 04:10:33|https://wooden-flare.glitch.me/
2019-01-07 04:10:40|https://wooden-flare.glitch.me/
2019-01-07 04:10:41|https://wooden-flare.glitch.me/
2019-01-07 04:10:46|https://wooden-flare.glitch.me/
2019-01-07 04:10:48|https://wooden-flare.glitch.me/
2019-01-07 04:10:49|https://wooden-flare.glitch.me/
2019-01-07 04:10:51|https://wooden-flare.glitch.me/
2019-01-07 04:10:51|https://wooden-flare.glitch.me/
2019-01-07 04:10:54|https://wooden-flare.glitch.me/
2019-01-07 04:10:56|https://wooden-flare.glitch.me/
2019-01-07 04:10:59|https://wooden-flare.glitch.me/
2019-01-07 04:10:59|https://wooden-flare.glitch.me/
2019-01-07 04:11:03|https://wooden-flare.glitch.me/
2019-01-07 04:11:07|https://wooden-flare.glitch.me/
2019-01-07 04:11:08|https://wooden-flare.glitch.me/
2019-01-07 04:11:11|https://wooden-flare.glitch.me/
2019-01-07 04:11:12|https://wooden-flare.glitch.me/
2019-01-07 04:11:14|https://wooden-flare.glitch.me/
2019-01-07 04:11:18|https://wooden-flare.glitch.me/
2019-01-07 04:11:18|https://wooden-flare.glitch.me/
2019-01-07 04:11:23|https://wooden-flare.glitch.me/
2019-01-07 04:11:26|https://wooden-flare.glitch.me/
2019-01-07 04:11:29|https://wooden-flare.glitch.me/
2019-01-07 04:11:32|https://wooden-flare.glitch.me/
2019-01-07 04:11:36|https://wooden-flare.glitch.me/
2019-01-07 04:11:37|https://wooden-flare.glitch.me/
2019-01-07 04:11:40|https://wooden-flare.glitch.me/
2019-01-07 04:11:41|https://wooden-flare.glitch.me/
2019-01-07 04:11:42|https://wooden-flare.glitch.me/
2019-01-07 04:11:44|https://wooden-flare.glitch.me/
2019-01-07 04:11:45|https://wooden-flare.glitch.me/
2019-01-07 04:11:47|https://wooden-flare.glitch.me/
2019-01-07 04:11:48|https://wooden-flare.glitch.me/
2019-01-07 04:11:49|https://wooden-flare.glitch.me/
2019-01-07 04:11:50|https://wooden-flare.glitch.me/
2019-01-07 04:11:54|https://wooden-flare.glitch.me/
2019-01-07 04:11:55|https://wooden-flare.glitch.me/
2019-01-07 04:11:57|https://wooden-flare.glitch.me/
2019-01-07 04:11:58|https://wooden-flare.glitch.me/
2019-01-07 04:12:03|https://wooden-flare.glitch.me/
2019-01-07 04:12:06|https://wooden-flare.glitch.me/
2019-01-07 04:12:13|https://wooden-flare.glitch.me/
2019-01-07 04:12:16|https://wooden-flare.glitch.me/
2019-01-07 04:12:19|https://wooden-flare.glitch.me/
2019-01-07 04:12:20|https://wooden-flare.glitch.me/
2019-01-07 04:12:22|https://wooden-flare.glitch.me/
2019-01-07 04:12:23|https://wooden-flare.glitch.me/
2019-01-07 04:12:26|https://wooden-flare.glitch.me/
2019-01-07 04:12:29|https://wooden-flare.glitch.me/
2019-01-07 04:12:30|https://wooden-flare.glitch.me/
2019-01-07 04:12:32|https://wooden-flare.glitch.me/
2019-01-07 04:12:35|https://wooden-flare.glitch.me/
2019-01-07 04:12:39|https://wooden-flare.glitch.me/
2019-01-07 04:12:40|https://wooden-flare.glitch.me/
2019-01-07 04:12:45|https://wooden-flare.glitch.me/
2019-01-07 04:12:45|https://wooden-flare.glitch.me/
2019-01-07 04:12:51|https://wooden-flare.glitch.me/
2019-01-07 04:12:54|https://wooden-flare.glitch.me/
2019-01-07 04:12:56|https://wooden-flare.glitch.me/
2019-01-07 04:13:03|https://wooden-flare.glitch.me/
2019-01-07 04:13:05|https://wooden-flare.glitch.me/
2019-01-07 04:13:08|https://wooden-flare.glitch.me/
2019-01-07 04:13:21|https://wooden-flare.glitch.me/
2019-01-07 04:13:22|https://glitch.com/edit/#!/wooden-flare?path=index.html:17:25
2019-01-07 04:13:46|https://wooden-flare.glitch.me/
2019-01-07 04:13:47|https://wooden-flare.glitch.me/
2019-01-07 04:13:50|https://wooden-flare.glitch.me/
2019-01-07 04:13:51|https://wooden-flare.glitch.me/
2019-01-07 04:13:53|https://wooden-flare.glitch.me/
2019-01-07 04:13:54|https://wooden-flare.glitch.me/
2019-01-07 04:13:58|https://wooden-flare.glitch.me/
2019-01-07 04:14:02|https://wooden-flare.glitch.me/
2019-01-07 04:14:05|https://wooden-flare.glitch.me/
2019-01-07 04:14:07|https://wooden-flare.glitch.me/
2019-01-07 04:14:07|https://wooden-flare.glitch.me/
2019-01-07 04:14:08|https://glitch.com/edit/#!/wooden-flare?path=index.html:13:19
2019-01-07 04:14:21|https://wooden-flare.glitch.me/
2019-01-07 04:14:22|https://wooden-flare.glitch.me/
2019-01-07 04:14:29|https://wooden-flare.glitch.me/
2019-01-07 04:14:32|https://wooden-flare.glitch.me/
2019-01-07 04:14:34|https://glitch.com/edit/#!/wooden-flare?path=index.html:17:25
2019-01-07 04:14:56|https://wooden-flare.glitch.me/
2019-01-07 04:15:11|https://www.rapidtables.com/web/color/html-color-codes.html
2019-01-07 04:16:45|https://wooden-flare.glitch.me/
2019-01-07 04:16:49|https://wooden-flare.glitch.me/
2019-01-07 04:16:53|https://glitch.com/edit/#!/wooden-flare?path=index.html:21:87
2019-01-07 04:17:22|https://wooden-flare.glitch.me/
2019-01-07 04:17:25|https://wooden-flare.glitch.me/
2019-01-07 04:17:26|https://glitch.com/edit/#!/wooden-flare?path=index.html:21:84
2019-01-07 04:17:32|https://wooden-flare.glitch.me/
2019-01-07 04:17:33|https://wooden-flare.glitch.me/
2019-01-07 04:17:38|https://wooden-flare.glitch.me/
2019-01-07 04:17:47|https://wooden-flare.glitch.me/
2019-01-07 04:18:03|https://glitch.com/edit/#!/wooden-flare?path=index.html:19:46
2019-01-07 04:18:21|https://wooden-flare.glitch.me/
2019-01-07 04:18:22|https://wooden-flare.glitch.me/
2019-01-07 04:18:23|https://glitch.com/edit/#!/wooden-flare?path=index.html:21:32
2019-01-07 04:18:35|https://wooden-flare.glitch.me/
2019-01-07 04:18:35|https://wooden-flare.glitch.me/
2019-01-07 04:18:38|https://glitch.com/edit/#!/wooden-flare?path=index.html:20:36
2019-01-07 04:18:49|https://wooden-flare.glitch.me/
2019-01-07 04:18:51|https://wooden-flare.glitch.me/
2019-01-07 04:18:54|https://wooden-flare.glitch.me/
2019-01-07 04:18:55|https://wooden-flare.glitch.me/
2019-01-07 04:18:56|https://wooden-flare.glitch.me/
2019-01-07 04:18:57|https://wooden-flare.glitch.me/
2019-01-07 04:18:58|https://wooden-flare.glitch.me/
2019-01-07 04:18:59|https://glitch.com/edit/#!/wooden-flare?path=index.html:20:48
2019-01-07 04:19:12|https://wooden-flare.glitch.me/
2019-01-07 04:19:13|https://wooden-flare.glitch.me/
2019-01-07 04:19:13|https://glitch.com/edit/#!/wooden-flare?path=index.html:20:36
2019-01-07 04:19:40|https://wooden-flare.glitch.me/
2019-01-07 04:19:41|https://wooden-flare.glitch.me/
2019-01-07 04:19:42|https://glitch.com/edit/#!/wooden-flare?path=index.html:20:29
2019-01-07 04:19:54|https://wooden-flare.glitch.me/
2019-01-07 04:19:55|https://wooden-flare.glitch.me/
2019-01-07 04:19:56|https://wooden-flare.glitch.me/
2019-01-07 04:19:56|https://glitch.com/edit/#!/wooden-flare?path=index.html:20:58
2019-01-07 04:20:12|https://wooden-flare.glitch.me/
2019-01-07 04:20:13|https://wooden-flare.glitch.me/
2019-01-07 04:20:19|https://wooden-flare.glitch.me/
2019-01-07 04:20:20|https://wooden-flare.glitch.me/
2019-01-07 04:20:29|https://wooden-flare.glitch.me/
2019-01-07 04:20:31|https://wooden-flare.glitch.me/
2019-01-07 04:20:31|https://wooden-flare.glitch.me/
2019-01-07 04:20:32|https://glitch.com/edit/#!/wooden-flare?path=index.html:21:46
2019-01-07 04:20:44|https://wooden-flare.glitch.me/
2019-01-07 04:20:45|https://wooden-flare.glitch.me/
2019-01-07 04:20:46|https://glitch.com/edit/#!/wooden-flare?path=index.html:19:30
2019-01-07 04:21:16|https://wooden-flare.glitch.me/
2019-01-07 04:21:16|https://wooden-flare.glitch.me/
2019-01-07 04:21:18|https://wooden-flare.glitch.me/
2019-01-07 04:21:18|https://glitch.com/edit/#!/wooden-flare?path=index.html:19:46
2019-01-07 04:21:25|https://wooden-flare.glitch.me/
2019-01-07 04:21:26|https://wooden-flare.glitch.me/
2019-01-07 04:21:27|https://wooden-flare.glitch.me/
2019-01-07 04:21:28|https://glitch.com/edit/#!/wooden-flare?path=index.html:19:44
2019-01-07 04:21:44|https://wooden-flare.glitch.me/
2019-01-07 04:21:47|https://wooden-flare.glitch.me/
2019-01-07 04:22:04|https://wooden-flare.glitch.me/
2019-01-07 04:22:05|https://wooden-flare.glitch.me/
2019-01-07 04:22:06|https://wooden-flare.glitch.me/
2019-01-07 04:22:10|https://wooden-flare.glitch.me/
2019-01-07 04:22:11|https://wooden-flare.glitch.me/
2019-01-07 04:22:14|https://wooden-flare.glitch.me/
2019-01-07 04:22:15|https://wooden-flare.glitch.me/
2019-01-07 04:22:16|https://wooden-flare.glitch.me/
2019-01-07 04:22:17|https://wooden-flare.glitch.me/
2019-01-07 04:22:19|https://wooden-flare.glitch.me/
2019-01-07 04:22:20|https://wooden-flare.glitch.me/
2019-01-07 04:22:23|https://wooden-flare.glitch.me/
2019-01-07 04:22:24|https://wooden-flare.glitch.me/
2019-01-07 04:22:28|https://wooden-flare.glitch.me/
2019-01-07 04:22:36|https://wooden-flare.glitch.me/
2019-01-07 04:22:37|https://wooden-flare.glitch.me/
2019-01-07 04:22:38|https://wooden-flare.glitch.me/
2019-01-07 04:22:39|https://wooden-flare.glitch.me/
2019-01-07 04:22:40|https://wooden-flare.glitch.me/
2019-01-07 04:22:45|https://wooden-flare.glitch.me/
2019-01-07 04:22:51|https://wooden-flare.glitch.me/
2019-01-07 04:22:51|https://wooden-flare.glitch.me/
2019-01-07 04:23:04|https://wooden-flare.glitch.me/
2019-01-07 04:23:05|https://wooden-flare.glitch.me/
2019-01-07 04:23:06|https://wooden-flare.glitch.me/
2019-01-07 04:23:09|https://wooden-flare.glitch.me/
2019-01-07 04:23:10|https://wooden-flare.glitch.me/
2019-01-07 04:23:12|https://glitch.com/edit/#!/wooden-flare?path=index.html:22:73
2019-01-07 04:23:27|https://wooden-flare.glitch.me/
2019-01-07 04:23:29|https://wooden-flare.glitch.me/
2019-01-07 04:23:32|https://wooden-flare.glitch.me/
2019-01-07 04:23:36|https://wooden-flare.glitch.me/
2019-01-07 04:23:38|https://glitch.com/edit/#!/wooden-flare?path=index.html:25:7
2019-01-07 04:24:21|https://wooden-flare.glitch.me/
2019-01-07 04:24:23|https://wooden-flare.glitch.me/
2019-01-07 04:24:24|https://wooden-flare.glitch.me/
2019-01-07 04:24:26|https://wooden-flare.glitch.me/
2019-01-07 04:24:28|https://glitch.com/edit/#!/wooden-flare?path=index.html:22:32
2019-01-07 04:24:36|https://wooden-flare.glitch.me/
2019-01-07 04:24:37|https://wooden-flare.glitch.me/
2019-01-07 04:24:38|https://wooden-flare.glitch.me/
2019-01-07 04:24:39|https://glitch.com/edit/#!/wooden-flare?path=index.html:22:64
2019-01-07 04:25:08|https://wooden-flare.glitch.me/
2019-01-07 04:25:09|https://wooden-flare.glitch.me/
2019-01-07 04:25:17|https://wooden-flare.glitch.me/
2019-01-07 04:25:20|https://wooden-flare.glitch.me/
2019-01-07 04:25:24|https://wooden-flare.glitch.me/
2019-01-07 04:25:26|https://wooden-flare.glitch.me/
2019-01-07 04:25:27|https://glitch.com/edit/#!/wooden-flare?path=index.html:22:65
2019-01-07 04:25:55|https://wooden-flare.glitch.me/
2019-01-07 04:25:56|https://wooden-flare.glitch.me/
2019-01-07 04:25:58|https://glitch.com/edit/#!/wooden-flare?path=index.html:22:47
2019-01-07 04:26:21|https://wooden-flare.glitch.me/
2019-01-07 04:26:22|https://wooden-flare.glitch.me/
2019-01-07 04:26:24|https://wooden-flare.glitch.me/
2019-01-07 04:26:29|https://wooden-flare.glitch.me/
2019-01-07 04:26:30|https://wooden-flare.glitch.me/
2019-01-07 04:26:32|https://wooden-flare.glitch.me/
2019-01-07 04:26:33|https://glitch.com/edit/#!/wooden-flare?path=index.html:22:107
2019-01-07 04:27:13|https://wooden-flare.glitch.me/
2019-01-07 04:27:14|https://wooden-flare.glitch.me/
2019-01-07 04:27:16|https://wooden-flare.glitch.me/
2019-01-07 04:27:20|https://wooden-flare.glitch.me/
2019-01-07 04:27:23|https://wooden-flare.glitch.me/
2019-01-07 04:27:28|https://glitch.com/edit/#!/wooden-flare?path=index.html:22:113
2019-01-07 04:27:37|https://wooden-flare.glitch.me/
2019-01-07 04:27:41|https://wooden-flare.glitch.me/
2019-01-07 04:27:42|https://wooden-flare.glitch.me/
2019-01-07 04:27:56|https://wooden-flare.glitch.me/
2019-01-07 04:27:57|https://glitch.com/edit/#!/wooden-flare?path=index.html:22:107
2019-01-07 04:28:06|https://wooden-flare.glitch.me/
2019-01-07 04:28:07|https://wooden-flare.glitch.me/
2019-01-07 04:28:08|https://glitch.com/edit/#!/wooden-flare?path=index.html:22:71
2019-01-07 04:28:17|https://wooden-flare.glitch.me/
2019-01-07 04:28:17|https://wooden-flare.glitch.me/
2019-01-07 04:28:17|https://glitch.com/edit/#!/wooden-flare?path=index.html:22:72
2019-01-13 23:48:52|https://www.google.com/search?q=summer+2019.compclub.com.au&ie=utf-8&oe=utf-8&client=firefox-b
2019-01-13 23:49:02|https://www.google.com/search?client=firefox-b&ei=ZM47XJvTHojdvATU4oXADA&q=summer2019.compclub.com.au&oq=summer2019.compclub.com.au&gs_l=psy-ab.3...7858.7858..9455...0.0..0.125.125.0j1......0....1..gws-wiz.DwD_4-drm_A
2019-01-13 23:49:14|http://summer2019.compclub.com.au/
2019-01-13 23:49:14|https://summer2019.compclub.com.au/
2019-01-13 23:49:16|https://summer2019.compclub.com.au/day1
2019-01-13 23:49:38|https://docs.google.com/presentation/d/1ZGBVwbD055fzcnudI-pQU3fgEPk7WIt_AVH127H_qzQ/edit?usp=sharing
2019-01-13 23:49:38|https://docs.google.com/presentation/d/1ZGBVwbD055fzcnudI-pQU3fgEPk7WIt_AVH127H_qzQ/edit
2019-01-13 23:49:40|https://docs.google.com/presentation/d/1ZGBVwbD055fzcnudI-pQU3fgEPk7WIt_AVH127H_qzQ/edit#slide=id.g3cbf3982fb_4_0
2019-01-13 23:49:41|https://docs.google.com/presentation/d/1ZGBVwbD055fzcnudI-pQU3fgEPk7WIt_AVH127H_qzQ/edit#slide=id.g3d17a7de66_0_44
2019-01-13 23:49:43|https://docs.google.com/presentation/d/1ZGBVwbD055fzcnudI-pQU3fgEPk7WIt_AVH127H_qzQ/edit#slide=id.g3d17a7de66_0_155
2019-01-13 23:49:47|https://docs.google.com/presentation/d/1ZGBVwbD055fzcnudI-pQU3fgEPk7WIt_AVH127H_qzQ/edit#slide=id.g3d17a7de66_0_44
2019-01-13 23:49:54|https://docs.google.com/presentation/d/1ZGBVwbD055fzcnudI-pQU3fgEPk7WIt_AVH127H_qzQ/edit#slide=id.g3d17a7de66_0_164
2019-01-13 23:49:59|https://docs.google.com/presentation/d/1ZGBVwbD055fzcnudI-pQU3fgEPk7WIt_AVH127H_qzQ/edit#slide=id.g3d17a7de66_0_155
2019-01-13 23:50:01|https://docs.google.com/presentation/d/1ZGBVwbD055fzcnudI-pQU3fgEPk7WIt_AVH127H_qzQ/edit#slide=id.g3d17a7de66_0_164
2019-01-13 23:50:09|https://docs.google.com/presentation/d/1ZGBVwbD055fzcnudI-pQU3fgEPk7WIt_AVH127H_qzQ/edit#slide=id.g3cbf3982fb_4_0
2019-01-13 23:50:09|https://docs.google.com/presentation/d/1ZGBVwbD055fzcnudI-pQU3fgEPk7WIt_AVH127H_qzQ/edit#slide=id.g3d17a7de66_0_44
2019-01-13 23:50:10|https://docs.google.com/presentation/d/1ZGBVwbD055fzcnudI-pQU3fgEPk7WIt_AVH127H_qzQ/edit#slide=id.g3d17a7de66_0_155
2019-01-13 23:50:15|https://repl.it/languages/python3
2019-01-13 23:50:17|https://repl.it/repls/GlisteningAlertSymbols
2019-01-13 23:51:36|https://docs.google.com/presentation/d/1ZGBVwbD055fzcnudI-pQU3fgEPk7WIt_AVH127H_qzQ/edit#slide=id.g3d17a7de66_0_44
2019-01-13 23:51:40|https://docs.google.com/presentation/d/1ZGBVwbD055fzcnudI-pQU3fgEPk7WIt_AVH127H_qzQ/present?includes_info_params=1&noreplica=1&slide=id.g3d17a7de66_0_44
2019-01-13 23:51:40|https://docs.google.com/presentation/d/1ZGBVwbD055fzcnudI-pQU3fgEPk7WIt_AVH127H_qzQ/present?includes_info_params=1&slide=id.g3d17a7de66_0_44
2019-01-13 23:51:40|https://docs.google.com/presentation/d/1ZGBVwbD055fzcnudI-pQU3fgEPk7WIt_AVH127H_qzQ/present?includes_info_params=1&slide=id.g3d17a7de66_0_44#slide=id.g3d17a7de66_0_44
2019-01-13 23:51:40|https://docs.google.com/presentation/d/1ZGBVwbD055fzcnudI-pQU3fgEPk7WIt_AVH127H_qzQ/present?includes_info_params=1#slide=id.g3d17a7de66_0_44
2019-01-13 23:52:05|https://docs.google.com/presentation/d/1ZGBVwbD055fzcnudI-pQU3fgEPk7WIt_AVH127H_qzQ/present?includes_info_params=1#slide=id.g3d17a7de66_0_155
2019-01-13 23:52:16|https://repl.it/languages/python3
2019-01-13 23:52:17|https://repl.it/repls/MixedLegitimateRegisters
2019-01-13 23:58:59|https://docs.google.com/presentation/d/1ZGBVwbD055fzcnudI-pQU3fgEPk7WIt_AVH127H_qzQ/edit#slide=id.g3d17a7de66_0_155
2019-01-13 23:59:00|https://docs.google.com/presentation/d/1ZGBVwbD055fzcnudI-pQU3fgEPk7WIt_AVH127H_qzQ/edit#slide=id.g3d17a7de66_0_164
2019-01-13 23:59:03|https://docs.google.com/presentation/d/1ZGBVwbD055fzcnudI-pQU3fgEPk7WIt_AVH127H_qzQ/edit#slide=id.g3d17a7de66_0_179
2019-01-14 00:04:57|https://docs.google.com/presentation/d/1ZGBVwbD055fzcnudI-pQU3fgEPk7WIt_AVH127H_qzQ/edit#slide=id.g3d17a7de66_0_194
2019-01-14 00:06:24|https://docs.google.com/presentation/d/1ZGBVwbD055fzcnudI-pQU3fgEPk7WIt_AVH127H_qzQ/edit#slide=id.g4c0796c720_5_0
2019-01-14 00:06:28|https://docs.google.com/presentation/d/1ZGBVwbD055fzcnudI-pQU3fgEPk7WIt_AVH127H_qzQ/edit#slide=id.g3d17a7de66_0_208
2019-01-14 00:06:31|https://docs.google.com/presentation/d/1ZGBVwbD055fzcnudI-pQU3fgEPk7WIt_AVH127H_qzQ/edit#slide=id.g4c0796c720_5_0
2019-01-14 00:06:32|https://docs.google.com/presentation/d/1ZGBVwbD055fzcnudI-pQU3fgEPk7WIt_AVH127H_qzQ/edit#slide=id.g3d17a7de66_0_208
2019-01-14 00:06:38|https://docs.google.com/presentation/d/1ZGBVwbD055fzcnudI-pQU3fgEPk7WIt_AVH127H_qzQ/edit#slide=id.g3d17a7de66_0_216
2019-01-14 00:06:52|https://docs.google.com/presentation/d/1ZGBVwbD055fzcnudI-pQU3fgEPk7WIt_AVH127H_qzQ/edit#slide=id.g3d17a7de66_0_225
2019-01-14 00:07:12|https://docs.google.com/presentation/d/1ZGBVwbD055fzcnudI-pQU3fgEPk7WIt_AVH127H_qzQ/edit#slide=id.g3d17a7de66_0_216
2019-01-14 00:07:13|https://docs.google.com/presentation/d/1ZGBVwbD055fzcnudI-pQU3fgEPk7WIt_AVH127H_qzQ/edit#slide=id.g3d17a7de66_0_208
2019-01-14 00:07:25|https://docs.google.com/presentation/d/1ZGBVwbD055fzcnudI-pQU3fgEPk7WIt_AVH127H_qzQ/edit#slide=id.g3d17a7de66_0_270
2019-01-14 00:07:27|https://docs.google.com/presentation/d/1ZGBVwbD055fzcnudI-pQU3fgEPk7WIt_AVH127H_qzQ/edit#slide=id.g3d17a7de66_0_284
2019-01-14 00:07:36|https://docs.google.com/presentation/d/1ZGBVwbD055fzcnudI-pQU3fgEPk7WIt_AVH127H_qzQ/edit#slide=id.g3d17a7de66_0_179
2019-01-14 00:07:37|https://docs.google.com/presentation/d/1ZGBVwbD055fzcnudI-pQU3fgEPk7WIt_AVH127H_qzQ/edit#slide=id.g3d17a7de66_0_164
2019-01-14 00:07:37|https://docs.google.com/presentation/d/1ZGBVwbD055fzcnudI-pQU3fgEPk7WIt_AVH127H_qzQ/edit#slide=id.g3d17a7de66_0_194
2019-01-14 00:08:22|https://docs.google.com/presentation/d/1ZGBVwbD055fzcnudI-pQU3fgEPk7WIt_AVH127H_qzQ/edit#slide=id.g4c0796c720_5_0
2019-01-14 00:08:23|https://docs.google.com/presentation/d/1ZGBVwbD055fzcnudI-pQU3fgEPk7WIt_AVH127H_qzQ/edit#slide=id.g3d17a7de66_0_208
2019-01-14 00:08:27|https://docs.google.com/presentation/d/1ZGBVwbD055fzcnudI-pQU3fgEPk7WIt_AVH127H_qzQ/edit#slide=id.g3d17a7de66_0_216
2019-01-14 00:08:28|https://docs.google.com/presentation/d/1ZGBVwbD055fzcnudI-pQU3fgEPk7WIt_AVH127H_qzQ/edit#slide=id.g3d17a7de66_0_225
2019-01-14 00:08:29|https://docs.google.com/presentation/d/1ZGBVwbD055fzcnudI-pQU3fgEPk7WIt_AVH127H_qzQ/edit#slide=id.g3d17a7de66_0_235
2019-01-14 00:08:30|https://docs.google.com/presentation/d/1ZGBVwbD055fzcnudI-pQU3fgEPk7WIt_AVH127H_qzQ/edit#slide=id.g3d17a7de66_0_250
2019-01-14 00:08:41|https://docs.google.com/presentation/d/1ZGBVwbD055fzcnudI-pQU3fgEPk7WIt_AVH127H_qzQ/edit#slide=id.g3d17a7de66_0_235
2019-01-14 00:12:13|https://docs.google.com/presentation/d/1ZGBVwbD055fzcnudI-pQU3fgEPk7WIt_AVH127H_qzQ/edit#slide=id.g3d17a7de66_0_250
2019-01-14 00:12:16|https://docs.google.com/presentation/d/1ZGBVwbD055fzcnudI-pQU3fgEPk7WIt_AVH127H_qzQ/edit#slide=id.g3d17a7de66_0_257
2019-01-14 00:12:37|https://docs.google.com/presentation/d/1ZGBVwbD055fzcnudI-pQU3fgEPk7WIt_AVH127H_qzQ/edit#slide=id.g3d17a7de66_0_264
2019-01-14 00:12:45|https://docs.google.com/presentation/d/1ZGBVwbD055fzcnudI-pQU3fgEPk7WIt_AVH127H_qzQ/edit#slide=id.g3d17a7de66_0_270
2019-01-14 00:12:53|https://docs.google.com/presentation/d/1ZGBVwbD055fzcnudI-pQU3fgEPk7WIt_AVH127H_qzQ/edit#slide=id.g3d17a7de66_0_284
2019-01-14 00:13:19|https://docs.google.com/presentation/d/1ZGBVwbD055fzcnudI-pQU3fgEPk7WIt_AVH127H_qzQ/edit#slide=id.g3d17a7de66_0_295
2019-01-14 00:13:22|https://docs.google.com/presentation/d/1ZGBVwbD055fzcnudI-pQU3fgEPk7WIt_AVH127H_qzQ/edit#slide=id.g3c8fdf14fc_0_20
2019-01-14 00:13:40|https://docs.google.com/presentation/d/1ZGBVwbD055fzcnudI-pQU3fgEPk7WIt_AVH127H_qzQ/edit#slide=id.g3c8fdf14fc_0_36
2019-01-14 00:13:54|https://docs.google.com/presentation/d/1ZGBVwbD055fzcnudI-pQU3fgEPk7WIt_AVH127H_qzQ/edit#slide=id.g3c8fdf14fc_0_50
2019-01-14 00:13:56|https://docs.google.com/presentation/d/1ZGBVwbD055fzcnudI-pQU3fgEPk7WIt_AVH127H_qzQ/edit#slide=id.g3c8fdf14fc_0_43
2019-01-14 00:14:02|https://docs.google.com/presentation/d/1ZGBVwbD055fzcnudI-pQU3fgEPk7WIt_AVH127H_qzQ/edit#slide=id.g3d17a7de66_0_250
2019-01-14 00:14:03|https://docs.google.com/presentation/d/1ZGBVwbD055fzcnudI-pQU3fgEPk7WIt_AVH127H_qzQ/edit#slide=id.g3d17a7de66_0_235
2019-01-14 00:14:04|https://docs.google.com/presentation/d/1ZGBVwbD055fzcnudI-pQU3fgEPk7WIt_AVH127H_qzQ/edit#slide=id.g3d17a7de66_0_225
2019-01-14 00:14:12|https://docs.google.com/presentation/d/1ZGBVwbD055fzcnudI-pQU3fgEPk7WIt_AVH127H_qzQ/edit#slide=id.g3d17a7de66_0_216
2019-01-14 00:14:14|https://docs.google.com/presentation/d/1ZGBVwbD055fzcnudI-pQU3fgEPk7WIt_AVH127H_qzQ/edit#slide=id.g3d17a7de66_0_208
2019-01-14 00:17:19|https://docs.google.com/presentation/d/1ZGBVwbD055fzcnudI-pQU3fgEPk7WIt_AVH127H_qzQ/edit#slide=id.g3d17a7de66_0_216
2019-01-14 00:17:19|https://docs.google.com/presentation/d/1ZGBVwbD055fzcnudI-pQU3fgEPk7WIt_AVH127H_qzQ/edit#slide=id.g3d17a7de66_0_225
2019-01-14 00:17:20|https://docs.google.com/presentation/d/1ZGBVwbD055fzcnudI-pQU3fgEPk7WIt_AVH127H_qzQ/edit#slide=id.g3d17a7de66_0_235
2019-01-14 00:17:22|https://docs.google.com/presentation/d/1ZGBVwbD055fzcnudI-pQU3fgEPk7WIt_AVH127H_qzQ/edit#slide=id.g3d17a7de66_0_250
2019-01-14 00:17:22|https://docs.google.com/presentation/d/1ZGBVwbD055fzcnudI-pQU3fgEPk7WIt_AVH127H_qzQ/edit#slide=id.g3d17a7de66_0_257
2019-01-14 00:17:23|https://docs.google.com/presentation/d/1ZGBVwbD055fzcnudI-pQU3fgEPk7WIt_AVH127H_qzQ/edit#slide=id.g3d17a7de66_0_264
2019-01-14 00:17:25|https://docs.google.com/presentation/d/1ZGBVwbD055fzcnudI-pQU3fgEPk7WIt_AVH127H_qzQ/edit#slide=id.g3d17a7de66_0_270
2019-01-14 00:17:26|https://docs.google.com/presentation/d/1ZGBVwbD055fzcnudI-pQU3fgEPk7WIt_AVH127H_qzQ/edit#slide=id.g3d17a7de66_0_284
2019-01-14 00:17:28|https://docs.google.com/presentation/d/1ZGBVwbD055fzcnudI-pQU3fgEPk7WIt_AVH127H_qzQ/edit#slide=id.g3d17a7de66_0_295
2019-01-14 00:17:29|https://docs.google.com/presentation/d/1ZGBVwbD055fzcnudI-pQU3fgEPk7WIt_AVH127H_qzQ/edit#slide=id.g3c8fdf14fc_0_0
2019-01-14 00:17:35|https://docs.google.com/presentation/d/1ZGBVwbD055fzcnudI-pQU3fgEPk7WIt_AVH127H_qzQ/edit#slide=id.g3c8fdf14fc_0_114
2019-01-14 00:17:37|https://docs.google.com/presentation/d/1ZGBVwbD055fzcnudI-pQU3fgEPk7WIt_AVH127H_qzQ/edit#slide=id.g3c8fdf14fc_0_108
2019-01-14 00:17:43|https://docs.google.com/presentation/d/1ZGBVwbD055fzcnudI-pQU3fgEPk7WIt_AVH127H_qzQ/edit#slide=id.g3c8fdf14fc_0_102
2019-01-14 00:17:44|https://docs.google.com/presentation/d/1ZGBVwbD055fzcnudI-pQU3fgEPk7WIt_AVH127H_qzQ/edit#slide=id.g3c8fdf14fc_0_96
2019-01-14 00:17:45|https://docs.google.com/presentation/d/1ZGBVwbD055fzcnudI-pQU3fgEPk7WIt_AVH127H_qzQ/edit#slide=id.g3cbf3982fb_0_63
2019-01-14 00:17:50|https://docs.google.com/presentation/d/1ZGBVwbD055fzcnudI-pQU3fgEPk7WIt_AVH127H_qzQ/edit#slide=id.g3cbf3982fb_0_29
2019-01-14 00:17:52|https://docs.google.com/presentation/d/1ZGBVwbD055fzcnudI-pQU3fgEPk7WIt_AVH127H_qzQ/edit#slide=id.g3cbf3982fb_0_14
2019-01-14 00:17:54|https://docs.google.com/presentation/d/1ZGBVwbD055fzcnudI-pQU3fgEPk7WIt_AVH127H_qzQ/edit#slide=id.g3c8fdf14fc_0_84
2019-01-14 00:17:55|https://docs.google.com/presentation/d/1ZGBVwbD055fzcnudI-pQU3fgEPk7WIt_AVH127H_qzQ/edit#slide=id.g3c8fdf14fc_0_69
2019-01-14 00:17:58|https://docs.google.com/presentation/d/1ZGBVwbD055fzcnudI-pQU3fgEPk7WIt_AVH127H_qzQ/edit#slide=id.g3c8fdf14fc_0_50
2019-01-14 00:17:59|https://docs.google.com/presentation/d/1ZGBVwbD055fzcnudI-pQU3fgEPk7WIt_AVH127H_qzQ/edit#slide=id.g3c8fdf14fc_0_20
2019-01-14 00:18:02|https://docs.google.com/presentation/d/1ZGBVwbD055fzcnudI-pQU3fgEPk7WIt_AVH127H_qzQ/edit#slide=id.g3c8fdf14fc_0_43
2019-01-14 00:18:03|https://docs.google.com/presentation/d/1ZGBVwbD055fzcnudI-pQU3fgEPk7WIt_AVH127H_qzQ/edit#slide=id.g3c8fdf14fc_0_50
2019-01-14 00:18:06|https://docs.google.com/presentation/d/1ZGBVwbD055fzcnudI-pQU3fgEPk7WIt_AVH127H_qzQ/edit#slide=id.g3c8fdf14fc_0_43
2019-01-14 00:18:10|https://docs.google.com/presentation/d/1ZGBVwbD055fzcnudI-pQU3fgEPk7WIt_AVH127H_qzQ/edit#slide=id.g3c8fdf14fc_0_69
2019-01-14 00:18:12|https://docs.google.com/presentation/d/1ZGBVwbD055fzcnudI-pQU3fgEPk7WIt_AVH127H_qzQ/edit#slide=id.g3c8fdf14fc_0_76
2019-01-14 00:18:15|https://docs.google.com/presentation/d/1ZGBVwbD055fzcnudI-pQU3fgEPk7WIt_AVH127H_qzQ/edit#slide=id.g3c8fdf14fc_0_84
2019-01-14 00:18:25|https://docs.google.com/presentation/d/1ZGBVwbD055fzcnudI-pQU3fgEPk7WIt_AVH127H_qzQ/edit#slide=id.g3cbf3982fb_0_1
2019-01-14 00:18:29|https://docs.google.com/presentation/d/1ZGBVwbD055fzcnudI-pQU3fgEPk7WIt_AVH127H_qzQ/edit#slide=id.g3cbf3982fb_0_14
2019-01-14 00:18:30|https://docs.google.com/presentation/d/1ZGBVwbD055fzcnudI-pQU3fgEPk7WIt_AVH127H_qzQ/edit#slide=id.g3cbf3982fb_0_9
2019-01-14 00:18:34|https://docs.google.com/presentation/d/1ZGBVwbD055fzcnudI-pQU3fgEPk7WIt_AVH127H_qzQ/edit#slide=id.g3cbf3982fb_0_22
2019-01-14 00:18:40|https://docs.google.com/presentation/d/1ZGBVwbD055fzcnudI-pQU3fgEPk7WIt_AVH127H_qzQ/edit#slide=id.g3c8fdf14fc_0_76
2019-01-14 00:18:40|https://docs.google.com/presentation/d/1ZGBVwbD055fzcnudI-pQU3fgEPk7WIt_AVH127H_qzQ/edit#slide=id.g3c8fdf14fc_0_69
2019-01-14 00:18:41|https://docs.google.com/presentation/d/1ZGBVwbD055fzcnudI-pQU3fgEPk7WIt_AVH127H_qzQ/edit#slide=id.g3c8fdf14fc_0_43
2019-01-14 00:18:43|https://docs.google.com/presentation/d/1ZGBVwbD055fzcnudI-pQU3fgEPk7WIt_AVH127H_qzQ/edit#slide=id.g3c8fdf14fc_0_50
2019-01-14 00:18:45|https://docs.google.com/presentation/d/1ZGBVwbD055fzcnudI-pQU3fgEPk7WIt_AVH127H_qzQ/edit#slide=id.g3c8fdf14fc_0_36
2019-01-14 00:18:47|https://docs.google.com/presentation/d/1ZGBVwbD055fzcnudI-pQU3fgEPk7WIt_AVH127H_qzQ/edit#slide=id.g3c8fdf14fc_0_20
2019-01-14 00:18:49|https://docs.google.com/presentation/d/1ZGBVwbD055fzcnudI-pQU3fgEPk7WIt_AVH127H_qzQ/edit#slide=id.g3d17a7de66_0_216
2019-01-14 00:18:50|https://docs.google.com/presentation/d/1ZGBVwbD055fzcnudI-pQU3fgEPk7WIt_AVH127H_qzQ/edit#slide=id.g3d17a7de66_0_225
2019-01-14 00:18:51|https://docs.google.com/presentation/d/1ZGBVwbD055fzcnudI-pQU3fgEPk7WIt_AVH127H_qzQ/edit#slide=id.g3d17a7de66_0_235
2019-01-14 00:18:53|https://docs.google.com/presentation/d/1ZGBVwbD055fzcnudI-pQU3fgEPk7WIt_AVH127H_qzQ/edit#slide=id.g3d17a7de66_0_250
2019-01-14 00:18:53|https://docs.google.com/presentation/d/1ZGBVwbD055fzcnudI-pQU3fgEPk7WIt_AVH127H_qzQ/edit#slide=id.g3d17a7de66_0_257
2019-01-14 00:18:55|https://docs.google.com/presentation/d/1ZGBVwbD055fzcnudI-pQU3fgEPk7WIt_AVH127H_qzQ/edit#slide=id.g3d17a7de66_0_235
2019-01-14 00:20:12|https://docs.google.com/presentation/d/1ZGBVwbD055fzcnudI-pQU3fgEPk7WIt_AVH127H_qzQ/present?includes_info_params=1#slide=id.g3d17a7de66_0_164
2019-01-14 00:20:13|https://docs.google.com/presentation/d/1ZGBVwbD055fzcnudI-pQU3fgEPk7WIt_AVH127H_qzQ/present?includes_info_params=1#slide=id.g3d17a7de66_0_155
2019-01-14 00:20:13|https://docs.google.com/presentation/d/1ZGBVwbD055fzcnudI-pQU3fgEPk7WIt_AVH127H_qzQ/present?includes_info_params=1#slide=id.g3d17a7de66_0_44
2019-01-14 00:20:13|https://docs.google.com/presentation/d/1ZGBVwbD055fzcnudI-pQU3fgEPk7WIt_AVH127H_qzQ/present?includes_info_params=1#slide=id.g3cbf3982fb_4_0
2019-01-14 00:20:14|https://docs.google.com/presentation/d/1ZGBVwbD055fzcnudI-pQU3fgEPk7WIt_AVH127H_qzQ/present?includes_info_params=1#slide=id.g3d17a7de66_0_44
2019-01-14 00:20:15|https://docs.google.com/presentation/d/1ZGBVwbD055fzcnudI-pQU3fgEPk7WIt_AVH127H_qzQ/present?includes_info_params=1#slide=id.g3d17a7de66_0_155
2019-01-14 00:20:15|https://docs.google.com/presentation/d/1ZGBVwbD055fzcnudI-pQU3fgEPk7WIt_AVH127H_qzQ/present?includes_info_params=1#slide=id.g3d17a7de66_0_164
2019-01-14 00:20:16|https://docs.google.com/presentation/d/1ZGBVwbD055fzcnudI-pQU3fgEPk7WIt_AVH127H_qzQ/present?includes_info_params=1#slide=id.g3d17a7de66_0_179
2019-01-14 00:20:17|https://docs.google.com/presentation/d/1ZGBVwbD055fzcnudI-pQU3fgEPk7WIt_AVH127H_qzQ/present?includes_info_params=1#slide=id.g3d17a7de66_0_194
2019-01-14 00:20:17|https://docs.google.com/presentation/d/1ZGBVwbD055fzcnudI-pQU3fgEPk7WIt_AVH127H_qzQ/present?includes_info_params=1#slide=id.g4c0796c720_5_0
2019-01-14 00:20:17|https://docs.google.com/presentation/d/1ZGBVwbD055fzcnudI-pQU3fgEPk7WIt_AVH127H_qzQ/present?includes_info_params=1#slide=id.g3d17a7de66_0_208
2019-01-14 00:20:18|https://docs.google.com/presentation/d/1ZGBVwbD055fzcnudI-pQU3fgEPk7WIt_AVH127H_qzQ/present?includes_info_params=1#slide=id.g4c0796c720_5_0
2019-01-14 00:20:18|https://docs.google.com/presentation/d/1ZGBVwbD055fzcnudI-pQU3fgEPk7WIt_AVH127H_qzQ/present?includes_info_params=1#slide=id.g3d17a7de66_0_194
2019-01-14 00:20:18|https://docs.google.com/presentation/d/1ZGBVwbD055fzcnudI-pQU3fgEPk7WIt_AVH127H_qzQ/present?includes_info_params=1#slide=id.g3d17a7de66_0_179
2019-01-14 00:20:19|https://docs.google.com/presentation/d/1ZGBVwbD055fzcnudI-pQU3fgEPk7WIt_AVH127H_qzQ/present?includes_info_params=1#slide=id.g3d17a7de66_0_164
2019-01-14 00:20:20|https://docs.google.com/presentation/d/1ZGBVwbD055fzcnudI-pQU3fgEPk7WIt_AVH127H_qzQ/present?includes_info_params=1#slide=id.g3d17a7de66_0_155
2019-01-14 00:20:21|https://docs.google.com/presentation/d/1ZGBVwbD055fzcnudI-pQU3fgEPk7WIt_AVH127H_qzQ/present?includes_info_params=1#slide=id.g3d17a7de66_0_164
2019-01-14 00:20:31|https://docs.google.com/presentation/d/1ZGBVwbD055fzcnudI-pQU3fgEPk7WIt_AVH127H_qzQ/present?includes_info_params=1#slide=id.g3d17a7de66_0_179
2019-01-14 00:20:32|https://docs.google.com/presentation/d/1ZGBVwbD055fzcnudI-pQU3fgEPk7WIt_AVH127H_qzQ/present?includes_info_params=1#slide=id.g3d17a7de66_0_194
2019-01-14 00:20:32|https://docs.google.com/presentation/d/1ZGBVwbD055fzcnudI-pQU3fgEPk7WIt_AVH127H_qzQ/present?includes_info_params=1#slide=id.g4c0796c720_5_0
2019-01-14 00:20:33|https://docs.google.com/presentation/d/1ZGBVwbD055fzcnudI-pQU3fgEPk7WIt_AVH127H_qzQ/present?includes_info_params=1#slide=id.g3d17a7de66_0_208
2019-01-14 00:20:33|https://docs.google.com/presentation/d/1ZGBVwbD055fzcnudI-pQU3fgEPk7WIt_AVH127H_qzQ/present?includes_info_params=1#slide=id.g3d17a7de66_0_216
2019-01-14 00:20:34|https://docs.google.com/presentation/d/1ZGBVwbD055fzcnudI-pQU3fgEPk7WIt_AVH127H_qzQ/present?includes_info_params=1#slide=id.g3d17a7de66_0_225
2019-01-14 00:20:34|https://docs.google.com/presentation/d/1ZGBVwbD055fzcnudI-pQU3fgEPk7WIt_AVH127H_qzQ/present?includes_info_params=1#slide=id.g3d17a7de66_0_235
2019-01-14 00:20:35|https://docs.google.com/presentation/d/1ZGBVwbD055fzcnudI-pQU3fgEPk7WIt_AVH127H_qzQ/present?includes_info_params=1#slide=id.g3d17a7de66_0_250
2019-01-14 00:20:36|https://docs.google.com/presentation/d/1ZGBVwbD055fzcnudI-pQU3fgEPk7WIt_AVH127H_qzQ/present?includes_info_params=1#slide=id.g3d17a7de66_0_257
2019-01-14 00:20:38|https://docs.google.com/presentation/d/1ZGBVwbD055fzcnudI-pQU3fgEPk7WIt_AVH127H_qzQ/present?includes_info_params=1#slide=id.g3d17a7de66_0_250
2019-01-14 00:20:39|https://docs.google.com/presentation/d/1ZGBVwbD055fzcnudI-pQU3fgEPk7WIt_AVH127H_qzQ/present?includes_info_params=1#slide=id.g3d17a7de66_0_235
2019-01-14 00:22:03|https://docs.google.com/presentation/d/1ZGBVwbD055fzcnudI-pQU3fgEPk7WIt_AVH127H_qzQ/edit#slide=id.g3d17a7de66_0_250
2019-01-14 00:22:04|https://docs.google.com/presentation/d/1ZGBVwbD055fzcnudI-pQU3fgEPk7WIt_AVH127H_qzQ/edit#slide=id.g3d17a7de66_0_257
2019-01-14 00:22:05|https://docs.google.com/presentation/d/1ZGBVwbD055fzcnudI-pQU3fgEPk7WIt_AVH127H_qzQ/edit#slide=id.g3d17a7de66_0_264
2019-01-14 00:22:07|https://docs.google.com/presentation/d/1ZGBVwbD055fzcnudI-pQU3fgEPk7WIt_AVH127H_qzQ/edit#slide=id.g3d17a7de66_0_270
2019-01-14 00:22:08|https://docs.google.com/presentation/d/1ZGBVwbD055fzcnudI-pQU3fgEPk7WIt_AVH127H_qzQ/edit#slide=id.g3d17a7de66_0_284
2019-01-14 00:22:10|https://docs.google.com/presentation/d/1ZGBVwbD055fzcnudI-pQU3fgEPk7WIt_AVH127H_qzQ/edit#slide=id.g3d17a7de66_0_295
2019-01-14 00:22:11|https://docs.google.com/presentation/d/1ZGBVwbD055fzcnudI-pQU3fgEPk7WIt_AVH127H_qzQ/edit#slide=id.g3d17a7de66_0_284
2019-01-14 00:22:18|https://docs.google.com/presentation/d/1ZGBVwbD055fzcnudI-pQU3fgEPk7WIt_AVH127H_qzQ/edit#slide=id.g3d17a7de66_0_295
2019-01-14 00:22:21|https://docs.google.com/presentation/d/1ZGBVwbD055fzcnudI-pQU3fgEPk7WIt_AVH127H_qzQ/edit#slide=id.g3c8fdf14fc_0_0
2019-01-14 00:22:23|https://docs.google.com/presentation/d/1ZGBVwbD055fzcnudI-pQU3fgEPk7WIt_AVH127H_qzQ/edit#slide=id.g3d17a7de66_0_295
2019-01-14 00:22:23|https://docs.google.com/presentation/d/1ZGBVwbD055fzcnudI-pQU3fgEPk7WIt_AVH127H_qzQ/edit#slide=id.g3c8fdf14fc_0_0
2019-01-14 00:22:24|https://docs.google.com/presentation/d/1ZGBVwbD055fzcnudI-pQU3fgEPk7WIt_AVH127H_qzQ/edit#slide=id.g3d17a7de66_0_295
2019-01-14 00:22:25|https://docs.google.com/presentation/d/1ZGBVwbD055fzcnudI-pQU3fgEPk7WIt_AVH127H_qzQ/edit#slide=id.g3c8fdf14fc_0_0
2019-01-14 00:22:25|https://docs.google.com/presentation/d/1ZGBVwbD055fzcnudI-pQU3fgEPk7WIt_AVH127H_qzQ/edit#slide=id.g3d17a7de66_0_295
2019-01-14 00:22:26|https://docs.google.com/presentation/d/1ZGBVwbD055fzcnudI-pQU3fgEPk7WIt_AVH127H_qzQ/edit#slide=id.g3c8fdf14fc_0_0
2019-01-14 00:22:27|https://docs.google.com/presentation/d/1ZGBVwbD055fzcnudI-pQU3fgEPk7WIt_AVH127H_qzQ/edit#slide=id.g3d17a7de66_0_295
2019-01-14 00:22:28|https://docs.google.com/presentation/d/1ZGBVwbD055fzcnudI-pQU3fgEPk7WIt_AVH127H_qzQ/edit#slide=id.g3c8fdf14fc_0_0
2019-01-14 00:22:28|https://docs.google.com/presentation/d/1ZGBVwbD055fzcnudI-pQU3fgEPk7WIt_AVH127H_qzQ/edit#slide=id.g3d17a7de66_0_295
2019-01-14 00:22:29|https://docs.google.com/presentation/d/1ZGBVwbD055fzcnudI-pQU3fgEPk7WIt_AVH127H_qzQ/edit#slide=id.g3c8fdf14fc_0_0
2019-01-14 00:22:29|https://docs.google.com/presentation/d/1ZGBVwbD055fzcnudI-pQU3fgEPk7WIt_AVH127H_qzQ/edit#slide=id.g3d17a7de66_0_295
2019-01-14 00:22:29|https://docs.google.com/presentation/d/1ZGBVwbD055fzcnudI-pQU3fgEPk7WIt_AVH127H_qzQ/edit#slide=id.g3c8fdf14fc_0_0
2019-01-14 00:22:30|https://docs.google.com/presentation/d/1ZGBVwbD055fzcnudI-pQU3fgEPk7WIt_AVH127H_qzQ/edit#slide=id.g3d17a7de66_0_295
2019-01-14 00:22:30|https://docs.google.com/presentation/d/1ZGBVwbD055fzcnudI-pQU3fgEPk7WIt_AVH127H_qzQ/edit#slide=id.g3c8fdf14fc_0_0
2019-01-14 00:22:31|https://docs.google.com/presentation/d/1ZGBVwbD055fzcnudI-pQU3fgEPk7WIt_AVH127H_qzQ/edit#slide=id.g3d17a7de66_0_295
2019-01-14 00:22:31|https://docs.google.com/presentation/d/1ZGBVwbD055fzcnudI-pQU3fgEPk7WIt_AVH127H_qzQ/edit#slide=id.g3c8fdf14fc_0_0
2019-01-14 00:22:31|https://docs.google.com/presentation/d/1ZGBVwbD055fzcnudI-pQU3fgEPk7WIt_AVH127H_qzQ/edit#slide=id.g3d17a7de66_0_295
2019-01-14 00:22:32|https://docs.google.com/presentation/d/1ZGBVwbD055fzcnudI-pQU3fgEPk7WIt_AVH127H_qzQ/edit#slide=id.g3c8fdf14fc_0_0
2019-01-14 00:22:32|https://docs.google.com/presentation/d/1ZGBVwbD055fzcnudI-pQU3fgEPk7WIt_AVH127H_qzQ/edit#slide=id.g3d17a7de66_0_295
2019-01-14 00:22:32|https://docs.google.com/presentation/d/1ZGBVwbD055fzcnudI-pQU3fgEPk7WIt_AVH127H_qzQ/edit#slide=id.g3c8fdf14fc_0_0
2019-01-14 00:22:34|https://docs.google.com/presentation/d/1ZGBVwbD055fzcnudI-pQU3fgEPk7WIt_AVH127H_qzQ/edit#slide=id.g3d17a7de66_0_295
2019-01-14 00:22:34|https://docs.google.com/presentation/d/1ZGBVwbD055fzcnudI-pQU3fgEPk7WIt_AVH127H_qzQ/edit#slide=id.g3c8fdf14fc_0_0
2019-01-14 00:23:34|https://docs.google.com/presentation/d/1ZGBVwbD055fzcnudI-pQU3fgEPk7WIt_AVH127H_qzQ/edit#slide=id.g3c8fdf14fc_0_20
2019-01-14 00:23:35|https://docs.google.com/presentation/d/1ZGBVwbD055fzcnudI-pQU3fgEPk7WIt_AVH127H_qzQ/edit#slide=id.g3c8fdf14fc_0_36
2019-01-14 00:23:42|https://docs.google.com/presentation/d/1ZGBVwbD055fzcnudI-pQU3fgEPk7WIt_AVH127H_qzQ/edit#slide=id.g3c8fdf14fc_0_20
2019-01-14 00:23:43|https://docs.google.com/presentation/d/1ZGBVwbD055fzcnudI-pQU3fgEPk7WIt_AVH127H_qzQ/edit#slide=id.g3c8fdf14fc_0_0
2019-01-14 00:23:43|https://docs.google.com/presentation/d/1ZGBVwbD055fzcnudI-pQU3fgEPk7WIt_AVH127H_qzQ/edit#slide=id.g3d17a7de66_0_295
2019-01-14 00:24:00|https://docs.google.com/presentation/d/1ZGBVwbD055fzcnudI-pQU3fgEPk7WIt_AVH127H_qzQ/edit#slide=id.g3d17a7de66_0_235
2019-01-14 00:24:03|https://docs.google.com/presentation/d/1ZGBVwbD055fzcnudI-pQU3fgEPk7WIt_AVH127H_qzQ/edit#slide=id.g3d17a7de66_0_295
2019-01-14 00:25:26|https://docs.google.com/presentation/d/1ZGBVwbD055fzcnudI-pQU3fgEPk7WIt_AVH127H_qzQ/edit#slide=id.g3d17a7de66_0_284
2019-01-14 00:25:36|https://docs.google.com/presentation/d/1ZGBVwbD055fzcnudI-pQU3fgEPk7WIt_AVH127H_qzQ/edit#slide=id.g3d17a7de66_0_270
2019-01-14 00:25:38|https://docs.google.com/presentation/d/1ZGBVwbD055fzcnudI-pQU3fgEPk7WIt_AVH127H_qzQ/edit#slide=id.g3d17a7de66_0_264
2019-01-14 00:25:39|https://docs.google.com/presentation/d/1ZGBVwbD055fzcnudI-pQU3fgEPk7WIt_AVH127H_qzQ/edit#slide=id.g3d17a7de66_0_295
2019-01-14 00:25:44|https://docs.google.com/presentation/d/1ZGBVwbD055fzcnudI-pQU3fgEPk7WIt_AVH127H_qzQ/edit#slide=id.g3d17a7de66_0_264
2019-01-14 00:25:46|https://docs.google.com/presentation/d/1ZGBVwbD055fzcnudI-pQU3fgEPk7WIt_AVH127H_qzQ/edit#slide=id.g3d17a7de66_0_270
2019-01-14 00:25:47|https://docs.google.com/presentation/d/1ZGBVwbD055fzcnudI-pQU3fgEPk7WIt_AVH127H_qzQ/edit#slide=id.g3d17a7de66_0_284
2019-01-14 00:28:01|https://docs.google.com/presentation/d/1ZGBVwbD055fzcnudI-pQU3fgEPk7WIt_AVH127H_qzQ/edit#slide=id.g3d17a7de66_0_295
2019-01-14 00:33:51|https://docs.google.com/presentation/d/1ZGBVwbD055fzcnudI-pQU3fgEPk7WIt_AVH127H_qzQ/edit#slide=id.g3c8fdf14fc_0_0
2019-01-14 00:33:52|https://docs.google.com/presentation/d/1ZGBVwbD055fzcnudI-pQU3fgEPk7WIt_AVH127H_qzQ/edit#slide=id.g3c8fdf14fc_0_20
2019-01-14 00:33:53|https://docs.google.com/presentation/d/1ZGBVwbD055fzcnudI-pQU3fgEPk7WIt_AVH127H_qzQ/edit#slide=id.g3c8fdf14fc_0_36
2019-01-14 00:33:55|https://docs.google.com/presentation/d/1ZGBVwbD055fzcnudI-pQU3fgEPk7WIt_AVH127H_qzQ/edit#slide=id.g3d17a7de66_0_295
2019-01-18 01:00:50|http://ctf.compclub.com.au/
2019-01-18 01:00:50|https://ctf.compclub.com.au/
2019-01-18 01:00:50|https://ctf.compclub.com.au/invite?next=%2F
2019-01-18 01:00:50|https://ctf.compclub.com.au/invite/
1|https://www.google.com/search?q=microsoft+365&oq=microsoft+365&aqs=chrome.0.0l6.10753j1j4&sourceid=chrome&ie=UTF-8|microsoft 365 - Google Search|1|0|13191301065342425|0|0
2|https://www.office.com/|Office 365 Login | Microsoft Office|2|0|13191301135324176|0|0
3|https://www.office.com/login?es=Click&ru=%2F|Sign in to your account|1|0|13191301101585826|0|0
4|https://login.microsoftonline.com/common/oauth2/authorize?client_id=4345a7b9-9a63-4910-a426-35363201d503&response_mode=form_post&response_type=code+id_token&scope=openid+profile&state=OpenIdConnect.AuthenticationProperties%3drPhW78ZlKchLv2wUBRn_9mOZUZXttjzvhCo5eV-j5UY5d0fcwpyi25uRqKVP6vpBesB8VlMe3FY6R8qbAnK20VHI5AUJrYe6MQOGxuHhzIWcBofXUlmXFbspccnqdp4O&nonce=636824243013644417.ZDNkYzRkNDktNzExZS00ODY5LTllNjgtNzY2MGE4ZGM4YzM2MjYyYWFlNDYtNGNiMy00MDczLTliNmQtZDQ1ZmRiNTg5YzIz&redirect_uri=https%3a%2f%2fwww.office.com%2f&ui_locales=en-US&mkt=en-US&client-request-id=c5b932af-7f2d-41bc-8fed-4ed8c0c6a827|Sign in to your account|4|0|13191301115051259|0|0
5|https://login.microsoftonline.com/common/login|Sign in to your account|11|0|13191301129946137|0|0
6|https://login.microsoftonline.com/kmsi|Working...|1|0|13191301135273883|0|0
7|https://www.office.com/?auth=2|https://www.office.com/?auth=2|3|0|13191301136423973|0|0
8|https://outlook.office365.com/owa/?realm=ad.unsw.edu.au&exsvurl=1&ll-cc=1033&modurl=0|Outlook|3|0|13191301164264660|0|0
9|https://login.microsoftonline.com/common/oauth2/authorize?client_id=00000002-0000-0ff1-ce00-000000000000&redirect_uri=https%3a%2f%2foutlook.office365.com%2fowa%2f&resource=00000002-0000-0ff1-ce00-000000000000&response_mode=form_post&response_type=code+id_token&scope=openid&msafed=0&client-request-id=ae6bbd3b-8fab-4e44-b3ec-531dd4ed7f8c&protectedtoken=true&domain_hint=ad.unsw.edu.au&nonce=636824243381532987.bd960930-644e-4f11-b232-1abf75952ae1&state=FYs5DsMgEAAh-QsdmGU5C5S3LAZXOJZsEef5IcVMMdJwxthz8phwPcWCRx-NNRYxgkOTYlClJq8TaumtbdJuALIYNBKobMElZ6gBn29cjpuW19mo75mqGu_rVq0ORUO07_UZZ88gepfrmkEjiv2o_6Z_|Working...|1|0|13191301138448442|0|0
10|https://outlook.office365.com/owa/|Outlook|1|0|13191301138810916|0|0
11|https://outlook.office365.com/owa/?realm=ad.unsw.edu.au#exsvurl=1&ll-cc=1033&modurl=0|Outlook|1|0|13191301138810916|0|0
12|https://outlook.office365.com/owa/?realm=ad.unsw.edu.au&exsvurl=1&ll-cc=1033&modurl=0&path=/mail/sentitems||3|0|13191301313617741|0|0
13|https://outlook.office365.com/owa/?realm=ad.unsw.edu.au&exsvurl=1&ll-cc=1033&modurl=0&path=/mail/inbox||2|0|13191301315829512|0|0
14|https://outlook.office365.com/owa/?realm=ad.unsw.edu.au&exsvurl=1&ll-cc=1033&modurl=0&path=/attachmentlightbox||2|0|13191301338521061|0|0
15|https://auc-powerpoint.officeapps.live.com/p/PowerPointFrame.aspx?PowerPointView=SlideShowView&ui=en-AU&rs=en-AU&WOPISrc=https%3A%2F%2Foutlook.office365.com%3A443%2Fowa%2Fwopi%2Ffiles%2Fd19ac7bd-a5d9-4b5e-8463-986fab540a63%40unsw.edu.au%2FAAMkAGQxOWFjN2JkLWE1ZDktNGI1ZS04NDYzLTk4NmZhYjU0MGE2MwBGAAAAAADYnSRSi99jTr5swOTQyNe4BwD2uIHzODVgQLnqmAzmtvwlAAAAaZxvAACp83wkynEoQoMlJW.RFdqNAAKOUNSFAAABEgAQAIyHCkxRN2ZDgBPuM0NmWdg%3D_TT9DnUZ01ggBAQAAAAA%3D%3Fui%3Den-AU&hh=1&mscc=1&wdSlideId=261&wdModeSwitchTime=1546827637445|ID_XRworkshop7Jan2019.pptx|1|0|13191301237696227|0|0
16|https://www.office.com/?auth=2&home=1&username=z3132100%40ad.unsw.edu.au&from=ShellLogo||1|0|13191301351666920|0|0
17|https://www.office.com/?auth=2&home=1|Microsoft Office Home|3|0|13191301352698844|0|0
18|https://www.google.com/search?q=aframe&oq=afram&aqs=chrome.1.69i57j0l5.3216j1j7&sourceid=chrome&ie=UTF-8|aframe - Google Search|1|0|13191301361300230|0|0
19|https://aframe.io/|A-Frame  Make WebVR|3|1|13191896337247519|0|0
20|https://aframe.io/examples/showcase/helloworld/|Hello WebVR  A-Frame|1|0|13191303317130966|0|0
21|https://glitch.com/~aframe|aframe|1|0|13191303417415724|0|0
22|https://www.google.com/search?q=html+colour+codes&oq=HTML+COLOU&aqs=chrome.1.69i57j0l5.5008j1j7&sourceid=chrome&ie=UTF-8|html colour codes - Google Search|1|0|13191304271002708|0|0
23|http://summer2019.compclub.com.au/|Welcome to the CompClub Summer Spy School | CompClub 2019 Summer Workshops|4|4|13192153962348694|0|0
24|https://summer2019.compclub.com.au/|Welcome to the CompClub Summer Spy School | CompClub 2019 Summer Workshops|6|1|13192154174547841|0|0
25|https://summer2019.compclub.com.au/day1|Introduction to Python | CompClub 2019 Summer Workshops|2|0|13191904938948114|0|0
26|https://docs.google.com/presentation/d/1OWwCIZ1shunPSW80S6LdNtQN6xJIU1f1waVA_0dT1Ww/edit?usp=sharing|Advanced Python - Google Slides|2|0|13191896582257811|0|0
27|https://docs.google.com/presentation/d/1OWwCIZ1shunPSW80S6LdNtQN6xJIU1f1waVA_0dT1Ww/edit||2|0|13191904747864228|0|0
28|https://docs.google.com/presentation/d/1OWwCIZ1shunPSW80S6LdNtQN6xJIU1f1waVA_0dT1Ww/edit#slide=id.g3ccd86a859_0_0||65|0|13191904752409177|0|0
29|https://docs.google.com/presentation/d/1OWwCIZ1shunPSW80S6LdNtQN6xJIU1f1waVA_0dT1Ww/edit#slide=id.g3ccd86a859_0_5||16|0|13191896939332687|0|0
30|https://docs.google.com/presentation/d/1OWwCIZ1shunPSW80S6LdNtQN6xJIU1f1waVA_0dT1Ww/edit#slide=id.g3ccd86a859_0_416||1|0|13191896938406387|0|0
31|https://docs.google.com/presentation/d/1OWwCIZ1shunPSW80S6LdNtQN6xJIU1f1waVA_0dT1Ww/edit#slide=id.g3ccd86a859_0_609|Advanced Python - Google Slides|2|0|13191897351594428|0|0
32|https://docs.google.com/presentation/d/1OWwCIZ1shunPSW80S6LdNtQN6xJIU1f1waVA_0dT1Ww/edit#slide=id.g4d59993923_0_69||2|0|13191901243433576|0|0
33|https://docs.google.com/presentation/d/1OWwCIZ1shunPSW80S6LdNtQN6xJIU1f1waVA_0dT1Ww/edit#slide=id.g4d59993923_0_75||3|0|13191901242524863|0|0
34|https://docs.google.com/presentation/d/1OWwCIZ1shunPSW80S6LdNtQN6xJIU1f1waVA_0dT1Ww/edit#slide=id.g3ccd86a859_0_1070||4|0|13191901242080274|0|0
35|https://docs.google.com/presentation/d/1OWwCIZ1shunPSW80S6LdNtQN6xJIU1f1waVA_0dT1Ww/edit#slide=id.g3ccd86a859_0_1074||3|0|13191901241720706|0|0
36|https://docs.google.com/presentation/d/1OWwCIZ1shunPSW80S6LdNtQN6xJIU1f1waVA_0dT1Ww/edit#slide=id.g3ccd86a859_0_1080||2|0|13191901241367697|0|0
37|https://docs.google.com/presentation/d/1OWwCIZ1shunPSW80S6LdNtQN6xJIU1f1waVA_0dT1Ww/edit#slide=id.g3ccd86a859_0_1086||2|0|13191901241022142|0|0
38|https://docs.google.com/presentation/d/1OWwCIZ1shunPSW80S6LdNtQN6xJIU1f1waVA_0dT1Ww/edit#slide=id.g3ccd86a859_0_1096||2|0|13191901240658892|0|0
39|https://docs.google.com/presentation/d/1OWwCIZ1shunPSW80S6LdNtQN6xJIU1f1waVA_0dT1Ww/edit#slide=id.g3ccd86a859_0_1104||4|0|13191902119441712|0|0
40|https://docs.google.com/presentation/d/1OWwCIZ1shunPSW80S6LdNtQN6xJIU1f1waVA_0dT1Ww/edit#slide=id.g3ccd86a859_0_95||5|0|13191902119259015|0|0
41|https://docs.google.com/presentation/d/1OWwCIZ1shunPSW80S6LdNtQN6xJIU1f1waVA_0dT1Ww/edit#slide=id.g3cdafe375d_0_14||5|0|13191902118784750|0|0
42|https://docs.google.com/presentation/d/1OWwCIZ1shunPSW80S6LdNtQN6xJIU1f1waVA_0dT1Ww/edit#slide=id.g3cdc053e3a_0_17||5|0|13191902118353377|0|0
43|https://docs.google.com/presentation/d/1OWwCIZ1shunPSW80S6LdNtQN6xJIU1f1waVA_0dT1Ww/edit#slide=id.g3cdc053e3a_0_21||6|0|13191902117927326|0|0
44|https://docs.google.com/presentation/d/1OWwCIZ1shunPSW80S6LdNtQN6xJIU1f1waVA_0dT1Ww/edit#slide=id.g3cdc053e3a_0_28||7|0|13191902114962742|0|0
45|https://docs.google.com/presentation/d/1OWwCIZ1shunPSW80S6LdNtQN6xJIU1f1waVA_0dT1Ww/edit#slide=id.g3cdc053e3a_0_39||6|0|13191902096803714|0|0
46|https://docs.google.com/presentation/d/1OWwCIZ1shunPSW80S6LdNtQN6xJIU1f1waVA_0dT1Ww/edit#slide=id.g3cdc053e3a_0_50||3|0|13191902094066059|0|0
47|https://docs.google.com/presentation/d/1OWwCIZ1shunPSW80S6LdNtQN6xJIU1f1waVA_0dT1Ww/edit#slide=id.g3cdc053e3a_0_64||2|0|13191901238251931|0|0
48|https://docs.google.com/presentation/d/1OWwCIZ1shunPSW80S6LdNtQN6xJIU1f1waVA_0dT1Ww/edit#slide=id.g4c1d71b371_1_1||3|0|13191902769505806|0|0
49|https://docs.google.com/presentation/d/1OWwCIZ1shunPSW80S6LdNtQN6xJIU1f1waVA_0dT1Ww/edit#slide=id.g4d5d232f59_0_6||2|0|13191901237710310|0|0
50|https://docs.google.com/presentation/d/1OWwCIZ1shunPSW80S6LdNtQN6xJIU1f1waVA_0dT1Ww/edit#slide=id.g4d5dffc626_0_36||2|0|13191905234763583|0|0
51|https://docs.google.com/presentation/d/1OWwCIZ1shunPSW80S6LdNtQN6xJIU1f1waVA_0dT1Ww/edit#slide=id.g4d5dffc626_0_29||2|0|13191904766162116|0|0
52|https://www.google.com/search?q=repl.it+python+3&oq=repl.it&aqs=chrome.3.69i58j69i57j0l2.4280j0j7&sourceid=chrome&ie=UTF-8|repl.it python 3 - Google Search|1|0|13191904573420535|0|0
53|https://repl.it/languages/python3|Repl.it - DelayedJaggedAssignments|4|0|13192154196852455|0|0
54|https://repl.it/repls/MajesticDapperApplication|Repl.it - MajesticDapperApplication|2|0|13191904579934586|0|0
55|https://accounts.google.com/ServiceLogin?service=wise&passive=1209600&continue=https://docs.google.com/presentation/d/1OWwCIZ1shunPSW80S6LdNtQN6xJIU1f1waVA_0dT1Ww/edit&followup=https://docs.google.com/presentation/d/1OWwCIZ1shunPSW80S6LdNtQN6xJIU1f1waVA_0dT1Ww/edit&ltmpl=slides|Google Slides: Sign-in|3|0|13191904735087512|0|0
56|https://accounts.google.com/signin/v2/identifier?service=wise&passive=1209600&continue=https%3A%2F%2Fdocs.google.com%2Fpresentation%2Fd%2F1OWwCIZ1shunPSW80S6LdNtQN6xJIU1f1waVA_0dT1Ww%2Fedit&followup=https%3A%2F%2Fdocs.google.com%2Fpresentation%2Fd%2F1OWwCIZ1shunPSW80S6LdNtQN6xJIU1f1waVA_0dT1Ww%2Fedit&ltmpl=slides&flowName=GlifWebSignIn&flowEntry=ServiceLogin||1|0|13191904735134722|0|0
57|https://accounts.google.com/signin/v2/sl/pwd?service=wise&passive=1209600&continue=https%3A%2F%2Fdocs.google.com%2Fpresentation%2Fd%2F1OWwCIZ1shunPSW80S6LdNtQN6xJIU1f1waVA_0dT1Ww%2Fedit&followup=https%3A%2F%2Fdocs.google.com%2Fpresentation%2Fd%2F1OWwCIZ1shunPSW80S6LdNtQN6xJIU1f1waVA_0dT1Ww%2Fedit&ltmpl=slides&flowName=GlifWebSignIn&flowEntry=ServiceLogin&cid=1&navigationDirection=forward||1|0|13191904740617710|0|0
58|https://accounts.google.com/CheckCookie?hl=en-GB&checkedDomains=youtube&checkConnection=youtube%3A337%3A0&pstMsg=1&chtml=LoginDoneHtml&service=wise&continue=https%3A%2F%2Fdocs.google.com%2Fpresentation%2Fd%2F1OWwCIZ1shunPSW80S6LdNtQN6xJIU1f1waVA_0dT1Ww%2Fedit&gidl=EgIIAA|Advanced Python - Google Slides|1|0|13191904747387648|0|0
59|https://accounts.youtube.com/accounts/SetSID?ssdc=1&sidt=ALWU2cu9SZredpjbtmrlfHschnpiu2NTIvJcuW4RI9W6uFMeBihj%2BmHlY2B4yXSVJUCbYfdVKYTqKD%2FT1cnft3dLbPpTlhR4ZXpW64hLKjEwcDOJptqg76ZsiMqfj3KgKBYkmGOAbnipVtHsUpBJVEov32kmb%2Bw%2B8hNhkGS5mM39uqTH2V1Ty2X6xrhoZWCOhS53z2YJKDa%2BP30gFNFs2nvTxXMChjRLqkxmNtSJ8erM2cTjob%2FWH5tDiNwOmFaSMg6ns%2BI%2BEQy3&continue=https%3A%2F%2Fdocs.google.com%2Fpresentation%2Fd%2F1OWwCIZ1shunPSW80S6LdNtQN6xJIU1f1waVA_0dT1Ww%2Fedit%3Fauth%3D8wat47raufcG0SuFCTivFAVrQXqG0JG4el3kzjIsy9vsTcX9wrtUxmoF-VyeA7_VFwCxvw.%26authuser%3D0&dbus=AU|Advanced Python - Google Slides|1|0|13191904747387648|0|0
60|https://accounts.google.com.au/accounts/SetSID?ssdc=1&sidt=ALWU2ct1Zs1Gy3Fbuba76zMnJHm7q/6zOzwswL/r7XHxxa/j2VEmbK9FNSR2N9QmfxxXVQTlhQWlu5EQj/WtZ80PvPkcGZJZgRNrRiFacdp7mndWS0xqVRzAdGzYm0293cWYiVoovZYE/yODxJZ0VvZMWo9Tdz8WWlxb8q4rDPwbRVVOD12oVHXPwBMn55Puyhr9mzvJhjGaqFVq9tLDB7VUOOEpIbcFZov5S9EFRmGZOCfuW31QyTcpEzbidy4ITjjNkQMGMCfq&continue=https://docs.google.com/presentation/d/1OWwCIZ1shunPSW80S6LdNtQN6xJIU1f1waVA_0dT1Ww/edit?auth%3D8wat47raufcG0SuFCTivFAVrQXqG0JG4el3kzjIsy9vsTcX9wrtUxmoF-VyeA7_VFwCxvw.%26authuser%3D0|Advanced Python - Google Slides|1|0|13191904747387648|0|0
61|https://docs.google.com/presentation/d/1OWwCIZ1shunPSW80S6LdNtQN6xJIU1f1waVA_0dT1Ww/edit?auth=8wat47raufcG0SuFCTivFAVrQXqG0JG4el3kzjIsy9vsTcX9wrtUxmoF-VyeA7_VFwCxvw.&authuser=0|Advanced Python - Google Slides|1|0|13191904747387648|0|0
62|https://docs.google.com/presentation/u/0/d/1OWwCIZ1shunPSW80S6LdNtQN6xJIU1f1waVA_0dT1Ww/edit?auth=8wat47raufcG0SuFCTivFAVrQXqG0JG4el3kzjIsy9vsTcX9wrtUxmoF-VyeA7_VFwCxvw.&authuser=0|Advanced Python - Google Slides|1|0|13191904747387648|0|0
63|https://docs.google.com/presentation/u/0/d/1OWwCIZ1shunPSW80S6LdNtQN6xJIU1f1waVA_0dT1Ww/edit?authuser=0|Advanced Python - Google Slides|1|0|13191904747387648|0|0
64|https://docs.google.com/presentation/u/0/d/1OWwCIZ1shunPSW80S6LdNtQN6xJIU1f1waVA_0dT1Ww/edit|Advanced Python - Google Slides|2|0|13191904747808625|0|0
65|https://docs.google.com/presentation/d/1OWwCIZ1shunPSW80S6LdNtQN6xJIU1f1waVA_0dT1Ww/edit#slide=id.g4d59993923_0_34||1|0|13191905215031216|0|0
66|http://trinket.io/|Trinket|1|1|13191905224906008|0|0
67|https://trinket.io/|Trinket|1|0|13191905224906008|0|0
68|https://docs.google.com/presentation/d/1OWwCIZ1shunPSW80S6LdNtQN6xJIU1f1waVA_0dT1Ww/edit#slide=id.g4d5d232f59_0_27||1|0|13191905232695350|0|0
69|https://docs.google.com/presentation/d/1OWwCIZ1shunPSW80S6LdNtQN6xJIU1f1waVA_0dT1Ww/edit#slide=id.g4d5d232f59_0_16||1|0|13191905233698914|0|0
70|https://trinket.io/features/pygame|The New Pygame Trinket|2|0|13191996159233747|0|0
71|https://www.google.com/search?q=random+library+python&oq=random+libr&aqs=chrome.0.0j69i57j0l4.2007j0j7&sourceid=chrome&ie=UTF-8|random library python - Google Search|1|0|13191905564359499|0|0
72|https://docs.python.org/2/library/random.html|9.6. random  Generate pseudo-random numbers  Python 2.7.15 documentation|1|0|13191905566438752|0|0
73|http://tinyurl.com/tkinterdoc|Python GUI Programming (Tkinter)|1|1|13191905682403175|0|0
74|http://www.tutorialspoint.com/python/python_gui_programming.htm|Python GUI Programming (Tkinter)|1|0|13191905682403175|0|0
75|https://www.tutorialspoint.com/python/tk_colors.htm|Python Tkinter Colors|1|0|13191905694141656|0|0
76|https://www.google.com/search?q=change+background+colour+tkinter+window&oq=change+background+colour+tkinter+window&aqs=chrome..69i57j0.6775j0j7&sourceid=chrome&ie=UTF-8|change background colour tkinter window - Google Search|1|0|13191905710347593|0|0
77|https://summer2019.compclub.com.au/day2|Welcome to Day 2 of the 2019 Comp Club Summer School | CompClub 2019 Summer Workshops|2|0|13191981712037410|0|0
78|https://docs.python.org/3/library/turtle.html|turtle  Turtle graphics  Python 3.7.2 documentation|3|0|13192000171652404|0|0
79|https://www.google.com/search?q=pygame&oq=pygame&aqs=chrome..69i57j0l5.1537j0j7&sourceid=chrome&ie=UTF-8|pygame - Google Search|1|0|13191981466821498|0|0
80|https://www.pygame.org/||1|0|13191981469662058|0|0
81|https://www.pygame.org/news||1|0|13191981469662058|0|0
82|https://www.pygame.org/screenshots.html||1|0|13191981514113193|0|0
83|https://www.pygame.org/tags/all||1|0|13191981515666242|0|0
84|https://www.pygame.org/tags/snake||2|0|13191981563496484|0|0
85|https://www.pygame.org/project/1244|Rhodium Snake|2|0|13191981560313749|0|0
86|https://www.pygame.org/project/1244/2317|Rhodium Snake - 1.0|1|0|13191981547831089|0|0
87|https://www.pygame.org/project/818|Snake in 35 lines|1|0|13191981568700566|0|0
88|https://www.google.com/search?q=turtle+python+snake+game&oq=turtle+python+snake&aqs=chrome.0.0j69i57.8160j0j7&sourceid=chrome&ie=UTF-8|turtle python snake game - Google Search|1|0|13191981619389238|0|0
89|https://stackoverflow.com/questions/30050194/snake-game-in-python-using-turtle-graphics|Snake game in Python using Turtle graphics - Stack Overflow|1|0|13191981630638175|0|0
90|https://www.youtube.com/watch?v=QvtlEj_T55o&list=PLlEgNdBJEO-lqvqL5nNNZC6KoRdSrhQwK|YouTube|3|0|13191982045965643|0|0
91|https://www.youtube.com/watch?v=QvtlEj_T55o&index=1&list=PLlEgNdBJEO-lqvqL5nNNZC6KoRdSrhQwK||1|0|13191982045968901|0|0
92|https://www.youtube.com/watch?v=wOZw9EytJEE&index=11&list=PLlEgNdBJEO-lqvqL5nNNZC6KoRdSrhQwK|Python Game Programming Tutorial: Space Invaders 10 - YouTube|1|0|13191982055626930|0|0
93|https://www.youtube.com/watch?v=--MZ7I9Eepw&list=PLlEgNdBJEO-lqvqL5nNNZC6KoRdSrhQwK&index=10|Python Game Programming Tutorial: Space Invaders 9 - YouTube|1|0|13191982064464439|0|0
94|https://www.youtube.com/redirect?v=--MZ7I9Eepw&redir_token=_yL4QQ_3VOmb55RlINqC-0mqmyN8MTU0NzU5NDg2NEAxNTQ3NTA4NDY0&q=http%3A%2F%2Fchristianthompson.com%2F&event=video_description|christian's blog | Christian Thompson AKA @TokyoEdTech|1|0|13191982110135663|0|0
95|http://christianthompson.com/|christian's blog | Christian Thompson AKA @TokyoEdTech|1|0|13191982110135663|0|0
96|https://www.youtube.com/redirect?q=http%3A%2F%2Fchristianthompson.com%2Fnode%2F45&stzid=Ugy8pDn2sGyBTS6niAh4AaABAg.8aAZy9Ug3ko8aAhCh-KOF1&redir_token=10ry4V1MW3XkkDMApykSW8okZvN8MTU0NzU5NDkyMkAxNTQ3NTA4NTIy&event=comments|Video Tutorial: Simple Space Invaders Clone | Christian Thompson AKA @TokyoEdTech|1|0|13191982126787194|0|0
97|http://christianthompson.com/node/45|Video Tutorial: Simple Space Invaders Clone | Christian Thompson AKA @TokyoEdTech|1|0|13191982126787194|0|0
98|http://christianthompson.com/sites/default/files/Space_Invaders/Space-Invaders-Tutorial-10.py||1|0|13191982136959033|0|0
99|http://christianthompson.com/sites/default/files/Space_Invaders/player.gif|player.gif (2424)|2|0|13191982245446814|0|0
100|http://christianthompson.com/sites/default/files/Space_Invaders/invader.gif|invader.gif (2424)|1|0|13191982348409656|0|0
101|http://christianthompson.com/sites/default/files/Space_Invaders/space_invaders_background.gif|space_invaders_background.gif (800800)|2|0|13191982363222737|0|0
102|http://christianthompson.com/sites/default/files/Space_Invaders/laser.wav||1|0|13191982387085107|0|0
103|http://christianthompson.com/sites/default/files/Space_Invaders/explosion.wav||1|0|13191982402794202|0|0
104|https://www.google.com/search?q=hex+color+picker&oq=hex+color+picker&aqs=chrome.0.0l6.2151j0j7&sourceid=chrome&ie=UTF-8|hex color picker - Google Search|1|0|13191988497003516|0|0
105|https://www.google.com/search?q=elon+musk+face+sticker&oq=elon+musk+face+sticker&aqs=chrome..69i57.31527j0j7&sourceid=chrome&ie=UTF-8|elon musk face sticker - Google Search|1|0|13191988590419467|0|0
106|https://www.google.com/search?q=elon+musk+face+sticker&source=lnms&tbm=isch&sa=X&ved=0ahUKEwi1jJ_Kzu7fAhUUT30KHVrDAfYQ_AUIDigB&biw=1002&bih=914|elon musk face sticker - Google Search|2|0|13191988594186732|0|0
107|https://www.google.com/search?q=elon+musk+face+sticker&source=lnms&tbm=isch&sa=X&ved=0ahUKEwi1jJ_Kzu7fAhUUT30KHVrDAfYQ_AUIDigB&biw=1002&bih=914#imgrc=fe4QOm8SHUoejM:||1|0|13191988594188878|0|0
108|https://www.google.com/search?biw=1002&bih=914&tbm=isch&sa=1&ei=bzQ9XNagPJnurQGn16CgDA&q=elon+musk+face+icon&oq=elon+musk+face+icon&gs_l=img.3...208798.209098..209271...0.0..0.122.478.0j4......0....1..gws-wiz-img.sWwgQcYiH4Y|elon musk face icon - Google Search|1|0|13191988802214101|0|0
109|https://www.google.com/search?q=font+list+python&oq=font+list+python&aqs=chrome..69i57j0.3608j0j7&sourceid=chrome&ie=UTF-8|font list python - Google Search|1|0|13191989439389397|0|0
110|http://effbot.org/tkinterbook/tkinter-widget-styling.htm|WidgetStyling|1|0|13191989447413930|0|0
111|https://www.google.com/search?q=turtle+bullet.shape&oq=turtle+bullet.shape&aqs=chrome..69i57.4888j0j9&sourceid=chrome&ie=UTF-8|turtle bullet.shape - Google Search|1|0|13191989880102695|0|0
112|https://www.google.com/search?ei=dzk9XOTAOoX9rQG6iJiIAg&q=python+turtle+bullet.shape&oq=python+turtle+bullet.shape&gs_l=psy-ab.3...3972.6132..6583...0.0..0.143.968.0j7......0....1..gws-wiz.hVHTK1fgJaY|python turtle bullet.shape - Google Search|1|0|13191989887667173|0|0
113|https://www.google.com/search?ei=fzk9XNuLINaCyAOx44i4Dg&q=python+turtle+shape&oq=python+turtle+shape&gs_l=psy-ab.3..0l8.11579.12664..12757...0.0..0.203.1017.0j5j1......0....1..gws-wiz.......0i67.LS2CFq2WSnw|python turtle shape - Google Search|1|0|13191989901274576|0|0
114|https://stackoverflow.com/questions/50052835/python-turtle-shapes|Python turtle shapes - Stack Overflow|1|0|13191989916370218|0|0
115|https://www.google.com/search?q=laser+gif&oq=laser+gif&aqs=chrome..69i57j0l5.2936j0j7&sourceid=chrome&ie=UTF-8|laser gif - Google Search|1|0|13191990229426734|0|0
116|https://www.google.com/search?ei=1To9XJvNEsioyAPJwrO4BA&q=laser+gif+transparent&oq=laser+gif&gs_l=psy-ab.3.0.0i71l8.0.0..2529...0.0..0.0.0.......0......gws-wiz.mGI9M3AqxjA|laser gif transparent - Google Search|1|0|13191990232764044|0|0
117|https://www.google.com/search?q=laser+gif+transparent&source=lnms&tbm=isch&sa=X&ved=0ahUKEwjYvq7Z1O7fAhUWfX0KHSk6DlgQ_AUIDigB&biw=1002&bih=914|laser gif transparent - Google Search|2|0|13191990245303013|0|0
118|https://www.google.com/search?q=laser+gif+transparent&source=lnms&tbm=isch&sa=X&ved=0ahUKEwjYvq7Z1O7fAhUWfX0KHSk6DlgQ_AUIDigB&biw=1002&bih=914#imgrc=mMdFlwVBYhW7BM:||2|0|13191990253051618|0|0
119|https://www.google.com/search?q=laser+gif+transparent&source=lnms&tbm=isch&sa=X&ved=0ahUKEwjYvq7Z1O7fAhUWfX0KHSk6DlgQ_AUIDigB&biw=1002&bih=914#imgdii=jGAwIJiOfQZYyM:&imgrc=mMdFlwVBYhW7BM:||2|0|13191990353631918|0|0
120|https://www.google.com/search?q=laser+gif+transparent&source=lnms&tbm=isch&sa=X&ved=0ahUKEwjYvq7Z1O7fAhUWfX0KHSk6DlgQ_AUIDigB&biw=1002&bih=914#imgdii=Ct3o_uhJADwLVM:&imgrc=mMdFlwVBYhW7BM:||1|0|13191990352380553|0|0
121|https://www.google.com/search?q=laser+gif+transparent&source=lnms&tbm=isch&sa=X&ved=0ahUKEwjYvq7Z1O7fAhUWfX0KHSk6DlgQ_AUIDigB&biw=1002&bih=914#imgdii=_Q8kjmU1UKHtFM:&imgrc=mMdFlwVBYhW7BM:||1|0|13191990353168472|0|0
122|https://www.google.com/search?q=laser+gif+transparent&source=lnms&tbm=isch&sa=X&ved=0ahUKEwjYvq7Z1O7fAhUWfX0KHSk6DlgQ_AUIDigB&biw=1002&bih=914#imgdii=lAu8i_cg-oEkIM:&imgrc=mMdFlwVBYhW7BM:||1|0|13191990354045232|0|0
123|https://www.google.com/search?q=laser+gif+transparent&source=lnms&tbm=isch&sa=X&ved=0ahUKEwjYvq7Z1O7fAhUWfX0KHSk6DlgQ_AUIDigB&biw=1002&bih=914#imgdii=3c1X8-29avQMdM:&imgrc=mMdFlwVBYhW7BM:||1|0|13191990354527357|0|0
124|https://www.google.com/search?q=laser+gif+transparent&source=lnms&tbm=isch&sa=X&ved=0ahUKEwjYvq7Z1O7fAhUWfX0KHSk6DlgQ_AUIDigB&biw=1002&bih=914#imgdii=95_HhXsLEvZY5M:&imgrc=mMdFlwVBYhW7BM:||1|0|13191990354991284|0|0
125|https://www.google.com/search?q=laser+gif+transparent&source=lnms&tbm=isch&sa=X&ved=0ahUKEwjYvq7Z1O7fAhUWfX0KHSk6DlgQ_AUIDigB&biw=1002&bih=914#imgrc=VlQLQ_orfI7asM:||1|0|13191990356880550|0|0
126|https://www.google.com/search?q=laser+gif+transparent&source=lnms&tbm=isch&sa=X&ved=0ahUKEwjYvq7Z1O7fAhUWfX0KHSk6DlgQ_AUIDigB&biw=1002&bih=914#imgdii=ac4YfTWe3eCYzM:&imgrc=VlQLQ_orfI7asM:||1|0|13191990358893256|0|0
127|https://www.google.com/search?biw=1002&bih=914&tbm=isch&sa=1&ei=2zo9XKyjKdihyAOewb-wBg&q=laser+sprite+gif+transparent&oq=laser+sprite+gif+transparent&gs_l=img.3...130463.131581..131729...0.0..0.127.849.0j7......0....1..gws-wiz-img.gYJANz7-p5M|laser sprite gif transparent - Google Search|2|0|13191990370829023|0|0
128|https://www.google.com/search?biw=1002&bih=914&tbm=isch&sa=1&ei=2zo9XKyjKdihyAOewb-wBg&q=laser+sprite+gif+transparent&oq=laser+sprite+gif+transparent&gs_l=img.3...130463.131581..131729...0.0..0.127.849.0j7......0....1..gws-wiz-img.gYJANz7-p5M#imgrc=uNd4HkGv2exZiM:||1|0|13191990370833714|0|0
129|https://www.google.com/search?biw=1002&bih=914&tbm=isch&sa=1&ei=2zo9XKyjKdihyAOewb-wBg&q=laser+sprite+gif+transparent&oq=laser+sprite+gif+transparent&gs_l=img.3...130463.131581..131729...0.0..0.127.849.0j7......0....1..gws-wiz-img.gYJANz7-p5M#imgrc=e-nz-14GbuK59M:||1|0|13191990374590428|0|0
130|https://www.google.com/search?biw=1002&bih=914&tbm=isch&sa=1&ei=2zo9XKyjKdihyAOewb-wBg&q=laser+sprite+gif+transparent&oq=laser+sprite+gif+transparent&gs_l=img.3...130463.131581..131729...0.0..0.127.849.0j7......0....1..gws-wiz-img.gYJANz7-p5M#imgdii=lxip-sfpWEegTM:&imgrc=e-nz-14GbuK59M:||1|0|13191990387067300|0|0
131|https://www.google.com/search?biw=1002&bih=914&tbm=isch&sa=1&ei=2zo9XKyjKdihyAOewb-wBg&q=laser+sprite+gif+transparent&oq=laser+sprite+gif+transparent&gs_l=img.3...130463.131581..131729...0.0..0.127.849.0j7......0....1..gws-wiz-img.gYJANz7-p5M#imgdii=vVSXYVt6ykK6DM:&imgrc=e-nz-14GbuK59M:||1|0|13191990391144507|0|0
132|https://www.google.com/search?q=space+invaders+turtle%5C&oq=space+invaders+turtle%5C&aqs=chrome..69i57j0l2.7616j0j9&sourceid=chrome&ie=UTF-8|space invaders turtle\ - Google Search|1|0|13191996040201340|0|0
133|https://www.google.com/search?ei=iFE9XNZGy7WtAf2cmsAH&q=turtle+python+game&oq=turtle+python+game&gs_l=psy-ab.3..0j0i22i30l9.16738.21191..21523...4.0..0.156.2645.0j20......0....1..gws-wiz.......0i71j0i67j0i131j0i131i67j33i160.0BpseG4GUCc|turtle python game - Google Search|1|0|13191996062619101|0|0
134|https://stackoverflow.com/questions/28674849/turtle-graphics-snake-game|python - Turtle graphics snake game - Stack Overflow|1|0|13191996067111257|0|0
135|https://stackoverflow.com/posts/30050194/edit|Edit - Stack Overflow|1|0|13191996181468498|0|0
136|https://stackoverflow.com/search?q=turtle+graphics|Posts containing 'turtle graphics' - Stack Overflow|1|0|13191996227172182|0|0
137|https://www.google.com/search?q=turtle+graphics+python&oq=turtle+graphcs&aqs=chrome.2.69i57j0l5.4096j0j4&sourceid=chrome&ie=UTF-8|turtle graphics python - Google Search|1|0|13191996245789333|0|0
138|https://www.google.com/search?ei=VVI9XKbPJYrgrQHk37igCw&q=turtle+graphics+python+game&oq=turtle+graphics+python+game&gs_l=psy-ab.3..0j0i22i30.3622.4099..4183...0.0..0.203.514.0j2j1......0....1..gws-wiz.......0i71j0i67.WtybkbMb58o|turtle graphics python game - Google Search|1|0|13191996250946303|0|0
139|https://codereview.stackexchange.com/questions/191761/python-pong-using-turtle|Python Pong using turtle - Code Review Stack Exchange|1|0|13191996255619118|0|0
140|https://www.google.com/search?biw=1002&bih=914&tbm=isch&sa=1&ei=YDs9XNzjCZKv9QPitY7gCQ&q=3d+game+turtle+python&oq=3d+game+turtle+python&gs_l=img.3...6197398.6206850..6207418...5.0..0.216.3357.0j22j2......0....1..gws-wiz-img.......0j0i67j0i8i30j0i24.1UGoGyTjSJ0|3d game turtle python - Google Search|2|0|13191996580105544|0|0
141|https://www.google.com/search?biw=1002&bih=914&tbm=isch&sa=1&ei=YDs9XNzjCZKv9QPitY7gCQ&q=3d+game+turtle+python&oq=3d+game+turtle+python&gs_l=img.3...6197398.6206850..6207418...5.0..0.216.3357.0j22j2......0....1..gws-wiz-img.......0j0i67j0i8i30j0i24.1UGoGyTjSJ0#imgrc=kBKLHe4ktX9BVM:||1|0|13191996580110374|0|0
142|https://www.google.com/url?sa=i&source=images&cd=&cad=rja&uact=8&ved=2ahUKEwijtY-s7O7fAhXGdn0KHXytB5wQjxx6BAgBEAI&url=http%3A%2F%2Fjython.tobiaskohn.ch%2Fturtlex.html&psig=AOvVaw23zxQevn3yN4V8IvYOe36k&ust=1547609376744025|TigerJython|1|0|13191996582744036|0|0
143|http://jython.tobiaskohn.ch/turtlex.html|TigerJython|4|0|13191997324815312|0|0
144|https://www.google.com/search?biw=1002&bih=914&tbm=isch&sa=1&ei=oFM9XPeNGoa3rQGbtYqwBw&q=platform+game+python+turtle&oq=platform+game+python+turtle&gs_l=img.3...7819.13135..13319...5.0..0.148.4030.0j32......0....1..gws-wiz-img.......0i67j0j0i30j0i8i30j0i24.rBahrh0soQk|platform game python turtle - Google Search|2|0|13191997334592007|0|0
145|http://jython.tobiaskohn.ch/turtlex_mario.html|TigerJython|1|0|13191996601262472|0|0
146|http://jython.tobiaskohn.ch/students-de.html|TigerJython|3|0|13191997328533762|0|0
147|http://jython.tobiaskohn.ch/students_skyline-de.html|TigerJython|1|0|13191996788679874|0|0
148|https://www.google.com/search?q=Sch%C3%BClerarbeit%3A+Skyline+vor+Sonnenuntergang&oq=Sch%C3%BClerarbeit%3A+Skyline+vor+Sonnenuntergang&aqs=chrome..69i57&sourceid=chrome&ie=UTF-8|Schlerarbeit: Skyline vor Sonnenuntergang - Google Search|1|0|13191996846230642|0|0
149|https://www.google.com/search?ei=rlQ9XND1BJum9QPC8ZqoCA&q=sch%C3%BClerarbeit+skyline+vor+sonnenuntergang+to+english&oq=Sch%C3%BClerarbeit%3A+Skyline+vor+Sonnenuntergang+to+en&gs_l=psy-ab.3.0.33i160l2.2786.4287..5296...1.0..0.178.1061.0j7......0....1..gws-wiz.......33i21.neAINvTkf2o|schlerarbeit skyline vor sonnenuntergang to english - Google Search|1|0|13191996852429535|0|0
150|http://jython.tobiaskohn.ch/students_turtlegame-de.html|TigerJython|2|0|13191997328057387|0|0
151|http://jython.tobiaskohn.ch/turtlex_tree.html|TigerJython|1|0|13191997201290777|0|0
152|https://www.google.com/search?biw=1002&bih=914&tbm=isch&sa=1&ei=oFM9XPeNGoa3rQGbtYqwBw&q=platform+game+python+turtle&oq=platform+game+python+turtle&gs_l=img.3...7819.13135..13319...5.0..0.148.4030.0j32......0....1..gws-wiz-img.......0i67j0j0i30j0i8i30j0i24.rBahrh0soQk#imgrc=dz7RYYyLRHtvrM:||1|0|13191997334596396|0|0
153|https://www.google.com/search?biw=1002&bih=914&tbm=isch&sa=1&ei=oFM9XPeNGoa3rQGbtYqwBw&q=platform+game+python+turtle&oq=platform+game+python+turtle&gs_l=img.3...7819.13135..13319...5.0..0.148.4030.0j32......0....1..gws-wiz-img.......0i67j0j0i30j0i8i30j0i24.rBahrh0soQk#imgrc=Igckbp637QV02M:||1|0|13191997340154141|0|0
154|https://www.google.com/search?biw=1002&bih=914&tbm=isch&sa=1&ei=oFM9XPeNGoa3rQGbtYqwBw&q=platform+game+python+turtle&oq=platform+game+python+turtle&gs_l=img.3...7819.13135..13319...5.0..0.148.4030.0j32......0....1..gws-wiz-img.......0i67j0j0i30j0i8i30j0i24.rBahrh0soQk#imgrc=yASuizwrl9zMeM:||1|0|13191997343303221|0|0
155|https://www.google.com/url?sa=i&source=images&cd=&ved=2ahUKEwiczoWY7-7fAhXMbisKHaf6BI4Qjxx6BAgBEAI&url=https%3A%2F%2Fwww.pinterest.com%2Fpin%2F97812623137607059%2F&psig=AOvVaw3r_oMCFEydoXnMI9W_hARN&ust=1547609390962954|Python Turtle: LogoTurtle: | Unschooling-Tech/Coding | Pinterest | Python turtle, Python and Turtle|1|0|13191997348536324|0|0
156|https://www.pinterest.com/pin/97812623137607059/|Python Turtle: LogoTurtle: | Unschooling-Tech/Coding | Pinterest | Python turtle, Python and Turtle|1|0|13191997348536324|0|0
157|https://www.pinterest.com.au/pin/97812623137607059/|Python Turtle: LogoTurtle: | Unschooling-Tech/Coding | Pinterest | Python turtle, Python and Turtle|1|0|13191997348536324|0|0
158|https://www.google.com/search?q=python+turtle+logoturtle&oq=python+turtle+logoturtle&aqs=chrome..69i57j69i61l3.6153j0j9&sourceid=chrome&ie=UTF-8|python turtle logoturtle - Google Search|1|0|13191997357019098|0|0
159|https://www.google.com/search?q=python+turtle+logo+turtle&spell=1&sa=X&ved=0ahUKEwi66bqe7-7fAhVUfysKHZTkBV0QBQgpKAA&biw=1002&bih=914|python turtle logo turtle - Google Search|1|0|13191997359139090|0|0
160|https://www.google.com/search?q=python+turtle+logo+turtle&sa=X&biw=1002&bih=914&tbm=isch&source=iu&ictx=1&fir=FqjevYlZfXg9NM%253A%252C0FbVlEdaE45QFM%252C_&usg=AI4_-kSCSI8WTNgdRqZvOxS7Jc8nSrb6Lg&ved=2ahUKEwjAib2f7-7fAhXEdCsKHde5BoUQ9QEwB3oECAMQDA#imgrc=FqjevYlZfXg9NM:|python turtle logo turtle - Google Search|2|0|13191997388425992|0|0
161|https://www.google.com/url?sa=i&source=images&cd=&ved=2ahUKEwigjcmj7-7fAhVPfysKHXaHARoQjxx6BAgBEAI&url=https%3A%2F%2Fwww.oreilly.com%2Flibrary%2Fview%2Fadventures-in-raspberry%2F9781119046059%2Fxhtml%2F05_9781119046028-ch04.xhtml&psig=AOvVaw2G37hNKSpGTERpl0l2RJ1q&ust=1547610166788598|Adventure 4: Programming Shapes with Turtle Graphics - Adventures in Raspberry Pi, 2nd Edition [Book]|1|0|13191997370856128|0|0
162|https://www.oreilly.com/library/view/adventures-in-raspberry/9781119046059/xhtml/05_9781119046028-ch04.xhtml|Adventure 4: Programming Shapes with Turtle Graphics - Adventures in Raspberry Pi, 2nd Edition [Book]|1|0|13191997370856128|0|0
163|https://www.google.com/search?q=python+turtle+logo+turtle&sa=X&biw=1002&bih=914&tbm=isch&source=iu&ictx=1&fir=FqjevYlZfXg9NM%253A%252C0FbVlEdaE45QFM%252C_&usg=AI4_-kSCSI8WTNgdRqZvOxS7Jc8nSrb6Lg&ved=2ahUKEwjAib2f7-7fAhXEdCsKHde5BoUQ9QEwB3oECAMQDA#imgdii=KmE8of4lZXyMmM:&imgrc=FqjevYlZfXg9NM:||1|0|13191997388429462|0|0
164|https://www.google.com/url?sa=i&source=images&cd=&cad=rja&uact=8&ved=2ahUKEwiz58et7-7fAhUOeisKHZtLBiAQjxx6BAgBEAI&url=https%3A%2F%2Fsites.google.com%2Fsite%2Fccna1amargolin92%2Fhome%2Fsem-1%2Fsem-1-python-video-gaming%2Fpython-finale&psig=AOvVaw2G37hNKSpGTERpl0l2RJ1q&ust=1547610166788598|Python Finale - CCNA1amargolin92|1|0|13191997393859408|0|0
165|https://sites.google.com/site/ccna1amargolin92/home/sem-1/sem-1-python-video-gaming/python-finale|Python Finale - CCNA1amargolin92|3|0|13191997396428299|0|0
166|https://www.google.com/search?q=python+turtle+logo+turtle&sa=X&biw=1002&bih=914&tbm=isch&source=iu&ictx=1&fir=FqjevYlZfXg9NM%253A%252C0FbVlEdaE45QFM%252C_&usg=AI4_-kSCSI8WTNgdRqZvOxS7Jc8nSrb6Lg&ved=2ahUKEwjAib2f7-7fAhXEdCsKHde5BoUQ9QEwB3oECAMQDA#imgrc=GhOH34Y_sIKqcM:||1|0|13191997400434750|0|0
167|https://www.google.com/url?sa=i&source=images&cd=&ved=2ahUKEwjX06Wz7-7fAhXVdCsKHUyICGUQjxx6BAgBEAI&url=http%3A%2F%2Fwww.secret-coders.com%2Fturtle-art-gallery%2F&psig=AOvVaw2G37hNKSpGTERpl0l2RJ1q&ust=1547610166788598|Turtle Art Gallery | Secret Coders|1|0|13191997404585433|0|0
168|http://www.secret-coders.com/turtle-art-gallery/|Turtle Art Gallery | Secret Coders|1|0|13191997404585433|0|0
169|https://www.google.com/search?q=python+turtle+art&oq=python+turtle+art&aqs=chrome..69i57j0.2343j0j4&sourceid=chrome&ie=UTF-8|python turtle art - Google Search|2|0|13191997448369469|0|0
170|https://github.com/asweigart/art-of-turtle-programming|GitHub - asweigart/art-of-turtle-programming: Various turtle drawing programs in Python|1|0|13191997446545006|0|0
171|https://trinket.io/python/88dd6c94d1|Turtle Rainbow shapes|1|0|13191997450022747|0|0
172|https://b47df67e6f4bca4beeb6-ee2b32fdf5f2b1e0d3cd029f976a924b.ssl.cf5.rackcdn.com/376221d506-1437416172449.png|376221d506-1437416172449.png (320320)|1|0|13191997496209418|0|0
173|https://www.google.com/search?q=python+turtle+logo+turtle&sa=X&biw=1002&bih=914&tbm=isch&source=iu&ictx=1&fir=FqjevYlZfXg9NM%253A%252C0FbVlEdaE45QFM%252C_&usg=AI4_-kSCSI8WTNgdRqZvOxS7Jc8nSrb6Lg&ved=2ahUKEwjAib2f7-7fAhXEdCsKHde5BoUQ9QEwB3oECAMQDA#imgrc=RoQOeks-zVzPnM:||1|0|13191997741951761|0|0
174|https://www.google.com/url?sa=i&source=images&cd=&ved=2ahUKEwiUmpLW8O7fAhUSXCsKHXr7CGkQjxx6BAgBEAI&url=https%3A%2F%2Fmichael0x2a.com%2Fblog%2Fturtle-examples&psig=AOvVaw2G37hNKSpGTERpl0l2RJ1q&ust=1547610166788598|Turtle examples|1|0|13191997744563663|0|0
175|https://michael0x2a.com/blog/turtle-examples|Turtle examples|1|0|13191997744563663|0|0
176|https://www.google.com/search?q=python+turtle+logo+turtle&sa=X&biw=1002&bih=914&tbm=isch&source=iu&ictx=1&fir=FqjevYlZfXg9NM%253A%252C0FbVlEdaE45QFM%252C_&usg=AI4_-kSCSI8WTNgdRqZvOxS7Jc8nSrb6Lg&ved=2ahUKEwjAib2f7-7fAhXEdCsKHde5BoUQ9QEwB3oECAMQDA#imgdii=1NzgYlgL4vKPRM:&imgrc=RoQOeks-zVzPnM:||1|0|13191997891030215|0|0
177|https://www.google.com/url?sa=i&source=images&cd=&cad=rja&uact=8&ved=2ahUKEwiCopud8e7fAhWbbisKHeUuA-kQjxx6BAgBEAI&url=https%3A%2F%2Fwww.kadenze.com%2Fcourses%2Fcomputing-form-and-shape-python-programming-with-the-rhinoscript-library%2Fgallery%2Ffile-submission-6-drawing-from-surfaces-hatching-tracing-and-thickening-with-lines%2Fvaia-tsiokou%3Fview%3Dpreview%26browse%3Dall%26browsing_scope%3Dglobal&psig=AOvVaw2G37hNKSpGTERpl0l2RJ1q&ust=1547610166788598|Mbius: Porcupine Effect by Vaia Tsiokou | Kadenze|1|0|13191997898347093|0|0
178|https://www.kadenze.com/courses/computing-form-and-shape-python-programming-with-the-rhinoscript-library/gallery/file-submission-6-drawing-from-surfaces-hatching-tracing-and-thickening-with-lines/vaia-tsiokou?view=preview&browse=all&browsing_scope=global|Mbius: Porcupine Effect by Vaia Tsiokou | Kadenze|1|0|13191997898347093|0|0
179|https://www.kadenze.com/courses/computing-form-and-shape-python-programming-with-the-rhinoscript-library/gallery/file-submission-6-drawing-from-surfaces-hatching-tracing-and-thickening-with-lines/vaia-tsiokou?view=preview&browse=all&browsing_scope=global#||1|0|13191997906606226|0|0
180|https://www.kadenze.com/courses/computing-form-and-shape-python-programming-with-the-rhinoscript-library/gallery/file-submission-4-surface-generating-tool/jonas-fehr?browse=all&browsing_scope=global||1|0|13191997911968514|0|0
181|https://www.google.com/search?q=python+turtle+logo+turtle&sa=X&biw=1002&bih=914&tbm=isch&source=iu&ictx=1&fir=FqjevYlZfXg9NM%253A%252C0FbVlEdaE45QFM%252C_&usg=AI4_-kSCSI8WTNgdRqZvOxS7Jc8nSrb6Lg&ved=2ahUKEwjAib2f7-7fAhXEdCsKHde5BoUQ9QEwB3oECAMQDA#imgrc=V3GmUBeQtxJQoM:||1|0|13191997932510384|0|0
182|https://www.google.com/url?sa=i&source=images&cd=&ved=2ahUKEwjrnIGx8e7fAhWLbX0KHSFaCZsQjxx6BAgBEAI&url=http%3A%2F%2Fwww.rupert.id.au%2Fmicroworlds%2Fturtles.php&psig=AOvVaw2G37hNKSpGTERpl0l2RJ1q&ust=1547610166788598|MicroWorlds Turtles|1|0|13191997935421060|0|0
183|http://www.rupert.id.au/microworlds/turtles.php|MicroWorlds Turtles|2|0|13191997958108176|0|0
184|http://www.rupert.id.au/microworlds/images/triangles1.jpg|triangles1.jpg (744426)|1|0|13191997955092525|0|0
185|https://www.google.com/search?q=python+turtle+logo+turtle&sa=X&biw=1002&bih=914&tbm=isch&source=iu&ictx=1&fir=FqjevYlZfXg9NM%253A%252C0FbVlEdaE45QFM%252C_&usg=AI4_-kSCSI8WTNgdRqZvOxS7Jc8nSrb6Lg&ved=2ahUKEwjAib2f7-7fAhXEdCsKHde5BoUQ9QEwB3oECAMQDA#imgrc=Sf9TK22lXoIo8M:||1|0|13191997987822810|0|0
186|https://www.google.com/search?q=platform+game+python&oq=platform+game+python&aqs=chrome..69i57j0l5.9703j0j7&sourceid=chrome&ie=UTF-8|platform game python - Google Search|2|0|13191999002357432|0|0
187|http://programarcadegames.com/index.php?chapter=example_code_platformer|Program Arcade Games With Python And Pygame|2|0|13191999035711828|0|0
188|https://www.google.com/search?ei=EF09XLeKMcTLrQGjwrOoCg&q=platform+game+python+turtle&oq=platform+game+python+turtle&gs_l=psy-ab.3..33i22i29i30l5.2986.5757..5913...5.0..0.204.1452.0j8j1......0....1..gws-wiz.......0i71j0i22i30j0i22i10i30j33i160.CEhwGgYqGEI|platform game python turtle - Google Search|1|0|13191999008699810|0|0
189|https://opensource.com/article/18/4/easy-2d-game-creation-python-and-arcade|How to create a 2D game with Python and the Arcade library | Opensource.com|1|0|13191999014005431|0|0
190|https://www.reddit.com/r/learnprogramming/comments/20ejkg/tutorial_on_creating_a_platformer_in_python/|Tutorial on creating a platformer in Python : learnprogramming|2|0|13191999016582001|0|0
191|https://www.google.com/search?q=minecraft+linux&oq=minecraft+linux&aqs=chrome..69i57j0l5.4070j0j7&sourceid=chrome&ie=UTF-8|minecraft linux - Google Search|1|0|13191999224866599|0|0
192|https://docs.python.org/3/search.html?q=game+stop&check_keywords=yes&area=default|Search  Python 3.7.2 documentation|1|0|13192000182002891|0|0
193|https://docs.python.org/3/search.html?q=reset|Search  Python 3.7.2 documentation|1|0|13192000193402887|0|0
194|https://mail.google.com/mail/|CSESoc UNSW Mail|2|0|13192014397490034|0|0
195|https://accounts.google.com/ServiceLogin?service=mail&passive=true&rm=false&continue=https://mail.google.com/mail/&ss=1&scc=1&ltmpl=default&ltmplcache=2&emr=1&osid=1#|CSESoc UNSW Mail|1|0|13192001881978207|0|0
196|https://mail.google.com/accounts/SetOSID?authuser=0&continue=https%3A%2F%2Fmail.google.com%2Fmail%2F%3Fpli%3D1&osidt=ALWU2csbdfmUnAYkG1zkGpVBZWmvMFkpIgfXY0b1rIc_dL8bijYQ9zbDSFihPyXc0Iy7_wdut4PE8c3r0-e0WkNnvciGrjyKWIL9OoZWHQd24B69NXQDBHMDIG7RUT-JTALY-Hp8Imgo#|CSESoc UNSW Mail|1|0|13192001881978207|0|0
197|https://mail.google.com/mail/?pli=1#|CSESoc UNSW Mail|1|0|13192001881978207|0|0
198|https://mail.google.com/mail/u/0/?pli=1#|CSESoc UNSW Mail|1|0|13192001881978207|0|0
199|https://mail.google.com/mail/u/0/#|CSESoc UNSW Mail|1|0|13192001881978207|0|0
200|https://mail.google.com/mail/u/0/#inbox|Inbox (1) - teresa@csesoc.org.au - CSESoc UNSW Mail|2|0|13192014400106190|0|0
201|https://mail.google.com/mail/u/0/#inbox?compose=new||1|0|13192001888111531|0|0
202|https://mail.google.com/mail/u/0/|CSESoc UNSW Mail|1|0|13192014397490034|0|0
203|http://ctf.compclub.com.au/|CompClub 2019 Summer CTF|1|1|13192014401068995|0|0
204|https://ctf.compclub.com.au/|CompClub 2019 Summer CTF|11|1|13192015510048023|0|0
205|https://ctf.compclub.com.au/invite?next=%2F|CompClub 2019 Summer CTF|3|0|13192014582514028|0|0
206|https://ctf.compclub.com.au/invite/|CompClub 2019 Summer CTF|4|0|13192015619754749|0|0
207|https://ctf.compclub.com.au/api/v1/ctf/leaderboard.json||1|0|13192014997313811|0|0
208|https://ctf.compclub.com.au/orchestrator||1|0|13192015011936148|0|0
209|https://ctf.compclub.com.au/api/v1/auth/me||1|0|13192015028568624|0|0
210|http://google.com/|Google|1|1|13192015547288520|0|0
211|http://www.google.com/|Google|1|0|13192015547288520|0|0
212|https://www.google.com/|Google|1|0|13192015547288520|0|0
213|https://ctf.compclub.com.au/invite|CompClub 2019 Summer CTF|1|1|13192015619754749|0|0
214|https://summer2019.compclub.com.au/day4|Some useful links: | CompClub 2019 Summer Workshops|3|0|13192154192616926|0|0
215|http://summer2019.compclub.com.au/day4_files/index_html|CompClub 2019 Summer Workshops|1|0|13192154149615578|0|0
216|https://summer2019.compclub.com.au/day4_files/index_html|CompClub 2019 Summer Workshops|1|0|13192154149615578|0|0
217|http://summer2019.compclub.com.au/day4_files/results_html|CompClub 2019 Summer Workshops|1|0|13192154150407902|0|0
218|https://summer2019.compclub.com.au/day4_files/results_html|CompClub 2019 Summer Workshops|1|0|13192154150407902|0|0
219|https://repl.it/repls/AllVoluminousTransfer|Repl.it - AllVoluminousTransfer|2|0|13192154153264717|0|0
220|http://summer2019.compclub.com.au/day4_files/index_css|CompClub 2019 Summer Workshops|1|0|13192154151917637|0|0
221|https://summer2019.compclub.com.au/day4_files/index_css|CompClub 2019 Summer Workshops|1|0|13192154151917637|0|0
222|https://repl.it/repls/BackWrithingCallback|Repl.it - BackWrithingCallback|2|0|13192154191366362|0|0
223|https://repl.it/repls/DelayedJaggedAssignments|Repl.it - DelayedJaggedAssignments|4|0|13192160900266623|0|0
224|https://delayedjaggedassignments--five-nine.repl.co/results||65|0|13192172145052538|1|0
225|https://delayedjaggedassignments--five-nine.repl.co/||33|0|13192172139609182|1|0
226|https://repl.it/talk|Repl.it - Posts|2|0|13192160896355120|0|0
227|https://ipstack.com/|ipstack - Free IP Geolocation API|1|0|13192161747704277|0|0
228|https://www.google.com/search?q=acsess&oq=acsess&aqs=chrome..69i57j0l5.4622j0j7&sourceid=chrome&ie=UTF-8|acsess - Google Search|1|0|13192162417580490|0|0
229|https://www.google.com/search?q=my+ip&oq=my+ip&aqs=chrome..69i57j0l5.6480j0j9&sourceid=chrome&ie=UTF-8|my ip - Google Search|1|0|13192162496249741|0|0
230|https://www.google.com/search?ei=wNs_XPymBdT0rQGQt5TgBg&q=african+ip+addresses&oq=african+ip+add&gs_l=psy-ab.3.0.0l2j0i22i30l5.2614029.2615754..2616742...0.0..0.219.2135.0j12j2......0....1..gws-wiz.......0i71j0i67j0i131j0i22i10i30.UL5IRMgmmP8|african ip addresses - Google Search|1|0|13192165113700406|0|0
231|https://www.google.com/search?ei=-eU_XMefIcjorQGhiJzwDQ&q=googles+ip+address&oq=googles+ip+address&gs_l=psy-ab.3..0i10l4j0i22i30l6.171624.174987..175090...2.0..1.255.2916.0j18j1......0....1..gws-wiz.......0i71j0i131i67j0i131j0j0i67.4-E_m8iNhGU|googles ip address - Google Search|1|0|13192165289673150|0|0
232|https://www.google.com/search?q=slitherio&oq=sliter&aqs=chrome.1.69i57j0l5.3431j0j7&sourceid=chrome&ie=UTF-8|slitherio - Google Search|1|0|13192168547738065|0|0
233|http://slither.io/|slither.io|1|0|13192168611982179|0|0
234|https://www.google.com/search?q=animation+css&oq=animation+css&aqs=chrome..69i57j0l5.3335j0j7&sourceid=chrome&ie=UTF-8|animation css - Google Search|3|0|13192169209416331|0|0
235|https://css-tricks.com/almanac/properties/a/animation/|animation | CSS-Tricks|1|0|13192168810745565|0|0
236|https://developer.mozilla.org/en-US/docs/Web/CSS/CSS_Animations/Using_CSS_animations|Using CSS animations | MDN|1|0|13192169207469765|0|0
237|https://www.google.com/search?ei=YfQ_XMGMG8X-apWVqrAO&q=animation+css+mouse&oq=animation+css+mouse&gs_l=psy-ab.3..0i22i30l10.1894.4733..6862...1.0..0.232.1258.0j4j3......0....1..gws-wiz.......0i71j0j0i67j0i22i10i30.Et05dy5fqUw|animation css mouse - Google Search|1|0|13192169216661602|0|0
238|https://www.google.com/search?ei=APY_XNvYHta-9QPFxayQCQ&q=animation+css+mouse+cursor&oq=animation+css+mouse+cursor&gs_l=psy-ab.3..0i22i30.1556.2297..2405...0.0..0.199.972.0j6......0....1..gws-wiz.......0i71j33i22i29i30.VcSAdamxJ60|animation css mouse cursor - Google Search|1|0|13192169220021686|0|0
239|https://css-tricks.com/forums/topic/animated-cursor/|Animated cursor - CSS-Tricks|1|0|13192169223693637|0|0
240|https://codepen.io/Jan-Timon/embed/preview/amkLWL?height=300&amp;slug-hash=amkLWL&amp;default-tabs=css,result&amp;host=http%3A%2F%2Fcodepen.io&amp;embed-version=2||1|0|13192169228036247|1|0
241|https://codepen.io/Jan-Timon/embed/amkLWL?height=300&amp;slug-hash=amkLWL&amp;default-tabs=css,result&amp;host=http%3A%2F%2Fcodepen.io&amp;embed-version=2||1|0|13192169228036247|1|0
242|https://codepen.io/Jan-Timon/embed/preview/ZpZLxL?height=300&amp;slug-hash=ZpZLxL&amp;default-tabs=js,result&amp;host=http%3A%2F%2Fcodepen.io&amp;embed-version=2||1|0|13192169235409546|1|0
243|https://codepen.io/Jan-Timon/embed/ZpZLxL?height=300&amp;slug-hash=ZpZLxL&amp;default-tabs=js,result&amp;host=http%3A%2F%2Fcodepen.io&amp;embed-version=2||1|0|13192169235409546|1|0
244|https://www.google.com/search?q=css+div+id&oq=css+div+id&aqs=chrome..69i57j0l5.2328j0j7&sourceid=chrome&ie=UTF-8|css div id - Google Search|1|0|13192169272594621|0|0
245|https://www.w3schools.com/cssref/sel_id.asp|CSS #id Selector|1|0|13192169276069001|0|0
246|https://www.google.com/search?q=animated+cursor+css&oq=animated+cursor+css&aqs=chrome..69i57j0l2j69i60.4711j0j4&sourceid=chrome&ie=UTF-8|animated cursor css - Google Search|1|0|13192169382126369|0|0
247|https://codepen.io/tamm/pen/LIFam|Animation following cursor|2|0|13192169420979938|0|0
248|https://www.google.com/search?q=where+to+put+js+in+flask&oq=where+to+put+js+in+flask&aqs=chrome..69i57j0.3760j0j7&sourceid=chrome&ie=UTF-8|where to put js in flask - Google Search|1|0|13192169508633098|0|0
249|https://stackoverflow.com/questions/14711552/external-javascript-file-is-not-getting-added-when-runs-on-flask|python - External javascript file is not getting added when runs on flask - Stack Overflow|1|0|13192169514607267|0|0
250|https://www.google.com/search?q=change+coffescript+into+js&oq=change+coffescript+into+js&aqs=chrome..69i57.3311j0j7&sourceid=chrome&ie=UTF-8|change coffescript into js - Google Search|1|0|13192169617712697|0|0
251|https://awsm-tools.com/code/coffee2js|Convert CoffeeScript to JavaScript online|3|0|13192169644755865|0|0
252|https://www.google.com/search?q=pug+to+html+coverter&oq=pug+to+html+coverter&aqs=chrome..69i57j0.3184j0j7&sourceid=chrome&ie=UTF-8|pug to html coverter - Google Search|1|0|13192170032657851|0|0
253|https://pughtml.com/|PugHtml - Pug and HTML online converter in realtime|2|0|13192170037290944|0|0
254|https://www.google.com/search?q=javascript+in+flask&oq=javascript+in+flask&aqs=chrome..69i57j0l5.4175j0j7&sourceid=chrome&ie=UTF-8|javascript in flask - Google Search|1|0|13192170936637245|0|0
255|https://stackoverflow.com/questions/36167086/separating-html-and-javascript-in-flask|python - Separating html and JavaScript in Flask - Stack Overflow|1|0|13192170940033641|0|0
256|https://www.google.com/search?q=maps+googleapis+api+static+map&oq=maps+googleapis+api+static+map&aqs=chrome..69i57j0l5.16688j0j7&sourceid=chrome&ie=UTF-8|maps googleapis api static map - Google Search|1|0|13192171615993637|0|0
257|https://developers.google.com/maps/documentation/maps-static/intro|Overview | Maps Static API | Google Developers|1|0|13192171621265108|0|0
258|https://maps.googleapis.com/maps/api/staticmap?center=37.751,-97.822&size555x250&zoom=8&scale=4&key=AIzaSyBuwAiyYR_IV5y8bD2wLyudCgPquB2qSVM||1|0|13192172118038323|0|0
