2019-01-07 02:57:40|https://www.mozilla.org/privacy/firefox/
2019-01-07 02:57:40|https://www.mozilla.org/en-US/privacy/firefox/
2019-01-07 02:57:55|http://aframe.io/
2019-01-07 02:57:57|https://aframe.io/
2019-01-07 02:58:02|https://aframe.io/examples/showcase/helloworld/
2019-01-07 02:58:06|https://glitch.com/~aframe
2019-01-07 03:00:22|https://glitch.com/edit/#!/remix/aframe
2019-01-07 03:00:24|https://glitch.com/edit/#!/
2019-01-07 03:00:24|https://glitch.com/edit/#!/low-heaven
2019-01-07 03:03:22|https://glitch.com/edit/#!/low-heaven?path=index.html:17:7
2019-01-07 03:03:23|https://low-heaven.glitch.me/
2019-01-07 03:08:28|https://low-heaven.glitch.me/
2019-01-07 03:08:28|https://low-heaven.glitch.me/
2019-01-07 03:08:31|https://low-heaven.glitch.me/
2019-01-07 03:08:45|https://low-heaven.glitch.me/
2019-01-07 03:08:48|https://low-heaven.glitch.me/
2019-01-07 03:08:51|https://low-heaven.glitch.me/
2019-01-07 03:08:52|https://low-heaven.glitch.me/
2019-01-07 03:08:56|https://low-heaven.glitch.me/
2019-01-07 03:09:00|https://low-heaven.glitch.me/
2019-01-07 03:09:07|https://low-heaven.glitch.me/
2019-01-07 03:09:08|https://low-heaven.glitch.me/
2019-01-07 03:09:09|https://low-heaven.glitch.me/
2019-01-07 03:09:23|https://low-heaven.glitch.me/
2019-01-07 03:09:29|https://low-heaven.glitch.me/
2019-01-07 03:09:42|https://low-heaven.glitch.me/
2019-01-07 03:09:43|https://low-heaven.glitch.me/
2019-01-07 03:09:44|https://glitch.com/edit/#!/low-heaven?path=index.html:11:66
2019-01-07 03:09:57|https://low-heaven.glitch.me/
2019-01-07 03:09:57|https://low-heaven.glitch.me/
2019-01-07 03:10:49|https://low-heaven.glitch.me/
2019-01-07 03:10:50|https://low-heaven.glitch.me/
2019-01-07 03:10:51|https://low-heaven.glitch.me/
2019-01-07 03:10:56|https://low-heaven.glitch.me/
2019-01-07 03:10:57|https://low-heaven.glitch.me/
2019-01-07 03:10:58|https://low-heaven.glitch.me/
2019-01-07 03:11:00|https://glitch.com/edit/#!/low-heaven?path=index.html:17:7
2019-01-07 03:11:39|https://glitch.com/edit/#!/low-heaven?path=index.html:13:79
2019-01-07 03:12:10|https://low-heaven.glitch.me/
2019-01-07 03:12:11|https://low-heaven.glitch.me/
2019-01-07 03:12:13|https://low-heaven.glitch.me/
2019-01-07 03:12:15|https://low-heaven.glitch.me/
2019-01-07 03:12:16|https://glitch.com/edit/#!/low-heaven?path=index.html:17:7
2019-01-07 03:12:29|https://low-heaven.glitch.me/
2019-01-07 03:12:33|https://low-heaven.glitch.me/
2019-01-07 03:12:34|https://low-heaven.glitch.me/
2019-01-07 03:13:30|https://low-heaven.glitch.me/
2019-01-07 03:13:33|https://low-heaven.glitch.me/
2019-01-07 03:13:35|https://low-heaven.glitch.me/
2019-01-07 03:13:40|https://glitch.com/edit/#!/low-heaven?path=index.html:13:17
2019-01-07 03:13:46|https://low-heaven.glitch.me/
2019-01-07 03:13:47|https://low-heaven.glitch.me/
2019-01-07 03:13:50|https://low-heaven.glitch.me/
2019-01-07 03:13:51|https://low-heaven.glitch.me/
2019-01-07 03:13:54|https://low-heaven.glitch.me/
2019-01-07 03:13:55|https://low-heaven.glitch.me/
2019-01-07 03:13:56|https://low-heaven.glitch.me/
2019-01-07 03:14:01|https://low-heaven.glitch.me/
2019-01-07 03:14:02|https://low-heaven.glitch.me/
2019-01-07 03:14:22|https://low-heaven.glitch.me/
2019-01-07 03:14:23|https://low-heaven.glitch.me/
2019-01-07 03:14:29|https://low-heaven.glitch.me/
2019-01-07 03:14:32|https://low-heaven.glitch.me/
2019-01-07 03:14:33|https://low-heaven.glitch.me/
2019-01-07 03:14:33|https://low-heaven.glitch.me/
2019-01-07 03:14:37|https://low-heaven.glitch.me/
2019-01-07 03:14:48|https://low-heaven.glitch.me/
2019-01-07 03:14:50|https://low-heaven.glitch.me/
2019-01-07 03:14:54|https://glitch.com/edit/#!/low-heaven?path=index.html:13:13
2019-01-07 03:15:15|https://low-heaven.glitch.me/
2019-01-07 03:15:15|https://low-heaven.glitch.me/
2019-01-07 03:15:18|https://low-heaven.glitch.me/
2019-01-07 03:15:35|https://low-heaven.glitch.me/
2019-01-07 03:15:37|https://low-heaven.glitch.me/
2019-01-07 03:15:47|https://low-heaven.glitch.me/
2019-01-07 03:15:48|https://low-heaven.glitch.me/
2019-01-07 03:15:49|https://low-heaven.glitch.me/
2019-01-07 03:15:51|https://low-heaven.glitch.me/
2019-01-07 03:15:53|https://low-heaven.glitch.me/
2019-01-07 03:15:58|https://low-heaven.glitch.me/
2019-01-07 03:16:04|https://low-heaven.glitch.me/
2019-01-07 03:16:05|https://low-heaven.glitch.me/
2019-01-07 03:16:09|https://low-heaven.glitch.me/
2019-01-07 03:16:13|https://low-heaven.glitch.me/
2019-01-07 03:16:19|https://low-heaven.glitch.me/
2019-01-07 03:16:19|https://low-heaven.glitch.me/
2019-01-07 03:16:22|https://low-heaven.glitch.me/
2019-01-07 03:16:23|https://low-heaven.glitch.me/
2019-01-07 03:16:24|https://low-heaven.glitch.me/
2019-01-07 03:16:26|https://low-heaven.glitch.me/
2019-01-07 03:16:28|https://low-heaven.glitch.me/
2019-01-07 03:16:31|https://low-heaven.glitch.me/
2019-01-07 03:16:34|https://low-heaven.glitch.me/
2019-01-07 03:16:35|https://low-heaven.glitch.me/
2019-01-07 03:16:37|https://low-heaven.glitch.me/
2019-01-07 03:16:38|https://low-heaven.glitch.me/
2019-01-07 03:16:39|https://low-heaven.glitch.me/
2019-01-07 03:16:41|https://low-heaven.glitch.me/
2019-01-07 03:16:43|https://low-heaven.glitch.me/
2019-01-07 03:16:46|https://low-heaven.glitch.me/
2019-01-07 03:16:49|https://low-heaven.glitch.me/
2019-01-07 03:16:52|https://low-heaven.glitch.me/
2019-01-07 03:16:57|https://low-heaven.glitch.me/
2019-01-07 03:17:00|https://low-heaven.glitch.me/
2019-01-07 03:17:01|https://low-heaven.glitch.me/
2019-01-07 03:17:03|https://low-heaven.glitch.me/
2019-01-07 03:17:04|https://low-heaven.glitch.me/
2019-01-07 03:17:08|https://low-heaven.glitch.me/
2019-01-07 03:17:21|https://low-heaven.glitch.me/
2019-01-07 03:17:26|https://low-heaven.glitch.me/
2019-01-07 03:17:29|https://low-heaven.glitch.me/
2019-01-07 03:17:38|https://low-heaven.glitch.me/
2019-01-07 03:17:39|https://low-heaven.glitch.me/
2019-01-07 03:17:43|https://low-heaven.glitch.me/
2019-01-07 03:17:46|https://low-heaven.glitch.me/
2019-01-07 03:17:47|https://low-heaven.glitch.me/
2019-01-07 03:17:48|https://low-heaven.glitch.me/
2019-01-07 03:17:49|https://low-heaven.glitch.me/
2019-01-07 03:17:50|https://low-heaven.glitch.me/
2019-01-07 03:17:52|https://low-heaven.glitch.me/
2019-01-07 03:17:54|https://low-heaven.glitch.me/
2019-01-07 03:17:57|https://low-heaven.glitch.me/
2019-01-07 03:18:02|https://low-heaven.glitch.me/
2019-01-07 03:18:03|https://low-heaven.glitch.me/
2019-01-07 03:18:05|https://low-heaven.glitch.me/
2019-01-07 03:18:07|https://low-heaven.glitch.me/
2019-01-07 03:18:10|https://low-heaven.glitch.me/
2019-01-07 03:18:13|https://low-heaven.glitch.me/
2019-01-07 03:18:17|https://low-heaven.glitch.me/
2019-01-07 03:18:19|https://low-heaven.glitch.me/
2019-01-07 03:18:23|https://low-heaven.glitch.me/
2019-01-07 03:18:24|https://low-heaven.glitch.me/
2019-01-07 03:18:25|https://low-heaven.glitch.me/
2019-01-07 03:18:27|https://low-heaven.glitch.me/
2019-01-07 03:18:29|https://low-heaven.glitch.me/
2019-01-07 03:18:30|https://low-heaven.glitch.me/
2019-01-07 03:18:35|https://low-heaven.glitch.me/
2019-01-07 03:18:40|https://low-heaven.glitch.me/
2019-01-07 03:18:41|https://low-heaven.glitch.me/
2019-01-07 03:18:43|https://low-heaven.glitch.me/
2019-01-07 03:18:44|https://low-heaven.glitch.me/
2019-01-07 03:18:46|https://low-heaven.glitch.me/
2019-01-07 03:18:47|https://low-heaven.glitch.me/
2019-01-07 03:18:50|https://low-heaven.glitch.me/
2019-01-07 03:18:51|https://low-heaven.glitch.me/
2019-01-07 03:18:56|https://low-heaven.glitch.me/
2019-01-07 03:19:02|https://glitch.com/edit/#!/low-heaven?path=index.html:18:24
2019-01-07 03:19:18|https://low-heaven.glitch.me/
2019-01-07 03:19:22|https://low-heaven.glitch.me/
2019-01-07 03:19:23|https://low-heaven.glitch.me/
2019-01-07 03:19:24|https://glitch.com/edit/#!/low-heaven?path=index.html:15:15
2019-01-07 03:19:51|https://low-heaven.glitch.me/
2019-01-07 03:19:54|https://low-heaven.glitch.me/
2019-01-07 03:19:55|https://low-heaven.glitch.me/
2019-01-07 03:19:57|https://glitch.com/edit/#!/low-heaven?path=index.html:13:21
2019-01-07 03:20:06|https://low-heaven.glitch.me/
2019-01-07 03:20:12|https://low-heaven.glitch.me/
2019-01-07 03:20:15|https://low-heaven.glitch.me/
2019-01-07 03:20:27|https://low-heaven.glitch.me/
2019-01-07 03:20:28|https://glitch.com/edit/#!/low-heaven?path=index.html:17:17
2019-01-07 03:20:36|https://low-heaven.glitch.me/
2019-01-07 03:20:37|https://glitch.com/edit/#!/low-heaven?path=index.html:17:16
2019-01-07 03:21:00|https://low-heaven.glitch.me/
2019-01-07 03:21:02|https://low-heaven.glitch.me/
2019-01-07 03:21:03|https://low-heaven.glitch.me/
2019-01-07 03:21:03|https://low-heaven.glitch.me/
2019-01-07 03:21:05|https://glitch.com/edit/#!/low-heaven?path=index.html:17:13
2019-01-07 03:21:23|https://low-heaven.glitch.me/
2019-01-07 03:21:29|https://low-heaven.glitch.me/
2019-01-07 03:21:35|https://low-heaven.glitch.me/
2019-01-07 03:21:56|https://glitch.com/edit/#!/low-heaven?path=index.html:18:14
2019-01-07 03:22:06|https://low-heaven.glitch.me/
2019-01-07 03:22:07|https://low-heaven.glitch.me/
2019-01-07 03:22:11|https://low-heaven.glitch.me/
2019-01-07 03:22:12|https://low-heaven.glitch.me/
2019-01-07 03:22:13|https://glitch.com/edit/#!/low-heaven?path=index.html:18:15
2019-01-07 03:22:19|https://low-heaven.glitch.me/
2019-01-07 03:22:21|https://low-heaven.glitch.me/
2019-01-07 03:22:29|https://low-heaven.glitch.me/
2019-01-07 03:22:59|https://glitch.com/edit/#!/low-heaven?path=index.html:17:14
2019-01-07 03:56:19|https://aframe.io/
2019-01-07 03:58:50|https://aframe.io/examples/showcase/helloworld/
2019-01-07 04:01:08|https://glitch.com/~aframe
2019-01-07 04:01:33|https://glitch.com/edit/#!/remix/aframe
2019-01-07 04:01:34|https://glitch.com/edit/#!/
2019-01-07 04:01:35|https://glitch.com/edit/#!/best-closet
2019-01-07 04:04:17|https://glitch.com/edit/#!/best-closet?path=index.html:1:0
2019-01-07 04:04:24|https://www.google.com/search?q=html+colours+&ie=utf-8&oe=utf-8&client=firefox-b-ab
2019-01-07 04:04:57|https://glitch.com/edit/#!/best-closet?path=index.html:17:7
2019-01-07 04:04:58|https://best-closet.glitch.me/
2019-01-07 04:05:03|https://htmlcolorcodes.com/
2019-01-07 04:05:32|https://glitch.com/edit/#!/best-closet?path=index.html:12:77
2019-01-07 04:05:47|https://best-closet.glitch.me/
2019-01-07 04:05:51|https://glitch.com/edit/#!/best-closet?path=index.html:12:65
2019-01-07 04:06:15|https://best-closet.glitch.me/
2019-01-07 04:06:17|https://glitch.com/edit/#!/best-closet?path=index.html:13:79
2019-01-07 04:06:46|https://best-closet.glitch.me/
2019-01-07 04:06:48|https://glitch.com/edit/#!/best-closet?path=index.html:17:7
2019-01-07 04:07:25|https://best-closet.glitch.me/
2019-01-07 04:07:26|https://glitch.com/edit/#!/best-closet?path=index.html:11:65
2019-01-07 04:07:33|https://best-closet.glitch.me/
2019-01-07 04:07:34|https://glitch.com/edit/#!/best-closet?path=index.html:11:60
2019-01-07 04:07:58|https://best-closet.glitch.me/
2019-01-07 04:07:59|https://glitch.com/edit/#!/best-closet?path=index.html:11:66
2019-01-07 04:08:26|https://best-closet.glitch.me/
2019-01-07 04:08:29|https://glitch.com/edit/#!/best-closet?path=index.html:10:39
2019-01-07 04:08:37|https://best-closet.glitch.me/
2019-01-07 04:08:39|https://best-closet.glitch.me/
2019-01-07 04:08:40|https://best-closet.glitch.me/
2019-01-07 04:08:40|https://best-closet.glitch.me/
2019-01-07 04:08:45|https://best-closet.glitch.me/
2019-01-07 04:08:47|https://best-closet.glitch.me/
2019-01-07 04:08:48|https://best-closet.glitch.me/
2019-01-07 04:08:48|https://best-closet.glitch.me/
2019-01-07 04:08:49|https://glitch.com/edit/#!/best-closet?path=index.html:11:86
2019-01-07 04:08:57|https://best-closet.glitch.me/
2019-01-07 04:09:10|https://best-closet.glitch.me/
2019-01-07 04:09:15|https://best-closet.glitch.me/
2019-01-07 04:09:17|https://best-closet.glitch.me/
2019-01-07 04:09:18|https://glitch.com/edit/#!/best-closet?path=index.html:11:90
2019-01-07 04:09:30|https://best-closet.glitch.me/
2019-01-07 04:09:32|https://best-closet.glitch.me/
2019-01-07 04:09:38|https://best-closet.glitch.me/
2019-01-07 04:09:40|https://best-closet.glitch.me/
2019-01-07 04:09:41|https://glitch.com/edit/#!/best-closet?path=index.html:11:82
2019-01-07 04:10:05|https://aframe.io/
2019-01-07 04:10:14|https://aframe.io/docs/0.8.0/introduction/
2019-01-07 04:10:43|https://aframe.io/docs/0.8.0/primitives/a-dodecahedron.html
2019-01-07 04:10:56|https://best-closet.glitch.me/
2019-01-07 04:10:57|https://best-closet.glitch.me/
2019-01-07 04:10:59|https://glitch.com/edit/#!/best-closet?path=index.html:15:66
2019-01-07 04:11:10|https://best-closet.glitch.me/
2019-01-07 04:11:11|https://glitch.com/edit/#!/best-closet?path=index.html:12:85
2019-01-07 04:11:29|https://best-closet.glitch.me/
2019-01-07 04:11:30|https://best-closet.glitch.me/
2019-01-07 04:11:34|https://best-closet.glitch.me/
2019-01-07 04:11:35|https://best-closet.glitch.me/
2019-01-07 04:11:37|https://best-closet.glitch.me/
2019-01-07 04:11:54|https://best-closet.glitch.me/
2019-01-07 04:11:55|https://best-closet.glitch.me/
2019-01-07 04:12:04|https://best-closet.glitch.me/
2019-01-07 04:12:05|https://best-closet.glitch.me/
2019-01-07 04:12:09|https://glitch.com/edit/#!/best-closet?path=index.html:13:58
2019-01-07 04:12:21|https://best-closet.glitch.me/
2019-01-07 04:12:24|https://best-closet.glitch.me/
2019-01-07 04:12:26|https://glitch.com/edit/#!/best-closet?path=index.html:15:89
2019-01-07 04:12:41|https://best-closet.glitch.me/
2019-01-07 04:12:42|https://glitch.com/edit/#!/best-closet?path=index.html:12:85
2019-01-07 04:13:32|https://best-closet.glitch.me/
2019-01-07 04:13:33|https://best-closet.glitch.me/
2019-01-07 04:13:34|https://glitch.com/edit/#!/best-closet?path=index.html:14:52
2019-01-07 04:14:14|https://glitch.com/edit/#!/best-closet?path=index.html:14:67
2019-01-07 04:14:29|https://best-closet.glitch.me/
2019-01-07 04:14:33|https://best-closet.glitch.me/
2019-01-07 04:14:35|https://glitch.com/edit/#!/best-closet?path=index.html:14:62
2019-01-07 04:14:46|https://best-closet.glitch.me/
2019-01-07 04:14:47|https://best-closet.glitch.me/
2019-01-07 04:14:47|https://best-closet.glitch.me/
2019-01-07 04:14:49|https://best-closet.glitch.me/
2019-01-07 04:14:52|https://best-closet.glitch.me/
2019-01-07 04:14:53|https://best-closet.glitch.me/
2019-01-07 04:14:56|https://best-closet.glitch.me/
2019-01-07 04:14:57|https://best-closet.glitch.me/
2019-01-07 04:15:01|https://best-closet.glitch.me/
2019-01-07 04:15:01|https://best-closet.glitch.me/
2019-01-07 04:15:04|https://best-closet.glitch.me/
2019-01-07 04:15:11|https://glitch.com/edit/#!/best-closet?path=index.html:14:64
2019-01-07 04:15:36|https://github.com/aframevr/aframe/tree/v0.8.0/src/extras/primitives/primitives/meshPrimitives.js
2019-01-07 04:15:36|https://github.com/aframevr/aframe/blob/v0.8.0/src/extras/primitives/primitives/meshPrimitives.js
2019-01-07 04:16:07|https://best-closet.glitch.me/
2019-01-07 04:16:09|https://best-closet.glitch.me/
2019-01-07 04:16:59|https://glitch.com/edit/#!/best-closet?path=index.html:9:8
2019-01-07 04:17:01|https://aframe.io/releases/0.8.2/aframe.min.js
2019-01-07 04:17:48|https://best-closet.glitch.me/
2019-01-07 04:17:53|https://best-closet.glitch.me/
2019-01-07 04:17:54|https://best-closet.glitch.me/
2019-01-07 04:18:05|https://best-closet.glitch.me/
2019-01-07 04:18:08|https://best-closet.glitch.me/
2019-01-07 04:18:13|https://best-closet.glitch.me/
2019-01-07 04:18:16|https://best-closet.glitch.me/
2019-01-07 04:18:19|https://best-closet.glitch.me/
2019-01-07 04:18:21|https://best-closet.glitch.me/
2019-01-07 04:18:24|https://best-closet.glitch.me/
2019-01-07 04:18:26|https://best-closet.glitch.me/
2019-01-07 04:18:27|https://best-closet.glitch.me/
2019-01-07 04:18:30|https://best-closet.glitch.me/
2019-01-07 04:18:30|https://best-closet.glitch.me/
2019-01-07 04:18:32|https://best-closet.glitch.me/
2019-01-07 04:18:37|https://best-closet.glitch.me/
2019-01-07 04:18:37|https://best-closet.glitch.me/
2019-01-07 04:18:39|https://best-closet.glitch.me/
2019-01-07 04:18:40|https://best-closet.glitch.me/
2019-01-07 04:18:42|https://best-closet.glitch.me/
2019-01-07 04:18:44|https://best-closet.glitch.me/
2019-01-07 04:18:46|https://best-closet.glitch.me/
2019-01-07 04:18:49|https://best-closet.glitch.me/
2019-01-07 04:18:51|https://best-closet.glitch.me/
2019-01-07 04:18:51|https://best-closet.glitch.me/
2019-01-07 04:18:53|https://best-closet.glitch.me/
2019-01-07 04:18:56|https://best-closet.glitch.me/
2019-01-07 04:18:57|https://best-closet.glitch.me/
2019-01-07 04:18:57|https://best-closet.glitch.me/
2019-01-07 04:18:59|https://best-closet.glitch.me/
2019-01-07 04:19:00|https://best-closet.glitch.me/
2019-01-07 04:19:02|https://best-closet.glitch.me/
2019-01-07 04:19:03|https://best-closet.glitch.me/
2019-01-07 04:19:04|https://best-closet.glitch.me/
2019-01-07 04:19:08|https://best-closet.glitch.me/
2019-01-07 04:19:09|https://best-closet.glitch.me/
2019-01-07 04:19:10|https://best-closet.glitch.me/
2019-01-07 04:19:13|https://best-closet.glitch.me/
2019-01-07 04:19:14|https://best-closet.glitch.me/
2019-01-07 04:19:15|https://best-closet.glitch.me/
2019-01-07 04:19:16|https://best-closet.glitch.me/
2019-01-07 04:19:21|https://best-closet.glitch.me/
2019-01-07 04:19:21|https://best-closet.glitch.me/
2019-01-07 04:19:23|https://best-closet.glitch.me/
2019-01-07 04:19:25|https://best-closet.glitch.me/
2019-01-07 04:19:27|https://best-closet.glitch.me/
2019-01-07 04:19:31|https://best-closet.glitch.me/
2019-01-07 04:19:31|https://best-closet.glitch.me/
2019-01-07 04:19:32|https://best-closet.glitch.me/
2019-01-07 04:19:33|https://best-closet.glitch.me/
2019-01-07 04:19:34|https://best-closet.glitch.me/
2019-01-07 04:19:35|https://best-closet.glitch.me/
2019-01-07 04:19:36|https://best-closet.glitch.me/
2019-01-07 04:19:38|https://best-closet.glitch.me/
2019-01-07 04:19:38|https://best-closet.glitch.me/
2019-01-07 04:19:40|https://best-closet.glitch.me/
2019-01-07 04:19:41|https://best-closet.glitch.me/
2019-01-07 04:19:44|https://best-closet.glitch.me/
2019-01-07 04:19:45|https://best-closet.glitch.me/
2019-01-07 04:19:47|https://best-closet.glitch.me/
2019-01-07 04:19:49|https://best-closet.glitch.me/
2019-01-07 04:19:50|https://best-closet.glitch.me/
2019-01-07 04:19:52|https://best-closet.glitch.me/
2019-01-07 04:19:54|https://best-closet.glitch.me/
2019-01-07 04:19:55|https://best-closet.glitch.me/
2019-01-07 04:19:55|https://best-closet.glitch.me/
2019-01-07 04:19:58|https://best-closet.glitch.me/
2019-01-07 04:20:00|https://best-closet.glitch.me/
2019-01-07 04:20:01|https://best-closet.glitch.me/
2019-01-07 04:20:08|https://best-closet.glitch.me/
2019-01-07 04:20:12|https://best-closet.glitch.me/
2019-01-07 04:20:22|https://best-closet.glitch.me/
2019-01-07 04:20:27|https://best-closet.glitch.me/
2019-01-07 04:20:32|https://best-closet.glitch.me/
2019-01-07 04:20:37|https://best-closet.glitch.me/
2019-01-07 04:20:38|https://glitch.com/edit/#!/best-closet?path=index.html:18:4
2019-01-07 04:20:51|https://best-closet.glitch.me/
2019-01-07 04:20:52|https://best-closet.glitch.me/
2019-01-07 04:20:52|https://glitch.com/edit/#!/best-closet?path=index.html:15:13
2019-01-07 04:20:58|https://best-closet.glitch.me/
2019-01-07 04:20:58|https://best-closet.glitch.me/
2019-01-07 04:21:00|https://best-closet.glitch.me/
2019-01-07 04:21:27|https://aframe.io/docs/0.8.0/components/vr-mode-ui.html
2019-01-07 04:21:49|https://aframe.io/docs/0.8.0/primitives/a-torus-knot.html
2019-01-07 04:22:14|https://best-closet.glitch.me/
2019-01-07 04:22:16|https://best-closet.glitch.me/
2019-01-07 04:22:19|https://glitch.com/edit/#!/best-closet?path=index.html:26:7
2019-01-07 04:22:46|https://best-closet.glitch.me/
2019-01-07 04:23:01|https://best-closet.glitch.me/
2019-01-07 04:23:02|https://best-closet.glitch.me/
2019-01-07 04:23:04|https://best-closet.glitch.me/
2019-01-07 04:23:05|https://best-closet.glitch.me/
2019-01-07 04:23:09|https://best-closet.glitch.me/
2019-01-07 04:23:10|https://glitch.com/edit/#!/best-closet?path=index.html:23:67
2019-01-07 04:24:11|https://best-closet.glitch.me/
2019-01-07 04:24:14|https://best-closet.glitch.me/
2019-01-07 04:24:16|https://best-closet.glitch.me/
2019-01-07 04:24:24|https://best-closet.glitch.me/
2019-01-07 04:24:29|https://best-closet.glitch.me/
2019-01-07 04:24:34|https://best-closet.glitch.me/
2019-01-07 04:24:35|https://glitch.com/edit/#!/best-closet?path=index.html:30:36
2019-01-07 04:27:50|https://best-closet.glitch.me/
2019-01-07 04:27:58|https://glitch.com/edit/#!/best-closet?path=index.html:19:14
2019-01-07 04:28:18|https://best-closet.glitch.me/
2019-01-07 04:28:19|https://best-closet.glitch.me/
2019-01-07 04:28:22|https://best-closet.glitch.me/
2019-01-07 04:28:22|https://glitch.com/edit/#!/best-closet?path=index.html:11:66
2019-01-15 23:29:02|https://summer2019.compclub.com.au/day3
2019-01-15 23:29:04|https://python.microbit.org/v/1
2019-01-15 23:29:13|https://python-editor-1-0-0.microbit.org/#
2019-01-15 23:45:37|https://python-editor-1-0-0.microbit.org/#
2019-01-15 23:48:44|https://python-editor-1-0-0.microbit.org/#
2019-01-15 23:50:08|https://python-editor-1-0-0.microbit.org/#
2019-01-15 23:51:17|https://python-editor-1-0-0.microbit.org/#
2019-01-16 00:16:11|https://www.google.com/search?q=how+to+empty+a+list+in+python&ie=utf-8&oe=utf-8&client=firefox-b-ab
2019-01-16 00:16:19|https://www.programiz.com/python-programming/methods/list/clear
2019-01-16 00:21:18|https://python-editor-1-0-0.microbit.org/#
2019-01-16 00:21:23|https://python-editor-1-0-0.microbit.org/#
2019-01-16 00:43:56|https://python-editor-1-0-0.microbit.org/#
2019-01-16 00:49:00|https://www.google.com/search?q=http%3A&ie=utf-8&oe=utf-8&client=firefox-b-ab
2019-01-16 01:30:19|https://summer2019.compclub.com.au/day3
2019-01-16 01:30:24|https://python.microbit.org/v/1
2019-01-16 01:30:51|https://python-editor-1-0-0.microbit.org/#
2019-01-16 01:31:56|https://python-editor-1-0-0.microbit.org/#
2019-01-16 01:41:52|https://python-editor-1-0-0.microbit.org/#
2019-01-16 01:42:46|https://python-editor-1-0-0.microbit.org/#
2019-01-16 02:15:05|https://python-editor-1-0-0.microbit.org/#
2019-01-16 02:15:05|https://python-editor-1-0-0.microbit.org/#
2019-01-16 03:13:25|https://repl.it/languages
2019-01-16 03:13:48|https://repl.it/repls
2019-01-16 03:13:56|https://repl.it/@JorjaR/SkeletalExtraneousLegacysystem
2019-01-16 03:14:04|https://repl.it/repls
2019-01-16 03:14:07|https://repl.it/@JorjaR/CurlyBelovedBracket
2019-01-16 03:43:36|https://repl.it/repls
2019-01-16 03:44:09|https://repl.it/
2019-01-16 03:44:10|https://repl.it/repls
2019-01-16 03:44:19|https://repl.it/languages
2019-01-16 03:44:25|https://repl.it/@JorjaR/MarriedDeafeningBlocks?folderId=
2019-01-16 03:44:35|https://repl.it/@JorjaR/MarriedDeafeningBlocks/history
2019-01-16 03:44:36|https://repl.it/@JorjaR/MarriedDeafeningBlocks/history?slug=MarriedDeafeningBlocks
2019-01-16 03:45:21|https://python.microbit.org/v/1
2019-01-16 03:59:20|https://repl.it/@JorjaR/MarriedDeafeningBlocks
2019-01-16 03:59:33|https://repl.it/@JorjaR/MarriedDeafeningBlocks/history
2019-01-16 03:59:33|https://repl.it/@JorjaR/MarriedDeafeningBlocks/history?slug=MarriedDeafeningBlocks
2019-01-16 04:00:04|https://python-editor-1-0-0.microbit.org/#
2019-01-16 04:00:23|https://python.microbit.org/v/1
2019-01-16 04:00:29|https://python.microbit.org/v/1.1
2019-01-16 04:00:58|https://python-editor-1-1-2.microbit.org/#
2019-01-16 04:04:24|https://python-editor-1-1-2.microbit.org/#
2019-01-16 04:09:26|https://python-editor-1-1-2.microbit.org/#
2019-01-16 04:10:56|https://python-editor-1-1-2.microbit.org/#
2019-01-16 04:20:09|https://python-editor-1-1-2.microbit.org/#
2019-01-16 04:22:05|https://python-editor-1-1-2.microbit.org/#
2019-01-16 04:23:41|https://python-editor-1-1-2.microbit.org/#
2019-01-16 04:25:20|https://repl.it/@JorjaR/MarriedDeafeningBlocks
2019-01-16 04:27:42|https://python-editor-1-1-2.microbit.org/#
2019-01-16 04:28:11|https://python-editor-1-1-2.microbit.org/#
2019-01-16 04:40:08|https://python-editor-1-0-0.microbit.org/#
2019-01-16 04:40:16|https://python-editor-1-0-0.microbit.org/#
2019-01-16 04:40:16|https://python-editor-1-0-0.microbit.org/#
2019-01-16 04:40:16|https://python-editor-1-0-0.microbit.org/#
2019-01-16 04:40:17|https://python-editor-1-0-0.microbit.org/#
2019-01-16 04:40:18|https://python-editor-1-0-0.microbit.org/#
2019-01-16 04:40:29|https://python.microbit.org/v/1
2019-01-16 04:41:09|https://repl.it/logout
2019-01-16 04:41:10|https://repl.it/
2019-01-16 04:41:11|https://repl.it/repls
2019-01-16 04:41:12|https://repl.it/login?goto=%2Frepls
2019-01-17 23:37:25|https://summer2019.compclub.com.au/day3
2019-01-17 23:37:33|https://summer2019.compclub.com.au/day35
2019-01-17 23:37:36|https://summer2019.compclub.com.au/day5
2019-01-17 23:38:06|https://docs.google.com/presentation/d/1kyRsC1-PMJu4UndE6psUHJHuTHX7W6cuYRod1jq3QJY
2019-01-17 23:38:06|https://docs.google.com/presentation/d/1kyRsC1-PMJu4UndE6psUHJHuTHX7W6cuYRod1jq3QJY/
2019-01-17 23:38:07|https://docs.google.com/presentation/d/1kyRsC1-PMJu4UndE6psUHJHuTHX7W6cuYRod1jq3QJY/edit
2019-01-17 23:38:10|https://docs.google.com/presentation/d/1kyRsC1-PMJu4UndE6psUHJHuTHX7W6cuYRod1jq3QJY/edit#slide=id.p1
2019-01-17 23:38:15|https://docs.google.com/presentation/d/1kyRsC1-PMJu4UndE6psUHJHuTHX7W6cuYRod1jq3QJY/edit#slide=id.g4c21576342_0_10
2019-01-17 23:38:16|https://docs.google.com/presentation/d/1kyRsC1-PMJu4UndE6psUHJHuTHX7W6cuYRod1jq3QJY/edit#slide=id.g4c0372a315_0_100
2019-01-17 23:38:23|https://docs.google.com/presentation/d/1kyRsC1-PMJu4UndE6psUHJHuTHX7W6cuYRod1jq3QJY/edit#slide=id.g4d923ccbc0_0_106
2019-01-17 23:38:24|https://docs.google.com/presentation/d/1kyRsC1-PMJu4UndE6psUHJHuTHX7W6cuYRod1jq3QJY/edit#slide=id.g4d8f0f26c2_0_17
2019-01-17 23:38:32|https://docs.google.com/presentation/d/1kyRsC1-PMJu4UndE6psUHJHuTHX7W6cuYRod1jq3QJY/edit#slide=id.g4c21576342_0_61
2019-01-17 23:38:39|https://summer2019.compclub.com.au/day5/code
2019-01-17 23:38:40|https://repl.it/@featherbear/LesserSignifiedBeings
2019-01-17 23:38:52|https://docs.google.com/presentation/d/1kyRsC1-PMJu4UndE6psUHJHuTHX7W6cuYRod1jq3QJY/edit#slide=id.g445c8f4c5882998c_36
2019-01-17 23:38:56|https://docs.google.com/presentation/d/1kyRsC1-PMJu4UndE6psUHJHuTHX7W6cuYRod1jq3QJY/edit#slide=id.g558a456a7dbd0e14_3
2019-01-17 23:39:10|https://docs.google.com/presentation/d/1kyRsC1-PMJu4UndE6psUHJHuTHX7W6cuYRod1jq3QJY/edit#slide=id.g445c8f4c5882998c_53
2019-01-17 23:40:05|https://docs.google.com/presentation/d/1kyRsC1-PMJu4UndE6psUHJHuTHX7W6cuYRod1jq3QJY/edit#slide=id.g558a456a7dbd0e14_3
2019-01-17 23:40:06|https://docs.google.com/presentation/d/1kyRsC1-PMJu4UndE6psUHJHuTHX7W6cuYRod1jq3QJY/edit#slide=id.g445c8f4c5882998c_36
2019-01-17 23:40:06|https://docs.google.com/presentation/d/1kyRsC1-PMJu4UndE6psUHJHuTHX7W6cuYRod1jq3QJY/edit#slide=id.g4c21576342_0_61
2019-01-17 23:40:11|https://docs.google.com/presentation/d/1kyRsC1-PMJu4UndE6psUHJHuTHX7W6cuYRod1jq3QJY/edit#slide=id.g445c8f4c5882998c_36
2019-01-17 23:40:11|https://docs.google.com/presentation/d/1kyRsC1-PMJu4UndE6psUHJHuTHX7W6cuYRod1jq3QJY/edit#slide=id.g558a456a7dbd0e14_3
2019-01-17 23:40:12|https://docs.google.com/presentation/d/1kyRsC1-PMJu4UndE6psUHJHuTHX7W6cuYRod1jq3QJY/edit#slide=id.g445c8f4c5882998c_53
2019-01-17 23:40:13|https://docs.google.com/presentation/d/1kyRsC1-PMJu4UndE6psUHJHuTHX7W6cuYRod1jq3QJY/edit#slide=id.g4c07aed684_0_70
2019-01-17 23:40:14|https://docs.google.com/presentation/d/1kyRsC1-PMJu4UndE6psUHJHuTHX7W6cuYRod1jq3QJY/edit#slide=id.g4d61f71165_0_10
2019-01-17 23:40:14|https://docs.google.com/presentation/d/1kyRsC1-PMJu4UndE6psUHJHuTHX7W6cuYRod1jq3QJY/edit#slide=id.g4c07aed684_0_70
2019-01-17 23:40:18|https://docs.google.com/presentation/d/1kyRsC1-PMJu4UndE6psUHJHuTHX7W6cuYRod1jq3QJY/edit#slide=id.g4d61f71165_0_10
2019-01-17 23:40:35|https://docs.google.com/presentation/d/1kyRsC1-PMJu4UndE6psUHJHuTHX7W6cuYRod1jq3QJY/edit#slide=id.g4c07aed684_0_70
2019-01-17 23:42:04|https://repl.it/repls/GloomyLatestCommunication
2019-01-17 23:42:29|https://docs.google.com/presentation/d/1kyRsC1-PMJu4UndE6psUHJHuTHX7W6cuYRod1jq3QJY/edit#slide=id.g4d61f71165_0_10
2019-01-17 23:44:52|https://docs.google.com/presentation/d/1kyRsC1-PMJu4UndE6psUHJHuTHX7W6cuYRod1jq3QJY/edit#slide=id.g4d61f71165_0_50
2019-01-17 23:45:42|https://docs.google.com/presentation/d/1kyRsC1-PMJu4UndE6psUHJHuTHX7W6cuYRod1jq3QJY/edit#slide=id.g4d61f71165_0_70
2019-01-17 23:49:53|https://docs.google.com/presentation/d/1kyRsC1-PMJu4UndE6psUHJHuTHX7W6cuYRod1jq3QJY/edit#slide=id.g4d61f71165_0_10
2019-01-17 23:49:54|https://docs.google.com/presentation/d/1kyRsC1-PMJu4UndE6psUHJHuTHX7W6cuYRod1jq3QJY/edit#slide=id.g4d61f71165_0_90
2019-01-17 23:51:58|https://docs.google.com/presentation/d/1kyRsC1-PMJu4UndE6psUHJHuTHX7W6cuYRod1jq3QJY/edit#slide=id.g4d61f71165_0_116
2019-01-17 23:52:00|https://docs.google.com/presentation/d/1kyRsC1-PMJu4UndE6psUHJHuTHX7W6cuYRod1jq3QJY/edit#slide=id.g4d61f71165_0_90
2019-01-18 00:01:18|https://docs.google.com/presentation/d/1kyRsC1-PMJu4UndE6psUHJHuTHX7W6cuYRod1jq3QJY/edit#slide=id.g4d61f71165_0_116
2019-01-18 00:01:20|https://docs.google.com/presentation/d/1kyRsC1-PMJu4UndE6psUHJHuTHX7W6cuYRod1jq3QJY/edit#slide=id.g4d61f71165_0_125
2019-01-18 00:01:23|https://docs.google.com/presentation/d/1kyRsC1-PMJu4UndE6psUHJHuTHX7W6cuYRod1jq3QJY/edit#slide=id.g4d61f71165_0_90
2019-01-18 00:02:26|https://docs.google.com/presentation/d/1kyRsC1-PMJu4UndE6psUHJHuTHX7W6cuYRod1jq3QJY/edit#slide=id.g4d61f71165_0_80
2019-01-18 00:02:27|https://docs.google.com/presentation/d/1kyRsC1-PMJu4UndE6psUHJHuTHX7W6cuYRod1jq3QJY/edit#slide=id.g4d61f71165_0_90
2019-01-18 00:04:17|https://docs.google.com/presentation/d/1kyRsC1-PMJu4UndE6psUHJHuTHX7W6cuYRod1jq3QJY/edit#slide=id.g4d61f71165_0_116
2019-01-18 00:04:28|https://docs.google.com/presentation/d/1kyRsC1-PMJu4UndE6psUHJHuTHX7W6cuYRod1jq3QJY/edit#slide=id.g4d61f71165_0_125
2019-01-18 00:05:31|https://docs.google.com/presentation/d/1kyRsC1-PMJu4UndE6psUHJHuTHX7W6cuYRod1jq3QJY/edit#slide=id.g4d923ccbc0_0_23
2019-01-18 00:06:40|https://docs.google.com/presentation/d/1kyRsC1-PMJu4UndE6psUHJHuTHX7W6cuYRod1jq3QJY/edit#slide=id.g4d61f71165_0_90
2019-01-18 00:08:36|https://docs.google.com/presentation/d/1kyRsC1-PMJu4UndE6psUHJHuTHX7W6cuYRod1jq3QJY/edit#slide=id.g4d923ccbc0_0_23
2019-01-18 00:08:47|https://docs.google.com/presentation/d/1kyRsC1-PMJu4UndE6psUHJHuTHX7W6cuYRod1jq3QJY/edit#slide=id.g4d923ccbc0_0_39
2019-01-18 00:09:02|https://docs.google.com/presentation/d/1kyRsC1-PMJu4UndE6psUHJHuTHX7W6cuYRod1jq3QJY/edit#slide=id.g4d923ccbc0_0_66
2019-01-18 00:09:25|https://docs.google.com/presentation/d/1kyRsC1-PMJu4UndE6psUHJHuTHX7W6cuYRod1jq3QJY/edit#slide=id.g4d923ccbc0_0_39
2019-01-18 00:09:27|https://docs.google.com/presentation/d/1kyRsC1-PMJu4UndE6psUHJHuTHX7W6cuYRod1jq3QJY/edit#slide=id.g4d923ccbc0_0_66
2019-01-18 00:12:31|https://docs.google.com/presentation/d/1kyRsC1-PMJu4UndE6psUHJHuTHX7W6cuYRod1jq3QJY/edit#slide=id.g4d923ccbc0_0_55
2019-01-18 00:12:57|https://docs.google.com/presentation/d/1kyRsC1-PMJu4UndE6psUHJHuTHX7W6cuYRod1jq3QJY/edit#slide=id.g4d923ccbc0_0_123
2019-01-18 00:12:59|https://docs.google.com/presentation/d/1kyRsC1-PMJu4UndE6psUHJHuTHX7W6cuYRod1jq3QJY/edit#slide=id.g4d923ccbc0_0_55
2019-01-18 00:13:36|https://docs.google.com/presentation/d/1kyRsC1-PMJu4UndE6psUHJHuTHX7W6cuYRod1jq3QJY/edit#slide=id.g4d923ccbc0_0_123
2019-01-18 00:13:46|https://docs.google.com/presentation/d/1kyRsC1-PMJu4UndE6psUHJHuTHX7W6cuYRod1jq3QJY/edit#slide=id.g4d923ccbc0_0_131
2019-01-18 00:13:47|https://docs.google.com/presentation/d/1kyRsC1-PMJu4UndE6psUHJHuTHX7W6cuYRod1jq3QJY/edit#slide=id.g4c0372a315_0_60
2019-01-18 00:13:48|https://docs.google.com/presentation/d/1kyRsC1-PMJu4UndE6psUHJHuTHX7W6cuYRod1jq3QJY/edit#slide=id.g4d923ccbc0_0_55
2019-01-18 00:13:50|https://docs.google.com/presentation/d/1kyRsC1-PMJu4UndE6psUHJHuTHX7W6cuYRod1jq3QJY/edit#slide=id.g4d923ccbc0_0_123
2019-01-18 00:13:51|https://docs.google.com/presentation/d/1kyRsC1-PMJu4UndE6psUHJHuTHX7W6cuYRod1jq3QJY/edit#slide=id.g4d923ccbc0_0_55
2019-01-18 00:14:32|https://docs.google.com/presentation/d/1kyRsC1-PMJu4UndE6psUHJHuTHX7W6cuYRod1jq3QJY/edit#slide=id.g4d923ccbc0_0_123
2019-01-18 00:14:46|https://repl.it/@featherbear/slightlyLesserSignifiedBeings
2019-01-18 00:15:42|https://repl.it/@featherbear/slightlyLesserSignifiedBeings
2019-01-18 00:16:27|https://repl.it/@kyria/GloomyLatestCommunication
2019-01-18 00:17:01|https://repl.it/@kyria/steganography
2019-01-18 00:17:10|https://docs.google.com/presentation/d/1kyRsC1-PMJu4UndE6psUHJHuTHX7W6cuYRod1jq3QJY/edit#slide=id.g4d923ccbc0_0_131
2019-01-18 00:17:17|https://docs.google.com/presentation/d/1kyRsC1-PMJu4UndE6psUHJHuTHX7W6cuYRod1jq3QJY/edit#slide=id.g4c0372a315_0_60
2019-01-18 00:17:17|https://docs.google.com/presentation/d/1kyRsC1-PMJu4UndE6psUHJHuTHX7W6cuYRod1jq3QJY/edit#slide=id.g445c8f4c5882998c_15
2019-01-18 00:17:19|https://docs.google.com/presentation/d/1kyRsC1-PMJu4UndE6psUHJHuTHX7W6cuYRod1jq3QJY/edit#slide=id.g4c21576342_0_42
2019-01-18 00:17:19|https://docs.google.com/presentation/d/1kyRsC1-PMJu4UndE6psUHJHuTHX7W6cuYRod1jq3QJY/edit#slide=id.g4d61f71165_0_100
2019-01-18 00:17:20|https://docs.google.com/presentation/d/1kyRsC1-PMJu4UndE6psUHJHuTHX7W6cuYRod1jq3QJY/edit#slide=id.g4c21576342_0_42
2019-01-18 00:17:21|https://docs.google.com/presentation/d/1kyRsC1-PMJu4UndE6psUHJHuTHX7W6cuYRod1jq3QJY/edit#slide=id.g4c21576342_0_68
2019-01-18 00:17:22|https://docs.google.com/presentation/d/1kyRsC1-PMJu4UndE6psUHJHuTHX7W6cuYRod1jq3QJY/edit#slide=id.g4d61f71165_0_100
2019-01-18 00:17:29|https://docs.google.com/presentation/d/1kyRsC1-PMJu4UndE6psUHJHuTHX7W6cuYRod1jq3QJY/edit#slide=id.g4c21576342_0_68
2019-01-18 00:17:30|https://docs.google.com/presentation/d/1kyRsC1-PMJu4UndE6psUHJHuTHX7W6cuYRod1jq3QJY/edit#slide=id.g4d923ccbc0_0_123
2019-01-18 00:17:41|https://docs.google.com/presentation/d/1kyRsC1-PMJu4UndE6psUHJHuTHX7W6cuYRod1jq3QJY/edit#slide=id.g4c0372a315_0_60
2019-01-18 00:17:42|https://docs.google.com/presentation/d/1kyRsC1-PMJu4UndE6psUHJHuTHX7W6cuYRod1jq3QJY/edit#slide=id.g4c21576342_0_42
2019-01-18 00:17:54|https://docs.google.com/presentation/d/1kyRsC1-PMJu4UndE6psUHJHuTHX7W6cuYRod1jq3QJY/edit#slide=id.g4c21576342_0_68
2019-01-18 00:17:59|https://docs.google.com/presentation/d/1kyRsC1-PMJu4UndE6psUHJHuTHX7W6cuYRod1jq3QJY/edit#slide=id.g4d923ccbc0_0_131
2019-01-18 00:18:01|https://docs.google.com/presentation/d/1kyRsC1-PMJu4UndE6psUHJHuTHX7W6cuYRod1jq3QJY/edit#slide=id.g4d923ccbc0_0_123
2019-01-18 00:18:02|https://docs.google.com/presentation/d/1kyRsC1-PMJu4UndE6psUHJHuTHX7W6cuYRod1jq3QJY/edit#slide=id.g4d923ccbc0_0_131
2019-01-18 00:18:12|https://docs.google.com/presentation/d/1kyRsC1-PMJu4UndE6psUHJHuTHX7W6cuYRod1jq3QJY/edit#slide=id.g4c0372a315_0_60
2019-01-18 00:18:14|https://docs.google.com/presentation/d/1kyRsC1-PMJu4UndE6psUHJHuTHX7W6cuYRod1jq3QJY/edit#slide=id.g445c8f4c5882998c_15
2019-01-18 00:19:27|https://docs.google.com/presentation/d/1kyRsC1-PMJu4UndE6psUHJHuTHX7W6cuYRod1jq3QJY/edit#slide=id.g4c21576342_0_42
2019-01-18 00:19:42|https://docs.google.com/presentation/d/1kyRsC1-PMJu4UndE6psUHJHuTHX7W6cuYRod1jq3QJY/edit#slide=id.g4d61f71165_0_100
2019-01-18 00:19:43|https://docs.google.com/presentation/d/1kyRsC1-PMJu4UndE6psUHJHuTHX7W6cuYRod1jq3QJY/edit#slide=id.g4c21576342_0_68
2019-01-18 00:20:22|https://docs.google.com/presentation/d/1kyRsC1-PMJu4UndE6psUHJHuTHX7W6cuYRod1jq3QJY/edit#slide=id.g4d61f71165_0_100
2019-01-18 00:24:21|https://docs.google.com/presentation/d/1kyRsC1-PMJu4UndE6psUHJHuTHX7W6cuYRod1jq3QJY/edit#slide=id.g4d8f0f26c2_0_6
2019-01-18 00:26:03|https://docs.google.com/presentation/d/1kyRsC1-PMJu4UndE6psUHJHuTHX7W6cuYRod1jq3QJY/edit#slide=id.g4be45cc0c3_1_95
2019-01-18 00:26:04|https://docs.google.com/presentation/d/1kyRsC1-PMJu4UndE6psUHJHuTHX7W6cuYRod1jq3QJY/edit#slide=id.g4be45cc0c3_1_104
2019-01-18 00:32:42|https://docs.google.com/presentation/d/1kyRsC1-PMJu4UndE6psUHJHuTHX7W6cuYRod1jq3QJY/edit#slide=id.g4c0372a315_0_60
2019-01-18 00:32:43|https://docs.google.com/presentation/d/1kyRsC1-PMJu4UndE6psUHJHuTHX7W6cuYRod1jq3QJY/edit#slide=id.g4d923ccbc0_0_131
2019-01-18 00:32:44|https://docs.google.com/presentation/d/1kyRsC1-PMJu4UndE6psUHJHuTHX7W6cuYRod1jq3QJY/edit#slide=id.g4d923ccbc0_0_66
2019-01-18 00:34:50|https://docs.google.com/presentation/d/1kyRsC1-PMJu4UndE6psUHJHuTHX7W6cuYRod1jq3QJY/edit#slide=id.g4d923ccbc0_0_39
2019-01-18 00:34:51|https://docs.google.com/presentation/d/1kyRsC1-PMJu4UndE6psUHJHuTHX7W6cuYRod1jq3QJY/edit#slide=id.g4d923ccbc0_0_23
2019-01-18 00:34:56|https://docs.google.com/presentation/d/1kyRsC1-PMJu4UndE6psUHJHuTHX7W6cuYRod1jq3QJY/edit#slide=id.g4d61f71165_0_125
2019-01-18 00:34:57|https://docs.google.com/presentation/d/1kyRsC1-PMJu4UndE6psUHJHuTHX7W6cuYRod1jq3QJY/edit#slide=id.g4d61f71165_0_116
2019-01-18 00:34:59|https://docs.google.com/presentation/d/1kyRsC1-PMJu4UndE6psUHJHuTHX7W6cuYRod1jq3QJY/edit#slide=id.g4d61f71165_0_80
2019-01-18 00:35:02|https://docs.google.com/presentation/d/1kyRsC1-PMJu4UndE6psUHJHuTHX7W6cuYRod1jq3QJY/edit#slide=id.g4d61f71165_0_90
2019-01-18 00:35:11|https://docs.google.com/presentation/d/1kyRsC1-PMJu4UndE6psUHJHuTHX7W6cuYRod1jq3QJY/edit#slide=id.g4d61f71165_0_70
2019-01-18 00:35:16|https://docs.google.com/presentation/d/1kyRsC1-PMJu4UndE6psUHJHuTHX7W6cuYRod1jq3QJY/edit#slide=id.g4d61f71165_0_50
2019-01-18 00:40:59|https://repl.it/@kyria/steganography
2019-01-18 00:58:36|http://ctf.compclub.com.au/
2019-01-18 00:58:36|https://ctf.compclub.com.au/
2019-01-18 00:58:36|https://ctf.compclub.com.au/invite?next=%2F
2019-01-18 00:58:36|https://ctf.compclub.com.au/invite/
2019-01-18 01:13:57|https://ctf.compclub.com.au/
2019-01-18 01:16:42|https://www.google.com/search?q=repil&ie=utf-8&oe=utf-8&client=firefox-b-ab
2019-01-18 01:16:44|https://repl.it/
2019-01-18 01:16:45|https://repl.it/repls
2019-01-18 01:16:52|https://repl.it/logout
2019-01-18 01:16:52|https://repl.it/
2019-01-18 01:16:52|https://repl.it/repls
2019-01-18 01:16:53|https://repl.it/login?goto=%2Frepls
2019-01-18 01:17:03|https://repl.it/repls
2019-01-18 01:23:57|https://lh3.googleusercontent.com/swou8r_aaveXY-QRJexe7FLAIQ8WAgfAxjV33dRjs5gF3VqjC0h888QfY6lTD1-chfRG9CCR7VXXI-wUC8rn4wKSOMFyw2Pgm70ReLMMXjwp7uSUqRxUeI0SD6gX-AhCCdAiT_0k=s200-p-k
2019-01-18 01:24:29|https://summer2019.compclub.com.au/day3
2019-01-18 01:24:40|https://summer2019.compclub.com.au/day3
2019-01-18 01:24:45|https://summer2019.compclub.com.au/
2019-01-18 01:24:50|https://summer2019.compclub.com.au/day5
2019-01-18 01:25:13|https://docs.google.com/presentation/d/1ykIUm1xAKMforvTPeqvXMdC4DZlnWOg604ekaybhiOs
2019-01-18 01:25:13|https://docs.google.com/presentation/d/1ykIUm1xAKMforvTPeqvXMdC4DZlnWOg604ekaybhiOs/
2019-01-18 01:25:14|https://docs.google.com/presentation/d/1ykIUm1xAKMforvTPeqvXMdC4DZlnWOg604ekaybhiOs/edit
2019-01-18 01:25:16|https://docs.google.com/presentation/d/1ykIUm1xAKMforvTPeqvXMdC4DZlnWOg604ekaybhiOs/edit#slide=id.p3
2019-01-18 01:25:18|https://docs.google.com/presentation/d/1ykIUm1xAKMforvTPeqvXMdC4DZlnWOg604ekaybhiOs/edit#slide=id.g4978d0c231_0_4
2019-01-18 01:25:18|https://docs.google.com/presentation/d/1ykIUm1xAKMforvTPeqvXMdC4DZlnWOg604ekaybhiOs/edit#slide=id.g487950190f_0_59
2019-01-18 01:25:19|https://docs.google.com/presentation/d/1ykIUm1xAKMforvTPeqvXMdC4DZlnWOg604ekaybhiOs/edit#slide=id.g487950190f_0_11
2019-01-18 01:25:20|https://docs.google.com/presentation/d/1ykIUm1xAKMforvTPeqvXMdC4DZlnWOg604ekaybhiOs/edit#slide=id.g487950190f_0_50
2019-01-18 01:25:21|https://docs.google.com/presentation/d/1ykIUm1xAKMforvTPeqvXMdC4DZlnWOg604ekaybhiOs/edit#slide=id.g487950190f_0_11
2019-01-18 01:25:37|https://www.google.com/search?q=perchance&ie=utf-8&oe=utf-8&client=firefox-b
2019-01-18 01:26:01|https://docs.google.com/presentation/d/1ykIUm1xAKMforvTPeqvXMdC4DZlnWOg604ekaybhiOs
2019-01-18 01:26:02|https://docs.google.com/presentation/d/1ykIUm1xAKMforvTPeqvXMdC4DZlnWOg604ekaybhiOs/
2019-01-18 01:26:03|https://docs.google.com/presentation/d/1ykIUm1xAKMforvTPeqvXMdC4DZlnWOg604ekaybhiOs/edit
2019-01-18 01:26:04|https://docs.google.com/presentation/d/1ykIUm1xAKMforvTPeqvXMdC4DZlnWOg604ekaybhiOs/edit#slide=id.p3
2019-01-18 01:26:07|https://summer2019.compclub.com.au/day5/code
2019-01-18 01:26:09|https://repl.it/@featherbear/LesserSignifiedBeings
2019-01-18 01:26:15|https://docs.google.com/presentation/d/1kyRsC1-PMJu4UndE6psUHJHuTHX7W6cuYRod1jq3QJY
2019-01-18 01:26:15|https://docs.google.com/presentation/d/1kyRsC1-PMJu4UndE6psUHJHuTHX7W6cuYRod1jq3QJY/
2019-01-18 01:26:16|https://docs.google.com/presentation/d/1kyRsC1-PMJu4UndE6psUHJHuTHX7W6cuYRod1jq3QJY/edit
2019-01-18 01:26:18|https://docs.google.com/presentation/d/1kyRsC1-PMJu4UndE6psUHJHuTHX7W6cuYRod1jq3QJY/edit#slide=id.p1
2019-01-18 01:26:19|https://docs.google.com/presentation/d/1kyRsC1-PMJu4UndE6psUHJHuTHX7W6cuYRod1jq3QJY/edit#slide=id.p2
2019-01-18 01:26:20|https://docs.google.com/presentation/d/1kyRsC1-PMJu4UndE6psUHJHuTHX7W6cuYRod1jq3QJY/edit#slide=id.g4bf28a5cd4_0_6
2019-01-18 01:26:21|https://docs.google.com/presentation/d/1kyRsC1-PMJu4UndE6psUHJHuTHX7W6cuYRod1jq3QJY/edit#slide=id.g3d022b32ae_0_0
2019-01-18 01:26:25|https://docs.google.com/presentation/d/1kyRsC1-PMJu4UndE6psUHJHuTHX7W6cuYRod1jq3QJY/edit#slide=id.g3d022b32ae_0_5
2019-01-18 01:26:46|https://docs.google.com/presentation/d/1kyRsC1-PMJu4UndE6psUHJHuTHX7W6cuYRod1jq3QJY/edit#slide=id.g4c07aed684_0_2
2019-01-18 01:26:46|https://docs.google.com/presentation/d/1kyRsC1-PMJu4UndE6psUHJHuTHX7W6cuYRod1jq3QJY/edit#slide=id.p3
2019-01-18 01:26:47|https://docs.google.com/presentation/d/1kyRsC1-PMJu4UndE6psUHJHuTHX7W6cuYRod1jq3QJY/edit#slide=id.g4891b805bc_0_5
2019-01-18 01:27:58|https://docs.google.com/presentation/d/1kyRsC1-PMJu4UndE6psUHJHuTHX7W6cuYRod1jq3QJY/edit#slide=id.g4be45cc0c3_1_44
2019-01-18 01:28:37|https://docs.google.com/presentation/d/1kyRsC1-PMJu4UndE6psUHJHuTHX7W6cuYRod1jq3QJY/edit#slide=id.g4be45cc0c3_0_1
2019-01-18 01:28:41|https://docs.google.com/presentation/d/1kyRsC1-PMJu4UndE6psUHJHuTHX7W6cuYRod1jq3QJY/edit#slide=id.g4be45cc0c3_1_35
2019-01-18 01:28:42|https://docs.google.com/presentation/d/1kyRsC1-PMJu4UndE6psUHJHuTHX7W6cuYRod1jq3QJY/edit#slide=id.g4c07aed684_0_7
2019-01-18 01:28:45|https://docs.google.com/presentation/d/1kyRsC1-PMJu4UndE6psUHJHuTHX7W6cuYRod1jq3QJY/edit#slide=id.g4be45cc0c3_1_52
2019-01-18 01:28:48|https://docs.google.com/presentation/d/1kyRsC1-PMJu4UndE6psUHJHuTHX7W6cuYRod1jq3QJY/edit#slide=id.g3d022b32ae_0_5
2019-01-18 01:28:48|https://docs.google.com/presentation/d/1kyRsC1-PMJu4UndE6psUHJHuTHX7W6cuYRod1jq3QJY/edit#slide=id.g4c07aed684_0_2
2019-01-18 01:28:49|https://docs.google.com/presentation/d/1kyRsC1-PMJu4UndE6psUHJHuTHX7W6cuYRod1jq3QJY/edit#slide=id.g4891b805bc_0_5
2019-01-18 01:29:17|https://docs.google.com/presentation/d/1kyRsC1-PMJu4UndE6psUHJHuTHX7W6cuYRod1jq3QJY/edit#slide=id.g4be45cc0c3_1_44
2019-01-18 01:29:18|https://docs.google.com/presentation/d/1kyRsC1-PMJu4UndE6psUHJHuTHX7W6cuYRod1jq3QJY/edit#slide=id.g4891b805bc_0_5
2019-01-18 01:29:35|https://www.google.com/search?q=alphanumeric&ie=utf-8&oe=utf-8&client=firefox-b
2019-01-18 01:29:39|https://www.google.com/imgres?imgurl=https://qph.fs.quoracdn.net/main-qimg-3902caccaa568504f617139a22df4b3b&imgrefurl=https://www.quora.com/What-do-you-mean-by-alphanumeric&h=386&w=522&tbnid=_H25m0QKKS4pwM:&q=alphanumeric&tbnh=148&tbnw=200&usg=AI4_-kQgtLOQAjxLDEHNeoDa4rTUuUCSRA&vet=12ahUKEwiH89GMl_bfAhVDU30KHbqIAF8Q_B0wFXoECAUQBg..i&docid=A3TMrFUZ7nd1tM&itg=1&client=firefox-b&sa=X&ved=2ahUKEwiH89GMl_bfAhVDU30KHbqIAF8Q_B0wFXoECAUQBg
2019-01-18 01:33:07|https://docs.google.com/presentation/d/1kyRsC1-PMJu4UndE6psUHJHuTHX7W6cuYRod1jq3QJY/edit#slide=id.g3d022b32ae_0_5
2019-01-18 01:34:19|https://www.google.com/search?q=gg+m9&ie=utf-8&oe=utf-8&client=firefox-b-ab
2019-01-18 01:35:02|https://docs.google.com/presentation/d/1kyRsC1-PMJu4UndE6psUHJHuTHX7W6cuYRod1jq3QJY/edit#slide=id.g3d022b32ae_0_0
2019-01-18 01:35:04|https://docs.google.com/presentation/d/1kyRsC1-PMJu4UndE6psUHJHuTHX7W6cuYRod1jq3QJY/edit#slide=id.p3
2019-01-18 01:35:04|https://docs.google.com/presentation/d/1kyRsC1-PMJu4UndE6psUHJHuTHX7W6cuYRod1jq3QJY/edit#slide=id.g4891b805bc_0_5
2019-01-18 01:37:02|https://docs.google.com/presentation/d/1kyRsC1-PMJu4UndE6psUHJHuTHX7W6cuYRod1jq3QJY/edit#slide=id.p2
2019-01-18 01:37:08|https://docs.google.com/presentation/d/1kyRsC1-PMJu4UndE6psUHJHuTHX7W6cuYRod1jq3QJY/edit#slide=id.p1
2019-01-18 01:37:12|https://docs.google.com/presentation/d/1ykIUm1xAKMforvTPeqvXMdC4DZlnWOg604ekaybhiOs
2019-01-18 01:37:13|https://docs.google.com/presentation/d/1ykIUm1xAKMforvTPeqvXMdC4DZlnWOg604ekaybhiOs/
2019-01-18 01:37:13|https://docs.google.com/presentation/d/1ykIUm1xAKMforvTPeqvXMdC4DZlnWOg604ekaybhiOs/edit
2019-01-18 01:37:15|https://docs.google.com/presentation/d/1ykIUm1xAKMforvTPeqvXMdC4DZlnWOg604ekaybhiOs/edit#slide=id.p3
2019-01-18 01:37:21|https://docs.google.com/presentation/d/1ykIUm1xAKMforvTPeqvXMdC4DZlnWOg604ekaybhiOs/edit#slide=id.g487950190f_0_59
2019-01-18 01:37:22|https://docs.google.com/presentation/d/1ykIUm1xAKMforvTPeqvXMdC4DZlnWOg604ekaybhiOs/edit#slide=id.g4978d0c231_0_4
2019-01-18 01:37:23|https://docs.google.com/presentation/d/1ykIUm1xAKMforvTPeqvXMdC4DZlnWOg604ekaybhiOs/edit#slide=id.g487950190f_0_59
2019-01-18 01:37:24|https://docs.google.com/presentation/d/1ykIUm1xAKMforvTPeqvXMdC4DZlnWOg604ekaybhiOs/edit#slide=id.p3
2019-01-18 01:37:24|https://docs.google.com/presentation/d/1ykIUm1xAKMforvTPeqvXMdC4DZlnWOg604ekaybhiOs/edit#slide=id.g4978d0c231_0_4
2019-01-18 01:41:46|https://www.google.com/search?q=the+sum+of+the+first+753+prime+numbers&ie=utf-8&oe=utf-8&client=firefox-b-ab
2019-01-18 01:42:30|https://www.numbers.education/753.html
2019-01-18 01:46:11|https://www.google.com/search?client=firefox-b-ab&ei=2S9BXJzrLtH89QO2wLrYBg&q=list+of+prime+numbers+up+to+1000&oq=list+of+prime+numbers&gs_l=psy-ab.3.1.0i67j0l9.1764.6529..8756...0.0..0.219.3806.0j19j2......0....1..gws-wiz.....0..0i71j0i131j0i131i67.IGQPYA9WMoM
2019-01-18 01:46:14|https://www.infoplease.com/science-health/numbers-and-formulas/prime-numbers-between-1-and-1000
2019-01-18 01:46:44|https://www.google.com/search?client=firefox-b-ab&ei=ATBBXKXvBsWd9QO06b6YCg&q=prime+numbers+from+1+to+10000&oq=list+of+prime+numbers+up+to+1000&gs_l=psy-ab.1.0.0i71l8.0.0..2221...0.0..0.0.0.......0......gws-wiz.t_rj0QWfggg
2019-01-18 01:46:48|https://primes.utm.edu/lists/small/10000.txt
2019-01-18 01:47:51|https://ctf.compclub.com.au/
2019-01-18 01:47:51|https://ctf.compclub.com.au/invite?next=%2F
2019-01-18 01:47:51|https://ctf.compclub.com.au/invite/
2019-01-18 01:48:08|https://ctf.compclub.com.au/
2019-01-18 01:54:46|https://docs.google.com/presentation/d/1kyRsC1-PMJu4UndE6psUHJHuTHX7W6cuYRod1jq3QJY/edit#slide=id.g4bf28a5cd4_0_6
2019-01-18 01:54:47|https://docs.google.com/presentation/d/1kyRsC1-PMJu4UndE6psUHJHuTHX7W6cuYRod1jq3QJY/edit#slide=id.g3d022b32ae_0_0
2019-01-18 01:54:47|https://docs.google.com/presentation/d/1kyRsC1-PMJu4UndE6psUHJHuTHX7W6cuYRod1jq3QJY/edit#slide=id.g4c07aed684_0_2
2019-01-18 01:54:50|https://docs.google.com/presentation/d/1kyRsC1-PMJu4UndE6psUHJHuTHX7W6cuYRod1jq3QJY/edit#slide=id.p3
2019-01-18 01:54:50|https://docs.google.com/presentation/d/1kyRsC1-PMJu4UndE6psUHJHuTHX7W6cuYRod1jq3QJY/edit#slide=id.g4891b805bc_0_5
2019-01-18 01:55:03|https://www.urbandictionary.com/define.php?term=M9
2019-01-18 01:56:03|https://docs.google.com/presentation/d/1kyRsC1-PMJu4UndE6psUHJHuTHX7W6cuYRod1jq3QJY/edit#slide=id.p1
2019-01-18 01:56:07|https://summer2019.compclub.com.au/day3
2019-01-18 01:56:10|https://summer2019.compclub.com.au/day3_solutions/hot_or_cold_solution.html
2019-01-18 01:56:17|https://docs.google.com/presentation/d/14BvJKEm9pyPOfLtZMkCAMwwwF6nVjmo8G5C3P7PULuw/edit#slide=id.g337fd436a2_1_5
2019-01-18 01:56:22|https://docs.google.com/presentation/d/14BvJKEm9pyPOfLtZMkCAMwwwF6nVjmo8G5C3P7PULuw/edit#slide=id.g4d695ae937_0_23
2019-01-18 01:56:23|https://docs.google.com/presentation/d/14BvJKEm9pyPOfLtZMkCAMwwwF6nVjmo8G5C3P7PULuw/edit#slide=id.g4c0710682e_0_135
2019-01-18 01:56:25|https://docs.google.com/presentation/d/14BvJKEm9pyPOfLtZMkCAMwwwF6nVjmo8G5C3P7PULuw/edit#slide=id.g337fd436a2_1_0
2019-01-18 01:57:10|https://docs.google.com/presentation/d/14BvJKEm9pyPOfLtZMkCAMwwwF6nVjmo8G5C3P7PULuw/edit#slide=id.g4c0710682e_0_195
2019-01-18 01:57:11|https://docs.google.com/presentation/d/14BvJKEm9pyPOfLtZMkCAMwwwF6nVjmo8G5C3P7PULuw/edit#slide=id.g337fd436a2_1_0
2019-01-18 01:57:12|https://docs.google.com/presentation/d/14BvJKEm9pyPOfLtZMkCAMwwwF6nVjmo8G5C3P7PULuw/edit#slide=id.g4c0710682e_0_210
2019-01-18 01:58:48|https://ctf.compclub.com.au/
2019-01-18 01:59:47|https://featherbear.github.io/UNSW-CompClub2019Summer-SecurityWorkshop/ctf_files/compclub_log.pcap
2019-01-18 01:59:55|https://featherbear.github.io/UNSW-CompClub2019Summer-SecurityWorkshop/ctf_files/compclub_log.pcap
2019-01-18 02:01:59|https://docs.google.com/presentation/d/1ykIUm1xAKMforvTPeqvXMdC4DZlnWOg604ekaybhiOs/edit#slide=id.g4978d0c231_0_31
2019-01-18 02:02:08|https://docs.google.com/presentation/d/1kyRsC1-PMJu4UndE6psUHJHuTHX7W6cuYRod1jq3QJY/edit#slide=id.g4be45cc0c3_1_59
2019-01-18 02:02:08|https://docs.google.com/presentation/d/1kyRsC1-PMJu4UndE6psUHJHuTHX7W6cuYRod1jq3QJY/edit#slide=id.g4be45cc0c3_1_52
2019-01-18 02:02:08|https://docs.google.com/presentation/d/1kyRsC1-PMJu4UndE6psUHJHuTHX7W6cuYRod1jq3QJY/edit#slide=id.g4c07aed684_0_7
2019-01-18 02:02:09|https://docs.google.com/presentation/d/1kyRsC1-PMJu4UndE6psUHJHuTHX7W6cuYRod1jq3QJY/edit#slide=id.g4be45cc0c3_0_1
2019-01-18 02:02:56|https://www.google.com/search?q=number+27+to+binary&ie=utf-8&oe=utf-8&client=firefox-b-ab
2019-01-18 02:03:57|https://www.google.com/search?q=how+to+convert+numbers+into+binary&ie=utf-8&oe=utf-8&client=firefox-b-ab
2019-01-18 02:04:21|https://www.youtube.com/watch?v=OezK_zTyvAQ
2019-01-18 02:08:11|https://coolconversion.com/math/binary-octal-hexa-decimal/Convert_decimal_number_27_in_binary_
2019-01-18 02:11:11|https://docs.google.com/presentation/d/1kyRsC1-PMJu4UndE6psUHJHuTHX7W6cuYRod1jq3QJY/edit#slide=id.g4be45cc0c3_1_59
2019-01-18 02:11:12|https://docs.google.com/presentation/d/1kyRsC1-PMJu4UndE6psUHJHuTHX7W6cuYRod1jq3QJY/edit#slide=id.g4be45cc0c3_1_68
2019-01-18 02:11:13|https://docs.google.com/presentation/d/1kyRsC1-PMJu4UndE6psUHJHuTHX7W6cuYRod1jq3QJY/edit#slide=id.g4be45cc0c3_1_85
2019-01-18 02:11:20|https://docs.google.com/presentation/d/1kyRsC1-PMJu4UndE6psUHJHuTHX7W6cuYRod1jq3QJY/edit#slide=id.g4be45cc0c3_1_68
2019-01-18 02:11:20|https://docs.google.com/presentation/d/1kyRsC1-PMJu4UndE6psUHJHuTHX7W6cuYRod1jq3QJY/edit#slide=id.g4be45cc0c3_1_59
2019-01-18 02:11:22|https://docs.google.com/presentation/d/1kyRsC1-PMJu4UndE6psUHJHuTHX7W6cuYRod1jq3QJY/edit#slide=id.g4be45cc0c3_1_85
2019-01-18 02:11:40|https://docs.google.com/presentation/d/1kyRsC1-PMJu4UndE6psUHJHuTHX7W6cuYRod1jq3QJY/edit#slide=id.p2
2019-01-18 02:11:40|https://docs.google.com/presentation/d/1kyRsC1-PMJu4UndE6psUHJHuTHX7W6cuYRod1jq3QJY/edit#slide=id.g4c07aed684_0_2
2019-01-18 02:11:41|https://docs.google.com/presentation/d/1kyRsC1-PMJu4UndE6psUHJHuTHX7W6cuYRod1jq3QJY/edit#slide=id.g3d022b32ae_0_5
2019-01-18 02:11:41|https://docs.google.com/presentation/d/1kyRsC1-PMJu4UndE6psUHJHuTHX7W6cuYRod1jq3QJY/edit#slide=id.g3d022b32ae_0_0
2019-01-18 02:11:42|https://docs.google.com/presentation/d/1kyRsC1-PMJu4UndE6psUHJHuTHX7W6cuYRod1jq3QJY/edit#slide=id.g4891b805bc_0_5
2019-01-18 02:13:00|https://www.google.com/search?q=ascii+table&ie=utf-8&oe=utf-8&client=firefox-b-ab
2019-01-18 02:13:03|http://www.asciitable.com/
2019-01-18 02:14:56|https://docs.google.com/presentation/d/1kyRsC1-PMJu4UndE6psUHJHuTHX7W6cuYRod1jq3QJY/edit#slide=id.p1
2019-01-18 02:15:01|https://docs.google.com/presentation/d/1kyRsC1-PMJu4UndE6psUHJHuTHX7W6cuYRod1jq3QJY/edit#slide=id.p2
2019-01-18 02:15:03|https://docs.google.com/presentation/d/1kyRsC1-PMJu4UndE6psUHJHuTHX7W6cuYRod1jq3QJY/edit#slide=id.g4bf28a5cd4_0_6
2019-01-18 02:15:04|https://docs.google.com/presentation/d/1kyRsC1-PMJu4UndE6psUHJHuTHX7W6cuYRod1jq3QJY/edit#slide=id.g3d022b32ae_0_0
2019-01-18 02:15:11|https://docs.google.com/presentation/d/1kyRsC1-PMJu4UndE6psUHJHuTHX7W6cuYRod1jq3QJY/edit#slide=id.g3d022b32ae_0_5
2019-01-18 02:20:20|https://www.google.com/search?q=Parsletongue&ie=utf-8&oe=utf-8&client=firefox-b
2019-01-18 02:21:15|https://linguifex.com/wiki/Parseltongue
2019-01-18 02:22:18|https://ctf.compclub.com.au/
2019-01-18 02:24:32|https://summer2019.compclub.com.au/day4
2019-01-18 02:24:36|https://repl.it/languages/python3
2019-01-18 02:24:36|https://repl.it/@dylan_liliana/CrimsonPleasingProfessional
2019-01-18 02:25:33|https://docs.google.com/presentation/d/1kyRsC1-PMJu4UndE6psUHJHuTHX7W6cuYRod1jq3QJY/edit#
2019-01-18 02:25:35|https://docs.google.com/presentation/d/1kyRsC1-PMJu4UndE6psUHJHuTHX7W6cuYRod1jq3QJY/edit#slide=id.g4d61f71165_0_50
2019-01-18 03:27:13|http://slither.io/
2019-01-18 03:35:49|http://deeeep.io/
2019-01-18 03:35:50|http://deeeep.io/new
2019-01-18 03:35:50|http://deeeep.io/new/
1|https://www.mozilla.org/privacy/firefox/||1|0|13191303460000000|1|0
2|http://aframe.io/||1|1|13191303475000000|1|0
3|https://aframe.io/|A-Frame  Make WebVR|3|0|13191306979000000|0|0
4|https://aframe.io/examples/showcase/helloworld/|Hello WebVR  A-Frame|2|0|13191303482000000|0|0
5|https://glitch.com/~aframe|aframe|2|0|13191303486000000|0|0
6|https://glitch.com/edit/#!/remix/aframe|Glitch :|2|0|13191303622000000|0|0
7|https://glitch.com/edit/#!/|Glitch :|2|0|13191303624000000|0|0
8|https://glitch.com/edit/#!/low-heaven|index.html  low-heaven|1|0|13191303624000000|0|0
9|https://glitch.com/edit/#!/low-heaven?path=index.html:17:7|index.html  low-heaven|3|0|13191303802000000|0|0
10|https://low-heaven.glitch.me/|Hello, WebVR!  A-Frame|155|0|13191303803000000|0|0
11|https://glitch.com/edit/#!/low-heaven?path=index.html:11:66|index.html  low-heaven|1|0|13191304184000000|0|0
12|https://glitch.com/edit/#!/low-heaven?path=index.html:13:79|index.html  low-heaven|1|0|13191304299000000|0|0
13|https://glitch.com/edit/#!/low-heaven?path=index.html:13:17|index.html  low-heaven|1|0|13191304420000000|0|0
14|https://glitch.com/edit/#!/low-heaven?path=index.html:13:13|index.html  low-heaven|1|0|13191304494000000|0|0
15|https://glitch.com/edit/#!/low-heaven?path=index.html:18:24|index.html  low-heaven|1|0|13191304742000000|0|0
16|https://glitch.com/edit/#!/low-heaven?path=index.html:15:15|index.html  low-heaven|1|0|13191304764000000|0|0
17|https://glitch.com/edit/#!/low-heaven?path=index.html:13:21|index.html  low-heaven|1|0|13191304797000000|0|0
18|https://glitch.com/edit/#!/low-heaven?path=index.html:17:17|index.html  low-heaven|1|0|13191304828000000|0|0
19|https://glitch.com/edit/#!/low-heaven?path=index.html:17:16|index.html  low-heaven|1|0|13191304837000000|0|0
20|https://glitch.com/edit/#!/low-heaven?path=index.html:17:13|index.html  low-heaven|1|0|13191304865000000|0|0
21|https://glitch.com/edit/#!/low-heaven?path=index.html:18:14|index.html  low-heaven|1|0|13191304916000000|0|0
22|https://glitch.com/edit/#!/low-heaven?path=index.html:18:15|index.html  low-heaven|1|0|13191304933000000|0|0
23|https://glitch.com/edit/#!/low-heaven?path=index.html:17:14|index.html  low-heaven|1|0|13191304979000000|0|0
24|https://glitch.com/edit/#!/best-closet|index.html  best-closet|1|0|13191307295000000|0|0
25|https://glitch.com/edit/#!/best-closet?path=index.html:1:0|index.html  best-closet|1|0|13191307457000000|0|0
26|https://www.google.com/search?q=html+colours+&ie=utf-8&oe=utf-8&client=firefox-b-ab|html colours - Google Search|1|1|13191307464000000|0|0
27|https://glitch.com/edit/#!/best-closet?path=index.html:17:7|index.html  best-closet|2|0|13191307497000000|0|0
28|https://best-closet.glitch.me/|Hello, WebVR!  A-Frame|154|0|13191307498000000|0|0
29|https://htmlcolorcodes.com/|HTML Color Codes|1|0|13191307503000000|0|0
30|https://glitch.com/edit/#!/best-closet?path=index.html:12:77|index.html  best-closet|1|0|13191307532000000|0|0
31|https://glitch.com/edit/#!/best-closet?path=index.html:12:65|index.html  best-closet|1|0|13191307551000000|0|0
32|https://glitch.com/edit/#!/best-closet?path=index.html:13:79|index.html  best-closet|1|0|13191307577000000|0|0
33|https://glitch.com/edit/#!/best-closet?path=index.html:11:65|index.html  best-closet|1|0|13191307646000000|0|0
34|https://glitch.com/edit/#!/best-closet?path=index.html:11:60|index.html  best-closet|1|0|13191307654000000|0|0
35|https://glitch.com/edit/#!/best-closet?path=index.html:11:66|index.html  best-closet|2|0|13191307679000000|0|0
36|https://glitch.com/edit/#!/best-closet?path=index.html:10:39|index.html  best-closet|1|0|13191307709000000|0|0
37|https://glitch.com/edit/#!/best-closet?path=index.html:11:86|index.html  best-closet|1|0|13191307729000000|0|0
38|https://glitch.com/edit/#!/best-closet?path=index.html:11:90|index.html  best-closet|1|0|13191307758000000|0|0
39|https://glitch.com/edit/#!/best-closet?path=index.html:11:82|index.html  best-closet|1|0|13191307781000000|0|0
40|https://aframe.io/docs/0.8.0/introduction/|Introduction  A-Frame|1|0|13191307814000000|0|0
41|https://aframe.io/docs/0.8.0/primitives/a-dodecahedron.html|<a-dodecahedron>  A-Frame|1|0|13191307843000000|0|0
42|https://glitch.com/edit/#!/best-closet?path=index.html:15:66|index.html  best-closet|1|0|13191307859000000|0|0
43|https://glitch.com/edit/#!/best-closet?path=index.html:12:85|index.html  best-closet|2|0|13191307871000000|0|0
44|https://glitch.com/edit/#!/best-closet?path=index.html:13:58|index.html  best-closet|1|0|13191307929000000|0|0
45|https://glitch.com/edit/#!/best-closet?path=index.html:15:89|index.html  best-closet|1|0|13191307946000000|0|0
46|https://glitch.com/edit/#!/best-closet?path=index.html:14:52|index.html  best-closet|1|0|13191308014000000|0|0
47|https://glitch.com/edit/#!/best-closet?path=index.html:14:67|index.html  best-closet|1|0|13191308054000000|0|0
48|https://glitch.com/edit/#!/best-closet?path=index.html:14:62|index.html  best-closet|1|0|13191308075000000|0|0
49|https://glitch.com/edit/#!/best-closet?path=index.html:14:64|index.html  best-closet|1|0|13191308111000000|0|0
50|https://github.com/aframevr/aframe/tree/v0.8.0/src/extras/primitives/primitives/meshPrimitives.js||1|0|13191308136000000|1|0
51|https://glitch.com/edit/#!/best-closet?path=index.html:9:8|index.html  best-closet|1|0|13191308219000000|0|0
52|https://aframe.io/releases/0.8.2/aframe.min.js||1|1|13191308221000000|0|0
53|https://glitch.com/edit/#!/best-closet?path=index.html:18:4|index.html  best-closet|1|0|13191308438000000|0|0
54|https://glitch.com/edit/#!/best-closet?path=index.html:15:13|index.html  best-closet|1|0|13191308452000000|0|0
55|https://aframe.io/docs/0.8.0/components/vr-mode-ui.html|vr-mode-ui  A-Frame|1|0|13191308487000000|0|0
56|https://aframe.io/docs/0.8.0/primitives/a-torus-knot.html|<a-torus-knot>  A-Frame|1|0|13191308509000000|0|0
57|https://glitch.com/edit/#!/best-closet?path=index.html:26:7|index.html  best-closet|1|0|13191308539000000|0|0
58|https://glitch.com/edit/#!/best-closet?path=index.html:23:67|index.html  best-closet|1|0|13191308590000000|0|0
59|https://glitch.com/edit/#!/best-closet?path=index.html:30:36|index.html  best-closet|1|0|13191308675000000|0|0
60|https://glitch.com/edit/#!/best-closet?path=index.html:19:14|index.html  best-closet|1|0|13191308878000000|0|0
61|http://compclub.com.au/||1|1|13192067408514121|0|0
62|https://compclub.com.au/||1|0|13192067408514121|0|0
63|https://www.google.com/search?q=compclub&oq=compclub&aqs=chrome..69i57j69i60j0l4.5536j1j4&sourceid=chrome&ie=UTF-8|compclub - Google Search|2|0|13192067429294809|0|0
64|https://www.csesoc.unsw.edu.au/blog/compclub-welcome/|CompClub Welcome | CSESoc|1|0|13192067424820934|0|0
65|https://summer2019.compclub.com.au/|Welcome to the CompClub Summer Spy School | CompClub 2019 Summer Workshops|3|3|13192161729197959|0|0
66|https://summer2019.compclub.com.au/day3|Day 3: Microbits! | CompClub 2019 Summer Workshops|1|0|13192067578996006|0|0
67|https://microbit.org/guide/python/|MicroPython | micro:bit|1|0|13192067592995448|0|0
68|https://docs.google.com/presentation/d/14BvJKEm9pyPOfLtZMkCAMwwwF6nVjmo8G5C3P7PULuw/edit#slide=id.g337fd436a2_1_5|Microbits Workshop - Google Slides|2|0|13192067597516130|0|0
69|http://python.microbit.org/editor.html|Micro:bit - Python editor|1|0|13192067607782907|0|0
70|https://python.microbit.org/editor.html|Micro:bit - Python editor|1|0|13192067607782907|0|0
71|https://python.microbit.org/v/1.1||1|0|13192067608444566|0|0
72|https://docs.google.com/presentation/d/14BvJKEm9pyPOfLtZMkCAMwwwF6nVjmo8G5C3P7PULuw/edit#slide=id.p||1|0|13192067645617067|0|0
73|https://docs.google.com/presentation/d/14BvJKEm9pyPOfLtZMkCAMwwwF6nVjmo8G5C3P7PULuw/edit#slide=id.g4c0710682e_0_15||1|0|13192067646289650|0|0
74|https://docs.google.com/presentation/d/14BvJKEm9pyPOfLtZMkCAMwwwF6nVjmo8G5C3P7PULuw/edit#slide=id.g4c0710682e_0_22||1|0|13192067661527430|0|0
75|https://docs.google.com/presentation/d/14BvJKEm9pyPOfLtZMkCAMwwwF6nVjmo8G5C3P7PULuw/edit#slide=id.g4c0710682e_0_29||1|0|13192067662805836|0|0
76|https://docs.google.com/presentation/d/14BvJKEm9pyPOfLtZMkCAMwwwF6nVjmo8G5C3P7PULuw/edit#slide=id.g4c0710682e_0_36||2|0|13192067673891449|0|0
77|https://docs.google.com/presentation/d/14BvJKEm9pyPOfLtZMkCAMwwwF6nVjmo8G5C3P7PULuw/edit#slide=id.g4c0710682e_0_43||1|0|13192067672168327|0|0
78|https://summer2019.compclub.com.au/rules|CompClub Rules and Ethics | CompClub 2019 Summer Workshops|1|0|13192067770209141|0|0
79|https://python-editor-1-1-2.microbit.org/#||1|0|13192067822111585|1|0
80|https://summer2019.compclub.com.au/day4|Some useful links: | CompClub 2019 Summer Workshops|3|0|13192161886790928|0|0
81|https://repl.it/languages/python3|Repl.it - RichWhirlwindBackticks|3|0|13192164886580467|0|0
82|https://repl.it/repls/FlakyOrchidBinarytree|Repl.it - FlakyOrchidBinarytree|2|0|13192153835479862|0|0
83|http://summer2019.compclub.com.au/day4_files/index_html|CompClub 2019 Summer Workshops|1|0|13192153836612309|0|0
84|https://summer2019.compclub.com.au/day4_files/index_html|CompClub 2019 Summer Workshops|1|0|13192153836612309|0|0
85|http://summer2019.compclub.com.au/day4_files/results_html|CompClub 2019 Summer Workshops|1|0|13192153837462213|0|0
86|https://summer2019.compclub.com.au/day4_files/results_html|CompClub 2019 Summer Workshops|1|0|13192153837462213|0|0
87|https://repl.it/|https://repl.it/repls|8|4|13192160549763224|0|0
88|https://repl.it/repls|https://repl.it/repls|9|0|13192160572772379|0|0
89|https://repl.it/login?goto=%2Frepls|Repl.it - Log In|2|0|13192154041061144|0|0
90|https://repl.it/@elizamaylee/FlakyOrchidBinarytree|Repl.it - FlakyOrchidBinarytree|3|0|13192157091017485|0|0
91|https://www.google.com/search?q=html&oq=html&aqs=chrome..69i57j0l5.1664j0j7&sourceid=chrome&ie=UTF-8|html - Google Search|1|0|13192154787139251|0|0
92|https://www.google.com/search?ei=o70_XN9BkdytAYLFqqgP&q=html+tags&oq=html+tags&gs_l=psy-ab.3..0i67l2j0l8.2003.2606..2735...0.0..0.139.617.0j5......0....1..gws-wiz.......0i71.QTZcnVe4WTU|html tags - Google Search|1|0|13192154790740391|0|0
93|https://www.w3schools.com/tags/tag_html.asp|HTML html tag|1|0|13192154794501065|0|0
94|https://www.google.com/search?q=html+forms&oq=html+forms&aqs=chrome..69i57j0l5.975j0j4&sourceid=chrome&ie=UTF-8|html forms - Google Search|1|0|13192155669483676|0|0
95|https://www.w3schools.com/html/html_forms.asp|HTML Forms|1|0|13192155671569524|0|0
96|https://www.w3schools.com/html/html_form_elements.asp|HTML Form Elements|1|0|13192156026213780|0|0
97|https://www.w3schools.com/html/html_form_input_types.asp|HTML Input Types|1|0|13192156191808328|0|0
98|https://flakyorchidbinarytree.elizamaylee.repl.co/results||1|0|13192156305315724|1|0
99|https://flakyorchidbinarytree.elizamaylee.repl.co/||1|0|13192156305315724|1|0
100|https://www.google.com/search?q=forms+flask+method+get&oq=forms+flask+method+get&aqs=chrome..69i57j0l5.8809j0j7&sourceid=chrome&ie=UTF-8|forms flask method get - Google Search|2|0|13192157174754602|0|0
101|https://stackoverflow.com/questions/32673935/how-to-build-a-get-form-post-in-flask|python - How to build a get-form post in flask - Stack Overflow|1|0|13192157161107231|0|0
102|https://www.w3schools.com/html/html_form_attributes.asp|HTML Input Attributes|1|0|13192157598685796|0|0
103|https://www.google.com/search?q=html+forms+upload+file&oq=html+forms+uploadi&aqs=chrome.1.69i57j0l3.2943j0j7&sourceid=chrome&ie=UTF-8|html forms upload file - Google Search|1|0|13192157605037182|0|0
104|https://www.google.com/search?ei=pMg_XM3kN8m99QOJrZ7QAg&q=html+forms+upload+image&oq=html+forms+upload+image&gs_l=psy-ab.3..0i22i30l8.2287.3648..3736...0.0..0.178.964.0j7......0....1..gws-wiz.......0i71j0.7KBcgNietXc|html forms upload image - Google Search|2|0|13192157637612289|0|0
105|https://stackoverflow.com/questions/17115360/upload-image-from-html-form-and-display-it-in-your-website|php - upload image from html form and display it in your website? - Stack Overflow|1|0|13192157631505982|0|0
106|https://www.w3schools.com/tags/att_input_accept.asp|HTML input accept Attribute|1|0|13192157985531173|0|0
107|https://www.google.com/search?q=center+a+button+form+html&oq=center+a+button+form+html&aqs=chrome..69i57j0.12809j0j7&sourceid=chrome&ie=UTF-8|center a button form html - Google Search|1|0|13192158020547059|0|0
108|https://www.w3schools.com/tags/att_input_align.asp|HTML input align Attribute|1|0|13192158026840510|0|0
109|https://repl.it/@elizamaylee/Contacts-Portfolio-Form|Repl.it - Contacts Portfolio Form|3|0|13192160578802132|0|0
110|https://contacts-portfolio-form--elizamaylee.repl.co/||4|0|13192160276954075|1|0
111|https://contacts-portfolio-form--elizamaylee.repl.co/results||6|0|13192160337825405|1|0
112|https://repl.it/languages/html|Repl.it - FreeJumboRobot|1|0|13192160458064872|0|0
113|https://repl.it/@elizamaylee/FreeJumboRobot|Repl.it - FreeJumboRobot|2|0|13192160459287926|0|0
114|https://repl.it/login|Repl.it - Log In|4|0|13192160552577099|0|0
115|https://repl.it/@elizamaylee/ThisImperturbableLearning|Repl.it - ThisImperturbableLearning|5|0|13192164209749678|0|0
116|https://www.google.com/search?q=w3schools+css&oq=w3schools+css&aqs=chrome.0.0l6.3432j0j7&sourceid=chrome&ie=UTF-8|w3schools css - Google Search|1|0|13192161426857339|0|0
117|https://www.w3schools.com/css/|CSS Tutorial|2|0|13192168773395054|0|0
118|https://ipstack.com/|ipstack - Free IP Geolocation API|2|1|13192164531000917|0|0
119|https://thisimperturbablelearning.elizamaylee.repl.co/results||15|0|13192164618044987|1|0
120|https://thisimperturbablelearning.elizamaylee.repl.co/||7|0|13192164615107711|1|0
121|https://repl.it/@elizamaylee/Secret-Agent-Tracking-Device|Repl.it - Secret Agent Tracking Device|3|0|13192164879065722|0|0
122|https://secret-agent-tracking-device--elizamaylee.repl.co/||1|0|13192164883355798|1|0
123|https://secret-agent-tracking-device.elizamaylee.repl.co/|Secret Agent Tracking Device|13|0|13192172779753055|0|0
124|https://repl.it/@elizamaylee/RichWhirlwindBackticks|Repl.it - RichWhirlwindBackticks|2|0|13192164887209219|0|0
125|https://repl.it/@elizamaylee/Portfolio|Repl.it - Portfolio|2|0|13192164970464707|0|0
126|https://www.google.com/search?q=html+buttons&oq=html+buttons&aqs=chrome..69i57j0l5.1479j0j4&sourceid=chrome&ie=UTF-8|html buttons - Google Search|1|0|13192164995711685|0|0
127|https://repl.it/@elizamaylee/GISTEM|Repl.it - GISTEM|2|0|13192165004385021|0|0
128|https://www.w3schools.com/tags/tag_button.asp|HTML button tag|1|0|13192168580423802|0|0
129|https://www.google.com/search?q=css&oq=css&aqs=chrome..69i57j0l5.496j0j7&sourceid=chrome&ie=UTF-8|css - Google Search|1|0|13192168771213282|0|0
130|https://www.w3schools.com/css/css_background.asp|CSS Backgrounds|1|0|13192168980471271|0|0
131|https://www.w3schools.com/css/css_navbar.asp|CSS Navigation Bar|1|0|13192169075887066|0|0
132|https://www.google.com/search?q=css+grid&oq=css+gri&aqs=chrome.0.0j69i57j0l4.3087j0j7&sourceid=chrome&ie=UTF-8|css grid - Google Search|1|0|13192169789981541|0|0
133|https://www.google.com/search?q=css+grid&source=lnms&tbm=isch&sa=X&ved=0ahUKEwjeoffM8fPfAhUQeCsKHXKvA9sQ_AUIDygC&biw=1920&bih=942|css grid - Google Search|1|0|13192169795917522|0|0
134|https://www.google.com/search?biw=1920&bih=942&tbm=isch&sa=1&ei=Q_g_XKnKLJWo9QPH9ITIBw&q=css+navbar&oq=css+navbar&gs_l=img.3..0l2j0i8i30l3j0i24l5.11096.12156..12448...0.0..0.181.867.0j6......0....1..gws-wiz-img.......0i67j0i5i30.2BPAhvlzrhM|css navbar - Google Search|1|0|13192169809109273|0|0
135|https://www.google.com/search?q=css+navbar&source=lnms&sa=X&ved=0ahUKEwid6YTW8fPfAhXMF3IKHb9OCOsQ_AUICSgA&biw=1920&bih=942&dpr=1|css navbar - Google Search|1|0|13192169814872352|0|0
136|https://www.w3schools.com/howto/howto_js_topnav.asp|How To Create a Top Navigation Bar|1|0|13192169818854793|0|0
137|https://www.w3schools.com/howto/tryit.asp?filename=tryhow_css_topnav|Tryit Editor v3.6|1|0|13192169824396742|0|0
138|https://www.google.com/search?q=%23ddd+color&oq=%23ddd+color&aqs=chrome.0.0l6.2896j0j7&sourceid=chrome&ie=UTF-8|#ddd color - Google Search|1|0|13192170058322072|0|0
139|https://www.google.com/search?q=%234caf50+color&oq=%234CAF50+colo&aqs=chrome.0.0j69i57j0l3.2343j0j7&sourceid=chrome&ie=UTF-8|#4caf50 color - Google Search|1|0|13192170251967116|0|0
140|https://gistem.elizamaylee.repl.co/#course||7|0|13192171770509642|0|0
141|https://gistem.elizamaylee.repl.co/#activities||6|0|13192171770926062|0|0
142|https://gistem.elizamaylee.repl.co/#home|GIRLS IN STEM|5|0|13192171770071062|0|0
143|https://www.google.com/search?q=how+to+center+nav+bar+css&oq=how+to+center+nav+bar+css&aqs=chrome..69i57j0l5.4056j0j7&sourceid=chrome&ie=UTF-8|how to center nav bar css - Google Search|1|0|13192170402002413|0|0
144|https://gistem.elizamaylee.repl.co/|GIRLS IN STEM|3|0|13192171301037829|0|0
145|https://stackoverflow.com/questions/5995405/how-to-center-a-navigation-bar-with-css-or-html|How to center a navigation bar with CSS or HTML? - Stack Overflow|1|0|13192170469266032|0|0
146|https://www.google.com/search?q=css+navbar+background+color&oq=css+nav+bar+background&aqs=chrome.1.69i57j0l5.5687j0j7&sourceid=chrome&ie=UTF-8|css navbar background color - Google Search|2|0|13192170643010056|0|0
147|https://stackoverflow.com/questions/4125691/css-horizontal-navigation-bar-with-background-color|CSS Horizontal navigation bar with background color - Stack Overflow|1|0|13192170630979258|0|0
148|https://www.google.com/search?q=%23f2f2f2&oq=%23f2f2f2&aqs=chrome..69i57j0l5.1176j0j7&sourceid=chrome&ie=UTF-8|#f2f2f2 - Google Search|1|0|13192170664789994|0|0
149|https://www.google.com/search?q=%23333&oq=%23333&aqs=chrome..69i57j0l5.543j0j7&sourceid=chrome&ie=UTF-8|#333 - Google Search|2|0|13192170693469024|0|0
150|https://www.google.com/search?ei=u_s_XLm-D4TorQH49oVY&q=bgcolor+%23333333&oq=%23333&gs_l=psy-ab.1.0.0i71l8.0.0..6065...0.0..0.0.0.......0......gws-wiz.mn2N2ttVxBA|bgcolor #333333 - Google Search|1|0|13192170690450674|0|0
151|https://www.google.com/search?ei=u_s_XLm-D4TorQH49oVY&q=color+%23333&oq=color+%23333&gs_l=psy-ab.3..0i7i30j0j0i7i30l2j0l2j0i30l4.1384.2686..2913...1.0..0.155.906.0j7......0....1..gws-wiz.......0i71j0i7i10i30j0i8i7i30.cha66O2PEoc|color #333 - Google Search|1|0|13192170696793489|0|0
152|https://www.google.com/search?q=%23f2f2f2&oq=%23f2f2f2&aqs=chrome..69i57j0l5.441j0j7&sourceid=chrome&ie=UTF-8|#f2f2f2 - Google Search|1|0|13192170756693201|0|0
153|https://www.google.com/search?q=%23ddd&oq=%23ddd&aqs=chrome..69i57j0l5.872j0j7&sourceid=chrome&ie=UTF-8|#ddd - Google Search|1|0|13192170781179256|0|0
154|https://www.google.com/search?ei=Hfw_XOT0Aoiy9QPF6KH4Cg&q=%23ddd+color&oq=%23ddd+color&gs_l=psy-ab.3..0l3j0i22i30l7.1458.2765..2860...0.0..0.132.632.0j5......0....1..gws-wiz.......0i71.pNsvUlSJ5q8|#ddd color - Google Search|1|0|13192170785064103|0|0
155|https://www.google.com/search?q=color+%23333&oq=color+%23&aqs=chrome.0.69i59j69i57j0l4.2727j0j7&sourceid=chrome&ie=UTF-8|color #333 - Google Search|1|0|13192170816035060|0|0
156|https://www.google.com/search?ei=yPs_XPvZJYOo9QPh5KPoCA&q=color+%23&oq=color+%23&gs_l=psy-ab.3..0l10.1305.1596..1862...0.0..0.194.434.0j3......0....1..gws-wiz.......0i71.ojFxEG_R_jA|color # - Google Search|1|0|13192170818405792|0|0
157|https://gistem.elizamaylee.repl.co/#contact||3|0|13192171771293980|0|0
158|https://gistem.elizamaylee.repl.co/#about||2|0|13192171769182685|0|0
159|https://www.google.com/search?q=w3schools&oq=w3&aqs=chrome.1.69i57j0j69i59j69i60j0l2.1531j0j7&sourceid=chrome&ie=UTF-8|w3schools - Google Search|1|0|13192171749300730|0|0
160|https://www.w3schools.com/|W3Schools Online Web Tutorials|1|0|13192171751498254|0|0
161|https://www.w3schools.com/css/default.asp|CSS Tutorial|1|0|13192171753990782|0|0
162|https://secret-agent-tracking-device.elizamaylee.repl.co/results|Your Location|24|0|13192172881219479|0|0
