2019-01-07 02:57:10|https://www.mozilla.org/privacy/firefox/
2019-01-07 02:57:10|https://www.mozilla.org/en-US/privacy/firefox/
2019-01-07 02:57:28|https://aframe.io/
2019-01-07 02:57:32|https://aframe.io/examples/showcase/helloworld/
2019-01-07 02:57:36|https://glitch.com/~aframe
2019-01-07 03:00:23|https://glitch.com/edit/#!/remix/aframe
2019-01-07 03:00:25|https://glitch.com/edit/#!/
2019-01-07 03:00:25|https://glitch.com/edit/#!/knowing-infinity
2019-01-07 03:03:20|https://glitch.com/edit/#!/knowing-infinity?path=index.html:17:7
2019-01-07 03:03:21|https://knowing-infinity.glitch.me/
2019-01-07 03:15:19|https://knowing-infinity.glitch.me/
2019-01-07 03:15:22|https://knowing-infinity.glitch.me/
2019-01-07 03:15:27|https://knowing-infinity.glitch.me/
2019-01-07 03:15:30|https://knowing-infinity.glitch.me/
2019-01-07 03:15:34|https://knowing-infinity.glitch.me/
2019-01-07 03:15:35|https://knowing-infinity.glitch.me/
2019-01-07 03:15:39|https://knowing-infinity.glitch.me/
2019-01-07 03:15:42|https://knowing-infinity.glitch.me/
2019-01-07 03:15:46|https://knowing-infinity.glitch.me/
2019-01-07 03:15:52|https://knowing-infinity.glitch.me/
2019-01-07 03:15:55|https://knowing-infinity.glitch.me/
2019-01-07 03:15:57|https://knowing-infinity.glitch.me/
2019-01-07 03:16:01|https://knowing-infinity.glitch.me/
2019-01-07 03:16:06|https://knowing-infinity.glitch.me/
2019-01-07 03:16:10|https://knowing-infinity.glitch.me/
2019-01-07 03:16:16|https://knowing-infinity.glitch.me/
2019-01-07 03:16:18|https://knowing-infinity.glitch.me/
2019-01-07 03:16:19|https://knowing-infinity.glitch.me/
2019-01-07 03:16:21|https://knowing-infinity.glitch.me/
2019-01-07 03:16:23|https://knowing-infinity.glitch.me/
2019-01-07 03:16:23|https://knowing-infinity.glitch.me/
2019-01-07 03:16:26|https://knowing-infinity.glitch.me/
2019-01-07 03:16:27|https://knowing-infinity.glitch.me/
2019-01-07 03:16:29|https://knowing-infinity.glitch.me/
2019-01-07 03:16:31|https://knowing-infinity.glitch.me/
2019-01-07 03:16:31|https://knowing-infinity.glitch.me/
2019-01-07 03:16:33|https://knowing-infinity.glitch.me/
2019-01-07 03:16:37|https://knowing-infinity.glitch.me/
2019-01-07 03:16:38|https://knowing-infinity.glitch.me/
2019-01-07 03:16:42|https://knowing-infinity.glitch.me/
2019-01-07 03:16:45|https://knowing-infinity.glitch.me/
2019-01-07 03:16:45|https://knowing-infinity.glitch.me/
2019-01-07 03:16:47|https://knowing-infinity.glitch.me/
2019-01-07 03:16:47|https://knowing-infinity.glitch.me/
2019-01-07 03:16:48|https://knowing-infinity.glitch.me/
2019-01-07 03:17:27|https://knowing-infinity.glitch.me/
2019-01-07 03:17:29|https://knowing-infinity.glitch.me/
2019-01-07 03:17:33|https://knowing-infinity.glitch.me/
2019-01-07 03:17:36|https://knowing-infinity.glitch.me/
2019-01-07 03:17:38|https://knowing-infinity.glitch.me/
2019-01-07 03:17:40|https://knowing-infinity.glitch.me/
2019-01-07 03:17:43|https://knowing-infinity.glitch.me/
2019-01-07 03:17:43|https://knowing-infinity.glitch.me/
2019-01-07 03:17:45|https://knowing-infinity.glitch.me/
2019-01-07 03:17:45|https://knowing-infinity.glitch.me/
2019-01-07 03:17:47|https://knowing-infinity.glitch.me/
2019-01-07 03:17:50|https://knowing-infinity.glitch.me/
2019-01-07 03:17:51|https://knowing-infinity.glitch.me/
2019-01-07 03:17:52|https://knowing-infinity.glitch.me/
2019-01-07 03:18:00|https://knowing-infinity.glitch.me/
2019-01-07 03:18:04|https://knowing-infinity.glitch.me/
2019-01-07 03:18:17|https://knowing-infinity.glitch.me/
2019-01-07 03:18:18|https://knowing-infinity.glitch.me/
2019-01-07 03:18:23|https://knowing-infinity.glitch.me/
2019-01-07 03:18:26|https://knowing-infinity.glitch.me/
2019-01-07 03:18:27|https://knowing-infinity.glitch.me/
2019-01-07 03:18:28|https://knowing-infinity.glitch.me/
2019-01-07 03:18:29|https://knowing-infinity.glitch.me/
2019-01-07 03:18:32|https://knowing-infinity.glitch.me/
2019-01-07 03:18:32|https://knowing-infinity.glitch.me/
2019-01-07 03:18:34|https://knowing-infinity.glitch.me/
2019-01-07 03:18:36|https://knowing-infinity.glitch.me/
2019-01-07 03:18:40|https://knowing-infinity.glitch.me/
2019-01-07 03:18:41|https://knowing-infinity.glitch.me/
2019-01-07 03:18:42|https://knowing-infinity.glitch.me/
2019-01-07 03:18:45|https://knowing-infinity.glitch.me/
2019-01-07 03:18:46|https://knowing-infinity.glitch.me/
2019-01-07 03:18:48|https://knowing-infinity.glitch.me/
2019-01-07 03:19:24|https://knowing-infinity.glitch.me/
2019-01-07 03:19:25|https://knowing-infinity.glitch.me/
2019-01-07 03:19:26|https://knowing-infinity.glitch.me/
2019-01-07 03:19:33|https://knowing-infinity.glitch.me/
2019-01-07 03:19:38|https://knowing-infinity.glitch.me/
2019-01-07 03:19:43|https://knowing-infinity.glitch.me/
2019-01-07 03:19:44|https://knowing-infinity.glitch.me/
2019-01-07 03:19:48|https://knowing-infinity.glitch.me/
2019-01-07 03:19:58|https://knowing-infinity.glitch.me/
2019-01-07 03:20:00|https://knowing-infinity.glitch.me/
2019-01-07 03:20:12|https://knowing-infinity.glitch.me/
2019-01-07 03:20:16|https://knowing-infinity.glitch.me/
2019-01-07 03:20:34|https://knowing-infinity.glitch.me/
2019-01-07 03:20:35|https://knowing-infinity.glitch.me/
2019-01-07 03:20:42|https://knowing-infinity.glitch.me/
2019-01-07 03:20:43|https://knowing-infinity.glitch.me/
2019-01-07 03:22:44|https://knowing-infinity.glitch.me/
2019-01-07 03:22:46|https://knowing-infinity.glitch.me/
2019-01-07 03:22:49|https://knowing-infinity.glitch.me/
2019-01-07 03:22:51|https://knowing-infinity.glitch.me/
2019-01-07 03:22:56|https://glitch.com/edit/#!/knowing-infinity?path=index.html:18:11
2019-01-16 03:44:03|https://python.microbit.org/v/1
2019-01-16 03:44:20|https://python-editor-1-0-0.microbit.org/#
2019-01-17 03:56:12|https://mundaneneglecteddrupal--giulianade.repl.co/
2019-01-17 04:19:00|https://repl.it/@GiulianaDe/MundaneNeglectedDrupal
2019-01-18 00:58:43|http://ctf.compclub.com.au/
2019-01-18 00:58:44|https://ctf.compclub.com.au/
2019-01-18 00:58:44|https://ctf.compclub.com.au/invite?next=%2F
2019-01-18 00:58:44|https://ctf.compclub.com.au/invite/
2019-01-18 01:05:50|https://www.youtube.com/watch?v=dQw4w9WgXcQ
2019-01-18 01:13:21|https://ctf.compclub.com.au/
2019-01-18 01:14:38|http://ctf.compclub.com.au/
2019-01-18 01:14:38|https://ctf.compclub.com.au/
2019-01-18 01:15:02|https://summer2019.compclub.com.au/
2019-01-18 01:15:05|https://summer2019.compclub.com.au/day2
2019-01-18 01:15:35|https://docs.google.com/presentation/d/1QMjMVsmMkqxMA9r-UGDEdqQpfkgFj901fAtXIWr-qAw/edit?usp=sharing
2019-01-18 01:15:35|https://docs.google.com/presentation/d/1QMjMVsmMkqxMA9r-UGDEdqQpfkgFj901fAtXIWr-qAw/edit
2019-01-18 01:15:37|https://docs.google.com/presentation/d/1QMjMVsmMkqxMA9r-UGDEdqQpfkgFj901fAtXIWr-qAw/edit#slide=id.g337fd436a2_1_5
2019-01-18 01:15:43|https://docs.google.com/presentation/d/1QMjMVsmMkqxMA9r-UGDEdqQpfkgFj901fAtXIWr-qAw/edit#slide=id.g4747f2f9ff_1_5
2019-01-18 01:15:44|https://docs.google.com/presentation/d/1QMjMVsmMkqxMA9r-UGDEdqQpfkgFj901fAtXIWr-qAw/edit#slide=id.g4c17cd19ee_0_5
2019-01-18 01:15:50|https://www.youtube.com/watch?v=QvtlEj_T55o&list=PLlEgNdBJEO-lqvqL5nNNZC6KoRdSrhQwK
2019-01-18 01:16:02|https://summer2019.compclub.com.au/day2_solutions/food
2019-01-18 01:20:14|https://repl.it/
2019-01-18 01:20:30|https://repl.it/login
2019-01-18 01:21:36|https://repl.it/repls
2019-01-18 01:21:58|https://repl.it/@jasminehinds/GoodnaturedPungentMacro
2019-01-18 01:22:07|https://repl.it/@jasminehinds/GraveScarceNumerators
2019-01-18 01:24:57|https://www.youtube.com/watch?v=eaK5_eJRzmA
2019-01-18 01:25:33|https://summer2019.compclub.com.au/
2019-01-18 01:25:35|https://summer2019.compclub.com.au/day4
2019-01-18 01:25:39|https://summer2019.compclub.com.au/day4_solutions.html
2019-01-18 01:27:21|https://www.google.com/search?client=firefox-b-d&q=PRIME+NUMBERS
2019-01-18 01:27:31|https://repl.it/repls
2019-01-18 01:27:32|https://repl.it/@jasminehinds
2019-01-18 01:27:34|https://repl.it/repls
2019-01-18 01:27:36|https://repl.it/languages
2019-01-18 01:27:47|https://www.google.com/search?client=firefox-b-d&ei=eStBXP3sEJH59QPusJ3QCw&q=753+PRIME+NUMBERS&oq=753+PRIME+NUMBERS&gs_l=psy-ab.3..0i7i30j0i8i30.23095.24393..24857...0.0..0.145.522.0j4......0....1..gws-wiz.......0i71j0i8i7i30.G47yyB0Hhs8
2019-01-18 01:28:56|https://summer2019.compclub.com.au/
2019-01-18 01:29:02|https://summer2019.compclub.com.au/rules
2019-01-18 01:29:07|https://www.it.unsw.edu.au/staff/policies/agree_to_rules.html
2019-01-18 01:29:12|https://summer2019.compclub.com.au/
2019-01-18 01:30:57|https://summer2019.compclub.com.au/day1
2019-01-18 01:31:04|https://summer2019.compclub.com.au/
2019-01-18 01:31:06|https://summer2019.compclub.com.au/day5
2019-01-18 01:31:49|https://www.google.com/search?client=firefox-b-d&q=CAESARS+SHIFT
2019-01-18 01:31:53|https://www.dcode.fr/caesar-cipher
2019-01-18 01:32:54|https://summer2019.compclub.com.au/
2019-01-18 01:32:56|https://summer2019.compclub.com.au/day5
2019-01-18 01:32:59|https://docs.google.com/presentation/d/1kyRsC1-PMJu4UndE6psUHJHuTHX7W6cuYRod1jq3QJY
2019-01-18 01:33:00|https://docs.google.com/presentation/d/1kyRsC1-PMJu4UndE6psUHJHuTHX7W6cuYRod1jq3QJY/
2019-01-18 01:33:00|https://docs.google.com/presentation/d/1kyRsC1-PMJu4UndE6psUHJHuTHX7W6cuYRod1jq3QJY/edit
2019-01-18 01:33:00|https://docs.google.com/presentation/d/1ykIUm1xAKMforvTPeqvXMdC4DZlnWOg604ekaybhiOs
2019-01-18 01:33:01|https://docs.google.com/presentation/d/1ykIUm1xAKMforvTPeqvXMdC4DZlnWOg604ekaybhiOs/
2019-01-18 01:33:02|https://docs.google.com/presentation/d/1ykIUm1xAKMforvTPeqvXMdC4DZlnWOg604ekaybhiOs/edit
2019-01-18 01:33:03|https://docs.google.com/presentation/d/1kyRsC1-PMJu4UndE6psUHJHuTHX7W6cuYRod1jq3QJY/edit#slide=id.p1
2019-01-18 01:33:06|https://docs.google.com/presentation/d/1ykIUm1xAKMforvTPeqvXMdC4DZlnWOg604ekaybhiOs/edit#slide=id.p3
2019-01-18 01:33:11|https://docs.google.com/presentation/d/1kyRsC1-PMJu4UndE6psUHJHuTHX7W6cuYRod1jq3QJY/edit#slide=id.g4be45cc0c3_1_44
2019-01-18 01:33:13|https://docs.google.com/presentation/d/1kyRsC1-PMJu4UndE6psUHJHuTHX7W6cuYRod1jq3QJY/edit#slide=id.g4be45cc0c3_0_1
2019-01-18 01:33:14|https://docs.google.com/presentation/d/1kyRsC1-PMJu4UndE6psUHJHuTHX7W6cuYRod1jq3QJY/edit#slide=id.g4be45cc0c3_1_35
2019-01-18 01:33:14|https://docs.google.com/presentation/d/1kyRsC1-PMJu4UndE6psUHJHuTHX7W6cuYRod1jq3QJY/edit#slide=id.g4c07aed684_0_7
2019-01-18 01:33:16|https://docs.google.com/presentation/d/1kyRsC1-PMJu4UndE6psUHJHuTHX7W6cuYRod1jq3QJY/edit#slide=id.g4be45cc0c3_1_52
2019-01-18 01:34:04|https://www.google.com/search?client=firefox-b-d&q=interlave
2019-01-18 01:34:07|https://www.google.com/search?client=firefox-b-d&q=interleave&spell=1&sa=X&ved=0ahUKEwjp5oONmPbfAhXXeisKHd5fA7MQBQgpKAA&biw=1920&bih=912
2019-01-18 01:34:16|https://www.google.com/search?client=firefox-b-d&biw=1920&bih=912&ei=Dy1BXMT8FMmS9QPNiqXABw&q=interleave+decoder&oq=interleave+decoder&gs_l=psy-ab.3...3324.7682..8026...1.0..0.163.1205.0j9......0....1..gws-wiz.......0i71j0j0i10j33i160.V32LbB64fgE
2019-01-18 01:37:12|https://repl.it/@jasminehinds
2019-01-18 01:37:15|https://repl.it/repls
2019-01-18 01:37:18|https://repl.it/languages
2019-01-18 01:37:22|https://repl.it/@jasminehinds/DependentKindlyLaw?folderId=
2019-01-18 01:39:37|https://docs.google.com/presentation/d/1kyRsC1-PMJu4UndE6psUHJHuTHX7W6cuYRod1jq3QJY/edit#slide=id.g4c07aed684_0_7
2019-01-18 01:39:38|https://docs.google.com/presentation/d/1kyRsC1-PMJu4UndE6psUHJHuTHX7W6cuYRod1jq3QJY/edit#slide=id.g4be45cc0c3_1_35
2019-01-18 01:39:38|https://docs.google.com/presentation/d/1kyRsC1-PMJu4UndE6psUHJHuTHX7W6cuYRod1jq3QJY/edit#slide=id.g4be45cc0c3_0_1
2019-01-18 01:39:39|https://docs.google.com/presentation/d/1kyRsC1-PMJu4UndE6psUHJHuTHX7W6cuYRod1jq3QJY/edit#slide=id.g4be45cc0c3_1_44
2019-01-18 01:39:41|https://docs.google.com/presentation/d/1kyRsC1-PMJu4UndE6psUHJHuTHX7W6cuYRod1jq3QJY/edit#slide=id.g4be45cc0c3_1_52
2019-01-18 01:39:50|https://www.google.com/search?client=firefox-b-d&biw=1920&bih=912&ei=GC1BXKpQ1J71A-fCncgJ&q=interleave+python&oq=interleave+python&gs_l=psy-ab.3..0j0i22i30l9.331487.332871..333393...0.0..0.166.819.0j6......0....1..gws-wiz.......0i10.0oCEhm4Ub0M
2019-01-18 01:39:59|https://www.google.com/search?client=firefox-b-d&biw=1920&bih=912&ei=Zi5BXIbeAdCoyAPQg5T4AQ&q=interleave+python+library&oq=interleave+python+libra&gs_l=psy-ab.3.0.33i21l2.3497.5066..9071...0.0..0.151.801.0j6......0....1..gws-wiz.......0i71j0i22i30.AhFKMxL4qw4
2019-01-18 01:40:02|https://stackoverflow.com/questions/11125212/interleaving-lists-in-python
2019-01-18 01:40:31|https://www.google.com/search?client=firefox-b-d&biw=1920&bih=912&ei=by5BXK-kLtShyAPZ_qfIDA&q=interleave+online&oq=interleave+online&gs_l=psy-ab.3...10008.14893..15133...0.0..0.217.1897.0j13j1......0....1..gws-wiz.......0i71j0i22i30j0j0i10j0i67j0i22i10i30j33i22i29i30.FB2fG80EW-Q
2019-01-18 01:40:44|https://www.google.com/search?client=firefox-b-d&biw=1920&bih=912&ei=jy5BXMztIc-m9QP-g6mgCQ&q=interleave+decoder+online&oq=interleave+decoder+online&gs_l=psy-ab.3...9150.10828..11915...0.0..0.153.1083.0j8......0....1..gws-wiz.......0i71.6DE-rY1P6aI
2019-01-18 01:40:50|https://barcode.tec-it.com/en/Code25IL
2019-01-18 01:42:56|https://www.google.com/search?client=firefox-b-d&q=ROT+cipher
2019-01-18 01:42:59|https://www.dcode.fr/rot-cipher
2019-01-18 01:46:05|https://ctf.compclub.com.au/
2019-01-18 01:46:05|https://ctf.compclub.com.au/invite?next=%2F
2019-01-18 01:46:05|https://ctf.compclub.com.au/invite/
2019-01-18 01:46:15|https://ctf.compclub.com.au/
2019-01-18 01:52:38|https://summer2019.compclub.com.au/
2019-01-18 01:52:39|https://summer2019.compclub.com.au/day4
2019-01-18 01:53:08|https://summer2019.compclub.com.au/day4_solutions.html
2019-01-18 01:54:22|https://lh3.googleusercontent.com/swou8r_aaveXY-QRJexe7FLAIQ8WAgfAxjV33dRjs5gF3VqjC0h888QfY6lTD1-chfRG9CCR7VXXI-wUC8rn4wKSOMFyw2Pgm70ReLMMXjwp7uSUqRxUeI0SD6gX-AhCCdAiT_0k=s200-p-k
2019-01-18 01:54:36|https://repl.it/@jasminehinds
2019-01-18 01:54:47|https://repl.it/@jasminehinds/LesserSignifiedBeings
2019-01-18 01:58:07|https://summer2019.compclub.com.au/
2019-01-18 01:58:10|https://summer2019.compclub.com.au/day2
2019-01-18 02:02:19|https://www.dcode.fr/rot-cipher2%20+%202%20is%20four.%20Add%20again,%20do%20once%20more.%20Split%20the%20sight,%20take%20the%20right?%20What%20number%20am%20I?
2019-01-18 02:02:22|https://www.google.com/search?client=firefox-b-d&q=2+%2B+2+is+four.+Add+again%2C+do+once+more.+Split+the+sight%2C+take+the+right%3F+What+number+am+I%3F
2019-01-18 02:02:26|https://www.google.com/search?client=firefox-b-d&q=2+%2B+2+is+four.+Add+again,+to+once+more.+Split+the+sight,+take+the+right?+What+number+am+I?&spell=1&sa=X&ved=0ahUKEwiUofe2nvbfAhUbXn0KHa6QBloQBQgpKAA&biw=1920&bih=876
2019-01-18 02:05:06|https://lh3.googleusercontent.com/6azf98KQoV9zlQ3u__wgkoMOseRpQnYb-mRQWelB1Y23sMNHeISMLIIPsDxtwtoZIYrDhSSA4zzt4b-cavUEmsVrrv6AGKlLfD9gOTJTXrze7rOm3GzwBlVTzyRCKaBn8d-fc09t=w2400
2019-01-18 02:08:04|https://www.youtube.com/watch?v=eaK5_eJRzmA
2019-01-18 02:09:46|https://featherbear.github.io/UNSW-CompClub2019Summer-SecurityWorkshop/ctf_files/compclub_log.pcap
2019-01-18 02:12:47|https://www.google.com/search?client=firefox-b-d&q=ascii+table
2019-01-18 02:12:50|http://www.asciitable.com/
2019-01-18 02:12:57|http://www.asciitable.com/
2019-01-18 02:13:11|https://www.google.com/search?client=firefox-b-d&ei=HzZBXK6OB9H89QO2wLrYBg&q=ascii+decoder&oq=ascii+decoder&gs_l=psy-ab.3..0l10.2594.3640..3883...0.0..0.206.1086.0j5j1......0....1..gws-wiz.......0i71.GeI0F-HjwZU
2019-01-18 02:13:13|http://www.unit-conversion.info/texttools/ascii/
2019-01-18 02:15:02|https://www.google.com/search?client=firefox-b-d&q=substitution+cipher+decoder
2019-01-18 02:15:05|https://www.dcode.fr/monoalphabetic-substitution
2019-01-18 02:18:28|https://ctf.compclub.com.au/
2019-01-18 02:18:28|https://ctf.compclub.com.au/invite?next=%2F
2019-01-18 02:18:28|https://ctf.compclub.com.au/invite/
2019-01-18 02:18:52|https://ctf.compclub.com.au/
2019-01-18 02:20:55|https://www.google.com/search?client=firefox-b-d&q=wolfram+alpha
2019-01-18 02:20:57|http://m.wolframalpha.com/
2019-01-18 02:20:58|https://www.wolframalpha.com/
2019-01-18 02:21:13|https://www.wolframalpha.com/input/?i=sum+of+first+753+prime+numbers
2019-01-18 02:22:35|https://www.google.com/search?client=firefox-b-d&biw=1920&bih=876&ei=sTNBXNGLPMft9QOorpmwAQ&q=rot+cipher+decrypt&oq=rot+ci%5B&gs_l=psy-ab.3.2.0i13i30j0i22i30l8j0i22i10i30.1204523.1206153..1208802...0.0..0.309.1779.0j2j2j3......0....1..gws-wiz.......0i71j0i131j0j0i67j0i10i67j0i10.VYEOQi8ruU0
2019-01-18 02:22:38|https://www.dcode.fr/caesar-cipher
2019-01-18 02:22:42|https://www.dcode.fr/rot-cipher
2019-01-18 02:29:02|https://www.google.com/search?client=firefox-b-d&q=GG+M9
2019-01-18 02:29:21|https://www.dcode.fr/rot-cipher
2019-01-18 02:29:37|https://www.dcode.fr/rot-13-cipher
2019-01-18 04:02:42|https://tinyurl.com/CompclubSSS
2019-01-18 04:02:43|https://goo.gl/forms/botU4y0EHarywQeB3
2019-01-18 04:02:43|https://docs.google.com/forms/d/e/1FAIpQLSeTbnbww0Wz7bkuKacSlAFMckT5D3S74bvcZOOiqB7uI7TgZg/viewform?usp=send_form
2019-01-18 04:02:44|https://docs.google.com/forms/d/e/1FAIpQLSeTbnbww0Wz7bkuKacSlAFMckT5D3S74bvcZOOiqB7uI7TgZg/viewform
2019-01-18 04:03:08|https://summer2019.compclub.com.au/
2019-01-18 04:03:37|https://summer2019.compclub.com.au/day1
2019-01-18 04:05:04|https://summer2019.compclub.com.au/
2019-01-18 04:05:08|https://summer2019.compclub.com.au/day5
2019-01-18 04:05:26|https://docs.google.com/forms/d/e/1FAIpQLSeTbnbww0Wz7bkuKacSlAFMckT5D3S74bvcZOOiqB7uI7TgZg/viewform?fbzx=5719011179015696332
2019-01-18 04:06:03|https://summer2019.compclub.com.au/
2019-01-18 04:06:04|https://summer2019.compclub.com.au/day1
2019-01-18 04:07:10|https://summer2019.compclub.com.au/
2019-01-18 04:07:12|https://summer2019.compclub.com.au/day2
2019-01-18 04:08:26|https://summer2019.compclub.com.au/
2019-01-18 04:08:30|https://summer2019.compclub.com.au/day3
2019-01-18 04:09:23|https://summer2019.compclub.com.au/
2019-01-18 04:09:24|https://summer2019.compclub.com.au/day4
2019-01-18 04:09:50|https://summer2019.compclub.com.au/
2019-01-18 04:09:51|https://summer2019.compclub.com.au/day5
1|https://www.mozilla.org/privacy/firefox/||1|0|13191303430000000|1|0
2|https://aframe.io/|A-Frame – Make WebVR|1|1|13191303448000000|0|0
3|https://aframe.io/examples/showcase/helloworld/|Hello WebVR – A-Frame|1|0|13191303452000000|0|0
4|https://glitch.com/~aframe|aframe|1|0|13191303456000000|0|0
5|https://glitch.com/edit/#!/remix/aframe|Glitch :･ﾟ✧|1|0|13191303623000000|0|0
6|https://glitch.com/edit/#!/|Glitch :･ﾟ✧|1|0|13191303625000000|0|0
7|https://glitch.com/edit/#!/knowing-infinity|index.html – knowing-infinity|1|0|13191303625000000|0|0
8|https://glitch.com/edit/#!/knowing-infinity?path=index.html:17:7|index.html – knowing-infinity|1|0|13191303800000000|0|0
9|https://knowing-infinity.glitch.me/|Hello, WebVR! • A-Frame|89|0|13191303801000000|0|0
10|https://glitch.com/edit/#!/knowing-infinity?path=index.html:18:11|index.html – knowing-infinity|1|0|13191304976000000|0|0
11|https://summer2019.compclub.com.au/|Welcome to the CompClub Summer Spy School | CompClub 2019 Summer Workshops|15|6|13192241945804770|0|0
12|https://summer2019.compclub.com.au/day1|Introduction to Python | CompClub 2019 Summer Workshops|3|0|13192073313309329|0|0
13|https://docs.google.com/presentation/d/1ZGBVwbD055fzcnudI-pQU3fgEPk7WIt_AVH127H_qzQ/edit?usp=sharing|Introduction to Python - Google Slides|6|0|13191897491784436|0|0
14|https://docs.google.com/presentation/d/1ZGBVwbD055fzcnudI-pQU3fgEPk7WIt_AVH127H_qzQ/edit||3|0|13191897491826600|0|0
15|https://docs.google.com/presentation/d/1ZGBVwbD055fzcnudI-pQU3fgEPk7WIt_AVH127H_qzQ/edit#slide=id.g3cbf3982fb_4_0||3|0|13191897492969358|0|0
16|https://docs.google.com/presentation/d/1ZGBVwbD055fzcnudI-pQU3fgEPk7WIt_AVH127H_qzQ/edit#slide=id.g3d17a7de66_0_155||4|0|13191910768128524|0|0
17|https://repl.it/languages/python3|Repl.it - MundaneNeglectedDrupal|5|0|13192160440516891|0|0
18|https://repl.it/repls/HighElatedSuperuser|Repl.it - HighElatedSuperuser|2|0|13191897133547741|0|0
19|https://repl.it/@jasminehinds/HighElatedSuperuser|Repl.it - HighElatedSuperuser|5|0|13192087923055014|0|0
20|https://docs.google.com/presentation/d/1ZGBVwbD055fzcnudI-pQU3fgEPk7WIt_AVH127H_qzQ/edit#slide=id.g3d17a7de66_0_164||1|0|13191897495397849|0|0
21|https://docs.google.com/presentation/d/1ZGBVwbD055fzcnudI-pQU3fgEPk7WIt_AVH127H_qzQ/edit#slide=id.g3d17a7de66_0_179||1|0|13191897496003761|0|0
22|https://docs.google.com/presentation/d/1ZGBVwbD055fzcnudI-pQU3fgEPk7WIt_AVH127H_qzQ/edit#slide=id.g3d17a7de66_0_194||1|0|13191897502788279|0|0
23|https://docs.google.com/presentation/d/1ZGBVwbD055fzcnudI-pQU3fgEPk7WIt_AVH127H_qzQ/edit#slide=id.g4c0796c720_5_0||1|0|13191897509367561|0|0
24|https://docs.google.com/presentation/d/1ZGBVwbD055fzcnudI-pQU3fgEPk7WIt_AVH127H_qzQ/edit#slide=id.g3d17a7de66_0_208||1|0|13191897514370460|0|0
25|https://docs.google.com/presentation/d/1ZGBVwbD055fzcnudI-pQU3fgEPk7WIt_AVH127H_qzQ/edit#slide=id.g3d17a7de66_0_216||2|0|13191898574943745|0|0
26|https://docs.google.com/presentation/d/1ZGBVwbD055fzcnudI-pQU3fgEPk7WIt_AVH127H_qzQ/edit#slide=id.g3d17a7de66_0_225||1|0|13191898423325226|0|0
27|https://docs.google.com/presentation/d/1ZGBVwbD055fzcnudI-pQU3fgEPk7WIt_AVH127H_qzQ/edit#slide=id.g3d17a7de66_0_235||2|0|13191899176312453|0|0
28|https://repl.it/|Repl.it - Log In|3|1|13192242069133729|0|0
29|https://repl.it/repls|https://repl.it/repls|12|1|13192242306742174|0|0
30|https://repl.it/languages|Repl.it - Select a Language|5|0|13192242096556768|0|0
31|https://repl.it/@jasminehinds/RottenCurlyDecagons|Repl.it - RottenCurlyDecagons|4|1|13191904044598783|0|0
32|https://docs.google.com/presentation/d/1ZGBVwbD055fzcnudI-pQU3fgEPk7WIt_AVH127H_qzQ/edit#slide=id.g3d17a7de66_0_250||2|0|13191901200071729|0|0
33|https://docs.google.com/presentation/d/1ZGBVwbD055fzcnudI-pQU3fgEPk7WIt_AVH127H_qzQ/edit#slide=id.g3d17a7de66_0_257||3|0|13191901588074402|0|0
34|https://docs.google.com/presentation/d/1ZGBVwbD055fzcnudI-pQU3fgEPk7WIt_AVH127H_qzQ/edit#slide=id.g3d17a7de66_0_264||1|0|13191899316155148|0|0
35|https://docs.google.com/presentation/d/1ZGBVwbD055fzcnudI-pQU3fgEPk7WIt_AVH127H_qzQ/edit#slide=id.g3d17a7de66_0_270||2|0|13191901203986938|0|0
36|https://docs.google.com/presentation/d/1ZGBVwbD055fzcnudI-pQU3fgEPk7WIt_AVH127H_qzQ/edit#slide=id.g3d17a7de66_0_284||5|0|13191910758536216|0|0
37|https://docs.google.com/presentation/d/1ZGBVwbD055fzcnudI-pQU3fgEPk7WIt_AVH127H_qzQ/edit#slide=id.g3d17a7de66_0_295||8|0|13191904186286029|0|0
38|https://docs.google.com/presentation/d/1ZGBVwbD055fzcnudI-pQU3fgEPk7WIt_AVH127H_qzQ/edit#slide=id.g3c8fdf14fc_0_0||7|0|13191903963894561|0|0
39|https://docs.google.com/presentation/d/1ZGBVwbD055fzcnudI-pQU3fgEPk7WIt_AVH127H_qzQ/edit#slide=id.g3c8fdf14fc_0_20||3|0|13191902210301973|0|0
40|https://docs.google.com/presentation/d/1ZGBVwbD055fzcnudI-pQU3fgEPk7WIt_AVH127H_qzQ/edit#slide=id.g3c8fdf14fc_0_36||5|0|13191902221534527|0|0
41|https://docs.google.com/presentation/d/1ZGBVwbD055fzcnudI-pQU3fgEPk7WIt_AVH127H_qzQ/edit#slide=id.g3c8fdf14fc_0_50||6|0|13191910772176224|0|0
42|https://docs.google.com/presentation/d/1ZGBVwbD055fzcnudI-pQU3fgEPk7WIt_AVH127H_qzQ/edit#slide=id.g3c8fdf14fc_0_43||2|0|13191910771653447|0|0
43|https://docs.google.com/presentation/d/1ZGBVwbD055fzcnudI-pQU3fgEPk7WIt_AVH127H_qzQ/edit#slide=id.g3c8fdf14fc_0_69||4|0|13191904284958018|0|0
44|https://docs.google.com/presentation/d/1ZGBVwbD055fzcnudI-pQU3fgEPk7WIt_AVH127H_qzQ/edit#slide=id.g3c8fdf14fc_0_76||4|0|13191909820701197|0|0
45|https://docs.google.com/presentation/d/1ZGBVwbD055fzcnudI-pQU3fgEPk7WIt_AVH127H_qzQ/edit#slide=id.g3c8fdf14fc_0_84||3|0|13191914611858720|0|0
46|https://docs.google.com/presentation/d/1ZGBVwbD055fzcnudI-pQU3fgEPk7WIt_AVH127H_qzQ/edit#slide=id.g3cbf3982fb_0_1||2|0|13191914612530909|0|0
47|https://docs.google.com/presentation/d/1ZGBVwbD055fzcnudI-pQU3fgEPk7WIt_AVH127H_qzQ/edit#slide=id.g3cbf3982fb_0_14||2|0|13191904292774493|0|0
48|https://docs.google.com/presentation/d/1ZGBVwbD055fzcnudI-pQU3fgEPk7WIt_AVH127H_qzQ/edit#slide=id.g3cbf3982fb_0_9||3|0|13191905153368367|0|0
49|https://docs.google.com/presentation/d/1ZGBVwbD055fzcnudI-pQU3fgEPk7WIt_AVH127H_qzQ/edit#slide=id.g3cbf3982fb_0_22||6|0|13191911453298769|0|0
50|https://docs.google.com/presentation/d/1ZGBVwbD055fzcnudI-pQU3fgEPk7WIt_AVH127H_qzQ/edit#slide=id.g3cbf3982fb_0_29||12|0|13191914615170020|0|0
51|https://docs.google.com/presentation/d/1ZGBVwbD055fzcnudI-pQU3fgEPk7WIt_AVH127H_qzQ/edit#slide=id.g3cbf3982fb_0_35||19|0|13191914615644787|0|0
52|https://docs.google.com/presentation/d/1ZGBVwbD055fzcnudI-pQU3fgEPk7WIt_AVH127H_qzQ/edit#slide=id.g3cbf3982fb_0_45||18|0|13191913782272693|0|0
53|https://docs.google.com/presentation/d/1ZGBVwbD055fzcnudI-pQU3fgEPk7WIt_AVH127H_qzQ/edit#slide=id.g3cbf3982fb_0_63||19|0|13191913782691227|0|0
54|https://docs.google.com/presentation/d/1ZGBVwbD055fzcnudI-pQU3fgEPk7WIt_AVH127H_qzQ/edit#slide=id.g3c8fdf14fc_0_96||7|0|13191912703479766|0|0
55|https://docs.google.com/presentation/d/1ZGBVwbD055fzcnudI-pQU3fgEPk7WIt_AVH127H_qzQ/edit#slide=id.g3c8fdf14fc_0_102||5|0|13191914596883379|0|0
56|https://docs.google.com/presentation/d/1ZGBVwbD055fzcnudI-pQU3fgEPk7WIt_AVH127H_qzQ/edit#slide=id.g3c8fdf14fc_0_108||7|0|13191914984247592|0|0
57|https://docs.google.com/presentation/d/1ZGBVwbD055fzcnudI-pQU3fgEPk7WIt_AVH127H_qzQ/edit#slide=id.g3c8fdf14fc_0_114||6|0|13191914959984435|0|0
58|https://docs.google.com/presentation/d/1ZGBVwbD055fzcnudI-pQU3fgEPk7WIt_AVH127H_qzQ/edit#slide=id.g3c8fdf14fc_0_131||1|0|13191913376842510|0|0
59|https://summer2019.compclub.com.au/day2|Welcome to Day 2 of the 2019 Comp Club Summer School | CompClub 2019 Summer Workshops|7|1|13192073328686006|0|0
60|https://trinket.io/features/pygame|The New Pygame Trinket|1|0|13191981327736153|0|0
61|https://repl.it/@jasminehinds/ShallowCoolTwintext|Repl.it - ShallowCoolTwintext|6|0|13192076101298939|0|0
62|https://trinket.io/signup|Trinket|1|0|13191981491528445|0|0
63|https://trinket.io/users|Trinket|1|0|13191981514114932|0|0
64|https://trinket.io/welcome|Trinket|1|0|13191981514114932|0|0
65|https://repl.it/@jasminehinds|Repl.it - jasminehinds|13|0|13192087928348769|0|0
66|https://docs.python.org/3/library/turtle.html|turtle — Turtle graphics — Python 3.7.2 documentation|1|0|13191981662980104|0|0
67|https://summer2019.compclub.com.au/day2_|Welcome to Day 2 of the 2019 Comp Club Summer School | CompClub 2019 Summer Workshops|1|1|13191983007500002|0|0
68|https://docs.google.com/presentation/d/1pPY_lvrvM3fl2SwvAnziN9Ib5owxXOwjiZg_DzcKNiI/edit?usp=sharing|Game Development - Google Slides|2|0|13191983012616579|0|0
69|https://docs.google.com/presentation/d/1pPY_lvrvM3fl2SwvAnziN9Ib5owxXOwjiZg_DzcKNiI/edit||1|0|13191983012662647|0|0
70|https://docs.google.com/presentation/d/1pPY_lvrvM3fl2SwvAnziN9Ib5owxXOwjiZg_DzcKNiI/edit#slide=id.g337fd436a2_1_5||1|0|13191983013843891|0|0
71|https://docs.google.com/presentation/d/1pPY_lvrvM3fl2SwvAnziN9Ib5owxXOwjiZg_DzcKNiI/edit#slide=id.p||1|0|13191983022453130|0|0
72|https://docs.google.com/presentation/d/1pPY_lvrvM3fl2SwvAnziN9Ib5owxXOwjiZg_DzcKNiI/edit#slide=id.g4c0ab1ff68_0_7||1|0|13191983023963011|0|0
73|https://docs.google.com/presentation/d/1pPY_lvrvM3fl2SwvAnziN9Ib5owxXOwjiZg_DzcKNiI/edit#slide=id.g337fd436a2_1_0||2|0|13191991936130869|0|0
74|https://docs.google.com/presentation/d/1pPY_lvrvM3fl2SwvAnziN9Ib5owxXOwjiZg_DzcKNiI/edit#slide=id.g4c0ab1ff68_0_16||1|0|13191983026597921|0|0
75|https://docs.google.com/presentation/d/1pPY_lvrvM3fl2SwvAnziN9Ib5owxXOwjiZg_DzcKNiI/edit#slide=id.g4c0ab1ff68_0_25||2|0|13191991937257829|0|0
76|https://docs.google.com/presentation/d/1pPY_lvrvM3fl2SwvAnziN9Ib5owxXOwjiZg_DzcKNiI/edit#slide=id.g4c0ab1ffe2_0_1||4|0|13191991939131881|0|0
77|https://docs.google.com/presentation/d/1pPY_lvrvM3fl2SwvAnziN9Ib5owxXOwjiZg_DzcKNiI/edit#slide=id.g4c0ab1ffe2_0_11||5|0|13191991940755273|0|0
78|https://docs.google.com/presentation/d/1pPY_lvrvM3fl2SwvAnziN9Ib5owxXOwjiZg_DzcKNiI/edit#slide=id.g4747f2f9ff_1_5||2|0|13191991633747822|0|0
79|https://docs.google.com/presentation/d/1pPY_lvrvM3fl2SwvAnziN9Ib5owxXOwjiZg_DzcKNiI/edit#slide=id.g4c0ab1ffe2_0_19||3|0|13191991943103715|0|0
80|https://docs.google.com/presentation/d/1pPY_lvrvM3fl2SwvAnziN9Ib5owxXOwjiZg_DzcKNiI/edit#slide=id.g4c0ab1ffe2_0_27||4|0|13191991944542889|0|0
81|https://docs.google.com/presentation/d/1pPY_lvrvM3fl2SwvAnziN9Ib5owxXOwjiZg_DzcKNiI/edit#slide=id.g4c0ab1ffe2_0_35||5|0|13191991946155114|0|0
82|https://docs.google.com/presentation/d/1pPY_lvrvM3fl2SwvAnziN9Ib5owxXOwjiZg_DzcKNiI/edit#slide=id.g4c0ab1ffe2_0_43||5|0|13191991947275427|0|0
83|https://docs.google.com/presentation/d/1pPY_lvrvM3fl2SwvAnziN9Ib5owxXOwjiZg_DzcKNiI/edit#slide=id.g4c0ab1ffe2_0_53||7|0|13191991948200081|0|0
84|https://docs.google.com/presentation/d/1pPY_lvrvM3fl2SwvAnziN9Ib5owxXOwjiZg_DzcKNiI/edit#slide=id.g4c0ab1ffe2_0_62||10|0|13191991950728609|0|0
85|https://docs.google.com/presentation/d/1pPY_lvrvM3fl2SwvAnziN9Ib5owxXOwjiZg_DzcKNiI/edit#slide=id.g4c0ab1ffe2_0_97||10|0|13191991952193435|0|0
86|https://docs.google.com/presentation/d/1pPY_lvrvM3fl2SwvAnziN9Ib5owxXOwjiZg_DzcKNiI/edit#slide=id.g4c0ab1ffe2_0_71||7|0|13191991953437224|0|0
87|https://docs.google.com/presentation/d/1pPY_lvrvM3fl2SwvAnziN9Ib5owxXOwjiZg_DzcKNiI/edit#slide=id.g4c0ab1ffe2_0_81||8|0|13191998541259118|0|0
88|https://docs.google.com/presentation/d/1pPY_lvrvM3fl2SwvAnziN9Ib5owxXOwjiZg_DzcKNiI/edit#slide=id.g4c0ab1ffe2_0_89||11|0|13191998541633223|0|0
89|https://docs.google.com/presentation/d/1pPY_lvrvM3fl2SwvAnziN9Ib5owxXOwjiZg_DzcKNiI/edit#slide=id.g4c0ab1ffe2_0_105||11|0|13192000542274990|0|0
90|https://docs.google.com/presentation/d/1pPY_lvrvM3fl2SwvAnziN9Ib5owxXOwjiZg_DzcKNiI/edit#slide=id.g4c17cd19ee_0_5||4|0|13192000549663214|0|0
91|https://www.google.com/search?q=python+turtle+display+text&oq=python+turtle+display+text&aqs=chrome..69i57.7632j0j7&sourceid=chrome&ie=UTF-8|python turtle display text - Google Search|2|0|13191992276706038|0|0
92|https://stackoverflow.com/questions/15141031/python-turtle-draw-text-with-on-screen-with-larger-font|Python Turtle, draw text with on screen with larger font - Stack Overflow|1|0|13191992268911357|0|0
93|https://www.google.com/search?ei=ykI9XM2bM8XvrQGKiJ2QDQ&q=python+turtle+display+updated+text&oq=python+turtle+display+updated+text&gs_l=psy-ab.3..33i21.6454.8545..9301...0.0..0.156.1068.0j8......0....1..gws-wiz.......0i71j0i13j33i13i21.a1wkKFKPFEU|python turtle display updated text - Google Search|1|0|13191992286697456|0|0
94|https://www.reddit.com/r/learnpython/comments/7ot17z/how_do_i_deletereplace_text_in_python_turtle/|How do I delete/replace text in Python Turtle Graphics? : learnpython|2|0|13191992293402177|0|0
95|https://www.google.com/search?q=python+turtle+append+display+text&oq=python+turtle+append+display+text&aqs=chrome..69i57.15552j0j7&sourceid=chrome&ie=UTF-8|python turtle append display text - Google Search|1|0|13191995961582582|0|0
96|https://www.google.com/search?ei=OVE9XJuRG8ngrQGL-7SIBg&q=python+turtle+score&oq=python+turtle+score&gs_l=psy-ab.3..0i22i30.33957.35499..36052...0.0..0.126.610.0j5......0....1..gws-wiz.......0i71j0j0i13j0i8i13i30.nRDCEWpG630|python turtle score - Google Search|1|0|13191995998483897|0|0
97|https://www.google.com/search?q=turtle+python+random+color&oq=turtle+python+random+color&aqs=chrome..69i57j0.8599j0j7&sourceid=chrome&ie=UTF-8|turtle python random color - Google Search|2|0|13191996147080807|0|0
98|https://stackoverflow.com/questions/46091442/how-can-i-make-the-turtle-a-random-color|python - How can I make the turtle a random color? - Stack Overflow|1|0|13191996119903195|0|0
99|https://www.reddit.com/r/learnpython/comments/4vh2eg/how_to_randomly_assign_turtle_color/|How to randomly assign Turtle color? : learnpython|2|0|13191996151500095|0|0
100|https://www.google.com/search?q=turtle+python+text&oq=turtle+python+text&aqs=chrome..69i57j0l5.5271j0j7&sourceid=chrome&ie=UTF-8|turtle python text - Google Search|2|0|13191999200686967|0|0
101|https://docs.python.org/2/library/turtle.html|24.5. turtle — Turtle graphics for Tk — Python 2.7.15 documentation|1|0|13191999197294121|0|0
102|https://www.google.com/search?ei=2V09XLOmEti_9QPZ96LgDw&q=turtle+python+3+text&oq=turtle+python+3+text&gs_l=psy-ab.3..0i8i7i30j0i8i13i10i30.2060.2222..2355...0.0..0.127.127.0j1......0....1..gws-wiz.......0i71.wSgfSq7X6yA|turtle python 3 text - Google Search|1|0|13191999203441777|0|0
103|https://docs.python.org/3.3/library/turtle.html?highlight=turtle|24.1. turtle — Turtle graphics — Python 3.3.7 documentation|1|0|13191999205174619|0|0
104|https://www.google.com/search?q=turtle+python+multiple+objects&oq=turtle+python+multiple+objects&aqs=chrome..69i57.23304j0j7&sourceid=chrome&ie=UTF-8|turtle python multiple objects - Google Search|2|0|13192000316245241|0|0
105|http://interactivepython.org/runestone/static/StudentCSP/CSPNameTurtles/multTurtles.html|Single and Multiple Turtles — Runestone Interactive Overview|1|0|13192000261074898|0|0
106|https://stackoverflow.com/questions/22134712/python-move-two-turtle-objects-at-once|Python - Move Two Turtle Objects At Once - Stack Overflow|1|0|13192000321626577|0|0
107|https://www.google.com/search?q=python+turtle+highscore&oq=python+turtle+highscore&aqs=chrome..69i57.6951j0j7&sourceid=chrome&ie=UTF-8|python turtle highscore - Google Search|1|0|13192000927164431|0|0
108|https://stackoverflow.com/questions/16726354/saving-the-highscore-for-a-python-game|save - Saving the highscore for a python game - Stack Overflow|1|0|13192000930756158|0|0
109|https://summer2019.compclub.com.au/day3|Day 3: Microbits! | CompClub 2019 Summer Workshops|3|0|13192087936880245|0|0
110|https://python.microbit.org/v/1|Micro:bit - Python editor|1|0|13192083988072306|0|0
111|https://python-editor-1-0-0.microbit.org/#|Python editor|4|0|13192083992623883|0|0
112|https://docs.google.com/presentation/d/14BvJKEm9pyPOfLtZMkCAMwwwF6nVjmo8G5C3P7PULuw/edit#slide=id.g337fd436a2_1_5|Microbits Workshop - Google Slides|2|0|13192068285050147|0|0
113|https://docs.google.com/presentation/d/14BvJKEm9pyPOfLtZMkCAMwwwF6nVjmo8G5C3P7PULuw/edit#slide=id.g4c0710682e_0_36||1|0|13192068288898052|0|0
114|https://docs.google.com/presentation/d/14BvJKEm9pyPOfLtZMkCAMwwwF6nVjmo8G5C3P7PULuw/edit#slide=id.g4c0710682e_0_43||2|0|13192068297831407|0|0
115|https://docs.google.com/presentation/d/14BvJKEm9pyPOfLtZMkCAMwwwF6nVjmo8G5C3P7PULuw/edit#slide=id.g4c0710682e_0_58||1|0|13192068292371769|0|0
116|https://docs.google.com/presentation/d/14BvJKEm9pyPOfLtZMkCAMwwwF6nVjmo8G5C3P7PULuw/edit#slide=id.g4c0710682e_0_83||1|0|13192068292953212|0|0
117|https://docs.google.com/presentation/d/14BvJKEm9pyPOfLtZMkCAMwwwF6nVjmo8G5C3P7PULuw/edit#slide=id.g4c0710682e_0_92||1|0|13192068295442818|0|0
118|https://docs.google.com/presentation/d/14BvJKEm9pyPOfLtZMkCAMwwwF6nVjmo8G5C3P7PULuw/edit#slide=id.g4c0710682e_0_102||1|0|13192068296439812|0|0
119|https://docs.google.com/presentation/d/14BvJKEm9pyPOfLtZMkCAMwwwF6nVjmo8G5C3P7PULuw/edit#slide=id.g4d695ae937_0_0||4|0|13192068450826841|0|0
120|https://docs.google.com/presentation/d/14BvJKEm9pyPOfLtZMkCAMwwwF6nVjmo8G5C3P7PULuw/edit#slide=id.g4d695ae937_0_8||7|0|13192070306741749|0|0
121|https://docs.google.com/presentation/d/14BvJKEm9pyPOfLtZMkCAMwwwF6nVjmo8G5C3P7PULuw/edit#slide=id.g4d695ae937_0_16||6|0|13192070310201031|0|0
122|https://docs.google.com/presentation/d/14BvJKEm9pyPOfLtZMkCAMwwwF6nVjmo8G5C3P7PULuw/edit#slide=id.g4d695ae937_0_23||6|0|13192070310920098|0|0
123|https://docs.google.com/presentation/d/14BvJKEm9pyPOfLtZMkCAMwwwF6nVjmo8G5C3P7PULuw/edit#slide=id.g4d695ae937_0_29||4|0|13192070313206962|0|0
124|https://docs.google.com/presentation/d/14BvJKEm9pyPOfLtZMkCAMwwwF6nVjmo8G5C3P7PULuw/edit#slide=id.g4c0710682e_0_63||1|0|13192068439986629|0|0
125|https://docs.google.com/presentation/d/14BvJKEm9pyPOfLtZMkCAMwwwF6nVjmo8G5C3P7PULuw/edit#slide=id.g4c0710682e_0_119||3|0|13192070301718388|0|0
126|https://docs.google.com/presentation/d/14BvJKEm9pyPOfLtZMkCAMwwwF6nVjmo8G5C3P7PULuw/edit#slide=id.g4c0710682e_0_128||3|0|13192070301309754|0|0
127|https://docs.google.com/presentation/d/14BvJKEm9pyPOfLtZMkCAMwwwF6nVjmo8G5C3P7PULuw/edit#slide=id.g4c0710682e_0_135||5|0|13192070545986578|0|0
128|http://microbit.org/code/|Let's Code | micro:bit|2|0|13192069266341774|0|0
129|https://microbit.org/code/|Let's Code | micro:bit|3|0|13192070520814398|0|0
130|https://www.youtube.com/watch?v=dQw4w9WgXcQ|YouTube|2|0|13192068781835359|0|0
131|https://summer2019.compclub.com.au/day3_templates/morse_code_template.html|Morse Code Template | CompClub 2019 Summer Workshops|1|0|13192068799519864|0|0
132|https://docs.google.com/presentation/d/14BvJKEm9pyPOfLtZMkCAMwwwF6nVjmo8G5C3P7PULuw/edit#slide=id.g4c0710682e_0_189||7|0|13192078330297383|0|0
133|https://docs.google.com/presentation/d/14BvJKEm9pyPOfLtZMkCAMwwwF6nVjmo8G5C3P7PULuw/edit#slide=id.g4c0710682e_0_143||4|0|13192071325363524|0|0
134|https://python-editor-1-0-0.microbit.org/help.html|Python on the BBC micro:bit|2|0|13192070451429305|0|0
135|https://python-editor-1-0-0.microbit.org/help.html#fun||1|0|13192070485643376|0|0
136|https://python-editor-1-0-0.microbit.org/help.html#top||1|0|13192070488325181|0|0
137|http://microbit.co.uk/|microbit.co.uk has been retired | micro:bit|1|0|13192070490625701|0|0
138|https://microbit.co.uk/|microbit.co.uk has been retired | micro:bit|1|0|13192070490625701|0|0
139|https://microbit.org/co-uk-landing/|microbit.co.uk has been retired | micro:bit|1|0|13192070490625701|0|0
140|https://microbit.org/|Micro:bit Educational Foundation | micro:bit|1|0|13192070494662801|0|0
141|https://microbit.org/guide/quick/|Quick Start | micro:bit|2|0|13192070517030008|0|0
142|https://microbit.org/ideas/|Ideas | micro:bit|1|0|13192070513247937|0|0
143|http://python.microbit.org/|Micro:bit - Python editor|1|0|13192070524713995|0|0
144|https://python.microbit.org/|Micro:bit - Python editor|2|0|13192084025291683|0|0
145|https://python.microbit.org/v/1.1||2|0|13192084025359234|0|0
146|https://www.google.com/search?q=python+microbit+sound&oq=python+microbit+so&aqs=chrome.1.69i57j0l2.9599j0j7&sourceid=chrome&ie=UTF-8|python microbit sound - Google Search|1|0|13192070564599373|0|0
147|https://microbit-micropython.readthedocs.io/en/latest/tutorials/music.html|Music — BBC micro:bit MicroPython 1.0.1 documentation|6|0|13192084576570017|0|0
148|https://microbit.org/guide/python/|MicroPython | micro:bit|3|0|13192082511997229|0|0
149|http://microbit-micropython.readthedocs.org/en/latest/tutorials/music.html|Music — BBC micro:bit MicroPython 1.0.1 documentation|1|0|13192070604607346|0|0
150|http://microbit-micropython.readthedocs.io/en/latest/tutorials/music.html|Music — BBC micro:bit MicroPython 1.0.1 documentation|1|0|13192070604607346|0|0
151|https://microbit-micropython.readthedocs.io/en/latest/tutorials/music.html#sound-effects||2|0|13192075784405579|0|0
152|https://microbit-micropython.readthedocs.io/en/latest/tutorials/radio.html|Radio — BBC micro:bit MicroPython 1.0.1 documentation|1|0|13192070753641301|0|0
153|https://microbit-micropython.readthedocs.io/en/latest/ble.html|Bluetooth — BBC micro:bit MicroPython 1.0.1 documentation|1|0|13192071045879452|0|0
154|https://docs.google.com/presentation/d/14BvJKEm9pyPOfLtZMkCAMwwwF6nVjmo8G5C3P7PULuw/edit#slide=id.g4c0710682e_0_124||1|0|13192073223734655|0|0
155|https://docs.google.com/presentation/d/14BvJKEm9pyPOfLtZMkCAMwwwF6nVjmo8G5C3P7PULuw/edit#slide=id.g4c0710682e_0_150||6|0|13192074292829762|0|0
156|https://docs.google.com/presentation/d/14BvJKEm9pyPOfLtZMkCAMwwwF6nVjmo8G5C3P7PULuw/edit#slide=id.g4c0710682e_0_161||6|0|13192074293214073|0|0
157|https://docs.google.com/presentation/d/14BvJKEm9pyPOfLtZMkCAMwwwF6nVjmo8G5C3P7PULuw/edit#slide=id.g4c0710682e_0_168||7|0|13192076984387429|0|0
158|https://docs.google.com/presentation/d/14BvJKEm9pyPOfLtZMkCAMwwwF6nVjmo8G5C3P7PULuw/edit#slide=id.g4c0710682e_0_175||5|0|13192076981267519|0|0
159|https://docs.google.com/presentation/d/14BvJKEm9pyPOfLtZMkCAMwwwF6nVjmo8G5C3P7PULuw/edit#slide=id.g4c0710682e_0_181||6|0|13192077486577987|0|0
160|https://repl.it/@jasminehinds/AuthorizedLinedCustomer|Repl.it - AuthorizedLinedCustomer|2|0|13192073330224320|0|0
161|https://summer2019.compclub.com.au/day3_templates/reaction_timer_template.html|Reaction Time Template | CompClub 2019 Summer Workshops|1|0|13192073407547893|0|0
162|http://microbit-micropython.readthedocs.org/en/latest/tutorials/hello.html|Hello, World! — BBC micro:bit MicroPython 1.0.1 documentation|1|0|13192074595387778|0|0
163|http://microbit-micropython.readthedocs.io/en/latest/tutorials/hello.html|Hello, World! — BBC micro:bit MicroPython 1.0.1 documentation|1|0|13192074595387778|0|0
164|https://microbit-micropython.readthedocs.io/en/latest/tutorials/hello.html|Hello, World! — BBC micro:bit MicroPython 1.0.1 documentation|1|0|13192074595387778|0|0
165|https://microbit-micropython.readthedocs.io/en/latest/tutorials/buttons.html|Buttons — BBC micro:bit MicroPython 1.0.1 documentation|2|0|13192077978573508|0|0
166|https://microbit-micropython.readthedocs.io/en/latest/tutorials/music.html#wolfgang-amadeus-microbit||1|0|13192075782607183|0|0
167|https://docs.google.com/presentation/d/14BvJKEm9pyPOfLtZMkCAMwwwF6nVjmo8G5C3P7PULuw/edit#slide=id.g337fd436a2_1_0||5|0|13192083614790064|0|0
168|https://docs.google.com/presentation/d/14BvJKEm9pyPOfLtZMkCAMwwwF6nVjmo8G5C3P7PULuw/edit#slide=id.g4c0710682e_0_210||5|0|13192083616176021|0|0
169|https://docs.google.com/presentation/d/14BvJKEm9pyPOfLtZMkCAMwwwF6nVjmo8G5C3P7PULuw/edit#slide=id.g4c0710682e_0_217||6|0|13192083640180203|0|0
170|https://docs.google.com/presentation/d/14BvJKEm9pyPOfLtZMkCAMwwwF6nVjmo8G5C3P7PULuw/edit#slide=id.g4d6b884a15_2_1||4|0|13192087987632516|0|0
171|https://docs.google.com/presentation/d/14BvJKEm9pyPOfLtZMkCAMwwwF6nVjmo8G5C3P7PULuw/edit#slide=id.g4c0710682e_0_195||4|0|13192082075283159|0|0
172|https://www.google.com/search?q=microbits%2C+is-pressed&oq=microbits%2C+is-pressed&aqs=chrome..69i57j0.4145j0j7&sourceid=chrome&ie=UTF-8|microbits, is-pressed - Google Search|1|0|13192077976203866|0|0
173|https://repl.it/@jasminehinds?tab=posts||1|0|13192081960938034|0|0
174|https://summer2019.compclub.com.au/day3_templates/hot_or_cold_template.html|Hot or Cold Template | CompClub 2019 Summer Workshops|1|0|13192082036885148|0|0
175|http://microbit-micropython.readthedocs.org/en/latest/tutorials/images.html|Images — BBC micro:bit MicroPython 1.0.1 documentation|1|0|13192082517262600|0|0
176|http://microbit-micropython.readthedocs.io/en/latest/tutorials/images.html|Images — BBC micro:bit MicroPython 1.0.1 documentation|1|0|13192082517262600|0|0
177|https://microbit-micropython.readthedocs.io/en/latest/tutorials/images.html|Images — BBC micro:bit MicroPython 1.0.1 documentation|1|0|13192082517262600|0|0
178|https://www.google.com/search?q=microbit+python&oq=microbit+pyt&aqs=chrome.0.0j69i57j69i60j0l3.3207j0j7&sourceid=chrome&ie=UTF-8|microbit python - Google Search|1|0|13192084023599876|0|0
179|https://python-editor-1-1-2.microbit.org/#||1|0|13192084049624236|1|0
180|https://repl.it/@jasminehinds/FelineBeigeCommands?folderId=|Repl.it - FelineBeigeCommands|1|0|13192087875468531|0|0
181|https://summer2019.compclub.com.au/day4|Some useful links: | CompClub 2019 Summer Workshops|6|0|13192160801202929|0|0
182|https://summer2019.compclub.com.au/day5|CompClub 2019 Summer Workshops|2|0|13192241950606113|0|0
183|http://summer2019.compclub.com.au/day4_files/index_html|CompClub 2019 Summer Workshops|1|0|13192153823029738|0|0
184|https://summer2019.compclub.com.au/day4_files/index_html|CompClub 2019 Summer Workshops|1|0|13192153823029738|0|0
185|https://repl.it/@jasminehinds/RectangularSurefootedFlatassembler|Repl.it - RectangularSurefootedFlatassembler|2|0|13192153825045545|0|0
186|http://summer2019.compclub.com.au/day4_files/results_html|CompClub 2019 Summer Workshops|1|0|13192153825492544|0|0
187|https://summer2019.compclub.com.au/day4_files/results_html|CompClub 2019 Summer Workshops|1|0|13192153825492544|0|0
188|http://summer2019.compclub.com.au/day4_files/index_css|CompClub 2019 Summer Workshops|1|0|13192153832515718|0|0
189|https://summer2019.compclub.com.au/day4_files/index_css|CompClub 2019 Summer Workshops|1|0|13192153832515718|0|0
190|https://repl.it/logout|Repl.it - Log In|2|0|13192242069133729|0|0
191|https://repl.it/login?goto=%2Frepls|Repl.it - Log In|4|0|13192242069407827|0|0
192|https://repl.it/auth/google/get?close=1|Forwarding ...|1|0|13192154031018642|0|0
193|https://accounts.google.com/o/oauth2/v2/auth?access_type=offline&response_type=code&redirect_uri=https%3A%2F%2Frepl.it%2Fauth%2Fgoogle%2Fcallback&scope=email%20profile&state=close%3D1&client_id=551333139604-3e6vevagfdvcipqacu0qtfbpkb6285h9.apps.googleusercontent.com|Forwarding ...|1|0|13192154031018642|0|0
194|https://accounts.google.com/signin/oauth?client_id=551333139604-3e6vevagfdvcipqacu0qtfbpkb6285h9.apps.googleusercontent.com&as=iskyDW41lB3bzCWE_9aM1w&destination=https://repl.it&approval_state=!ChRwd1c5N0R1dk8tMzJvZlhkSjJMNRIfMF92SnU3eG9uYzBVOEhuU1JuY2dubW9PdHhPUGhSWQ%E2%88%99APNbktkAAAAAXEEMLnD7Lt6KTwT2h7yFgATAUxT5tYN9&oauthgdpr=1&xsrfsig=ChkAeAh8T2-GXyb3yk06_ee2JjvmrtuyhUGqEg5hcHByb3ZhbF9zdGF0ZRILZGVzdGluYXRpb24SBXNvYWN1Eg9vYXV0aHJpc2t5c2NvcGU|Sign in – Google accounts|3|0|13192154031884765|0|0
195|https://accounts.google.com/signin/oauth/identifier?client_id=551333139604-3e6vevagfdvcipqacu0qtfbpkb6285h9.apps.googleusercontent.com&as=iskyDW41lB3bzCWE_9aM1w&destination=https%3A%2F%2Frepl.it&approval_state=!ChRwd1c5N0R1dk8tMzJvZlhkSjJMNRIfMF92SnU3eG9uYzBVOEhuU1JuY2dubW9PdHhPUGhSWQ%E2%88%99APNbktkAAAAAXEEMLnD7Lt6KTwT2h7yFgATAUxT5tYN9&oauthgdpr=1&xsrfsig=ChkAeAh8T2-GXyb3yk06_ee2JjvmrtuyhUGqEg5hcHByb3ZhbF9zdGF0ZRILZGVzdGluYXRpb24SBXNvYWN1Eg9vYXV0aHJpc2t5c2NvcGU&flowName=GeneralOAuthFlow||1|0|13192154031986738|0|0
196|https://accounts.google.com/signin/v2/challenge/pwd?client_id=551333139604-3e6vevagfdvcipqacu0qtfbpkb6285h9.apps.googleusercontent.com&as=iskyDW41lB3bzCWE_9aM1w&destination=https%3A%2F%2Frepl.it&approval_state=!ChRwd1c5N0R1dk8tMzJvZlhkSjJMNRIfMF92SnU3eG9uYzBVOEhuU1JuY2dubW9PdHhPUGhSWQ%E2%88%99APNbktkAAAAAXEEMLnD7Lt6KTwT2h7yFgATAUxT5tYN9&oauthgdpr=1&xsrfsig=ChkAeAh8T2-GXyb3yk06_ee2JjvmrtuyhUGqEg5hcHByb3ZhbF9zdGF0ZRILZGVzdGluYXRpb24SBXNvYWN1Eg9vYXV0aHJpc2t5c2NvcGU&flowName=GeneralOAuthFlow&TL=AHnYQLxFBV7NceVVb2Oq-m4bvuQOiy72PR1UzxWqEJ3uCA3jdLVg5opjywKKYQYs4VXrtPnI-pJlImtafcH2mBi9yiNGmZcGd1hzQsdRy2_3xgsFD92A93tlgArVXQh7RJEDIaNhHel2s-W6ruOVlqaqE_Xix4u8lU0uAX5LOCEIHQenTcsSVxs&cid=1&navigationDirection=forward||1|0|13192154039593350|0|0
197|https://accounts.google.com/CheckCookie?hl=en-GB&checkedDomains=youtube&checkConnection=youtube%3A245%3A0&chtml=LoginDoneHtml&service=lso&continue=https%3A%2F%2Faccounts.google.com%2Fsignin%2Foauth%2Fconsent%3Fauthuser%3Dunknown%26part%3DAJi8hANNnwdWqgOLce3FWjULN_Ww1TH6tEZJtgsdflGew_gZpOFU-anTZjwv2ky-cEhkkNWGEIHhAx6UBOkBxZpaaIgWBTsiER5qdyQVH4fQv4Hgj24GmxytzAnX2xUw0Ebjd7Ogjefo6HGXnm5PGd30NHyvhlMvLSb_PU0lgjwFry80e0AUeu5Q7TZPIvJxm5wCGQ-LyUqJfPZZG68tAUWovBdiE4STAG2W4J7s9Ylreohz42n0u789BJmKdin_ewcRvP3HIyAd7BU5l8wpkwLzeaQJbhR9RexEgvaHpyguSXD49v5DKNwSlPR8NicXbw008rtryExdCbBgyzXq3iyC0IcfLUdM43W4We4jtNQl93jcRRok9uNnCTlobXvtl9Ihl_bWYxrQHt75RJGT4L7H-IUhmyCeq5-viE9KneBxt7FGDMrFdhQ%26as%3DiskyDW41lB3bzCWE_9aM1w%26rapt%3DAEjHL4N3LnmDoCJF_TSQJi8bhSE04NVHC6nAVuLHR1o4F13vFkLo6t4pruUMAPw8hNT9Vvyi2ZltDF2jQkyzcdML0HYPiANWgA%23&gidl=EgIIAA|Redirecting|1|0|13192154073734778|0|0
198|https://accounts.youtube.com/accounts/SetSID?ssdc=1&sidt=ALWU2csrtFGh1xqrRLx0TEK8kifSJbU9IXBnhBoKR%2Fyt5DQqjFvtrYFSt0vWFXMYoFjZiLTcOIS3B0k4qYABAyiyAOIqOsCAubYhtwAmzinyc6L7Mexz22s0o7vgk1Dhdd1H7fLS1tMFj4Jv4qZ6edB12Bt7ee6FIpvULnKNeWR4F6li0O6MZHhQb7yKY4pl%2BShqO7pGkvVLFWYys4iPJqd77IjJ8kAL1Sjh%2BwDIwUWtjbHTNOLLLCvOGIUs%2BX42Fb%2BtonlVyyWU&continue=https%3A%2F%2Faccounts.google.com%2Fsignin%2Foauth%2Fconsent%3Fauthuser%3D0%26part%3DAJi8hANNnwdWqgOLce3FWjULN_Ww1TH6tEZJtgsdflGew_gZpOFU-anTZjwv2ky-cEhkkNWGEIHhAx6UBOkBxZpaaIgWBTsiER5qdyQVH4fQv4Hgj24GmxytzAnX2xUw0Ebjd7Ogjefo6HGXnm5PGd30NHyvhlMvLSb_PU0lgjwFry80e0AUeu5Q7TZPIvJxm5wCGQ-LyUqJfPZZG68tAUWovBdiE4STAG2W4J7s9Ylreohz42n0u789BJmKdin_ewcRvP3HIyAd7BU5l8wpkwLzeaQJbhR9RexEgvaHpyguSXD49v5DKNwSlPR8NicXbw008rtryExdCbBgyzXq3iyC0IcfLUdM43W4We4jtNQl93jcRRok9uNnCTlobXvtl9Ihl_bWYxrQHt75RJGT4L7H-IUhmyCeq5-viE9KneBxt7FGDMrFdhQ%26as%3DiskyDW41lB3bzCWE_9aM1w%26rapt%3DAEjHL4N3LnmDoCJF_TSQJi8bhSE04NVHC6nAVuLHR1o4F13vFkLo6t4pruUMAPw8hNT9Vvyi2ZltDF2jQkyzcdML0HYPiANWgA%26auth%3D9gaYwrqVG3Nv6UvnS_EjnxkKHfF8SJc5QXDHuslUdLAOPQqs8wSYs3QjIeviUAB996LWYQ.%23&dbus=AU|Redirecting|1|0|13192154073734778|0|0
199|https://accounts.google.com.au/accounts/SetSID?ssdc=1&sidt=ALWU2ctViKJh/h6NWRrQElVCTiAX%2BE1rWG/DlRibcgNY4flMEgzMOzsAaG%2Bh8ZyjWXTUCqdMnZF62HENA6VoWC1rnMXR0xdzBGtMUQl9U34R/ZXRPc4C8rCSLrkkzqcjXbYWI1pCY%2Bxknn5lYzxzfFAawFx7h1deTt1iL8VP3znS0jb6wP9C3T4V9H8A/SxxFcvrCvnB1%2BI1zmTYKV6b62WMYUNSXAVlQATq6Jm0IX%2BFdgZQMC4ucF%2BkIRJ0xRe5b1/tRgqGBgLQ&continue=https://accounts.google.com/signin/oauth/consent?authuser%3D0%26part%3DAJi8hANNnwdWqgOLce3FWjULN_Ww1TH6tEZJtgsdflGew_gZpOFU-anTZjwv2ky-cEhkkNWGEIHhAx6UBOkBxZpaaIgWBTsiER5qdyQVH4fQv4Hgj24GmxytzAnX2xUw0Ebjd7Ogjefo6HGXnm5PGd30NHyvhlMvLSb_PU0lgjwFry80e0AUeu5Q7TZPIvJxm5wCGQ-LyUqJfPZZG68tAUWovBdiE4STAG2W4J7s9Ylreohz42n0u789BJmKdin_ewcRvP3HIyAd7BU5l8wpkwLzeaQJbhR9RexEgvaHpyguSXD49v5DKNwSlPR8NicXbw008rtryExdCbBgyzXq3iyC0IcfLUdM43W4We4jtNQl93jcRRok9uNnCTlobXvtl9Ihl_bWYxrQHt75RJGT4L7H-IUhmyCeq5-viE9KneBxt7FGDMrFdhQ%26as%3DiskyDW41lB3bzCWE_9aM1w%26rapt%3DAEjHL4N3LnmDoCJF_TSQJi8bhSE04NVHC6nAVuLHR1o4F13vFkLo6t4pruUMAPw8hNT9Vvyi2ZltDF2jQkyzcdML0HYPiANWgA%26auth%3D9gaYwrqVG3Nv6UvnS_EjnxkKHfF8SJc5QXDHuslUdLAOPQqs8wSYs3QjIeviUAB996LWYQ.%23|Redirecting|1|0|13192154073734778|0|0
200|https://accounts.google.com.au/accounts/SetSID||1|0|13192154073759955|0|0
201|https://accounts.google.com/signin/oauth/consent?authuser=0&part=AJi8hANNnwdWqgOLce3FWjULN_Ww1TH6tEZJtgsdflGew_gZpOFU-anTZjwv2ky-cEhkkNWGEIHhAx6UBOkBxZpaaIgWBTsiER5qdyQVH4fQv4Hgj24GmxytzAnX2xUw0Ebjd7Ogjefo6HGXnm5PGd30NHyvhlMvLSb_PU0lgjwFry80e0AUeu5Q7TZPIvJxm5wCGQ-LyUqJfPZZG68tAUWovBdiE4STAG2W4J7s9Ylreohz42n0u789BJmKdin_ewcRvP3HIyAd7BU5l8wpkwLzeaQJbhR9RexEgvaHpyguSXD49v5DKNwSlPR8NicXbw008rtryExdCbBgyzXq3iyC0IcfLUdM43W4We4jtNQl93jcRRok9uNnCTlobXvtl9Ihl_bWYxrQHt75RJGT4L7H-IUhmyCeq5-viE9KneBxt7FGDMrFdhQ&as=iskyDW41lB3bzCWE_9aM1w&rapt=AEjHL4N3LnmDoCJF_TSQJi8bhSE04NVHC6nAVuLHR1o4F13vFkLo6t4pruUMAPw8hNT9Vvyi2ZltDF2jQkyzcdML0HYPiANWgA&auth=9gaYwrqVG3Nv6UvnS_EjnxkKHfF8SJc5QXDHuslUdLAOPQqs8wSYs3QjIeviUAB996LWYQ.#||1|0|13192154076700094|0|0
202|https://accounts.google.com/signin/oauth/consent?authuser=0&part=AJi8hANNnwdWqgOLce3FWjULN_Ww1TH6tEZJtgsdflGew_gZpOFU-anTZjwv2ky-cEhkkNWGEIHhAx6UBOkBxZpaaIgWBTsiER5qdyQVH4fQv4Hgj24GmxytzAnX2xUw0Ebjd7Ogjefo6HGXnm5PGd30NHyvhlMvLSb_PU0lgjwFry80e0AUeu5Q7TZPIvJxm5wCGQ-LyUqJfPZZG68tAUWovBdiE4STAG2W4J7s9Ylreohz42n0u789BJmKdin_ewcRvP3HIyAd7BU5l8wpkwLzeaQJbhR9RexEgvaHpyguSXD49v5DKNwSlPR8NicXbw008rtryExdCbBgyzXq3iyC0IcfLUdM43W4We4jtNQl93jcRRok9uNnCTlobXvtl9Ihl_bWYxrQHt75RJGT4L7H-IUhmyCeq5-viE9KneBxt7FGDMrFdhQ&as=iskyDW41lB3bzCWE_9aM1w&rapt=AEjHL4N3LnmDoCJF_TSQJi8bhSE04NVHC6nAVuLHR1o4F13vFkLo6t4pruUMAPw8hNT9Vvyi2ZltDF2jQkyzcdML0HYPiANWgA#||1|0|13192154076700094|0|0
203|https://repl.it/auth/google/callback?state=close%3D1&code=4%2F1QDqSIASJruEOWmfUiKuF9f4yshri34Q4dueTtygxAAcKV15ahCiNONgOCcoWIhehOmpufM7YqezZgKsvEgsyVQ&scope=email+profile+https%3A%2F%2Fwww.googleapis.com%2Fauth%2Fuserinfo.email+https%3A%2F%2Fwww.googleapis.com%2Fauth%2Fuserinfo.profile#||1|0|13192154076700094|0|0
204|https://repl.it/auth/close#||1|0|13192154076700094|0|0
205|https://repl.it/languages/html|Repl.it - WarpedSingleAdmin|1|0|13192154091352845|0|0
206|https://repl.it/@GiulianaDe/WarpedSingleAdmin|Repl.it - WarpedSingleAdmin|2|0|13192154092624961|0|0
207|https://repl.it/@GiulianaDe/ImpossibleSweetParameters?folderId=|Repl.it - ImpossibleSweetParameters|1|0|13192154123381806|0|0
208|https://www.google.com/search?q=bootstrap+css&oq=bootstrap+css&aqs=chrome..69i57j0l5.3224j0j7&sourceid=chrome&ie=UTF-8|bootstrap css - Google Search|1|0|13192154988676852|0|0
209|https://getbootstrap.com/docs/3.4/css/|CSS · Bootstrap|1|0|13192154992127751|0|0
210|https://getbootstrap.com/|Bootstrap · The most popular HTML, CSS, and JS library in the world.|1|0|13192154996140149|0|0
211|https://www.w3schools.com/bootstrap/bootstrap_ref_all_classes.asp|Bootstrap All CSS Classes|1|0|13192154998845179|0|0
212|https://www.w3schools.com/bootstrap/default.asp|Bootstrap 3 Tutorial|1|0|13192155131458966|0|0
213|https://www.google.com/search?q=what+is+flask&oq=what+is+flask&aqs=chrome..69i57j0l5.4464j0j7&sourceid=chrome&ie=UTF-8|what is flask - Google Search|2|0|13192155694103281|0|0
214|http://flask.pocoo.org/|Welcome | Flask (A Python Microframework)|1|0|13192155675497080|0|0
215|https://pymbook.readthedocs.io/en/latest/flask.html|Introduction to Flask — Python for you and me 0.3.alpha1 documentation|1|0|13192155697787639|0|0
216|https://impossiblesweetparameters--giulianade.repl.co/||10|0|13192158692978723|1|0
217|https://www.google.com/search?q=w3+schools&oq=w3+schools+&aqs=chrome..69i57j0l5.2624j0j7&sourceid=chrome&ie=UTF-8|w3 schools - Google Search|1|0|13192156464422502|0|0
218|https://www.w3schools.com/|W3Schools Online Web Tutorials|1|0|13192156466069295|0|0
219|https://www.w3schools.com/html/default.asp|HTML Tutorial|2|0|13192157559480401|0|0
220|https://www.w3schools.com/html/html_css.asp|HTML CSS|2|0|13192156785003162|0|0
221|https://www.w3schools.com/html/html_colors.asp|HTML Colors|1|0|13192156693329819|0|0
222|https://www.w3schools.com/html/html_styles.asp|HTML Styles|1|0|13192156708507893|0|0
223|https://www.w3schools.com/html/html_classes.asp|HTML Classes|1|0|13192156786314135|0|0
224|https://www.google.com/search?q=submit+button+css&oq=submit+button+css&aqs=chrome..69i57j0l5.6055j0j4&sourceid=chrome&ie=UTF-8|submit button css - Google Search|1|0|13192156819472356|0|0
225|https://www.w3schools.com/css/css3_buttons.asp|CSS Buttons|1|0|13192156825834356|0|0
226|https://www.google.com/search?q=globe+png&oq=globe+png&aqs=chrome..69i57j0l5.2664j0j7&sourceid=chrome&ie=UTF-8|globe png - Google Search|1|0|13192157483593467|0|0
227|https://www.google.com/search?q=globe+png&source=lnms&tbm=isch&sa=X&ved=0ahUKEwjL9t3gw_PfAhWXUn0KHe1nA28Q_AUIDigB&biw=1920&bih=942|globe png - Google Search|2|0|13192157493173279|0|0
228|https://www.google.com/search?q=globe+png&source=lnms&tbm=isch&sa=X&ved=0ahUKEwjL9t3gw_PfAhWXUn0KHe1nA28Q_AUIDigB&biw=1920&bih=942#imgrc=zCjIDQ9grRGnVM:||1|0|13192157493174628|0|0
229|https://www.google.com/search?biw=1920&bih=942&tbm=isch&sa=1&ei=Lsg_XLn9OIn2rQGOh53AAg&q=qorld+png&oq=qorld+png&gs_l=img.3...17074.19840..19998...0.0..3.240.2206.0j14j1......1....1..gws-wiz-img.....0..0i67j0j0i10i67j0i10j0i10i24.PG1v3pEU-SI|qorld png - Google Search|2|0|13192157512331486|0|0
230|https://www.google.com/search?biw=1920&bih=942&tbm=isch&sa=1&ei=Lsg_XLn9OIn2rQGOh53AAg&q=qorld+png&oq=qorld+png&gs_l=img.3...17074.19840..19998...0.0..3.240.2206.0j14j1......1....1..gws-wiz-img.....0..0i67j0j0i10i67j0i10j0i10i24.PG1v3pEU-SI#imgrc=8670LqIGDOaoYM:||1|0|13192157512334173|0|0
231|https://www.google.com/search?biw=1920&bih=942&tbm=isch&sa=1&ei=Lsg_XLn9OIn2rQGOh53AAg&q=qorld+png&oq=qorld+png&gs_l=img.3...17074.19840..19998...0.0..3.240.2206.0j14j1......1....1..gws-wiz-img.....0..0i67j0j0i10i67j0i10j0i10i24.PG1v3pEU-SI#imgrc=eiecjEioTzLgMM:||1|0|13192157519806429|0|0
232|https://www.w3schools.com/html/html_images.asp|HTML Images|1|0|13192157563753504|0|0
233|https://www.google.com/url?sa=i&source=images&cd=&cad=rja&uact=8&ved=2ahUKEwjqyZPyw_PfAhVGfX0KHWTFCNEQjRx6BAgBEAU&url=https%3A%2F%2Fwww.freeiconspng.com%2Fimages%2Fworld-map-png&psig=AOvVaw1-1Zh4g-L8nP1d76-N97_w&ust=1547770308171318|World Map Transparent PNG Pictures - Free Icons and PNG Backgrounds|1|0|13192157757001147|0|0
234|https://www.freeiconspng.com/images/world-map-png|World Map Transparent PNG Pictures - Free Icons and PNG Backgrounds|1|0|13192157757001147|0|0
235|https://www.google.com/search?q=how+to+center+an+image&oq=how+to+center+an+im&aqs=chrome.0.0j69i57j0l4.2976j0j7&sourceid=chrome&ie=UTF-8|how to center an image - Google Search|1|0|13192158185900048|0|0
236|https://www.w3schools.com/howto/howto_css_image_center.asp|How To Center an Image|1|0|13192158188379239|0|0
237|https://impossiblesweetparameters--giulianade.repl.co/results||10|0|13192158692978723|1|0
238|https://www.google.com/search?q=hover+colour+css&oq=hover+colour&aqs=chrome.0.0j69i57j0l4.2943j0j4&sourceid=chrome&ie=UTF-8|hover colour css - Google Search|1|0|13192158417576371|0|0
239|https://www.thesitewizard.com/css/links-mouseover.shtml|How to Make Your Links Change Colour When a Mouse Hovers Over It (Using CSS) (thesitewizard.com)|1|0|13192158423994545|0|0
240|https://www.google.com/search?q=grey+hover+hex&oq=grey+hover+hex&aqs=chrome..69i57.3471j0j7&sourceid=chrome&ie=UTF-8|grey hover hex - Google Search|1|0|13192158487434692|0|0
241|https://www.december.com/html/spec/color0.html|Neutrals Hex Color Codes: Hexadecimal codes for named colors used in HTML page features|1|0|13192158490675484|0|0
242|https://repl.it/@GiulianaDe/MundaneNeglectedDrupal|Repl.it - MundaneNeglectedDrupal|4|0|13192164152630700|0|0
243|https://repl.it/@GiulianaDe|Repl.it - GiulianaDe (Giuliana De)|2|0|13192160446177663|0|0
244|https://repl.it/@GiulianaDe/ImpossibleSweetParameters|Repl.it - ImpossibleSweetParameters|2|0|13192160457037497|0|0
245|https://mundaneneglecteddrupal--giulianade.repl.co/results||63|0|13192174488731630|1|0
246|https://mundaneneglecteddrupal--giulianade.repl.co/||33|0|13192174488731630|1|0
247|https://www.google.com/search?q=ip+logger&oq=ip+logger&aqs=chrome..69i57j0l5.2831j0j7&sourceid=chrome&ie=UTF-8|ip logger - Google Search|1|0|13192161252344947|0|0
248|https://grabify.link/|Grabify IP Logger|1|0|13192161265067513|0|0
249|https://iplogger.org/|IP Logger URL Shortener - Log and Track IP addresses|1|0|13192161268055463|0|0
250|https://iplogger.org/logger/tsfzyszXnaV4/tab=info/|Your IPLogger|1|0|13192161290428597|0|0
251|https://www.google.com/search?q=ip+location&oq=ip+loca&aqs=chrome.0.0j69i57j0l4.3255j0j4&sourceid=chrome&ie=UTF-8|ip location - Google Search|1|0|13192161314176302|0|0
252|https://www.iplocation.net/|IP Location Finder - Geolocation|3|0|13192163770857953|0|0
253|http://www.arin.net/|American Registry for Internet Numbers (ARIN)|1|0|13192161344609195|0|0
254|https://www.arin.net/|American Registry for Internet Numbers (ARIN)|1|0|13192161344609195|0|0
255|https://www.google.com/search?q=location+of+ip+address+that+starts+with+66.&oq=location+of+ip+address+that+starts+with+66.&aqs=chrome..69i57j0.8928j0j7&sourceid=chrome&ie=UTF-8|location of ip address that starts with 66. - Google Search|1|0|13192161361066705|0|0
256|https://www.ip-tracker.org/ip-to-country.php|IP To Country | IP-Tracker.org|1|0|13192161365383576|0|0
257|https://www.iplocation.net/?query=66.35.60.177|IP Location Finder - Geolocation|1|0|13192161367807200|0|0
258|http://www.infosniper.net/|Locate IP Address Lookup Show on Map City of the IP 129.94.209.61|1|0|13192161368432731|0|0
259|http://api.ipstack.com/|apilayer - Automate What Should Be Automated|1|1|13192161712243463|0|0
260|https://apilayer.com/|apilayer - Automate What Should Be Automated|1|0|13192161712243463|0|0
261|https://ipstack.com/|ipstack - Free IP Geolocation API|1|0|13192161734948389|0|0
262|https://www.google.com/search?q=light+blue+hex&oq=light+blue+hex&aqs=chrome..69i57j0l4.4568j0j7&sourceid=chrome&ie=UTF-8|light blue hex - Google Search|1|0|13192162108509011|0|0
263|https://www.computerhope.com/htmcolor.htm|HTML color codes and names|1|0|13192162116519544|0|0
264|https://www.google.com/search?q=hex+colours&oq=hex+colours&aqs=chrome.0.0l6.8551j0j4&sourceid=chrome&ie=UTF-8|hex colours - Google Search|1|0|13192162155488264|0|0
265|https://www.rapidtables.com/web/color/html-color-codes.html|HTML Color Codes Chart|1|0|13192162159415990|0|0
266|https://www.google.com/search?q=shadow+text+css&oq=shadow+text+css&aqs=chrome.0.0l6.2464j0j4&sourceid=chrome&ie=UTF-8|shadow text css - Google Search|2|0|13192162335574911|0|0
267|https://www.w3schools.com/cssref/css3_pr_text-shadow.asp|CSS text-shadow property|1|0|13192162295388542|0|0
268|https://www.google.com/search?ei=9do_XJ_aLsyvyAO_naHYDg&q=shadow+text+blur+css&oq=shadow+text+blur+css&gs_l=psy-ab.3..0i8i30l4.6038.6963..7206...0.0..0.204.730.0j4j1......0....1..gws-wiz.......0i71j35i304i39j0i7i30j0i13j0i8i7i30j0i13i30j0i13i5i30.Bkt11Qs3-z0|shadow text blur css - Google Search|1|0|13192162343229179|0|0
269|https://www.w3schools.com/css/css3_shadows.asp|CSS Shadow Effects|1|0|13192162344716979|0|0
270|https://www.google.com/search?q=hight+grey+hex&oq=hight+grey+hex&aqs=chrome..69i57j0l5.2072j0j4&sourceid=chrome&ie=UTF-8|hight grey hex - Google Search|1|0|13192162379434498|0|0
271|https://www.w3schools.com/colors/colors_shades.asp|HTML Color Shades|1|0|13192162382493259|0|0
272|https://www.google.com/search?q=form+styling&oq=form+styling&aqs=chrome.0.0l6.1879j0j4&sourceid=chrome&ie=UTF-8|form styling - Google Search|1|0|13192162446469622|0|0
273|https://www.w3schools.com/css/css_form.asp|CSS Forms|1|0|13192162448144213|0|0
274|https://www.w3schools.com/css/tryit.asp?filename=trycss_forms|Tryit Editor v3.6|1|0|13192162452158887|0|0
275|https://www.google.com/search?q=how+to+make+input+text+longer+html&oq=how+to+make+input+text+longer+html&aqs=chrome..69i57.5951j0j4&sourceid=chrome&ie=UTF-8|how to make input text longer html - Google Search|1|0|13192162989761798|0|0
276|https://stackoverflow.com/questions/33828542/how-to-make-the-input-text-wider|html - How to make the input text wider - Stack Overflow|1|0|13192162991704135|0|0
277|https://www.google.com/search?q=how+to+pring+text+to+front+html&oq=how+to+pring+text+to+front+html&aqs=chrome..69i57.6688j0j4&sourceid=chrome&ie=UTF-8|how to pring text to front html - Google Search|2|0|13192163223586855|0|0
278|https://www.w3schools.com/howto/howto_css_image_text.asp|How To Position Text Over an Image|2|0|13192163225800525|0|0
279|https://www.w3schools.com/python/default.asp|Python Tutorial|1|0|13192163636246527|0|0
280|https://www.w3schools.com/python/python_json.asp|Python JSON|1|0|13192163646892703|0|0
281|https://www.ip-tracker.org/ip-to-country.php?ip=66.220.144.0|IP To Country | IP-Tracker.org|1|0|13192163730152338|0|0
282|https://www.google.com/search?q=find+where+this+ip+address+is&oq=find+where+this+ip&aqs=chrome.1.69i57j0l5.4216j0j4&sourceid=chrome&ie=UTF-8|find where this ip address is - Google Search|1|0|13192163756084035|0|0
283|https://www.google.com/search?q=google+map+api&oq=google+map+api&aqs=chrome.0.0l6.4176j0j7&sourceid=chrome&ie=UTF-8|google map api - Google Search|1|0|13192164418244237|0|0
284|https://cloud.google.com/maps-platform/|Geo-location APIs  |  Google Maps Platform  |  Google Cloud|1|0|13192164421903764|0|0
285|https://cloud.google.com/maps-platform/?apis=maps||1|0|13192164430900788|0|0
286|https://console.cloud.google.com/billing/enable?consoleReturnUrl=https%3A%2F%2Fcloud.google.com%2Fmaps-platform%2F%3Fapis%3Dmaps%26project%3Dmy-project-1547690838954&redirect=https%3A%2F%2Fconsole.cloud.google.com%2Fgoogle%2Fmaps-apis%2Fonboard%3Fservices%3Dmaps-backend.googleapis.com%252Cstatic-maps-backend.googleapis.com%252Cstreet-view-image-backend.googleapis.com%252Cmaps-android-backend.googleapis.com%252Cmaps-ios-backend.googleapis.com%252Cstreetviewpublish.googleapis.com%252Cmaps-embed-backend.googleapis.com%26consoleUI%3DCLOUD%26project%3Dmy-project-1547690838954&redirectOnCancel=https%3A%2F%2Fcloud.google.com%2Fmaps-platform%2F%3Fapis%3Dmaps%26project%3Dmy-project-1547690838954&project=my-project-1547690838954&consoleUI=MAPS|Google Cloud Platform|1|0|13192164448296391|0|0
287|https://accounts.google.com/ServiceLogin?service=cloudconsole&passive=1209600&osid=1&continue=https://console.cloud.google.com/billing/enable?consoleReturnUrl%3Dhttps://cloud.google.com/maps-platform/?apis%253Dmaps%2526project%253Dmy-project-1547690838954%26redirect%3Dhttps://console.cloud.google.com/google/maps-apis/onboard?services%253Dmaps-backend.googleapis.com%25252Cstatic-maps-backend.googleapis.com%25252Cstreet-view-image-backend.googleapis.com%25252Cmaps-android-backend.googleapis.com%25252Cmaps-ios-backend.googleapis.com%25252Cstreetviewpublish.googleapis.com%25252Cmaps-embed-backend.googleapis.com%2526consoleUI%253DCLOUD%2526project%253Dmy-project-1547690838954%26redirectOnCancel%3Dhttps://cloud.google.com/maps-platform/?apis%253Dmaps%2526project%253Dmy-project-1547690838954%26project%3Dmy-project-1547690838954%26consoleUI%3DMAPS&followup=https://console.cloud.google.com/billing/enable?consoleReturnUrl%3Dhttps://cloud.google.com/maps-platform/?apis%253Dmaps%2526project%253Dmy-project-1547690838954%26redirect%3Dhttps://console.cloud.google.com/google/maps-apis/onboard?services%253Dmaps-backend.googleapis.com%25252Cstatic-maps-backend.googleapis.com%25252Cstreet-view-image-backend.googleapis.com%25252Cmaps-android-backend.googleapis.com%25252Cmaps-ios-backend.googleapis.com%25252Cstreetviewpublish.googleapis.com%25252Cmaps-embed-backend.googleapis.com%2526consoleUI%253DCLOUD%2526project%253Dmy-project-1547690838954%26redirectOnCancel%3Dhttps://cloud.google.com/maps-platform/?apis%253Dmaps%2526project%253Dmy-project-1547690838954%26project%3Dmy-project-1547690838954%26consoleUI%3DMAPS&authuser=0|Google Cloud Platform|1|0|13192164448296391|0|0
288|https://console.cloud.google.com/accounts/SetOSID?authuser=0&continue=https%3A%2F%2Fconsole.cloud.google.com%2Fbilling%2Fenable%3FconsoleReturnUrl%3Dhttps%253A%252F%252Fcloud.google.com%252Fmaps-platform%252F%253Fapis%253Dmaps%2526project%253Dmy-project-1547690838954%26redirect%3Dhttps%253A%252F%252Fconsole.cloud.google.com%252Fgoogle%252Fmaps-apis%252Fonboard%253Fservices%253Dmaps-backend.googleapis.com%25252Cstatic-maps-backend.googleapis.com%25252Cstreet-view-image-backend.googleapis.com%25252Cmaps-android-backend.googleapis.com%25252Cmaps-ios-backend.googleapis.com%25252Cstreetviewpublish.googleapis.com%25252Cmaps-embed-backend.googleapis.com%2526consoleUI%253DCLOUD%2526project%253Dmy-project-1547690838954%26redirectOnCancel%3Dhttps%253A%252F%252Fcloud.google.com%252Fmaps-platform%252F%253Fapis%253Dmaps%2526project%253Dmy-project-1547690838954%26project%3Dmy-project-1547690838954%26consoleUI%3DMAPS%26pli%3D1&osidt=ALWU2ctfhdaAyfcH465j7Fg_JTosS066RnkKdt1CRy5lRX783jvlu6_xjwKAqi1WCrsiLUr9Wwok_d5pUmVROITyLWUx8t1XUVRDotUs8aVCplkUyRYK1rAmsnXWOhOJJ-WT_RGInHpC|Google Cloud Platform|1|0|13192164448296391|0|0
289|https://console.cloud.google.com/billing/enable?consoleReturnUrl=https://cloud.google.com/maps-platform/?apis%3Dmaps%26project%3Dmy-project-1547690838954&redirect=https://console.cloud.google.com/google/maps-apis/onboard?services%3Dmaps-backend.googleapis.com%252Cstatic-maps-backend.googleapis.com%252Cstreet-view-image-backend.googleapis.com%252Cmaps-android-backend.googleapis.com%252Cmaps-ios-backend.googleapis.com%252Cstreetviewpublish.googleapis.com%252Cmaps-embed-backend.googleapis.com%26consoleUI%3DCLOUD%26project%3Dmy-project-1547690838954&redirectOnCancel=https://cloud.google.com/maps-platform/?apis%3Dmaps%26project%3Dmy-project-1547690838954&project=my-project-1547690838954&consoleUI=MAPS&pli=1|Google Cloud Platform|1|0|13192164448296391|0|0
290|https://console.cloud.google.com/billing/enable?consoleReturnUrl=https:%2F%2Fcloud.google.com%2Fmaps-platform%2F%3Fapis%3Dmaps%26project%3Dmy-project-1547690838954&redirect=https:%2F%2Fconsole.cloud.google.com%2Fgoogle%2Fmaps-apis%2Fonboard%3Fservices%3Dmaps-backend.googleapis.com%252Cstatic-maps-backend.googleapis.com%252Cstreet-view-image-backend.googleapis.com%252Cmaps-android-backend.googleapis.com%252Cmaps-ios-backend.googleapis.com%252Cstreetviewpublish.googleapis.com%252Cmaps-embed-backend.googleapis.com%26consoleUI%3DCLOUD%26project%3Dmy-project-1547690838954&redirectOnCancel=https:%2F%2Fcloud.google.com%2Fmaps-platform%2F%3Fapis%3Dmaps%26project%3Dmy-project-1547690838954&project=my-project-1547690838954&consoleUI=MAPS&pli=1|Enabling billing - Maps API console|3|0|13192164450076565|0|0
291|https://console.cloud.google.com/billing/create?redirectPath=https:%2F%2Fconsole.cloud.google.com%2Fgoogle%2Fmaps-apis%2Fonboard%3Fservices%3Dmaps-backend.googleapis.com%252Cstatic-maps-backend.googleapis.com%252Cstreet-view-image-backend.googleapis.com%252Cmaps-android-backend.googleapis.com%252Cmaps-ios-backend.googleapis.com%252Cstreetviewpublish.googleapis.com%252Cmaps-embed-backend.googleapis.com%26consoleUI%3DCLOUD%26project%3Dmy-project-1547690838954&project=143294213063&consoleReturnUrl=https:%2F%2Fcloud.google.com%2Fmaps-platform%2F%3Fapis%3Dmaps%26project%3Dmy-project-1547690838954&consoleUI=MAPS||1|0|13192164455782073|0|0
292|https://console.cloud.google.com/billing/create?redirectPath=https:%2F%2Fconsole.cloud.google.com%2Fgoogle%2Fmaps-apis%2Fonboard%3Fservices%3Dmaps-backend.googleapis.com%252Cstatic-maps-backend.googleapis.com%252Cstreet-view-image-backend.googleapis.com%252Cmaps-android-backend.googleapis.com%252Cmaps-ios-backend.googleapis.com%252Cstreetviewpublish.googleapis.com%252Cmaps-embed-backend.googleapis.com%26consoleUI%3DCLOUD%26project%3Dmy-project-1547690838954&project=my-project-1547690838954&consoleReturnUrl=https:%2F%2Fcloud.google.com%2Fmaps-platform%2F%3Fapis%3Dmaps%26project%3Dmy-project-1547690838954&consoleUI=MAPS||2|0|13192164455803532|0|0
293|https://console.cloud.google.com/freetrial?project=143294213063&redirectPath=https:%2F%2Fconsole.cloud.google.com%2Fgoogle%2Fmaps-apis%2Fonboard%3Fservices%3Dmaps-backend.googleapis.com%252Cstatic-maps-backend.googleapis.com%252Cstreet-view-image-backend.googleapis.com%252Cmaps-android-backend.googleapis.com%252Cmaps-ios-backend.googleapis.com%252Cstreetviewpublish.googleapis.com%252Cmaps-embed-backend.googleapis.com%26consoleUI%3DCLOUD%26project%3Dmy-project-1547690838954&consoleReturnUrl=https:%2F%2Fcloud.google.com%2Fmaps-platform%2F%3Fapis%3Dmaps%26project%3Dmy-project-1547690838954&consoleUI=MAPS||1|0|13192164456255239|0|0
294|https://console.cloud.google.com/freetrial?project=my-project-1547690838954&redirectPath=https:%2F%2Fconsole.cloud.google.com%2Fgoogle%2Fmaps-apis%2Fonboard%3Fservices%3Dmaps-backend.googleapis.com%252Cstatic-maps-backend.googleapis.com%252Cstreet-view-image-backend.googleapis.com%252Cmaps-android-backend.googleapis.com%252Cmaps-ios-backend.googleapis.com%252Cstreetviewpublish.googleapis.com%252Cmaps-embed-backend.googleapis.com%26consoleUI%3DCLOUD%26project%3Dmy-project-1547690838954&consoleReturnUrl=https:%2F%2Fcloud.google.com%2Fmaps-platform%2F%3Fapis%3Dmaps%26project%3Dmy-project-1547690838954&consoleUI=MAPS|Free Trial – My Project – Maps API Console|4|0|13192164486736793|0|0
295|https://console.cloud.google.com/freetrial/signup/0?project=my-project-1547690838954&redirectPath=https:%2F%2Fconsole.cloud.google.com%2Fgoogle%2Fmaps-apis%2Fonboard%3Fservices%3Dmaps-backend.googleapis.com%252Cstatic-maps-backend.googleapis.com%252Cstreet-view-image-backend.googleapis.com%252Cmaps-android-backend.googleapis.com%252Cmaps-ios-backend.googleapis.com%252Cstreetviewpublish.googleapis.com%252Cmaps-embed-backend.googleapis.com%26consoleUI%3DCLOUD%26project%3Dmy-project-1547690838954&consoleReturnUrl=https:%2F%2Fcloud.google.com%2Fmaps-platform%2F%3Fapis%3Dmaps%26project%3Dmy-project-1547690838954&consoleUI=MAPS|Free Trial – My Project – Maps API Console|4|0|13192164488056648|0|0
296|https://console.cloud.google.com/freetrial/signup/1?project=my-project-1547690838954&redirectPath=https:%2F%2Fconsole.cloud.google.com%2Fgoogle%2Fmaps-apis%2Fonboard%3Fservices%3Dmaps-backend.googleapis.com%252Cstatic-maps-backend.googleapis.com%252Cstreet-view-image-backend.googleapis.com%252Cmaps-android-backend.googleapis.com%252Cmaps-ios-backend.googleapis.com%252Cstreetviewpublish.googleapis.com%252Cmaps-embed-backend.googleapis.com%26consoleUI%3DCLOUD%26project%3Dmy-project-1547690838954&consoleReturnUrl=https:%2F%2Fcloud.google.com%2Fmaps-platform%2F%3Fapis%3Dmaps%26project%3Dmy-project-1547690838954&consoleUI=MAPS||3|0|13192164486759982|0|0
297|https://www.google.com/search?q=how+to+display+inputted+location+on+google+map+html&oq=how+to+display+inputted+location+on+google+map+html&aqs=chrome..69i57.17655j0j4&sourceid=chrome&ie=UTF-8|how to display inputted location on google map html - Google Search|1|0|13192164507825219|0|0
298|https://developers.google.com/maps/documentation/javascript/examples/places-searchbox|Places Search Box  |  Maps JavaScript API  |  Google Developers|1|0|13192164511641620|0|0
299|https://developers.google.com/maps/documentation/javascript/adding-a-google-map|Adding a Google Map with a Marker to Your Website  |  Maps JavaScript API  |  Google Developers|2|0|13192164811587898|0|0
300|https://stackoverflow.com/questions/29755621/how-to-use-google-maps-to-pinpoint-a-location-as-a-html-form-input|javascript - How to use google maps to pinpoint a location as a html form input? - Stack Overflow|1|0|13192164516551532|0|0
301|https://developers.google.com/maps/documentation/javascript/tutorial|Overview  |  Maps JavaScript API  |  Google Developers|1|0|13192164540318851|0|0
302|https://developers.google.com/maps/documentation/javascript/get-api-key|Get API Key  |  Maps JavaScript API  |  Google Developers|1|0|13192164758286525|0|0
303|https://www.google.com/search?q=pewdiepie&oq=pewdiepie&aqs=chrome..69i57j35i39l2j0l3.2000j0j7&sourceid=chrome&ie=UTF-8|pewdiepie - Google Search|1|0|13192168236465137|0|0
304|https://www.youtube.com/channel/UC-lHJZR3Gqxm24_Vd_AJ5Yw|YouTube|3|0|13192168262612351|0|0
305|https://www.youtube.com/user/PewDiePie/videos||1|0|13192168262614858|0|0
306|https://www.youtube.com/user/PewDiePie/featured||1|0|13192168275376162|0|0
307|https://www.youtube.com/|YouTube|1|0|13192168277486774|0|0
308|https://www.google.com/search?q=ip+address&oq=ip+add&aqs=chrome.0.0j69i57j0l4.1119j0j7&sourceid=chrome&ie=UTF-8|ip address - Google Search|1|0|13192168338255974|0|0
309|https://developers.google.com/maps/documentation/javascript/directions|Directions Service  |  Maps JavaScript API  |  Google Developers|1|0|13192168356202075|0|0
310|https://developers.google.com/maps/documentation/javascript/trafficlayer|Traffic, Transit, and Bicycling Layers  |  Maps JavaScript API  |  Google Developers|1|0|13192168832177180|0|0
311|https://www.google.com/search?q=dialogue+box+for+required+field+html&oq=dialogue+box+for+required+field+html&aqs=chrome..69i57.6704j0j7&sourceid=chrome&ie=UTF-8|dialogue box for required field html - Google Search|1|0|13192169076472541|0|0
312|https://www.w3schools.com/tags/att_input_required.asp|HTML input required Attribute|1|0|13192169078363342|0|0
313|https://www.google.com/search?q=style+please+fill+out+this+field&oq=how+to+style+please+fill+out+this&aqs=chrome.1.69i57j0.7200j0j4&sourceid=chrome&ie=UTF-8|style please fill out this field - Google Search|1|0|13192169140395454|0|0
314|https://forum.webflow.com/t/how-to-style-please-fill-out-this-field-for-form/55023|https://forum.webflow.com/t/how-to-style-please-fill-out-this-field-for-form/55023|3|0|13192169144087319|0|0
315|https://forum.webflow.com/t/how-to-style-please-fill-out-this-field-for-form/55023/3||1|0|13192169167440434|0|0
316|https://forum.webflow.com/t/how-to-style-please-fill-out-this-field-for-form/55023/4||1|0|13192169172395185|0|0
317|https://forum.webflow.com/t/how-to-style-please-fill-out-this-field-for-form/55023/5||1|0|13192169174127813|0|0
318|https://developers.google.com/maps/documentation/javascript/layers|Layers  |  Maps JavaScript API  |  Google Developers|1|0|13192169184658764|0|0
319|https://www.google.com/search?q=ip+v6&oq=ip+v6&aqs=chrome..69i57j0l5.2215j0j7&sourceid=chrome&ie=UTF-8|ip v6 - Google Search|1|0|13192170244712174|0|0
320|https://en.wikipedia.org/wiki/IPv6|IPv6 - Wikipedia|1|0|13192170247486475|0|0
321|https://www.google.com/search?q=does+ipstack+work+with+ipv6&oq=does+ipstack+work+with+ipv6&aqs=chrome..69i57.6167j0j4&sourceid=chrome&ie=UTF-8|does ipstack work with ipv6 - Google Search|1|0|13192170316637589|0|0
322|https://ipstack.com/documentation|API Documentation - ipstack|2|0|13192172403677807|0|0
323|https://www.google.com/search?q=w3+schools+forms&oq=w3+schools+forms&aqs=chrome..69i57j35i39j0l4.3056j0j7&sourceid=chrome&ie=UTF-8|w3 schools forms - Google Search|1|0|13192171280510982|0|0
324|https://www.w3schools.com/html/html_forms.asp|HTML Forms|1|0|13192171282241047|0|0
325|https://www.w3schools.com/html/html_form_elements.asp|HTML Form Elements|1|0|13192171306739759|0|0
326|https://www.w3schools.com/html/tryit.asp?filename=tryhtml_elem_output|Tryit Editor v3.6|1|0|13192171333104486|0|0
327|https://www.w3schools.com/tags/tag_input.asp|HTML input tag|1|0|13192171376236068|0|0
328|https://www.w3schools.com/jsref/dom_obj_number.asp|HTML DOM Input Number Object|1|0|13192171388297221|0|0
329|https://www.google.com/search?q=money+converter+api&oq=money+converter+api&aqs=chrome..69i57j0l5.6399j0j7&sourceid=chrome&ie=UTF-8|money converter api - Google Search|1|0|13192172925325879|0|0
330|https://fixer.io/|Foreign exchange rates and currency conversion API|1|0|13192172930218653|0|0
331|https://stackoverflow.com/questions/3139879/how-do-i-get-currency-exchange-rates-via-an-api-such-as-google-finance|How do I get currency exchange rates via an API such as Google Finance? - Stack Overflow|1|0|13192172931562025|0|0
332|http://free.currencyconverterapi.com/api/v5/convert?q=EUR_USD&compact=y||1|0|13192172941899042|0|0
333|https://fixer.io/product|Pricing Plans - Fixer|1|0|13192173188977878|0|0
334|https://fixer.io/signup/free|Quickstart Guide | fixer API|2|0|13192173261850691|0|0
335|https://fixer.io/signin?email_address=giulianadbe@gmail.com&one_time_signin_key=f63a078b393dd47c6e91be2338d1bf4e&redirect_url=https://fixer.io/quickstart|Quickstart Guide | fixer API|1|0|13192173261850691|0|0
336|https://fixer.io/quickstart|Quickstart Guide | fixer API|1|0|13192173261850691|0|0
337|http://data.fixer.io/api/latest?access_key=ba7d6b6af79a5a5c83ed65304784dfc9&format=1||1|0|13192173392304668|0|0
338|https://fixer.io/usage|Usage Statistics | fixer API|1|0|13192173466757550|0|0
339|https://fixer.io/documentation|API Documentation - Fixer|1|0|13192173469838157|0|0
340|https://www.google.com/search?q=what+is+a+currency+rate&oq=what+is+a+currency+rate&aqs=chrome..69i57j0l5.6560j0j7&sourceid=chrome&ie=UTF-8|what is a currency rate - Google Search|1|0|13192173966155799|0|0
341|https://www.investopedia.com/terms/e/exchangerate.asp|Exchange Rate|1|0|13192173973650879|0|0
342|https://fixer.io/dashboard|Account Dashboard | fixer API|1|0|13192174460424673|0|0
343|https://fixer.io/plan|Subscription Plan | fixer API|1|0|13192174462091762|0|0
344|https://docs.google.com/presentation/d/1kyRsC1-PMJu4UndE6psUHJHuTHX7W6cuYRod1jq3QJY|CSE CompClub 2019 Summer - Security Day - Google Slides|1|0|13192241959558867|0|0
345|https://docs.google.com/presentation/d/1kyRsC1-PMJu4UndE6psUHJHuTHX7W6cuYRod1jq3QJY/|CSE CompClub 2019 Summer - Security Day - Google Slides|1|0|13192241959558867|0|0
346|https://docs.google.com/presentation/d/1kyRsC1-PMJu4UndE6psUHJHuTHX7W6cuYRod1jq3QJY/edit|CSE CompClub 2019 Summer - Security Day - Google Slides|2|0|13192241960268735|0|0
347|https://docs.google.com/presentation/d/1kyRsC1-PMJu4UndE6psUHJHuTHX7W6cuYRod1jq3QJY/edit#slide=id.p1||1|0|13192241963426426|0|0
348|https://docs.google.com/presentation/d/1ykIUm1xAKMforvTPeqvXMdC4DZlnWOg604ekaybhiOs|SecTalk | HTTP(S) Security - Google Slides|1|0|13192241973925885|0|0
349|https://docs.google.com/presentation/d/1ykIUm1xAKMforvTPeqvXMdC4DZlnWOg604ekaybhiOs/|SecTalk | HTTP(S) Security - Google Slides|1|0|13192241973925885|0|0
350|https://docs.google.com/presentation/d/1ykIUm1xAKMforvTPeqvXMdC4DZlnWOg604ekaybhiOs/edit|SecTalk | HTTP(S) Security - Google Slides|2|0|13192241974421604|0|0
351|https://docs.google.com/presentation/d/1ykIUm1xAKMforvTPeqvXMdC4DZlnWOg604ekaybhiOs/edit#slide=id.p3||2|0|13192242289976363|0|0
352|https://docs.google.com/presentation/d/1kyRsC1-PMJu4UndE6psUHJHuTHX7W6cuYRod1jq3QJY/edit#slide=id.p3||1|0|13192241981831106|0|0
353|https://docs.google.com/presentation/d/1kyRsC1-PMJu4UndE6psUHJHuTHX7W6cuYRod1jq3QJY/edit#slide=id.g4c07aed684_0_2||1|0|13192241982419652|0|0
354|https://docs.google.com/presentation/d/1kyRsC1-PMJu4UndE6psUHJHuTHX7W6cuYRod1jq3QJY/edit#slide=id.g4891b805bc_0_5||1|0|13192241984022920|0|0
355|https://docs.google.com/presentation/d/1kyRsC1-PMJu4UndE6psUHJHuTHX7W6cuYRod1jq3QJY/edit#slide=id.g4be45cc0c3_1_44||1|0|13192241984593620|0|0
356|https://docs.google.com/presentation/d/1kyRsC1-PMJu4UndE6psUHJHuTHX7W6cuYRod1jq3QJY/edit#slide=id.g4c0372a315_0_100||2|0|13192241998394693|0|0
357|https://docs.google.com/presentation/d/1kyRsC1-PMJu4UndE6psUHJHuTHX7W6cuYRod1jq3QJY/edit#slide=id.g4c21576342_0_10||1|0|13192241994711331|0|0
358|https://docs.google.com/presentation/d/1kyRsC1-PMJu4UndE6psUHJHuTHX7W6cuYRod1jq3QJY/edit#slide=id.g4c0372a315_0_109||1|0|13192242001046661|0|0
359|https://docs.google.com/presentation/d/1kyRsC1-PMJu4UndE6psUHJHuTHX7W6cuYRod1jq3QJY/edit#slide=id.g542d65370a8faa59_11||1|0|13192242003809053|0|0
360|https://docs.google.com/presentation/d/1kyRsC1-PMJu4UndE6psUHJHuTHX7W6cuYRod1jq3QJY/edit#slide=id.g445c8f4c5882998c_15||1|0|13192242015567951|0|0
361|https://docs.google.com/presentation/d/1kyRsC1-PMJu4UndE6psUHJHuTHX7W6cuYRod1jq3QJY/edit#slide=id.g4be45cc0c3_1_95||1|0|13192242018148186|0|0
362|https://docs.google.com/presentation/d/1kyRsC1-PMJu4UndE6psUHJHuTHX7W6cuYRod1jq3QJY/edit#slide=id.g4be45cc0c3_1_104||1|0|13192242019438503|0|0
363|https://docs.google.com/presentation/d/1kyRsC1-PMJu4UndE6psUHJHuTHX7W6cuYRod1jq3QJY/edit#slide=id.g4d8f0f26c2_0_6||3|0|13192242039411549|0|0
364|https://docs.google.com/presentation/d/1kyRsC1-PMJu4UndE6psUHJHuTHX7W6cuYRod1jq3QJY/edit#slide=id.g4d61f71165_0_100||1|0|13192242033204574|0|0
365|https://docs.google.com/presentation/d/1kyRsC1-PMJu4UndE6psUHJHuTHX7W6cuYRod1jq3QJY/edit#slide=id.g4c21576342_0_68||1|0|13192242037488924|0|0
366|https://docs.google.com/presentation/d/1kyRsC1-PMJu4UndE6psUHJHuTHX7W6cuYRod1jq3QJY/edit#slide=id.g4c21576342_0_42||1|0|13192242038352675|0|0
367|https://docs.google.com/presentation/d/1kyRsC1-PMJu4UndE6psUHJHuTHX7W6cuYRod1jq3QJY/edit#slide=id.g4d923ccbc0_0_92||1|0|13192242044015464|0|0
368|https://repl.it/@jasminehinds/HarshMustyLines?folderId=|Repl.it - HarshMustyLines|1|0|13192242101426319|0|0
369|https://docs.google.com/presentation/d/1kyRsC1-PMJu4UndE6psUHJHuTHX7W6cuYRod1jq3QJY/edit#slide=id.g4d923ccbc0_0_106||1|0|13192242114709240|0|0
370|https://docs.google.com/presentation/d/1kyRsC1-PMJu4UndE6psUHJHuTHX7W6cuYRod1jq3QJY/edit#slide=id.g4c21576342_0_61||6|0|13192242400187624|0|0
371|https://docs.google.com/presentation/d/1kyRsC1-PMJu4UndE6psUHJHuTHX7W6cuYRod1jq3QJY/edit#slide=id.g445c8f4c5882998c_36||4|0|13192242312913532|0|0
372|https://docs.google.com/presentation/d/1kyRsC1-PMJu4UndE6psUHJHuTHX7W6cuYRod1jq3QJY/edit#slide=id.g558a456a7dbd0e14_3||1|0|13192242122998104|0|0
373|https://docs.google.com/presentation/d/1kyRsC1-PMJu4UndE6psUHJHuTHX7W6cuYRod1jq3QJY/edit#slide=id.g445c8f4c5882998c_53||1|0|13192242124766165|0|0
374|https://docs.google.com/presentation/d/1kyRsC1-PMJu4UndE6psUHJHuTHX7W6cuYRod1jq3QJY/edit#slide=id.g4c07aed684_0_70||6|0|13192244115578717|0|0
375|https://docs.google.com/presentation/d/1kyRsC1-PMJu4UndE6psUHJHuTHX7W6cuYRod1jq3QJY/edit#slide=id.g4d61f71165_0_10||5|0|13192244491142560|0|0
376|https://docs.google.com/presentation/d/1ykIUm1xAKMforvTPeqvXMdC4DZlnWOg604ekaybhiOs/edit#slide=id.g487950190f_0_11||1|0|13192242288889324|0|0
377|https://docs.google.com/presentation/d/1ykIUm1xAKMforvTPeqvXMdC4DZlnWOg604ekaybhiOs/edit#slide=id.g487950190f_0_59||1|0|13192242289272004|0|0
378|https://docs.google.com/presentation/d/1ykIUm1xAKMforvTPeqvXMdC4DZlnWOg604ekaybhiOs/edit#slide=id.g4978d0c231_0_4||1|0|13192242290363760|0|0
379|https://repl.it/talk|Repl.it - Posts|2|0|13192242306188784|0|0
380|https://repl.it/@jasminehinds/LesserSignifiedBeings|Repl.it - LesserSignifiedBeings|1|0|13192242311812542|0|0
381|https://docs.google.com/presentation/d/1kyRsC1-PMJu4UndE6psUHJHuTHX7W6cuYRod1jq3QJY/edit#slide=id.g4d61f71165_0_50||5|0|13192244491646378|0|0
382|https://docs.google.com/presentation/d/1kyRsC1-PMJu4UndE6psUHJHuTHX7W6cuYRod1jq3QJY/edit#slide=id.g4d61f71165_0_70||5|0|13192244509092337|0|0
383|https://docs.google.com/presentation/d/1kyRsC1-PMJu4UndE6psUHJHuTHX7W6cuYRod1jq3QJY/edit#slide=id.g4d61f71165_0_80||5|0|13192244510238362|0|0
384|https://docs.google.com/presentation/d/1kyRsC1-PMJu4UndE6psUHJHuTHX7W6cuYRod1jq3QJY/edit#slide=id.g4d61f71165_0_90||6|0|13192244510686544|0|0
385|https://docs.google.com/presentation/d/1kyRsC1-PMJu4UndE6psUHJHuTHX7W6cuYRod1jq3QJY/edit#slide=id.g4d61f71165_0_116||6|0|13192244511139415|0|0
386|https://docs.google.com/presentation/d/1kyRsC1-PMJu4UndE6psUHJHuTHX7W6cuYRod1jq3QJY/edit#slide=id.g4d61f71165_0_125||6|0|13192244512308536|0|0
387|https://docs.google.com/presentation/d/1kyRsC1-PMJu4UndE6psUHJHuTHX7W6cuYRod1jq3QJY/edit#slide=id.g4d923ccbc0_0_23||6|0|13192244514932598|0|0
388|https://docs.google.com/presentation/d/1kyRsC1-PMJu4UndE6psUHJHuTHX7W6cuYRod1jq3QJY/edit#slide=id.g4d923ccbc0_0_39||7|0|13192244516732367|0|0
389|https://docs.google.com/presentation/d/1kyRsC1-PMJu4UndE6psUHJHuTHX7W6cuYRod1jq3QJY/edit#slide=id.g4d923ccbc0_0_66||6|0|13192244518730602|0|0
390|https://docs.google.com/presentation/d/1kyRsC1-PMJu4UndE6psUHJHuTHX7W6cuYRod1jq3QJY/edit#slide=id.g4d923ccbc0_0_55||2|0|13192244961078626|0|0
391|https://docs.google.com/presentation/d/1kyRsC1-PMJu4UndE6psUHJHuTHX7W6cuYRod1jq3QJY/edit#slide=id.g4d923ccbc0_0_123||2|0|13192245798100558|0|0
