2019-01-18 00:58:16|https://www.mozilla.org/privacy/firefox/
2019-01-18 00:58:16|https://www.mozilla.org/en-US/privacy/firefox/
2019-01-18 00:58:21|http://ctf.compclub.com.au/
2019-01-18 00:58:21|https://ctf.compclub.com.au/
2019-01-18 00:58:21|https://ctf.compclub.com.au/invite?next=%2F
2019-01-18 00:58:21|https://ctf.compclub.com.au/invite/
2019-01-18 03:39:18|https://www.google.com/search?q=slitherio&ie=utf-8&oe=utf-8&client=firefox-b-ab
2019-01-18 03:39:21|http://slither.io/
2019-01-18 04:02:23|https://tinyurl.com/CompclubSSS
2019-01-18 04:02:24|https://goo.gl/forms/botU4y0EHarywQeB3
2019-01-18 04:02:24|https://docs.google.com/forms/d/e/1FAIpQLSeTbnbww0Wz7bkuKacSlAFMckT5D3S74bvcZOOiqB7uI7TgZg/viewform?usp=send_form
2019-01-18 04:02:25|https://docs.google.com/forms/d/e/1FAIpQLSeTbnbww0Wz7bkuKacSlAFMckT5D3S74bvcZOOiqB7uI7TgZg/viewform
2019-01-18 04:04:18|http://summer2019.compclub.com.au/
2019-01-18 04:04:18|https://summer2019.compclub.com.au/
2019-01-18 04:04:38|https://docs.google.com/forms/d/e/1FAIpQLSeTbnbww0Wz7bkuKacSlAFMckT5D3S74bvcZOOiqB7uI7TgZg/viewform?fbzx=638422699597887708
2019-01-18 04:08:04|https://summer2019.compclub.com.au/day3
1|http://summer2019.compclub.com.au/|Welcome to the CompClub Summer Spy School | CompClub 2019 Summer Workshops|1|1|13192242019162483|0|0
2|https://summer2019.compclub.com.au/|Welcome to the CompClub Summer Spy School | CompClub 2019 Summer Workshops|1|0|13192242019162483|0|0
3|https://summer2019.compclub.com.au/day5|CompClub 2019 Summer Workshops|2|0|13192242033336034|0|0
4|https://docs.google.com/presentation/d/1kyRsC1-PMJu4UndE6psUHJHuTHX7W6cuYRod1jq3QJY|CSE CompClub 2019 Summer - Security Day - Google Slides|2|0|13192242041079175|0|0
5|https://docs.google.com/presentation/d/1kyRsC1-PMJu4UndE6psUHJHuTHX7W6cuYRod1jq3QJY/|CSE CompClub 2019 Summer - Security Day - Google Slides|2|0|13192242041079175|0|0
6|https://docs.google.com/presentation/d/1kyRsC1-PMJu4UndE6psUHJHuTHX7W6cuYRod1jq3QJY/edit|CSE CompClub 2019 Summer - Security Day - Google Slides|4|0|13192242041522363|0|0
7|https://docs.google.com/presentation/d/1ykIUm1xAKMforvTPeqvXMdC4DZlnWOg604ekaybhiOs|SecTalk | HTTP(S) Security - Google Slides|1|0|13192242038729462|0|0
8|https://docs.google.com/presentation/d/1ykIUm1xAKMforvTPeqvXMdC4DZlnWOg604ekaybhiOs/|SecTalk | HTTP(S) Security - Google Slides|1|0|13192242038729462|0|0
9|https://docs.google.com/presentation/d/1ykIUm1xAKMforvTPeqvXMdC4DZlnWOg604ekaybhiOs/edit|SecTalk | HTTP(S) Security - Google Slides|2|0|13192242039195484|0|0
10|https://summer2019.compclub.com.au/day5/code|CompClub 2019 Summer Workshops|1|0|13192242040567052|0|0
11|https://docs.google.com/presentation/d/1ykIUm1xAKMforvTPeqvXMdC4DZlnWOg604ekaybhiOs/edit#slide=id.p3||1|0|13192242041436290|0|0
12|https://repl.it/@featherbear/LesserSignifiedBeings|Repl.it - LesserSignifiedBeings|3|0|13192242639871567|0|0
13|https://docs.google.com/presentation/d/1kyRsC1-PMJu4UndE6psUHJHuTHX7W6cuYRod1jq3QJY/edit#slide=id.p1||1|0|13192242045167104|0|0
14|https://docs.google.com/presentation/d/1kyRsC1-PMJu4UndE6psUHJHuTHX7W6cuYRod1jq3QJY/edit#slide=id.g4c21576342_0_61||1|0|13192242089258074|0|0
15|https://docs.google.com/presentation/d/1kyRsC1-PMJu4UndE6psUHJHuTHX7W6cuYRod1jq3QJY/edit#slide=id.g445c8f4c5882998c_36||1|0|13192242094154120|0|0
16|https://docs.google.com/presentation/d/1kyRsC1-PMJu4UndE6psUHJHuTHX7W6cuYRod1jq3QJY/edit#slide=id.g558a456a7dbd0e14_3||2|0|13192242104691954|0|0
17|https://docs.google.com/presentation/d/1kyRsC1-PMJu4UndE6psUHJHuTHX7W6cuYRod1jq3QJY/edit#slide=id.g445c8f4c5882998c_53||3|0|13192243530443633|0|0
18|https://docs.google.com/presentation/d/1kyRsC1-PMJu4UndE6psUHJHuTHX7W6cuYRod1jq3QJY/edit#slide=id.g4c07aed684_0_70||4|0|13192243529164701|0|0
19|https://docs.google.com/presentation/d/1kyRsC1-PMJu4UndE6psUHJHuTHX7W6cuYRod1jq3QJY/edit#slide=id.g4d61f71165_0_10||4|0|13192243528624709|0|0
20|https://docs.google.com/presentation/d/1kyRsC1-PMJu4UndE6psUHJHuTHX7W6cuYRod1jq3QJY/edit#slide=id.g4d61f71165_0_50||3|0|13192243528246374|0|0
21|https://repl.it/|Repl.it - The world's leading online coding platform|2|1|13192242133190486|0|0
22|https://repl.it/login|Repl.it - Log In|2|0|13192242136883292|0|0
23|https://repl.it/repls|https://repl.it/repls|1|0|13192242152801117|0|0
24|https://docs.google.com/presentation/d/1kyRsC1-PMJu4UndE6psUHJHuTHX7W6cuYRod1jq3QJY/edit#slide=id.p2||1|0|13192242395095172|0|0
25|https://docs.google.com/presentation/d/1kyRsC1-PMJu4UndE6psUHJHuTHX7W6cuYRod1jq3QJY/edit#slide=id.g3d022b32ae_0_5||1|0|13192242396655440|0|0
26|https://docs.google.com/presentation/d/1ykIUm1xAKMforvTPeqvXMdC4DZlnWOg604ekaybhiOs/edit#slide=id.g4978d0c231_0_4||1|0|13192242462873279|0|0
27|https://docs.google.com/presentation/d/1ykIUm1xAKMforvTPeqvXMdC4DZlnWOg604ekaybhiOs/edit#slide=id.g487950190f_0_59||1|0|13192242464666670|0|0
28|https://docs.google.com/presentation/d/1ykIUm1xAKMforvTPeqvXMdC4DZlnWOg604ekaybhiOs/edit#slide=id.g487950190f_0_38||1|0|13192242465290784|0|0
29|https://docs.google.com/presentation/d/1ykIUm1xAKMforvTPeqvXMdC4DZlnWOg604ekaybhiOs/edit#slide=id.g487950190f_0_50||1|0|13192242465932965|0|0
30|https://docs.google.com/presentation/d/1kyRsC1-PMJu4UndE6psUHJHuTHX7W6cuYRod1jq3QJY/edit#slide=id.g4c07aed684_0_2||1|0|13192242476520590|0|0
31|https://repl.it/@Purple_Lemur_13/LesserSignifiedBeings-1|Repl.it - LesserSignifiedBeings-1|2|0|13192242642225846|0|0
32|https://docs.google.com/presentation/d/1kyRsC1-PMJu4UndE6psUHJHuTHX7W6cuYRod1jq3QJY/edit#slide=id.g4d61f71165_0_70||2|0|13192243148993068|0|0
33|https://docs.google.com/presentation/d/1kyRsC1-PMJu4UndE6psUHJHuTHX7W6cuYRod1jq3QJY/edit#slide=id.g4d61f71165_0_80||3|0|13192244218570697|0|0
34|https://docs.google.com/presentation/d/1kyRsC1-PMJu4UndE6psUHJHuTHX7W6cuYRod1jq3QJY/edit#slide=id.g4d61f71165_0_90||2|0|13192243188871077|0|0
35|https://docs.google.com/presentation/d/1kyRsC1-PMJu4UndE6psUHJHuTHX7W6cuYRod1jq3QJY/edit#slide=id.g4d61f71165_0_116||4|0|13192243861084858|0|0
36|https://docs.google.com/presentation/d/1kyRsC1-PMJu4UndE6psUHJHuTHX7W6cuYRod1jq3QJY/edit#slide=id.g4d923ccbc0_0_23||4|0|13192244221871852|0|0
37|https://docs.google.com/presentation/d/1kyRsC1-PMJu4UndE6psUHJHuTHX7W6cuYRod1jq3QJY/edit#slide=id.g4d61f71165_0_125||3|0|13192244220185987|0|0
38|https://docs.google.com/presentation/d/1kyRsC1-PMJu4UndE6psUHJHuTHX7W6cuYRod1jq3QJY/edit#slide=id.g4d923ccbc0_0_39||4|0|13192244402395407|0|0
39|https://docs.google.com/presentation/d/1kyRsC1-PMJu4UndE6psUHJHuTHX7W6cuYRod1jq3QJY/edit#slide=id.g4d923ccbc0_0_66||2|0|13192244402882698|0|0
40|https://docs.google.com/presentation/d/1kyRsC1-PMJu4UndE6psUHJHuTHX7W6cuYRod1jq3QJY/edit#slide=id.g4d923ccbc0_0_55||1|0|13192243924334769|0|0
41|https://docs.google.com/presentation/d/1kyRsC1-PMJu4UndE6psUHJHuTHX7W6cuYRod1jq3QJY/edit#slide=id.g4d923ccbc0_0_131||22|0|13192243948242495|0|0
42|https://docs.google.com/presentation/d/1kyRsC1-PMJu4UndE6psUHJHuTHX7W6cuYRod1jq3QJY/edit#slide=id.g4d923ccbc0_0_123||1|0|13192243927024854|0|0
43|https://docs.google.com/presentation/d/1kyRsC1-PMJu4UndE6psUHJHuTHX7W6cuYRod1jq3QJY/edit#slide=id.g4c0372a315_0_60||20|0|13192243948017570|0|0
44|https://docs.google.com/presentation/d/1kyRsC1-PMJu4UndE6psUHJHuTHX7W6cuYRod1jq3QJY/edit#slide=id.g4d8f0f26c2_0_17||1|0|13192244212673445|0|0
45|https://www.google.com/search?q=narwhal&oq=narwhal&aqs=chrome..69i57j0l5.1504j0j7&sourceid=chrome&ie=UTF-8|narwhal - Google Search|1|0|13192244948949216|0|0
