2019-01-07 02:56:00|https://www.mozilla.org/privacy/firefox/
2019-01-07 02:56:00|https://www.mozilla.org/en-US/privacy/firefox/
2019-01-07 02:56:04|http://aframe.io/
2019-01-07 02:56:05|https://aframe.io/
2019-01-07 02:56:31|https://aframe.io/examples/showcase/snowglobe/
2019-01-07 02:56:40|https://aframe.io/examples/showcase/super-says/
2019-01-07 02:57:19|https://aframe.io/examples/showcase/videosphere/
2019-01-07 02:57:28|https://aframe.io/examples/showcase/hello-metaverse/
2019-01-07 02:57:34|https://aframe.io/examples/showcase/helloworld/
2019-01-07 03:00:02|http://aframe.io/
2019-01-07 03:00:02|https://aframe.io/
2019-01-07 03:00:06|https://aframe.io/examples/showcase/helloworld/
2019-01-07 03:00:12|https://glitch.com/~aframe
2019-01-07 03:00:24|https://glitch.com/edit/#!/remix/aframe
2019-01-07 03:00:27|https://glitch.com/edit/#!/
2019-01-07 03:00:27|https://glitch.com/edit/#!/steep-grasshopper
2019-01-07 03:03:29|https://glitch.com/edit/#!/steep-grasshopper?path=index.html:17:7
2019-01-07 03:03:55|https://steep-grasshopper.glitch.me/
2019-01-07 03:19:15|https://glitch.com/edit/#!/steep-grasshopper?path=index.html:19:14
2019-01-07 03:19:16|https://steep-grasshopper.glitch.me/
2019-01-07 03:20:24|https://steep-grasshopper.glitch.me/
2019-01-07 03:20:24|https://steep-grasshopper.glitch.me/
2019-01-07 03:20:26|https://glitch.com/edit/#!/steep-grasshopper?path=index.html:13:29
2019-01-07 03:21:02|https://steep-grasshopper.glitch.me/
2019-01-07 03:21:04|https://steep-grasshopper.glitch.me/
2019-01-07 03:21:06|https://steep-grasshopper.glitch.me/
2019-01-07 03:21:06|https://steep-grasshopper.glitch.me/
2019-01-07 03:21:07|https://glitch.com/edit/#!/steep-grasshopper?path=index.html:11:75
2019-01-07 03:21:27|https://steep-grasshopper.glitch.me/
2019-01-07 03:21:30|https://steep-grasshopper.glitch.me/
2019-01-07 03:21:37|https://steep-grasshopper.glitch.me/
2019-01-07 03:21:38|https://steep-grasshopper.glitch.me/
2019-01-07 03:21:42|https://steep-grasshopper.glitch.me/
2019-01-07 03:21:44|https://steep-grasshopper.glitch.me/
2019-01-07 03:21:44|https://steep-grasshopper.glitch.me/
2019-01-07 03:21:45|https://steep-grasshopper.glitch.me/
2019-01-07 03:21:47|https://steep-grasshopper.glitch.me/
2019-01-07 03:21:49|https://steep-grasshopper.glitch.me/
2019-01-07 03:21:49|https://glitch.com/edit/#!/steep-grasshopper?path=index.html:30:14
2019-01-07 03:21:55|https://steep-grasshopper.glitch.me/
2019-01-07 03:21:56|https://steep-grasshopper.glitch.me/
2019-01-07 03:21:57|https://steep-grasshopper.glitch.me/
2019-01-07 03:21:58|https://steep-grasshopper.glitch.me/
2019-01-07 03:22:08|https://steep-grasshopper.glitch.me/
2019-01-07 03:22:09|https://glitch.com/edit/#!/steep-grasshopper?path=index.html:29:14
2019-01-07 03:22:15|https://steep-grasshopper.glitch.me/
2019-01-07 03:22:15|https://glitch.com/edit/#!/steep-grasshopper?path=index.html:21:88
2019-01-07 03:22:28|https://steep-grasshopper.glitch.me/
2019-01-07 03:22:30|https://steep-grasshopper.glitch.me/
2019-01-07 03:22:31|https://glitch.com/edit/#!/steep-grasshopper?path=index.html:21:97
2019-01-07 03:22:31|https://steep-grasshopper.glitch.me/
2019-01-07 03:23:11|https://steep-grasshopper.glitch.me/
2019-01-07 03:23:17|https://steep-grasshopper.glitch.me/
2019-01-07 03:23:22|https://steep-grasshopper.glitch.me/
2019-01-07 03:23:23|https://steep-grasshopper.glitch.me/
2019-01-07 03:23:25|https://glitch.com/edit/#!/steep-grasshopper?path=index.html:21:101
2019-01-17 23:53:18|https://www.google.com/search?q=python+getintinput&ie=utf-8&oe=utf-8&client=firefox-b-ab
2019-01-17 23:53:28|https://www.google.com/search?client=firefox-b-ab&ei=bhVBXPaxD9GhyAP9vYSIBA&q=python3+getintinput&oq=python3+getintinput&gs_l=psy-ab.3..0i13l3j0i13i30j0i8i13i30j0i8i13i10i30l2.8171.8171..8992...0.0..0.134.134.0j1......0....1..gws-wiz.......0i71.v2l-onQEB0g
2019-01-17 23:53:32|https://stackoverflow.com/q/28369736
2019-01-17 23:53:33|https://stackoverflow.com/questions/28369736/python-3-4-user-input
2019-01-18 00:24:09|https://www.google.com/search?q=pillow+image+resize&ie=utf-8&oe=utf-8&client=firefox-b-ab
2019-01-18 00:24:16|https://pillow.readthedocs.io/en/3.1.x/reference/Image.html
2019-01-18 01:00:42|http://ctf.compclub.com.au/
2019-01-18 01:00:42|https://ctf.compclub.com.au/
2019-01-18 01:00:42|https://ctf.compclub.com.au/invite?next=%2F
2019-01-18 01:00:42|https://ctf.compclub.com.au/invite/
2019-01-18 01:12:48|https://ctf.compclub.com.au/
2019-01-18 01:15:59|https://www.google.com/search?q=md5+unencrypt&ie=utf-8&oe=utf-8&client=firefox-b-ab
2019-01-18 01:16:14|https://www.md5online.org/md5-decrypt.html
2019-01-18 01:19:49|http://summer2019.compclub.com.au/
2019-01-18 01:19:49|https://summer2019.compclub.com.au/
2019-01-18 01:19:51|https://summer2019.compclub.com.au/day2
2019-01-18 01:22:45|https://ctf.compclub.com.au/
2019-01-18 01:23:48|https://www.google.com/search?q=rot13+solver&ie=utf-8&oe=utf-8&client=firefox-b-ab
2019-01-18 01:23:50|https://www.rot13.com/
2019-01-18 01:25:22|https://www.google.com/search?q=interleave+solver&ie=utf-8&oe=utf-8&client=firefox-b-ab
2019-01-18 01:25:34|https://featherbear.github.io/UNSW-CompClub2019Summer-SecurityWorkshop/ctf_files/compclub_log.pcap
2019-01-18 01:25:39|https://featherbear.github.io/UNSW-CompClub2019Summer-SecurityWorkshop/ctf_files/compclub_log.pcap
2019-01-18 01:27:45|https://featherbear.github.io/UNSW-CompClub2019Summer-SecurityWorkshop/ctf_files/compclub_log.pcap
2019-01-18 01:27:46|https://featherbear.github.io/UNSW-CompClub2019Summer-SecurityWorkshop/ctf_files/compclub_log.pcap
2019-01-18 01:30:08|https://www.youtube.com/watch?v=eaK5_eJRzmA
2019-01-18 01:31:43|http://repl.it/@ziggangelo/MammothPlumFormay
2019-01-18 01:31:44|https://repl.it/@ziggangelo/MammothPlumFormay
2019-01-18 01:31:48|https://repl.it/@ziggangelo/MammothPlumFormat
2019-01-18 01:32:00|https://repl.it/@ziggangelo/MammothPlumFormats
2019-01-18 01:36:03|https://www.google.com/search?q=nearest+4+star+hotel&ie=utf-8&oe=utf-8&client=firefox-b-ab
2019-01-18 01:36:12|https://ctf.compclub.com.au/
2019-01-18 01:36:43|https://www.google.com/search?q=base64+to+text&ie=utf-8&oe=utf-8&client=firefox-b-ab
2019-01-18 01:36:45|https://www.base64decode.org/
2019-01-18 01:41:31|https://www.google.com/search?q=qr+code+solve&ie=utf-8&oe=utf-8&client=firefox-b-ab
2019-01-18 01:41:35|https://zxing.org/w/decode.jspx
2019-01-18 01:41:50|https://zxing.org/w/decode?u=https%3A%2F%2Flh3.googleusercontent.com%2F6azf98KQoV9zlQ3u__wgkoMOseRpQnYb-mRQWelB1Y23sMNHeISMLIIPsDxtwtoZIYrDhSSA4zzt4b-cavUEmsVrrv6AGKlLfD9gOTJTXrze7rOm3GzwBlVTzyRCKaBn8d-fc09t%3Dw2400
2019-01-18 01:43:13|https://www.google.com/search?q=m9&ie=utf-8&oe=utf-8&client=firefox-b-ab
2019-01-18 01:43:20|https://www.google.com/search?client=firefox-b-ab&ei=MS9BXLzMI5nc9QO-rKPIBA&q=m9+code&oq=m9+code&gs_l=psy-ab.3..0l2j0i22i30l4j0i22i10i30j0i22i30l3.4231.4949..5101...0.0..0.149.561.0j4......0....1..gws-wiz.......0i67.F3_6c0IbIyg
2019-01-18 01:44:43|https://featherbear.github.io/UNSW-CompClub2019Summer-SecurityWorkshop/ctf_files/compclub_log.pcap
2019-01-18 01:44:44|https://featherbear.github.io/UNSW-CompClub2019Summer-SecurityWorkshop/ctf_files/compclub_log.pcap
2019-01-18 01:47:38|https://ctf.compclub.com.au/
2019-01-18 01:49:47|https://www.google.com/search?q=base+10+to+bse+2&ie=utf-8&oe=utf-8&client=firefox-b-ab
2019-01-18 01:49:53|http://www.unitconversion.org/numbers/base-10-to-base-2-conversion.html
2019-01-18 01:50:47|https://www.google.com/search?q=number+to+binary&ie=utf-8&oe=utf-8&client=firefox-b-ab
2019-01-18 01:50:50|https://www.rapidtables.com/convert/number/decimal-to-binary.html
2019-01-18 01:52:56|https://www.google.com/search?q=asm0%280xfa%2C0xf2%29&ie=utf-8&oe=utf-8&client=firefox-b-ab
2019-01-18 01:53:18|https://featherbear.github.io/UNSW-CompClub2019Summer-SecurityWorkshop/ctf_files/compclub_log.pcap
2019-01-18 01:53:19|https://featherbear.github.io/UNSW-CompClub2019Summer-SecurityWorkshop/ctf_files/compclub_log.pcap
2019-01-18 01:53:50|https://www.google.com/search?q=filter+for+http+wireshark&ie=utf-8&oe=utf-8&client=firefox-b-ab
2019-01-18 01:53:52|https://serverfault.com/questions/96272/how-to-filter-http-traffic-in-wireshark
2019-01-18 01:57:28|https://www.google.com/search?q=regex&ie=utf-8&oe=utf-8&client=firefox-b-ab
2019-01-18 01:57:30|https://regexr.com/
2019-01-18 01:58:58|https://www.w3schools.com/python/python_regex.asp
2019-01-18 01:59:42|https://ctf.compclub.com.au/
2019-01-18 02:00:17|https://www.youtube.com/watch?v=9Zj0JOHJR-s
2019-01-18 02:04:24|https://www.youtube.com/watch?v=K3m3_7RoGZk
2019-01-18 02:07:16|https://www.google.com/search?q=invert+text&ie=utf-8&oe=utf-8&client=firefox-b-ab
2019-01-18 02:07:19|http://www.upsidedowntext.com/
2019-01-18 02:07:26|https://www.google.com/search?q=exvert&ie=utf-8&oe=utf-8&client=firefox-b-ab
2019-01-18 02:07:29|http://www.allscrabblewords.com/unscramble/exvert
2019-01-18 02:07:39|https://www.youtube.com/watch?v=weZKm1kTrpc
2019-01-18 02:07:43|https://www.google.com/search?client=firefox-b-ab&ei=6zRBXLbcCpb_rQHEuqywCg&q=exvert+text&oq=exvert+text&gs_l=psy-ab.3...2183.3475..3856...1.0..0.298.1480.0j2j4......0....1..gws-wiz.......0i71j0j0i10j0i30j0i10i30j33i160j0i22i30j0i13.WvAHCplTOzQ
2019-01-18 02:07:45|http://www.texttwistfinder.com/text-twist-solver/exvert
2019-01-18 02:07:48|http://www.texttwistfinder.com/text-twist-solver/ASWYPTME
2019-01-18 02:08:10|https://www.google.com/search?q=text+exverter&ie=utf-8&oe=utf-8&client=firefox-b-ab
2019-01-18 02:08:17|https://textmechanic.com/text-tools/obfuscation-tools/reverse-text-generator/
2019-01-18 02:08:58|https://lh3.googleusercontent.com/swou8r_aaveXY-QRJexe7FLAIQ8WAgfAxjV33dRjs5gF3VqjC0h888QfY6lTD1-chfRG9CCR7VXXI-wUC8rn4wKSOMFyw2Pgm70ReLMMXjwp7uSUqRxUeI0SD6gX-AhCCdAiT_0k=s200-p-k
2019-01-18 02:10:14|https://www.google.com/search?q=spectogram&ie=utf-8&oe=utf-8&client=firefox-b-ab
2019-01-18 02:10:19|https://musiclab.chromeexperiments.com/Spectrogram/
2019-01-18 02:10:44|https://www.google.com/search?q=qr+solver&ie=utf-8&oe=utf-8&client=firefox-b-ab
2019-01-18 02:10:50|https://www.google.com/search?client=firefox-b-ab&ei=ozVBXMqcNdm5rQGCpbOwBQ&q=qr+solver+online&oq=qr+solver+online&gs_l=psy-ab.3..0i22i30l2.4382.5626..5789...0.0..0.246.1289.0j2j4......0....1..gws-wiz.......0i71j0.fCi7pZ1Sfw0
2019-01-18 02:11:17|https://www.google.com/search?client=firefox-b-ab&ei=qjVBXJHwIcz9rQGJtLrADA&q=qr+solver+online&oq=qr+solver+online&gs_l=psy-ab.12...0.0..25864...0.0..0.0.0.......0......gws-wiz._GQ2mo9Y4u8
2019-01-18 02:11:19|https://zxing.org/w/decode.jspx
2019-01-18 02:11:28|https://ctf.compclub.com.au/
2019-01-18 02:11:57|https://www.youtube.com/watch?v=CAb_bCtKuXg
2019-01-18 02:12:29|https://zxing.org/w/decode?u=https%3A%2F%2Flh3.googleusercontent.com%2Fswou8r_aaveXY-QRJexe7FLAIQ8WAgfAxjV33dRjs5gF3VqjC0h888QfY6lTD1-chfRG9CCR7VXXI-wUC8rn4wKSOMFyw2Pgm70ReLMMXjwp7uSUqRxUeI0SD6gX-AhCCdAiT_0k%3Ds200-p-k
2019-01-18 02:12:36|https://drive.google.com/file/d/1OKkcSswHij7NbNfqQ3WEcsAfBUku9FJZ/view?usp=sharing
2019-01-18 02:12:37|https://drive.google.com/file/d/1OKkcSswHij7NbNfqQ3WEcsAfBUku9FJZ/view
2019-01-18 02:12:40|https://musiclab.chromeexperiments.com/Experiments
2019-01-18 02:12:48|https://academo.org/demos/spectrum-analyzer/
2019-01-18 02:12:49|https://drive.google.com/uc?id=1OKkcSswHij7NbNfqQ3WEcsAfBUku9FJZ&export=download
2019-01-18 02:12:50|https://doc-0g-2c-docs.googleusercontent.com/docs/securesc/ha0ro937gcuc7l7deffksulhg5h7mbp1/amn4lt0pc5d0jfeji8k0i6gksod2eghi/1547776800000/04253681593552217049/*/1OKkcSswHij7NbNfqQ3WEcsAfBUku9FJZ?e=download
2019-01-18 02:12:56|https://doc-0g-2c-docs.googleusercontent.com/docs/securesc/ha0ro937gcuc7l7deffksulhg5h7mbp1/amn4lt0pc5d0jfeji8k0i6gksod2eghi/1547776800000/04253681593552217049/*/1OKkcSswHij7NbNfqQ3WEcsAfBUku9FJZ?e=download
2019-01-18 02:14:24|https://www.google.com/search?client=firefox-b-ab&ei=HDZBXLS_EY7-rQGHxZ6ABA&q=spectrogram+viewer+online&oq=spectogram+viewer&gs_l=psy-ab.3.1.0i10l2.5374.6544..7598...0.0..0.343.1555.0j3j3j1......0....1..gws-wiz.......0i71j0i10i67j0i22i10i30.c0J44mdWg_w
2019-01-18 02:14:30|http://spek.cc/
2019-01-18 02:14:36|https://github.com/alexkay/spek/releases/download/v0.8.2/spek-0.8.2.tar.xz
2019-01-18 02:14:37|https://github-production-release-asset-2e65be.s3.amazonaws.com/2057149/eeadd7a2-be25-11e5-8616-7180ca384dfd?X-Amz-Algorithm=AWS4-HMAC-SHA256&X-Amz-Credential=AKIAIWNJYAX4CSVEH53A%2F20190118%2Fus-east-1%2Fs3%2Faws4_request&X-Amz-Date=20190118T021436Z&X-Amz-Expires=300&X-Amz-Signature=d9edaf3dfe23dc313434f346997e748a7ab2331df862321a625cbdf7e6008a84&X-Amz-SignedHeaders=host&actor_id=0&response-content-disposition=attachment%3B%20filename%3Dspek-0.8.2.tar.xz&response-content-type=application%2Foctet-stream
2019-01-18 02:14:41|https://github-production-release-asset-2e65be.s3.amazonaws.com/2057149/eeadd7a2-be25-11e5-8616-7180ca384dfd?X-Amz-Algorithm=AWS4-HMAC-SHA256&X-Amz-Credential=AKIAIWNJYAX4CSVEH53A%2F20190118%2Fus-east-1%2Fs3%2Faws4_request&X-Amz-Date=20190118T021436Z&X-Amz-Expires=300&X-Amz-Signature=d9edaf3dfe23dc313434f346997e748a7ab2331df862321a625cbdf7e6008a84&X-Amz-SignedHeaders=host&actor_id=0&response-content-disposition=attachment%3B%20filename%3Dspek-0.8.2.tar.xz&response-content-type=application%2Foctet-stream
2019-01-18 02:15:34|https://www.sonicvisualiser.org/
2019-01-18 02:15:59|https://www.youtube.com/watch?v=Rmea5ET_n9g
2019-01-18 02:17:12|https://www.google.com/search?q=substituction+cypher+solver&ie=utf-8&oe=utf-8&client=firefox-b-ab
2019-01-18 02:17:15|https://www.guballa.de/substitution-solver
2019-01-18 02:17:56|https://www.dcode.fr/monoalphabetic-substitution
2019-01-18 02:18:31|https://www.youtube.com/watch?v=2LOmFBBq4T0
2019-01-18 02:19:35|https://ctf.compclub.com.au/
2019-01-18 02:21:34|https://www.google.com/search?q=power+of+python&ie=utf-8&oe=utf-8&client=firefox-b-ab
2019-01-18 02:21:39|https://docs.python.org/2.0/ref/power.html
2019-01-18 02:21:45|https://www.youtube.com/watch?v=BEoGsr0WXVw
2019-01-18 02:22:02|https://www.google.com/search?q=power+of+using+base+2&ie=utf-8&oe=utf-8&client=firefox-b-ab
2019-01-18 02:22:05|https://en.wikipedia.org/wiki/Power_of_two
2019-01-18 02:22:49|https://www.google.com/search?q=2%5E9999999&ie=utf-8&oe=utf-8&client=firefox-b-ab
2019-01-18 02:22:57|https://www.google.com/search?client=firefox-b-ab&ei=eThBXMyyGYHe9QOX-KO4BA&q=2+%5E+9999999&oq=2+%5E+9999999&gs_l=psy-ab.3...6286.6814..7094...0.0..0.292.292.2-1......0....1..gws-wiz.eCOYHgEesIc
2019-01-18 02:24:27|https://www.google.com/search?q=gg+m9&ie=utf-8&oe=utf-8&client=firefox-b-ab
2019-01-18 02:24:42|https://www.google.com/search?q=e2&ie=utf-8&oe=utf-8&client=firefox-b-ab
2019-01-18 02:24:56|https://www.google.com/search?q=e2_e4-e7_e5-f1_c4-b8_c6-d1_h5-g8_f6&ie=utf-8&oe=utf-8&client=firefox-b-ab
2019-01-18 02:25:27|https://www.google.com/search?q=I%27d+say+%22Welcome+to+Australia%22+to+those+who+did+the+Sydney+to+Hobart+race...+But+Tasmania+isn%27t+part+of+Australia...&ie=utf-8&oe=utf-8&client=firefox-b-ab
2019-01-18 02:25:41|https://www.youtube.com/watch?v=poWpo76mH_0
2019-01-18 02:26:21|https://developer.mozilla.org/docs/Tools/Web_Console/Helpers
2019-01-18 02:26:21|https://developer.mozilla.org/en-US/docs/Tools/Web_Console/Helpers
2019-01-18 02:27:05|https://www.google.com/search?q=tale+of+two&ie=utf-8&oe=utf-8&client=firefox-b-ab
2019-01-18 02:28:02|http://summer2019.compclub.com.au/
2019-01-18 02:28:02|https://summer2019.compclub.com.au/
2019-01-18 02:28:04|https://summer2019.compclub.com.au/day1
2019-01-18 02:28:12|https://docs.google.com/presentation/d/1OWwCIZ1shunPSW80S6LdNtQN6xJIU1f1waVA_0dT1Ww/edit?usp=sharing
2019-01-18 02:28:13|https://docs.google.com/presentation/d/1OWwCIZ1shunPSW80S6LdNtQN6xJIU1f1waVA_0dT1Ww/edit
2019-01-18 02:28:14|https://docs.google.com/presentation/d/1OWwCIZ1shunPSW80S6LdNtQN6xJIU1f1waVA_0dT1Ww/edit#slide=id.g3ccd86a859_0_0
2019-01-18 02:28:14|https://docs.google.com/presentation/d/1OWwCIZ1shunPSW80S6LdNtQN6xJIU1f1waVA_0dT1Ww/edit#slide=id.g3ccd86a859_0_5
2019-01-18 02:28:14|https://docs.google.com/presentation/d/1OWwCIZ1shunPSW80S6LdNtQN6xJIU1f1waVA_0dT1Ww/edit#slide=id.g3ccd86a859_0_416
2019-01-18 02:28:15|https://docs.google.com/presentation/d/1OWwCIZ1shunPSW80S6LdNtQN6xJIU1f1waVA_0dT1Ww/edit#slide=id.g3ccd86a859_0_15
2019-01-18 02:28:15|https://docs.google.com/presentation/d/1OWwCIZ1shunPSW80S6LdNtQN6xJIU1f1waVA_0dT1Ww/edit#slide=id.g3ccd86a859_0_425
2019-01-18 02:28:15|https://docs.google.com/presentation/d/1OWwCIZ1shunPSW80S6LdNtQN6xJIU1f1waVA_0dT1Ww/edit#slide=id.g3ccd86a859_0_603
2019-01-18 02:28:15|https://docs.google.com/presentation/d/1OWwCIZ1shunPSW80S6LdNtQN6xJIU1f1waVA_0dT1Ww/edit#slide=id.g3ccd86a859_0_609
2019-01-18 02:28:15|https://docs.google.com/presentation/d/1OWwCIZ1shunPSW80S6LdNtQN6xJIU1f1waVA_0dT1Ww/edit#slide=id.g3ccd86a859_0_616
2019-01-18 02:28:15|https://docs.google.com/presentation/d/1OWwCIZ1shunPSW80S6LdNtQN6xJIU1f1waVA_0dT1Ww/edit#slide=id.g3ccd86a859_0_700
2019-01-18 02:28:15|https://docs.google.com/presentation/d/1OWwCIZ1shunPSW80S6LdNtQN6xJIU1f1waVA_0dT1Ww/edit#slide=id.g3ccd86a859_0_706
2019-01-18 02:28:15|https://docs.google.com/presentation/d/1OWwCIZ1shunPSW80S6LdNtQN6xJIU1f1waVA_0dT1Ww/edit#slide=id.g3ccd86a859_0_789
2019-01-18 02:28:16|https://docs.google.com/presentation/d/1OWwCIZ1shunPSW80S6LdNtQN6xJIU1f1waVA_0dT1Ww/edit#slide=id.g3ccd86a859_0_874
2019-01-18 02:28:16|https://docs.google.com/presentation/d/1OWwCIZ1shunPSW80S6LdNtQN6xJIU1f1waVA_0dT1Ww/edit#slide=id.g3ccd86a859_0_789
2019-01-18 02:28:16|https://docs.google.com/presentation/d/1OWwCIZ1shunPSW80S6LdNtQN6xJIU1f1waVA_0dT1Ww/edit#slide=id.g3ccd86a859_0_706
2019-01-18 02:28:16|https://docs.google.com/presentation/d/1OWwCIZ1shunPSW80S6LdNtQN6xJIU1f1waVA_0dT1Ww/edit#slide=id.g3ccd86a859_0_700
2019-01-18 02:28:16|https://docs.google.com/presentation/d/1OWwCIZ1shunPSW80S6LdNtQN6xJIU1f1waVA_0dT1Ww/edit#slide=id.g3ccd86a859_0_616
2019-01-18 02:28:16|https://docs.google.com/presentation/d/1OWwCIZ1shunPSW80S6LdNtQN6xJIU1f1waVA_0dT1Ww/edit#slide=id.g3ccd86a859_0_609
2019-01-18 02:28:17|https://docs.google.com/presentation/d/1OWwCIZ1shunPSW80S6LdNtQN6xJIU1f1waVA_0dT1Ww/edit#slide=id.g3ccd86a859_0_616
2019-01-18 02:28:17|https://docs.google.com/presentation/d/1OWwCIZ1shunPSW80S6LdNtQN6xJIU1f1waVA_0dT1Ww/edit#slide=id.g3ccd86a859_0_700
2019-01-18 02:28:17|https://docs.google.com/presentation/d/1OWwCIZ1shunPSW80S6LdNtQN6xJIU1f1waVA_0dT1Ww/edit#slide=id.g3ccd86a859_0_706
2019-01-18 02:28:18|https://docs.google.com/presentation/d/1OWwCIZ1shunPSW80S6LdNtQN6xJIU1f1waVA_0dT1Ww/edit#slide=id.g3ccd86a859_0_789
2019-01-18 02:28:18|https://docs.google.com/presentation/d/1OWwCIZ1shunPSW80S6LdNtQN6xJIU1f1waVA_0dT1Ww/edit#slide=id.g3ccd86a859_0_874
2019-01-18 02:28:18|https://docs.google.com/presentation/d/1OWwCIZ1shunPSW80S6LdNtQN6xJIU1f1waVA_0dT1Ww/edit#slide=id.g3ccd86a859_0_879
2019-01-18 02:28:18|https://docs.google.com/presentation/d/1OWwCIZ1shunPSW80S6LdNtQN6xJIU1f1waVA_0dT1Ww/edit#slide=id.g3ccd86a859_0_885
2019-01-18 02:28:19|https://docs.google.com/presentation/d/1OWwCIZ1shunPSW80S6LdNtQN6xJIU1f1waVA_0dT1Ww/edit#slide=id.g3ccd86a859_0_985
2019-01-18 02:28:19|https://docs.google.com/presentation/d/1OWwCIZ1shunPSW80S6LdNtQN6xJIU1f1waVA_0dT1Ww/edit#slide=id.g3ccd86a859_0_885
2019-01-18 02:28:20|https://docs.google.com/presentation/d/1OWwCIZ1shunPSW80S6LdNtQN6xJIU1f1waVA_0dT1Ww/edit#slide=id.g3ccd86a859_0_985
2019-01-18 02:28:20|https://docs.google.com/presentation/d/1OWwCIZ1shunPSW80S6LdNtQN6xJIU1f1waVA_0dT1Ww/edit#slide=id.g4d59993923_0_69
2019-01-18 02:28:20|https://docs.google.com/presentation/d/1OWwCIZ1shunPSW80S6LdNtQN6xJIU1f1waVA_0dT1Ww/edit#slide=id.g4d59993923_0_75
2019-01-18 02:28:20|https://docs.google.com/presentation/d/1OWwCIZ1shunPSW80S6LdNtQN6xJIU1f1waVA_0dT1Ww/edit#slide=id.g3ccd86a859_0_1070
2019-01-18 02:28:21|https://docs.google.com/presentation/d/1OWwCIZ1shunPSW80S6LdNtQN6xJIU1f1waVA_0dT1Ww/edit#slide=id.g3ccd86a859_0_1074
2019-01-18 02:28:21|https://docs.google.com/presentation/d/1OWwCIZ1shunPSW80S6LdNtQN6xJIU1f1waVA_0dT1Ww/edit#slide=id.g3ccd86a859_0_1080
2019-01-18 02:28:21|https://docs.google.com/presentation/d/1OWwCIZ1shunPSW80S6LdNtQN6xJIU1f1waVA_0dT1Ww/edit#slide=id.g3ccd86a859_0_1086
2019-01-18 02:28:22|https://docs.google.com/presentation/d/1OWwCIZ1shunPSW80S6LdNtQN6xJIU1f1waVA_0dT1Ww/edit#slide=id.g3ccd86a859_0_1096
2019-01-18 02:28:22|https://docs.google.com/presentation/d/1OWwCIZ1shunPSW80S6LdNtQN6xJIU1f1waVA_0dT1Ww/edit#slide=id.g3ccd86a859_0_1104
2019-01-18 02:28:22|https://docs.google.com/presentation/d/1OWwCIZ1shunPSW80S6LdNtQN6xJIU1f1waVA_0dT1Ww/edit#slide=id.g3ccd86a859_0_1096
2019-01-18 02:28:22|https://docs.google.com/presentation/d/1OWwCIZ1shunPSW80S6LdNtQN6xJIU1f1waVA_0dT1Ww/edit#slide=id.g3ccd86a859_0_1086
2019-01-18 02:28:22|https://docs.google.com/presentation/d/1OWwCIZ1shunPSW80S6LdNtQN6xJIU1f1waVA_0dT1Ww/edit#slide=id.g3ccd86a859_0_1080
2019-01-18 02:28:22|https://docs.google.com/presentation/d/1OWwCIZ1shunPSW80S6LdNtQN6xJIU1f1waVA_0dT1Ww/edit#slide=id.g3ccd86a859_0_1074
2019-01-18 02:28:22|https://docs.google.com/presentation/d/1OWwCIZ1shunPSW80S6LdNtQN6xJIU1f1waVA_0dT1Ww/edit#slide=id.g3ccd86a859_0_1070
2019-01-18 02:28:22|https://docs.google.com/presentation/d/1OWwCIZ1shunPSW80S6LdNtQN6xJIU1f1waVA_0dT1Ww/edit#slide=id.g4d59993923_0_75
2019-01-18 02:28:23|https://docs.google.com/presentation/d/1OWwCIZ1shunPSW80S6LdNtQN6xJIU1f1waVA_0dT1Ww/edit#slide=id.g4d59993923_0_69
2019-01-18 02:28:23|https://docs.google.com/presentation/d/1OWwCIZ1shunPSW80S6LdNtQN6xJIU1f1waVA_0dT1Ww/edit#slide=id.g3ccd86a859_0_985
2019-01-18 02:28:23|https://docs.google.com/presentation/d/1OWwCIZ1shunPSW80S6LdNtQN6xJIU1f1waVA_0dT1Ww/edit#slide=id.g3ccd86a859_0_885
2019-01-18 02:28:23|https://docs.google.com/presentation/d/1OWwCIZ1shunPSW80S6LdNtQN6xJIU1f1waVA_0dT1Ww/edit#slide=id.g3ccd86a859_0_879
2019-01-18 02:28:23|https://docs.google.com/presentation/d/1OWwCIZ1shunPSW80S6LdNtQN6xJIU1f1waVA_0dT1Ww/edit#slide=id.g3ccd86a859_0_874
2019-01-18 02:28:23|https://docs.google.com/presentation/d/1OWwCIZ1shunPSW80S6LdNtQN6xJIU1f1waVA_0dT1Ww/edit#slide=id.g3ccd86a859_0_789
2019-01-18 02:28:23|https://docs.google.com/presentation/d/1OWwCIZ1shunPSW80S6LdNtQN6xJIU1f1waVA_0dT1Ww/edit#slide=id.g3ccd86a859_0_706
2019-01-18 02:28:23|https://docs.google.com/presentation/d/1OWwCIZ1shunPSW80S6LdNtQN6xJIU1f1waVA_0dT1Ww/edit#slide=id.g3ccd86a859_0_700
2019-01-18 02:28:23|https://docs.google.com/presentation/d/1OWwCIZ1shunPSW80S6LdNtQN6xJIU1f1waVA_0dT1Ww/edit#slide=id.g3ccd86a859_0_616
2019-01-18 02:28:23|https://docs.google.com/presentation/d/1OWwCIZ1shunPSW80S6LdNtQN6xJIU1f1waVA_0dT1Ww/edit#slide=id.g3ccd86a859_0_609
2019-01-18 02:28:23|https://docs.google.com/presentation/d/1OWwCIZ1shunPSW80S6LdNtQN6xJIU1f1waVA_0dT1Ww/edit#slide=id.g3ccd86a859_0_603
2019-01-18 02:28:23|https://docs.google.com/presentation/d/1OWwCIZ1shunPSW80S6LdNtQN6xJIU1f1waVA_0dT1Ww/edit#slide=id.g3ccd86a859_0_425
2019-01-18 02:28:23|https://docs.google.com/presentation/d/1OWwCIZ1shunPSW80S6LdNtQN6xJIU1f1waVA_0dT1Ww/edit#slide=id.g3ccd86a859_0_15
2019-01-18 02:28:23|https://docs.google.com/presentation/d/1OWwCIZ1shunPSW80S6LdNtQN6xJIU1f1waVA_0dT1Ww/edit#slide=id.g3ccd86a859_0_416
2019-01-18 02:28:23|https://docs.google.com/presentation/d/1OWwCIZ1shunPSW80S6LdNtQN6xJIU1f1waVA_0dT1Ww/edit#slide=id.g3ccd86a859_0_5
2019-01-18 02:28:23|https://docs.google.com/presentation/d/1OWwCIZ1shunPSW80S6LdNtQN6xJIU1f1waVA_0dT1Ww/edit#slide=id.g3ccd86a859_0_0
2019-01-18 02:28:23|https://docs.google.com/presentation/d/1OWwCIZ1shunPSW80S6LdNtQN6xJIU1f1waVA_0dT1Ww/edit#slide=id.g3ccd86a859_0_5
2019-01-18 02:28:24|https://docs.google.com/presentation/d/1OWwCIZ1shunPSW80S6LdNtQN6xJIU1f1waVA_0dT1Ww/edit#slide=id.g3ccd86a859_0_416
2019-01-18 02:28:24|https://docs.google.com/presentation/d/1OWwCIZ1shunPSW80S6LdNtQN6xJIU1f1waVA_0dT1Ww/edit#slide=id.g3ccd86a859_0_15
2019-01-18 02:28:24|https://docs.google.com/presentation/d/1OWwCIZ1shunPSW80S6LdNtQN6xJIU1f1waVA_0dT1Ww/edit#slide=id.g3ccd86a859_0_425
2019-01-18 02:28:26|https://docs.google.com/presentation/d/1OWwCIZ1shunPSW80S6LdNtQN6xJIU1f1waVA_0dT1Ww/edit#slide=id.g3ccd86a859_0_603
2019-01-18 02:28:27|https://docs.google.com/presentation/d/1OWwCIZ1shunPSW80S6LdNtQN6xJIU1f1waVA_0dT1Ww/edit#slide=id.g3ccd86a859_0_609
2019-01-18 02:28:27|https://docs.google.com/presentation/d/1OWwCIZ1shunPSW80S6LdNtQN6xJIU1f1waVA_0dT1Ww/edit#slide=id.g3ccd86a859_0_616
2019-01-18 02:28:28|https://docs.google.com/presentation/d/1OWwCIZ1shunPSW80S6LdNtQN6xJIU1f1waVA_0dT1Ww/edit#slide=id.g3ccd86a859_0_700
2019-01-18 02:28:28|https://docs.google.com/presentation/d/1OWwCIZ1shunPSW80S6LdNtQN6xJIU1f1waVA_0dT1Ww/edit#slide=id.g3ccd86a859_0_616
2019-01-18 02:28:30|https://docs.google.com/presentation/d/1OWwCIZ1shunPSW80S6LdNtQN6xJIU1f1waVA_0dT1Ww/edit#slide=id.g3ccd86a859_0_700
2019-01-18 02:28:30|https://docs.google.com/presentation/d/1OWwCIZ1shunPSW80S6LdNtQN6xJIU1f1waVA_0dT1Ww/edit#slide=id.g3ccd86a859_0_706
2019-01-18 02:28:31|https://docs.google.com/presentation/d/1OWwCIZ1shunPSW80S6LdNtQN6xJIU1f1waVA_0dT1Ww/edit#slide=id.g3ccd86a859_0_789
2019-01-18 02:28:31|https://docs.google.com/presentation/d/1OWwCIZ1shunPSW80S6LdNtQN6xJIU1f1waVA_0dT1Ww/edit#slide=id.g3ccd86a859_0_874
2019-01-18 02:28:31|https://docs.google.com/presentation/d/1OWwCIZ1shunPSW80S6LdNtQN6xJIU1f1waVA_0dT1Ww/edit#slide=id.g3ccd86a859_0_879
2019-01-18 02:28:31|https://docs.google.com/presentation/d/1OWwCIZ1shunPSW80S6LdNtQN6xJIU1f1waVA_0dT1Ww/edit#slide=id.g3ccd86a859_0_885
2019-01-18 02:29:22|https://www.youtube.com/watch?v=0CZSb3Ijhbw
2019-01-18 02:30:09|https://www.google.com/search?q=sum+of+the+first+753+prime&ie=utf-8&oe=utf-8&client=firefox-b-ab
2019-01-18 03:31:12|http://ctf.compclub.com.au/
2019-01-18 03:31:12|https://ctf.compclub.com.au/
2019-01-18 03:31:12|https://ctf.compclub.com.au/invite?next=%2F
2019-01-18 03:31:12|https://ctf.compclub.com.au/invite/
2019-01-18 03:31:38|https://ctf.compclub.com.au/
2019-01-18 03:35:27|http://slither.io/
2019-01-18 03:57:13|http://ctf.compclub.com.au/
2019-01-18 03:57:14|https://ctf.compclub.com.au/
2019-01-18 04:02:33|http://tinyurl.com/CompclubSSS
2019-01-18 04:02:34|https://goo.gl/forms/botU4y0EHarywQeB3
2019-01-18 04:02:35|https://docs.google.com/forms/d/e/1FAIpQLSeTbnbww0Wz7bkuKacSlAFMckT5D3S74bvcZOOiqB7uI7TgZg/viewform?usp=send_form
2019-01-18 04:02:35|https://docs.google.com/forms/d/e/1FAIpQLSeTbnbww0Wz7bkuKacSlAFMckT5D3S74bvcZOOiqB7uI7TgZg/viewform
2019-01-18 04:03:25|https://docs.google.com/forms/d/e/1FAIpQLSeTbnbww0Wz7bkuKacSlAFMckT5D3S74bvcZOOiqB7uI7TgZg/viewform?fbzx=-8807653232889794111
2019-01-18 04:05:47|http://ctf.compclub.com.au/
2019-01-18 04:05:47|https://ctf.compclub.com.au/
1|https://aframe.io/docs/0.8.0/introduction|Introduction – A-Frame|1|1|13191307013419352|0|0
2|http://aframe.io/docs/0.8.0/introduction/|Introduction – A-Frame|1|0|13191307013419352|0|0
3|https://aframe.io/docs/0.8.0/introduction/|Introduction – A-Frame|1|0|13191307013419352|0|0
4|https://aframe.io/|A-Frame – Make WebVR|1|1|13191307116609411|0|0
5|https://aframe.io/examples/showcase/helloworld/|Hello WebVR – A-Frame|1|0|13191307121316750|0|0
6|https://glitch.com/~aframe|aframe|1|0|13191307266696550|0|0
7|https://glitch.com/edit/#!/remix/aframe|Glitch :･ﾟ✧|2|0|13191307294104091|0|0
8|https://glitch.com/edit/#!/||1|0|13191307295201676|0|0
9|https://glitch.com/edit/#!/satin-bobolink|index.html – satin-bobolink|2|0|13191307313450918|0|0
10|https://glitch.com/edit/#!/satin-bobolink?path=index.html:14:106||1|0|13191307436645351|0|0
11|https://glitch.com/edit/#!/satin-bobolink?path=index.html:18:7||1|0|13191307520595148|0|0
12|https://satin-bobolink.glitch.me/|Hello, WebVR! • A-Frame|128|0|13191308851466347|0|0
13|https://glitch.com/edit/#!/satin-bobolink?path=index.html:19:7||6|0|13191308806690036|0|0
14|https://glitch.com/edit/#!/satin-bobolink?path=index.html:16:94||1|0|13191308605569236|0|0
15|https://glitch.com/edit/#!/satin-bobolink?path=index.html:16:59||1|0|13191308751431649|0|0
16|https://glitch.com/edit/#!/satin-bobolink?path=index.html:16:27||1|0|13191308832890975|0|0
17|https://glitch.com/edit/#!/satin-bobolink?path=index.html:16:31||1|0|13191308853952762|0|0
18|http://summer2019.compclub.com.au/|Welcome to the CompClub Summer Spy School | CompClub 2019 Summer Workshops|5|5|13192169850357848|0|0
19|https://summer2019.compclub.com.au/|Welcome to the CompClub Summer Spy School | CompClub 2019 Summer Workshops|6|1|13192169850357848|0|0
20|https://summer2019.compclub.com.au/day1|Introduction to Python | CompClub 2019 Summer Workshops|2|0|13191903354680575|0|0
21|https://docs.google.com/presentation/d/1ZGBVwbD055fzcnudI-pQU3fgEPk7WIt_AVH127H_qzQ/edit?usp=sharing|Introduction to Python - Google Slides|4|0|13191903358147348|0|0
22|https://docs.google.com/presentation/d/1ZGBVwbD055fzcnudI-pQU3fgEPk7WIt_AVH127H_qzQ/edit||2|0|13191903358193139|0|0
23|https://docs.google.com/presentation/d/1OWwCIZ1shunPSW80S6LdNtQN6xJIU1f1waVA_0dT1Ww/edit?usp=sharing|Advanced Python - Google Slides|2|0|13191896967132019|0|0
24|https://docs.google.com/presentation/d/1OWwCIZ1shunPSW80S6LdNtQN6xJIU1f1waVA_0dT1Ww/edit||1|0|13191896967179561|0|0
25|https://docs.google.com/presentation/d/1ZGBVwbD055fzcnudI-pQU3fgEPk7WIt_AVH127H_qzQ/edit#slide=id.g3cbf3982fb_4_0||4|0|13191903359450786|0|0
26|https://docs.google.com/presentation/d/1OWwCIZ1shunPSW80S6LdNtQN6xJIU1f1waVA_0dT1Ww/edit#slide=id.g3ccd86a859_0_0||1|0|13191896970605045|0|0
27|https://docs.google.com/presentation/d/1ZGBVwbD055fzcnudI-pQU3fgEPk7WIt_AVH127H_qzQ/edit#slide=id.g3d17a7de66_0_44||4|0|13191897023432091|0|0
28|https://docs.google.com/presentation/d/1ZGBVwbD055fzcnudI-pQU3fgEPk7WIt_AVH127H_qzQ/edit#slide=id.g3d17a7de66_0_155||2|0|13191896992573723|0|0
29|https://repl.it/languages/python3|Repl.it - CoordinatedFantasticBackslash|6|1|13192153992650187|0|0
30|https://repl.it/repls/DeliriousSelfreliantAddress|Repl.it - DeliriousSelfreliantAddress|2|0|13191897118118183|0|0
31|https://repl.it/@Bidran/DeliriousSelfreliantAddress|Repl.it - DeliriousSelfreliantAddress|16|1|13191983812228864|0|0
32|https://repl.it/@Bidran/DeliriousSelfreliantAddress/history||1|0|13191898340452009|0|0
33|https://repl.it/@Bidran/DeliriousSelfreliantAddress/history?slug=DeliriousSelfreliantAddress|Repl.it - DeliriousSelfreliantAddress history|1|0|13191898340488817|0|0
34|https://docs.google.com/presentation/d/1ZGBVwbD055fzcnudI-pQU3fgEPk7WIt_AVH127H_qzQ/edit#slide=id.g3d17a7de66_0_235||1|0|13191899698260723|0|0
35|https://repl.it/@Bidran/BoringMysteriousDemos|Repl.it - BoringMysteriousDemos|6|0|13191901967889430|0|0
36|https://repl.it/repls|https://repl.it/repls|24|1|13191913401671057|0|0
37|https://docs.google.com/presentation/d/1ZGBVwbD055fzcnudI-pQU3fgEPk7WIt_AVH127H_qzQ/edit#slide=id.g3d17a7de66_0_284||3|0|13191915052718151|0|0
38|https://docs.google.com/presentation/d/1ZGBVwbD055fzcnudI-pQU3fgEPk7WIt_AVH127H_qzQ/edit#slide=id.g3d17a7de66_0_295||2|0|13191915053084989|0|0
39|https://docs.google.com/presentation/d/1ZGBVwbD055fzcnudI-pQU3fgEPk7WIt_AVH127H_qzQ/edit#slide=id.g3c8fdf14fc_0_50||5|0|13191915057229947|0|0
40|https://repl.it/languages|Repl.it - Select a Language|1|0|13191903409172551|0|0
41|https://repl.it/@Bidran/GrippingUnacceptableWebsphere|Repl.it - GrippingUnacceptableWebsphere|2|0|13191903418817367|0|0
42|https://docs.google.com/presentation/d/1ZGBVwbD055fzcnudI-pQU3fgEPk7WIt_AVH127H_qzQ/edit#slide=id.g3c8fdf14fc_0_43||5|0|13191915057591878|0|0
43|https://docs.google.com/presentation/d/1ZGBVwbD055fzcnudI-pQU3fgEPk7WIt_AVH127H_qzQ/edit#slide=id.g3c8fdf14fc_0_69||5|0|13191915058022103|0|0
44|https://docs.google.com/presentation/d/1ZGBVwbD055fzcnudI-pQU3fgEPk7WIt_AVH127H_qzQ/edit#slide=id.g3c8fdf14fc_0_76||3|0|13191915058435165|0|0
45|https://repl.it/@Bidran/OverdueVirtuousPrediction|Repl.it - OverdueVirtuousPrediction|7|0|13191904589478283|0|0
46|https://docs.google.com/presentation/d/1ZGBVwbD055fzcnudI-pQU3fgEPk7WIt_AVH127H_qzQ/edit#slide=id.g3c8fdf14fc_0_84||2|0|13191915058865605|0|0
47|https://docs.google.com/presentation/d/1ZGBVwbD055fzcnudI-pQU3fgEPk7WIt_AVH127H_qzQ/edit#slide=id.g3cbf3982fb_0_1||3|0|13191915059409520|0|0
48|https://docs.google.com/presentation/d/1ZGBVwbD055fzcnudI-pQU3fgEPk7WIt_AVH127H_qzQ/edit#slide=id.g3cbf3982fb_0_14||5|0|13191915059888328|0|0
49|https://docs.google.com/presentation/d/1ZGBVwbD055fzcnudI-pQU3fgEPk7WIt_AVH127H_qzQ/edit#slide=id.g3cbf3982fb_0_9||7|0|13191915060259866|0|0
50|https://docs.google.com/presentation/d/1ZGBVwbD055fzcnudI-pQU3fgEPk7WIt_AVH127H_qzQ/edit#slide=id.g3cbf3982fb_0_22||8|0|13191915060805547|0|0
51|https://docs.google.com/presentation/d/1ZGBVwbD055fzcnudI-pQU3fgEPk7WIt_AVH127H_qzQ/edit#slide=id.g3cbf3982fb_0_29|Introduction to Python - Google Slides|12|0|13191915061140399|0|0
52|https://docs.google.com/presentation/d/1ZGBVwbD055fzcnudI-pQU3fgEPk7WIt_AVH127H_qzQ/edit#slide=id.g3cbf3982fb_0_35||12|0|13191915061793092|0|0
53|https://docs.google.com/presentation/d/1ZGBVwbD055fzcnudI-pQU3fgEPk7WIt_AVH127H_qzQ/edit#slide=id.g3cbf3982fb_0_45||12|0|13191913198785044|0|0
54|https://docs.google.com/presentation/d/1ZGBVwbD055fzcnudI-pQU3fgEPk7WIt_AVH127H_qzQ/edit#slide=id.g3cbf3982fb_0_63||11|0|13191913200237758|0|0
55|https://docs.google.com/presentation/d/1ZGBVwbD055fzcnudI-pQU3fgEPk7WIt_AVH127H_qzQ/edit#slide=id.g3c8fdf14fc_0_96||9|0|13191915064891494|0|0
56|https://docs.google.com/presentation/d/1ZGBVwbD055fzcnudI-pQU3fgEPk7WIt_AVH127H_qzQ/edit#slide=id.g3c8fdf14fc_0_102||7|0|13191915066415088|0|0
57|https://docs.google.com/presentation/d/1ZGBVwbD055fzcnudI-pQU3fgEPk7WIt_AVH127H_qzQ/edit#slide=id.g3c8fdf14fc_0_108||7|0|13191915067353732|0|0
58|https://docs.google.com/presentation/d/1ZGBVwbD055fzcnudI-pQU3fgEPk7WIt_AVH127H_qzQ/edit#slide=id.g3c8fdf14fc_0_114||8|0|13191983811597655|0|0
59|https://docs.google.com/presentation/d/1ZGBVwbD055fzcnudI-pQU3fgEPk7WIt_AVH127H_qzQ/edit#slide=id.g3c8fdf14fc_0_120||5|0|13191911503138443|0|0
60|https://docs.google.com/presentation/d/1ZGBVwbD055fzcnudI-pQU3fgEPk7WIt_AVH127H_qzQ/edit#slide=id.g3c8fdf14fc_0_131||2|0|13191911497510299|0|0
61|https://repl.it/@Bidran/HarshIndelibleMacroinstruction|Repl.it - HarshIndelibleMacroinstruction|3|0|13191913407177462|0|0
62|https://www.google.com/search?q=dvd+screensaver&oq=dvd+scr&aqs=chrome.0.0j69i57j0l4.3553j0j7&sourceid=chrome&ie=UTF-8|dvd screensaver - Google Search|2|0|13191913347088275|0|0
63|https://bouncingdvdlogo.com/|Bouncing DVD logo|3|0|13191913344098024|0|0
64|https://www.google.com/search?q=take+me+to+a+random+website&oq=take+me+to+a+&aqs=chrome.0.0j69i57j0l4.3488j0j7&sourceid=chrome&ie=UTF-8|take me to a random website - Google Search|1|0|13191913362463221|0|0
65|https://theuselessweb.com/|The Useless Web|1|0|13191913371514496|0|0
66|http://corndog.io/||1|0|13191913380109082|0|0
67|http://weirdorconfusing.com/|Weird or Confusing|1|0|13191913386009681|0|0
68|https://weirdorconfusing.com/|Weird or Confusing|1|0|13191913386009681|0|0
69|http://eelslap.com/|Eel slap!|1|0|13191913391162319|0|0
70|https://docs.google.com/presentation/d/1ZGBVwbD055fzcnudI-pQU3fgEPk7WIt_AVH127H_qzQ/edit#slide=id.g3d17a7de66_0_270||2|0|13191915052417515|0|0
71|https://docs.google.com/presentation/d/1ZGBVwbD055fzcnudI-pQU3fgEPk7WIt_AVH127H_qzQ/edit#slide=id.g3d17a7de66_0_250||1|0|13191914672664725|0|0
72|https://docs.google.com/presentation/d/1ZGBVwbD055fzcnudI-pQU3fgEPk7WIt_AVH127H_qzQ/edit#slide=id.g3d17a7de66_0_257||1|0|13191914673348330|0|0
73|https://www.google.com/search?q=data+types+float&oq=data+types+float&aqs=chrome..69i57j0l5.3791j0j7&sourceid=chrome&ie=UTF-8|data types float - Google Search|1|0|13191914685065246|0|0
74|http://www.staggeringbeauty.com/|Staggering Beauty|2|1|13191915074353348|0|0
75|http://cant-not-tweet-this.com/|Can't Not Tweet This|1|0|13191914939426149|0|0
76|https://cant-not-tweet-this.com/|Can't Not Tweet This|1|0|13191914939426149|0|0
77|http://tinytuba.com/|Tiny Tuba|1|0|13191914951018707|0|0
78|http://heeeeeeeey.com/|HEEEEEEEEEEEEEEY!|1|0|13191914955643735|0|0
79|https://heeeeeeeey.com/|HEEEEEEEEEEEEEEY!|3|0|13191914960419473|0|0
80|https://hooooooooo.com/|HOOOOOOOOOOOOOO!|2|0|13191914959336837|0|0
81|http://www.trypap.com/|Passive Aggressive Passwords|1|0|13191914962490139|0|0
82|https://www.trypap.com/|Passive Aggressive Passwords|1|0|13191914962490139|0|0
83|https://trypap.com/|Passive Aggressive Passwords|1|0|13191914962490139|0|0
84|http://burymewithmymoney.com/|Bury Me With My Money|1|0|13191914974327082|0|0
85|http://www.partridgegetslucky.com/|Partridge Gets Lucky|1|0|13191914997327364|0|0
86|https://docs.google.com/presentation/d/1ZGBVwbD055fzcnudI-pQU3fgEPk7WIt_AVH127H_qzQ/edit#slide=id.g3d17a7de66_0_264||1|0|13191915051715575|0|0
87|https://docs.google.com/presentation/d/1ZGBVwbD055fzcnudI-pQU3fgEPk7WIt_AVH127H_qzQ/edit#slide=id.g3c8fdf14fc_0_0||1|0|13191915053763944|0|0
88|https://docs.google.com/presentation/d/1ZGBVwbD055fzcnudI-pQU3fgEPk7WIt_AVH127H_qzQ/edit#slide=id.g3c8fdf14fc_0_20||1|0|13191915054296297|0|0
89|https://docs.google.com/presentation/d/1ZGBVwbD055fzcnudI-pQU3fgEPk7WIt_AVH127H_qzQ/edit#slide=id.g3c8fdf14fc_0_36||1|0|13191915056565055|0|0
90|https://summer2019.compclub.com.au/day2|Welcome to Day 2 of the 2019 Comp Club Summer School | CompClub 2019 Summer Workshops|4|0|13192001127648004|0|0
91|https://docs.python.org/3/library/turtle.html|turtle — Turtle graphics — Python 3.7.2 documentation|4|1|13191997062789549|0|0
92|https://www.google.com/search?q=pygame+idle+3.7&oq=pygame+idle+3.7&aqs=chrome..69i57.6728j0j7&sourceid=chrome&ie=UTF-8|pygame idle 3.7 - Google Search|1|0|13191981294292658|0|0
93|http://www.pygame.org/downloads.shtml|Downloads|1|0|13191981298125069|0|0
94|https://www.pygame.org/download.shtml|Downloads|1|0|13191981298125069|0|0
95|https://www.pygame.org/news||1|0|13191981303203827|0|0
96|https://www.google.com/search?q=install+pygame+python+3.7&oq=install+pygame+&aqs=chrome.3.69i57j0l5.5184j0j4&sourceid=chrome&ie=UTF-8|install pygame python 3.7 - Google Search|1|0|13191981435301688|0|0
97|https://stackoverflow.com/questions/51139635/cant-install-pygame-with-pip-for-python-3-7-command-python-setup-py-egg-info|Can't install pygame with pip for Python 3.7 - Command "python setup.py egg_info" failed with error code 1 - Stack Overflow|3|0|13191983808331855|0|0
98|https://www.pygame.org/wiki/GettingStarted|GettingStarted - pygame wiki|1|0|13191981455632527|0|0
99|https://www.google.com/search?q=run+python+3+from+atom&oq=run+python+3+from+atom&aqs=chrome..69i57.4959j0j7&sourceid=chrome&ie=UTF-8|run python 3 from atom - Google Search|1|0|13191983263288320|0|0
100|https://stackoverflow.com/questions/35546627/how-to-configure-atom-to-run-python3-scripts|python - How to configure Atom to run Python3 scripts? - Stack Overflow|3|0|13191984193308581|0|0
101|https://www.google.com/search?q=install+wsl&oq=install+wsl&aqs=chrome..69i57j0l5.3720j0j4&sourceid=chrome&ie=UTF-8|install wsl - Google Search|3|0|13191983814302421|0|0
102|http://wsl-guide.org/en/latest/installation.html|Installing WSL (Bash on Ubuntu on Windows) — Windows Subsystem for Linux Guide documentation|1|0|13191983443418016|0|0
103|https://www.google.com/search?ei=TSA9XNDFHsPt9QPogoZQ&q=wsl&oq=wsl&gs_l=psy-ab.3..0i67j0j0i67l5j0i7i30j0l2.4758.5976..6233...0.0..0.178.891.0j6......0....1..gws-wiz.......0i71.O5PH_tQLm4o|wsl - Google Search|1|0|13191983456738319|0|0
104|https://docs.google.com/presentation/d/1QMjMVsmMkqxMA9r-UGDEdqQpfkgFj901fAtXIWr-qAw/edit?usp=sharing|Copy of Game Development - Google Slides|2|0|13191983562488856|0|0
105|https://docs.google.com/presentation/d/1QMjMVsmMkqxMA9r-UGDEdqQpfkgFj901fAtXIWr-qAw/edit||1|0|13191983562532196|0|0
106|https://docs.google.com/presentation/d/1QMjMVsmMkqxMA9r-UGDEdqQpfkgFj901fAtXIWr-qAw/edit#slide=id.g337fd436a2_1_5||1|0|13191983563683946|0|0
107|https://docs.google.com/presentation/d/1QMjMVsmMkqxMA9r-UGDEdqQpfkgFj901fAtXIWr-qAw/edit#slide=id.p||1|0|13191983564774703|0|0
108|https://docs.google.com/presentation/d/1QMjMVsmMkqxMA9r-UGDEdqQpfkgFj901fAtXIWr-qAw/edit#slide=id.g4c0ab1ff68_0_7||1|0|13191983564949047|0|0
109|https://docs.google.com/presentation/d/1QMjMVsmMkqxMA9r-UGDEdqQpfkgFj901fAtXIWr-qAw/edit#slide=id.g337fd436a2_1_0||1|0|13191983565054269|0|0
110|https://docs.google.com/presentation/d/1QMjMVsmMkqxMA9r-UGDEdqQpfkgFj901fAtXIWr-qAw/edit#slide=id.g4c0ab1ff68_0_16||1|0|13191983565251192|0|0
111|https://docs.google.com/presentation/d/1QMjMVsmMkqxMA9r-UGDEdqQpfkgFj901fAtXIWr-qAw/edit#slide=id.g4c0ab1ff68_0_25||1|0|13191983565526878|0|0
112|https://docs.google.com/presentation/d/1QMjMVsmMkqxMA9r-UGDEdqQpfkgFj901fAtXIWr-qAw/edit#slide=id.g4c0ab1ffe2_0_1||1|0|13191983565838825|0|0
113|https://docs.google.com/presentation/d/1QMjMVsmMkqxMA9r-UGDEdqQpfkgFj901fAtXIWr-qAw/edit#slide=id.g4c0ab1ffe2_0_11||10|0|13191984287345992|0|0
114|https://docs.google.com/presentation/d/1QMjMVsmMkqxMA9r-UGDEdqQpfkgFj901fAtXIWr-qAw/edit#slide=id.g4c0ab1ffe2_0_19||14|0|13191984288787440|0|0
115|https://docs.google.com/presentation/d/1QMjMVsmMkqxMA9r-UGDEdqQpfkgFj901fAtXIWr-qAw/edit#slide=id.g4c0ab1ffe2_0_27||5|0|13191984688247007|0|0
116|https://www.google.com/search?q=check+python+version+windows&oq=check+py&aqs=chrome.4.69i57j0l5.4080j0j4&sourceid=chrome&ie=UTF-8|check python version windows - Google Search|2|0|13191983802104378|0|0
117|https://stackoverflow.com/questions/8917885/which-version-of-python-do-i-have-installed|Which version of Python do I have installed? - Stack Overflow|1|0|13191983681952871|0|0
118|https://docs.google.com/presentation/d/1QMjMVsmMkqxMA9r-UGDEdqQpfkgFj901fAtXIWr-qAw/edit#slide=id.g4c0ab1ffe2_0_35||1|0|13191984689057629|0|0
119|https://docs.google.com/presentation/d/1QMjMVsmMkqxMA9r-UGDEdqQpfkgFj901fAtXIWr-qAw/edit#slide=id.g4c0ab1ffe2_0_43||1|0|13191984837026409|0|0
120|https://www.google.com/search?q=python+round+to+nearest+10&oq=python+round+to&aqs=chrome.3.69i57j0l5.7384j0j4&sourceid=chrome&ie=UTF-8|python round to nearest 10 - Google Search|3|0|13191985470435721|0|0
121|https://stackoverflow.com/questions/26454649/python-round-up-to-the-nearest-ten|rounding - Python - round up to the nearest ten - Stack Overflow|2|0|13191985472289326|0|0
122|https://www.google.com/search?q=python+randint&oq=python+randint&aqs=chrome..69i57j0l5.1714j0j7&sourceid=chrome&ie=UTF-8|python randint - Google Search|1|0|13191985197460381|0|0
123|https://docs.python.org/2/library/random.html|9.6. random — Generate pseudo-random numbers — Python 2.7.15 documentation|1|0|13191985199910950|0|0
124|https://stackoverflow.com/questions/34001496/how-do-i-round-up-a-number-to-the-nearest-10-in-python-3-4-0?lq=1|rounding - How do I round up a number to the nearest 10 in python 3.4.0? - Stack Overflow|1|0|13191985459795257|0|0
125|https://stackoverflow.com/questions/8866046/python-round-up-integer-to-next-hundred|math - Python round up integer to next hundred - Stack Overflow|1|0|13191985556913854|0|0
126|https://www.google.com/search?q=size+of+square+turtle+python&oq=size+of+square+turtle+python&aqs=chrome..69i57.11927j0j4&sourceid=chrome&ie=UTF-8|size of square turtle python - Google Search|2|0|13191985820423108|0|0
127|https://stackoverflow.com/questions/25712856/python-turtle-size-in-pixels|Python: Turtle size in pixels - Stack Overflow|1|0|13191985762572291|0|0
128|https://docs.python.org/3.4/library/turtle.html?highlight=turtle|24.1. turtle — Turtle graphics — Python 3.4.9 documentation|1|0|13191985824440149|0|0
129|https://docs.python.org/3.4/library/turtle.html?highlight=turtle#turtle.circle||1|0|13191985838480643|0|0
130|https://docs.google.com/presentation/d/1QMjMVsmMkqxMA9r-UGDEdqQpfkgFj901fAtXIWr-qAw/edit#slide=id.g4c0ab1ffe2_0_53||3|0|13191988426469070|0|0
131|https://docs.google.com/presentation/d/1QMjMVsmMkqxMA9r-UGDEdqQpfkgFj901fAtXIWr-qAw/edit#slide=id.g4c0ab1ffe2_0_62||7|0|13191988641588639|0|0
132|https://docs.google.com/presentation/d/1QMjMVsmMkqxMA9r-UGDEdqQpfkgFj901fAtXIWr-qAw/edit#slide=id.g4c0ab1ffe2_0_97||6|0|13191988642046527|0|0
133|https://docs.google.com/presentation/d/1QMjMVsmMkqxMA9r-UGDEdqQpfkgFj901fAtXIWr-qAw/edit#slide=id.g4c0ab1ffe2_0_71||4|0|13191989500239340|0|0
134|https://docs.google.com/presentation/d/1QMjMVsmMkqxMA9r-UGDEdqQpfkgFj901fAtXIWr-qAw/edit#slide=id.g4c0ab1ffe2_0_81||7|0|13191990313712064|0|0
135|https://docs.google.com/presentation/d/1QMjMVsmMkqxMA9r-UGDEdqQpfkgFj901fAtXIWr-qAw/edit#slide=id.g4c0ab1ffe2_0_89||8|0|13191990416383102|0|0
136|https://docs.google.com/presentation/d/1QMjMVsmMkqxMA9r-UGDEdqQpfkgFj901fAtXIWr-qAw/edit#slide=id.g4c0ab1ffe2_0_105|Copy of Game Development - Google Slides|7|0|13191990417834723|0|0
137|https://docs.google.com/presentation/d/1QMjMVsmMkqxMA9r-UGDEdqQpfkgFj901fAtXIWr-qAw/edit#slide=id.g4747f2f9ff_1_5||4|0|13191990417494763|0|0
138|https://docs.google.com/presentation/d/1QMjMVsmMkqxMA9r-UGDEdqQpfkgFj901fAtXIWr-qAw/edit#slide=id.g4c17cd19ee_0_5||4|0|13191991258266332|0|0
139|https://www.google.com/search?q=turtle+pen.&oq=turtle+pen.&aqs=chrome..69i57j0l5.1784j0j7&sourceid=chrome&ie=UTF-8|turtle pen. - Google Search|1|0|13191990625926084|0|0
140|https://docs.python.org/2/library/turtle.html|24.5. turtle — Turtle graphics for Tk — Python 2.7.15 documentation|3|0|13191998794259057|0|0
141|https://docs.python.org/3/library/turtle.html#turtle.down||1|0|13191990640993051|0|0
142|https://docs.python.org/3/library/turtle.html#turtle.hideturtle||1|0|13191990712725089|0|0
143|https://www.google.com/search?q=turtle+write+text+colur&oq=turtle+write+text+colur&aqs=chrome..69i57j33.11327j0j4&sourceid=chrome&ie=UTF-8|turtle write text colur - Google Search|1|0|13191990770026051|0|0
144|https://docs.python.org/3.3/library/turtle.html?highlight=turtle|24.1. turtle — Turtle graphics — Python 3.3.7 documentation|1|0|13191990775253334|0|0
145|https://docs.python.org/3.3/library/turtle.html?highlight=turtle#turtle.write||1|0|13191990781550545|0|0
146|https://www.google.com/search?q=pen.write&oq=pen.write&aqs=chrome..69i57j0l5.4807j1j4&sourceid=chrome&ie=UTF-8|pen.write - Google Search|1|0|13191991087116217|0|0
147|https://www.google.com/search?ei=Lj49XJuFPIioyAPSmrvQDA&q=pen.write+python&oq=pen.write+pythi&gs_l=psy-ab.3.0.0i13.2347.3356..4121...0.0..0.212.1065.0j5j1......0....1..gws-wiz.......0j0i30j0i22i30.50XsvJjl5c4|pen.write python - Google Search|1|0|13191991092083448|0|0
148|https://docs.python.org/2/library/turtle.html#turtle.pen||1|0|13191991111376389|0|0
149|https://docs.python.org/2/library/turtle.html#turtle.setx||1|0|13191991180296855|0|0
150|https://www.google.com/search?q=600%2F5&oq=600%2F5&aqs=chrome..69i57j6j0l4.1671j0j7&sourceid=chrome&ie=UTF-8|600/5 - Google Search|1|0|13191991411601388|0|0
151|https://www.google.com/search?q=python+turtle+time&oq=python+turtle+time&aqs=chrome..69i57j0l2.14639j0j7&sourceid=chrome&ie=UTF-8|python turtle time - Google Search|1|0|13191992214807905|0|0
152|https://www.google.com/search?q=turtle+clock+python&oq=turtle+clock+python&aqs=chrome..69i57j0l2.4007j0j7&sourceid=chrome&ie=UTF-8|turtle clock python - Google Search|3|0|13191997063870562|0|0
153|https://gist.github.com/4165cc3477dcfb6eba966c32837991b4|Python Turtle Clock · GitHub|1|0|13191992229704994|0|0
154|https://gist.github.com/wolfospealain/4165cc3477dcfb6eba966c32837991b4|Python Turtle Clock · GitHub|1|0|13191992229704994|0|0
155|https://docs.python.org/3/library/turtle.html#turtle.ontimer||1|0|13191992239527413|0|0
156|https://www.google.com/search?ei=okI9XKD6Etqo9QPt1bzYDA&q=turtle+repeated+timer&oq=turtle+repeated+timer&gs_l=psy-ab.3...3776.5481..5635...0.0..0.192.1894.0j13......0....1..gws-wiz.......0i71j0j0i22i30j0i22i10i30j0i13i30j0i13i5i30j0i8i13i30j33i160j33i21.gkgCCpIoVz8|turtle repeated timer - Google Search|1|0|13191997070194467|0|0
157|https://www.google.com/search?ei=jlU9XOr0Acmm9QOm7KqAAg&q=python+turtle+repeated+timer&oq=python+turtle+repeated+timer&gs_l=psy-ab.3...5583.6824..6965...0.0..0.141.912.0j7......0....1..gws-wiz.......0i71.eNWuTJFjVt8|python turtle repeated timer - Google Search|2|0|13191997242054876|0|0
158|http://interactivepython.org/runestone/static/CS152f17/GUIandEventDrivenProgramming/10_timer_events.html|14.30. Timer Events — How to Think like a Computer Scientist: Interactive Edition|1|0|13191997081212570|0|0
159|https://www.google.com/search?ei=llU9XPG6CsiFyAOZk6KYAw&q=python3+turtle+repeated+timer&oq=python3+turtle+repeated+timer&gs_l=psy-ab.3...1507.1507..1757...0.0..0.142.142.0j1......0....1..gws-wiz.......0i71.ExvUitjiPS8|python3 turtle repeated timer - Google Search|2|0|13191997254419005|0|0
160|https://stackoverflow.com/questions/49038809/turtle-graphics-repeating-squares|python - Turtle Graphics: Repeating Squares - Stack Overflow|1|0|13191997246188154|0|0
161|https://www.google.com/search?q=delete+turtle+python&oq=delete+turtle&aqs=chrome.0.0j69i57j0l4.3440j0j7&sourceid=chrome&ie=UTF-8|delete turtle python - Google Search|2|0|13191998099128985|0|0
162|https://stackoverflow.com/questions/43972351/how-to-fully-delete-a-turtle|python - How to fully delete a turtle - Stack Overflow|3|0|13191998933866027|0|0
163|https://www.reddit.com/r/learnpython/comments/3md5kj/how_to_delete_turtles/|How to delete turtles? : learnpython|2|0|13191998103430956|0|0
164|https://www.programcreek.com/python/example/101537/turtle.clear|turtle.clear Python Example|1|0|13191998104871226|0|0
165|https://www.google.com/search?q=delete+turtle+object+python&oq=delete+turtle+object+python&aqs=chrome..69i57.8223j0j7&sourceid=chrome&ie=UTF-8|delete turtle object python - Google Search|3|0|13191999003698276|0|0
166|https://www.reddit.com/r/learnprogramming/comments/9res5k/python_how_do_i_delete_a_turtle/|Python: How do I delete a turtle? : learnprogramming|2|0|13191998983911461|0|0
167|http://cafeferguson.com/learn/python/turtles/|Python Turtles – Cafe Ferguson|1|0|13191999015962509|0|0
168|https://www.google.com/search?q=python+idle+untabify&oq=untabify+idle&aqs=chrome.1.69i57j0l2.9135j0j4&sourceid=chrome&ie=UTF-8|python idle untabify - Google Search|2|0|13191999534133320|0|0
169|https://stackoverflow.com/questions/1610305/how-do-i-unindent-using-idle-python-gui|user interface - How do I unindent using IDLE (Python gui) - Stack Overflow|1|0|13191999527778885|0|0
170|https://www.google.com/search?ei=JV89XJqrHMH59QPI65rYCg&q=python+list+del&oq=python+list+del&gs_l=psy-ab.3..0l10.500962.502321..503171...0.0..0.218.1582.0j9j1......0....1..gws-wiz.......0i71j0i67j0i10.G6nJJ-UwTC8|python list del - Google Search|1|0|13192000037704290|0|0
171|https://stackoverflow.com/questions/11520492/difference-between-del-remove-and-pop-on-lists|python - Difference between del, remove and pop on lists - Stack Overflow|1|0|13192000042870411|0|0
172|https://www.google.com/search?q=random+float&oq=random+float&aqs=chrome..69i57j0l5.2367j0j4&sourceid=chrome&ie=UTF-8|random float - Google Search|1|0|13192000794988054|0|0
173|https://www.google.com/search?ei=GmQ9XLjlMoSoyAOEyp_4AQ&q=random+float+python&oq=random+float&gs_l=psy-ab.3.0.0i71l8.0.0..2152...0.0..0.0.0.......0......gws-wiz.iHyLQGTEc-s|random float python - Google Search|1|0|13192000797985248|0|0
174|https://stackoverflow.com/questions/6088077/how-to-get-a-random-number-between-a-float-range|python - How to get a random number between a float range? - Stack Overflow|1|0|13192000800570364|0|0
175|https://www.google.com/search?q=matebook+x+pro&oq=matebook+x+pro&aqs=chrome..69i57j0l5.3207j0j4&sourceid=chrome&ie=UTF-8|matebook x pro - Google Search|2|0|13192000884379034|0|0
176|https://consumer.huawei.com/au/laptops/matebook-x-pro/|HUAWEI MateBook X Pro | Tablet and PC | HUAWEI Australia|1|0|13192000880515617|0|0
177|https://www.microsoft.com/en-au/p/huawei-matebook-x-pro-laptop/8n4k86d4j006|Buy Huawei Matebook X Pro Laptop - Microsoft Store en-AU|6|0|13192000888141320|0|0
178|https://www.microsoft.com/en-au/p/huawei-matebook-x-pro-laptop/8n4k86d4j006?activetab=pivot%3aoverviewtab||2|0|13192000888988711|0|0
179|https://www.google.com/search?q=running+in+the+90s&oq=running+in+the&aqs=chrome.1.69i57j0l5.2183j0j7&sourceid=chrome&ie=UTF-8|running in the 90s - Google Search|1|0|13192001104876950|0|0
180|http://slither.io/|slither.io|5|5|13192256960228947|0|0
181|https://summer2019.compclub.com.au/day3|Day 3: Microbits! | CompClub 2019 Summer Workshops|2|1|13192153980650645|0|0
182|https://docs.google.com/presentation/d/14BvJKEm9pyPOfLtZMkCAMwwwF6nVjmo8G5C3P7PULuw/edit#slide=id.g337fd436a2_1_5|Microbits Workshop - Google Slides|2|0|13192153890812299|0|0
183|https://summer2019.compclub.com.au/day4|Some useful links: | CompClub 2019 Summer Workshops|2|2|13192255842514434|0|0
184|https://repl.it/@Bidran/CoordinatedFantasticBackslash|Repl.it - CoordinatedFantasticBackslash|2|0|13192153993819927|0|0
185|https://www.google.com/search?q=|Google|1|0|13192163731323786|0|0
186|https://www.google.com/webhp|Google|1|0|13192163731323786|0|0
187|https://www.google.com/search?source=hp&ei=k-A_XJrxBtPJrQGEnYOIBw&q=http%3A%2F%2F66.220.144.0%2F&btnK=Google+Search&oq=http%3A%2F%2F66.220.144.0%2F&gs_l=psy-ab.3...1016.1016..1259...0.0..0.129.129.0j1......0....2j1..gws-wiz.....0.bEu_Gv9ZUac|http://66.220.144.0/ - Google Search|1|0|13192163732966208|0|0
188|https://www.google.com/search?ei=lOA_XLeaM9O5rQG_vZbwBQ&q=66.220.144.0&oq=66.220.144.0&gs_l=psy-ab.3...1344.5488..5918...0.0..1.189.1145.0j8......0....1..gws-wiz.h5q9bD7HZr4|66.220.144.0 - Google Search|1|0|13192163739660436|0|0
189|https://dnslytics.com/ip/66.220.144.0|66.220.144.0 - Facebook, Inc., United States|1|0|13192163744526289|0|0
190|https://www.google.com/search?q=ipstat&oq=ipstat&aqs=chrome..69i57j0l5.3224j0j7&sourceid=chrome&ie=UTF-8|ipstat - Google Search|1|0|13192164087993339|0|0
191|https://www.google.com/search?ei=9-E_XNOPNMn0rQGH05jQDQ&q=ip+info&oq=ip+info&gs_l=psy-ab.3..0l10.2843.4798..5074...0.0..0.125.834.0j7......0....1..gws-wiz.......0i71j0i131.Nz57bTmstQk|ip info - Google Search|1|0|13192164093740946|0|0
192|https://www.google.com/search?ei=_eE_XOmnJJjurQGL2KTgCA&q=ipstack&oq=ipstack&gs_l=psy-ab.3..0i67j0l7j0i10j0.8780.9969..10238...0.0..0.134.874.0j7......0....1..gws-wiz.......0i71j0i131i67j0i131j0i10i67.-qYmfk00mxo|ipstack - Google Search|1|0|13192164104896319|0|0
193|https://ipstack.com/|ipstack - Free IP Geolocation API|1|0|13192164107686341|0|0
194|https://www.google.com/search?q=ipstack&oq=ipstack&aqs=chrome.0.69i59j69i60j0l4.1287j0j7&sourceid=chrome&ie=UTF-8|ipstack - Google Search|1|0|13192165658588830|0|0
195|https://ipstack.com/documentation|API Documentation - ipstack|1|0|13192165662893454|0|0
196|http://slither.io/#fuckoffthisismyserver||1|1|13192168585559543|0|0
197|https://www.google.com/search?q=running+in+the+90s&oq=runn&aqs=chrome.1.69i57j69i59j0l4.1472j0j7&sourceid=chrome&ie=UTF-8|running in the 90s - Google Search|1|0|13192168834263865|0|0
198|https://www.youtube.com/watch?v=BJ0xBCwkg3E|YouTube|1|0|13192168871026690|0|0
199|https://www.google.com/search?q=css&oq=css&aqs=chrome..69i57j0l5.1783j0j7&sourceid=chrome&ie=UTF-8|css - Google Search|1|0|13192169201441936|0|0
200|https://www.w3schools.com/css/|CSS Tutorial|1|0|13192255842308216|0|0
201|https://www.w3schools.com/css/tryit.asp?filename=trycss_default|Tryit Editor v3.6|1|0|13192255842652420|0|0
202|http://summer2019.compclub.com.au/day4_files/index_html|CompClub 2019 Summer Workshops|1|0|13192169867988779|0|0
203|https://summer2019.compclub.com.au/day4_files/index_html|CompClub 2019 Summer Workshops|1|0|13192255842510786|0|0
204|http://summer2019.compclub.com.au/day4_files/results_html|CompClub 2019 Summer Workshops|1|0|13192169882278169|0|0
205|https://summer2019.compclub.com.au/day4_files/results_html|CompClub 2019 Summer Workshops|1|0|13192255842505749|0|0
206|http://summer2019.compclub.com.au/day4_files/index_css|CompClub 2019 Summer Workshops|1|0|13192169898379018|0|0
207|https://summer2019.compclub.com.au/day4_files/index_css|CompClub 2019 Summer Workshops|1|0|13192169898379018|0|0
208|https://www.google.com/search?q=slitherio+hacks&oq=slitherio+hacks&aqs=chrome..69i57j0l5.4960j0j7&sourceid=chrome&ie=UTF-8|slitherio hacks - Google Search|1|0|13192256727784607|0|0
209|https://www.google.com/search?q=slither+io+hacks&spell=1&sa=X&ved=0ahUKEwigz428tfbfAhUPfn0KHa-2AAwQBQgpKAA&biw=1920&bih=983|slither io hacks - Google Search|1|0|13192256729970206|0|0
210|https://greasyfork.org/en/scripts/by-site/slither.io|User scripts for slither.io|1|0|13192256737007866|0|0
211|https://greasyfork.org/en/scripts/376675-advanced-slither-io-hack-playeresp-aimbot-auto-respawn|Advanced slither.io HACK (PlayerESP, Aimbot+, Auto Respawn)|1|0|13192256746434498|0|0
212|https://www.google.com/search?q=tamperm&oq=tamperm&aqs=chrome..69i57j0l5.3384j0j7&sourceid=chrome&ie=UTF-8|tamperm - Google Search|1|0|13192256760154397|0|0
213|https://chrome.google.com/webstore/detail/tampermonkey/dhdgffkkebhmkfjojejmpbldmpobfkfo?hl=en|Tampermonkey - Chrome Web Store|1|0|13192256762842658|0|0
214|https://chrome.google.com/webstore/detail/tampermonkey/dhdgffkkebhmkfjojejmpbldmpobfkfo/related?hl=en||1|0|13192256769524087|0|0
215|https://tampermonkey.net/installed.php?version=4.7.63&ext=dhdg&updated=true|Tampermonkey • Chrome|1|0|13192256773144460|0|0
216|http://tampermonkey.net/index.php?version=4.7.63&ext=dhdg&updated=true|Tampermonkey • Chrome|1|0|13192256773144460|0|0
217|https://tampermonkey.net/index.php?version=4.7.63&ext=dhdg&updated=true|Tampermonkey • Chrome|1|0|13192256773144460|0|0
218|chrome-extension://dhdgffkkebhmkfjojejmpbldmpobfkfo/ask.html?aid=269bdd5e-b6aa-4d16-95e6-08d1bd512450|...|1|0|13192256774538037|0|0
219|https://dropbbase.com/download/d844173cdc94e8674dab7ad559f74c22.html|Dropbbase.com | Advanced Aimbot.zip|1|0|13192256789390633|0|0
220|https://dropbbase.com/xggtr/?jdsdax=dd73370a3820c5c9502b7215d6cf20ba11&piaxau=ZTAyMTliZWFhN2NjZjE5MzM2ODk3NGU1ZjEyZjk1NTEuemlw&istgbo=MzE0MDk=&nasxu=NzYxNzI=&olkcx=YWR2YW5jZWRfYWltYm90||1|0|13192256795059410|0|0
221|https://pinkuplanet.ru/?jdsdax=dd73370a3820c5c9502b7215d6cf20ba11&piaxau=ZTAyMTliZWFhN2NjZjE5MzM2ODk3NGU1ZjEyZjk1NTEuemlw&istgbo=MzE0MDk=&nasxu=NzYxNzI=&olkcx=YWR2YW5jZWRfYWltYm90|Download file - advanced_aimbot|2|0|13192256802119195|0|0
222|chrome-extension://dhdgffkkebhmkfjojejmpbldmpobfkfo/options.html#url=&nav=dashboard|...|1|0|13192256808112137|0|0
223|https://tampermonkey.net/scripts.php|Tampermonkey • Userscript Sources|2|0|13192256839835230|0|0
224|https://openuserjs.org/|OpenUserJS|1|0|13192256846471054|0|0
225|https://openuserjs.org/?q=slither.io|OpenUserJS|1|0|13192256857880400|0|0
226|https://openuserjs.org/scripts/KATYA/Clientside_Trail|About | Clientside Trail | Userscripts | OpenUserJS|1|0|13192256885235087|0|0
227|https://openuserjs.org/scripts/Abudullah/Slitheriomods|About | Slitheriomods | Userscripts | OpenUserJS|2|0|13192256942617417|0|0
228|https://openuserjs.org/scripts/geongeorgek/Slither.Feeder|About | Slither.Feeder | Userscripts | OpenUserJS|1|0|13192256905192530|0|0
229|chrome-extension://dhdgffkkebhmkfjojejmpbldmpobfkfo/ask.html?aid=9e1b4929-e11c-4692-8697-be9dc46ea676|...|1|0|13192256908147525|0|0
230|chrome-extension://dhdgffkkebhmkfjojejmpbldmpobfkfo/ask.html?aid=64548852-19de-416a-9112-2915b068254f|...|1|0|13192256944279234|0|0
231|https://www.reddit.com/r/Slitherio/comments/4doxgb/slitherio_overlay_allows_connecting_to_your/|Slitherio overlay, allows connecting to your friends server, tells you your coordinates on the map, FPS and server IP. : Slitherio|2|0|13192256976149731|0|0
232|http://agar.io/|Agar.io|1|1|13192256989543553|0|0
233|https://agar.io/||1|0|13192256990176967|0|0
234|https://agar.io/#ffa||1|0|13192256994026019|0|0
235|http://splix.io/|splix.io|1|1|13192257208341024|0|0
