2019-01-07 02:56:55|https://www.mozilla.org/privacy/firefox/
2019-01-07 02:56:55|https://www.mozilla.org/en-US/privacy/firefox/
2019-01-07 02:56:55|http://aframe.io/
2019-01-07 02:56:57|https://aframe.io/
2019-01-07 02:56:59|https://aframe.io/examples/showcase/helloworld/
2019-01-07 02:57:21|https://glitch.com/~aframe
2019-01-07 03:00:17|https://glitch.com/edit/#!/remix/aframe
2019-01-07 03:00:19|https://glitch.com/edit/#!/
2019-01-07 03:00:19|https://glitch.com/edit/#!/rattle-dance
2019-01-07 03:03:18|https://glitch.com/edit/#!/rattle-dance?path=index.html:17:7
2019-01-07 03:03:19|https://rattle-dance.glitch.me/
2019-01-07 03:10:25|https://rattle-dance.glitch.me/
2019-01-07 03:10:32|https://rattle-dance.glitch.me/
2019-01-07 03:10:32|https://rattle-dance.glitch.me/
2019-01-07 03:10:34|https://rattle-dance.glitch.me/
2019-01-07 03:10:36|https://rattle-dance.glitch.me/
2019-01-07 03:10:45|https://rattle-dance.glitch.me/
2019-01-07 03:10:58|https://rattle-dance.glitch.me/
2019-01-07 03:11:00|https://rattle-dance.glitch.me/
2019-01-07 03:11:29|https://rattle-dance.glitch.me/
2019-01-07 03:11:31|https://rattle-dance.glitch.me/
2019-01-07 03:11:33|https://rattle-dance.glitch.me/
2019-01-07 03:11:33|https://glitch.com/edit/#!/rattle-dance?path=index.html:14:71
2019-01-07 03:13:41|https://rattle-dance.glitch.me/
2019-01-07 03:13:42|https://rattle-dance.glitch.me/
2019-01-07 03:13:47|https://rattle-dance.glitch.me/
2019-01-07 03:13:53|https://rattle-dance.glitch.me/
2019-01-07 03:13:54|https://rattle-dance.glitch.me/
2019-01-07 03:13:55|https://rattle-dance.glitch.me/
2019-01-07 03:14:00|https://rattle-dance.glitch.me/
2019-01-07 03:14:01|https://rattle-dance.glitch.me/
2019-01-07 03:14:03|https://rattle-dance.glitch.me/
2019-01-07 03:14:04|https://rattle-dance.glitch.me/
2019-01-07 03:14:07|https://rattle-dance.glitch.me/
2019-01-07 03:14:09|https://rattle-dance.glitch.me/
2019-01-07 03:14:10|https://rattle-dance.glitch.me/
2019-01-07 03:14:22|https://rattle-dance.glitch.me/
2019-01-07 03:14:23|https://rattle-dance.glitch.me/
2019-01-07 03:14:28|https://rattle-dance.glitch.me/
2019-01-07 03:14:29|https://rattle-dance.glitch.me/
2019-01-07 03:14:30|https://rattle-dance.glitch.me/
2019-01-07 03:14:33|https://rattle-dance.glitch.me/
2019-01-07 03:14:34|https://rattle-dance.glitch.me/
2019-01-07 03:14:35|https://rattle-dance.glitch.me/
2019-01-07 03:14:37|https://rattle-dance.glitch.me/
2019-01-07 03:14:39|https://rattle-dance.glitch.me/
2019-01-07 03:14:58|https://rattle-dance.glitch.me/
2019-01-07 03:14:59|https://rattle-dance.glitch.me/
2019-01-07 03:15:01|https://rattle-dance.glitch.me/
2019-01-07 03:15:02|https://rattle-dance.glitch.me/
2019-01-07 03:15:06|https://rattle-dance.glitch.me/
2019-01-07 03:15:07|https://rattle-dance.glitch.me/
2019-01-07 03:15:09|https://rattle-dance.glitch.me/
2019-01-07 03:15:12|https://rattle-dance.glitch.me/
2019-01-07 03:15:13|https://rattle-dance.glitch.me/
2019-01-07 03:15:13|https://rattle-dance.glitch.me/
2019-01-07 03:15:14|https://rattle-dance.glitch.me/
2019-01-07 03:15:15|https://rattle-dance.glitch.me/
2019-01-07 03:15:15|https://rattle-dance.glitch.me/
2019-01-07 03:15:20|https://rattle-dance.glitch.me/
2019-01-07 03:15:22|https://rattle-dance.glitch.me/
2019-01-07 03:15:24|https://rattle-dance.glitch.me/
2019-01-07 03:15:25|https://rattle-dance.glitch.me/
2019-01-07 03:15:28|https://rattle-dance.glitch.me/
2019-01-07 03:15:29|https://rattle-dance.glitch.me/
2019-01-07 03:15:31|https://rattle-dance.glitch.me/
2019-01-07 03:15:33|https://rattle-dance.glitch.me/
2019-01-07 03:15:33|https://rattle-dance.glitch.me/
2019-01-07 03:15:36|https://rattle-dance.glitch.me/
2019-01-07 03:15:38|https://rattle-dance.glitch.me/
2019-01-07 03:15:41|https://rattle-dance.glitch.me/
2019-01-07 03:15:43|https://rattle-dance.glitch.me/
2019-01-07 03:15:46|https://rattle-dance.glitch.me/
2019-01-07 03:15:50|https://rattle-dance.glitch.me/
2019-01-07 03:15:54|https://rattle-dance.glitch.me/
2019-01-07 03:15:54|https://rattle-dance.glitch.me/
2019-01-07 03:15:58|https://rattle-dance.glitch.me/
2019-01-07 03:16:01|https://rattle-dance.glitch.me/
2019-01-07 03:16:06|https://rattle-dance.glitch.me/
2019-01-07 03:16:07|https://rattle-dance.glitch.me/
2019-01-07 03:16:08|https://rattle-dance.glitch.me/
2019-01-07 03:16:12|https://rattle-dance.glitch.me/
2019-01-07 03:16:13|https://rattle-dance.glitch.me/
2019-01-07 03:16:16|https://rattle-dance.glitch.me/
2019-01-07 03:16:18|https://rattle-dance.glitch.me/
2019-01-07 03:16:21|https://rattle-dance.glitch.me/
2019-01-07 03:16:21|https://rattle-dance.glitch.me/
2019-01-07 03:16:35|https://rattle-dance.glitch.me/
2019-01-07 03:16:37|https://glitch.com/edit/#!/rattle-dance?path=index.html:18:52
2019-01-07 03:17:14|https://rattle-dance.glitch.me/
2019-01-07 03:17:16|https://rattle-dance.glitch.me/
2019-01-07 03:17:18|https://rattle-dance.glitch.me/
2019-01-07 03:17:20|https://rattle-dance.glitch.me/
2019-01-07 03:17:24|https://rattle-dance.glitch.me/
2019-01-07 03:17:30|https://rattle-dance.glitch.me/
2019-01-07 03:17:31|https://glitch.com/edit/#!/rattle-dance?path=index.html:19:9
2019-01-07 03:20:27|https://rattle-dance.glitch.me/
2019-01-07 03:20:40|https://rattle-dance.glitch.me/
2019-01-07 03:20:46|https://rattle-dance.glitch.me/
2019-01-07 03:20:49|https://rattle-dance.glitch.me/
2019-01-07 03:20:52|https://rattle-dance.glitch.me/
2019-01-07 03:20:59|https://rattle-dance.glitch.me/
2019-01-07 03:21:00|https://rattle-dance.glitch.me/
2019-01-07 03:21:04|https://rattle-dance.glitch.me/
2019-01-07 03:21:06|https://rattle-dance.glitch.me/
2019-01-07 03:21:13|https://rattle-dance.glitch.me/
2019-01-07 03:21:14|https://rattle-dance.glitch.me/
2019-01-07 03:21:18|https://rattle-dance.glitch.me/
2019-01-07 03:21:20|https://rattle-dance.glitch.me/
2019-01-07 03:21:25|https://rattle-dance.glitch.me/
2019-01-07 03:21:26|https://glitch.com/edit/#!/rattle-dance?path=index.html:26:28
2019-01-07 03:21:42|https://rattle-dance.glitch.me/
2019-01-07 03:21:46|https://rattle-dance.glitch.me/
2019-01-07 03:21:49|https://rattle-dance.glitch.me/
2019-01-07 03:21:51|https://rattle-dance.glitch.me/
2019-01-07 03:21:52|https://rattle-dance.glitch.me/
2019-01-07 03:21:59|https://rattle-dance.glitch.me/
2019-01-07 03:22:01|https://rattle-dance.glitch.me/
2019-01-07 03:22:01|https://rattle-dance.glitch.me/
2019-01-07 03:24:26|https://rattle-dance.glitch.me/
2019-01-07 03:24:27|https://glitch.com/edit/#!/rattle-dance?path=index.html:24:27
2019-01-07 03:56:13|https://rattle-dance.glitch.me/
2019-01-07 03:56:15|https://aframe.io/docs/
2019-01-07 03:56:16|https://aframe.io/docs/0.8.0/introduction/
2019-01-07 03:58:23|https://aframe.io/examples/showcase/helloworld/
2019-01-07 04:01:06|https://glitch.com/~aframe
2019-01-07 04:01:31|https://glitch.com/edit/#!/remix/aframe
2019-01-07 04:01:32|https://glitch.com/edit/#!/
2019-01-07 04:01:32|https://glitch.com/edit/#!/daffodil-spruce
2019-01-07 04:03:15|https://glitch.com/edit/#!/daffodil-spruce?path=index.html:1:0
2019-01-07 04:03:16|https://glitch.com/edit/#!/
2019-01-07 04:03:16|https://glitch.com/edit/#!/daffodil-spruce
2019-01-07 04:03:55|https://glitch.com/edit/#!/daffodil-spruce?path=index.html:12:65
2019-01-07 04:04:01|https://www.google.com/search?q=HTML+COLOUR+CODES&ie=utf-8&oe=utf-8&client=firefox-b-ab
2019-01-07 04:04:04|https://www.rapidtables.com/web/color/html-color-codes.html
2019-01-07 04:04:29|https://glitch.com/edit/#!/daffodil-spruce?path=index.html:11:60
2019-01-07 04:04:49|https://glitch.com/edit/#!/daffodil-spruce?path=index.html:12:59
2019-01-07 04:05:02|https://glitch.com/edit/#!/daffodil-spruce?path=index.html:13:79
2019-01-07 04:05:15|https://glitch.com/edit/#!/daffodil-spruce?path=index.html:14:81
2019-01-07 04:05:16|https://daffodil-spruce.glitch.me/
2019-01-07 04:08:43|https://glitch.com/edit/#!/daffodil-spruce?path=index.html:10:39
2019-01-07 04:09:21|https://glitch.com/edit/#!/daffodil-spruce?path=index.html:13:15
2019-01-07 04:09:21|https://daffodil-spruce.glitch.me/
2019-01-07 04:09:57|https://daffodil-spruce.glitch.me/
2019-01-07 04:10:02|https://daffodil-spruce.glitch.me/
2019-01-07 04:10:04|https://daffodil-spruce.glitch.me/
2019-01-07 04:10:11|https://daffodil-spruce.glitch.me/
2019-01-07 04:10:13|https://daffodil-spruce.glitch.me/
2019-01-07 04:10:14|https://daffodil-spruce.glitch.me/
2019-01-07 04:10:17|https://daffodil-spruce.glitch.me/
2019-01-07 04:10:18|https://daffodil-spruce.glitch.me/
2019-01-07 04:10:21|https://daffodil-spruce.glitch.me/
2019-01-07 04:10:22|https://daffodil-spruce.glitch.me/
2019-01-07 04:10:26|https://daffodil-spruce.glitch.me/
2019-01-07 04:10:28|https://daffodil-spruce.glitch.me/
2019-01-07 04:10:34|https://daffodil-spruce.glitch.me/
2019-01-07 04:10:35|https://daffodil-spruce.glitch.me/
2019-01-07 04:10:36|https://daffodil-spruce.glitch.me/
2019-01-07 04:10:37|https://daffodil-spruce.glitch.me/
2019-01-07 04:10:38|https://daffodil-spruce.glitch.me/
2019-01-07 04:10:40|https://daffodil-spruce.glitch.me/
2019-01-07 04:10:42|https://daffodil-spruce.glitch.me/
2019-01-07 04:10:45|https://daffodil-spruce.glitch.me/
2019-01-07 04:10:47|https://daffodil-spruce.glitch.me/
2019-01-07 04:10:50|https://daffodil-spruce.glitch.me/
2019-01-07 04:10:54|https://daffodil-spruce.glitch.me/
2019-01-07 04:10:58|https://daffodil-spruce.glitch.me/
2019-01-07 04:10:59|https://daffodil-spruce.glitch.me/
2019-01-07 04:11:00|https://daffodil-spruce.glitch.me/
2019-01-07 04:11:04|https://daffodil-spruce.glitch.me/
2019-01-07 04:11:05|https://daffodil-spruce.glitch.me/
2019-01-07 04:11:09|https://daffodil-spruce.glitch.me/
2019-01-07 04:11:13|https://daffodil-spruce.glitch.me/
2019-01-07 04:11:14|https://daffodil-spruce.glitch.me/
2019-01-07 04:11:15|https://daffodil-spruce.glitch.me/
2019-01-07 04:11:19|https://daffodil-spruce.glitch.me/
2019-01-07 04:11:22|https://daffodil-spruce.glitch.me/
2019-01-07 04:11:22|https://daffodil-spruce.glitch.me/
2019-01-07 04:11:24|https://daffodil-spruce.glitch.me/
2019-01-07 04:11:29|https://daffodil-spruce.glitch.me/
2019-01-07 04:11:33|https://daffodil-spruce.glitch.me/
2019-01-07 04:11:37|https://daffodil-spruce.glitch.me/
2019-01-07 04:11:40|https://daffodil-spruce.glitch.me/
2019-01-07 04:11:52|https://daffodil-spruce.glitch.me/
2019-01-07 04:11:57|https://daffodil-spruce.glitch.me/
2019-01-07 04:11:59|https://daffodil-spruce.glitch.me/
2019-01-07 04:12:02|https://daffodil-spruce.glitch.me/
2019-01-07 04:12:07|https://daffodil-spruce.glitch.me/
2019-01-07 04:12:13|https://daffodil-spruce.glitch.me/
2019-01-07 04:12:20|https://daffodil-spruce.glitch.me/
2019-01-07 04:12:25|https://daffodil-spruce.glitch.me/
2019-01-07 04:12:27|https://daffodil-spruce.glitch.me/
2019-01-07 04:12:30|https://daffodil-spruce.glitch.me/
2019-01-07 04:12:31|https://daffodil-spruce.glitch.me/
2019-01-07 04:12:32|https://daffodil-spruce.glitch.me/
2019-01-07 04:12:33|https://daffodil-spruce.glitch.me/
2019-01-07 04:12:35|https://daffodil-spruce.glitch.me/
2019-01-07 04:12:38|https://daffodil-spruce.glitch.me/
2019-01-07 04:12:39|https://daffodil-spruce.glitch.me/
2019-01-07 04:12:44|https://daffodil-spruce.glitch.me/
2019-01-07 04:12:45|https://daffodil-spruce.glitch.me/
2019-01-07 04:12:49|https://daffodil-spruce.glitch.me/
2019-01-07 04:12:50|https://daffodil-spruce.glitch.me/
2019-01-07 04:12:53|https://daffodil-spruce.glitch.me/
2019-01-07 04:12:54|https://daffodil-spruce.glitch.me/
2019-01-07 04:12:57|https://daffodil-spruce.glitch.me/
2019-01-07 04:13:00|https://daffodil-spruce.glitch.me/
2019-01-07 04:13:02|https://daffodil-spruce.glitch.me/
2019-01-07 04:13:04|https://daffodil-spruce.glitch.me/
2019-01-07 04:13:06|https://daffodil-spruce.glitch.me/
2019-01-07 04:13:09|https://daffodil-spruce.glitch.me/
2019-01-07 04:13:13|https://daffodil-spruce.glitch.me/
2019-01-07 04:13:15|https://daffodil-spruce.glitch.me/
2019-01-07 04:13:16|https://daffodil-spruce.glitch.me/
2019-01-07 04:13:20|https://daffodil-spruce.glitch.me/
2019-01-07 04:13:21|https://daffodil-spruce.glitch.me/
2019-01-07 04:13:25|https://daffodil-spruce.glitch.me/
2019-01-07 04:13:28|https://daffodil-spruce.glitch.me/
2019-01-07 04:13:30|https://daffodil-spruce.glitch.me/
2019-01-07 04:13:34|https://daffodil-spruce.glitch.me/
2019-01-07 04:13:36|https://daffodil-spruce.glitch.me/
2019-01-07 04:13:37|https://daffodil-spruce.glitch.me/
2019-01-07 04:13:42|https://daffodil-spruce.glitch.me/
2019-01-07 04:13:50|https://daffodil-spruce.glitch.me/
2019-01-07 04:13:52|https://glitch.com/edit/#!/daffodil-spruce?path=index.html:23:22
2019-01-07 04:14:27|https://glitch.com/edit/#!/daffodil-spruce?path=index.html:17:8
2019-01-07 04:14:32|https://glitch.com/edit/#!/daffodil-spruce?path=index.html:22:14
2019-01-07 04:14:41|https://glitch.com/edit/#!/daffodil-spruce?path=index.html:13:39
2019-01-07 04:14:41|https://daffodil-spruce.glitch.me/
2019-01-07 04:15:22|https://daffodil-spruce.glitch.me/
2019-01-07 04:15:24|https://daffodil-spruce.glitch.me/
2019-01-07 04:15:29|https://daffodil-spruce.glitch.me/
2019-01-07 04:15:30|https://glitch.com/edit/#!/daffodil-spruce?path=index.html:26:7
2019-01-07 04:15:44|https://glitch.com/edit/#!/daffodil-spruce?path=index.html:24:12
2019-01-07 04:16:38|https://daffodil-spruce.glitch.me/
2019-01-07 04:16:41|https://daffodil-spruce.glitch.me/
2019-01-07 04:16:42|https://daffodil-spruce.glitch.me/
2019-01-07 04:16:43|https://daffodil-spruce.glitch.me/
2019-01-07 04:16:48|https://daffodil-spruce.glitch.me/
2019-01-07 04:16:52|https://daffodil-spruce.glitch.me/
2019-01-07 04:16:53|https://glitch.com/edit/#!/daffodil-spruce?path=index.html:22:12
2019-01-07 04:17:00|https://daffodil-spruce.glitch.me/
2019-01-07 04:18:04|https://daffodil-spruce.glitch.me/
2019-01-07 04:18:07|https://daffodil-spruce.glitch.me/
2019-01-07 04:18:11|https://daffodil-spruce.glitch.me/
2019-01-07 04:18:24|https://daffodil-spruce.glitch.me/
2019-01-07 04:18:31|https://daffodil-spruce.glitch.me/
2019-01-07 04:18:33|https://glitch.com/edit/#!/daffodil-spruce?path=index.html:20:36
2019-01-07 04:18:43|https://glitch.com/edit/#!/daffodil-spruce?path=index.html:33:7
2019-01-07 04:18:43|https://daffodil-spruce.glitch.me/
2019-01-07 04:18:50|https://daffodil-spruce.glitch.me/
2019-01-07 04:18:56|https://glitch.com/edit/#!/daffodil-spruce?path=index.html:25:19
2019-01-07 04:19:03|https://glitch.com/edit/#!/daffodil-spruce?path=index.html:31:12
2019-01-07 04:19:31|https://glitch.com/edit/#!/daffodil-spruce?path=index.html:31:7
2019-01-07 04:19:31|https://daffodil-spruce.glitch.me/
2019-01-07 04:22:52|https://daffodil-spruce.glitch.me/
2019-01-07 04:22:56|https://daffodil-spruce.glitch.me/
2019-01-07 04:22:57|https://daffodil-spruce.glitch.me/
2019-01-07 04:22:59|https://daffodil-spruce.glitch.me/
2019-01-07 04:23:02|https://glitch.com/edit/#!/daffodil-spruce?path=index.html:25:23
2019-01-07 04:23:23|https://daffodil-spruce.glitch.me/
2019-01-07 04:23:25|https://glitch.com/edit/#!/daffodil-spruce?path=index.html:25:19
2019-01-07 04:23:25|https://daffodil-spruce.glitch.me/
2019-01-07 04:23:35|https://daffodil-spruce.glitch.me/
2019-01-07 04:23:41|https://daffodil-spruce.glitch.me/
2019-01-07 04:23:44|https://daffodil-spruce.glitch.me/
2019-01-07 04:23:45|https://daffodil-spruce.glitch.me/
2019-01-07 04:23:47|https://glitch.com/edit/#!/daffodil-spruce?path=index.html:25:24
2019-01-07 04:24:08|https://daffodil-spruce.glitch.me/
2019-01-07 04:24:27|https://daffodil-spruce.glitch.me/
2019-01-07 04:24:38|https://daffodil-spruce.glitch.me/
2019-01-07 04:24:39|https://daffodil-spruce.glitch.me/
2019-01-07 04:24:40|https://daffodil-spruce.glitch.me/
2019-01-07 04:24:42|https://daffodil-spruce.glitch.me/
2019-01-07 04:24:45|https://daffodil-spruce.glitch.me/
2019-01-07 04:24:46|https://glitch.com/edit/#!/daffodil-spruce?path=index.html:16:25
2019-01-07 04:24:50|https://daffodil-spruce.glitch.me/
2019-01-07 04:25:03|https://daffodil-spruce.glitch.me/
2019-01-07 04:25:06|https://daffodil-spruce.glitch.me/
2019-01-07 04:25:09|https://glitch.com/edit/#!/daffodil-spruce?path=index.html:17:13
2019-01-07 04:25:10|https://daffodil-spruce.glitch.me/
2019-01-07 04:26:03|https://daffodil-spruce.glitch.me/
2019-01-07 04:26:06|https://glitch.com/edit/#!/daffodil-spruce?path=index.html:25:15
2019-01-07 04:26:17|https://www.google.com/search?q=roating+an+onbject+in+html&ie=utf-8&oe=utf-8&client=firefox-b-ab
2019-01-07 04:26:34|https://www.google.com/search?q=rotating+an+object+in+html&client=firefox-b-ab&source=lnms&tbm=isch&sa=X&ved=0ahUKEwif6aiK6trfAhWHa94KHV8rBHAQ_AUIDygC&biw=1920&bih=912
2019-01-07 04:26:56|https://daffodil-spruce.glitch.me/
2019-01-07 04:26:59|https://glitch.com/edit/#!/daffodil-spruce?path=index.html:25:25
2019-01-07 04:26:59|https://daffodil-spruce.glitch.me/
2019-01-16 03:42:09|http://python.microbit.org/
2019-01-16 03:42:10|https://python.microbit.org/
2019-01-16 03:42:10|https://python.microbit.org/v/1.1
2019-01-16 03:42:13|https://python-editor-1-1-2.microbit.org/#
2019-01-16 03:43:29|https://python-editor-1-1-2.microbit.org/#
2019-01-16 03:44:14|https://python-editor-1-1-2.microbit.org/#
2019-01-18 01:00:33|http://ctf.compclub.com.au/
2019-01-18 01:00:33|https://ctf.compclub.com.au/
2019-01-18 01:00:33|https://ctf.compclub.com.au/invite?next=%2F
2019-01-18 01:00:33|https://ctf.compclub.com.au/invite/
2019-01-18 01:11:01|https://www.youtube.com/watch?v=dQw4w9WgXcQ
2019-01-18 01:11:26|http://ctf.compclub.com.au/
2019-01-18 01:11:26|https://ctf.compclub.com.au/
2019-01-18 01:11:26|https://ctf.compclub.com.au/invite?next=%2F
2019-01-18 01:11:26|https://ctf.compclub.com.au/invite/
2019-01-18 01:30:11|https://ctf.compclub.com.au/
2019-01-18 01:46:05|http://summer2019.compclub.com.au/
2019-01-18 01:46:05|https://summer2019.compclub.com.au/
2019-01-18 01:46:09|https://summer2019.compclub.com.au/day5
2019-01-18 01:46:50|https://summer2019.compclub.com.au/day1
2019-01-18 01:47:15|https://summer2019.compclub.com.au/day5
2019-01-18 01:47:33|https://summer2019.compclub.com.au/rules
2019-01-18 01:47:47|https://summer2019.compclub.com.au/
2019-01-18 01:49:47|https://ctf.compclub.com.au/
2019-01-18 01:52:13|https://www.youtube.com/watch?v=eaK5_eJRzmA
2019-01-18 03:29:25|https://ctf.compclub.com.au/
2019-01-18 03:29:26|https://ctf.compclub.com.au/invite?next=%2F
2019-01-18 03:29:26|https://ctf.compclub.com.au/invite/
2019-01-18 03:31:57|https://ctf.compclub.com.au/
2019-01-18 04:03:52|https://tinyurl.com/Compclub
2019-01-18 04:03:54|http://testi.zzl.org/compclub/
2019-01-18 04:03:54|http://beta.mybestmv.com/aS/feedclick?s=6sHX-Ntc-6C7uGhBRd0nso8uDhK_8R6jT46ZjpstHTapsJPk5u2nOp1B-kb1vwChg2RvEwrk2epbC7U30TJp2aqiFHILHgmlGujAqrN913GpZ9qnjJS3-I8fVPNyIHVCDoBlQNHP1uM4RfiIYZyFTUFdt7RFlGCmCz2AOgihAIwEbNxWCyn6iKaXlZSGyDAYzxCP06m3VczqWjAmVnFRV2YRoVuv0W-WCqCADjshZ9Q0zv5jBkLIGW9I0w5p-rGfAyWNMxE52TQiN0oFCfz_FrcK8kMQQDOEraZCltKyx_DF916v6qdmvIeY9DIP4u2hlwUHib4JxXuACN_IZTZ9xLTJ-egWBCnoYkNcOUKMDPuO-SfhNKqVwIJEX_LLS59dk5l2ZWptQSDYSlpiDbduNbod8n8dlKOq1GmigWU123FAXhER2mmoGKzPglBSSJ_eMPuO5dKJesgSXfdUBDDiFPeBv9VIQHr5WlVyTZ5lz3oCcIn3CvdPSGmsx6pf3NwHjl8wpbC5UD0XQmIdrIQ9jvQrA8t4z5D7yKalpRjErB5r1G-z9s_Pwty3bliDUptGU1hu6kkC0XWia_iPu8zVsGoV4lvZAilST6qQhsbHGYRf0HB3f36b9G0CNYi0b2biQd4f4HXgJZhC1VlXYJfB_OXQnay9B8ILm46B-09g7oxjFH6ffeneSQeT02o8KM1CkSeS09G60ipiLI4RY9Hb2f6vxVcI-o5ygD4Wl-Q4LgHJsCWh6nIbQkySUa5EOYw0z6iN8_wghi-TBENSMYjcUTYSl9-zZwoOUygUnhZM6h8ntLdzk2gslltoUYUGa7fgUFzzgXWHvaHFEi3oAzEigCuqMwHrz3M3qnOY1h2Odbg3VrPB-uGQJHBcm12MMjlu142505S5ufu7W1nccaIVvxZzeiq9DVh4izBUE1l7WM6p0uzOlKqQ6d6ZTJk1fseIedozOvh8r9KlsereocjznqoICFuH1s-BXKPKM0WI2CNV1NqhRHRukBMtg_dacQAjiuZzm-uvJ7HcYEbT6j02ICHqzSk-KRg7qb2PPeTclohCA2pyqQ9LY3msvYYxuwdIG8xjGWlUoA_aTwFiY4TFaIAeHCy3U_tE0QaSyll-xFFzk6bOVyRFK_lfsL8V505BB9_V1C4UKoL46YDLVv1-xFwK7AXx_U-J4K-TPI9iwUFL_J757K8z6kbsoJ1miIWXWVT6yGGG6OkJTV26Zvsomgw9IP_jqHdsVvnh9tz9ywV2ub9xwX1wHh-8ZwbMirwis_LIpFWHB2aWY-KJHgO21NiRV3kv0FDYvv5kOvfA6JhdbLiISoWJ8OdYw0OhI1CZ3eQxVy8DwJCuYYBuuVU42vftLIzZ-vQ5sAjKIsa6aWInyZ2oLMSkYmWSQsQHXjql
2019-01-18 04:03:54|http://beta.mybestmv.com/adServe/domainClick?ai=4dFSqEVUzOrgUkNW5twovyfJnagsxKRiRZVdKeYcwLNxicYmbId3ggG57fISkMMw9wZHimwyF96xe5PmPsAlX81ChNUa0Z7NrLkGwIpwxUnla1ec0fmQK8dEHDoMcfJ2bSSrcqzmByPqN-Imn_7WcYf18T9CpHqCT2L9NFyVXF55Q47z-CV1ol2k4XVJzHJX8mFgHSWE3TbnB6JkjWzUwwAn_rYhLG87vhoQCW6kOi5oySa7MDR8F3smXgeLf7LqvWKFcaTvGx6PCMY7OkA1wMoEtXIXSCeXAtVKR4gLvEXmhPyBcoyDJVxhBIuZvoGPvsB0iuJvaA4l_jIE1GWrF0-cSEhrDbOxEkcnN0O_o7n7N9RLydVTTptZB4PUkMcort_GhLNyjcewpth3iNEvd_P4BsKUl697UgDHGPx9sdOxxaLzhkg6TSol4S5osn5YR0Ng4Sbb-ewIqJ00PG5Xmw&ui=6sHX-Ntc-6C7uGhBRd0nsixq6YdBHXDJBwM9YFMvL3Je7M7XtOW87oxRGeSlYmwvxuQUx-1JCBjZrG1f6KMdMyqGzgi_hWycZmO3HidM3NVgOBqqOHv21Q&si=1&oref=490ca43209a197598b315c2730d347ab&rb=Mx3ZPtcOPJQ&rb=0
2019-01-18 04:03:56|https://hcliips.com/click.php?key=fu3cel80ps1jeb2pmsj3&subid=350927808069898712108&bid=0.005&site=350927808&source=350927808&clickid=350927808069898712108&browser=Firefox+60&geo=AU&campaign_name=AU-DESK-ZERO&device=Computer&os=Linux
2019-01-18 04:03:56|https://hcliips.com/landers/btc/au?uclick=hefvg6d5
2019-01-18 04:03:56|https://hcliips.com/landers/btc/au/?uclick=hefvg6d5
2019-01-18 04:03:57|https://hcliips.com/landers/btc/au/?uclick=hefvg6d5#
2019-01-18 04:04:17|https://tinyurl.com/CompclubSSS
2019-01-18 04:04:18|https://goo.gl/forms/botU4y0EHarywQeB3
2019-01-18 04:04:19|https://docs.google.com/forms/d/e/1FAIpQLSeTbnbww0Wz7bkuKacSlAFMckT5D3S74bvcZOOiqB7uI7TgZg/viewform?usp=send_form
2019-01-18 04:04:20|https://docs.google.com/forms/d/e/1FAIpQLSeTbnbww0Wz7bkuKacSlAFMckT5D3S74bvcZOOiqB7uI7TgZg/viewform
2019-01-18 04:07:56|https://docs.google.com/forms/d/e/1FAIpQLSeTbnbww0Wz7bkuKacSlAFMckT5D3S74bvcZOOiqB7uI7TgZg/viewform?fbzx=2927229472573982167
2019-01-18 04:14:47|http://ctf.compclub.com.au/
2019-01-18 04:14:47|https://ctf.compclub.com.au/
2019-01-18 04:14:47|https://ctf.compclub.com.au/invite?next=%2F
2019-01-18 04:14:47|https://ctf.compclub.com.au/invite/
2019-01-18 04:14:58|https://ctf.compclub.com.au/
2019-01-18 04:15:15|https://summer2019.compclub.com.au/day5
1|https://www.mozilla.org/privacy/firefox/||1|0|13191303415000000|1|0
2|http://aframe.io/||1|1|13191303415000000|1|0
3|https://aframe.io/examples/showcase/helloworld/|Hello WebVR – A-Frame|1|0|13191303419000000|0|0
4|https://glitch.com/~aframe|aframe|2|0|13191303441000000|0|0
5|https://glitch.com/edit/#!/remix/aframe|Glitch :･ﾟ✧|2|0|13191303617000000|0|0
6|https://glitch.com/edit/#!/|Glitch :･ﾟ✧|3|0|13191303619000000|0|0
7|https://glitch.com/edit/#!/rattle-dance|index.html – rattle-dance|1|0|13191303619000000|0|0
8|https://glitch.com/edit/#!/rattle-dance?path=index.html:17:7|index.html – rattle-dance|1|0|13191303798000000|0|0
9|https://rattle-dance.glitch.me/|Hello, WebVR! • A-Frame|107|0|13191303799000000|0|0
10|https://glitch.com/edit/#!/rattle-dance?path=index.html:14:71|index.html – rattle-dance|1|0|13191304293000000|0|0
11|https://glitch.com/edit/#!/rattle-dance?path=index.html:18:52|index.html – rattle-dance|1|0|13191304597000000|0|0
12|https://glitch.com/edit/#!/rattle-dance?path=index.html:19:9|index.html – rattle-dance|1|0|13191304651000000|0|0
13|https://glitch.com/edit/#!/rattle-dance?path=index.html:26:28|index.html – rattle-dance|1|0|13191304886000000|0|0
14|https://glitch.com/edit/#!/rattle-dance?path=index.html:24:27|index.html – rattle-dance|1|0|13191305067000000|0|0
15|https://aframe.io/docs/|Redirecting...|1|0|13191306975000000|0|0
16|https://aframe.io/docs/0.8.0/introduction/|Introduction – A-Frame|1|0|13191306976000000|0|0
17|https://glitch.com/edit/#!/daffodil-spruce|index.html – daffodil-spruce|2|0|13191307292000000|0|0
18|https://glitch.com/edit/#!/daffodil-spruce?path=index.html:1:0|index.html – daffodil-spruce|1|0|13191307395000000|0|0
19|https://glitch.com/edit/#!/daffodil-spruce?path=index.html:12:65|index.html – daffodil-spruce|1|0|13191307435000000|0|0
20|https://www.google.com/search?q=HTML+COLOUR+CODES&ie=utf-8&oe=utf-8&client=firefox-b-ab|HTML COLOUR CODES - Google Search|1|1|13191307441000000|0|0
21|https://www.rapidtables.com/web/color/html-color-codes.html|HTML Color Codes Chart|1|0|13191307444000000|0|0
22|https://glitch.com/edit/#!/daffodil-spruce?path=index.html:11:60|index.html – daffodil-spruce|1|0|13191307469000000|0|0
23|https://glitch.com/edit/#!/daffodil-spruce?path=index.html:12:59|index.html – daffodil-spruce|1|0|13191307489000000|0|0
24|https://glitch.com/edit/#!/daffodil-spruce?path=index.html:13:79|index.html – daffodil-spruce|1|0|13191307502000000|0|0
25|https://glitch.com/edit/#!/daffodil-spruce?path=index.html:14:81|index.html – daffodil-spruce|1|0|13191307515000000|0|0
26|https://daffodil-spruce.glitch.me/|Hello, WebVR! • A-Frame|126|0|13191307516000000|0|0
27|https://glitch.com/edit/#!/daffodil-spruce?path=index.html:10:39|index.html – daffodil-spruce|1|0|13191307723000000|0|0
28|https://glitch.com/edit/#!/daffodil-spruce?path=index.html:13:15|index.html – daffodil-spruce|1|0|13191307761000000|0|0
29|https://glitch.com/edit/#!/daffodil-spruce?path=index.html:23:22|index.html – daffodil-spruce|1|0|13191308032000000|0|0
30|https://glitch.com/edit/#!/daffodil-spruce?path=index.html:17:8|index.html – daffodil-spruce|1|0|13191308067000000|0|0
31|https://glitch.com/edit/#!/daffodil-spruce?path=index.html:22:14|index.html – daffodil-spruce|1|0|13191308072000000|0|0
32|https://glitch.com/edit/#!/daffodil-spruce?path=index.html:13:39|index.html – daffodil-spruce|1|0|13191308081000000|0|0
33|https://glitch.com/edit/#!/daffodil-spruce?path=index.html:26:7|index.html – daffodil-spruce|1|0|13191308130000000|0|0
34|https://glitch.com/edit/#!/daffodil-spruce?path=index.html:24:12|index.html – daffodil-spruce|1|0|13191308144000000|0|0
35|https://glitch.com/edit/#!/daffodil-spruce?path=index.html:22:12|index.html – daffodil-spruce|1|0|13191308213000000|0|0
36|https://glitch.com/edit/#!/daffodil-spruce?path=index.html:20:36|index.html – daffodil-spruce|1|0|13191308313000000|0|0
37|https://glitch.com/edit/#!/daffodil-spruce?path=index.html:33:7|index.html – daffodil-spruce|1|0|13191308323000000|0|0
38|https://glitch.com/edit/#!/daffodil-spruce?path=index.html:25:19|index.html – daffodil-spruce|2|0|13191308336000000|0|0
39|https://glitch.com/edit/#!/daffodil-spruce?path=index.html:31:12|index.html – daffodil-spruce|1|0|13191308343000000|0|0
40|https://glitch.com/edit/#!/daffodil-spruce?path=index.html:31:7|index.html – daffodil-spruce|1|0|13191308371000000|0|0
41|https://glitch.com/edit/#!/daffodil-spruce?path=index.html:25:23|index.html – daffodil-spruce|1|0|13191308582000000|0|0
42|https://glitch.com/edit/#!/daffodil-spruce?path=index.html:25:24|index.html – daffodil-spruce|1|0|13191308627000000|0|0
43|https://glitch.com/edit/#!/daffodil-spruce?path=index.html:16:25|index.html – daffodil-spruce|1|0|13191308686000000|0|0
44|https://glitch.com/edit/#!/daffodil-spruce?path=index.html:17:13|index.html – daffodil-spruce|1|0|13191308709000000|0|0
45|https://glitch.com/edit/#!/daffodil-spruce?path=index.html:25:15|index.html – daffodil-spruce|1|0|13191308766000000|0|0
46|https://www.google.com/search?q=roating+an+onbject+in+html&ie=utf-8&oe=utf-8&client=firefox-b-ab|roating an onbject in html - Google Search|1|1|13191308777000000|0|0
47|https://www.google.com/search?q=rotating+an+object+in+html&client=firefox-b-ab&source=lnms&tbm=isch&sa=X&ved=0ahUKEwif6aiK6trfAhWHa94KHV8rBHAQ_AUIDygC&biw=1920&bih=912|rotating an object in html - Google Search|1|0|13191308794000000|0|0
48|https://glitch.com/edit/#!/daffodil-spruce?path=index.html:25:25|index.html – daffodil-spruce|1|0|13191308819000000|0|0
49|https://repl.it/languages/python3|Repl.it - NormalDefinitiveNumerator|2|1|13192067443884700|0|0
50|https://repl.it/repls/DarksalmonBeautifulMotion|Repl.it - DarksalmonBeautifulMotion|2|0|13191897100370388|0|0
51|https://summer2019.compclub.com.au/day1|Introduction to Python | CompClub 2019 Summer Workshops|1|0|13191897111578734|0|0
52|https://repl.it/@edwinaadisusila/DarksalmonBeautifulMotion|Repl.it - DarksalmonBeautifulMotion|4|0|13191902345538577|0|0
53|https://docs.google.com/presentation/d/1ZGBVwbD055fzcnudI-pQU3fgEPk7WIt_AVH127H_qzQ/edit?usp=sharing|Introduction to Python - Google Slides|2|0|13191901124732526|0|0
54|https://docs.google.com/presentation/d/1ZGBVwbD055fzcnudI-pQU3fgEPk7WIt_AVH127H_qzQ/edit||1|0|13191901124784557|0|0
55|https://docs.google.com/presentation/d/1ZGBVwbD055fzcnudI-pQU3fgEPk7WIt_AVH127H_qzQ/edit#slide=id.g3cbf3982fb_4_0||1|0|13191901128817195|0|0
56|https://docs.google.com/presentation/d/1ZGBVwbD055fzcnudI-pQU3fgEPk7WIt_AVH127H_qzQ/edit#slide=id.g3c8fdf14fc_0_102||1|0|13191901146698510|0|0
57|https://docs.google.com/presentation/d/1ZGBVwbD055fzcnudI-pQU3fgEPk7WIt_AVH127H_qzQ/edit#slide=id.g3c8fdf14fc_0_108||1|0|13191901147471052|0|0
58|https://docs.google.com/presentation/d/1ZGBVwbD055fzcnudI-pQU3fgEPk7WIt_AVH127H_qzQ/edit#slide=id.g3c8fdf14fc_0_114||1|0|13191902643045628|0|0
59|https://docs.google.com/presentation/d/1ZGBVwbD055fzcnudI-pQU3fgEPk7WIt_AVH127H_qzQ/edit#slide=id.g3c8fdf14fc_0_120||1|0|13191902644075017|0|0
60|https://docs.google.com/presentation/d/1ZGBVwbD055fzcnudI-pQU3fgEPk7WIt_AVH127H_qzQ/edit#slide=id.g3c8fdf14fc_0_131||1|0|13191902646893528|0|0
61|https://docs.google.com/presentation/d/1ZGBVwbD055fzcnudI-pQU3fgEPk7WIt_AVH127H_qzQ/edit#slide=id.g3cbf3982fb_0_29||1|0|13191902652518550|0|0
62|https://docs.google.com/presentation/d/1OWwCIZ1shunPSW80S6LdNtQN6xJIU1f1waVA_0dT1Ww/edit?usp=sharing|Advanced Python - Google Slides|2|0|13191902698489991|0|0
63|https://docs.google.com/presentation/d/1OWwCIZ1shunPSW80S6LdNtQN6xJIU1f1waVA_0dT1Ww/edit||1|0|13191902698539813|0|0
64|https://docs.google.com/presentation/d/1OWwCIZ1shunPSW80S6LdNtQN6xJIU1f1waVA_0dT1Ww/edit#slide=id.g3ccd86a859_0_0||1|0|13191902702424404|0|0
65|https://docs.google.com/presentation/d/1OWwCIZ1shunPSW80S6LdNtQN6xJIU1f1waVA_0dT1Ww/edit#slide=id.g3ccd86a859_0_95||2|0|13191903169515268|0|0
66|https://docs.google.com/presentation/d/1OWwCIZ1shunPSW80S6LdNtQN6xJIU1f1waVA_0dT1Ww/edit#slide=id.g3cdafe375d_0_14||2|0|13191903170878518|0|0
67|https://docs.google.com/presentation/d/1OWwCIZ1shunPSW80S6LdNtQN6xJIU1f1waVA_0dT1Ww/edit#slide=id.g3cdc053e3a_0_17||2|0|13191903245878161|0|0
68|https://docs.google.com/presentation/d/1OWwCIZ1shunPSW80S6LdNtQN6xJIU1f1waVA_0dT1Ww/edit#slide=id.g3cdc053e3a_0_21||3|0|13191903523092058|0|0
69|https://docs.google.com/presentation/d/1OWwCIZ1shunPSW80S6LdNtQN6xJIU1f1waVA_0dT1Ww/edit#slide=id.g3cdc053e3a_0_28||5|0|13191903523538578|0|0
70|https://docs.google.com/presentation/d/1OWwCIZ1shunPSW80S6LdNtQN6xJIU1f1waVA_0dT1Ww/edit#slide=id.g3cdc053e3a_0_39||4|0|13191903532140921|0|0
71|https://docs.google.com/presentation/d/1OWwCIZ1shunPSW80S6LdNtQN6xJIU1f1waVA_0dT1Ww/edit#slide=id.g3cdc053e3a_0_50||3|0|13191903529019431|0|0
72|https://docs.google.com/presentation/d/1OWwCIZ1shunPSW80S6LdNtQN6xJIU1f1waVA_0dT1Ww/edit#slide=id.g3cdc053e3a_0_64||1|0|13191903527638204|0|0
73|https://docs.google.com/presentation/d/1OWwCIZ1shunPSW80S6LdNtQN6xJIU1f1waVA_0dT1Ww/edit#slide=id.g3ccd86a859_0_789||2|0|13191903763869338|0|0
74|https://docs.google.com/presentation/d/1OWwCIZ1shunPSW80S6LdNtQN6xJIU1f1waVA_0dT1Ww/edit#slide=id.g3ccd86a859_0_874||1|0|13191903762675598|0|0
75|https://docs.google.com/presentation/d/1OWwCIZ1shunPSW80S6LdNtQN6xJIU1f1waVA_0dT1Ww/edit#slide=id.g3ccd86a859_0_706||2|0|13191903782666665|0|0
76|https://docs.google.com/presentation/d/1OWwCIZ1shunPSW80S6LdNtQN6xJIU1f1waVA_0dT1Ww/edit#slide=id.g3ccd86a859_0_700||1|0|13191903782019610|0|0
77|https://docs.google.com/presentation/d/1OWwCIZ1shunPSW80S6LdNtQN6xJIU1f1waVA_0dT1Ww/edit#slide=id.g4c1d71b371_1_1||1|0|13191903811006067|0|0
78|https://docs.google.com/presentation/d/1OWwCIZ1shunPSW80S6LdNtQN6xJIU1f1waVA_0dT1Ww/edit#slide=id.g4d5d232f59_0_6||1|0|13191903813383563|0|0
79|https://docs.google.com/presentation/d/1OWwCIZ1shunPSW80S6LdNtQN6xJIU1f1waVA_0dT1Ww/edit#slide=id.g4d5dffc626_0_36||1|0|13191903887507460|0|0
80|https://trinket.io/features/pygame|The New Pygame Trinket|1|0|13191910249176761|0|0
81|https://docs.google.com/presentation/d/1OWwCIZ1shunPSW80S6LdNtQN6xJIU1f1waVA_0dT1Ww/edit#slide=id.g4d5d232f59_0_16||1|0|13191903925829780|0|0
82|https://docs.google.com/presentation/d/1OWwCIZ1shunPSW80S6LdNtQN6xJIU1f1waVA_0dT1Ww/edit#slide=id.g4d5d232f59_0_34||1|0|13191904045006855|0|0
83|https://docs.google.com/presentation/d/1OWwCIZ1shunPSW80S6LdNtQN6xJIU1f1waVA_0dT1Ww/edit#slide=id.g4d5d232f59_0_44||1|0|13191904116498279|0|0
84|https://www.google.com/search?q=tkinter&oq=tkinter&aqs=chrome..69i57j0l5.1248j0j7&sourceid=chrome&ie=UTF-8|tkinter - Google Search|1|0|13191904131013691|0|0
85|https://docs.google.com/presentation/d/1OWwCIZ1shunPSW80S6LdNtQN6xJIU1f1waVA_0dT1Ww/edit#slide=id.g4d5dffc626_0_16||2|0|13191912776358476|0|0
86|http://tinyurl.com/tkinterDoc|Python GUI Programming (Tkinter)|1|0|13191904167331594|0|0
87|http://www.tutorialspoint.com/python/python_gui_programming.htm|Python GUI Programming (Tkinter)|1|0|13191904167331594|0|0
88|https://www.google.com/search?ei=guo7XKffNMrrvgS7_6PgDg&q=tkinter+gui&oq=tkinter+gui&gs_l=psy-ab.3..0l10.45176.45510..45799...0.0..0.148.533.0j4......0....1..gws-wiz.......0i71j0i67.gZbXDvhEmT8|tkinter gui - Google Search|1|0|13191904177550427|0|0
89|https://docs.google.com/presentation/d/1OWwCIZ1shunPSW80S6LdNtQN6xJIU1f1waVA_0dT1Ww/edit#slide=id.g4d5dffc626_0_29||4|0|13191912777894445|0|0
90|https://www.tutorialspoint.com/python/tk_button.htm|Python Tkinter Button|1|0|13191905644892493|0|0
91|https://docs.google.com/presentation/d/1OWwCIZ1shunPSW80S6LdNtQN6xJIU1f1waVA_0dT1Ww/edit#slide=id.g4d5dffc626_0_22||3|0|13191912778764430|0|0
92|https://docs.google.com/presentation/d/1OWwCIZ1shunPSW80S6LdNtQN6xJIU1f1waVA_0dT1Ww/edit#slide=id.g4d59993923_0_34||7|0|13191912780031257|0|0
93|https://docs.google.com/presentation/d/1OWwCIZ1shunPSW80S6LdNtQN6xJIU1f1waVA_0dT1Ww/edit#slide=id.g4d59993923_0_27||3|0|13191912779438828|0|0
94|https://docs.google.com/presentation/d/1OWwCIZ1shunPSW80S6LdNtQN6xJIU1f1waVA_0dT1Ww/edit#slide=id.g4d59993923_0_46||7|0|13191912780513412|0|0
95|https://docs.google.com/presentation/d/1OWwCIZ1shunPSW80S6LdNtQN6xJIU1f1waVA_0dT1Ww/edit#slide=id.g4d59993923_0_55||4|0|13191912781004937|0|0
96|https://docs.google.com/presentation/d/1OWwCIZ1shunPSW80S6LdNtQN6xJIU1f1waVA_0dT1Ww/edit#slide=id.g4d59993923_0_63||1|0|13191909801897459|0|0
97|https://www.tutorialspoint.com/python/python_gui_programming.htm|Python GUI Programming (Tkinter)|1|0|13191909843668421|0|0
98|https://www.tutorialspoint.com/python/tk_messagebox.htm|Python Tkinter tkMessageBox|1|0|13191909936453121|0|0
99|https://www.tutorialspoint.com/python/tk_entry.htm|Python Tkinter Entry|1|0|13191910034367093|0|0
100|https://docs.google.com/presentation/d/1OWwCIZ1shunPSW80S6LdNtQN6xJIU1f1waVA_0dT1Ww/edit#slide=id.g4d5dffc626_0_10||4|0|13191912777473728|0|0
101|https://docs.google.com/presentation/d/1OWwCIZ1shunPSW80S6LdNtQN6xJIU1f1waVA_0dT1Ww/edit#slide=id.g4d5dffc626_0_3||3|0|13191912777084727|0|0
102|https://www.google.com/search?q=tkinter+label+set+text&oq=tkinter+label+&aqs=chrome.5.69i57j0l5.5352j0j7&sourceid=chrome&ie=UTF-8|tkinter label set text - Google Search|1|0|13191912788309333|0|0
103|https://stackoverflow.com/questions/17125842/changing-the-text-on-a-label|python - Changing the text on a label - Stack Overflow|1|0|13191912799272134|0|0
104|https://www.google.com/search?q=tkinter+start+pack+from+specific+position&oq=tkinter+start+pack+from+specific+position&aqs=chrome..69i57.7768j0j7&sourceid=chrome&ie=UTF-8|tkinter start pack from specific position - Google Search|1|0|13191913003808602|0|0
105|https://www.google.com/search?ei=Kw08XP7nJoWb8wXhzKGQAg&q=tkinter+pac&oq=tkinter+pac&gs_l=psy-ab.3..0i67l9j0.12215.13173..13308...0.0..0.303.649.0j2j0j1......0....1..gws-wiz.......0i71.FW0KD-sjCq4|tkinter pac - Google Search|1|0|13191913018046197|0|0
106|https://www.tutorialspoint.com/python/tk_pack.htm|Python Tkinter pack() Method|1|0|13191913026776346|0|0
107|https://www.google.com/search?q=for+i+in+range+by+2&oq=for+i+in+range+by+2&aqs=chrome..69i57j0l5.7496j0j7&sourceid=chrome&ie=UTF-8|for i in range by 2 - Google Search|1|0|13191913176889452|0|0
108|https://www.google.com/search?ei=2A08XKKpLJrC0PEP5JaTqAM&q=for+i+in+range+up+by+2&oq=for+i+in+range+up+by+2&gs_l=psy-ab.3..33i22i29i30l10.6439.9653..9743...3.0..0.306.1935.0j4j4j1......0....1..gws-wiz.......0i71j0i67j0j0i22i30.6OZs58qqXxc|for i in range up by 2 - Google Search|1|0|13191913187639791|0|0
109|https://stackoverflow.com/questions/2990121/how-do-i-loop-through-a-list-by-twos|python - How do I loop through a list by twos? - Stack Overflow|1|0|13191913204532427|0|0
110|https://www.google.com/search?q=how+to+position+tkinter+pack&oq=how+to+position+tkinter+pack&aqs=chrome..69i57j0l5.15151j0j7&sourceid=chrome&ie=UTF-8|how to position tkinter pack - Google Search|1|0|13191913836101893|0|0
111|http://zetcode.com/gui/tkinter/layout/|Layout management in Tkinter - place, pack, grid managers|1|0|13191913844176543|0|0
112|https://www.google.com/search?q=tkinter+check+box&oq=tkinter+check+box&aqs=chrome..69i57j0l5.3095j0j7&sourceid=chrome&ie=UTF-8|tkinter check box - Google Search|2|0|13191914315437421|0|0
113|https://www.python-course.eu/tkinter_checkboxes.php|GUI Programming with Python: Checkboxes in Tkinter|1|0|13191914272873153|0|0
114|http://effbot.org/tag/Tkinter.Checkbutton|The Tkinter Checkbutton Widget|1|0|13191914328225539|0|0
115|http://effbot.org/tkinterbook/checkbutton.htm|The Tkinter Checkbutton Widget|1|0|13191914328225539|0|0
116|https://www.tutorialspoint.com/python/tk_listbox.htm|Python Tkinter Listbox|1|0|13191914385013076|0|0
117|https://www.google.com/search?q=last+pass&oq=last+pass&aqs=chrome..69i57j0l5.1267j0j7&sourceid=chrome&ie=UTF-8|last pass - Google Search|1|0|13191986525331175|0|0
118|https://www.google.com/search?q=lastpass&spell=1&sa=X&ved=0ahUKEwjoyMTxxu7fAhWLWysKHU-ZC_YQBQgpKAA&biw=1920&bih=903|lastpass - Google Search|1|0|13191986527400492|0|0
119|https://repl.it/@edwinaadisusila/NormalDefinitiveNumerator|Repl.it - NormalDefinitiveNumerator|2|0|13192067445232938|0|0
120|https://summer2019.compclub.com.au/|Welcome to the CompClub Summer Spy School | CompClub 2019 Summer Workshops|8|1|13192082423245271|0|0
121|https://summer2019.compclub.com.au/day3|Day 3: Microbits! | CompClub 2019 Summer Workshops|8|0|13192082354050357|0|0
122|https://python.microbit.org/v/1|Micro:bit - Python editor|2|0|13192067842185020|0|0
123|https://docs.google.com/presentation/d/14BvJKEm9pyPOfLtZMkCAMwwwF6nVjmo8G5C3P7PULuw/edit#slide=id.g337fd436a2_1_5|Microbits Workshop - Google Slides|2|0|13192067659532645|0|0
124|https://docs.google.com/presentation/d/14BvJKEm9pyPOfLtZMkCAMwwwF6nVjmo8G5C3P7PULuw/edit#slide=id.p||3|0|13192069513675762|0|0
125|https://docs.google.com/presentation/d/14BvJKEm9pyPOfLtZMkCAMwwwF6nVjmo8G5C3P7PULuw/edit#slide=id.g4c0710682e_0_15||5|0|13192069514079804|0|0
126|https://docs.google.com/presentation/d/14BvJKEm9pyPOfLtZMkCAMwwwF6nVjmo8G5C3P7PULuw/edit#slide=id.g4c0710682e_0_22||4|0|13192069514271048|0|0
127|https://python-editor-1-0-0.microbit.org/#||2|0|13192067858368423|1|0
128|https://docs.google.com/presentation/d/14BvJKEm9pyPOfLtZMkCAMwwwF6nVjmo8G5C3P7PULuw/edit#slide=id.g4c0710682e_0_29||4|0|13192070902200413|0|0
129|https://docs.google.com/presentation/d/14BvJKEm9pyPOfLtZMkCAMwwwF6nVjmo8G5C3P7PULuw/edit#slide=id.g4c0710682e_0_36||4|0|13192069514606101|0|0
130|https://docs.google.com/presentation/d/14BvJKEm9pyPOfLtZMkCAMwwwF6nVjmo8G5C3P7PULuw/edit#slide=id.g4c0710682e_0_43||8|0|13192071541038828|0|0
131|https://docs.google.com/presentation/d/14BvJKEm9pyPOfLtZMkCAMwwwF6nVjmo8G5C3P7PULuw/edit#slide=id.g4c0710682e_0_58||7|0|13192071540694597|0|0
132|https://docs.google.com/presentation/d/14BvJKEm9pyPOfLtZMkCAMwwwF6nVjmo8G5C3P7PULuw/edit#slide=id.g4c0710682e_0_83||6|0|13192071540479813|0|0
133|https://docs.google.com/presentation/d/14BvJKEm9pyPOfLtZMkCAMwwwF6nVjmo8G5C3P7PULuw/edit#slide=id.g4d695ae937_0_0||8|0|13192073063708609|0|0
134|https://docs.google.com/presentation/d/14BvJKEm9pyPOfLtZMkCAMwwwF6nVjmo8G5C3P7PULuw/edit#slide=id.g4c0710682e_0_63||9|0|13192073065270478|0|0
135|https://docs.google.com/presentation/d/14BvJKEm9pyPOfLtZMkCAMwwwF6nVjmo8G5C3P7PULuw/edit#slide=id.g4d695ae937_0_8||8|0|13192073555755611|0|0
136|https://docs.google.com/presentation/d/14BvJKEm9pyPOfLtZMkCAMwwwF6nVjmo8G5C3P7PULuw/edit#slide=id.g4d695ae937_0_16||10|0|13192073068275575|0|0
137|https://docs.google.com/presentation/d/14BvJKEm9pyPOfLtZMkCAMwwwF6nVjmo8G5C3P7PULuw/edit#slide=id.g4d695ae937_0_23||9|0|13192071179277123|0|0
138|https://docs.google.com/presentation/d/14BvJKEm9pyPOfLtZMkCAMwwwF6nVjmo8G5C3P7PULuw/edit#slide=id.g4c0710682e_0_119||5|0|13192070537421992|0|0
139|https://docs.google.com/presentation/d/14BvJKEm9pyPOfLtZMkCAMwwwF6nVjmo8G5C3P7PULuw/edit#slide=id.g4d695ae937_0_29||6|0|13192073068978252|0|0
140|https://docs.google.com/presentation/d/14BvJKEm9pyPOfLtZMkCAMwwwF6nVjmo8G5C3P7PULuw/edit#slide=id.g4c0710682e_0_128||4|0|13192073557512574|0|0
141|https://docs.google.com/presentation/d/14BvJKEm9pyPOfLtZMkCAMwwwF6nVjmo8G5C3P7PULuw/edit#slide=id.g4c0710682e_0_135||6|0|13192073731860252|0|0
142|https://summer2019.compclub.com.au/day3_templates/morse_code_template.html|Morse Code Template | CompClub 2019 Summer Workshops|1|0|13192068783260385|0|0
143|https://docs.google.com/presentation/d/14BvJKEm9pyPOfLtZMkCAMwwwF6nVjmo8G5C3P7PULuw/edit#slide=id.g4c0710682e_0_143||8|0|13192073743261885|0|0
144|https://docs.google.com/presentation/d/14BvJKEm9pyPOfLtZMkCAMwwwF6nVjmo8G5C3P7PULuw/edit#slide=id.g4c0710682e_0_124||5|0|13192073742743680|0|0
145|https://docs.google.com/presentation/d/14BvJKEm9pyPOfLtZMkCAMwwwF6nVjmo8G5C3P7PULuw/edit#slide=id.g4c0710682e_0_102||5|0|13192071539695585|0|0
146|https://docs.google.com/presentation/d/14BvJKEm9pyPOfLtZMkCAMwwwF6nVjmo8G5C3P7PULuw/edit#slide=id.g4c0710682e_0_92||4|0|13192071540092199|0|0
147|https://docs.google.com/presentation/d/14BvJKEm9pyPOfLtZMkCAMwwwF6nVjmo8G5C3P7PULuw/edit#slide=id.g4c0710682e_0_150||7|0|13192073743763926|0|0
148|https://docs.google.com/presentation/d/14BvJKEm9pyPOfLtZMkCAMwwwF6nVjmo8G5C3P7PULuw/edit#slide=id.g4c0710682e_0_161||7|0|13192073728101750|0|0
149|https://docs.google.com/presentation/d/14BvJKEm9pyPOfLtZMkCAMwwwF6nVjmo8G5C3P7PULuw/edit#slide=id.g4c0710682e_0_168||6|0|13192078287348320|0|0
150|https://docs.google.com/presentation/d/14BvJKEm9pyPOfLtZMkCAMwwwF6nVjmo8G5C3P7PULuw/edit#slide=id.g4c0710682e_0_175||6|0|13192073728440294|0|0
151|https://docs.google.com/presentation/d/14BvJKEm9pyPOfLtZMkCAMwwwF6nVjmo8G5C3P7PULuw/edit#slide=id.g4c0710682e_0_181||6|0|13192078287683567|0|0
152|https://docs.google.com/presentation/d/14BvJKEm9pyPOfLtZMkCAMwwwF6nVjmo8G5C3P7PULuw/edit#slide=id.g4c0710682e_0_189||5|0|13192078292902112|0|0
153|https://docs.google.com/presentation/d/14BvJKEm9pyPOfLtZMkCAMwwwF6nVjmo8G5C3P7PULuw/edit#slide=id.g4c0710682e_0_195||3|0|13192073582152738|0|0
154|https://docs.google.com/presentation/d/14BvJKEm9pyPOfLtZMkCAMwwwF6nVjmo8G5C3P7PULuw/edit#slide=id.g337fd436a2_1_0||3|0|13192073583214597|0|0
155|https://docs.google.com/presentation/d/14BvJKEm9pyPOfLtZMkCAMwwwF6nVjmo8G5C3P7PULuw/edit#slide=id.g4c0710682e_0_210||2|0|13192070549397147|0|0
156|https://docs.google.com/presentation/d/14BvJKEm9pyPOfLtZMkCAMwwwF6nVjmo8G5C3P7PULuw/edit#slide=id.g4c0710682e_0_217||4|0|13192070550339366|0|0
157|https://docs.google.com/presentation/d/14BvJKEm9pyPOfLtZMkCAMwwwF6nVjmo8G5C3P7PULuw/edit#slide=id.g4d6b884a15_2_1||2|0|13192070550942976|0|0
158|https://www.google.com/search?q=youtube&oq=youtube&aqs=chrome..69i57j0l5.1144j0j8&sourceid=chrome&ie=UTF-8|youtube - Google Search|1|0|13192071047598567|0|0
159|https://www.youtube.com/|YouTube|3|0|13192071059351538|0|0
160|https://www.youtube.com/watch?v=1XW1Ygatsz4|SPIDER-MAN: FAR FROM HOME Trailer (2019) - YouTube|1|0|13192071059354140|0|0
161|https://www.youtube.com/watch?v=dQw4w9WgXcQ|YouTube|1|0|13192073772146151|0|0
162|https://summer2019.compclub.com.au/day3_templates/reaction_timer_template.html|Reaction Time Template | CompClub 2019 Summer Workshops|1|0|13192073776149140|0|0
163|http://microbit.org/code/|Let's Code | micro:bit|1|0|13192073784808726|0|0
164|https://microbit.org/code/|Let's Code | micro:bit|3|0|13192073795823694|0|0
165|https://python.microbit.org/|Micro:bit - Python editor|1|1|13192073805608408|0|0
166|https://python.microbit.org/v/1.1||1|0|13192073805740341|0|0
167|https://python-editor-1-1-2.microbit.org/#||1|0|13192074898443930|1|0
168|https://www.google.com/search?q=Music+codes+for+mcrobits&oq=Music+codes+for+mcrobits&aqs=chrome..69i57.13839j0j8&sourceid=chrome&ie=UTF-8|Music codes for mcrobits - Google Search|1|0|13192075192832760|0|0
169|https://www.google.com/search?q=Music+codes+for+micro+bits&spell=1&sa=X&ved=0ahUKEwirn76ZkfHfAhXNR30KHXsdD54QBQgpKAA&biw=1920&bih=893|Music codes for micro bits - Google Search|1|0|13192075200751595|0|0
170|https://www.google.com/search?biw=1920&bih=893&ei=wIY-XN2LJJC8rQHv24voCA&q=Dance+moves+for+for+micro+bits&oq=Dance+moves+for+for+micro+bits&gs_l=psy-ab.3...9623.15572..15861...0.0..0.206.3509.0j24j2......0....1..gws-wiz.......0i71j0i8i7i30j0i7i30j0i8i30.jDWZSHD4bjQ|Dance moves for for micro bits - Google Search|1|0|13192075217444348|0|0
171|https://www.google.com/search?biw=1920&bih=893&ei=0YY-XIiHE5X4rQHK8KLoBw&q=fortnite+Dance+moves+for+micro+bits&oq=fortnite+Dance+moves+for+micro+bits&gs_l=psy-ab.3...4430.8811..9043...0.0..0.216.1881.0j11j2......0....1..gws-wiz.......0i71.lvfYVQ_EOoE|fortnite Dance moves for micro bits - Google Search|1|0|13192075227514627|0|0
172|https://www.google.com/search?biw=1920&bih=893&ei=24Y-XJGVFo37rQH2p48I&q=floss+musicfor+micro+bits&oq=floss+musicfor+micro+bits&gs_l=psy-ab.3..33i10.3538.11879..12066...1.0..1.195.2434.0j17......0....1..gws-wiz.......0i71j0i8i7i30j0i7i30j0i8i30.pMYh9_KuXfs|floss musicfor micro bits - Google Search|1|0|13192075240687522|0|0
173|https://www.google.com/search?q=floss+musicfor+micro+bits&nfpr=1&sa=X&ved=0ahUKEwj1x6awkfHfAhXKbSsKHayLCukQvgUIKigB&biw=1920&bih=893|floss musicfor micro bits - Google Search|1|0|13192075242866223|0|0
174|https://www.google.com/search?nfpr=1&q=floss+music+for+micro+bits&spell=1&sa=X&ved=0ahUKEwic_qqxkfHfAhWDdH0KHRwVAbAQBQgpKAA&biw=1920&bih=893|floss music for micro bits - Google Search|1|0|13192075247130250|0|0
175|http://microbit-challenges.readthedocs.io/en/latest/tutorials/music.html|Music — UCL BBC micro:bit tutorial|1|0|13192075253617507|0|0
176|https://microbit-challenges.readthedocs.io/en/latest/tutorials/music.html|Music — UCL BBC micro:bit tutorial|2|0|13192075465643666|0|0
177|https://microbit-challenges.readthedocs.io/en/latest/tutorials/radio.html|Radio — UCL BBC micro:bit tutorial|1|0|13192075308468527|0|0
178|https://www.google.com/search?q=wasdawd0j&oq=wasdawd0j&aqs=chrome..69i57.1320j0j7&sourceid=chrome&ie=UTF-8|wasdawd0j - Google Search|1|0|13192077124805688|0|0
179|https://www.google.com/search?q=twinkle+twinkle+little+star+piao&oq=twinkle+twinkle+little+star+piao&aqs=chrome..69i57j0l5.13128j0j7&sourceid=chrome&ie=UTF-8|twinkle twinkle little star piao - Google Search|1|0|13192082083443524|0|0
180|https://www.google.com/search?q=twinkle+twinkle+little+star+piano&source=lnms&tbm=isch&sa=X&ved=0ahUKEwiGhJnvqvHfAhUHdCsKHVu6AnYQ_AUIDigB&biw=935&bih=925|twinkle twinkle little star piano - Google Search|2|0|13192082089556577|0|0
181|https://www.google.com/search?q=twinkle+twinkle+little+star+piano&source=lnms&tbm=isch&sa=X&ved=0ahUKEwiGhJnvqvHfAhUHdCsKHVu6AnYQ_AUIDigB&biw=935&bih=925#imgrc=p8DIAZuc9DoBZM:||1|0|13192082089560109|0|0
182|https://summer2019.compclub.com.au/day3_templates/hot_or_cold_template.html|Hot or Cold Template | CompClub 2019 Summer Workshops|1|0|13192082251459077|0|0
183|https://summer2019.compclub.com.au/day4|Some useful links: | CompClub 2019 Summer Workshops|3|0|13192082389214292|0|0
184|http://summer2019.compclub.com.au/day4_files/index_html|CompClub 2019 Summer Workshops|1|0|13192082384709500|0|0
185|https://summer2019.compclub.com.au/day4_files/index_html|CompClub 2019 Summer Workshops|1|0|13192082384709500|0|0
186|https://summer2019.compclub.com.au/day5|CompClub 2019 Summer Workshops|6|0|13192245765953915|0|0
187|http://summer2019.compclub.com.au/day5/code|CompClub 2019 Summer Workshops|2|2|13192242175559018|0|0
188|https://summer2019.compclub.com.au/day5/code|CompClub 2019 Summer Workshops|2|0|13192242175559018|0|0
189|https://repl.it/@featherbear/LesserSignifiedBeings|Repl.it - LesserSignifiedBeings|5|0|13192242183857973|0|0
190|https://repl.it/logout|Repl.it - Log In|1|0|13192242150311367|0|0
191|https://repl.it/|Repl.it - Repls|4|3|13192245206217557|0|0
192|https://repl.it/repls|Repl.it - Repls|9|0|13192245206760068|0|0
193|https://repl.it/login?goto=%2Frepls|Repl.it - Log In|2|0|13192242150789220|0|0
194|https://repl.it/@elizamaylee/LesserSignifiedBeings|Repl.it - LesserSignifiedBeings|6|0|13192245213497860|0|0
195|http://summer2019.compclub.com.au/day5|CompClub 2019 Summer Workshops|2|2|13192245765953915|0|0
196|https://docs.google.com/presentation/d/1ykIUm1xAKMforvTPeqvXMdC4DZlnWOg604ekaybhiOs|SecTalk | HTTP(S) Security - Google Slides|1|0|13192242542874872|0|0
197|https://docs.google.com/presentation/d/1ykIUm1xAKMforvTPeqvXMdC4DZlnWOg604ekaybhiOs/|SecTalk | HTTP(S) Security - Google Slides|1|0|13192242542874872|0|0
198|https://docs.google.com/presentation/d/1ykIUm1xAKMforvTPeqvXMdC4DZlnWOg604ekaybhiOs/edit|SecTalk | HTTP(S) Security - Google Slides|2|0|13192242543505322|0|0
199|https://docs.google.com/presentation/d/1ykIUm1xAKMforvTPeqvXMdC4DZlnWOg604ekaybhiOs/edit#slide=id.p3||1|0|13192242544691323|0|0
200|https://docs.google.com/presentation/d/1kyRsC1-PMJu4UndE6psUHJHuTHX7W6cuYRod1jq3QJY|CSE CompClub 2019 Summer - Security Day - Google Slides|1|0|13192242556032629|0|0
201|https://docs.google.com/presentation/d/1kyRsC1-PMJu4UndE6psUHJHuTHX7W6cuYRod1jq3QJY/|CSE CompClub 2019 Summer - Security Day - Google Slides|1|0|13192242556032629|0|0
202|https://docs.google.com/presentation/d/1kyRsC1-PMJu4UndE6psUHJHuTHX7W6cuYRod1jq3QJY/edit|CSE CompClub 2019 Summer - Security Day - Google Slides|2|0|13192242556351156|0|0
203|https://docs.google.com/presentation/d/1kyRsC1-PMJu4UndE6psUHJHuTHX7W6cuYRod1jq3QJY/edit#slide=id.p1||1|0|13192242557888094|0|0
204|https://docs.google.com/presentation/d/1kyRsC1-PMJu4UndE6psUHJHuTHX7W6cuYRod1jq3QJY/edit#slide=id.g4d61f71165_0_50||2|0|13192242605055959|0|0
205|https://docs.google.com/presentation/d/1kyRsC1-PMJu4UndE6psUHJHuTHX7W6cuYRod1jq3QJY/edit#slide=id.g4d61f71165_0_70||4|0|13192243908431105|0|0
206|https://docs.google.com/presentation/d/1kyRsC1-PMJu4UndE6psUHJHuTHX7W6cuYRod1jq3QJY/edit#slide=id.g4d61f71165_0_90||9|0|13192244456199432|0|0
207|https://docs.google.com/presentation/d/1kyRsC1-PMJu4UndE6psUHJHuTHX7W6cuYRod1jq3QJY/edit#slide=id.g4d61f71165_0_80||6|0|13192244455656101|0|0
208|https://docs.google.com/presentation/d/1kyRsC1-PMJu4UndE6psUHJHuTHX7W6cuYRod1jq3QJY/edit#slide=id.g4d61f71165_0_116||7|0|13192244458952895|0|0
209|https://docs.google.com/presentation/d/1kyRsC1-PMJu4UndE6psUHJHuTHX7W6cuYRod1jq3QJY/edit#slide=id.g4d61f71165_0_125||2|0|13192244460374525|0|0
210|https://docs.google.com/presentation/d/1kyRsC1-PMJu4UndE6psUHJHuTHX7W6cuYRod1jq3QJY/edit#slide=id.g4d923ccbc0_0_23||1|0|13192244462563933|0|0
211|https://docs.google.com/presentation/d/1kyRsC1-PMJu4UndE6psUHJHuTHX7W6cuYRod1jq3QJY/edit#slide=id.g4d923ccbc0_0_39||1|0|13192244465012315|0|0
212|https://docs.google.com/presentation/d/1kyRsC1-PMJu4UndE6psUHJHuTHX7W6cuYRod1jq3QJY/edit#slide=id.g4d923ccbc0_0_66||1|0|13192244468204214|0|0
213|https://docs.google.com/presentation/d/1kyRsC1-PMJu4UndE6psUHJHuTHX7W6cuYRod1jq3QJY/edit#slide=id.g4d923ccbc0_0_55||1|0|13192244570145049|0|0
214|https://docs.google.com/presentation/d/1kyRsC1-PMJu4UndE6psUHJHuTHX7W6cuYRod1jq3QJY/edit#slide=id.g4d923ccbc0_0_123||1|0|13192244608047780|0|0
215|http://repl.it/@featherbear/slightlyLesserSignifiedBeings|Repl.it - slightlyLesserSignifiedBeings|1|0|13192244638737075|0|0
216|https://repl.it/@featherbear/slightlyLesserSignifiedBeings|Repl.it - slightlyLesserSignifiedBeings|7|0|13192245127335740|0|0
217|https://repl.it/@elizamaylee/slightlyLesserSignifiedBeings||2|0|13192244667573064|0|0
218|https://www.google.com/search?q=re+python&oq=re+python&aqs=chrome..69i57j69i60l3j0l2.1064j0j7&sourceid=chrome&ie=UTF-8|re python - Google Search|1|0|13192245740893317|0|0
