2019-01-18 00:57:03|https://www.mozilla.org/privacy/firefox/
2019-01-18 00:57:03|https://www.mozilla.org/en-US/privacy/firefox/
2019-01-18 00:57:10|http://ctf.compclub.com.au/
2019-01-18 00:57:10|https://ctf.compclub.com.au/
2019-01-18 00:57:10|https://ctf.compclub.com.au/invite?next=%2F
2019-01-18 00:57:10|https://ctf.compclub.com.au/invite/
1|http://summer2019.compclub.com.au/|Welcome to the CompClub Summer Spy School | CompClub 2019 Summer Workshops|7|7|13192242901558672|0|0
2|https://summer2019.compclub.com.au/|Welcome to the CompClub Summer Spy School | CompClub 2019 Summer Workshops|9|0|13192242901558672|0|0
3|https://summer2019.compclub.com.au/day1|Introduction to Python | CompClub 2019 Summer Workshops|1|0|13191896228597747|0|0
4|https://docs.google.com/presentation/d/1ZGBVwbD055fzcnudI-pQU3fgEPk7WIt_AVH127H_qzQ/edit?usp=sharing|Introduction to Python - Google Slides|4|0|13191896985375292|0|0
5|https://docs.google.com/presentation/d/1ZGBVwbD055fzcnudI-pQU3fgEPk7WIt_AVH127H_qzQ/edit||2|0|13191896985421713|0|0
6|https://docs.google.com/presentation/d/1OWwCIZ1shunPSW80S6LdNtQN6xJIU1f1waVA_0dT1Ww/edit?usp=sharing|Advanced Python - Google Slides|1|0|13191896237978249|0|0
7|https://docs.google.com/presentation/d/1ZGBVwbD055fzcnudI-pQU3fgEPk7WIt_AVH127H_qzQ/edit#slide=id.g3cbf3982fb_4_0||1|0|13191896986655768|0|0
8|https://docs.google.com/presentation/d/1ZGBVwbD055fzcnudI-pQU3fgEPk7WIt_AVH127H_qzQ/edit#slide=id.g3d17a7de66_0_155||1|0|13191897115042617|0|0
9|http://repl.it/languages/python3|Repl.it - DevotedKookyActivecontent|1|1|13191897130466936|0|0
10|https://repl.it/languages/python3|Repl.it - WeakChiefNetwork|3|0|13192160437089804|0|0
11|https://repl.it/repls/DevotedKookyActivecontent|Repl.it - DevotedKookyActivecontent|5|0|13191904331133266|0|0
12|https://docs.google.com/presentation/d/1ZGBVwbD055fzcnudI-pQU3fgEPk7WIt_AVH127H_qzQ/edit#slide=id.g3d17a7de66_0_164||3|0|13191897489810757|0|0
13|https://docs.google.com/presentation/d/1ZGBVwbD055fzcnudI-pQU3fgEPk7WIt_AVH127H_qzQ/edit#slide=id.g3d17a7de66_0_179||3|0|13191897490418443|0|0
14|https://docs.google.com/presentation/d/1ZGBVwbD055fzcnudI-pQU3fgEPk7WIt_AVH127H_qzQ/edit#slide=id.g3d17a7de66_0_194|Introduction to Python - Google Slides|2|0|13191897757111911|0|0
15|https://docs.google.com/presentation/d/1ZGBVwbD055fzcnudI-pQU3fgEPk7WIt_AVH127H_qzQ/edit#slide=id.g3d17a7de66_0_216||2|0|13191898851120967|0|0
16|https://docs.google.com/presentation/d/1ZGBVwbD055fzcnudI-pQU3fgEPk7WIt_AVH127H_qzQ/edit#slide=id.g3d17a7de66_0_225||2|0|13191898849193330|0|0
17|https://docs.google.com/presentation/d/1ZGBVwbD055fzcnudI-pQU3fgEPk7WIt_AVH127H_qzQ/edit#slide=id.g3d17a7de66_0_235||1|0|13191898848186183|0|0
18|https://docs.google.com/presentation/d/1ZGBVwbD055fzcnudI-pQU3fgEPk7WIt_AVH127H_qzQ/edit#slide=id.g3c8fdf14fc_0_36||2|0|13191903398854638|0|0
19|https://docs.google.com/presentation/d/1ZGBVwbD055fzcnudI-pQU3fgEPk7WIt_AVH127H_qzQ/edit#slide=id.g3c8fdf14fc_0_50||2|0|13191903380613461|0|0
20|https://docs.google.com/presentation/d/1ZGBVwbD055fzcnudI-pQU3fgEPk7WIt_AVH127H_qzQ/edit#slide=id.g3c8fdf14fc_0_43||3|0|13191903400363941|0|0
21|https://docs.google.com/presentation/d/1ZGBVwbD055fzcnudI-pQU3fgEPk7WIt_AVH127H_qzQ/edit#slide=id.g3c8fdf14fc_0_0||1|0|13191903388810912|0|0
22|https://docs.google.com/presentation/d/1ZGBVwbD055fzcnudI-pQU3fgEPk7WIt_AVH127H_qzQ/edit#slide=id.g3c8fdf14fc_0_20||1|0|13191903390600466|0|0
23|https://docs.google.com/presentation/d/1ZGBVwbD055fzcnudI-pQU3fgEPk7WIt_AVH127H_qzQ/edit#slide=id.g3c8fdf14fc_0_69||1|0|13191903456602801|0|0
24|https://docs.google.com/presentation/d/1ZGBVwbD055fzcnudI-pQU3fgEPk7WIt_AVH127H_qzQ/edit#slide=id.g3c8fdf14fc_0_76||1|0|13191904029992692|0|0
25|https://docs.google.com/presentation/d/1ZGBVwbD055fzcnudI-pQU3fgEPk7WIt_AVH127H_qzQ/edit#slide=id.g3c8fdf14fc_0_84||1|0|13191904141992338|0|0
26|https://docs.google.com/presentation/d/1ZGBVwbD055fzcnudI-pQU3fgEPk7WIt_AVH127H_qzQ/edit#slide=id.g3cbf3982fb_0_9||1|0|13191904445444773|0|0
27|https://docs.google.com/presentation/d/1ZGBVwbD055fzcnudI-pQU3fgEPk7WIt_AVH127H_qzQ/edit#slide=id.g3cbf3982fb_0_63||6|0|13191913951977672|0|0
28|https://docs.google.com/presentation/d/1ZGBVwbD055fzcnudI-pQU3fgEPk7WIt_AVH127H_qzQ/edit#slide=id.g3c8fdf14fc_0_96||8|0|13191913948138536|0|0
29|https://docs.google.com/presentation/d/1ZGBVwbD055fzcnudI-pQU3fgEPk7WIt_AVH127H_qzQ/edit#slide=id.g3c8fdf14fc_0_102||7|0|13191913946781909|0|0
30|https://docs.google.com/presentation/d/1ZGBVwbD055fzcnudI-pQU3fgEPk7WIt_AVH127H_qzQ/edit#slide=id.g3c8fdf14fc_0_108||5|0|13191913946529840|0|0
31|https://docs.google.com/presentation/d/1ZGBVwbD055fzcnudI-pQU3fgEPk7WIt_AVH127H_qzQ/edit#slide=id.g3c8fdf14fc_0_114||3|0|13191913946289543|0|0
32|https://docs.google.com/presentation/d/1ZGBVwbD055fzcnudI-pQU3fgEPk7WIt_AVH127H_qzQ/edit#slide=id.g3c8fdf14fc_0_120||3|0|13191913946096686|0|0
33|https://docs.google.com/presentation/d/1ZGBVwbD055fzcnudI-pQU3fgEPk7WIt_AVH127H_qzQ/edit#slide=id.g3c8fdf14fc_0_131||1|0|13191913945782360|0|0
34|https://summer2019.compclub.com.au/day4|Some useful links: | CompClub 2019 Summer Workshops|6|0|13192164207943752|0|0
35|https://repl.it/repls/MiniNegativeNewsaggregator|Repl.it - MiniNegativeNewsaggregator|2|0|13192154022574527|0|0
36|http://repl.it/|Repl.it - The world's leading online coding platform|1|1|13192154063448487|0|0
37|https://repl.it/|Repl.it - The world's leading online coding platform|2|0|13192154063923345|0|0
38|https://www.google.com/search?q=recommendation&oq=recome&aqs=chrome.3.69i57j0l5.5401j0j7&sourceid=chrome&ie=UTF-8|recommendation - Google Search|1|0|13192158033929937|0|0
39|https://mininegativenewsaggregator--five-nine.repl.co/results?food=white||2|0|13192158659029295|1|0
40|https://mininegativenewsaggregator--five-nine.repl.co/||7|0|13192160343333177|1|0
41|https://mininegativenewsaggregator--five-nine.repl.co/results?food=k||2|0|13192158711157505|1|0
42|https://mininegativenewsaggregator--five-nine.repl.co/results||11|0|13192160358625124|1|0
43|https://www.google.com/search?q=youtube&oq=youtube&aqs=chrome..69i57j0l5.1744j0j7&sourceid=chrome&ie=UTF-8|youtube - Google Search|1|0|13192160412590708|0|0
44|https://www.youtube.com/|YouTube|5|0|13192161614588174|0|0
45|https://repl.it/repls/WeakChiefNetwork|Repl.it - WeakChiefNetwork|8|0|13192164373873770|0|0
46|https://www.youtube.com/results?search_query=undertaker+theme+song|undertaker theme song - YouTube|1|0|13192161605661133|0|0
47|https://www.youtube.com/results?search_query=through+the+skull+|through the skull - YouTube|1|0|13192161624976047|0|0
48|https://www.youtube.com/watch?v=495MUfrcbMc|[Genocide Spoilers] DM DOKURO - Reality Check Through The Skull (Undertale Remix 6) - YouTube|1|0|13192161626886623|0|0
49|http://slither.io/|slither.io|3|3|13192168433629258|0|0
50|https://diep.io/|diep.io|2|1|13192164547092141|0|0
51|https://www.google.com/search?q=ipstack&oq=ipstack&aqs=chrome..69i57j0l5.3519j0j7&sourceid=chrome&ie=UTF-8|ipstack - Google Search|2|0|13192164044521644|0|0
52|https://ipstack.com/product|Pricing - ipstack|1|0|13192164038914844|0|0
53|https://ipstack.com/|ipstack - Free IP Geolocation API|1|0|13192164073876783|0|0
54|https://repl.it/login?goto=%2Frepls%2FWeakChiefNetwork%2Fhistory|Repl.it - Log In|2|0|13192164370462356|0|0
55|https://www.google.com/search?q=diep.io&oq=deip&aqs=chrome.1.69i57j0l5.4136j0j7&sourceid=chrome&ie=UTF-8|diep.io - Google Search|1|0|13192164545146923|0|0
56|https://www.google.com/search?q=ip+address&oq=ip+add&aqs=chrome.0.0l2j69i57j0l3.5231j0j7&sourceid=chrome&ie=UTF-8|ip address - Google Search|1|0|13192169043568858|0|0
57|https://weakchiefnetwork--five-nine.repl.co/.results||2|0|13192169118988916|1|0
58|https://weakchiefnetwork--five-nine.repl.co/||12|0|13192171550473672|1|0
59|https://weakchiefnetwork--five-nine.repl.co/results||21|0|13192171556019712|1|0
60|https://www.google.com/search?q=css+animation&oq=css+anim&aqs=chrome.0.0j69i57j0l4.7351j0j7&sourceid=chrome&ie=UTF-8|css animation - Google Search|1|0|13192169249300032|0|0
61|https://www.w3schools.com/css/css3_animations.asp|CSS Animations|1|0|13192169423447113|0|0
62|https://www.google.com/search?q=ip+address&oq=ip+address&aqs=chrome.0.69i59j0l5.3360j0j7&sourceid=chrome&ie=UTF-8|ip address - Google Search|1|0|13192170988356718|0|0
63|https://summer2019.compclub.com.au/day5|CompClub 2019 Summer Workshops|3|0|13192242909783915|0|0
64|https://summer2019.compclub.com.au/day5/code|CompClub 2019 Summer Workshops|1|1|13192241994856001|0|0
65|https://repl.it/@featherbear/LesserSignifiedBeings|Repl.it - LesserSignifiedBeings|3|0|13192242031068400|0|0
66|https://repl.it/repls/ThirdStraightTests|Repl.it - ThirdStraightTests|4|0|13192244958605882|0|0
67|https://docs.google.com/presentation/d/1kyRsC1-PMJu4UndE6psUHJHuTHX7W6cuYRod1jq3QJY|CSE CompClub 2019 Summer - Security Day - Google Slides|1|0|13192242554260259|0|0
68|https://docs.google.com/presentation/d/1kyRsC1-PMJu4UndE6psUHJHuTHX7W6cuYRod1jq3QJY/|CSE CompClub 2019 Summer - Security Day - Google Slides|1|0|13192242554260259|0|0
69|https://docs.google.com/presentation/d/1kyRsC1-PMJu4UndE6psUHJHuTHX7W6cuYRod1jq3QJY/edit|CSE CompClub 2019 Summer - Security Day - Google Slides|2|0|13192242554860815|0|0
70|https://docs.google.com/presentation/d/1kyRsC1-PMJu4UndE6psUHJHuTHX7W6cuYRod1jq3QJY/edit#slide=id.p1||1|0|13192242556393619|0|0
71|https://docs.google.com/presentation/d/1kyRsC1-PMJu4UndE6psUHJHuTHX7W6cuYRod1jq3QJY/edit#slide=id.p2||1|0|13192242556997939|0|0
72|https://docs.google.com/presentation/d/1kyRsC1-PMJu4UndE6psUHJHuTHX7W6cuYRod1jq3QJY/edit#slide=id.g4bf28a5cd4_0_6||1|0|13192242557360248|0|0
73|https://docs.google.com/presentation/d/1kyRsC1-PMJu4UndE6psUHJHuTHX7W6cuYRod1jq3QJY/edit#slide=id.g3d022b32ae_0_0||1|0|13192242557700127|0|0
74|https://docs.google.com/presentation/d/1kyRsC1-PMJu4UndE6psUHJHuTHX7W6cuYRod1jq3QJY/edit#slide=id.g3d022b32ae_0_5||1|0|13192242562892425|0|0
75|https://docs.google.com/presentation/d/1kyRsC1-PMJu4UndE6psUHJHuTHX7W6cuYRod1jq3QJY/edit#slide=id.g4c07aed684_0_2||1|0|13192242566117864|0|0
76|https://docs.google.com/presentation/d/1kyRsC1-PMJu4UndE6psUHJHuTHX7W6cuYRod1jq3QJY/edit#slide=id.p3||1|0|13192242567158042|0|0
77|https://docs.google.com/presentation/d/1kyRsC1-PMJu4UndE6psUHJHuTHX7W6cuYRod1jq3QJY/edit#slide=id.g4891b805bc_0_5||1|0|13192242567791315|0|0
78|https://docs.google.com/presentation/d/1kyRsC1-PMJu4UndE6psUHJHuTHX7W6cuYRod1jq3QJY/edit#slide=id.g4be45cc0c3_1_44||1|0|13192242568294409|0|0
79|https://docs.google.com/presentation/d/1kyRsC1-PMJu4UndE6psUHJHuTHX7W6cuYRod1jq3QJY/edit#slide=id.g4be45cc0c3_0_1||1|0|13192242568856439|0|0
80|https://docs.google.com/presentation/d/1kyRsC1-PMJu4UndE6psUHJHuTHX7W6cuYRod1jq3QJY/edit#slide=id.g4be45cc0c3_1_35||1|0|13192242569358265|0|0
81|https://docs.google.com/presentation/d/1kyRsC1-PMJu4UndE6psUHJHuTHX7W6cuYRod1jq3QJY/edit#slide=id.g4c07aed684_0_7||1|0|13192242569743862|0|0
82|https://docs.google.com/presentation/d/1kyRsC1-PMJu4UndE6psUHJHuTHX7W6cuYRod1jq3QJY/edit#slide=id.g4be45cc0c3_1_52||2|0|13192242571990551|0|0
83|https://docs.google.com/presentation/d/1kyRsC1-PMJu4UndE6psUHJHuTHX7W6cuYRod1jq3QJY/edit#slide=id.g542d65370a8faa59_11||2|0|13192242572693217|0|0
84|https://docs.google.com/presentation/d/1kyRsC1-PMJu4UndE6psUHJHuTHX7W6cuYRod1jq3QJY/edit#slide=id.g4d8f0f26c2_0_17||1|0|13192242577913616|0|0
85|https://docs.google.com/presentation/d/1kyRsC1-PMJu4UndE6psUHJHuTHX7W6cuYRod1jq3QJY/edit#slide=id.g4c21576342_0_85||1|0|13192242587139379|0|0
86|https://docs.google.com/presentation/d/1kyRsC1-PMJu4UndE6psUHJHuTHX7W6cuYRod1jq3QJY/edit#slide=id.g4c21576342_0_61||1|0|13192242587835508|0|0
87|https://docs.google.com/presentation/d/1kyRsC1-PMJu4UndE6psUHJHuTHX7W6cuYRod1jq3QJY/edit#slide=id.g445c8f4c5882998c_36||1|0|13192242588831224|0|0
88|https://docs.google.com/presentation/d/1kyRsC1-PMJu4UndE6psUHJHuTHX7W6cuYRod1jq3QJY/edit#slide=id.g558a456a7dbd0e14_3||1|0|13192242593232799|0|0
89|https://docs.google.com/presentation/d/1kyRsC1-PMJu4UndE6psUHJHuTHX7W6cuYRod1jq3QJY/edit#slide=id.g445c8f4c5882998c_53||1|0|13192242595980648|0|0
90|https://docs.google.com/presentation/d/1kyRsC1-PMJu4UndE6psUHJHuTHX7W6cuYRod1jq3QJY/edit#slide=id.g4c07aed684_0_70||1|0|13192242596488802|0|0
91|https://docs.google.com/presentation/d/1kyRsC1-PMJu4UndE6psUHJHuTHX7W6cuYRod1jq3QJY/edit#slide=id.g4d61f71165_0_10||1|0|13192242597286544|0|0
92|https://docs.google.com/presentation/d/1kyRsC1-PMJu4UndE6psUHJHuTHX7W6cuYRod1jq3QJY/edit#slide=id.g4d61f71165_0_50||1|0|13192242597744166|0|0
93|https://docs.google.com/presentation/d/1kyRsC1-PMJu4UndE6psUHJHuTHX7W6cuYRod1jq3QJY/edit#slide=id.g4d61f71165_0_70||5|0|13192242778763053|0|0
94|https://docs.google.com/presentation/d/1kyRsC1-PMJu4UndE6psUHJHuTHX7W6cuYRod1jq3QJY/edit#slide=id.g4d61f71165_0_80||8|0|13192242779871695|0|0
95|https://docs.google.com/presentation/d/1kyRsC1-PMJu4UndE6psUHJHuTHX7W6cuYRod1jq3QJY/edit#slide=id.g4d61f71165_0_90||10|0|13192243008103023|0|0
96|https://docs.google.com/presentation/d/1kyRsC1-PMJu4UndE6psUHJHuTHX7W6cuYRod1jq3QJY/edit#slide=id.g4d61f71165_0_116||13|0|13192244121541766|0|0
97|https://docs.google.com/presentation/d/1ykIUm1xAKMforvTPeqvXMdC4DZlnWOg604ekaybhiOs|SecTalk | HTTP(S) Security - Google Slides|1|0|13192242917479057|0|0
98|https://docs.google.com/presentation/d/1ykIUm1xAKMforvTPeqvXMdC4DZlnWOg604ekaybhiOs/|SecTalk | HTTP(S) Security - Google Slides|1|0|13192242917479057|0|0
99|https://docs.google.com/presentation/d/1ykIUm1xAKMforvTPeqvXMdC4DZlnWOg604ekaybhiOs/edit|SecTalk | HTTP(S) Security - Google Slides|2|0|13192242917955686|0|0
100|https://docs.google.com/presentation/d/1ykIUm1xAKMforvTPeqvXMdC4DZlnWOg604ekaybhiOs/edit#slide=id.p3||1|0|13192242919136009|0|0
101|https://docs.google.com/presentation/d/1ykIUm1xAKMforvTPeqvXMdC4DZlnWOg604ekaybhiOs/edit#slide=id.g4978d0c231_0_4||3|0|13192242940923609|0|0
102|https://docs.google.com/presentation/d/1ykIUm1xAKMforvTPeqvXMdC4DZlnWOg604ekaybhiOs/edit#slide=id.g487950190f_0_59||3|0|13192242958716463|0|0
103|https://docs.google.com/presentation/d/1ykIUm1xAKMforvTPeqvXMdC4DZlnWOg604ekaybhiOs/edit#slide=id.g487950190f_0_11||1|0|13192242960064553|0|0
104|https://docs.google.com/presentation/d/1ykIUm1xAKMforvTPeqvXMdC4DZlnWOg604ekaybhiOs/edit#slide=id.g487950190f_0_38||1|0|13192242966487389|0|0
105|https://docs.google.com/presentation/d/1ykIUm1xAKMforvTPeqvXMdC4DZlnWOg604ekaybhiOs/edit#slide=id.g487950190f_0_50||1|0|13192242976944173|0|0
106|https://docs.google.com/presentation/d/1ykIUm1xAKMforvTPeqvXMdC4DZlnWOg604ekaybhiOs/edit#slide=id.g487950190f_0_69||1|0|13192242978253139|0|0
107|https://docs.google.com/presentation/d/1ykIUm1xAKMforvTPeqvXMdC4DZlnWOg604ekaybhiOs/edit#slide=id.g4be45cc0c3_1_2||2|0|13192244072931935|0|0
108|https://docs.google.com/presentation/d/1ykIUm1xAKMforvTPeqvXMdC4DZlnWOg604ekaybhiOs/edit#slide=id.g4be45cc0c3_1_10||3|0|13192243005291624|0|0
109|https://docs.google.com/presentation/d/1ykIUm1xAKMforvTPeqvXMdC4DZlnWOg604ekaybhiOs/edit#slide=id.g4978d0c231_0_16||4|0|13192244072495834|0|0
110|https://docs.google.com/presentation/d/1ykIUm1xAKMforvTPeqvXMdC4DZlnWOg604ekaybhiOs/edit#slide=id.g4978d0c231_0_25||1|0|13192243003415936|0|0
111|https://docs.google.com/presentation/d/1kyRsC1-PMJu4UndE6psUHJHuTHX7W6cuYRod1jq3QJY/edit#slide=id.g4d61f71165_0_125||11|0|13192244154683531|0|0
112|https://docs.google.com/presentation/d/1kyRsC1-PMJu4UndE6psUHJHuTHX7W6cuYRod1jq3QJY/edit#slide=id.g4d923ccbc0_0_23||11|0|13192244155299476|0|0
113|https://docs.google.com/presentation/d/1kyRsC1-PMJu4UndE6psUHJHuTHX7W6cuYRod1jq3QJY/edit#slide=id.g4d923ccbc0_0_39||11|0|13192245372658496|0|0
114|https://docs.google.com/presentation/d/1kyRsC1-PMJu4UndE6psUHJHuTHX7W6cuYRod1jq3QJY/edit#slide=id.g4d923ccbc0_0_66||10|0|13192245373090802|0|0
115|https://docs.google.com/presentation/d/1kyRsC1-PMJu4UndE6psUHJHuTHX7W6cuYRod1jq3QJY/edit#slide=id.g4d923ccbc0_0_55||7|0|13192245374466519|0|0
116|https://docs.google.com/presentation/d/1kyRsC1-PMJu4UndE6psUHJHuTHX7W6cuYRod1jq3QJY/edit#slide=id.g4d923ccbc0_0_123||5|0|13192245374071586|0|0
117|https://docs.google.com/presentation/d/1kyRsC1-PMJu4UndE6psUHJHuTHX7W6cuYRod1jq3QJY/edit#slide=id.g4d923ccbc0_0_131||3|0|13192244118408572|0|0
118|https://docs.google.com/presentation/d/1kyRsC1-PMJu4UndE6psUHJHuTHX7W6cuYRod1jq3QJY/edit#slide=id.g4c0372a315_0_60||1|0|13192243706106722|0|0
119|https://www.google.com/search?q=nani+kore&oq=nani+ko&aqs=chrome.1.69i57j0l5.3623j0j7&sourceid=chrome&ie=UTF-8|nani kore - Google Search|1|0|13192244063991788|0|0
