2019-01-16 03:40:30|https://www.mozilla.org/privacy/firefox/
2019-01-16 03:40:30|https://www.mozilla.org/en-US/privacy/firefox/
2019-01-16 03:40:46|http://python.microbit.org/
2019-01-16 03:40:46|https://python.microbit.org/
2019-01-16 03:40:47|https://python.microbit.org/v/1.1
2019-01-16 03:40:50|https://python-editor-1-1-2.microbit.org/#
2019-01-16 03:51:06|https://python-editor-1-1-2.microbit.org/#
1|http://summer2019.compclub.com.au/|Welcome to the CompClub Summer Spy School | CompClub 2019 Summer Workshops|1|1|13192067599513833|0|0
2|https://summer2019.compclub.com.au/|Welcome to the CompClub Summer Spy School | CompClub 2019 Summer Workshops|5|0|13192081919853300|0|0
3|https://summer2019.compclub.com.au/day3|Day 3: Microbits! | CompClub 2019 Summer Workshops|11|0|13192082259718229|0|0
4|https://python.microbit.org/v/1|Micro:bit - Python editor|3|0|13192082145669881|0|0
5|https://python-editor-1-0-0.microbit.org/#||2|0|13192082498213916|1|0
6|https://docs.google.com/presentation/d/14BvJKEm9pyPOfLtZMkCAMwwwF6nVjmo8G5C3P7PULuw/edit#slide=id.g337fd436a2_1_5|Microbits Workshop - Google Slides|4|0|13192068533975428|0|0
7|https://docs.google.com/presentation/d/14BvJKEm9pyPOfLtZMkCAMwwwF6nVjmo8G5C3P7PULuw/edit#slide=id.p||1|0|13192068397032981|0|0
8|https://docs.google.com/presentation/d/14BvJKEm9pyPOfLtZMkCAMwwwF6nVjmo8G5C3P7PULuw/edit#slide=id.g4c0710682e_0_15||1|0|13192068397511624|0|0
9|https://docs.google.com/presentation/d/14BvJKEm9pyPOfLtZMkCAMwwwF6nVjmo8G5C3P7PULuw/edit#slide=id.g4c0710682e_0_22||2|0|13192068537858692|0|0
10|https://docs.google.com/presentation/d/14BvJKEm9pyPOfLtZMkCAMwwwF6nVjmo8G5C3P7PULuw/edit#slide=id.g4c0710682e_0_29||3|0|13192068538378472|0|0
11|https://docs.google.com/presentation/d/14BvJKEm9pyPOfLtZMkCAMwwwF6nVjmo8G5C3P7PULuw/edit#slide=id.g4c0710682e_0_36||3|0|13192074944955057|0|0
12|https://docs.google.com/presentation/d/14BvJKEm9pyPOfLtZMkCAMwwwF6nVjmo8G5C3P7PULuw/edit#slide=id.g4c0710682e_0_43||3|0|13192074943557016|0|0
13|https://docs.google.com/presentation/d/14BvJKEm9pyPOfLtZMkCAMwwwF6nVjmo8G5C3P7PULuw/edit#slide=id.g4c0710682e_0_58||5|0|13192074943150574|0|0
14|https://docs.google.com/presentation/d/14BvJKEm9pyPOfLtZMkCAMwwwF6nVjmo8G5C3P7PULuw/edit#slide=id.g4c0710682e_0_83||6|0|13192074942253603|0|0
15|https://docs.google.com/presentation/d/14BvJKEm9pyPOfLtZMkCAMwwwF6nVjmo8G5C3P7PULuw/edit#slide=id.g4c0710682e_0_92||3|0|13192074940532826|0|0
16|https://docs.google.com/presentation/d/14BvJKEm9pyPOfLtZMkCAMwwwF6nVjmo8G5C3P7PULuw/edit#slide=id.g4c0710682e_0_102||4|0|13192074940217016|0|0
17|https://docs.google.com/presentation/d/14BvJKEm9pyPOfLtZMkCAMwwwF6nVjmo8G5C3P7PULuw/edit#slide=id.g4c0710682e_0_63||3|0|13192076558004975|0|0
18|https://docs.google.com/presentation/d/14BvJKEm9pyPOfLtZMkCAMwwwF6nVjmo8G5C3P7PULuw/edit#slide=id.g4d695ae937_0_0||5|0|13192076558992680|0|0
19|https://docs.google.com/presentation/d/14BvJKEm9pyPOfLtZMkCAMwwwF6nVjmo8G5C3P7PULuw/edit#slide=id.g4d695ae937_0_23||5|0|13192076559478170|0|0
20|https://docs.google.com/presentation/d/14BvJKEm9pyPOfLtZMkCAMwwwF6nVjmo8G5C3P7PULuw/edit#slide=id.g4d695ae937_0_8||4|0|13192076559189072|0|0
21|https://docs.google.com/presentation/d/14BvJKEm9pyPOfLtZMkCAMwwwF6nVjmo8G5C3P7PULuw/edit#slide=id.g4d695ae937_0_16||5|0|13192076559344957|0|0
22|https://docs.google.com/presentation/d/14BvJKEm9pyPOfLtZMkCAMwwwF6nVjmo8G5C3P7PULuw/edit#slide=id.g4d695ae937_0_29||5|0|13192076559689049|0|0
23|https://docs.google.com/presentation/d/14BvJKEm9pyPOfLtZMkCAMwwwF6nVjmo8G5C3P7PULuw/edit#slide=id.g4c0710682e_0_119||5|0|13192076559795808|0|0
24|https://docs.google.com/presentation/d/14BvJKEm9pyPOfLtZMkCAMwwwF6nVjmo8G5C3P7PULuw/edit#slide=id.g4c0710682e_0_128||11|0|13192076559990287|0|0
25|https://docs.google.com/presentation/d/14BvJKEm9pyPOfLtZMkCAMwwwF6nVjmo8G5C3P7PULuw/edit#slide=id.g4c0710682e_0_135||12|0|13192076560129718|0|0
26|https://www.youtube.com/watch?v=dQw4w9WgXcQ|YouTube|1|0|13192071206057731|0|0
27|https://summer2019.compclub.com.au/day3_templates/morse_code_template.html|Morse Code Template | CompClub 2019 Summer Workshops|2|0|13192075597932184|0|0
28|https://docs.google.com/presentation/d/14BvJKEm9pyPOfLtZMkCAMwwwF6nVjmo8G5C3P7PULuw/edit#slide=id.g4c0710682e_0_143||5|0|13192076560288731|0|0
29|https://docs.google.com/presentation/d/14BvJKEm9pyPOfLtZMkCAMwwwF6nVjmo8G5C3P7PULuw/edit#slide=id.g4c0710682e_0_124||3|0|13192076560463641|0|0
30|https://docs.google.com/presentation/d/14BvJKEm9pyPOfLtZMkCAMwwwF6nVjmo8G5C3P7PULuw/edit#slide=id.g4c0710682e_0_150||5|0|13192076560627744|0|0
31|https://docs.google.com/presentation/d/14BvJKEm9pyPOfLtZMkCAMwwwF6nVjmo8G5C3P7PULuw/edit#slide=id.g4c0710682e_0_161||5|0|13192076560808641|0|0
32|https://docs.google.com/presentation/d/14BvJKEm9pyPOfLtZMkCAMwwwF6nVjmo8G5C3P7PULuw/edit#slide=id.g4c0710682e_0_168||2|0|13192076561007518|0|0
33|https://docs.google.com/presentation/d/14BvJKEm9pyPOfLtZMkCAMwwwF6nVjmo8G5C3P7PULuw/edit#slide=id.g4c0710682e_0_175||2|0|13192076561026281|0|0
34|https://summer2019.compclub.com.au/day3_templates/reaction_timer_template.html|Reaction Time Template | CompClub 2019 Summer Workshops|1|0|13192073860766213|0|0
35|https://docs.google.com/presentation/d/14BvJKEm9pyPOfLtZMkCAMwwwF6nVjmo8G5C3P7PULuw/edit#slide=id.g4c0710682e_0_181||1|0|13192076561241433|0|0
36|https://docs.google.com/presentation/d/14BvJKEm9pyPOfLtZMkCAMwwwF6nVjmo8G5C3P7PULuw/edit#slide=id.g4c0710682e_0_189||4|0|13192082130679553|0|0
37|https://docs.google.com/presentation/d/14BvJKEm9pyPOfLtZMkCAMwwwF6nVjmo8G5C3P7PULuw/edit#slide=id.g4c0710682e_0_195||16|0|13192082130981306|0|0
38|https://docs.google.com/presentation/d/14BvJKEm9pyPOfLtZMkCAMwwwF6nVjmo8G5C3P7PULuw/edit#slide=id.g337fd436a2_1_0||31|0|13192082131165035|0|0
39|https://docs.google.com/presentation/d/14BvJKEm9pyPOfLtZMkCAMwwwF6nVjmo8G5C3P7PULuw/edit#slide=id.g4c0710682e_0_210||27|0|13192082130146938|0|0
40|https://docs.google.com/presentation/d/14BvJKEm9pyPOfLtZMkCAMwwwF6nVjmo8G5C3P7PULuw/edit#slide=id.g4c0710682e_0_217||12|0|13192082129860517|0|0
41|https://docs.google.com/presentation/d/14BvJKEm9pyPOfLtZMkCAMwwwF6nVjmo8G5C3P7PULuw/edit#slide=id.g4d6b884a15_2_1||3|0|13192082129771710|0|0
42|https://summer2019.compclub.com.au/day3_templates/hot_or_cold_template.html|Hot or Cold Template | CompClub 2019 Summer Workshops|1|0|13192082278528960|0|0
