2019-01-16 04:16:55|https://www.mozilla.org/privacy/firefox/
2019-01-16 04:16:55|https://www.mozilla.org/en-US/privacy/firefox/
2019-01-16 04:17:01|https://www.google.com/search?q=altoro+mutual&ie=utf-8&oe=utf-8&client=firefox-b-ab
2019-01-16 04:17:05|https://demo.testfire.net/
2019-01-16 04:17:12|https://demo.testfire.net/login.jsp
2019-01-16 04:17:40|https://demo.testfire.net/bank/main.jsp
2019-01-16 04:18:03|https://demo.testfire.net/bank/main.jsp
2019-01-16 04:21:00|https://www.google.com/search?q=altoro+mutual&ie=utf-8&oe=utf-8&client=firefox-b-ab
2019-01-16 04:21:03|https://demo.testfire.net/
2019-01-16 04:21:19|https://www.google.com/search?q=edmodo&ie=utf-8&oe=utf-8&client=firefox-b-ab
2019-01-16 04:21:38|https://beta.edmodo.com/login
2019-01-16 04:22:42|https://demo.testfire.net/search.jsp?query=%3Cscript%3Ealert%28%271%27%29%3C%2Fscript%3E
2019-01-16 04:23:17|https://www.google.com/search?q=javascript+snake+game&ie=utf-8&oe=utf-8&client=firefox-b-ab
2019-01-16 04:23:20|http://patorjk.com/games/snake/
2019-01-16 04:23:37|https://www.google.com/search?q=javascipt+snake+code&ie=utf-8&oe=utf-8&client=firefox-b-ab
2019-01-16 04:23:40|https://codereview.stackexchange.com/questions/55323/snake-game-with-canvas-element-code
2019-01-16 04:25:39|https://demo.testfire.net/search.jsp?query=%3Cscript%3Ealert%28document.cookie%29%3C%2Fscript%3E
2019-01-16 04:33:26|https://demo.testfire.net/search.jsp?query=%3Cscript%3Ealert%28document.cookie%29%3C%2Fscript%3E
2019-01-16 04:33:32|https://demo.testfire.net/index.jsp?content=business.htm
2019-01-17 23:37:44|http://summer2019.compclub.com.au/
2019-01-17 23:37:44|https://summer2019.compclub.com.au/
2019-01-17 23:38:13|https://summer2019.compclub.com.au/day5
2019-01-17 23:38:16|https://docs.google.com/presentation/d/1ykIUm1xAKMforvTPeqvXMdC4DZlnWOg604ekaybhiOs
2019-01-17 23:38:16|https://docs.google.com/presentation/d/1ykIUm1xAKMforvTPeqvXMdC4DZlnWOg604ekaybhiOs/
2019-01-17 23:38:17|https://docs.google.com/presentation/d/1ykIUm1xAKMforvTPeqvXMdC4DZlnWOg604ekaybhiOs/edit
2019-01-17 23:38:19|https://docs.google.com/presentation/d/1ykIUm1xAKMforvTPeqvXMdC4DZlnWOg604ekaybhiOs/edit#slide=id.p3
2019-01-17 23:38:25|https://docs.google.com/presentation/d/1kyRsC1-PMJu4UndE6psUHJHuTHX7W6cuYRod1jq3QJY
2019-01-17 23:38:25|https://docs.google.com/presentation/d/1kyRsC1-PMJu4UndE6psUHJHuTHX7W6cuYRod1jq3QJY/
2019-01-17 23:38:26|https://docs.google.com/presentation/d/1kyRsC1-PMJu4UndE6psUHJHuTHX7W6cuYRod1jq3QJY/edit
2019-01-17 23:38:29|https://summer2019.compclub.com.au/day5/code
2019-01-17 23:38:29|https://docs.google.com/presentation/d/1kyRsC1-PMJu4UndE6psUHJHuTHX7W6cuYRod1jq3QJY/edit#slide=id.p1
2019-01-17 23:38:30|https://repl.it/@featherbear/LesserSignifiedBeings
2019-01-17 23:40:21|https://docs.google.com/presentation/d/1ykIUm1xAKMforvTPeqvXMdC4DZlnWOg604ekaybhiOs/edit#slide=id.g4978d0c231_0_4
2019-01-17 23:40:21|https://docs.google.com/presentation/d/1ykIUm1xAKMforvTPeqvXMdC4DZlnWOg604ekaybhiOs/edit#slide=id.g487950190f_0_59
2019-01-17 23:40:23|https://docs.google.com/presentation/d/1ykIUm1xAKMforvTPeqvXMdC4DZlnWOg604ekaybhiOs/edit#slide=id.g4be45cc0c3_1_2
2019-01-17 23:40:24|https://docs.google.com/presentation/d/1ykIUm1xAKMforvTPeqvXMdC4DZlnWOg604ekaybhiOs/edit#slide=id.g4be45cc0c3_1_10
2019-01-17 23:40:29|https://docs.google.com/presentation/d/1ykIUm1xAKMforvTPeqvXMdC4DZlnWOg604ekaybhiOs/edit#slide=id.g487950190f_0_59
2019-01-17 23:40:30|https://docs.google.com/presentation/d/1ykIUm1xAKMforvTPeqvXMdC4DZlnWOg604ekaybhiOs/edit#slide=id.g4978d0c231_0_4
2019-01-17 23:40:32|https://docs.google.com/presentation/d/1ykIUm1xAKMforvTPeqvXMdC4DZlnWOg604ekaybhiOs/edit#slide=id.p3
2019-01-17 23:40:34|https://docs.google.com/presentation/d/1ykIUm1xAKMforvTPeqvXMdC4DZlnWOg604ekaybhiOs/edit#slide=id.g487950190f_0_11
2019-01-17 23:40:40|https://docs.google.com/presentation/d/1ykIUm1xAKMforvTPeqvXMdC4DZlnWOg604ekaybhiOs/edit#slide=id.g487950190f_0_38
2019-01-17 23:40:50|https://docs.google.com/presentation/d/1ykIUm1xAKMforvTPeqvXMdC4DZlnWOg604ekaybhiOs/edit#slide=id.g487950190f_0_50
2019-01-17 23:40:53|https://docs.google.com/presentation/d/1ykIUm1xAKMforvTPeqvXMdC4DZlnWOg604ekaybhiOs/edit#slide=id.g487950190f_0_69
2019-01-17 23:40:54|https://docs.google.com/presentation/d/1ykIUm1xAKMforvTPeqvXMdC4DZlnWOg604ekaybhiOs/edit#slide=id.g4be45cc0c3_1_2
2019-01-17 23:40:55|https://docs.google.com/presentation/d/1ykIUm1xAKMforvTPeqvXMdC4DZlnWOg604ekaybhiOs/edit#slide=id.g4be45cc0c3_1_10
2019-01-17 23:41:09|https://docs.google.com/presentation/d/1ykIUm1xAKMforvTPeqvXMdC4DZlnWOg604ekaybhiOs/edit#slide=id.g4978d0c231_0_16
2019-01-17 23:41:09|https://docs.google.com/presentation/d/1ykIUm1xAKMforvTPeqvXMdC4DZlnWOg604ekaybhiOs/edit#slide=id.g4978d0c231_0_25
2019-01-17 23:41:10|https://docs.google.com/presentation/d/1ykIUm1xAKMforvTPeqvXMdC4DZlnWOg604ekaybhiOs/edit#slide=id.g4978d0c231_0_16
2019-01-17 23:41:12|https://docs.google.com/presentation/d/1ykIUm1xAKMforvTPeqvXMdC4DZlnWOg604ekaybhiOs/edit#slide=id.g4978d0c231_0_25
2019-01-17 23:41:13|https://docs.google.com/presentation/d/1ykIUm1xAKMforvTPeqvXMdC4DZlnWOg604ekaybhiOs/edit#slide=id.g487950190f_0_78
2019-01-17 23:41:14|https://docs.google.com/presentation/d/1ykIUm1xAKMforvTPeqvXMdC4DZlnWOg604ekaybhiOs/edit#slide=id.g4be45cc0c3_1_16
2019-01-17 23:41:14|https://docs.google.com/presentation/d/1ykIUm1xAKMforvTPeqvXMdC4DZlnWOg604ekaybhiOs/edit#slide=id.g497f722781_0_5
2019-01-17 23:41:15|https://docs.google.com/presentation/d/1ykIUm1xAKMforvTPeqvXMdC4DZlnWOg604ekaybhiOs/edit#slide=id.g4978d0c231_0_31
2019-01-17 23:41:15|https://docs.google.com/presentation/d/1ykIUm1xAKMforvTPeqvXMdC4DZlnWOg604ekaybhiOs/edit#slide=id.g497f722781_0_10
2019-01-17 23:41:22|https://docs.google.com/presentation/d/1kyRsC1-PMJu4UndE6psUHJHuTHX7W6cuYRod1jq3QJY/edit#slide=id.p2
2019-01-17 23:41:22|https://docs.google.com/presentation/d/1kyRsC1-PMJu4UndE6psUHJHuTHX7W6cuYRod1jq3QJY/edit#slide=id.g4bf28a5cd4_0_6
2019-01-17 23:41:23|https://docs.google.com/presentation/d/1kyRsC1-PMJu4UndE6psUHJHuTHX7W6cuYRod1jq3QJY/edit#slide=id.g3d022b32ae_0_0
2019-01-17 23:41:24|https://docs.google.com/presentation/d/1kyRsC1-PMJu4UndE6psUHJHuTHX7W6cuYRod1jq3QJY/edit#slide=id.g3d022b32ae_0_5
2019-01-17 23:41:27|https://docs.google.com/presentation/d/1kyRsC1-PMJu4UndE6psUHJHuTHX7W6cuYRod1jq3QJY/edit#slide=id.g4c07aed684_0_2
2019-01-17 23:41:28|https://docs.google.com/presentation/d/1kyRsC1-PMJu4UndE6psUHJHuTHX7W6cuYRod1jq3QJY/edit#slide=id.p3
2019-01-17 23:41:28|https://docs.google.com/presentation/d/1kyRsC1-PMJu4UndE6psUHJHuTHX7W6cuYRod1jq3QJY/edit#slide=id.g4891b805bc_0_5
2019-01-17 23:41:30|https://docs.google.com/presentation/d/1kyRsC1-PMJu4UndE6psUHJHuTHX7W6cuYRod1jq3QJY/edit#slide=id.g4be45cc0c3_1_44
2019-01-17 23:41:31|https://docs.google.com/presentation/d/1kyRsC1-PMJu4UndE6psUHJHuTHX7W6cuYRod1jq3QJY/edit#slide=id.g4be45cc0c3_0_1
2019-01-17 23:41:32|https://docs.google.com/presentation/d/1kyRsC1-PMJu4UndE6psUHJHuTHX7W6cuYRod1jq3QJY/edit#slide=id.g4be45cc0c3_1_35
2019-01-17 23:41:32|https://docs.google.com/presentation/d/1kyRsC1-PMJu4UndE6psUHJHuTHX7W6cuYRod1jq3QJY/edit#slide=id.g4c07aed684_0_7
2019-01-17 23:41:33|https://docs.google.com/presentation/d/1kyRsC1-PMJu4UndE6psUHJHuTHX7W6cuYRod1jq3QJY/edit#slide=id.g4be45cc0c3_1_52
2019-01-17 23:41:33|https://docs.google.com/presentation/d/1kyRsC1-PMJu4UndE6psUHJHuTHX7W6cuYRod1jq3QJY/edit#slide=id.g542d65370a8faa59_11
2019-01-17 23:41:34|https://docs.google.com/presentation/d/1kyRsC1-PMJu4UndE6psUHJHuTHX7W6cuYRod1jq3QJY/edit#slide=id.g4be45cc0c3_1_59
2019-01-17 23:41:34|https://docs.google.com/presentation/d/1kyRsC1-PMJu4UndE6psUHJHuTHX7W6cuYRod1jq3QJY/edit#slide=id.g4be45cc0c3_1_68
2019-01-17 23:41:35|https://docs.google.com/presentation/d/1kyRsC1-PMJu4UndE6psUHJHuTHX7W6cuYRod1jq3QJY/edit#slide=id.g4be45cc0c3_1_85
2019-01-17 23:41:35|https://docs.google.com/presentation/d/1kyRsC1-PMJu4UndE6psUHJHuTHX7W6cuYRod1jq3QJY/edit#slide=id.g4c21576342_0_4
2019-01-17 23:41:35|https://docs.google.com/presentation/d/1kyRsC1-PMJu4UndE6psUHJHuTHX7W6cuYRod1jq3QJY/edit#slide=id.g4c0372a315_0_123
2019-01-17 23:41:35|https://docs.google.com/presentation/d/1kyRsC1-PMJu4UndE6psUHJHuTHX7W6cuYRod1jq3QJY/edit#slide=id.g542d65370a8faa59_3
2019-01-17 23:41:36|https://docs.google.com/presentation/d/1kyRsC1-PMJu4UndE6psUHJHuTHX7W6cuYRod1jq3QJY/edit#slide=id.g4c21576342_0_10
2019-01-17 23:41:36|https://docs.google.com/presentation/d/1kyRsC1-PMJu4UndE6psUHJHuTHX7W6cuYRod1jq3QJY/edit#slide=id.g4c0372a315_0_100
2019-01-17 23:41:36|https://docs.google.com/presentation/d/1kyRsC1-PMJu4UndE6psUHJHuTHX7W6cuYRod1jq3QJY/edit#slide=id.g4c0372a315_0_109
2019-01-17 23:41:36|https://docs.google.com/presentation/d/1kyRsC1-PMJu4UndE6psUHJHuTHX7W6cuYRod1jq3QJY/edit#slide=id.g4c0372a315_0_114
2019-01-17 23:41:37|https://docs.google.com/presentation/d/1kyRsC1-PMJu4UndE6psUHJHuTHX7W6cuYRod1jq3QJY/edit#slide=id.g4c0372a315_0_127
2019-01-17 23:41:37|https://docs.google.com/presentation/d/1kyRsC1-PMJu4UndE6psUHJHuTHX7W6cuYRod1jq3QJY/edit#slide=id.g445c8f4c5882998c_2
2019-01-17 23:41:37|https://docs.google.com/presentation/d/1kyRsC1-PMJu4UndE6psUHJHuTHX7W6cuYRod1jq3QJY/edit#slide=id.g4d8f0f26c2_0_0
2019-01-17 23:41:37|https://docs.google.com/presentation/d/1kyRsC1-PMJu4UndE6psUHJHuTHX7W6cuYRod1jq3QJY/edit#slide=id.g4d923ccbc0_0_92
2019-01-17 23:41:37|https://docs.google.com/presentation/d/1kyRsC1-PMJu4UndE6psUHJHuTHX7W6cuYRod1jq3QJY/edit#slide=id.g4d923ccbc0_0_106
2019-01-17 23:41:38|https://docs.google.com/presentation/d/1kyRsC1-PMJu4UndE6psUHJHuTHX7W6cuYRod1jq3QJY/edit#slide=id.g4d923ccbc0_0_115
2019-01-17 23:41:38|https://docs.google.com/presentation/d/1kyRsC1-PMJu4UndE6psUHJHuTHX7W6cuYRod1jq3QJY/edit#slide=id.g4d8f0f26c2_0_17
2019-01-17 23:41:38|https://docs.google.com/presentation/d/1kyRsC1-PMJu4UndE6psUHJHuTHX7W6cuYRod1jq3QJY/edit#slide=id.g4c21576342_0_85
2019-01-17 23:41:38|https://docs.google.com/presentation/d/1kyRsC1-PMJu4UndE6psUHJHuTHX7W6cuYRod1jq3QJY/edit#slide=id.g4c21576342_0_61
2019-01-17 23:41:38|https://docs.google.com/presentation/d/1kyRsC1-PMJu4UndE6psUHJHuTHX7W6cuYRod1jq3QJY/edit#slide=id.g445c8f4c5882998c_36
2019-01-17 23:41:39|https://docs.google.com/presentation/d/1kyRsC1-PMJu4UndE6psUHJHuTHX7W6cuYRod1jq3QJY/edit#slide=id.g558a456a7dbd0e14_3
2019-01-17 23:41:47|https://docs.google.com/presentation/d/1kyRsC1-PMJu4UndE6psUHJHuTHX7W6cuYRod1jq3QJY/edit#slide=id.p2
2019-01-17 23:42:15|https://docs.google.com/presentation/d/1kyRsC1-PMJu4UndE6psUHJHuTHX7W6cuYRod1jq3QJY/edit#slide=id.g4c0372a315_0_127
2019-01-17 23:42:16|https://docs.google.com/presentation/d/1kyRsC1-PMJu4UndE6psUHJHuTHX7W6cuYRod1jq3QJY/edit#slide=id.g445c8f4c5882998c_2
2019-01-17 23:42:16|https://docs.google.com/presentation/d/1kyRsC1-PMJu4UndE6psUHJHuTHX7W6cuYRod1jq3QJY/edit#slide=id.g4d8f0f26c2_0_0
2019-01-17 23:42:18|https://docs.google.com/presentation/d/1kyRsC1-PMJu4UndE6psUHJHuTHX7W6cuYRod1jq3QJY/edit#slide=id.g4d923ccbc0_0_115
2019-01-17 23:42:18|https://docs.google.com/presentation/d/1kyRsC1-PMJu4UndE6psUHJHuTHX7W6cuYRod1jq3QJY/edit#slide=id.g4d8f0f26c2_0_17
2019-01-17 23:42:18|https://docs.google.com/presentation/d/1kyRsC1-PMJu4UndE6psUHJHuTHX7W6cuYRod1jq3QJY/edit#slide=id.g4c21576342_0_85
2019-01-17 23:42:18|https://docs.google.com/presentation/d/1kyRsC1-PMJu4UndE6psUHJHuTHX7W6cuYRod1jq3QJY/edit#slide=id.g4c21576342_0_61
2019-01-17 23:42:19|https://docs.google.com/presentation/d/1kyRsC1-PMJu4UndE6psUHJHuTHX7W6cuYRod1jq3QJY/edit#slide=id.g445c8f4c5882998c_36
2019-01-17 23:42:19|https://docs.google.com/presentation/d/1kyRsC1-PMJu4UndE6psUHJHuTHX7W6cuYRod1jq3QJY/edit#slide=id.g558a456a7dbd0e14_3
2019-01-17 23:42:20|https://docs.google.com/presentation/d/1kyRsC1-PMJu4UndE6psUHJHuTHX7W6cuYRod1jq3QJY/edit#slide=id.g445c8f4c5882998c_53
2019-01-17 23:42:32|https://repl.it/repls/RobustWarpedPerformance
2019-01-17 23:43:24|https://docs.google.com/presentation/d/1kyRsC1-PMJu4UndE6psUHJHuTHX7W6cuYRod1jq3QJY/edit#slide=id.g4c0372a315_0_100
2019-01-17 23:43:26|https://docs.google.com/presentation/d/1kyRsC1-PMJu4UndE6psUHJHuTHX7W6cuYRod1jq3QJY/edit#slide=id.g4c0372a315_0_109
2019-01-17 23:43:26|https://docs.google.com/presentation/d/1kyRsC1-PMJu4UndE6psUHJHuTHX7W6cuYRod1jq3QJY/edit#slide=id.g4c0372a315_0_114
2019-01-17 23:43:27|https://docs.google.com/presentation/d/1kyRsC1-PMJu4UndE6psUHJHuTHX7W6cuYRod1jq3QJY/edit#slide=id.g445c8f4c5882998c_2
2019-01-17 23:43:28|https://docs.google.com/presentation/d/1kyRsC1-PMJu4UndE6psUHJHuTHX7W6cuYRod1jq3QJY/edit#slide=id.g4d8f0f26c2_0_0
2019-01-17 23:43:29|https://docs.google.com/presentation/d/1kyRsC1-PMJu4UndE6psUHJHuTHX7W6cuYRod1jq3QJY/edit#slide=id.g4d923ccbc0_0_92
2019-01-17 23:43:29|https://docs.google.com/presentation/d/1kyRsC1-PMJu4UndE6psUHJHuTHX7W6cuYRod1jq3QJY/edit#slide=id.g4d923ccbc0_0_106
2019-01-17 23:43:29|https://docs.google.com/presentation/d/1kyRsC1-PMJu4UndE6psUHJHuTHX7W6cuYRod1jq3QJY/edit#slide=id.g4d923ccbc0_0_115
2019-01-17 23:43:30|https://docs.google.com/presentation/d/1kyRsC1-PMJu4UndE6psUHJHuTHX7W6cuYRod1jq3QJY/edit#slide=id.g4d8f0f26c2_0_17
2019-01-17 23:43:30|https://docs.google.com/presentation/d/1kyRsC1-PMJu4UndE6psUHJHuTHX7W6cuYRod1jq3QJY/edit#slide=id.g4c21576342_0_85
2019-01-17 23:43:30|https://docs.google.com/presentation/d/1kyRsC1-PMJu4UndE6psUHJHuTHX7W6cuYRod1jq3QJY/edit#slide=id.g4c21576342_0_61
2019-01-17 23:43:30|https://docs.google.com/presentation/d/1kyRsC1-PMJu4UndE6psUHJHuTHX7W6cuYRod1jq3QJY/edit#slide=id.g445c8f4c5882998c_36
2019-01-17 23:43:45|https://docs.google.com/presentation/d/1kyRsC1-PMJu4UndE6psUHJHuTHX7W6cuYRod1jq3QJY/edit#slide=id.g558a456a7dbd0e14_3
2019-01-17 23:43:56|https://docs.google.com/presentation/d/1kyRsC1-PMJu4UndE6psUHJHuTHX7W6cuYRod1jq3QJY/edit#slide=id.g445c8f4c5882998c_53
2019-01-17 23:43:57|https://docs.google.com/presentation/d/1kyRsC1-PMJu4UndE6psUHJHuTHX7W6cuYRod1jq3QJY/edit#slide=id.g4c07aed684_0_70
2019-01-17 23:44:03|https://docs.google.com/presentation/d/1kyRsC1-PMJu4UndE6psUHJHuTHX7W6cuYRod1jq3QJY/edit#slide=id.g4d61f71165_0_10
2019-01-17 23:44:04|https://docs.google.com/presentation/d/1kyRsC1-PMJu4UndE6psUHJHuTHX7W6cuYRod1jq3QJY/edit#slide=id.g4d61f71165_0_50
2019-01-17 23:44:05|https://docs.google.com/presentation/d/1kyRsC1-PMJu4UndE6psUHJHuTHX7W6cuYRod1jq3QJY/edit#slide=id.g4d61f71165_0_70
2019-01-17 23:44:05|https://docs.google.com/presentation/d/1kyRsC1-PMJu4UndE6psUHJHuTHX7W6cuYRod1jq3QJY/edit#slide=id.g4d61f71165_0_80
2019-01-17 23:44:06|https://docs.google.com/presentation/d/1kyRsC1-PMJu4UndE6psUHJHuTHX7W6cuYRod1jq3QJY/edit#slide=id.g4d61f71165_0_90
2019-01-17 23:44:06|https://docs.google.com/presentation/d/1kyRsC1-PMJu4UndE6psUHJHuTHX7W6cuYRod1jq3QJY/edit#slide=id.g4d61f71165_0_116
2019-01-17 23:44:06|https://docs.google.com/presentation/d/1kyRsC1-PMJu4UndE6psUHJHuTHX7W6cuYRod1jq3QJY/edit#slide=id.g4d61f71165_0_125
2019-01-17 23:44:06|https://docs.google.com/presentation/d/1kyRsC1-PMJu4UndE6psUHJHuTHX7W6cuYRod1jq3QJY/edit#slide=id.g4d923ccbc0_0_23
2019-01-17 23:44:07|https://docs.google.com/presentation/d/1kyRsC1-PMJu4UndE6psUHJHuTHX7W6cuYRod1jq3QJY/edit#slide=id.g4d923ccbc0_0_39
2019-01-17 23:44:07|https://docs.google.com/presentation/d/1kyRsC1-PMJu4UndE6psUHJHuTHX7W6cuYRod1jq3QJY/edit#slide=id.g4d923ccbc0_0_66
2019-01-17 23:44:07|https://docs.google.com/presentation/d/1kyRsC1-PMJu4UndE6psUHJHuTHX7W6cuYRod1jq3QJY/edit#slide=id.g4d923ccbc0_0_55
2019-01-17 23:44:07|https://docs.google.com/presentation/d/1kyRsC1-PMJu4UndE6psUHJHuTHX7W6cuYRod1jq3QJY/edit#slide=id.g4d923ccbc0_0_123
2019-01-17 23:44:09|https://docs.google.com/presentation/d/1kyRsC1-PMJu4UndE6psUHJHuTHX7W6cuYRod1jq3QJY/edit#slide=id.g4d61f71165_0_90
2019-01-17 23:44:10|https://docs.google.com/presentation/d/1kyRsC1-PMJu4UndE6psUHJHuTHX7W6cuYRod1jq3QJY/edit#slide=id.g4d61f71165_0_80
2019-01-17 23:44:16|https://docs.google.com/presentation/d/1kyRsC1-PMJu4UndE6psUHJHuTHX7W6cuYRod1jq3QJY/edit#slide=id.g4d61f71165_0_50
2019-01-17 23:44:16|https://docs.google.com/presentation/d/1kyRsC1-PMJu4UndE6psUHJHuTHX7W6cuYRod1jq3QJY/edit#slide=id.g4d61f71165_0_10
2019-01-17 23:44:17|https://docs.google.com/presentation/d/1kyRsC1-PMJu4UndE6psUHJHuTHX7W6cuYRod1jq3QJY/edit#slide=id.g4c07aed684_0_70
2019-01-17 23:44:18|https://docs.google.com/presentation/d/1kyRsC1-PMJu4UndE6psUHJHuTHX7W6cuYRod1jq3QJY/edit#slide=id.g4d61f71165_0_10
2019-01-17 23:46:08|https://docs.google.com/presentation/d/1kyRsC1-PMJu4UndE6psUHJHuTHX7W6cuYRod1jq3QJY/edit#slide=id.g4d61f71165_0_50
2019-01-17 23:47:02|https://docs.google.com/presentation/d/1kyRsC1-PMJu4UndE6psUHJHuTHX7W6cuYRod1jq3QJY/edit#slide=id.g4d61f71165_0_70
2019-01-17 23:49:15|https://docs.google.com/presentation/d/1kyRsC1-PMJu4UndE6psUHJHuTHX7W6cuYRod1jq3QJY/edit#slide=id.g4d61f71165_0_80
2019-01-17 23:49:16|https://docs.google.com/presentation/d/1kyRsC1-PMJu4UndE6psUHJHuTHX7W6cuYRod1jq3QJY/edit#slide=id.g4d61f71165_0_90
2019-01-17 23:49:21|https://docs.google.com/presentation/d/1kyRsC1-PMJu4UndE6psUHJHuTHX7W6cuYRod1jq3QJY/edit#slide=id.g4d61f71165_0_80
2019-01-17 23:49:24|https://docs.google.com/presentation/d/1kyRsC1-PMJu4UndE6psUHJHuTHX7W6cuYRod1jq3QJY/edit#slide=id.g4d61f71165_0_90
2019-01-17 23:51:49|https://docs.google.com/presentation/d/1kyRsC1-PMJu4UndE6psUHJHuTHX7W6cuYRod1jq3QJY/edit#slide=id.g4d61f71165_0_116
2019-01-17 23:51:58|https://docs.google.com/presentation/d/1kyRsC1-PMJu4UndE6psUHJHuTHX7W6cuYRod1jq3QJY/edit#slide=id.g4d61f71165_0_125
2019-01-17 23:52:02|https://docs.google.com/presentation/d/1kyRsC1-PMJu4UndE6psUHJHuTHX7W6cuYRod1jq3QJY/edit#slide=id.g4d61f71165_0_116
2019-01-17 23:52:04|https://docs.google.com/presentation/d/1kyRsC1-PMJu4UndE6psUHJHuTHX7W6cuYRod1jq3QJY/edit#slide=id.g4d61f71165_0_90
2019-01-17 23:52:05|https://docs.google.com/presentation/d/1kyRsC1-PMJu4UndE6psUHJHuTHX7W6cuYRod1jq3QJY/edit#slide=id.g4d61f71165_0_116
2019-01-17 23:53:14|https://docs.google.com/presentation/d/1kyRsC1-PMJu4UndE6psUHJHuTHX7W6cuYRod1jq3QJY/edit#slide=id.g4d61f71165_0_125
2019-01-17 23:53:36|https://docs.google.com/presentation/d/1kyRsC1-PMJu4UndE6psUHJHuTHX7W6cuYRod1jq3QJY/edit#slide=id.g4d61f71165_0_116
2019-01-17 23:55:21|https://docs.google.com/presentation/d/1kyRsC1-PMJu4UndE6psUHJHuTHX7W6cuYRod1jq3QJY/edit#slide=id.g4d61f71165_0_90
2019-01-17 23:55:23|https://docs.google.com/presentation/d/1kyRsC1-PMJu4UndE6psUHJHuTHX7W6cuYRod1jq3QJY/edit#slide=id.g4d61f71165_0_80
2019-01-17 23:55:29|https://docs.google.com/presentation/d/1kyRsC1-PMJu4UndE6psUHJHuTHX7W6cuYRod1jq3QJY/edit#slide=id.g4d61f71165_0_90
2019-01-17 23:59:04|https://docs.google.com/presentation/d/1kyRsC1-PMJu4UndE6psUHJHuTHX7W6cuYRod1jq3QJY/edit#slide=id.g4d61f71165_0_50
2019-01-17 23:59:06|https://docs.google.com/presentation/d/1kyRsC1-PMJu4UndE6psUHJHuTHX7W6cuYRod1jq3QJY/edit#slide=id.g4d61f71165_0_10
2019-01-17 23:59:07|https://docs.google.com/presentation/d/1kyRsC1-PMJu4UndE6psUHJHuTHX7W6cuYRod1jq3QJY/edit#slide=id.g4c07aed684_0_70
2019-01-18 00:00:42|https://docs.google.com/presentation/d/1kyRsC1-PMJu4UndE6psUHJHuTHX7W6cuYRod1jq3QJY/edit#slide=id.g4d61f71165_0_10
2019-01-18 00:00:43|https://docs.google.com/presentation/d/1kyRsC1-PMJu4UndE6psUHJHuTHX7W6cuYRod1jq3QJY/edit#slide=id.g4d61f71165_0_50
2019-01-18 00:00:44|https://docs.google.com/presentation/d/1kyRsC1-PMJu4UndE6psUHJHuTHX7W6cuYRod1jq3QJY/edit#slide=id.g4d61f71165_0_70
2019-01-18 00:00:45|https://docs.google.com/presentation/d/1kyRsC1-PMJu4UndE6psUHJHuTHX7W6cuYRod1jq3QJY/edit#slide=id.g4d61f71165_0_80
2019-01-18 00:00:47|https://docs.google.com/presentation/d/1kyRsC1-PMJu4UndE6psUHJHuTHX7W6cuYRod1jq3QJY/edit#slide=id.g4d61f71165_0_90
2019-01-18 00:00:54|https://docs.google.com/presentation/d/1kyRsC1-PMJu4UndE6psUHJHuTHX7W6cuYRod1jq3QJY/edit#slide=id.g4d61f71165_0_116
2019-01-18 00:02:21|https://docs.google.com/presentation/d/1kyRsC1-PMJu4UndE6psUHJHuTHX7W6cuYRod1jq3QJY/edit#slide=id.g4d61f71165_0_125
2019-01-18 00:02:42|https://docs.google.com/presentation/d/1kyRsC1-PMJu4UndE6psUHJHuTHX7W6cuYRod1jq3QJY/edit#slide=id.g4d923ccbc0_0_23
2019-01-18 00:02:42|https://docs.google.com/presentation/d/1kyRsC1-PMJu4UndE6psUHJHuTHX7W6cuYRod1jq3QJY/edit#slide=id.g4d61f71165_0_125
2019-01-18 00:03:28|https://docs.google.com/presentation/d/1kyRsC1-PMJu4UndE6psUHJHuTHX7W6cuYRod1jq3QJY/edit#slide=id.g4d923ccbc0_0_23
2019-01-18 00:04:56|https://docs.google.com/presentation/d/1kyRsC1-PMJu4UndE6psUHJHuTHX7W6cuYRod1jq3QJY/edit#slide=id.g4d923ccbc0_0_39
2019-01-18 00:04:58|https://docs.google.com/presentation/d/1kyRsC1-PMJu4UndE6psUHJHuTHX7W6cuYRod1jq3QJY/edit#slide=id.g4d923ccbc0_0_23
2019-01-18 00:04:59|https://docs.google.com/presentation/d/1kyRsC1-PMJu4UndE6psUHJHuTHX7W6cuYRod1jq3QJY/edit#slide=id.g4d61f71165_0_125
2019-01-18 00:05:03|https://docs.google.com/presentation/d/1kyRsC1-PMJu4UndE6psUHJHuTHX7W6cuYRod1jq3QJY/edit#slide=id.g4d923ccbc0_0_39
2019-01-18 00:05:31|https://docs.google.com/presentation/d/1kyRsC1-PMJu4UndE6psUHJHuTHX7W6cuYRod1jq3QJY/edit#slide=id.g4d923ccbc0_0_66
2019-01-18 00:30:24|https://www.google.com/search?q=google+space&ie=utf-8&oe=utf-8&client=firefox-b-ab
2019-01-18 00:30:27|https://mrdoob.com/projects/chromeexperiments/google-space/
2019-01-18 00:34:47|http://slither.io/
2019-01-18 00:44:54|https://summer2019.compclub.com.au/day5
2019-01-18 00:44:58|https://docs.google.com/presentation/d/1kyRsC1-PMJu4UndE6psUHJHuTHX7W6cuYRod1jq3QJY/edit
2019-01-18 00:45:00|https://docs.google.com/presentation/d/1kyRsC1-PMJu4UndE6psUHJHuTHX7W6cuYRod1jq3QJY/edit#slide=id.p1
2019-01-18 00:45:05|https://repl.it/@featherbear/LesserSignifiedBeings
2019-01-18 00:46:20|http://repl.it/
2019-01-18 00:46:21|https://repl.it/
2019-01-18 00:46:31|https://repl.it/@featherbear/LesserSignifiedBeings
2019-01-18 00:47:32|https://repl.it/
2019-01-18 00:47:55|https://repl.it/repls/RobustWarpedPerformance
2019-01-18 00:56:46|http://ctf.compclub.com.au/
2019-01-18 00:56:46|https://ctf.compclub.com.au/
2019-01-18 00:56:46|https://ctf.compclub.com.au/invite?next=%2F
2019-01-18 00:56:46|https://ctf.compclub.com.au/invite/
2019-01-18 01:17:28|https://docs.google.com/presentation/d/1ykIUm1xAKMforvTPeqvXMdC4DZlnWOg604ekaybhiOs
2019-01-18 01:17:29|https://docs.google.com/presentation/d/1ykIUm1xAKMforvTPeqvXMdC4DZlnWOg604ekaybhiOs/
2019-01-18 01:17:29|https://docs.google.com/presentation/d/1ykIUm1xAKMforvTPeqvXMdC4DZlnWOg604ekaybhiOs/edit
2019-01-18 01:17:31|https://docs.google.com/presentation/d/1ykIUm1xAKMforvTPeqvXMdC4DZlnWOg604ekaybhiOs/edit#slide=id.p3
2019-01-18 01:17:32|https://docs.google.com/presentation/d/1ykIUm1xAKMforvTPeqvXMdC4DZlnWOg604ekaybhiOs/edit#slide=id.g4978d0c231_0_4
2019-01-18 01:17:35|https://docs.google.com/presentation/d/1kyRsC1-PMJu4UndE6psUHJHuTHX7W6cuYRod1jq3QJY
2019-01-18 01:17:36|https://docs.google.com/presentation/d/1kyRsC1-PMJu4UndE6psUHJHuTHX7W6cuYRod1jq3QJY/
2019-01-18 01:17:36|https://docs.google.com/presentation/d/1kyRsC1-PMJu4UndE6psUHJHuTHX7W6cuYRod1jq3QJY/edit
2019-01-18 01:17:39|https://docs.google.com/presentation/d/1kyRsC1-PMJu4UndE6psUHJHuTHX7W6cuYRod1jq3QJY/edit#slide=id.p1
2019-01-18 01:17:46|https://docs.google.com/presentation/d/1kyRsC1-PMJu4UndE6psUHJHuTHX7W6cuYRod1jq3QJY/edit#slide=id.p2
2019-01-18 01:17:48|https://docs.google.com/presentation/d/1kyRsC1-PMJu4UndE6psUHJHuTHX7W6cuYRod1jq3QJY/edit#slide=id.g4bf28a5cd4_0_6
2019-01-18 01:17:50|https://docs.google.com/presentation/d/1kyRsC1-PMJu4UndE6psUHJHuTHX7W6cuYRod1jq3QJY/edit#slide=id.g3d022b32ae_0_0
2019-01-18 01:17:54|https://docs.google.com/presentation/d/1kyRsC1-PMJu4UndE6psUHJHuTHX7W6cuYRod1jq3QJY/edit#slide=id.g3d022b32ae_0_5
2019-01-18 01:17:56|https://docs.google.com/presentation/d/1kyRsC1-PMJu4UndE6psUHJHuTHX7W6cuYRod1jq3QJY/edit#slide=id.g4c07aed684_0_2
2019-01-18 01:17:57|https://docs.google.com/presentation/d/1kyRsC1-PMJu4UndE6psUHJHuTHX7W6cuYRod1jq3QJY/edit#slide=id.p3
2019-01-18 01:17:58|https://docs.google.com/presentation/d/1kyRsC1-PMJu4UndE6psUHJHuTHX7W6cuYRod1jq3QJY/edit#slide=id.g4891b805bc_0_5
2019-01-18 01:17:59|https://docs.google.com/presentation/d/1kyRsC1-PMJu4UndE6psUHJHuTHX7W6cuYRod1jq3QJY/edit#slide=id.g4be45cc0c3_1_44
2019-01-18 01:18:00|https://docs.google.com/presentation/d/1kyRsC1-PMJu4UndE6psUHJHuTHX7W6cuYRod1jq3QJY/edit#slide=id.g4be45cc0c3_0_1
2019-01-18 01:18:02|https://docs.google.com/presentation/d/1kyRsC1-PMJu4UndE6psUHJHuTHX7W6cuYRod1jq3QJY/edit#slide=id.g4be45cc0c3_1_35
2019-01-18 01:18:03|https://docs.google.com/presentation/d/1kyRsC1-PMJu4UndE6psUHJHuTHX7W6cuYRod1jq3QJY/edit#slide=id.g4c07aed684_0_7
2019-01-18 01:18:04|https://docs.google.com/presentation/d/1kyRsC1-PMJu4UndE6psUHJHuTHX7W6cuYRod1jq3QJY/edit#slide=id.g4be45cc0c3_1_52
2019-01-18 01:18:04|https://docs.google.com/presentation/d/1kyRsC1-PMJu4UndE6psUHJHuTHX7W6cuYRod1jq3QJY/edit#slide=id.g542d65370a8faa59_11
2019-01-18 01:18:05|https://docs.google.com/presentation/d/1kyRsC1-PMJu4UndE6psUHJHuTHX7W6cuYRod1jq3QJY/edit#slide=id.g4be45cc0c3_1_59
2019-01-18 01:18:05|https://docs.google.com/presentation/d/1kyRsC1-PMJu4UndE6psUHJHuTHX7W6cuYRod1jq3QJY/edit#slide=id.g4be45cc0c3_1_68
2019-01-18 01:18:06|https://docs.google.com/presentation/d/1kyRsC1-PMJu4UndE6psUHJHuTHX7W6cuYRod1jq3QJY/edit#slide=id.g4be45cc0c3_1_85
2019-01-18 01:18:06|https://docs.google.com/presentation/d/1kyRsC1-PMJu4UndE6psUHJHuTHX7W6cuYRod1jq3QJY/edit#slide=id.g4c21576342_0_4
2019-01-18 01:18:07|https://docs.google.com/presentation/d/1kyRsC1-PMJu4UndE6psUHJHuTHX7W6cuYRod1jq3QJY/edit#slide=id.g4c0372a315_0_123
2019-01-18 01:18:07|https://docs.google.com/presentation/d/1kyRsC1-PMJu4UndE6psUHJHuTHX7W6cuYRod1jq3QJY/edit#slide=id.g542d65370a8faa59_3
2019-01-18 01:18:08|https://docs.google.com/presentation/d/1kyRsC1-PMJu4UndE6psUHJHuTHX7W6cuYRod1jq3QJY/edit#slide=id.g4c21576342_0_10
2019-01-18 01:18:08|https://docs.google.com/presentation/d/1kyRsC1-PMJu4UndE6psUHJHuTHX7W6cuYRod1jq3QJY/edit#slide=id.g4c0372a315_0_100
2019-01-18 01:18:09|https://docs.google.com/presentation/d/1kyRsC1-PMJu4UndE6psUHJHuTHX7W6cuYRod1jq3QJY/edit#slide=id.g4c0372a315_0_109
2019-01-18 01:18:09|https://docs.google.com/presentation/d/1kyRsC1-PMJu4UndE6psUHJHuTHX7W6cuYRod1jq3QJY/edit#slide=id.g4c0372a315_0_114
2019-01-18 01:18:10|https://docs.google.com/presentation/d/1kyRsC1-PMJu4UndE6psUHJHuTHX7W6cuYRod1jq3QJY/edit#slide=id.g4c0372a315_0_127
2019-01-18 01:18:10|https://docs.google.com/presentation/d/1kyRsC1-PMJu4UndE6psUHJHuTHX7W6cuYRod1jq3QJY/edit#slide=id.g445c8f4c5882998c_2
2019-01-18 01:18:10|https://docs.google.com/presentation/d/1kyRsC1-PMJu4UndE6psUHJHuTHX7W6cuYRod1jq3QJY/edit#slide=id.g4d8f0f26c2_0_0
2019-01-18 01:18:11|https://docs.google.com/presentation/d/1kyRsC1-PMJu4UndE6psUHJHuTHX7W6cuYRod1jq3QJY/edit#slide=id.g4d923ccbc0_0_92
2019-01-18 01:18:11|https://docs.google.com/presentation/d/1kyRsC1-PMJu4UndE6psUHJHuTHX7W6cuYRod1jq3QJY/edit#slide=id.g4d923ccbc0_0_106
2019-01-18 01:18:12|https://docs.google.com/presentation/d/1kyRsC1-PMJu4UndE6psUHJHuTHX7W6cuYRod1jq3QJY/edit#slide=id.g4d923ccbc0_0_115
2019-01-18 01:18:12|https://docs.google.com/presentation/d/1kyRsC1-PMJu4UndE6psUHJHuTHX7W6cuYRod1jq3QJY/edit#slide=id.g4d8f0f26c2_0_17
2019-01-18 01:18:14|https://docs.google.com/presentation/d/1kyRsC1-PMJu4UndE6psUHJHuTHX7W6cuYRod1jq3QJY/edit#slide=id.g4c21576342_0_85
2019-01-18 01:18:15|https://docs.google.com/presentation/d/1kyRsC1-PMJu4UndE6psUHJHuTHX7W6cuYRod1jq3QJY/edit#slide=id.g4c21576342_0_61
2019-01-18 01:18:15|https://docs.google.com/presentation/d/1kyRsC1-PMJu4UndE6psUHJHuTHX7W6cuYRod1jq3QJY/edit#slide=id.g445c8f4c5882998c_36
2019-01-18 01:18:16|https://docs.google.com/presentation/d/1kyRsC1-PMJu4UndE6psUHJHuTHX7W6cuYRod1jq3QJY/edit#slide=id.g558a456a7dbd0e14_3
2019-01-18 01:18:18|https://docs.google.com/presentation/d/1kyRsC1-PMJu4UndE6psUHJHuTHX7W6cuYRod1jq3QJY/edit#slide=id.g445c8f4c5882998c_36
2019-01-18 01:18:18|https://docs.google.com/presentation/d/1kyRsC1-PMJu4UndE6psUHJHuTHX7W6cuYRod1jq3QJY/edit#slide=id.g558a456a7dbd0e14_3
2019-01-18 01:18:18|https://docs.google.com/presentation/d/1kyRsC1-PMJu4UndE6psUHJHuTHX7W6cuYRod1jq3QJY/edit#slide=id.g445c8f4c5882998c_53
2019-01-18 01:18:19|https://docs.google.com/presentation/d/1kyRsC1-PMJu4UndE6psUHJHuTHX7W6cuYRod1jq3QJY/edit#slide=id.g4c07aed684_0_70
2019-01-18 01:18:19|https://docs.google.com/presentation/d/1kyRsC1-PMJu4UndE6psUHJHuTHX7W6cuYRod1jq3QJY/edit#slide=id.g4d61f71165_0_10
2019-01-18 01:18:19|https://docs.google.com/presentation/d/1kyRsC1-PMJu4UndE6psUHJHuTHX7W6cuYRod1jq3QJY/edit#slide=id.g4d61f71165_0_50
2019-01-18 01:18:20|https://docs.google.com/presentation/d/1kyRsC1-PMJu4UndE6psUHJHuTHX7W6cuYRod1jq3QJY/edit#slide=id.g4d61f71165_0_70
2019-01-18 01:18:20|https://docs.google.com/presentation/d/1kyRsC1-PMJu4UndE6psUHJHuTHX7W6cuYRod1jq3QJY/edit#slide=id.g4d61f71165_0_80
2019-01-18 01:18:20|https://docs.google.com/presentation/d/1kyRsC1-PMJu4UndE6psUHJHuTHX7W6cuYRod1jq3QJY/edit#slide=id.g4d61f71165_0_70
2019-01-18 01:18:36|https://docs.google.com/presentation/d/1kyRsC1-PMJu4UndE6psUHJHuTHX7W6cuYRod1jq3QJY/edit#slide=id.g4d61f71165_0_80
2019-01-18 01:18:36|https://docs.google.com/presentation/d/1kyRsC1-PMJu4UndE6psUHJHuTHX7W6cuYRod1jq3QJY/edit#slide=id.g4d61f71165_0_90
2019-01-18 01:18:37|https://docs.google.com/presentation/d/1kyRsC1-PMJu4UndE6psUHJHuTHX7W6cuYRod1jq3QJY/edit#slide=id.g4d61f71165_0_116
2019-01-18 01:18:37|https://docs.google.com/presentation/d/1kyRsC1-PMJu4UndE6psUHJHuTHX7W6cuYRod1jq3QJY/edit#slide=id.g4d61f71165_0_125
2019-01-18 01:18:38|https://docs.google.com/presentation/d/1kyRsC1-PMJu4UndE6psUHJHuTHX7W6cuYRod1jq3QJY/edit#slide=id.g4d923ccbc0_0_23
2019-01-18 01:18:38|https://docs.google.com/presentation/d/1kyRsC1-PMJu4UndE6psUHJHuTHX7W6cuYRod1jq3QJY/edit#slide=id.g4d923ccbc0_0_39
2019-01-18 01:18:38|https://docs.google.com/presentation/d/1kyRsC1-PMJu4UndE6psUHJHuTHX7W6cuYRod1jq3QJY/edit#slide=id.g4d923ccbc0_0_66
2019-01-18 01:18:39|https://docs.google.com/presentation/d/1kyRsC1-PMJu4UndE6psUHJHuTHX7W6cuYRod1jq3QJY/edit#slide=id.g4d923ccbc0_0_55
2019-01-18 01:18:39|https://docs.google.com/presentation/d/1kyRsC1-PMJu4UndE6psUHJHuTHX7W6cuYRod1jq3QJY/edit#slide=id.g4d923ccbc0_0_66
2019-01-18 01:18:39|https://docs.google.com/presentation/d/1kyRsC1-PMJu4UndE6psUHJHuTHX7W6cuYRod1jq3QJY/edit#slide=id.g4d923ccbc0_0_39
2019-01-18 01:18:41|https://docs.google.com/presentation/d/1kyRsC1-PMJu4UndE6psUHJHuTHX7W6cuYRod1jq3QJY/edit#slide=id.g4d923ccbc0_0_23
2019-01-18 01:18:41|https://docs.google.com/presentation/d/1kyRsC1-PMJu4UndE6psUHJHuTHX7W6cuYRod1jq3QJY/edit#slide=id.g4d61f71165_0_125
2019-01-18 01:18:41|https://docs.google.com/presentation/d/1kyRsC1-PMJu4UndE6psUHJHuTHX7W6cuYRod1jq3QJY/edit#slide=id.g4d61f71165_0_116
2019-01-18 01:18:41|https://docs.google.com/presentation/d/1kyRsC1-PMJu4UndE6psUHJHuTHX7W6cuYRod1jq3QJY/edit#slide=id.g4d61f71165_0_90
2019-01-18 01:18:42|https://docs.google.com/presentation/d/1kyRsC1-PMJu4UndE6psUHJHuTHX7W6cuYRod1jq3QJY/edit#slide=id.g4d61f71165_0_80
2019-01-18 01:18:42|https://docs.google.com/presentation/d/1kyRsC1-PMJu4UndE6psUHJHuTHX7W6cuYRod1jq3QJY/edit#slide=id.g4d61f71165_0_70
2019-01-18 01:18:42|https://docs.google.com/presentation/d/1kyRsC1-PMJu4UndE6psUHJHuTHX7W6cuYRod1jq3QJY/edit#slide=id.g4d61f71165_0_50
2019-01-18 01:18:42|https://docs.google.com/presentation/d/1kyRsC1-PMJu4UndE6psUHJHuTHX7W6cuYRod1jq3QJY/edit#slide=id.g4d61f71165_0_70
2019-01-18 01:19:37|https://docs.google.com/presentation/d/1kyRsC1-PMJu4UndE6psUHJHuTHX7W6cuYRod1jq3QJY/edit#slide=id.g4d61f71165_0_50
2019-01-18 01:19:39|https://docs.google.com/presentation/d/1kyRsC1-PMJu4UndE6psUHJHuTHX7W6cuYRod1jq3QJY/edit#slide=id.g4c0372a315_0_127
2019-01-18 01:19:42|https://docs.google.com/presentation/d/1kyRsC1-PMJu4UndE6psUHJHuTHX7W6cuYRod1jq3QJY/edit#slide=id.g3d022b32ae_0_5
2019-01-18 01:19:43|https://docs.google.com/presentation/d/1kyRsC1-PMJu4UndE6psUHJHuTHX7W6cuYRod1jq3QJY/edit#slide=id.g4c07aed684_0_2
2019-01-18 01:19:44|https://docs.google.com/presentation/d/1kyRsC1-PMJu4UndE6psUHJHuTHX7W6cuYRod1jq3QJY/edit#slide=id.g3d022b32ae_0_5
2019-01-18 01:19:45|https://docs.google.com/presentation/d/1kyRsC1-PMJu4UndE6psUHJHuTHX7W6cuYRod1jq3QJY/edit#slide=id.g3d022b32ae_0_0
2019-01-18 01:19:45|https://docs.google.com/presentation/d/1kyRsC1-PMJu4UndE6psUHJHuTHX7W6cuYRod1jq3QJY/edit#slide=id.g4bf28a5cd4_0_6
2019-01-18 01:19:45|https://docs.google.com/presentation/d/1kyRsC1-PMJu4UndE6psUHJHuTHX7W6cuYRod1jq3QJY/edit#slide=id.p2
2019-01-18 01:19:45|https://docs.google.com/presentation/d/1kyRsC1-PMJu4UndE6psUHJHuTHX7W6cuYRod1jq3QJY/edit#slide=id.p1
2019-01-18 01:19:46|https://docs.google.com/presentation/d/1kyRsC1-PMJu4UndE6psUHJHuTHX7W6cuYRod1jq3QJY/edit#slide=id.p2
2019-01-18 01:19:46|https://docs.google.com/presentation/d/1kyRsC1-PMJu4UndE6psUHJHuTHX7W6cuYRod1jq3QJY/edit#slide=id.g4bf28a5cd4_0_6
2019-01-18 01:19:46|https://docs.google.com/presentation/d/1kyRsC1-PMJu4UndE6psUHJHuTHX7W6cuYRod1jq3QJY/edit#slide=id.g3d022b32ae_0_0
2019-01-18 01:19:46|https://docs.google.com/presentation/d/1kyRsC1-PMJu4UndE6psUHJHuTHX7W6cuYRod1jq3QJY/edit#slide=id.g3d022b32ae_0_5
2019-01-18 01:19:47|https://docs.google.com/presentation/d/1kyRsC1-PMJu4UndE6psUHJHuTHX7W6cuYRod1jq3QJY/edit#slide=id.g4c07aed684_0_2
2019-01-18 01:19:47|https://docs.google.com/presentation/d/1kyRsC1-PMJu4UndE6psUHJHuTHX7W6cuYRod1jq3QJY/edit#slide=id.g3d022b32ae_0_5
2019-01-18 01:19:57|https://docs.google.com/presentation/d/1kyRsC1-PMJu4UndE6psUHJHuTHX7W6cuYRod1jq3QJY/edit#slide=id.g4c07aed684_0_2
2019-01-18 01:19:57|https://docs.google.com/presentation/d/1kyRsC1-PMJu4UndE6psUHJHuTHX7W6cuYRod1jq3QJY/edit#slide=id.p3
2019-01-18 01:19:57|https://docs.google.com/presentation/d/1kyRsC1-PMJu4UndE6psUHJHuTHX7W6cuYRod1jq3QJY/edit#slide=id.g4891b805bc_0_5
2019-01-18 01:19:58|https://docs.google.com/presentation/d/1kyRsC1-PMJu4UndE6psUHJHuTHX7W6cuYRod1jq3QJY/edit#slide=id.g4be45cc0c3_1_44
2019-01-18 01:20:36|https://docs.google.com/presentation/d/1kyRsC1-PMJu4UndE6psUHJHuTHX7W6cuYRod1jq3QJY/edit#slide=id.g4be45cc0c3_0_1
2019-01-18 01:20:38|https://docs.google.com/presentation/d/1kyRsC1-PMJu4UndE6psUHJHuTHX7W6cuYRod1jq3QJY/edit#slide=id.g4be45cc0c3_1_44
2019-01-18 01:20:38|https://docs.google.com/presentation/d/1kyRsC1-PMJu4UndE6psUHJHuTHX7W6cuYRod1jq3QJY/edit#slide=id.g4891b805bc_0_5
2019-01-18 01:20:39|https://docs.google.com/presentation/d/1kyRsC1-PMJu4UndE6psUHJHuTHX7W6cuYRod1jq3QJY/edit#slide=id.g4be45cc0c3_1_44
2019-01-18 01:20:39|https://docs.google.com/presentation/d/1kyRsC1-PMJu4UndE6psUHJHuTHX7W6cuYRod1jq3QJY/edit#slide=id.g4be45cc0c3_0_1
2019-01-18 01:20:40|https://docs.google.com/presentation/d/1kyRsC1-PMJu4UndE6psUHJHuTHX7W6cuYRod1jq3QJY/edit#slide=id.g4be45cc0c3_1_35
2019-01-18 01:20:41|https://docs.google.com/presentation/d/1kyRsC1-PMJu4UndE6psUHJHuTHX7W6cuYRod1jq3QJY/edit#slide=id.g4c07aed684_0_7
2019-01-18 01:20:42|https://docs.google.com/presentation/d/1kyRsC1-PMJu4UndE6psUHJHuTHX7W6cuYRod1jq3QJY/edit#slide=id.g4be45cc0c3_1_52
2019-01-18 01:20:43|https://docs.google.com/presentation/d/1kyRsC1-PMJu4UndE6psUHJHuTHX7W6cuYRod1jq3QJY/edit#slide=id.g4c07aed684_0_7
2019-01-18 01:20:43|https://docs.google.com/presentation/d/1kyRsC1-PMJu4UndE6psUHJHuTHX7W6cuYRod1jq3QJY/edit#slide=id.g4be45cc0c3_1_35
2019-01-18 01:20:43|https://docs.google.com/presentation/d/1kyRsC1-PMJu4UndE6psUHJHuTHX7W6cuYRod1jq3QJY/edit#slide=id.g4be45cc0c3_0_1
2019-01-18 01:20:46|https://docs.google.com/presentation/d/1kyRsC1-PMJu4UndE6psUHJHuTHX7W6cuYRod1jq3QJY/edit#slide=id.g4be45cc0c3_1_35
2019-01-18 01:20:47|https://docs.google.com/presentation/d/1kyRsC1-PMJu4UndE6psUHJHuTHX7W6cuYRod1jq3QJY/edit#slide=id.g4c07aed684_0_7
2019-01-18 01:20:47|https://docs.google.com/presentation/d/1kyRsC1-PMJu4UndE6psUHJHuTHX7W6cuYRod1jq3QJY/edit#slide=id.g4be45cc0c3_1_52
2019-01-18 01:20:47|https://docs.google.com/presentation/d/1kyRsC1-PMJu4UndE6psUHJHuTHX7W6cuYRod1jq3QJY/edit#slide=id.g542d65370a8faa59_11
2019-01-18 01:20:47|https://docs.google.com/presentation/d/1kyRsC1-PMJu4UndE6psUHJHuTHX7W6cuYRod1jq3QJY/edit#slide=id.g4be45cc0c3_1_59
2019-01-18 01:20:47|https://docs.google.com/presentation/d/1kyRsC1-PMJu4UndE6psUHJHuTHX7W6cuYRod1jq3QJY/edit#slide=id.g4be45cc0c3_1_68
2019-01-18 01:20:48|https://docs.google.com/presentation/d/1kyRsC1-PMJu4UndE6psUHJHuTHX7W6cuYRod1jq3QJY/edit#slide=id.g4be45cc0c3_1_85
2019-01-18 01:20:48|https://docs.google.com/presentation/d/1kyRsC1-PMJu4UndE6psUHJHuTHX7W6cuYRod1jq3QJY/edit#slide=id.g4c21576342_0_4
2019-01-18 01:20:49|https://docs.google.com/presentation/d/1kyRsC1-PMJu4UndE6psUHJHuTHX7W6cuYRod1jq3QJY/edit#slide=id.g4c0372a315_0_123
2019-01-18 01:20:49|https://docs.google.com/presentation/d/1kyRsC1-PMJu4UndE6psUHJHuTHX7W6cuYRod1jq3QJY/edit#slide=id.g542d65370a8faa59_3
2019-01-18 01:20:49|https://docs.google.com/presentation/d/1kyRsC1-PMJu4UndE6psUHJHuTHX7W6cuYRod1jq3QJY/edit#slide=id.g4c21576342_0_10
2019-01-18 01:20:49|https://docs.google.com/presentation/d/1kyRsC1-PMJu4UndE6psUHJHuTHX7W6cuYRod1jq3QJY/edit#slide=id.g542d65370a8faa59_3
2019-01-18 01:20:50|https://docs.google.com/presentation/d/1kyRsC1-PMJu4UndE6psUHJHuTHX7W6cuYRod1jq3QJY/edit#slide=id.g4c0372a315_0_123
2019-01-18 01:20:50|https://docs.google.com/presentation/d/1kyRsC1-PMJu4UndE6psUHJHuTHX7W6cuYRod1jq3QJY/edit#slide=id.g4c21576342_0_4
2019-01-18 01:20:50|https://docs.google.com/presentation/d/1kyRsC1-PMJu4UndE6psUHJHuTHX7W6cuYRod1jq3QJY/edit#slide=id.g4be45cc0c3_1_85
2019-01-18 01:20:50|https://docs.google.com/presentation/d/1kyRsC1-PMJu4UndE6psUHJHuTHX7W6cuYRod1jq3QJY/edit#slide=id.g4be45cc0c3_1_68
2019-01-18 01:20:50|https://docs.google.com/presentation/d/1kyRsC1-PMJu4UndE6psUHJHuTHX7W6cuYRod1jq3QJY/edit#slide=id.g4be45cc0c3_1_59
2019-01-18 01:20:51|https://docs.google.com/presentation/d/1kyRsC1-PMJu4UndE6psUHJHuTHX7W6cuYRod1jq3QJY/edit#slide=id.g542d65370a8faa59_11
2019-01-18 01:20:51|https://docs.google.com/presentation/d/1kyRsC1-PMJu4UndE6psUHJHuTHX7W6cuYRod1jq3QJY/edit#slide=id.g4be45cc0c3_1_52
2019-01-18 01:20:52|https://docs.google.com/presentation/d/1kyRsC1-PMJu4UndE6psUHJHuTHX7W6cuYRod1jq3QJY/edit#slide=id.g4c07aed684_0_7
2019-01-18 01:20:52|https://docs.google.com/presentation/d/1kyRsC1-PMJu4UndE6psUHJHuTHX7W6cuYRod1jq3QJY/edit#slide=id.g4be45cc0c3_1_35
2019-01-18 01:20:52|https://docs.google.com/presentation/d/1kyRsC1-PMJu4UndE6psUHJHuTHX7W6cuYRod1jq3QJY/edit#slide=id.g4be45cc0c3_0_1
2019-01-18 01:20:52|https://docs.google.com/presentation/d/1kyRsC1-PMJu4UndE6psUHJHuTHX7W6cuYRod1jq3QJY/edit#slide=id.g4be45cc0c3_1_44
2019-01-18 01:20:52|https://docs.google.com/presentation/d/1kyRsC1-PMJu4UndE6psUHJHuTHX7W6cuYRod1jq3QJY/edit#slide=id.g4891b805bc_0_5
2019-01-18 01:20:52|https://docs.google.com/presentation/d/1kyRsC1-PMJu4UndE6psUHJHuTHX7W6cuYRod1jq3QJY/edit#slide=id.p3
2019-01-18 01:20:53|https://docs.google.com/presentation/d/1kyRsC1-PMJu4UndE6psUHJHuTHX7W6cuYRod1jq3QJY/edit#slide=id.g4c07aed684_0_2
2019-01-18 01:20:53|https://docs.google.com/presentation/d/1kyRsC1-PMJu4UndE6psUHJHuTHX7W6cuYRod1jq3QJY/edit#slide=id.p3
2019-01-18 01:20:53|https://docs.google.com/presentation/d/1kyRsC1-PMJu4UndE6psUHJHuTHX7W6cuYRod1jq3QJY/edit#slide=id.g4891b805bc_0_5
2019-01-18 01:20:53|https://docs.google.com/presentation/d/1kyRsC1-PMJu4UndE6psUHJHuTHX7W6cuYRod1jq3QJY/edit#slide=id.g4be45cc0c3_1_44
2019-01-18 01:20:54|https://docs.google.com/presentation/d/1kyRsC1-PMJu4UndE6psUHJHuTHX7W6cuYRod1jq3QJY/edit#slide=id.g4be45cc0c3_0_1
2019-01-18 01:21:09|https://docs.google.com/presentation/d/1kyRsC1-PMJu4UndE6psUHJHuTHX7W6cuYRod1jq3QJY/edit#slide=id.g4be45cc0c3_1_35
2019-01-18 01:21:10|https://docs.google.com/presentation/d/1kyRsC1-PMJu4UndE6psUHJHuTHX7W6cuYRod1jq3QJY/edit#slide=id.g4c07aed684_0_7
2019-01-18 01:21:11|https://docs.google.com/presentation/d/1kyRsC1-PMJu4UndE6psUHJHuTHX7W6cuYRod1jq3QJY/edit#slide=id.g4be45cc0c3_1_52
2019-01-18 01:21:12|https://docs.google.com/presentation/d/1kyRsC1-PMJu4UndE6psUHJHuTHX7W6cuYRod1jq3QJY/edit#slide=id.g542d65370a8faa59_11
2019-01-18 01:21:12|https://docs.google.com/presentation/d/1kyRsC1-PMJu4UndE6psUHJHuTHX7W6cuYRod1jq3QJY/edit#slide=id.g4be45cc0c3_1_52
2019-01-18 01:21:14|https://docs.google.com/presentation/d/1kyRsC1-PMJu4UndE6psUHJHuTHX7W6cuYRod1jq3QJY/edit#slide=id.g542d65370a8faa59_11
2019-01-18 01:21:14|https://docs.google.com/presentation/d/1kyRsC1-PMJu4UndE6psUHJHuTHX7W6cuYRod1jq3QJY/edit#slide=id.g4be45cc0c3_1_59
2019-01-18 01:21:15|https://docs.google.com/presentation/d/1kyRsC1-PMJu4UndE6psUHJHuTHX7W6cuYRod1jq3QJY/edit#slide=id.g4be45cc0c3_1_68
2019-01-18 01:21:16|https://docs.google.com/presentation/d/1kyRsC1-PMJu4UndE6psUHJHuTHX7W6cuYRod1jq3QJY/edit#slide=id.g4be45cc0c3_1_85
2019-01-18 01:21:17|https://docs.google.com/presentation/d/1kyRsC1-PMJu4UndE6psUHJHuTHX7W6cuYRod1jq3QJY/edit#slide=id.g4c21576342_0_4
2019-01-18 01:21:17|https://docs.google.com/presentation/d/1kyRsC1-PMJu4UndE6psUHJHuTHX7W6cuYRod1jq3QJY/edit#slide=id.g4c0372a315_0_123
2019-01-18 01:21:18|https://docs.google.com/presentation/d/1kyRsC1-PMJu4UndE6psUHJHuTHX7W6cuYRod1jq3QJY/edit#slide=id.g542d65370a8faa59_3
2019-01-18 01:21:20|https://docs.google.com/presentation/d/1kyRsC1-PMJu4UndE6psUHJHuTHX7W6cuYRod1jq3QJY/edit#slide=id.g4c21576342_0_10
2019-01-18 01:21:20|https://docs.google.com/presentation/d/1kyRsC1-PMJu4UndE6psUHJHuTHX7W6cuYRod1jq3QJY/edit#slide=id.g4c0372a315_0_100
2019-01-18 01:21:21|https://docs.google.com/presentation/d/1kyRsC1-PMJu4UndE6psUHJHuTHX7W6cuYRod1jq3QJY/edit#slide=id.g4c0372a315_0_109
2019-01-18 01:21:22|https://docs.google.com/presentation/d/1kyRsC1-PMJu4UndE6psUHJHuTHX7W6cuYRod1jq3QJY/edit#slide=id.g4c0372a315_0_114
2019-01-18 01:21:23|https://docs.google.com/presentation/d/1kyRsC1-PMJu4UndE6psUHJHuTHX7W6cuYRod1jq3QJY/edit#slide=id.g4c0372a315_0_127
2019-01-18 01:21:24|https://docs.google.com/presentation/d/1kyRsC1-PMJu4UndE6psUHJHuTHX7W6cuYRod1jq3QJY/edit#slide=id.g445c8f4c5882998c_2
2019-01-18 01:21:25|https://docs.google.com/presentation/d/1kyRsC1-PMJu4UndE6psUHJHuTHX7W6cuYRod1jq3QJY/edit#slide=id.g4d8f0f26c2_0_0
2019-01-18 01:21:26|https://docs.google.com/presentation/d/1kyRsC1-PMJu4UndE6psUHJHuTHX7W6cuYRod1jq3QJY/edit#slide=id.g4d923ccbc0_0_92
2019-01-18 01:21:26|https://docs.google.com/presentation/d/1kyRsC1-PMJu4UndE6psUHJHuTHX7W6cuYRod1jq3QJY/edit#slide=id.g4d923ccbc0_0_106
2019-01-18 01:21:27|https://docs.google.com/presentation/d/1kyRsC1-PMJu4UndE6psUHJHuTHX7W6cuYRod1jq3QJY/edit#slide=id.g4d923ccbc0_0_115
2019-01-18 01:21:28|https://docs.google.com/presentation/d/1kyRsC1-PMJu4UndE6psUHJHuTHX7W6cuYRod1jq3QJY/edit#slide=id.g4d8f0f26c2_0_17
2019-01-18 01:21:30|https://docs.google.com/presentation/d/1kyRsC1-PMJu4UndE6psUHJHuTHX7W6cuYRod1jq3QJY/edit#slide=id.g4c21576342_0_85
2019-01-18 01:21:31|https://docs.google.com/presentation/d/1kyRsC1-PMJu4UndE6psUHJHuTHX7W6cuYRod1jq3QJY/edit#slide=id.g4c21576342_0_61
2019-01-18 01:21:31|https://docs.google.com/presentation/d/1kyRsC1-PMJu4UndE6psUHJHuTHX7W6cuYRod1jq3QJY/edit#slide=id.g4c21576342_0_85
2019-01-18 01:21:31|https://docs.google.com/presentation/d/1kyRsC1-PMJu4UndE6psUHJHuTHX7W6cuYRod1jq3QJY/edit#slide=id.g4d8f0f26c2_0_17
2019-01-18 01:21:38|https://docs.google.com/presentation/d/1kyRsC1-PMJu4UndE6psUHJHuTHX7W6cuYRod1jq3QJY/edit#slide=id.g4c21576342_0_85
2019-01-18 01:21:38|https://docs.google.com/presentation/d/1kyRsC1-PMJu4UndE6psUHJHuTHX7W6cuYRod1jq3QJY/edit#slide=id.g4c21576342_0_61
2019-01-18 01:21:39|https://docs.google.com/presentation/d/1kyRsC1-PMJu4UndE6psUHJHuTHX7W6cuYRod1jq3QJY/edit#slide=id.g445c8f4c5882998c_36
2019-01-18 01:21:39|https://docs.google.com/presentation/d/1kyRsC1-PMJu4UndE6psUHJHuTHX7W6cuYRod1jq3QJY/edit#slide=id.g558a456a7dbd0e14_3
2019-01-18 01:21:39|https://docs.google.com/presentation/d/1kyRsC1-PMJu4UndE6psUHJHuTHX7W6cuYRod1jq3QJY/edit#slide=id.g445c8f4c5882998c_53
2019-01-18 01:21:40|https://docs.google.com/presentation/d/1kyRsC1-PMJu4UndE6psUHJHuTHX7W6cuYRod1jq3QJY/edit#slide=id.g4c07aed684_0_70
2019-01-18 01:21:40|https://docs.google.com/presentation/d/1kyRsC1-PMJu4UndE6psUHJHuTHX7W6cuYRod1jq3QJY/edit#slide=id.g4d61f71165_0_10
2019-01-18 01:21:40|https://docs.google.com/presentation/d/1kyRsC1-PMJu4UndE6psUHJHuTHX7W6cuYRod1jq3QJY/edit#slide=id.g4d61f71165_0_50
2019-01-18 01:21:40|https://docs.google.com/presentation/d/1kyRsC1-PMJu4UndE6psUHJHuTHX7W6cuYRod1jq3QJY/edit#slide=id.g4d61f71165_0_70
2019-01-18 01:21:41|https://docs.google.com/presentation/d/1kyRsC1-PMJu4UndE6psUHJHuTHX7W6cuYRod1jq3QJY/edit#slide=id.g4d61f71165_0_80
2019-01-18 01:21:41|https://docs.google.com/presentation/d/1kyRsC1-PMJu4UndE6psUHJHuTHX7W6cuYRod1jq3QJY/edit#slide=id.g4d61f71165_0_90
2019-01-18 01:21:41|https://docs.google.com/presentation/d/1kyRsC1-PMJu4UndE6psUHJHuTHX7W6cuYRod1jq3QJY/edit#slide=id.g4d61f71165_0_116
2019-01-18 01:21:41|https://docs.google.com/presentation/d/1kyRsC1-PMJu4UndE6psUHJHuTHX7W6cuYRod1jq3QJY/edit#slide=id.g4d61f71165_0_125
2019-01-18 01:21:42|https://docs.google.com/presentation/d/1kyRsC1-PMJu4UndE6psUHJHuTHX7W6cuYRod1jq3QJY/edit#slide=id.g4d923ccbc0_0_23
2019-01-18 01:21:42|https://docs.google.com/presentation/d/1kyRsC1-PMJu4UndE6psUHJHuTHX7W6cuYRod1jq3QJY/edit#slide=id.g4d923ccbc0_0_39
2019-01-18 01:21:42|https://docs.google.com/presentation/d/1kyRsC1-PMJu4UndE6psUHJHuTHX7W6cuYRod1jq3QJY/edit#slide=id.g4d923ccbc0_0_66
2019-01-18 01:21:42|https://docs.google.com/presentation/d/1kyRsC1-PMJu4UndE6psUHJHuTHX7W6cuYRod1jq3QJY/edit#slide=id.g4d923ccbc0_0_55
2019-01-18 01:21:42|https://docs.google.com/presentation/d/1kyRsC1-PMJu4UndE6psUHJHuTHX7W6cuYRod1jq3QJY/edit#slide=id.g4d923ccbc0_0_123
2019-01-18 01:21:43|https://docs.google.com/presentation/d/1kyRsC1-PMJu4UndE6psUHJHuTHX7W6cuYRod1jq3QJY/edit#slide=id.g4d923ccbc0_0_131
2019-01-18 01:21:43|https://docs.google.com/presentation/d/1kyRsC1-PMJu4UndE6psUHJHuTHX7W6cuYRod1jq3QJY/edit#slide=id.g4c0372a315_0_60
2019-01-18 01:21:43|https://docs.google.com/presentation/d/1kyRsC1-PMJu4UndE6psUHJHuTHX7W6cuYRod1jq3QJY/edit#slide=id.g445c8f4c5882998c_15
2019-01-18 01:21:43|https://docs.google.com/presentation/d/1kyRsC1-PMJu4UndE6psUHJHuTHX7W6cuYRod1jq3QJY/edit#slide=id.g4c21576342_0_42
2019-01-18 01:21:43|https://docs.google.com/presentation/d/1kyRsC1-PMJu4UndE6psUHJHuTHX7W6cuYRod1jq3QJY/edit#slide=id.g4c21576342_0_68
2019-01-18 01:21:43|https://docs.google.com/presentation/d/1kyRsC1-PMJu4UndE6psUHJHuTHX7W6cuYRod1jq3QJY/edit#slide=id.g4d61f71165_0_100
2019-01-18 01:21:44|https://docs.google.com/presentation/d/1kyRsC1-PMJu4UndE6psUHJHuTHX7W6cuYRod1jq3QJY/edit#slide=id.g4d8f0f26c2_0_6
2019-01-18 01:21:44|https://docs.google.com/presentation/d/1kyRsC1-PMJu4UndE6psUHJHuTHX7W6cuYRod1jq3QJY/edit#slide=id.g4be45cc0c3_1_95
2019-01-18 01:21:44|https://docs.google.com/presentation/d/1kyRsC1-PMJu4UndE6psUHJHuTHX7W6cuYRod1jq3QJY/edit#slide=id.g4be45cc0c3_1_104
2019-01-18 01:22:00|https://docs.google.com/presentation/d/1kyRsC1-PMJu4UndE6psUHJHuTHX7W6cuYRod1jq3QJY/edit#slide=id.g4be45cc0c3_1_95
2019-01-18 01:22:02|https://docs.google.com/presentation/d/1kyRsC1-PMJu4UndE6psUHJHuTHX7W6cuYRod1jq3QJY/edit#slide=id.g4be45cc0c3_1_104
2019-01-18 01:22:27|https://docs.google.com/presentation/d/1kyRsC1-PMJu4UndE6psUHJHuTHX7W6cuYRod1jq3QJY/edit#slide=id.g4be45cc0c3_1_95
2019-01-18 01:22:27|https://docs.google.com/presentation/d/1kyRsC1-PMJu4UndE6psUHJHuTHX7W6cuYRod1jq3QJY/edit#slide=id.g4d8f0f26c2_0_6
2019-01-18 01:22:29|https://docs.google.com/presentation/d/1kyRsC1-PMJu4UndE6psUHJHuTHX7W6cuYRod1jq3QJY/edit#slide=id.g4d61f71165_0_100
2019-01-18 01:22:30|https://docs.google.com/presentation/d/1kyRsC1-PMJu4UndE6psUHJHuTHX7W6cuYRod1jq3QJY/edit#slide=id.g4c21576342_0_68
2019-01-18 01:22:30|https://docs.google.com/presentation/d/1kyRsC1-PMJu4UndE6psUHJHuTHX7W6cuYRod1jq3QJY/edit#slide=id.g4c21576342_0_42
2019-01-18 01:22:30|https://docs.google.com/presentation/d/1kyRsC1-PMJu4UndE6psUHJHuTHX7W6cuYRod1jq3QJY/edit#slide=id.g445c8f4c5882998c_15
2019-01-18 01:22:31|https://docs.google.com/presentation/d/1kyRsC1-PMJu4UndE6psUHJHuTHX7W6cuYRod1jq3QJY/edit#slide=id.g4c0372a315_0_60
2019-01-18 01:24:16|https://repl.it/repls/ElegantSimpleRelationalmodel
2019-01-18 01:25:16|http://slither.io/
2019-01-18 01:26:06|https://www.google.com/search?q=regex&ie=utf-8&oe=utf-8&client=firefox-b-ab
2019-01-18 01:26:10|https://regexr.com/
2019-01-18 01:26:26|https://www.google.com/search?client=firefox-b-ab&ei=LitBXPWxKYaS9QOy9SM&q=regex+text+converter&oq=regex+text+con&gs_l=psy-ab.3.1.0j0i22i30l9.3552.10285..11869...0.0..0.212.1360.0j7j2......0....1..gws-wiz.......0i71j0i67j0i131i67j0i131j0i10._-XzY0MI6EM
2019-01-18 01:26:29|https://www.browserling.com/tools/text-from-regex
2019-01-18 01:30:20|https://www.google.com/search?q=calculator&ie=utf-8&oe=utf-8&client=firefox-b-ab
2019-01-18 01:33:36|https://ctf.compclub.com.au/
2019-01-18 01:38:25|http://summer2019.compclub.com.au/
2019-01-18 01:38:25|https://summer2019.compclub.com.au/
2019-01-18 01:38:28|https://summer2019.compclub.com.au/day5
2019-01-18 01:38:33|https://summer2019.compclub.com.au/day2
2019-01-18 01:41:59|https://www.youtube.com/watch?v=rrOqlfMujqQ
2019-01-18 01:45:43|https://lh3.googleusercontent.com/swou8r_aaveXY-QRJexe7FLAIQ8WAgfAxjV33dRjs5gF3VqjC0h888QfY6lTD1-chfRG9CCR7VXXI-wUC8rn4wKSOMFyw2Pgm70ReLMMXjwp7uSUqRxUeI0SD6gX-AhCCdAiT_0k=s200-p-k
2019-01-18 01:47:46|https://www.google.com/search?q=keyboard&ie=utf-8&oe=utf-8&client=firefox-b-ab
2019-01-18 01:48:04|https://www.google.com/search?client=firefox-b-ab&ei=QjBBXM-HHtGS9QOL7aTYDw&q=%5C&oq=%5C&gs_l=psy-ab.3...6166.16999..17056...9.0..0.298.3674.0j8j9....2..0....1..gws-wiz.....0..0i71j0i67j0i131j0j0i131i67j0i10j0i10i67.UtRwMM9Yme0
2019-01-18 01:50:55|https://www.google.com/search?client=firefox-b-ab&ei=VDBBXLa5FMa6rQHeyrOADg&q=+ASWYPTME_EVZ_GORUYL_MQJFJNA_TAE_PXKOG&oq=+ASWYPTME_EVZ_GORUYL_MQJFJNA_TAE_PXKOG&gs_l=psy-ab.12...5008.140354..141272...3.0..0.283.1065.0j3j2....2..0....1j2..gws-wiz.....0..0i131j0j0i10j0i10i42.hW0GgQJq6qU
2019-01-18 01:53:43|https://ctf.compclub.com.au/
2019-01-18 01:54:29|https://repl.it/
2019-01-18 01:54:37|https://repl.it/languages/python3
2019-01-18 01:54:37|https://repl.it/repls/SufficientRightMining
2019-01-18 01:55:26|https://repl.it/
2019-01-18 01:55:32|https://repl.it/login
2019-01-18 01:55:52|https://repl.it/repls
2019-01-18 01:56:09|https://repl.it/@SgtSiphon/SufficientRightMining
2019-01-18 01:57:34|https://www.google.com/search?q=assembly&ie=utf-8&oe=utf-8&client=firefox-b-ab
2019-01-18 01:57:54|https://www.google.com/search?client=firefox-b-ab&ei=jjJBXOiUMpr7rQHt0JX4Aw&q=Assembly+Language&oq=Assembly+Language&gs_l=psy-ab.3..0i67j0l9.7398.17476..18191...0.0..1.312.5179.0j7j14j1....2..0....1..gws-wiz.....0..0i71j0i131.cqE1FGgmF-Y
2019-01-18 01:58:10|https://www.tutorialspoint.com/assembly_programming/assembly_introduction.htm
2019-01-18 01:59:26|https://www.google.com/search?client=firefox-b-ab&ei=oTJBXI_POM-oyAPU3LLYAQ&q=google+translate&oq=google+&gs_l=psy-ab.3.2.0i131i67j0i67l3j0i131i67l6.66953.70646..73159...1.0..0.319.3170.0j4j6j3....3..0....1..gws-wiz.....0..0i71j0j0i131j0i10.iaoXI9qYZ5E
2019-01-18 02:01:21|https://ctf.compclub.com.au/
2019-01-18 02:01:36|https://featherbear.github.io/UNSW-CompClub2019Summer-SecurityWorkshop/ctf_files/compclub_log.pcap
2019-01-18 02:01:39|https://featherbear.github.io/UNSW-CompClub2019Summer-SecurityWorkshop/ctf_files/compclub_log.pcap
2019-01-18 02:03:10|https://www.google.com/search?q=I%27d+say+%22Welcome+to+Australia%22+to+those+who+did+the+Sydney+to+Hobart+race...+But+Tasmania+isn%27t+part+of+Australia...&ie=utf-8&oe=utf-8&client=firefox-b-ab
2019-01-18 02:03:42|https://ctf.compclub.com.au/
2019-01-18 02:04:07|https://www.google.com/search?q=FUNCTION+TO+SUM+PRIME+NUMBERS&ie=utf-8&oe=utf-8&client=firefox-b-ab
2019-01-18 02:04:11|https://www.geeksforgeeks.org/program-find-sum-prime-numbers-1-n/
2019-01-18 02:04:46|https://repl.it/
2019-01-18 02:04:48|https://repl.it/repls
2019-01-18 02:04:59|https://repl.it/repls/languages/python3
2019-01-18 02:05:02|https://repl.it/repls
2019-01-18 02:05:09|https://repl.it/@SgtSiphon/SufficientRightMining
2019-01-18 02:07:23|https://stackoverflow.com/questions/31032165/how-do-i-sum-all-prime-numbers
2019-01-18 02:07:32|https://math.stackexchange.com/questions/623872/what-is-the-sum-of-the-prime-numbers-up-to-a-prime-number-n
2019-01-18 02:07:45|https://medium.freecodecamp.org/problem-solving-with-honest-abe-lets-sum-all-prime-numbers-up-to-n-4c140273b8dc
2019-01-18 02:07:45|https://medium.com/m/global-identity?redirectUrl=https%3A%2F%2Fmedium.freecodecamp.org%2Fproblem-solving-with-honest-abe-lets-sum-all-prime-numbers-up-to-n-4c140273b8dc
2019-01-18 02:07:46|https://medium.freecodecamp.org/problem-solving-with-honest-abe-lets-sum-all-prime-numbers-up-to-n-4c140273b8dc?gi=87a39b854ca3
2019-01-18 02:07:48|https://medium.freecodecamp.org/problem-solving-with-honest-abe-lets-sum-all-prime-numbers-up-to-n-4c140273b8dc
2019-01-18 02:13:43|https://featherbear.github.io/UNSW-CompClub2019Summer-SecurityWorkshop/ctf_files/compclub_log.pcap
2019-01-18 02:13:46|https://featherbear.github.io/UNSW-CompClub2019Summer-SecurityWorkshop/ctf_files/compclub_log.pcap
2019-01-18 02:13:53|https://ctf.compclub.com.au/
2019-01-18 02:14:01|https://featherbear.github.io/UNSW-CompClub2019Summer-SecurityWorkshop/ctf_files/compclub_log.pcap
2019-01-18 02:14:02|https://featherbear.github.io/UNSW-CompClub2019Summer-SecurityWorkshop/ctf_files/compclub_log.pcap
2019-01-18 02:17:42|https://featherbear.github.io/UNSW-CompClub2019Summer-SecurityWorkshop/ctf_files/compclub_log.pcap
2019-01-18 02:17:43|https://featherbear.github.io/UNSW-CompClub2019Summer-SecurityWorkshop/ctf_files/compclub_log.pcap
2019-01-18 02:19:39|https://www.youtube.com/watch?v=eaK5_eJRzmA
2019-01-18 02:20:52|https://www.google.com/search?q=cookie+clicker&ie=utf-8&oe=utf-8&client=firefox-b-ab
2019-01-18 02:22:07|https://lh3.googleusercontent.com/swou8r_aaveXY-QRJexe7FLAIQ8WAgfAxjV33dRjs5gF3VqjC0h888QfY6lTD1-chfRG9CCR7VXXI-wUC8rn4wKSOMFyw2Pgm70ReLMMXjwp7uSUqRxUeI0SD6gX-AhCCdAiT_0k=s200-p-k
2019-01-18 02:23:10|https://www.google.com/search?q=The+door+to+the+future+might+seemed+closed%2C+but+it+is+never+locked+New+year+new+me%3F&ie=utf-8&oe=utf-8&client=firefox-b-ab
2019-01-18 02:23:23|https://featherbear.github.io/UNSW-CompClub2019Summer-SecurityWorkshop/ctf_files/compclub_log.pcap
2019-01-18 02:23:24|https://featherbear.github.io/UNSW-CompClub2019Summer-SecurityWorkshop/ctf_files/compclub_log.pcap
2019-01-18 02:23:41|https://www.youtube.com/watch?v=7pA8hZqXWHY
2019-01-18 02:25:06|https://www.google.com/search?q=python+add+prime+numbersa&ie=utf-8&oe=utf-8&client=firefox-b-ab
2019-01-18 02:25:32|https://stackoverflow.com/questions/29617690/find-sum-of-first-1000-prime-numbers-in-python
2019-01-18 02:25:35|https://stackoverflow.com/questions/1628949/to-find-first-n-prime-numbers-in-python
2019-01-18 02:26:29|https://www.google.com/search?q=python3+find+sum+of+first+n+numbers&ie=utf-8&oe=utf-8&client=firefox-b-ab
2019-01-18 02:26:33|https://www.programiz.com/python-programming/examples/sum-natural-number
2019-01-18 02:26:49|https://www.google.com/search?client=firefox-b-ab&ei=VTlBXJ-DL5P_rQGT7KywDw&q=python3+find+sum+of+first+prime+numbers&oq=python3+find+sum+of+first+prime+numbers&gs_l=psy-ab.3...3683.6035..6203...4.0..1.297.2166.0j6j4......0....1..gws-wiz.......0i71.-B1SeDGWdTU
2019-01-18 02:26:52|https://stackoverflow.com/questions/38731252/how-to-calculate-sum-of-prime-numbers-from-list-of-integers-in-python
2019-01-18 02:27:07|https://www.youtube.com/watch?v=9Zj0JOHJR-s
2019-01-18 02:27:55|https://www.google.com/search?q=mov+python&ie=utf-8&oe=utf-8&client=firefox-b-ab
2019-01-18 02:28:04|https://www.google.com/search?client=firefox-b-ab&ei=qzlBXOjjHNiy9QP2pKioDg&q=python+mov+function&oq=python+mov+function&gs_l=psy-ab.3..0i13l2j0i13i30j0i8i13i30.5546.7611..7782...0.0..0.279.3766.0j2j14......0....1..gws-wiz.......0i71j0i67j0i131j0j0i22i30j0i22i10i30.UN__GIuxGPw
2019-01-18 02:31:14|https://www.youtube.com/watch?v=K3m3_7RoGZk
2019-01-18 02:34:30|https://www.youtube.com/watch?v=Rmea5ET_n9g
2019-01-18 02:37:34|https://www.youtube.com/watch?v=poWpo76mH_0
2019-01-18 02:41:15|https://www.youtube.com/watch?v=0CZSb3Ijhbw
2019-01-18 02:46:19|https://www.youtube.com/watch?v=nqqYx9a0zUU
2019-01-18 02:51:12|https://www.youtube.com/watch?v=PJB0q8COcq8
2019-01-18 02:54:47|https://www.youtube.com/watch?v=SNt41lbbs64
2019-01-18 02:59:18|https://www.youtube.com/watch?v=cKNJbh4EzUE
2019-01-18 03:02:13|https://www.youtube.com/watch?v=hhziFBHB2QY
2019-01-18 03:05:25|https://www.youtube.com/watch?v=5U-YZ3y-1dA
2019-01-18 03:10:13|https://www.youtube.com/watch?v=LPpgxBkDYfY
2019-01-18 03:14:02|https://www.youtube.com/watch?v=ieZBOBl8TvQ
2019-01-18 03:19:09|https://www.youtube.com/watch?v=OEboG4LnUBI
2019-01-18 03:22:58|https://www.youtube.com/watch?v=mnfNWe-HHsI
2019-01-18 03:26:33|https://www.youtube.com/watch?v=PhciLj5VzOk
2019-01-18 03:30:40|https://www.youtube.com/watch?v=i6_NJbtyvQY
2019-01-18 03:35:09|https://www.youtube.com/watch?v=vD1JoKys0WI
2019-01-18 03:37:37|https://www.youtube.com/watch?v=DiArhhesLVU
2019-01-18 03:39:07|http://slither.io/
1|http://summer2019.compclub.com.au/|Welcome to the CompClub Summer Spy School | CompClub 2019 Summer Workshops|1|1|13192067383833906|0|0
2|https://summer2019.compclub.com.au/|Welcome to the CompClub Summer Spy School | CompClub 2019 Summer Workshops|7|2|13192154108646424|0|0
3|https://summer2019.compclub.com.au/day3|Day 3: Microbits! | CompClub 2019 Summer Workshops|1|0|13192067400863782|0|0
4|https://docs.google.com/presentation/d/14BvJKEm9pyPOfLtZMkCAMwwwF6nVjmo8G5C3P7PULuw/edit#slide=id.g337fd436a2_1_5|Microbits Workshop - Google Slides|2|0|13192067569188096|0|0
5|http://python.microbit.org/|Micro:bit - Python editor|1|1|13192067576826690|0|0
6|https://python.microbit.org/|Micro:bit - Python editor|1|0|13192067576826690|0|0
7|https://python.microbit.org/v/1.1||1|0|13192067577565863|0|0
8|https://docs.google.com/presentation/d/14BvJKEm9pyPOfLtZMkCAMwwwF6nVjmo8G5C3P7PULuw/edit#slide=id.p||2|0|13192068397481423|0|0
9|https://docs.google.com/presentation/d/14BvJKEm9pyPOfLtZMkCAMwwwF6nVjmo8G5C3P7PULuw/edit#slide=id.g4c0710682e_0_15||3|0|13192068398004810|0|0
10|https://docs.google.com/presentation/d/14BvJKEm9pyPOfLtZMkCAMwwwF6nVjmo8G5C3P7PULuw/edit#slide=id.g4c0710682e_0_22||2|0|13192068398499461|0|0
11|https://docs.google.com/presentation/d/14BvJKEm9pyPOfLtZMkCAMwwwF6nVjmo8G5C3P7PULuw/edit#slide=id.g4c0710682e_0_29||2|0|13192068400192056|0|0
12|https://docs.google.com/presentation/d/14BvJKEm9pyPOfLtZMkCAMwwwF6nVjmo8G5C3P7PULuw/edit#slide=id.g4c0710682e_0_36||2|0|13192068400976733|0|0
13|https://docs.google.com/presentation/d/14BvJKEm9pyPOfLtZMkCAMwwwF6nVjmo8G5C3P7PULuw/edit#slide=id.g4c0710682e_0_43||2|0|13192068403429793|0|0
14|https://docs.google.com/presentation/d/14BvJKEm9pyPOfLtZMkCAMwwwF6nVjmo8G5C3P7PULuw/edit#slide=id.g4c0710682e_0_58||3|0|13192068408327801|0|0
15|https://docs.google.com/presentation/d/14BvJKEm9pyPOfLtZMkCAMwwwF6nVjmo8G5C3P7PULuw/edit#slide=id.g4c0710682e_0_92||9|0|13192067780224892|0|0
16|https://docs.google.com/presentation/d/14BvJKEm9pyPOfLtZMkCAMwwwF6nVjmo8G5C3P7PULuw/edit#slide=id.g4c0710682e_0_83||5|0|13192067774142956|0|0
17|https://docs.google.com/presentation/d/14BvJKEm9pyPOfLtZMkCAMwwwF6nVjmo8G5C3P7PULuw/edit#slide=id.g4c0710682e_0_102||4|0|13192067779774406|0|0
18|https://python-editor-1-1-2.microbit.org/#||1|0|13192068056473266|1|0
19|https://www.google.com/search?q=microbit+images&oq=microbit+images&aqs=chrome..69i57j0.4416j0j7&sourceid=chrome&ie=UTF-8|microbit images - Google Search|1|0|13192068340567238|0|0
20|https://www.google.com/search?ei=9Gs-XNbVGti-9QPYsZDABA&q=microbit+images+python&oq=microbit+images+python&gs_l=psy-ab.3..0i22i30.7995.8907..9094...0.0..0.139.900.0j7......0....1..gws-wiz.......0i71j0i22i10i30.VMRtwW96jVw|microbit images python - Google Search|1|0|13192068350368236|0|0
21|https://www.google.com/search?ei=_ms-XLebDdf69QOyrJ8Y&q=microbit+images+python+list&oq=microbit+images+python+list&gs_l=psy-ab.3..33i22i29i30.12845.13422..13493...0.0..0.201.612.0j3j1......0....1..gws-wiz.......0i71j0i22i30.nrIK_hjDbV8|microbit images python list - Google Search|1|0|13192068364600594|0|0
22|https://www.youtube.com/watch?v=dQw4w9WgXcQ|YouTube|1|0|13192068785285289|0|0
23|https://summer2019.compclub.com.au/day3_templates/morse_code_template.html|Morse Code Template | CompClub 2019 Summer Workshops|1|0|13192068794749378|0|0
24|https://www.google.com/search?q=morse+code&oq=morse+cod&aqs=chrome.0.0j69i57j0l4.1150j0j7&sourceid=chrome&ie=UTF-8|morse code - Google Search|1|0|13192069801624755|0|0
25|https://www.google.com/search?q=morse+code&source=lnms&tbm=isch&sa=X&ved=0ahUKEwjLs-KO_fDfAhVUWysKHVu5DhYQ_AUIDigB&biw=1920&bih=934|morse code - Google Search|2|0|13192069810007782|0|0
26|https://www.google.com/search?q=morse+code&source=lnms&tbm=isch&sa=X&ved=0ahUKEwjLs-KO_fDfAhVUWysKHVu5DhYQ_AUIDigB&biw=1920&bih=934#imgrc=a474jwURtcQi1M:||1|0|13192069810013734|0|0
27|https://docs.google.com/presentation/d/14BvJKEm9pyPOfLtZMkCAMwwwF6nVjmo8G5C3P7PULuw/edit#slide=id.g4c0710682e_0_135||1|0|13192070340715558|0|0
28|https://docs.google.com/presentation/d/14BvJKEm9pyPOfLtZMkCAMwwwF6nVjmo8G5C3P7PULuw/edit#slide=id.g4c0710682e_0_181||1|0|13192070345853686|0|0
29|https://docs.google.com/presentation/d/14BvJKEm9pyPOfLtZMkCAMwwwF6nVjmo8G5C3P7PULuw/edit#slide=id.g4c0710682e_0_175||1|0|13192070352547540|0|0
30|https://docs.google.com/presentation/d/14BvJKEm9pyPOfLtZMkCAMwwwF6nVjmo8G5C3P7PULuw/edit#slide=id.g4c0710682e_0_168||1|0|13192070353121464|0|0
31|https://docs.google.com/presentation/d/14BvJKEm9pyPOfLtZMkCAMwwwF6nVjmo8G5C3P7PULuw/edit#slide=id.g4c0710682e_0_161||1|0|13192070354495324|0|0
32|https://docs.google.com/presentation/d/14BvJKEm9pyPOfLtZMkCAMwwwF6nVjmo8G5C3P7PULuw/edit#slide=id.g4c0710682e_0_124||2|0|13192070356139932|0|0
33|https://docs.google.com/presentation/d/14BvJKEm9pyPOfLtZMkCAMwwwF6nVjmo8G5C3P7PULuw/edit#slide=id.g4c0710682e_0_150||1|0|13192070355616428|0|0
34|https://docs.google.com/presentation/d/14BvJKEm9pyPOfLtZMkCAMwwwF6nVjmo8G5C3P7PULuw/edit#slide=id.g4c0710682e_0_143||1|0|13192070356858092|0|0
35|https://summer2019.compclub.com.au/logo.png|logo.png (14621462)|2|0|13192075036115503|0|0
36|https://www.google.com/search?q=compclub+2018&oq=compclub+2018&aqs=chrome..69i57.2897j0j7&sourceid=chrome&ie=UTF-8|compclub 2018 - Google Search|1|0|13192070949604021|0|0
37|https://www.google.com/search?q=compclub+2018&source=lnms&tbm=isch&sa=X&ved=0ahUKEwiCpJWygfHfAhUPeisKHWFfAZwQ_AUIDygC&biw=1920&bih=983|compclub 2018 - Google Search|1|0|13192070952207841|0|0
38|https://www.google.com/search?biw=1920&bih=983&tbm=isch&sa=1&ei=KHY-XNLVAsGAyAPNr6zYAQ&q=compclubhs19172018&oq=compclubhs19172018&gs_l=img.3...4416.5804..6037...0.0..0.127.820.0j7......0....1..gws-wiz-img.makKbFtgbgM|compclubhs19172018 - Google Search|1|0|13192070959273152|0|0
39|https://www.google.com/search?biw=1920&bih=983&tbm=isch&sa=1&ei=L3Y-XLmvBcX79QPD6Ie4AQ&q=hs1917&oq=hs1917&gs_l=img.3..0i24l2.1846.2745..2931...0.0..0.175.764.0j6......0....1..gws-wiz-img.......0j0i10j0i5i30.l37l3L9WkMk|hs1917 - Google Search|1|0|13192070962769615|0|0
40|https://www.google.com/search?biw=1920&bih=983&tbm=isch&sa=1&ei=MnY-XM7WJIeGyAPxwZOwBA&q=hs1917+unsw&oq=hs1917+unsw&gs_l=img.3..0i24.2292.3092..3180...0.0..0.180.530.0j4......0....1..gws-wiz-img.XK7lK07VV14|hs1917 unsw - Google Search|1|0|13192070966844507|0|0
41|https://www.google.com/search?q=hs1917+unsw&source=lnms&sa=X&ved=0ahUKEwjww6-6gfHfAhWJe30KHUwED2IQ_AUICSgA&biw=1920&bih=983&dpr=1|hs1917 unsw - Google Search|1|0|13192070974494185|0|0
42|https://summer2019.compclub.com.au/day5|CompClub 2019 Summer Workshops|4|0|13192078073341812|0|0
43|https://www.google.com/search?q=github&oq=github&aqs=chrome..69i57j0l5.838j0j7&sourceid=chrome&ie=UTF-8|github - Google Search|1|0|13192071371219132|0|0
44|https://github.com/|The worlds leading software development platform  GitHub|1|0|13192071373889088|0|0
45|https://www.google.com/search?q=javascript+decrypt+online&oq=javascript+decr&aqs=chrome.3.69i57j0l5.4809j0j7&sourceid=chrome&ie=UTF-8|javascript decrypt online - Google Search|4|0|13192073225294935|0|0
46|https://codebeautify.org/encrypt-decrypt|Best Online Encrypt Decrypt Tool|1|0|13192073123902817|0|0
47|https://www.dcode.fr/javascript-unobfuscator|Make Javascript Readable Native - JS Unobfuscator - Online Tool|1|0|13192073180134203|0|0
48|https://coderstoolbox.net/string/#!encoding=js&action=decode&charset=us_ascii|Online JavaScript string decoder | Coders Toolbox|4|0|13192073223314862|0|0
49|https://www.google.com/search?ei=hn4-XJuwGY69rQHW87CwBg&q=language+using+only+%5B%2B%28&oq=language+using+only+%5B%2B%28&gs_l=psy-ab.3...1829.15713..16234...11.0..0.213.4726.0j29j3......0....1..gws-wiz.......0i71j0i131j0j0i67j0i10j0i22i30j0i13i5i30j0i8i13i30j33i22i29i30j33i21j33i160j33i13i21.vfFbxCfHM0A|language using only [+( - Google Search|1|0|13192073241924091|0|0
50|https://www.google.com/search?ei=GX8-XIrOLs7f9QOViZuoAg&q=programming+language+using+only+%5B%2B%28&oq=programming+language+using+only+%5B%2B%28&gs_l=psy-ab.3..0i7i30.12507.13584..13725...0.0..0.215.1767.0j10j1......0....1..gws-wiz.......0i71.T7zNd8oPkQU|programming language using only [+( - Google Search|1|0|13192073256466277|0|0
51|https://excelwithbusiness.com/blog/say-hello-world-in-28-different-programming-languages/|Say 'Hello World' in 28 Different Programming Languages - Excel with Business|1|0|13192073264148211|0|0
52|https://summer2019.compclub.com.au/assets/css/style.css?v=cf6281c5fd35f4ab40c1d1b2336304a9fb5d31fa||1|0|13192073434961235|0|0
53|https://www.google.com/search?q=javascript+encoding+methods&oq=javascript+encoding+methods&aqs=chrome..69i57j0.7983j0j7&sourceid=chrome&ie=UTF-8|javascript encoding methods - Google Search|1|0|13192073490118009|0|0
54|https://www.w3schools.com/jsref/jsref_encodeuri.asp|JavaScript encodeURI() Function|1|0|13192073494038823|0|0
55|https://www.w3schools.com/jsref/jsref_decodeuri.asp|JavaScript decodeURI() Function|1|0|13192073507268508|0|0
56|https://www.google.com/search?q=patriciopallandino&oq=patriciopallandino+&aqs=chrome..69i57j0.807j0j4&sourceid=chrome&ie=UTF-8|patriciopallandino - Google Search|1|0|13192073705879885|0|0
57|http://patriciopalladino.com/|Patricio Palladino | Patricio Palladino|2|1|13192073844219097|0|0
58|http://patriciopalladino.com/blog|Blog | Patricio Palladino|2|0|13192073847115342|0|0
59|http://patriciopalladino.com/blog/|Blog | Patricio Palladino|2|0|13192073847115342|0|0
60|http://patriciopalladino.com/blog/2012/08/09/non-alphanumeric-javascript.html|Brainfuck beware: JavaScript is after you! | Patricio Palladino|2|0|13192073848369742|0|0
61|http://patriciopalladino.com/files/hieroglyphy|Hieroglyphy demo | Patricio Palladino|1|0|13192073721559565|0|0
62|http://patriciopalladino.com/files/hieroglyphy/|Hieroglyphy demo | Patricio Palladino|2|0|13192073832286322|0|0
63|https://github.com/alcuadrado/hieroglyphy|GitHub - alcuadrado/hieroglyphy: Transform any javascript code to an equivalent sequence of ()[]{}!+ characters that runs in the browser!|2|0|13192073872649335|0|0
64|https://github.com/alcuadrado/hieroglyphy/graphs/contributors|Contributors to alcuadrado/hieroglyphy  GitHub|1|0|13192073868672335|0|0
65|https://www.google.com/search?q=decrypt+%2B%5B%5D%5D%2B(%5B!%5B%5D%5D%2B%5B%5D%5B%5B%5D%5D)%5B%2B!%2B%5B%5D%2B%5B%2B%5B%5D%5D%5D%2B(!%5B%5D%2B%5B%5D)%5B!%2B%5B%5D%2B!%2B%5B%5D%5D&oq=decrypt+%2B%5B%5D%5D%2B(%5B!%5B%5D%5D%2B%5B%5D%5B%5B%5D%5D)%5B%2B!%2B%5B%5D%2B%5B%2B%5B%5D%5D%5D%2B(!%5B%5D%2B%5B%5D)%5B!%2B%5B%5D%2B!%2B%5B%5D%5D&aqs=chrome..69i57j0l5.2383j0j7&sourceid=chrome&ie=UTF-8|decrypt +[]]+([![]]+[][[]])[+!+[]+[+[]]]+(![]+[])[!+[]+!+[]] - Google Search|1|0|13192073902835721|0|0
66|https://npmjs.org/package/hieroglyphy|hieroglyphy - npm|1|0|13192074127457101|0|0
67|https://www.npmjs.com/package/hieroglyphy|hieroglyphy - npm|2|0|13192074127929785|0|0
68|http://cdnjs.cloudflare.com/ajax/libs/html5shiv/3.7.3/html5shiv.min.js||2|1|13192075158636724|0|0
69|https://cdnjs.cloudflare.com/ajax/libs/html5shiv/3.7.3/html5shiv.min.js||2|0|13192075158636724|0|0
70|https://www.google.com/search?q=javascript+format+online&oq=javascript+format+online&aqs=chrome..69i57j0l3.7688j0j7&sourceid=chrome&ie=UTF-8|javascript format online - Google Search|1|0|13192074741945195|0|0
71|https://beautifier.io/|Online JavaScript beautifier|1|0|13192074745375015|0|0
72|https://www.google.com/search?q=color+000&oq=color+000&aqs=chrome..69i57j0l5.1472j0j7&sourceid=chrome&ie=UTF-8|color 000 - Google Search|1|0|13192074933063087|0|0
73|http://mango.pdf.zone/|the mango zone|1|1|13192075464567322|0|0
74|https://mango.pdf.zone/|the mango zone|2|0|13192075542332591|0|0
75|https://mango.pdf.zone/hacking-your-neighbours-wifi|Hacking your neighbour's Wi-Fi|1|0|13192075503044856|0|0
76|https://mango.pdf.zone/mango.pdf||1|0|13192075627158956|0|0
77|https://www.google.com/search?q=picoctf&oq=picoctf&aqs=chrome..69i57j0l5.1680j0j7&sourceid=chrome&ie=UTF-8|picoctf - Google Search|1|0|13192075688939722|0|0
78|https://picoctf.com/|picoCTF - CMU Cybersecurity Competition - Homepage|1|0|13192075692971320|0|0
79|https://2018game.picoctf.com/|CTF - Homepage|1|0|13192075700286118|0|0
80|https://www.google.com/search?q=assets%2Fjs%2Fscale.fix.js&oq=assets%2Fjs%2Fscale.fix.js&aqs=chrome..69i57j69i58.4343j0j7&sourceid=chrome&ie=UTF-8|assets/js/scale.fix.js - Google Search|1|0|13192076235153301|0|0
81|https://summer2019.compclub.com.au/assets/js/scale.fix.js||1|0|13192076242369320|0|0
82|https://summer2019.compclub.com.au/day5/code|CompClub 2019 Summer Workshops|5|0|13192082777512784|0|0
83|https://repl.it/@featherbear/LesserSignifiedBeings|Repl.it - LesserSignifiedBeings|13|0|13192085553998283|0|0
84|https://repl.it/@featherbear|Repl.it - featherbear (Andrew Wong)|2|0|13192076834549870|0|0
85|https://www.google.com/search?q=noed&oq=noed&aqs=chrome..69i57j0l5.352j0j7&sourceid=chrome&ie=UTF-8|noed - Google Search|1|0|13192076914660479|0|0
86|https://www.google.com/search?ei=co0-XKS5IJGz9QPS7qe4Ag&q=node&oq=node&gs_l=psy-ab.3..0l2j0i131j0l4j0i131j0l2.3033.3211..3300...0.0..0.151.421.0j3......0....1..gws-wiz.......0i71j0i67.tEewmdopK-o|node - Google Search|2|0|13192076927904588|0|0
87|https://nodejs.org/|Node.js|2|0|13192077038305014|0|0
88|https://nodejs.org/en/|Node.js|2|0|13192077674633154|0|0
89|https://www.google.com/search?ei=do0-XPmaJIOS9QPD3JfgAQ&q=node+javascript+decrypt&oq=node+javascript+decrypt&gs_l=psy-ab.3..0i22i30l10.1368.4926..5097...0.0..0.223.3093.0j14j5......0....1..gws-wiz.......0i71j0i67j0i131i67j0j0i10.NloiKgt4nCc|node javascript decrypt - Google Search|1|0|13192076933426341|0|0
90|https://www.thepolyglotdeveloper.com/2018/01/encrypt-decrypt-data-nodejs-crypto-library/|Encrypt And Decrypt Data In Node.js With The Crypto Library|1|0|13192076942562756|0|0
91|https://www.google.com/search?q=node.js&oq=node.j&aqs=chrome.0.0j69i57j0l4.1472j0j7&sourceid=chrome&ie=UTF-8|node.js - Google Search|1|0|13192077036847544|0|0
92|http://www.jsfuck.com/|JSFuck - Write any JavaScript with 6 Characters: []()!+|2|1|13192077380164507|0|0
93|https://www.google.com/search?q=jsfuck+decrypter&oq=jsfuck+decrypter&aqs=chrome..69i57.3367j0j7&sourceid=chrome&ie=UTF-8|jsfuck decrypter - Google Search|1|0|13192077259604368|0|0
94|http://codertab.com/JsUnFuck|CoderTab - JSUnFuck - Decode JSFuck Here|5|0|13192083945926736|0|0
95|https://www.google.com/search?q=flask&oq=flask&aqs=chrome..69i57j0l5.951j0j7&sourceid=chrome&ie=UTF-8|flask - Google Search|1|0|13192077567717969|0|0
96|https://www.google.com/search?q=amazonalexa&oq=amazonalexa&aqs=chrome..69i57j0l5.2000j0j7&sourceid=chrome&ie=UTF-8|amazonalexa - Google Search|1|0|13192077595931881|0|0
97|https://www.google.com/search?q=jsunfuck&oq=jsunfuck&aqs=chrome..69i57j69i60.3194j0j7&sourceid=chrome&ie=UTF-8|jsunfuck - Google Search|4|0|13192077881193247|0|0
98|https://jsfiddle.net/subzey/s35ehcg6/|jsunfuck - JSFiddle|1|0|13192077823310513|0|0
99|https://github.com/dNetGuru/JSUNFuck|JSUNFuck/JSUNFucker at master  dNetGuru/JSUNFuck  GitHub|3|0|13192077879646159|0|0
100|https://github.com/dNetGuru/JSUNFuck/tree/master/JSUNFucker|File Finder  GitHub|3|0|13192077879109933|0|0
101|https://github.com/dNetGuru/JSUNFuck/find/master|Pull Requests  dNetGuru/JSUNFuck  GitHub|3|0|13192077878583603|0|0
102|https://github.com/dNetGuru/JSUNFuck/pulls|Compare  dNetGuru/JSUNFuck  GitHub|3|0|13192077861478650|0|0
103|https://github.com/dNetGuru/JSUNFuck/compare|Compare  dNetGuru/JSUNFuck  GitHub|2|0|13192077859548247|0|0
104|https://kodi.discavehb.com/repo/plugin.video.salts/salts_lib/jsunfuck.py||1|0|13192077885422909|0|0
105|https://stackoverflow.com/questions/31862135/how-to-decode-a-jsfuck-script|javascript - How to decode a JSFuck script? - Stack Overflow|2|0|13192082055805866|0|0
106|https://www.google.com/search?q=jsunfuck&oq=jsu&aqs=chrome.0.69i59j69i57j69i60j0j69i60l2.2303j0j7&sourceid=chrome&ie=UTF-8|jsunfuck - Google Search|1|0|13192082430188969|0|0
107|https://www.google.com/search?q=jsunfuck&oq=js&aqs=chrome.1.69i60j69i59j69i57j69i59j69i60j0.3375j0j7&sourceid=chrome&ie=UTF-8|jsunfuck - Google Search|2|0|13192083949527860|0|0
108|http://summer2019.compclub.com.au/day5/mentors_bWVudG9y|Python Bitwise Gotchas | CompClub 2019 Summer Workshops|1|1|13192082605736915|0|0
109|https://summer2019.compclub.com.au/day5/mentors_bWVudG9y|Python Bitwise Gotchas | CompClub 2019 Summer Workshops|1|0|13192082605736915|0|0
110|http://schema.org/|Home - schema.org|1|0|13192083733559872|0|0
111|https://schema.org/|Home - schema.org|1|0|13192083733559872|0|0
112|https://www.google.com/search?q=jsunfuck&oq=jsunfuck&aqs=chrome..69i57j69i60l3.4216j0j4&sourceid=chrome&ie=UTF-8|jsunfuck - Google Search|1|0|13192083944163182|0|0
113|https://www.google.com/search?q=%26lt%3B%26lt%3B&oq=%26lt%3B%26lt%3B&aqs=chrome..69i57j0l5.11055j0j7&sourceid=chrome&ie=UTF-8|&lt;&lt; - Google Search|1|0|13192084552628134|0|0
114|https://stackoverflow.com/questions/5068951/what-do-lt-and-gt-stand-for|html - What do &lt; and &gt; stand for? - Stack Overflow|1|0|13192084556385656|0|0
115|https://www.google.com/search?q=lsbv&oq=lsbv&aqs=chrome..69i57j0l5.566j0j7&sourceid=chrome&ie=UTF-8|lsbv - Google Search|1|0|13192084582364881|0|0
116|https://www.google.com/search?ei=Zqs-XN-3DoKe9QOnvqOYCA&q=lsb&oq=lsb&gs_l=psy-ab.3..0i131j0l9.1972.1972..2285...0.0..0.125.125.0j1......0....1..gws-wiz.--fyn3gSEg4|lsb - Google Search|1|0|13192084585505209|0|0
117|https://www.google.com/search?ei=aas-XKrcFIWc9QPB_7nQCw&q=lsb+python&oq=lsb+python&gs_l=psy-ab.3..0j0i22i30l3j0i22i10i30j0i22i30l5.1332.2394..2512...0.0..0.223.977.0j4j2......0....1..gws-wiz.......0i71j0i67.B0ZSZ9eQ6NE|lsb python - Google Search|1|0|13192084588842066|0|0
118|https://github.com/RobinDavid/LSB-Steganography|GitHub - RobinDavid/LSB-Steganography: Python program to steganography files into images using the Least Significant Bit.|1|0|13192084593188315|0|0
119|https://www.google.com/search?q=steganography&oq=steg&aqs=chrome.5.69i57j0l5.5185j0j7&sourceid=chrome&ie=UTF-8|steganography - Google Search|1|0|13192084682774575|0|0
120|https://www.google.com/search?ei=yqs-XOGdJ5O2rQGGk6r4Cg&q=%3C%3E%3C%21%7E%40%25%5E*%28%29_%2B&oq=%3C%3E%3C%21%7E%40%25%5E*%28%29_%2B&gs_l=psy-ab.3...657099.659647..660730...0.0..0.272.1884.0j9j3......0....1..gws-wiz.......0i71j0i131j0i3j0j38.V3cV3-Z4A5c|<><!~@%^*()_+ - Google Search|1|0|13192085344288371|0|0
121|https://repl.it/repls/JuvenileAthleticRefactoring|Repl.it - JuvenileAthleticRefactoring|2|0|13192085556147852|0|0
122|https://www.google.com/search?q=altoro+mutual&oq=altoro+m&aqs=chrome.0.0j5j69i64j0l3.15176j0j4&sourceid=chrome&ie=UTF-8|altoro mutual - Google Search|1|0|13192085674064780|0|0
123|http://google.com/||1|1|13192085674084940|0|0
124|https://demo.testfire.net/|Altoro Mutual|1|0|13192085677671835|0|0
125|https://demo.testfire.net/search.jsp?query=hi|Altoro Mutual|1|0|13192085693304666|0|0
126|https://www.google.com/search?q=youtube&oq=youtube&aqs=chrome..69i57j69i60j0l2j69i60j0.786j0j7&sourceid=chrome&ie=UTF-8|youtube - Google Search|1|0|13192085741866538|0|0
127|https://www.youtube.com/|YouTube|3|0|13192085751276778|0|0
128|https://www.youtube.com/results?search_query=bitch+lasagna|bitch lasagna - YouTube|1|0|13192085751279464|0|0
129|https://www.youtube.com/watch?v=6Dh-RL__uN4||1|0|13192085753741249|0|0
130|https://demo.testfire.net/search.jsp?query=%3Ciframe+width%3D%22560%22+height%3D%22315%22+src%3D%22https%3A%2F%2Fwww.youtube.com%2Fembed%2F6Dh-RL__uN4%22+frameborder%3D%220%22+allow%3D%22accelerometer%3B+autoplay%3B+encrypted-media%3B+gyroscope%3B+picture-in-picture%22+allowfullscreen%3E%3C%2Fiframe%3E|demo.testfire.net|1|0|13192085792769541|0|0
131|https://www.google.com/search?q=chroe&oq=chroe&aqs=chrome..69i57j0l2j5l3.595j0j7&sourceid=chrome&ie=UTF-8|chroe - Google Search|1|0|13192085803355401|0|0
132|https://summer2019.compclub.com.au/day4|Some useful links: | CompClub 2019 Summer Workshops|2|0|13192170824266624|0|0
133|https://repl.it/languages/python3|Repl.it - ShimmeringFrugalFacts|2|0|13192160447342686|0|0
134|https://repl.it/repls/ExtrasmallVividInverse|Repl.it - ExtrasmallVividInverse|2|0|13192154027756853|0|0
135|http://0.0.0.0/|debian64 Debian 9.6|1|1|13192156297789526|0|0
136|https://extrasmallvividinverse--five-nine.repl.co/result||8|0|13192158925624991|1|0
137|https://extrasmallvividinverse--five-nine.repl.co/||9|0|13192164491368379|1|0
138|https://extrasmallvividinverse--five-nine.repl.co/results||2|0|13192164491368379|1|0
139|https://repl.it/repls/ShimmeringFrugalFacts|Repl.it - ShimmeringFrugalFacts|3|0|13192172811824247|0|0
140|https://shimmeringfrugalfacts--five-nine.repl.co/?results||8|0|13192164303421052|1|0
141|https://shimmeringfrugalfacts--five-nine.repl.co/||23|0|13192172753750489|1|0
142|https://www.google.com/search?q=current+ip+address&oq=current+ip+addess&aqs=chrome.1.69i57j0l5.3952j0j7&sourceid=chrome&ie=UTF-8|current ip address - Google Search|1|0|13192164267405566|0|0
143|https://shimmeringfrugalfacts--five-nine.repl.co/results||40|0|13192172831343180|1|0
144|https://www.google.com/search?q=anime&oq=anime&aqs=chrome..69i57j0l5.39888j0j7&sourceid=chrome&ie=UTF-8|anime - Google Search|2|0|13192165251479679|0|0
145|https://www.google.com/search?q=anime&source=lnms&tbm=isch&sa=X&ved=0ahUKEwj_ytTT4PPfAhUYfH0KHVa8CCoQ_AUIDigB&biw=1920&bih=983|anime - Google Search|1|0|13192165244588422|0|0
146|https://www.google.com/search?q=dragon+maidkanna&oq=dragon+maidkanna&aqs=chrome..69i57j0l5.4304j0j7&sourceid=chrome&ie=UTF-8|dragon maidkanna - Google Search|1|0|13192165261877433|0|0
147|https://www.google.com/search?q=dragon+maid+kanna&tbm=isch&source=iu&ictx=1&fir=QZKHoZpzdGEpIM%253A%252CKsOEb-UWCGNC2M%252C_&usg=AI4_-kTG9YFDntuI6oPw5jCJGlp-SDUgMw&sa=X&ved=2ahUKEwj54-Hd4PPfAhUQSX0KHSCkBbgQ9QEwAXoECAAQBA#imgrc=QZKHoZpzdGEpIM:|dragon maid kanna - Google Search|3|0|13192165286874398|0|0
148|https://www.google.com/search?q=dragon+maid+kanna&tbm=isch&source=iu&ictx=1&fir=QZKHoZpzdGEpIM%253A%252CKsOEb-UWCGNC2M%252C_&usg=AI4_-kTG9YFDntuI6oPw5jCJGlp-SDUgMw&sa=X&ved=2ahUKEwj54-Hd4PPfAhUQSX0KHSCkBbgQ9QEwAXoECAAQBA#imgrc=ygZJF5DJGE0KlM:||1|0|13192165282124828|0|0
149|https://www.google.com/search?q=css&oq=css&aqs=chrome..69i57j0l5.2065j0j7&sourceid=chrome&ie=UTF-8|css - Google Search|1|0|13192169281147083|0|0
150|https://www.w3schools.com/css/|CSS Tutorial|2|0|13192169494609947|0|0
151|https://www.w3schools.com/colors/colors_picker.asp|HTML Color Picker|2|0|13192169493833353|0|0
152|https://www.w3schools.com/colors/colors_shades.asp|HTML Color Shades|1|0|13192169490973427|0|0
153|https://www.google.com/search?q=apistack&oq=apistack&aqs=chrome..69i57j0l5.7320j1j7&sourceid=chrome&ie=UTF-8|apistack - Google Search|1|0|13192169724614457|0|0
154|https://www.google.com/search?ei=_Pc_XOu6HZOy9QPP056YBg&q=api+ipstack&oq=api+ipstav&gs_l=psy-ab.3.0.0i13j0i8i13i10i30.2150.7804..8887...1.0..0.151.1668.0j13......0....1..gws-wiz.......0i71j0i10i67j0j0i10j0i131j0i22i30j0i22i10i30.lOoKiRpGees|api ipstack - Google Search|1|0|13192169734228061|0|0
155|https://ipstack.com/|ipstack - Free IP Geolocation API|1|0|13192169736781536|0|0
156|https://www.google.com/search?q=pusheen+gif&oq=pusheen+gif&aqs=chrome.0.0l6.4511j0j7&sourceid=chrome&ie=UTF-8|pusheen gif - Google Search|1|0|13192172147981222|0|0
157|https://www.google.com/search?q=pusheen+gif&source=lnms&tbm=isch&sa=X&ved=0ahUKEwjQiaix-vPfAhXRfisKHRhuBhsQ_AUIDigB&biw=1920&bih=983|pusheen gif - Google Search|2|0|13192172195720888|0|0
158|https://www.google.com/search?q=pusheen+gif&source=lnms&tbm=isch&sa=X&ved=0ahUKEwjQiaix-vPfAhXRfisKHRhuBhsQ_AUIDigB&biw=1920&bih=983#imgrc=FtpmXMdXraIbcM:||1|0|13192172195726560|0|0
159|https://www.google.com/search?q=pusheen+gif&source=lnms&tbm=isch&sa=X&ved=0ahUKEwjQiaix-vPfAhXRfisKHRhuBhsQ_AUIDigB&biw=1920&bih=983#imgrc=i-6b73EiW_o72M:||1|0|13192172202296742|0|0
160|https://www.google.com/search?q=pusheen+gif&source=lnms&tbm=isch&sa=X&ved=0ahUKEwjQiaix-vPfAhXRfisKHRhuBhsQ_AUIDigB&biw=1920&bih=983#imgrc=-blFmIUxOwkDGM:||1|0|13192172205436139|0|0
161|https://www.google.com/search?q=pusheen+gif&source=lnms&tbm=isch&sa=X&ved=0ahUKEwjQiaix-vPfAhXRfisKHRhuBhsQ_AUIDigB&biw=1920&bih=983#imgrc=Grex_O0ulQPSZM:||2|0|13192172235625730|0|0
162|https://www.google.com/search?q=pusheen+gif&source=lnms&tbm=isch&sa=X&ved=0ahUKEwjQiaix-vPfAhXRfisKHRhuBhsQ_AUIDigB&biw=1920&bih=983#imgdii=yQMTPkGMXnLEwM:&imgrc=Grex_O0ulQPSZM:||1|0|13192172232985332|0|0
163|https://www.google.com/search?q=pusheen+gif&source=lnms&sa=X&ved=0ahUKEwi5xMuy-vPfAhXUIIgKHY4UBh8Q_AUICSgA&biw=1920&bih=983&dpr=1|pusheen gif - Google Search|1|0|13192172666104025|0|0
164|https://www.google.com/search?biw=1920&bih=983&ei=eQNAXPKUM8799QPD0qXQBQ&q=ip+address&oq=ip+a&gs_l=psy-ab.1.0.0i131i67l2j0i67j0l7.934.6601..11212...0.0..0.313.2075.0j5j2j2......0....1..gws-wiz.....0..0i71j0i131.VjTKerL-yDQ|ip address - Google Search|1|0|13192172677870878|0|0
165|https://www.google.com/search?q=deepio&oq=Deepio&aqs=chrome.0.0l6.3143j0j8&sourceid=chrome&ie=UTF-8|deepio - Google Search|1|0|13192256485107113|0|0
166|http://www.silvergames.com/en/deep-io|Deep .io - Multiplayer Underwater Animals Survival Game|1|0|13192256492161950|0|0
167|http://www.silvergames.com/en/deep-io#fullscreen||2|0|13192257559073494|0|0
168|http://www.silvergames.com/en/deep-io#||1|0|13192257380549556|0|0
