2019-01-07 03:01:10|https://www.mozilla.org/privacy/firefox/
2019-01-07 03:01:10|https://www.mozilla.org/en-US/privacy/firefox/
2019-01-07 03:01:13|http://aframe.io/
2019-01-07 03:01:15|https://aframe.io/
2019-01-07 03:01:17|https://aframe.io/examples/showcase/helloworld/
2019-01-07 03:01:19|https://glitch.com/~aframe
2019-01-07 03:01:28|https://glitch.com/edit/#!/remix/aframe
2019-01-07 03:01:30|https://glitch.com/edit/#!/
2019-01-07 03:01:30|https://glitch.com/edit/#!/orange-baritone
2019-01-07 03:02:33|https://glitch.com/edit/#!/orange-baritone?path=index.html:4:8
2019-01-07 03:02:33|https://orange-baritone.glitch.me/
2019-01-07 03:03:09|https://orange-baritone.glitch.me/
2019-01-07 03:03:09|https://orange-baritone.glitch.me/
2019-01-07 03:03:11|https://orange-baritone.glitch.me/
2019-01-07 03:03:11|https://orange-baritone.glitch.me/
2019-01-07 03:03:13|https://glitch.com/edit/#!/orange-baritone?path=index.html:17:7
2019-01-07 03:05:58|https://aframe.io/examples/showcase/snowglobe/
2019-01-07 03:06:49|https://orange-baritone.glitch.me/
2019-01-07 03:06:52|https://orange-baritone.glitch.me/
2019-01-07 03:06:58|https://glitch.com/edit/#!/orange-baritone?path=index.html:13:61
2019-01-07 03:07:10|https://glitch.com/edit/#!/orange-baritone?path=index.html:10:38
2019-01-07 03:07:16|https://glitch.com/edit/#!/orange-baritone?path=index.html:11:8
2019-01-07 03:07:19|https://aframe.io/examples/showcase/helloworld/
2019-01-07 03:07:22|https://glitch.com/~aframe
2019-01-07 03:07:41|https://orange-baritone.glitch.me/
2019-01-07 03:07:42|https://orange-baritone.glitch.me/
2019-01-07 03:07:44|https://glitch.com/edit/#!/orange-baritone?path=index.html:12:7
2019-01-07 03:07:47|https://orange-baritone.glitch.me/
2019-01-07 03:07:54|https://orange-baritone.glitch.me/
2019-01-07 03:07:56|https://orange-baritone.glitch.me/
2019-01-07 03:08:01|https://orange-baritone.glitch.me/
2019-01-07 03:08:02|https://orange-baritone.glitch.me/
2019-01-07 03:08:06|https://glitch.com/edit/#!/orange-baritone?path=index.html:12:28
2019-01-07 03:08:15|https://orange-baritone.glitch.me/
2019-01-07 03:08:18|https://orange-baritone.glitch.me/
2019-01-07 03:08:23|https://glitch.com/edit/#!/orange-baritone?path=index.html:12:62
2019-01-07 03:08:27|https://www.google.com/search?q=aframe+shapes&ie=utf-8&oe=utf-8&client=firefox-b-ab
2019-01-07 03:08:30|https://aframe.io/docs/0.8.0/components/geometry.html
2019-01-07 03:08:43|https://glitch.com/edit/#!/orange-baritone?path=index.html:14:17
2019-01-07 03:09:03|https://orange-baritone.glitch.me/
2019-01-07 03:09:07|https://orange-baritone.glitch.me/
2019-01-07 03:09:07|https://orange-baritone.glitch.me/
2019-01-07 03:09:08|https://glitch.com/edit/#!/orange-baritone?path=index.html:11:85
2019-01-07 03:09:32|https://orange-baritone.glitch.me/
2019-01-07 03:09:34|https://orange-baritone.glitch.me/
2019-01-07 03:09:38|https://orange-baritone.glitch.me/
2019-01-07 03:09:39|https://glitch.com/edit/#!/orange-baritone?path=index.html:13:19
2019-01-07 03:09:46|https://orange-baritone.glitch.me/
2019-01-07 03:09:54|https://glitch.com/edit/#!/orange-baritone?path=index.html:12:31
2019-01-07 03:09:54|https://orange-baritone.glitch.me/
2019-01-07 03:10:02|https://orange-baritone.glitch.me/
2019-01-07 03:10:04|https://orange-baritone.glitch.me/
2019-01-07 03:10:04|https://glitch.com/edit/#!/orange-baritone?path=index.html:12:45
2019-01-07 03:10:11|https://orange-baritone.glitch.me/
2019-01-07 03:10:14|https://glitch.com/edit/#!/orange-baritone?path=index.html:12:32
2019-01-07 03:10:14|https://orange-baritone.glitch.me/
2019-01-07 03:10:23|https://glitch.com/edit/#!/orange-baritone?path=index.html:12:88
2019-01-07 03:10:43|https://orange-baritone.glitch.me/
2019-01-07 03:10:44|https://glitch.com/edit/#!/orange-baritone?path=index.html:12:31
2019-01-07 03:10:44|https://orange-baritone.glitch.me/
2019-01-07 03:10:54|https://orange-baritone.glitch.me/
2019-01-07 03:10:55|https://orange-baritone.glitch.me/
2019-01-07 03:11:02|https://glitch.com/edit/#!/orange-baritone?path=index.html:11:35
2019-01-07 03:11:09|https://glitch.com/edit/#!/orange-baritone?path=index.html:13:31
2019-01-07 03:11:09|https://orange-baritone.glitch.me/
2019-01-07 03:11:12|https://orange-baritone.glitch.me/
2019-01-07 03:11:14|https://orange-baritone.glitch.me/
2019-01-07 03:11:30|https://orange-baritone.glitch.me/
2019-01-07 03:11:32|https://orange-baritone.glitch.me/
2019-01-07 03:11:41|https://glitch.com/edit/#!/orange-baritone?path=index.html:12:63
2019-01-07 03:11:44|https://www.google.com/search?q=colour+codes&ie=utf-8&oe=utf-8&client=firefox-b-ab
2019-01-07 03:11:49|https://www.rapidtables.com/web/color/html-color-codes.html
2019-01-07 03:12:18|https://orange-baritone.glitch.me/
2019-01-07 03:12:20|https://orange-baritone.glitch.me/
2019-01-07 03:12:21|https://orange-baritone.glitch.me/
2019-01-07 03:12:26|https://orange-baritone.glitch.me/
2019-01-07 03:12:29|https://orange-baritone.glitch.me/
2019-01-07 03:12:30|https://orange-baritone.glitch.me/
2019-01-07 03:12:40|https://orange-baritone.glitch.me/
2019-01-07 03:12:42|https://orange-baritone.glitch.me/
2019-01-07 03:13:04|https://orange-baritone.glitch.me/
2019-01-07 03:13:05|https://orange-baritone.glitch.me/
2019-01-07 03:13:06|https://orange-baritone.glitch.me/
2019-01-07 03:13:08|https://orange-baritone.glitch.me/
2019-01-07 03:13:11|https://orange-baritone.glitch.me/
2019-01-07 03:13:17|https://orange-baritone.glitch.me/
2019-01-07 03:13:18|https://orange-baritone.glitch.me/
2019-01-07 03:13:19|https://orange-baritone.glitch.me/
2019-01-07 03:13:26|https://orange-baritone.glitch.me/
2019-01-07 03:13:28|https://orange-baritone.glitch.me/
2019-01-07 03:13:29|https://orange-baritone.glitch.me/
2019-01-07 03:13:31|https://orange-baritone.glitch.me/
2019-01-07 03:13:35|https://orange-baritone.glitch.me/
2019-01-07 03:13:36|https://orange-baritone.glitch.me/
2019-01-07 03:13:37|https://orange-baritone.glitch.me/
2019-01-07 03:13:38|https://orange-baritone.glitch.me/
2019-01-07 03:13:45|https://orange-baritone.glitch.me/
2019-01-07 03:13:45|https://orange-baritone.glitch.me/
2019-01-07 03:13:48|https://orange-baritone.glitch.me/
2019-01-07 03:13:56|https://orange-baritone.glitch.me/
2019-01-07 03:14:00|https://orange-baritone.glitch.me/
2019-01-07 03:14:01|https://orange-baritone.glitch.me/
2019-01-07 03:14:02|https://orange-baritone.glitch.me/
2019-01-07 03:14:06|https://orange-baritone.glitch.me/
2019-01-07 03:14:10|https://orange-baritone.glitch.me/
2019-01-07 03:14:10|https://orange-baritone.glitch.me/
2019-01-07 03:14:32|https://orange-baritone.glitch.me/
2019-01-07 03:14:33|https://orange-baritone.glitch.me/
2019-01-07 03:14:36|https://orange-baritone.glitch.me/
2019-01-07 03:14:37|https://orange-baritone.glitch.me/
2019-01-07 03:14:39|https://orange-baritone.glitch.me/
2019-01-07 03:14:45|https://orange-baritone.glitch.me/
2019-01-07 03:14:47|https://orange-baritone.glitch.me/
2019-01-07 03:14:48|https://orange-baritone.glitch.me/
2019-01-07 03:14:49|https://orange-baritone.glitch.me/
2019-01-07 03:15:43|https://orange-baritone.glitch.me/
2019-01-07 03:15:45|https://orange-baritone.glitch.me/
2019-01-07 03:15:47|https://orange-baritone.glitch.me/
2019-01-07 03:15:54|https://orange-baritone.glitch.me/
2019-01-07 03:16:06|https://orange-baritone.glitch.me/
2019-01-07 03:16:11|https://orange-baritone.glitch.me/
2019-01-07 03:16:14|https://orange-baritone.glitch.me/
2019-01-07 03:16:16|https://orange-baritone.glitch.me/
2019-01-07 03:16:32|https://orange-baritone.glitch.me/
2019-01-07 03:16:42|https://orange-baritone.glitch.me/
2019-01-07 03:16:47|https://orange-baritone.glitch.me/
2019-01-07 03:16:49|https://orange-baritone.glitch.me/
2019-01-07 03:16:49|https://glitch.com/edit/#!/orange-baritone?path=index.html:20:22
2019-01-07 03:17:00|https://orange-baritone.glitch.me/
2019-01-07 03:17:02|https://orange-baritone.glitch.me/
2019-01-07 03:17:18|https://orange-baritone.glitch.me/
2019-01-07 03:17:21|https://orange-baritone.glitch.me/
2019-01-07 03:17:26|https://orange-baritone.glitch.me/
2019-01-07 03:17:30|https://glitch.com/edit/#!/orange-baritone?path=index.html:18:14
2019-01-07 03:17:41|https://orange-baritone.glitch.me/
2019-01-07 03:17:41|https://glitch.com/edit/#!/orange-baritone?path=index.html:17:13
2019-01-07 03:18:21|https://orange-baritone.glitch.me/
2019-01-07 03:18:26|https://orange-baritone.glitch.me/
2019-01-07 03:18:31|https://orange-baritone.glitch.me/
2019-01-07 03:18:36|https://orange-baritone.glitch.me/
2019-01-07 03:18:43|https://glitch.com/edit/#!/orange-baritone?path=index.html:21:6
2019-01-07 03:19:01|https://orange-baritone.glitch.me/
2019-01-07 03:19:03|https://orange-baritone.glitch.me/
2019-01-07 03:19:03|https://glitch.com/edit/#!/orange-baritone?path=index.html:17:14
2019-01-07 03:19:11|https://orange-baritone.glitch.me/
2019-01-07 03:19:14|https://orange-baritone.glitch.me/
2019-01-07 03:19:16|https://orange-baritone.glitch.me/
2019-01-07 03:19:17|https://orange-baritone.glitch.me/
2019-01-07 03:19:18|https://glitch.com/edit/#!/orange-baritone?path=index.html:17:11
2019-01-07 03:20:16|https://orange-baritone.glitch.me/
2019-01-07 03:20:19|https://orange-baritone.glitch.me/
2019-01-07 03:20:20|https://orange-baritone.glitch.me/
2019-01-07 03:20:23|https://glitch.com/edit/#!/orange-baritone?path=index.html:13:9
2019-01-07 03:20:27|https://glitch.com/edit/#!/remix/aframe
2019-01-07 03:20:28|https://glitch.com/edit/#!/
2019-01-07 03:20:28|https://glitch.com/edit/#!/lava-gauge
2019-01-07 03:20:41|https://orange-baritone.glitch.me/
2019-01-07 03:20:42|https://orange-baritone.glitch.me/
2019-01-07 03:20:43|https://orange-baritone.glitch.me/
2019-01-07 03:20:57|https://orange-baritone.glitch.me/
2019-01-07 03:20:59|https://orange-baritone.glitch.me/
2019-01-07 03:21:02|https://orange-baritone.glitch.me/
2019-01-07 03:21:03|https://orange-baritone.glitch.me/
2019-01-07 03:21:03|https://orange-baritone.glitch.me/
2019-01-07 03:21:09|https://orange-baritone.glitch.me/
2019-01-07 03:21:13|https://orange-baritone.glitch.me/
2019-01-07 03:21:19|https://orange-baritone.glitch.me/
2019-01-07 03:21:19|https://orange-baritone.glitch.me/
2019-01-07 03:21:21|https://orange-baritone.glitch.me/
2019-01-07 03:21:23|https://orange-baritone.glitch.me/
2019-01-07 03:21:42|https://orange-baritone.glitch.me/
2019-01-07 03:21:43|https://orange-baritone.glitch.me/
2019-01-07 03:21:44|https://orange-baritone.glitch.me/
2019-01-07 03:21:45|https://orange-baritone.glitch.me/
2019-01-07 03:21:47|https://orange-baritone.glitch.me/
2019-01-07 03:21:51|https://orange-baritone.glitch.me/
2019-01-07 03:21:52|https://orange-baritone.glitch.me/
2019-01-07 03:21:53|https://orange-baritone.glitch.me/
2019-01-07 03:21:55|https://glitch.com/edit/#!/orange-baritone?path=index.html:13:63
2019-01-07 03:22:09|https://orange-baritone.glitch.me/
2019-01-07 03:22:12|https://orange-baritone.glitch.me/
2019-01-07 03:22:14|https://orange-baritone.glitch.me/
2019-01-07 03:22:15|https://orange-baritone.glitch.me/
2019-01-07 03:22:18|https://orange-baritone.glitch.me/
2019-01-07 03:22:19|https://orange-baritone.glitch.me/
2019-01-07 03:22:21|https://orange-baritone.glitch.me/
2019-01-07 03:22:22|https://glitch.com/edit/#!/orange-baritone?path=index.html:13:79
2019-01-07 03:22:29|https://orange-baritone.glitch.me/
2019-01-07 03:22:34|https://orange-baritone.glitch.me/
2019-01-07 03:22:36|https://glitch.com/edit/#!/orange-baritone?path=index.html:13:32
2019-01-07 04:02:00|https://www.google.com/search?q=a+frame+&ie=utf-8&oe=utf-8&client=firefox-b-ab
2019-01-07 04:02:05|https://aframe.io/
2019-01-07 04:02:08|https://aframe.io/examples/showcase/helloworld/
2019-01-07 04:02:12|https://glitch.com/~aframe
2019-01-07 04:02:20|https://glitch.com/edit/#!/aframe
2019-01-07 04:02:23|https://glitch.com/edit/#!/
2019-01-07 04:02:23|https://glitch.com/edit/#!/aframe
2019-01-07 04:03:56|https://glitch.com/edit/#!/blue-volleyball
2019-01-07 04:04:48|https://glitch.com/edit/#!/blue-volleyball?path=index.html:17:7
2019-01-07 04:04:49|https://blue-volleyball.glitch.me/
2019-01-07 04:05:05|https://blue-volleyball.glitch.me/
2019-01-07 04:05:07|https://blue-volleyball.glitch.me/
2019-01-07 04:05:12|https://blue-volleyball.glitch.me/
2019-01-07 04:05:13|https://blue-volleyball.glitch.me/
2019-01-07 04:05:13|https://blue-volleyball.glitch.me/
2019-01-07 04:05:17|https://glitch.com/edit/#!/blue-volleyball?path=index.html:13:16
2019-01-07 04:05:27|https://blue-volleyball.glitch.me/
2019-01-07 04:05:29|https://blue-volleyball.glitch.me/
2019-01-07 04:05:30|https://blue-volleyball.glitch.me/
2019-01-07 04:05:32|https://glitch.com/edit/#!/blue-volleyball?path=index.html:13:19
2019-01-07 04:05:46|https://blue-volleyball.glitch.me/
2019-01-07 04:05:47|https://blue-volleyball.glitch.me/
2019-01-07 04:05:48|https://glitch.com/edit/#!/blue-volleyball?path=index.html:13:13
2019-01-07 04:06:16|https://blue-volleyball.glitch.me/
2019-01-07 04:06:17|https://glitch.com/edit/#!/blue-volleyball?path=index.html:14:87
2019-01-07 04:06:31|https://blue-volleyball.glitch.me/
2019-01-07 04:06:32|https://glitch.com/edit/#!/blue-volleyball?path=index.html:13:92
2019-01-07 04:07:12|https://glitch.com/edit/#!/blue-volleyball?path=index.html:17:7
2019-01-07 04:14:23|https://blue-volleyball.glitch.me/
2019-01-07 04:14:25|https://blue-volleyball.glitch.me/
2019-01-07 04:15:12|https://www.google.com/search?q=w3+schoools&ie=utf-8&oe=utf-8&client=firefox-b-ab
2019-01-07 04:15:16|https://www.w3schools.com/
2019-01-07 04:15:23|https://www.w3schools.com/html/default.asp
2019-01-07 04:15:51|https://www.w3schools.com/html/html_quotation_elements.asp
2019-01-07 04:15:58|https://blue-volleyball.glitch.me/
2019-01-07 04:16:06|https://blue-volleyball.glitch.me/
2019-01-07 04:16:07|https://blue-volleyball.glitch.me/
2019-01-07 04:16:08|https://blue-volleyball.glitch.me/
2019-01-07 04:16:09|https://blue-volleyball.glitch.me/
2019-01-07 04:16:11|https://blue-volleyball.glitch.me/
2019-01-07 04:16:13|https://glitch.com/edit/#!/blue-volleyball?path=index.html:24:7
2019-01-07 04:16:25|https://glitch.com/edit/#!/blue-volleyball?path=index.html:17:0
2019-01-07 04:16:30|https://blue-volleyball.glitch.me/
2019-01-07 04:16:33|https://www.w3schools.com/html/html_symbols.asp
2019-01-07 04:16:41|https://www.w3schools.com/html/html_blocks.asp
2019-01-07 04:16:44|https://www.w3schools.com/html/html_colors.asp
2019-01-07 04:16:49|https://www.w3schools.com/html/html_formatting.asp
2019-01-07 04:16:58|https://blue-volleyball.glitch.me/
2019-01-07 04:16:59|https://blue-volleyball.glitch.me/
2019-01-07 04:17:00|https://glitch.com/edit/#!/blue-volleyball?path=index.html:14:31
2019-01-07 04:17:08|https://blue-volleyball.glitch.me/
2019-01-07 04:17:09|https://blue-volleyball.glitch.me/
2019-01-07 04:17:14|https://blue-volleyball.glitch.me/
2019-01-07 04:17:15|https://blue-volleyball.glitch.me/
2019-01-07 04:17:23|https://blue-volleyball.glitch.me/
2019-01-07 04:17:23|https://glitch.com/edit/#!/blue-volleyball?path=index.html:14:46
2019-01-07 04:17:27|https://blue-volleyball.glitch.me/
2019-01-07 04:17:52|https://blue-volleyball.glitch.me/
2019-01-07 04:17:58|https://blue-volleyball.glitch.me/
2019-01-07 04:18:24|https://blue-volleyball.glitch.me/
2019-01-07 04:18:28|https://blue-volleyball.glitch.me/
2019-01-07 04:18:36|https://blue-volleyball.glitch.me/
2019-01-07 04:18:38|https://blue-volleyball.glitch.me/
2019-01-07 04:18:39|https://blue-volleyball.glitch.me/
2019-01-07 04:18:49|https://blue-volleyball.glitch.me/
2019-01-07 04:18:51|https://blue-volleyball.glitch.me/
2019-01-07 04:18:54|https://blue-volleyball.glitch.me/
2019-01-07 04:18:54|https://blue-volleyball.glitch.me/
2019-01-07 04:19:04|https://blue-volleyball.glitch.me/
2019-01-07 04:19:06|https://blue-volleyball.glitch.me/
2019-01-07 04:19:07|https://blue-volleyball.glitch.me/
2019-01-07 04:19:15|https://blue-volleyball.glitch.me/
2019-01-07 04:19:20|https://blue-volleyball.glitch.me/
2019-01-07 04:19:23|https://blue-volleyball.glitch.me/
2019-01-07 04:19:25|https://blue-volleyball.glitch.me/
2019-01-07 04:19:26|https://blue-volleyball.glitch.me/
2019-01-07 04:19:32|https://blue-volleyball.glitch.me/
2019-01-07 04:19:32|https://blue-volleyball.glitch.me/
2019-01-07 04:19:39|https://blue-volleyball.glitch.me/
2019-01-07 04:19:52|https://glitch.com/edit/#!/blue-volleyball?path=index.html:17:10
2019-01-07 04:22:12|https://blue-volleyball.glitch.me/
2019-01-16 03:44:02|https://python.microbit.org/v/1
2019-01-16 03:44:13|https://python-editor-1-0-0.microbit.org/#
2019-01-16 03:44:36|https://python-editor-1-0-0.microbit.org/#
2019-01-16 03:48:35|https://python.microbit.org/
2019-01-16 03:48:35|https://python.microbit.org/v/1.1
2019-01-16 03:50:08|https://python-editor-1-1-2.microbit.org/#
2019-01-16 05:30:15|https://python.microbit.org/v/1
2019-01-16 05:30:19|https://python.microbit.org/v/1.1
1|https://www.mozilla.org/privacy/firefox/||1|0|13191303670000000|1|0
2|http://aframe.io/||1|1|13191303673000000|1|0
3|https://aframe.io/|A-Frame – Make WebVR|2|0|13191307325000000|0|0
4|https://aframe.io/examples/showcase/helloworld/|Hello WebVR – A-Frame|3|0|13191303677000000|0|0
5|https://glitch.com/~aframe|aframe|3|0|13191303679000000|0|0
6|https://glitch.com/edit/#!/remix/aframe|Glitch :･ﾟ✧|2|0|13191303688000000|0|0
7|https://glitch.com/edit/#!/|Glitch :･ﾟ✧|3|0|13191303690000000|0|0
8|https://glitch.com/edit/#!/orange-baritone|index.html – orange-baritone|1|0|13191303690000000|0|0
9|https://glitch.com/edit/#!/orange-baritone?path=index.html:4:8|index.html – orange-baritone|1|0|13191303753000000|0|0
10|https://orange-baritone.glitch.me/|Hello, WebVR! • A-Frame|142|0|13191303753000000|0|0
11|https://glitch.com/edit/#!/orange-baritone?path=index.html:17:7|index.html – orange-baritone|1|0|13191303793000000|0|0
12|https://aframe.io/examples/showcase/snowglobe/|Snowglobe – A-Frame|1|0|13191303958000000|0|0
13|https://glitch.com/edit/#!/orange-baritone?path=index.html:13:61|index.html – orange-baritone|1|0|13191304018000000|0|0
14|https://glitch.com/edit/#!/orange-baritone?path=index.html:10:38|index.html – orange-baritone|1|0|13191304030000000|0|0
15|https://glitch.com/edit/#!/orange-baritone?path=index.html:11:8|index.html – orange-baritone|1|0|13191304036000000|0|0
16|https://glitch.com/edit/#!/orange-baritone?path=index.html:12:7|index.html – orange-baritone|1|0|13191304064000000|0|0
17|https://glitch.com/edit/#!/orange-baritone?path=index.html:12:28|index.html – orange-baritone|1|0|13191304086000000|0|0
18|https://glitch.com/edit/#!/orange-baritone?path=index.html:12:62|index.html – orange-baritone|1|0|13191304103000000|0|0
19|https://www.google.com/search?q=aframe+shapes&ie=utf-8&oe=utf-8&client=firefox-b-ab|aframe shapes - Google Search|1|1|13191304107000000|0|0
20|https://aframe.io/docs/0.8.0/components/geometry.html|geometry – A-Frame|1|0|13191304110000000|0|0
21|https://glitch.com/edit/#!/orange-baritone?path=index.html:14:17|index.html – orange-baritone|1|0|13191304123000000|0|0
22|https://glitch.com/edit/#!/orange-baritone?path=index.html:11:85|index.html – orange-baritone|1|0|13191304148000000|0|0
23|https://glitch.com/edit/#!/orange-baritone?path=index.html:13:19|index.html – orange-baritone|1|0|13191304179000000|0|0
24|https://glitch.com/edit/#!/orange-baritone?path=index.html:12:31|index.html – orange-baritone|2|0|13191304194000000|0|0
25|https://glitch.com/edit/#!/orange-baritone?path=index.html:12:45|index.html – orange-baritone|1|0|13191304204000000|0|0
26|https://glitch.com/edit/#!/orange-baritone?path=index.html:12:32|index.html – orange-baritone|1|0|13191304214000000|0|0
27|https://glitch.com/edit/#!/orange-baritone?path=index.html:12:88|index.html – orange-baritone|1|0|13191304223000000|0|0
28|https://glitch.com/edit/#!/orange-baritone?path=index.html:11:35|index.html – orange-baritone|1|0|13191304262000000|0|0
29|https://glitch.com/edit/#!/orange-baritone?path=index.html:13:31|index.html – orange-baritone|1|0|13191304269000000|0|0
30|https://glitch.com/edit/#!/orange-baritone?path=index.html:12:63|index.html – orange-baritone|1|0|13191304301000000|0|0
31|https://www.google.com/search?q=colour+codes&ie=utf-8&oe=utf-8&client=firefox-b-ab|colour codes - Google Search|1|1|13191304304000000|0|0
32|https://www.rapidtables.com/web/color/html-color-codes.html|HTML Color Codes Chart|1|0|13191304309000000|0|0
33|https://glitch.com/edit/#!/orange-baritone?path=index.html:20:22|index.html – orange-baritone|1|0|13191304609000000|0|0
34|https://glitch.com/edit/#!/orange-baritone?path=index.html:18:14|index.html – orange-baritone|1|0|13191304650000000|0|0
35|https://glitch.com/edit/#!/orange-baritone?path=index.html:17:13|index.html – orange-baritone|1|0|13191304661000000|0|0
36|https://glitch.com/edit/#!/orange-baritone?path=index.html:21:6|index.html – orange-baritone|1|0|13191304723000000|0|0
37|https://glitch.com/edit/#!/orange-baritone?path=index.html:17:14|index.html – orange-baritone|1|0|13191304743000000|0|0
38|https://glitch.com/edit/#!/orange-baritone?path=index.html:17:11|index.html – orange-baritone|1|0|13191304758000000|0|0
39|https://glitch.com/edit/#!/orange-baritone?path=index.html:13:9|index.html – orange-baritone|1|0|13191304823000000|0|0
40|https://glitch.com/edit/#!/lava-gauge|README.md – lava-gauge|1|0|13191304828000000|0|0
41|https://glitch.com/edit/#!/orange-baritone?path=index.html:13:63|index.html – orange-baritone|1|0|13191304915000000|0|0
42|https://glitch.com/edit/#!/orange-baritone?path=index.html:13:79|index.html – orange-baritone|1|0|13191304942000000|0|0
43|https://glitch.com/edit/#!/orange-baritone?path=index.html:13:32|index.html – orange-baritone|1|0|13191304956000000|0|0
44|https://www.google.com/search?q=a+frame+&ie=utf-8&oe=utf-8&client=firefox-b-ab|a frame - Google Search|1|1|13191307320000000|0|0
45|https://glitch.com/edit/#!/aframe|index.html – blue-volleyball|2|0|13191307340000000|0|0
46|https://glitch.com/edit/#!/blue-volleyball|index.html – blue-volleyball|1|0|13191307436000000|0|0
47|https://glitch.com/edit/#!/blue-volleyball?path=index.html:17:7|index.html – blue-volleyball|2|0|13191307488000000|0|0
48|https://blue-volleyball.glitch.me/|Hello, WebVR! • A-Frame|53|0|13191307489000000|0|0
49|https://glitch.com/edit/#!/blue-volleyball?path=index.html:13:16|index.html – blue-volleyball|1|0|13191307517000000|0|0
50|https://glitch.com/edit/#!/blue-volleyball?path=index.html:13:19|index.html – blue-volleyball|1|0|13191307532000000|0|0
51|https://glitch.com/edit/#!/blue-volleyball?path=index.html:13:13|index.html – blue-volleyball|1|0|13191307548000000|0|0
52|https://glitch.com/edit/#!/blue-volleyball?path=index.html:14:87|index.html – blue-volleyball|1|0|13191307577000000|0|0
53|https://glitch.com/edit/#!/blue-volleyball?path=index.html:13:92|index.html – blue-volleyball|1|0|13191307592000000|0|0
54|https://www.google.com/search?q=w3+schoools&ie=utf-8&oe=utf-8&client=firefox-b-ab|w3 schoools - Google Search|1|1|13191308112000000|0|0
55|https://www.w3schools.com/|W3Schools Online Web Tutorials|1|0|13191308116000000|0|0
56|https://www.w3schools.com/html/default.asp|HTML Tutorial|1|0|13191308123000000|0|0
57|https://www.w3schools.com/html/html_quotation_elements.asp|HTML Quotation Elements|1|0|13191308151000000|0|0
58|https://glitch.com/edit/#!/blue-volleyball?path=index.html:24:7|index.html – blue-volleyball|1|0|13191308173000000|0|0
59|https://glitch.com/edit/#!/blue-volleyball?path=index.html:17:0|index.html – blue-volleyball|1|0|13191308185000000|0|0
60|https://www.w3schools.com/html/html_symbols.asp|HTML Symbols|1|0|13191308193000000|0|0
61|https://www.w3schools.com/html/html_blocks.asp|HTML Block and Inline Elements|1|0|13191308201000000|0|0
62|https://www.w3schools.com/html/html_colors.asp|HTML Colors|1|0|13191308204000000|0|0
63|https://www.w3schools.com/html/html_formatting.asp|HTML Text Formatting|1|0|13191308209000000|0|0
64|https://glitch.com/edit/#!/blue-volleyball?path=index.html:14:31|index.html – blue-volleyball|1|0|13191308220000000|0|0
65|https://glitch.com/edit/#!/blue-volleyball?path=index.html:14:46|index.html – blue-volleyball|1|0|13191308243000000|0|0
66|https://glitch.com/edit/#!/blue-volleyball?path=index.html:17:10|index.html – blue-volleyball|1|0|13191308392000000|0|0
67|http://summer2019.compclub.com.au/day2|Welcome to Day 2 of the 2019 Comp Club Summer School | CompClub 2019 Summer Workshops|1|1|13191981552942873|0|0
68|https://summer2019.compclub.com.au/day2|Welcome to Day 2 of the 2019 Comp Club Summer School | CompClub 2019 Summer Workshops|2|0|13191983638430924|0|0
69|https://summer2019.compclub.com.au/|Welcome to the CompClub Summer Spy School | CompClub 2019 Summer Workshops|7|0|13192171128049277|0|0
70|https://docs.google.com/presentation/d/1pPY_lvrvM3fl2SwvAnziN9Ib5owxXOwjiZg_DzcKNiI/edit?usp=sharing|Game Development - Google Slides|4|0|13191983615393826|0|0
71|https://docs.google.com/presentation/d/1pPY_lvrvM3fl2SwvAnziN9Ib5owxXOwjiZg_DzcKNiI/edit||2|0|13191983615437602|0|0
72|https://docs.google.com/presentation/d/1pPY_lvrvM3fl2SwvAnziN9Ib5owxXOwjiZg_DzcKNiI/edit#slide=id.g337fd436a2_1_5||2|0|13191983616475233|0|0
73|https://docs.google.com/presentation/d/1pPY_lvrvM3fl2SwvAnziN9Ib5owxXOwjiZg_DzcKNiI/edit#slide=id.p||1|0|13191982802868029|0|0
74|https://docs.google.com/presentation/d/1pPY_lvrvM3fl2SwvAnziN9Ib5owxXOwjiZg_DzcKNiI/edit#slide=id.g4c0ab1ff68_0_7||2|0|13191983618625449|0|0
75|https://docs.google.com/presentation/d/1pPY_lvrvM3fl2SwvAnziN9Ib5owxXOwjiZg_DzcKNiI/edit#slide=id.g337fd436a2_1_0||1|0|13191982804564381|0|0
76|https://docs.google.com/presentation/d/1pPY_lvrvM3fl2SwvAnziN9Ib5owxXOwjiZg_DzcKNiI/edit#slide=id.g4c0ab1ff68_0_16||2|0|13191983171754241|0|0
77|https://docs.google.com/presentation/d/1pPY_lvrvM3fl2SwvAnziN9Ib5owxXOwjiZg_DzcKNiI/edit#slide=id.g4c0ab1ff68_0_25||2|0|13191983174901654|0|0
78|https://docs.google.com/presentation/d/1pPY_lvrvM3fl2SwvAnziN9Ib5owxXOwjiZg_DzcKNiI/edit#slide=id.g4c0ab1ffe2_0_1||2|0|13191983215699773|0|0
79|https://docs.google.com/presentation/d/1pPY_lvrvM3fl2SwvAnziN9Ib5owxXOwjiZg_DzcKNiI/edit#slide=id.g4c0ab1ffe2_0_11||7|0|13191983350315799|0|0
80|https://docs.google.com/presentation/d/1pPY_lvrvM3fl2SwvAnziN9Ib5owxXOwjiZg_DzcKNiI/edit#slide=id.g4c0ab1ffe2_0_19||7|0|13191983529719780|0|0
81|https://docs.google.com/presentation/d/1pPY_lvrvM3fl2SwvAnziN9Ib5owxXOwjiZg_DzcKNiI/edit#slide=id.g4c0ab1ffe2_0_27||1|0|13191983528484096|0|0
82|https://docs.google.com/presentation/d/1QMjMVsmMkqxMA9r-UGDEdqQpfkgFj901fAtXIWr-qAw/edit?usp=sharing|Copy of Game Development - Google Slides|2|0|13191983640940997|0|0
83|https://docs.google.com/presentation/d/1QMjMVsmMkqxMA9r-UGDEdqQpfkgFj901fAtXIWr-qAw/edit||1|0|13191983640989478|0|0
84|https://docs.google.com/presentation/d/1QMjMVsmMkqxMA9r-UGDEdqQpfkgFj901fAtXIWr-qAw/edit#slide=id.g337fd436a2_1_5||2|0|13191999625485557|0|0
85|https://docs.google.com/presentation/d/1QMjMVsmMkqxMA9r-UGDEdqQpfkgFj901fAtXIWr-qAw/edit#slide=id.g4c0ab1ffe2_0_11||5|0|13192000355717891|0|0
86|https://docs.google.com/presentation/d/1QMjMVsmMkqxMA9r-UGDEdqQpfkgFj901fAtXIWr-qAw/edit#slide=id.g4c0ab1ffe2_0_19||6|0|13192000364235355|0|0
87|https://docs.google.com/presentation/d/1QMjMVsmMkqxMA9r-UGDEdqQpfkgFj901fAtXIWr-qAw/edit#slide=id.g4c0ab1ffe2_0_27||4|0|13192000353066355|0|0
88|https://docs.google.com/presentation/d/1QMjMVsmMkqxMA9r-UGDEdqQpfkgFj901fAtXIWr-qAw/edit#slide=id.g4c0ab1ffe2_0_35||2|0|13192000305396828|0|0
89|https://docs.google.com/presentation/d/1QMjMVsmMkqxMA9r-UGDEdqQpfkgFj901fAtXIWr-qAw/edit#slide=id.g4c0ab1ffe2_0_43||6|0|13192000315839052|0|0
90|https://docs.google.com/presentation/d/1QMjMVsmMkqxMA9r-UGDEdqQpfkgFj901fAtXIWr-qAw/edit#slide=id.g4c0ab1ffe2_0_53||12|0|13192000347123144|0|0
91|https://docs.google.com/presentation/d/1QMjMVsmMkqxMA9r-UGDEdqQpfkgFj901fAtXIWr-qAw/edit#slide=id.g4c0ab1ffe2_0_62||9|0|13192000346352580|0|0
92|https://docs.google.com/presentation/d/1QMjMVsmMkqxMA9r-UGDEdqQpfkgFj901fAtXIWr-qAw/edit#slide=id.g4c0ab1ffe2_0_97||4|0|13191991310084828|0|0
93|https://docs.google.com/presentation/d/1QMjMVsmMkqxMA9r-UGDEdqQpfkgFj901fAtXIWr-qAw/edit#slide=id.g4c0ab1ffe2_0_71||7|0|13191997714966332|0|0
94|https://docs.google.com/presentation/d/1QMjMVsmMkqxMA9r-UGDEdqQpfkgFj901fAtXIWr-qAw/edit#slide=id.g4c0ab1ffe2_0_81||8|0|13191991317616719|0|0
95|https://docs.google.com/presentation/d/1QMjMVsmMkqxMA9r-UGDEdqQpfkgFj901fAtXIWr-qAw/edit#slide=id.g4c0ab1ffe2_0_89||4|0|13191997712106577|0|0
96|https://docs.google.com/presentation/d/1QMjMVsmMkqxMA9r-UGDEdqQpfkgFj901fAtXIWr-qAw/edit#slide=id.g4c0ab1ffe2_0_105||5|0|13192000388138619|0|0
97|https://docs.google.com/presentation/d/1QMjMVsmMkqxMA9r-UGDEdqQpfkgFj901fAtXIWr-qAw/edit#slide=id.g4747f2f9ff_1_5||2|0|13191999650889121|0|0
98|https://docs.google.com/presentation/d/1QMjMVsmMkqxMA9r-UGDEdqQpfkgFj901fAtXIWr-qAw/edit#slide=id.g4c17cd19ee_0_5||3|0|13192000367524064|0|0
99|https://docs.google.com/presentation/d/1QMjMVsmMkqxMA9r-UGDEdqQpfkgFj901fAtXIWr-qAw/edit#slide=id.g4c0ab1ff68_0_16||4|0|13192000359104323|0|0
100|https://docs.google.com/presentation/d/1QMjMVsmMkqxMA9r-UGDEdqQpfkgFj901fAtXIWr-qAw/edit#slide=id.g4c0ab1ff68_0_25||4|0|13192000358569933|0|0
101|https://docs.google.com/presentation/d/1QMjMVsmMkqxMA9r-UGDEdqQpfkgFj901fAtXIWr-qAw/edit#slide=id.g4c0ab1ffe2_0_1||5|0|13192000363732129|0|0
102|https://docs.google.com/presentation/d/1QMjMVsmMkqxMA9r-UGDEdqQpfkgFj901fAtXIWr-qAw/edit#slide=id.g337fd436a2_1_0||4|0|13192000360078970|0|0
103|http://corgiorgy.com/|CORGI ORGY|1|1|13191993551648965|0|0
104|https://corgiorgy.com/|CORGI ORGY|1|0|13191993551648965|0|0
105|https://my.corgiorgy.com/|Gif Party Generator!!!|1|0|13191995583934224|0|0
106|https://www.google.com/search?q=turtle+square+set+size&oq=turtle+square+set+size&aqs=chrome..69i57.8681j0j7&sourceid=chrome&ie=UTF-8|turtle square set size - Google Search|2|0|13191996847638432|0|0
107|https://stackoverflow.com/questions/25712856/python-turtle-size-in-pixels|Python: Turtle size in pixels - Stack Overflow|1|0|13191996833172894|0|0
108|https://www.google.com/search?ei=n1Q9XNrWBpr49QPErr7gAg&q=python+turtle+rectangle&oq=python+turtle+rectangle&gs_l=psy-ab.3..0l2j0i22i30.18196.27719..27819...9.0..0.213.4083.0j28j1......0....1..gws-wiz.....0..0i71j0i131j0i67j0i10.jXEloSzxbpg|python turtle rectangle - Google Search|2|0|13191996887565745|0|0
109|https://stackoverflow.com/questions/32640035/making-a-rectangle-in-python-using-turtle|Making a rectangle in Python using turtle - Stack Overflow|1|0|13191996879106023|0|0
110|https://docs.google.com/presentation/d/1QMjMVsmMkqxMA9r-UGDEdqQpfkgFj901fAtXIWr-qAw/edit#slide=id.p||2|0|13192000362152017|0|0
111|https://docs.google.com/presentation/d/1QMjMVsmMkqxMA9r-UGDEdqQpfkgFj901fAtXIWr-qAw/edit#slide=id.g4c0ab1ff68_0_7||2|0|13192000361321571|0|0
112|https://www.google.com/search?q=summer&oq=summer&aqs=chrome..69i57j69i60l2j0l3.1034j0j7&sourceid=chrome&ie=UTF-8|summer - Google Search|1|0|13192066554974490|0|0
113|http://summer2019.compclub.com.au/|Welcome to the CompClub Summer Spy School | CompClub 2019 Summer Workshops|3|3|13192153866247538|0|0
114|https://summer2019.compclub.com.au/day3|Day 3: Microbits! | CompClub 2019 Summer Workshops|4|0|13192082246091873|0|0
115|https://python.microbit.org/v/1|Micro:bit - Python editor|1|0|13192083667962607|0|0
116|https://docs.google.com/presentation/d/14BvJKEm9pyPOfLtZMkCAMwwwF6nVjmo8G5C3P7PULuw/edit#slide=id.g337fd436a2_1_5|Microbits Workshop - Google Slides|3|0|13192067250373161|0|0
117|https://docs.google.com/presentation/d/14BvJKEm9pyPOfLtZMkCAMwwwF6nVjmo8G5C3P7PULuw/edit#slide=id.g4c0710682e_0_36||2|0|13192084368865576|0|0
118|https://python-editor-1-0-0.microbit.org/#||2|0|13192083671296516|1|0
119|https://docs.google.com/presentation/d/14BvJKEm9pyPOfLtZMkCAMwwwF6nVjmo8G5C3P7PULuw/edit#slide=id.g4c0710682e_0_43||3|0|13192084370318767|0|0
120|https://docs.google.com/presentation/d/14BvJKEm9pyPOfLtZMkCAMwwwF6nVjmo8G5C3P7PULuw/edit#slide=id.g4c0710682e_0_58||2|0|13192084371231763|0|0
121|https://docs.google.com/presentation/d/14BvJKEm9pyPOfLtZMkCAMwwwF6nVjmo8G5C3P7PULuw/edit#slide=id.g4c0710682e_0_83||3|0|13192084374370334|0|0
122|https://docs.google.com/presentation/d/14BvJKEm9pyPOfLtZMkCAMwwwF6nVjmo8G5C3P7PULuw/edit#slide=id.g4c0710682e_0_92||2|0|13192084373267380|0|0
123|https://docs.google.com/presentation/d/14BvJKEm9pyPOfLtZMkCAMwwwF6nVjmo8G5C3P7PULuw/edit#slide=id.g4c0710682e_0_102||2|0|13192084374702692|0|0
124|https://docs.google.com/presentation/d/14BvJKEm9pyPOfLtZMkCAMwwwF6nVjmo8G5C3P7PULuw/edit#slide=id.g4c0710682e_0_63||2|0|13192084375605859|0|0
125|https://docs.google.com/presentation/d/14BvJKEm9pyPOfLtZMkCAMwwwF6nVjmo8G5C3P7PULuw/edit#slide=id.g4c0710682e_0_135||1|0|13192068726545007|0|0
126|https://summer2019.compclub.com.au/day3_templates/morse_code_template.html|Morse Code Template | CompClub 2019 Summer Workshops|1|0|13192068730908312|0|0
127|https://www.google.com/search?q=microbit+emulator&oq=microbit+emulator&aqs=chrome..69i57j0l4.3623j0j7&sourceid=chrome&ie=UTF-8|microbit emulator - Google Search|3|0|13192070853549010|0|0
128|https://makecode.microbit.org/device/simulator|Simulator - Microsoft MakeCode|1|0|13192070820643629|0|0
129|https://blog.withcode.uk/2016/05/microbit-python-simulator/|micro:bit Python Simulator|1|0|13192070845191183|0|0
130|https://docs.google.com/presentation/d/14BvJKEm9pyPOfLtZMkCAMwwwF6nVjmo8G5C3P7PULuw/edit#slide=id.g4c0710682e_0_124||3|0|13192073124856578|0|0
131|https://docs.google.com/presentation/d/14BvJKEm9pyPOfLtZMkCAMwwwF6nVjmo8G5C3P7PULuw/edit#slide=id.g4c0710682e_0_150||3|0|13192073124668838|0|0
132|https://docs.google.com/presentation/d/14BvJKEm9pyPOfLtZMkCAMwwwF6nVjmo8G5C3P7PULuw/edit#slide=id.g4c0710682e_0_161||2|0|13192073124515522|0|0
133|https://docs.google.com/presentation/d/14BvJKEm9pyPOfLtZMkCAMwwwF6nVjmo8G5C3P7PULuw/edit#slide=id.g4c0710682e_0_168||2|0|13192073124348529|0|0
134|https://docs.google.com/presentation/d/14BvJKEm9pyPOfLtZMkCAMwwwF6nVjmo8G5C3P7PULuw/edit#slide=id.g4c0710682e_0_175||2|0|13192073124124313|0|0
135|https://docs.google.com/presentation/d/14BvJKEm9pyPOfLtZMkCAMwwwF6nVjmo8G5C3P7PULuw/edit#slide=id.g4c0710682e_0_181||2|0|13192073314179505|0|0
136|https://summer2019.compclub.com.au/day3_templates/reaction_timer_template.html|Reaction Time Template | CompClub 2019 Summer Workshops|1|0|13192073349257620|0|0
137|https://summer2019.compclub.com.au/rules|CompClub Rules and Ethics | CompClub 2019 Summer Workshops|2|0|13192171199647565|0|0
138|https://microbit.org/guide/python/|MicroPython | micro:bit|2|0|13192073904849048|0|0
139|http://microbit-micropython.readthedocs.org/en/latest/tutorials/images.html|Images — BBC micro:bit MicroPython 1.0.1 documentation|1|0|13192073904527217|0|0
140|http://microbit-micropython.readthedocs.io/en/latest/tutorials/images.html|Images — BBC micro:bit MicroPython 1.0.1 documentation|1|0|13192073904527217|0|0
141|https://microbit-micropython.readthedocs.io/en/latest/tutorials/images.html|Images — BBC micro:bit MicroPython 1.0.1 documentation|1|0|13192073904527217|0|0
142|http://microbit-micropython.readthedocs.org/en/latest/tutorials/random.html|Random — BBC micro:bit MicroPython 1.0.1 documentation|1|0|13192073908248302|0|0
143|http://microbit-micropython.readthedocs.io/en/latest/tutorials/random.html|Random — BBC micro:bit MicroPython 1.0.1 documentation|1|0|13192073908248302|0|0
144|https://microbit-micropython.readthedocs.io/en/latest/tutorials/random.html|Random — BBC micro:bit MicroPython 1.0.1 documentation|1|0|13192073908248302|0|0
145|https://docs.google.com/presentation/d/14BvJKEm9pyPOfLtZMkCAMwwwF6nVjmo8G5C3P7PULuw/edit#slide=id.g4c0710682e_0_189||1|0|13192076508174783|0|0
146|https://docs.google.com/presentation/d/14BvJKEm9pyPOfLtZMkCAMwwwF6nVjmo8G5C3P7PULuw/edit#slide=id.g4c0710682e_0_210||1|0|13192082236904191|0|0
147|https://docs.google.com/presentation/d/14BvJKEm9pyPOfLtZMkCAMwwwF6nVjmo8G5C3P7PULuw/edit#slide=id.g4c0710682e_0_217||2|0|13192084378306539|0|0
148|https://summer2019.compclub.com.au/day3_templates/hot_or_cold_template.html|Hot or Cold Template | CompClub 2019 Summer Workshops|1|0|13192082248203202|0|0
149|https://www.google.com/search?q=microbit+radio+attribute+error+receive_radio_full&oq=microbit+radio+attribute+error+receive_radio_full&aqs=chrome..69i57.12264j0j7&sourceid=chrome&ie=UTF-8|microbit radio attribute error receive_radio_full - Google Search|1|0|13192083568897117|0|0
150|https://www.google.com/search?ei=cKc-XL-JLJWl9QPKpZaoBA&q=microbit+radio+attribute+error+receive_full&oq=microbit+radio+attribute+error+receive_full&gs_l=psy-ab.3...2012.3185..3341...0.0..0.220.940.0j5j1......0....1..gws-wiz.......0i71.3q2JWH0yra8|microbit radio attribute error receive_full - Google Search|1|0|13192083573074307|0|0
151|https://github.com/bbcmicrobit/micropython/issues/511|radio.receive_full() not present in radio module · Issue #511 · bbcmicrobit/micropython · GitHub|1|0|13192083576465150|0|0
152|https://github.com/mu-editor/mu/issues/435|Setting microbit_runtime_hex in settings.json has no effect · Issue #435 · mu-editor/mu · GitHub|1|0|13192083592564271|0|0
153|https://summer2019.compclub.com.au/day3_solutions/hot_or_cold_solution|Hot or Cold Solution | CompClub 2019 Summer Workshops|1|1|13192083654986572|0|0
154|https://www.google.com/search?q=microbit+radio+attribute+error+receive_full&oq=microbit+radio+&aqs=chrome.0.69i59l2j0j69i57j0l2.35673j0j7&sourceid=chrome&ie=UTF-8|microbit radio attribute error receive_full - Google Search|1|0|13192083814783683|0|0
155|https://summer2019.compclub.com.au/day4|Some useful links: | CompClub 2019 Summer Workshops|2|0|13192161737236880|0|0
156|http://repl.it/|Repl.it - The world's leading online coding platform|3|3|13192173283732342|0|0
157|https://repl.it/|Repl.it - The world's leading online coding platform|6|0|13192173284068143|0|0
158|https://repl.it/login|Repl.it - Log In|6|0|13192173323446162|0|0
159|https://repl.it/auth/google/get?close=1|Forwarding ...|1|0|13192154038532936|0|0
160|https://accounts.google.com/o/oauth2/v2/auth?access_type=offline&response_type=code&redirect_uri=https%3A%2F%2Frepl.it%2Fauth%2Fgoogle%2Fcallback&scope=email%20profile&state=close%3D1&client_id=551333139604-3e6vevagfdvcipqacu0qtfbpkb6285h9.apps.googleusercontent.com|Forwarding ...|1|0|13192154038532936|0|0
161|https://accounts.google.com/signin/oauth?client_id=551333139604-3e6vevagfdvcipqacu0qtfbpkb6285h9.apps.googleusercontent.com&as=5WtlQDEq8yFw2LZ5qcz17Q&destination=https://repl.it&approval_state=!ChR5RGx2d1k3MGR4UDZvV0NOTHVzWhIfdzBMeEd3ZnBrYlFmOEhuU1JuY2dubXBlakJXUGhSWQ%E2%88%99APNbktkAAAAAXEEMNnV0RW1iKSR903xMoHYrOUKoNxki&oauthgdpr=1&xsrfsig=ChkAeAh8T1gIAUon7sNomnXPRQpW4eTQ7H8-Eg5hcHByb3ZhbF9zdGF0ZRILZGVzdGluYXRpb24SBXNvYWN1Eg9vYXV0aHJpc2t5c2NvcGU|Sign in – Google accounts|3|0|13192154039117303|0|0
162|https://accounts.google.com/signin/oauth/identifier?client_id=551333139604-3e6vevagfdvcipqacu0qtfbpkb6285h9.apps.googleusercontent.com&as=5WtlQDEq8yFw2LZ5qcz17Q&destination=https%3A%2F%2Frepl.it&approval_state=!ChR5RGx2d1k3MGR4UDZvV0NOTHVzWhIfdzBMeEd3ZnBrYlFmOEhuU1JuY2dubXBlakJXUGhSWQ%E2%88%99APNbktkAAAAAXEEMNnV0RW1iKSR903xMoHYrOUKoNxki&oauthgdpr=1&xsrfsig=ChkAeAh8T1gIAUon7sNomnXPRQpW4eTQ7H8-Eg5hcHByb3ZhbF9zdGF0ZRILZGVzdGluYXRpb24SBXNvYWN1Eg9vYXV0aHJpc2t5c2NvcGU&flowName=GeneralOAuthFlow||1|0|13192154039326492|0|0
163|https://accounts.google.com/samlredirect?domain=stcatherines.nsw.edu.au&TL=AHnYQLyV72VSMJSnxXiUXJpeb71mCd4GsUqQD7fyJdKnjbd8C5rBQDI63kboYex8mWdUsejaP-BdkUslHrNwbInnjVtrNha39BDBDaIMHHXIbK_QHoiQJRmiwC6W6BvlVorYS_KLmpyRBSwH3uh-ceycfgX5MfOJJ2CU7iT_KRFmmE9wHZ2c6WU&continue=https%3A%2F%2Faccounts.google.com%2Fsignin%2Foauth%2Fconsent%3Fauthuser%3Dunknown%26part%3DAJi8hANZ2x7VsLoGMYPfETmiVxLFAjplxIsCNMP8W6dq0so0CI8GoIKTi-ShCELZ7LJnMsUgJyJ_YYOOdlhPOxYIHigJX4ecuknd4Xwx-ETAK78LiYG6xiUjdPk2IrCCeDICI3q4m3iBYZGqpX76hLD_OCcrOPOH0b_dTePUU9255MhrpbJy41djQxVw69HAg09gsuE1YCiZ9UXdMjTXdim-9vh3WY2d_BaQEYL8oYGk6ciJfye4kg1tEINsPfr1u5jZ-hFGqFK4jKgWAUtLqt_oyN_4qede7i25UqQ_7LGd68rBoPNLjk24DfugbgSPNtnuacsGh_zusN8m7YaR_oygUI05xleHKOHTJWYxKuQqXAyLnBG617gHW5LpMAc7Zq8yIJRPEBTvj9qm33J93c-pHkGroEJC09ct_pTG61RSgAQAo9VZVfI%26as%3D5WtlQDEq8yFw2LZ5qcz17Q%23|Sign in to your account|1|0|13192154066386664|0|0
164|https://login.microsoftonline.com/2f06a198-16ac-40dd-981e-57be178bbbd5/saml2?SAMLRequest=jVLJbtswEL0X6D8QvEuy3AUtYSlwEwQ1kLZCrPTQ25gcW3S4uBzSav6%2BtJyg6aFBr49v3jKcxcUva9gRA2nvGl6XM87QSa%2B02zX8rr8uPvCL9vWrBYE1B7FMcXC3%2BDMhRZYnHYnpoeEpOOGBNAkHFklEKdbLLzdiXs7EIfjopTecra4arrTdDxur8R4BYK%2BtGbKQVVJtpcJ7aTbDHvZyx9n3p1jzU6wVUcKVowguZmhWfyxmdVG%2F7%2BdvRP1WzN%2F94Kx7dPqk3bnBS7E2ZxKJz33fFd23dT8JHLXC8DWzG77zfmewlN6e7Dsg0scMb8EQcrYkwhBzwEvvKFkMawxHLfHu9qbhQ4wHElU1jmP5R6aCiqKEOGDQDql0NJaoUgmpAkm8ndYspqbh2X5f7gFPOXj7P06L6plJ%2B%2Fixp76rq84bLR%2FY0hg%2FXgaEmMvGkHLXax8sxH%2FnqMt6QrQqthNVJEcHlHqrUXFWtWfXvy8o39Vv&RelayState=https%3A%2F%2Faccounts.google.com%2FCheckCookie%3Fplt%3DAKgnsbvITtkNRPHenTtcpOw51vJ9ELHNfHdCHlcgWdavlv90QBwEHokB5xaGyu3ggST8Xb0Iffxg4lcth7jH-pMvv2f-0SKuJSKsCROkK_Ps_buUR9AT92bABpHUWXazqccFpPt1nVSiQ0cPy5kQv4CPCI1BUz4wRXCvIiip065f2eEByEMBbPtpQ1t1zoiD03dExTUENRjKNs7RAdYEixG1m2nVjn2iksvz6pB_p3M73n_M3aGsKtHPoK1qs3vJ4WM6JCEYc2bZ%26continue%3Dhttps%253A%252F%252Faccounts.google.com%252Fsignin%252Foauth%252Fconsent%253Fauthuser%253Dunknown%2526part%253DAJi8hANZ2x7VsLoGMYPfETmiVxLFAjplxIsCNMP8W6dq0so0CI8GoIKTi-ShCELZ7LJnMsUgJyJ_YYOOdlhPOxYIHigJX4ecuknd4Xwx-ETAK78LiYG6xiUjdPk2IrCCeDICI3q4m3iBYZGqpX76hLD_OCcrOPOH0b_dTePUU9255MhrpbJy41djQxVw69HAg09gsuE1YCiZ9UXdMjTXdim-9vh3WY2d_BaQEYL8oYGk6ciJfye4kg1tEINsPfr1u5jZ-hFGqFK4jKgWAUtLqt_oyN_4qede7i25UqQ_7LGd68rBoPNLjk24DfugbgSPNtnuacsGh_zusN8m7YaR_oygUI05xleHKOHTJWYxKuQqXAyLnBG617gHW5LpMAc7Zq8yIJRPEBTvj9qm33J93c-pHkGroEJC09ct_pTG61RSgAQAo9VZVfI%2526as%253D5WtlQDEq8yFw2LZ5qcz17Q%2523|Sign in to your account|4|0|13192154073977483|0|0
165|https://login.microsoftonline.com/2f06a198-16ac-40dd-981e-57be178bbbd5/login|Sign in to your account|3|0|13192154097241921|0|0
166|https://login.microsoftonline.com/kmsi|Working...|1|0|13192154103611934|0|0
167|https://www.google.com/a/stcatherines.nsw.edu.au/acs|Redirecting...|1|0|13192154103929504|0|0
168|https://www.google.com/accounts/signin/continue?sarp=1&continue=https%3A%2F%2Faccounts.google.com%2Fsignin%2Foauth%2Fconsent%3Fauthuser%3Dunknown%26part%3DAJi8hANZ2x7VsLoGMYPfETmiVxLFAjplxIsCNMP8W6dq0so0CI8GoIKTi-ShCELZ7LJnMsUgJyJ_YYOOdlhPOxYIHigJX4ecuknd4Xwx-ETAK78LiYG6xiUjdPk2IrCCeDICI3q4m3iBYZGqpX76hLD_OCcrOPOH0b_dTePUU9255MhrpbJy41djQxVw69HAg09gsuE1YCiZ9UXdMjTXdim-9vh3WY2d_BaQEYL8oYGk6ciJfye4kg1tEINsPfr1u5jZ-hFGqFK4jKgWAUtLqt_oyN_4qede7i25UqQ_7LGd68rBoPNLjk24DfugbgSPNtnuacsGh_zusN8m7YaR_oygUI05xleHKOHTJWYxKuQqXAyLnBG617gHW5LpMAc7Zq8yIJRPEBTvj9qm33J93c-pHkGroEJC09ct_pTG61RSgAQAo9VZVfI%26as%3D5WtlQDEq8yFw2LZ5qcz17Q%23&plt=AKgnsbv0BHFtw55YSb3kijtAvGNT9Rn-rt7oufVVNtjAtXFWtQ2bmkCSvA4sEKO2TKTYfMxipNGWTpZNQ6LwUjJPPbkWzi7qbAFG2mqd952RBgSTpRnAHYkpI8X9DeqauqaHhkoueSrA0cLa-zb-oc5CKrEyzuA2g_mpsPlTQP1u8HbYA5_X_XBfQWmYgmlF4JvtZQpYhCJ-aSYZ_4OFl8jTeAd_zwOTwQ4Jfjp1g7dHz5NmsKZdFQkLGgtJsIVO84n_U5DUdq05&PersistentCookie=1&scc=0|Redirecting|1|0|13192154105054759|0|0
169|https://accounts.google.com/signin/continue?sarp=1&continue=https%3A%2F%2Faccounts.google.com%2Fsignin%2Foauth%2Fconsent%3Fauthuser%3Dunknown%26part%3DAJi8hANZ2x7VsLoGMYPfETmiVxLFAjplxIsCNMP8W6dq0so0CI8GoIKTi-ShCELZ7LJnMsUgJyJ_YYOOdlhPOxYIHigJX4ecuknd4Xwx-ETAK78LiYG6xiUjdPk2IrCCeDICI3q4m3iBYZGqpX76hLD_OCcrOPOH0b_dTePUU9255MhrpbJy41djQxVw69HAg09gsuE1YCiZ9UXdMjTXdim-9vh3WY2d_BaQEYL8oYGk6ciJfye4kg1tEINsPfr1u5jZ-hFGqFK4jKgWAUtLqt_oyN_4qede7i25UqQ_7LGd68rBoPNLjk24DfugbgSPNtnuacsGh_zusN8m7YaR_oygUI05xleHKOHTJWYxKuQqXAyLnBG617gHW5LpMAc7Zq8yIJRPEBTvj9qm33J93c-pHkGroEJC09ct_pTG61RSgAQAo9VZVfI%26as%3D5WtlQDEq8yFw2LZ5qcz17Q%23&plt=AKgnsbv0BHFtw55YSb3kijtAvGNT9Rn-rt7oufVVNtjAtXFWtQ2bmkCSvA4sEKO2TKTYfMxipNGWTpZNQ6LwUjJPPbkWzi7qbAFG2mqd952RBgSTpRnAHYkpI8X9DeqauqaHhkoueSrA0cLa-zb-oc5CKrEyzuA2g_mpsPlTQP1u8HbYA5_X_XBfQWmYgmlF4JvtZQpYhCJ-aSYZ_4OFl8jTeAd_zwOTwQ4Jfjp1g7dHz5NmsKZdFQkLGgtJsIVO84n_U5DUdq05&PersistentCookie=1&scc=0|Redirecting|1|0|13192154105054759|0|0
170|https://accounts.google.com/CheckCookie?sarp=1&scc=0&chtml=LoginDoneHtml&continue=https%3A%2F%2Faccounts.google.com%2Fsignin%2Foauth%2Fconsent%3Fauthuser%3Dunknown%26part%3DAJi8hANZ2x7VsLoGMYPfETmiVxLFAjplxIsCNMP8W6dq0so0CI8GoIKTi-ShCELZ7LJnMsUgJyJ_YYOOdlhPOxYIHigJX4ecuknd4Xwx-ETAK78LiYG6xiUjdPk2IrCCeDICI3q4m3iBYZGqpX76hLD_OCcrOPOH0b_dTePUU9255MhrpbJy41djQxVw69HAg09gsuE1YCiZ9UXdMjTXdim-9vh3WY2d_BaQEYL8oYGk6ciJfye4kg1tEINsPfr1u5jZ-hFGqFK4jKgWAUtLqt_oyN_4qede7i25UqQ_7LGd68rBoPNLjk24DfugbgSPNtnuacsGh_zusN8m7YaR_oygUI05xleHKOHTJWYxKuQqXAyLnBG617gHW5LpMAc7Zq8yIJRPEBTvj9qm33J93c-pHkGroEJC09ct_pTG61RSgAQAo9VZVfI%26as%3D5WtlQDEq8yFw2LZ5qcz17Q%26rapt%3DAEjHL4Pa0OA61ieI13itriR8tVoM2ZgT2l4DPMwJcXtaWNw2DE_E-BS_cOaQxbx8Qyz2i9w9FkusF4RT_U1zMWWEbaMMjLAMIw%23&gidl=EgIIAA|Redirecting|1|0|13192154105054759|0|0
171|https://accounts.google.com.au/accounts/SetSID?ssdc=1&sidt=ALWU2csbmInLzcb%2B%2BYHufgWdcvink5NTXILktfQWXSxiFUiORIGtlspEgqJ8GXMMawxpsWqzTlBM3NOoCSlXTUoccrzc5aLe4AP0BX4yVue9QPdzI9O6%2BvheugqFQj6B%2B3SyFwc4M1K6zRvZwkF7ctE3aqY8lkLtitDCu8sCraxfrmnUCooLpWrs31lOAgaF1cfb8InsN3zOvb72D1DuZ9VkgP55JRHgJoPGoGCiOLat9WjtSmEpP%2FjYbZ1SdLHVMddDyS3AgoFqz7r3%2Fv7mC3K50bR2cpHAKw%3D%3D&continue=https%3A%2F%2Faccounts.google.com%2Fsignin%2Foauth%2Fconsent%3Fauthuser%3D0%26part%3DAJi8hANZ2x7VsLoGMYPfETmiVxLFAjplxIsCNMP8W6dq0so0CI8GoIKTi-ShCELZ7LJnMsUgJyJ_YYOOdlhPOxYIHigJX4ecuknd4Xwx-ETAK78LiYG6xiUjdPk2IrCCeDICI3q4m3iBYZGqpX76hLD_OCcrOPOH0b_dTePUU9255MhrpbJy41djQxVw69HAg09gsuE1YCiZ9UXdMjTXdim-9vh3WY2d_BaQEYL8oYGk6ciJfye4kg1tEINsPfr1u5jZ-hFGqFK4jKgWAUtLqt_oyN_4qede7i25UqQ_7LGd68rBoPNLjk24DfugbgSPNtnuacsGh_zusN8m7YaR_oygUI05xleHKOHTJWYxKuQqXAyLnBG617gHW5LpMAc7Zq8yIJRPEBTvj9qm33J93c-pHkGroEJC09ct_pTG61RSgAQAo9VZVfI%26as%3D5WtlQDEq8yFw2LZ5qcz17Q%26rapt%3DAEjHL4Pa0OA61ieI13itriR8tVoM2ZgT2l4DPMwJcXtaWNw2DE_E-BS_cOaQxbx8Qyz2i9w9FkusF4RT_U1zMWWEbaMMjLAMIw%23|Redirecting|1|0|13192154105054759|0|0
172|https://accounts.google.com.au/accounts/SetSID||1|0|13192154105089961|0|0
173|https://accounts.google.com/signin/oauth/consent?authuser=0&part=AJi8hANZ2x7VsLoGMYPfETmiVxLFAjplxIsCNMP8W6dq0so0CI8GoIKTi-ShCELZ7LJnMsUgJyJ_YYOOdlhPOxYIHigJX4ecuknd4Xwx-ETAK78LiYG6xiUjdPk2IrCCeDICI3q4m3iBYZGqpX76hLD_OCcrOPOH0b_dTePUU9255MhrpbJy41djQxVw69HAg09gsuE1YCiZ9UXdMjTXdim-9vh3WY2d_BaQEYL8oYGk6ciJfye4kg1tEINsPfr1u5jZ-hFGqFK4jKgWAUtLqt_oyN_4qede7i25UqQ_7LGd68rBoPNLjk24DfugbgSPNtnuacsGh_zusN8m7YaR_oygUI05xleHKOHTJWYxKuQqXAyLnBG617gHW5LpMAc7Zq8yIJRPEBTvj9qm33J93c-pHkGroEJC09ct_pTG61RSgAQAo9VZVfI&as=5WtlQDEq8yFw2LZ5qcz17Q&rapt=AEjHL4Pa0OA61ieI13itriR8tVoM2ZgT2l4DPMwJcXtaWNw2DE_E-BS_cOaQxbx8Qyz2i9w9FkusF4RT_U1zMWWEbaMMjLAMIw#||1|0|13192154107140686|0|0
174|https://repl.it/auth/google/callback?state=close%3D1&code=4%2F1QDOZ5Jj_zo-AirlrbpF7pgU8yzwXcrIl2h8xwMl2HjIRC9TbxMrMXtRkVUx5AqYTI0vA9DZS7ndX9x6qssUSXs&scope=email+profile+https%3A%2F%2Fwww.googleapis.com%2Fauth%2Fuserinfo.email+https%3A%2F%2Fwww.googleapis.com%2Fauth%2Fuserinfo.profile#||1|0|13192154107140686|0|0
175|https://repl.it/auth/close#||1|0|13192154107140686|0|0
176|https://repl.it/repls|Repl.it - Repls|7|0|13192169635352937|0|0
177|https://repl.it/languages|Repl.it - Select a Language|1|0|13192154163416734|0|0
178|https://repl.it/@AmyClark1/MediumorchidMixedToolbox?folderId=|Repl.it - MediumorchidMixedToolbox|2|0|13192158179909154|0|0
179|https://mediumorchidmixedtoolbox.amyclark1.repl.co/results||7|0|13192158908453180|1|0
180|https://mediumorchidmixedtoolbox.amyclark1.repl.co/||3|0|13192158898818731|1|0
181|https://repl.it/@AmyClark1/MediumorchidMixedToolbox|Repl.it - MediumorchidMixedToolbox|3|0|13192171926834796|0|0
182|https://repl.it/@AmyClark1/ThankfulCrispLegacysystem?folderId=|Repl.it - ThankfulCrispLegacysystem|3|0|13192173068571286|0|0
183|https://www.google.com/search?q=external+css&oq=external+css&aqs=chrome..69i57j0l5.3776j0j7&sourceid=chrome&ie=UTF-8|external css - Google Search|1|0|13192161625576277|0|0
184|https://www.w3schools.com/css/css_howto.asp|CSS How to|1|0|13192161628531801|0|0
185|https://www.google.com/search?q=buckingham+palace&oq=bucki&aqs=chrome.1.69i57j0l5.4727j0j7&sourceid=chrome&ie=UTF-8|buckingham palace - Google Search|1|0|13192162086998870|0|0
186|https://www.google.com/search?q=requets.get+retunr&oq=requets.get+retunr&aqs=chrome..69i57.3496j0j7&sourceid=chrome&ie=UTF-8|requets.get retunr - Google Search|1|0|13192163533439679|0|0
187|http://docs.python-requests.org/en/master/api/|Developer Interface — Requests 2.21.0 documentation|1|0|13192163536945845|0|0
188|https://www.google.com/search?q=import+json&oq=import+json&aqs=chrome..69i57j0l5.2609j0j7&sourceid=chrome&ie=UTF-8|import json - Google Search|1|0|13192163631907939|0|0
189|https://docs.python.org/2/library/json.html|18.2. json — JSON encoder and decoder — Python 2.7.15 documentation|1|0|13192163634165747|0|0
190|https://thankfulcrisplegacysystem.amyclark1.repl.co/results||12|0|13192166898506500|1|0
191|https://thankfulcrisplegacysystem.amyclark1.repl.co/||6|0|13192166898506500|1|0
192|https://www.google.com/search?q=what+my+ip&oq=what+my+ip&aqs=chrome..69i57j0l5.4280j0j7&sourceid=chrome&ie=UTF-8|what my ip - Google Search|1|0|13192171923900269|0|0
193|https://www.google.com/search?q=slitherio&oq=slith&aqs=chrome.0.0j69i57j0l4.2096j0j7&sourceid=chrome&ie=UTF-8|slitherio - Google Search|1|0|13192168510830015|0|0
194|http://slither.io/|slither.io|1|0|13192171923906869|0|0
195|https://www.google.com/search?q=css&oq=css&aqs=chrome..69i57j0l5.848j0j7&sourceid=chrome&ie=UTF-8|css - Google Search|1|0|13192171923883613|0|0
196|https://www.google.com/search?q=css&oq=css&aqs=chrome.0.69i59j0l5.1287j0j7&sourceid=chrome&ie=UTF-8|css - Google Search|1|0|13192168885697898|0|0
197|https://www.w3schools.com/css/|CSS Tutorial|1|0|13192168888453262|0|0
198|https://www.w3schools.com/css/tryit.asp?filename=trycss_default|Tryit Editor v3.6|1|0|13192168944708973|0|0
199|https://www.google.com/search?q=how+to+pronounce+gif&oq=how+to+pronounce+gif&aqs=chrome..69i57j0l5.9423j0j7&sourceid=chrome&ie=UTF-8|how to pronounce gif - Google Search|1|0|13192169226597447|0|0
200|https://www.google.com/search?ei=CfY_XL_YNKSZlwS5vqTYBw&q=google+translate&oq=google+translate&gs_l=psy-ab.3..0i67j0l3j0i131j0j0i131j0l3.16285.21450..21918...0.0..3.245.3447.1j22j1......0....1..gws-wiz.....0..0i71j0i131i67.CvLj-S7O024|google translate - Google Search|1|0|13192171923911019|0|0
201|https://www.google.com/search?q=heart+gif&oq=heart+gif&aqs=chrome..69i57j0l5.2071j0j7&sourceid=chrome&ie=UTF-8|heart gif - Google Search|1|0|13192169351984925|0|0
202|https://www.google.com/search?q=heart+gif&source=lnms&tbm=isch&sa=X&ved=0ahUKEwim0on87_PfAhXbV30KHY7CBFQQ_AUIDigB&biw=1920&bih=942|heart gif - Google Search|2|0|13192169359651376|0|0
203|https://www.google.com/search?q=heart+gif&source=lnms&tbm=isch&sa=X&ved=0ahUKEwim0on87_PfAhXbV30KHY7CBFQQ_AUIDigB&biw=1920&bih=942#imgrc=DgF6OUITfddK_M:||2|0|13192169375327044|0|0
204|https://www.google.com/search?q=heart+gif&source=lnms&tbm=isch&sa=X&ved=0ahUKEwim0on87_PfAhXbV30KHY7CBFQQ_AUIDigB&biw=1920&bih=942#imgdii=sGtwl1TR3jlLFM:&imgrc=DgF6OUITfddK_M:||1|0|13192169369064138|0|0
205|https://www.google.com/url?sa=i&source=images&cd=&cad=rja&uact=8&ved=2ahUKEwjW2aaH8PPfAhUTWX0KHc-pB2MQjRx6BAgBEAU&url=https%3A%2F%2Fgiphy.com%2Fgifs%2Flove-animation-heart-3oriNO0p3Sn0itamg8&psig=AOvVaw2rwwJjs1PlA9TmJpsIleG0&ust=1547782156088172|My Love Hearts GIF by Motiongarten - Find & Share on GIPHY|1|0|13192169381982208|0|0
206|https://giphy.com/gifs/love-animation-heart-3oriNO0p3Sn0itamg8|My Love Hearts GIF by Motiongarten - Find & Share on GIPHY|2|0|13192169382435548|0|0
207|https://www.google.com/search?q=w3+schools+image&oq=w3+schools+image&aqs=chrome..69i57j0l5.6855j0j4&sourceid=chrome&ie=UTF-8|w3 schools image - Google Search|1|0|13192169414811919|0|0
208|https://www.w3schools.com/html/html_images.asp|HTML Images|1|0|13192169417321537|0|0
209|https://repl.it/@AmyClark1/ThankfulCrispLegacysystem|Repl.it - ThankfulCrispLegacysystem|1|0|13192169641378316|0|0
210|http://ipstack.com/|ipstack - Free IP Geolocation API|1|1|13192169735306888|0|0
211|https://ipstack.com/|ipstack - Free IP Geolocation API|1|0|13192169735306888|0|0
212|https://www.google.com/search?q=malta+royal+family&oq=malta+ro&aqs=chrome.2.69i57j0l5.11049j0j7&sourceid=chrome&ie=UTF-8|malta royal family - Google Search|1|0|13192170485701584|0|0
213|https://www.google.com/search?q=malta+royal+family&source=lnms&tbm=isch&sa=X&ved=0ahUKEwjJjdaY9PPfAhXBXSsKHZU0CwgQ_AUIDigB&biw=1920&bih=942|malta royal family - Google Search|1|0|13192170490893235|0|0
214|https://www.google.com/search?q=malta+royal+family&source=lnms&sa=X&ved=0ahUKEwiIqJGb9PPfAhWEWysKHZBXC6gQ_AUICSgA&biw=1920&bih=942&dpr=1|malta royal family - Google Search|1|0|13192170502177930|0|0
215|https://www.google.com/search?ei=9fo_XIm_IsG7rQGV6axA&q=papua+new+guinea+royal+family&oq=papa+new+gui%3Dene+royal+family&gs_l=psy-ab.1.0.0i13.10801.18955..20926...0.0..0.205.2577.0j16j1......0....1..gws-wiz.......0i71j0i67j0i131i67j0i7i30j0i8i13i30.j-AXvKXQLr0|papua new guinea royal family - Google Search|1|0|13192171923882980|0|0
216|https://www.google.com/search?q=st+catherines+waverley&oq=st+cather&aqs=chrome.4.69i57j0l5.5169j0j7&sourceid=chrome&ie=UTF-8|st catherines waverley - Google Search|1|0|13192171774988940|0|0
217|https://www.google.com/search?q=st+catherines+waverley&source=lnms&tbm=isch&sa=X&ved=0ahUKEwjrjrr_-PPfAhUTU30KHYPIA0sQ_AUIECgD&biw=1920&bih=942|st catherines waverley - Google Search|2|0|13192171789248678|0|0
218|https://www.google.com/search?q=st+catherines+waverley&source=lnms&tbm=isch&sa=X&ved=0ahUKEwjrjrr_-PPfAhUTU30KHYPIA0sQ_AUIECgD&biw=1920&bih=942#imgrc=0Zu6Xr8Yhp1TQM:||1|0|13192171789255794|0|0
219|https://www.google.com/search?q=st+catherines+waverley&source=lnms&tbm=isch&sa=X&ved=0ahUKEwjrjrr_-PPfAhUTU30KHYPIA0sQ_AUIECgD&biw=1920&bih=942#imgrc=_||1|0|13192171792731637|0|0
220|https://www.google.com/search?q=killarney+heights+high+school&oq=killarney+heights+high&aqs=chrome.0.0j69i57j0l4.6671j0j7&sourceid=chrome&ie=UTF-8|killarney heights high school - Google Search|2|0|13192171846201801|0|0
221|https://www.google.com/search?q=killarney+heights+high+school&source=lnms&tbm=isch&sa=X&ved=0ahUKEwjB9dyW-fPfAhWBWX0KHU3xBeQQ_AUIDygC&biw=1920&bih=942|killarney heights high school - Google Search|1|0|13192171828021006|0|0
222|https://killarney-h.schools.nsw.gov.au/|Home - Killarney Heights High School|1|0|13192171923884106|0|0
223|https://www.google.com/search?q=hacker+simulator&oq=hacker+simulator&aqs=chrome..69i57j0l5.4456j0j7&sourceid=chrome&ie=UTF-8|hacker simulator - Google Search|1|0|13192171975186600|0|0
224|https://geekprank.com/hacker/|GeekPrank Hacker Screen - The Best Hacker Simulator|2|0|13192172954248416|0|0
225|https://www.google.com/search?q=hackertyper&oq=hackerty&aqs=chrome.0.0j69i57j0l4.1736j0j4&sourceid=chrome&ie=UTF-8|hackertyper - Google Search|2|0|13192172506534628|0|0
226|http://hackertyper.com/|Hacker Typer|1|0|13192172474064036|0|0
227|https://accounts.google.com/Logout?hl=en&continue=https://www.google.com/_/chrome/newtab%3Fei%3D7AVAXNrPLZv1hwPRj7bwDw%26espv%3D2&timeStmp=1547699693&secTok=.AG5fkS-6Hf4la_MC7y9sCwPhM10dJDgS7A|Sign out|1|0|13192173311470579|0|0
228|https://www.google.com/a/stcatherines.nsw.edu.au/Logout?splc=1|Sign out|1|0|13192173311470579|0|0
229|https://login.microsoftonline.com/common/wsfederation?wa=wsignout1.0|Sign out|1|0|13192173311470579|0|0
