2019-01-16 03:43:09|https://www.mozilla.org/privacy/firefox/
2019-01-16 03:43:09|https://www.mozilla.org/en-US/privacy/firefox/
2019-01-16 03:43:13|https://python.microbit.org/v/1
2019-01-16 03:43:18|https://python-editor-1-0-0.microbit.org/#
2019-01-16 03:43:35|https://python-editor-1-0-0.microbit.org/#
2019-01-16 03:43:47|https://python-editor-1-0-0.microbit.org/#
2019-01-16 03:45:16|https://python-editor-1-0-0.microbit.org/#
2019-01-16 03:47:12|https://python.microbit.org/
2019-01-16 03:47:12|https://python.microbit.org/v/1.1
2019-01-16 03:47:20|https://python-editor-1-1-2.microbit.org/#
2019-01-16 03:50:13|https://python-editor-1-1-2.microbit.org/#
2019-01-16 03:52:05|https://python-editor-1-1-2.microbit.org/#
2019-01-16 03:57:47|https://python-editor-1-1-2.microbit.org/#
2019-01-16 03:59:01|https://python-editor-1-1-2.microbit.org/#
2019-01-16 04:00:03|https://python-editor-1-1-2.microbit.org/#
2019-01-18 01:01:50|http://ctf.compclub.com.au/
2019-01-18 01:01:50|https://ctf.compclub.com.au/
2019-01-18 01:01:50|https://ctf.compclub.com.au/invite?next=%2F
2019-01-18 01:01:50|https://ctf.compclub.com.au/invite/
2019-01-18 01:13:18|https://ctf.compclub.com.au/
2019-01-18 01:15:09|https://www.google.com/search?client=firefox-b-d&q=base64+to+text
2019-01-18 01:15:12|https://www.base64decode.org/
2019-01-18 01:15:57|https://www.google.com/search?client=firefox-b-d&q=rot
2019-01-18 01:16:01|https://www.google.com/search?client=firefox-b-d&ei=zShBXPvDMtvGrQHg6LH4CA&q=rot+cipher&oq=rot+cipher&gs_l=psy-ab.3..0i67j0l7.1832.2536..2603...0.0..0.135.619.0j5......0....1..gws-wiz.......0i71j0i10.H3Xxru_bQw8
2019-01-18 01:16:13|https://www.dcode.fr/rot-13-cipher
2019-01-18 01:16:31|https://www.dcode.fr/caesar-cipher
2019-01-18 01:16:36|https://www.google.com/search?client=firefox-b-d&ei=0ShBXNKuDoOv9QPXgIzwBQ&q=rot13+cipher&oq=rot13+cipher&gs_l=psy-ab.3..0i7i30j0i67j0i7i30l8.1966.2325..2415...0.0..0.134.134.0j1......0....1..gws-wiz.......0i71.lMI4FTr3qsY
2019-01-18 01:16:42|https://cryptii.com/pipes/rot13
2019-01-18 01:17:33|https://www.rot13.com/
2019-01-18 01:18:38|https://www.google.com/search?client=firefox-b-d&q=substituion+cipher
2019-01-18 01:18:43|https://www.google.com/search?client=firefox-b-d&ei=bSlBXNSJOZj_rQHMlZ_YDg&q=substitution+cipher+decoder&oq=substituion+cipher+&gs_l=psy-ab.3.0.0i10l10.2519.2519..4151...0.0..0.172.172.0j1......0....1..gws-wiz.......0i71.f3uMvpHSrT4
2019-01-18 01:18:46|https://www.dcode.fr/monoalphabetic-substitution
2019-01-18 01:19:16|https://www.google.com/search?client=firefox-b-d&q=hash+decrypter
2019-01-18 01:19:22|https://www.google.com/search?client=firefox-b-d&ei=lClBXNybBMuy9QOc24mACA&q=hash+decrypter+md5&oq=hash+decrypter+md5&gs_l=psy-ab.3..0j0i22i30l9.4218.5006..5079...0.0..0.214.482.0j2j1......0....1..gws-wiz.......0i71j0i10.oGdeQbdeoOg
2019-01-18 01:19:27|https://www.md5online.org/
2019-01-18 01:19:36|https://www.md5online.org/?rand=66691902
2019-01-18 01:19:51|https://md5hashing.net/hash/md5
2019-01-18 01:20:42|https://www.google.com/search?client=firefox-b-d&q=hash+md5+decorder
2019-01-18 01:20:54|https://www.google.com/url?sa=t&rct=j&q=&esrc=s&source=web&cd=5&cad=rja&uact=8&ved=2ahUKEwiMx9KOlfbfAhVVT30KHcJkAoMQFjAEegQIBhAB&url=https%3A%2F%2Fmd5decrypt.net%2Fen%2F&usg=AOvVaw0x9EQuaIKVRse3DVqcCs2z
2019-01-18 01:20:55|https://www.google.com/url?sa=t&rct=j&q=&esrc=s&source=web&cd=3&cad=rja&uact=8&ved=2ahUKEwiMx9KOlfbfAhVVT30KHcJkAoMQFjACegQICRAB&url=https%3A%2F%2Fhashkiller.co.uk%2Fmd5-decrypter.aspx&usg=AOvVaw1XKQLdwC8zYZJyKyZOnn2A
2019-01-18 01:20:56|https://md5decrypt.net/en/
2019-01-18 01:20:57|https://hashkiller.co.uk/md5-decrypter.aspx
2019-01-18 01:21:02|https://www.google.com/url?sa=t&rct=j&q=&esrc=s&source=web&cd=7&cad=rja&uact=8&ved=2ahUKEwiMx9KOlfbfAhVVT30KHcJkAoMQFjAGegQIAhAB&url=https%3A%2F%2Fstackoverflow.com%2Fquestions%2F1240852%2Fis-it-possible-to-decrypt-md5-hashes&usg=AOvVaw2II-ak3Oc3UH9Lm9FQRj-5
2019-01-18 01:21:02|https://stackoverflow.com/questions/1240852/is-it-possible-to-decrypt-md5-hashes
2019-01-18 01:23:35|https://www.google.com/search?client=firefox-b-d&q=lot+decrypter
2019-01-18 01:23:45|https://www.google.com/search?client=firefox-b-d&ei=lipBXI-2Osym9QOpoo-gDw&q=indivisble+decrypt&oq=indivisble+decrypt&gs_l=psy-ab.3..33i160l3.6130.9247..9344...0.0..0.174.2279.0j17......0....1..gws-wiz.......0i71j0i131j0j0i131i67j0i67j0i10j0i13j0i13i30j0i8i13i30.a2GKNMzj-zM
2019-01-18 01:23:59|https://www.google.com/search?client=firefox-b-d&q=126.90447%2C294_47.867%2C14.0067%2C88.90585_18.9984032%2C15.9994_32.065%2C238.02891%2C186.207
2019-01-18 01:24:57|https://ctf.compclub.com.au/
2019-01-18 01:26:18|http://summer2019.compclub.com.au/day3
2019-01-18 01:26:18|https://summer2019.compclub.com.au/day3
2019-01-18 01:26:21|https://summer2019.compclub.com.au/day2
2019-01-18 01:27:33|https://www.google.com/search?client=firefox-b-d&q=repl
2019-01-18 01:27:36|https://repl.it/
2019-01-18 01:27:40|https://repl.it/login
2019-01-18 01:27:42|https://repl.it/auth/google/get?close=1
2019-01-18 01:27:42|https://accounts.google.com/o/oauth2/v2/auth?access_type=offline&response_type=code&redirect_uri=https%3A%2F%2Frepl.it%2Fauth%2Fgoogle%2Fcallback&scope=email%20profile&state=close%3D1&client_id=551333139604-3e6vevagfdvcipqacu0qtfbpkb6285h9.apps.googleusercontent.com
2019-01-18 01:27:42|https://accounts.google.com/signin/oauth?client_id=551333139604-3e6vevagfdvcipqacu0qtfbpkb6285h9.apps.googleusercontent.com&as=b8n6xuFCyWUssU1u__uC3w&destination=https://repl.it&approval_state=!ChRRWFZEWDhZb1JxUzY4c21FMUdjSBIfVTdzcW16N192MXdTOEhuU1JuY2dubXEtVHlMcGhSWQ%E2%88%99APNbktkAAAAAXEJ9DtTj_8FicgKfruyXstMXW3sp7uJP&oauthgdpr=1&xsrfsig=ChkAeAh8T3Y2pzodJEGcNbjRrp16kkcJy_ZdEg5hcHByb3ZhbF9zdGF0ZRILZGVzdGluYXRpb24SBXNvYWN1Eg9vYXV0aHJpc2t5c2NvcGU
2019-01-18 01:27:43|https://accounts.google.com/signin/oauth/identifier?client_id=551333139604-3e6vevagfdvcipqacu0qtfbpkb6285h9.apps.googleusercontent.com&as=b8n6xuFCyWUssU1u__uC3w&destination=https%3A%2F%2Frepl.it&approval_state=!ChRRWFZEWDhZb1JxUzY4c21FMUdjSBIfVTdzcW16N192MXdTOEhuU1JuY2dubXEtVHlMcGhSWQ%E2%88%99APNbktkAAAAAXEJ9DtTj_8FicgKfruyXstMXW3sp7uJP&oauthgdpr=1&xsrfsig=ChkAeAh8T3Y2pzodJEGcNbjRrp16kkcJy_ZdEg5hcHByb3ZhbF9zdGF0ZRILZGVzdGluYXRpb24SBXNvYWN1Eg9vYXV0aHJpc2t5c2NvcGU&flowName=GeneralOAuthFlow
2019-01-18 01:27:49|https://accounts.google.com/signin/v2/challenge/pwd?client_id=551333139604-3e6vevagfdvcipqacu0qtfbpkb6285h9.apps.googleusercontent.com&as=b8n6xuFCyWUssU1u__uC3w&destination=https%3A%2F%2Frepl.it&approval_state=!ChRRWFZEWDhZb1JxUzY4c21FMUdjSBIfVTdzcW16N192MXdTOEhuU1JuY2dubXEtVHlMcGhSWQ%E2%88%99APNbktkAAAAAXEJ9DtTj_8FicgKfruyXstMXW3sp7uJP&oauthgdpr=1&xsrfsig=ChkAeAh8T3Y2pzodJEGcNbjRrp16kkcJy_ZdEg5hcHByb3ZhbF9zdGF0ZRILZGVzdGluYXRpb24SBXNvYWN1Eg9vYXV0aHJpc2t5c2NvcGU&flowName=GeneralOAuthFlow&TL=AHnYQLyMpAVBSq8PvU466Z9-29H2sq2x-YZyEVk5uMMeq8Td_mRtgrW3zd2A4fxrHSdStcIeaZjg-kRlH1xSf_IQVBfm_I15N3Obz8bdxWvXcIAJdPNDhAVftlXxMhuy-YiBUp_Yak1wZNp-J6LicWp-GvjpyuhwwvFNoLbY4Mrx1krn2SCVZ2E&cid=1&navigationDirection=forward
2019-01-18 01:27:55|https://accounts.google.com/CheckCookie?hl=en-GB&checkedDomains=youtube&checkConnection=youtube%3A218%3A1&chtml=LoginDoneHtml&service=lso&continue=https%3A%2F%2Faccounts.google.com%2Fsignin%2Foauth%2Fconsent%3Fauthuser%3Dunknown%26part%3DAJi8hANX92AjiX0DTe8QYSlfSR10_l8s0CiGs2GZWR62ufS_C7N-XtrmebGKINnkNm3xrvm9vNwsj6qv4uSxpMUudQF9SSn-D-svBpg6EsCH0PCtoWxif3NeeMf_nxhQ1jxYSLuZ91aZAzVfk8C54cgoRmqrfC49uj3_3Y2cxK7B4ef1NJxOoiHjm1jGQmMbg-2IvGef58gLPbligJfZ52D0hNmorw34vvb8_fPPXV5IEf2NeSFhvPw3O5xydB_djyCNG01bgGR56pilDDCzOEhr7GH42Zro1Uj3d8JKQAONlOF4TAyqVRFfuMNl13LbprJ1pcNnB86dNZFqftt6310m8SJuPBh1_6dqmZYcec2E6ApLxMADJyDWHMusnQOBLeI_iqRX67aMYvbukYtoupMc2l8RoH5dgZJcNWbptUtyqfjmHpNE2_8%26as%3Db8n6xuFCyWUssU1u__uC3w%26rapt%3DAEjHL4NgkaLLBHHnYRnlhdflZ3_KFKnvLWYlxr_n4OfXzEMJ53Fb3KpmYAPn9PCr114n-nfSN6CrLsAftgZ3haAEVC4fHC9Fqw%23&gidl=EgIIAA
2019-01-18 01:27:55|https://accounts.youtube.com/accounts/SetSID?ssdc=1&sidt=ALWU2cucEHJ2k0dY0l0Ice2oANlTWVCPaPC8LVtcOMEaJyClQaF6YmsUXDIYZhM8788F6whu4hfASY%2B%2BgoeO8yTfy3XsJT9FgYswHwEiKPQrOi0%2BMwXr1kfEyWhtfZQeQimgEbKsc6T1%2BB5u3jajEc9sm4oQWcayB1AT8WYKXDWit%2BsCB0jCO9c1l%2BxHK0DFMN%2Fiu8zdx%2FNvBP3JpT9BU7J8m0Z0lMo5rHej1WlUZpqYZdQma%2FysAMNvy8o7sqa1Ky%2FpUfaXAzJh&continue=https%3A%2F%2Faccounts.google.com%2Fsignin%2Foauth%2Fconsent%3Fauthuser%3D0%26part%3DAJi8hANX92AjiX0DTe8QYSlfSR10_l8s0CiGs2GZWR62ufS_C7N-XtrmebGKINnkNm3xrvm9vNwsj6qv4uSxpMUudQF9SSn-D-svBpg6EsCH0PCtoWxif3NeeMf_nxhQ1jxYSLuZ91aZAzVfk8C54cgoRmqrfC49uj3_3Y2cxK7B4ef1NJxOoiHjm1jGQmMbg-2IvGef58gLPbligJfZ52D0hNmorw34vvb8_fPPXV5IEf2NeSFhvPw3O5xydB_djyCNG01bgGR56pilDDCzOEhr7GH42Zro1Uj3d8JKQAONlOF4TAyqVRFfuMNl13LbprJ1pcNnB86dNZFqftt6310m8SJuPBh1_6dqmZYcec2E6ApLxMADJyDWHMusnQOBLeI_iqRX67aMYvbukYtoupMc2l8RoH5dgZJcNWbptUtyqfjmHpNE2_8%26as%3Db8n6xuFCyWUssU1u__uC3w%26rapt%3DAEjHL4NgkaLLBHHnYRnlhdflZ3_KFKnvLWYlxr_n4OfXzEMJ53Fb3KpmYAPn9PCr114n-nfSN6CrLsAftgZ3haAEVC4fHC9Fqw%26auth%3D9waYwm3EX3o6oYI9aUYrBmuzJCJV0H0_e9MD-DMupofazcuSxhmhBQuQBkzJfrMzEUk-Lw.%23&dbus=AU
2019-01-18 01:27:55|https://accounts.google.com.au/accounts/SetSID?ssdc=1&sidt=ALWU2cs6UKFCWWh%2B6NJ2Yx67UAy/TolQEvzogwDrkL/a0vVhsk51GG3XYse%2Bhp0XqPaDtRCihFqNfYnkY74ACOa0%2BC/V7IW2UJ5ecYMa2Nnh%2B5rZUYhcZyvD1QCta9iJefg%2BknqCtXGsox5gZvz2BvO8igkkOGJVDD8WtdL7ZX8qktDaGkyCED7DtMCfCCgaTZ9kvz32SdeuvDEflOy0NXEgN5SL%2BR1Syb1q3HXxErAI7Imwrb0c66ek9hj9fd1EDkjL8lVaFx5S&continue=https://accounts.google.com/signin/oauth/consent?authuser%3D0%26part%3DAJi8hANX92AjiX0DTe8QYSlfSR10_l8s0CiGs2GZWR62ufS_C7N-XtrmebGKINnkNm3xrvm9vNwsj6qv4uSxpMUudQF9SSn-D-svBpg6EsCH0PCtoWxif3NeeMf_nxhQ1jxYSLuZ91aZAzVfk8C54cgoRmqrfC49uj3_3Y2cxK7B4ef1NJxOoiHjm1jGQmMbg-2IvGef58gLPbligJfZ52D0hNmorw34vvb8_fPPXV5IEf2NeSFhvPw3O5xydB_djyCNG01bgGR56pilDDCzOEhr7GH42Zro1Uj3d8JKQAONlOF4TAyqVRFfuMNl13LbprJ1pcNnB86dNZFqftt6310m8SJuPBh1_6dqmZYcec2E6ApLxMADJyDWHMusnQOBLeI_iqRX67aMYvbukYtoupMc2l8RoH5dgZJcNWbptUtyqfjmHpNE2_8%26as%3Db8n6xuFCyWUssU1u__uC3w%26rapt%3DAEjHL4NgkaLLBHHnYRnlhdflZ3_KFKnvLWYlxr_n4OfXzEMJ53Fb3KpmYAPn9PCr114n-nfSN6CrLsAftgZ3haAEVC4fHC9Fqw%26auth%3D9waYwm3EX3o6oYI9aUYrBmuzJCJV0H0_e9MD-DMupofazcuSxhmhBQuQBkzJfrMzEUk-Lw.%23
2019-01-18 01:27:55|https://accounts.google.com.au/accounts/SetSID
2019-01-18 01:27:55|https://accounts.google.com/signin/oauth/consent?authuser=0&part=AJi8hANX92AjiX0DTe8QYSlfSR10_l8s0CiGs2GZWR62ufS_C7N-XtrmebGKINnkNm3xrvm9vNwsj6qv4uSxpMUudQF9SSn-D-svBpg6EsCH0PCtoWxif3NeeMf_nxhQ1jxYSLuZ91aZAzVfk8C54cgoRmqrfC49uj3_3Y2cxK7B4ef1NJxOoiHjm1jGQmMbg-2IvGef58gLPbligJfZ52D0hNmorw34vvb8_fPPXV5IEf2NeSFhvPw3O5xydB_djyCNG01bgGR56pilDDCzOEhr7GH42Zro1Uj3d8JKQAONlOF4TAyqVRFfuMNl13LbprJ1pcNnB86dNZFqftt6310m8SJuPBh1_6dqmZYcec2E6ApLxMADJyDWHMusnQOBLeI_iqRX67aMYvbukYtoupMc2l8RoH5dgZJcNWbptUtyqfjmHpNE2_8&as=b8n6xuFCyWUssU1u__uC3w&rapt=AEjHL4NgkaLLBHHnYRnlhdflZ3_KFKnvLWYlxr_n4OfXzEMJ53Fb3KpmYAPn9PCr114n-nfSN6CrLsAftgZ3haAEVC4fHC9Fqw&auth=9waYwm3EX3o6oYI9aUYrBmuzJCJV0H0_e9MD-DMupofazcuSxhmhBQuQBkzJfrMzEUk-Lw.#
2019-01-18 01:27:55|https://accounts.google.com/signin/oauth/consent?authuser=0&part=AJi8hANX92AjiX0DTe8QYSlfSR10_l8s0CiGs2GZWR62ufS_C7N-XtrmebGKINnkNm3xrvm9vNwsj6qv4uSxpMUudQF9SSn-D-svBpg6EsCH0PCtoWxif3NeeMf_nxhQ1jxYSLuZ91aZAzVfk8C54cgoRmqrfC49uj3_3Y2cxK7B4ef1NJxOoiHjm1jGQmMbg-2IvGef58gLPbligJfZ52D0hNmorw34vvb8_fPPXV5IEf2NeSFhvPw3O5xydB_djyCNG01bgGR56pilDDCzOEhr7GH42Zro1Uj3d8JKQAONlOF4TAyqVRFfuMNl13LbprJ1pcNnB86dNZFqftt6310m8SJuPBh1_6dqmZYcec2E6ApLxMADJyDWHMusnQOBLeI_iqRX67aMYvbukYtoupMc2l8RoH5dgZJcNWbptUtyqfjmHpNE2_8&as=b8n6xuFCyWUssU1u__uC3w&rapt=AEjHL4NgkaLLBHHnYRnlhdflZ3_KFKnvLWYlxr_n4OfXzEMJ53Fb3KpmYAPn9PCr114n-nfSN6CrLsAftgZ3haAEVC4fHC9Fqw
2019-01-18 01:27:56|https://repl.it/auth/google/callback?state=close%3D1&code=4%2F1gD6nNFmqFRMizlUnbGdC0ZhwtpK3u-rtkQSd2G04lBD1EbdtO5k19ir6OOAY1QBKoyn6JppSkgPJKw4H2cOftI&scope=email+profile+https%3A%2F%2Fwww.googleapis.com%2Fauth%2Fuserinfo.email+https%3A%2F%2Fwww.googleapis.com%2Fauth%2Fuserinfo.profile
2019-01-18 01:27:57|https://repl.it/auth/close
2019-01-18 01:27:59|https://repl.it/repls
2019-01-18 01:28:08|https://repl.it/@GiulianaDe/MundaneNeglectedDrupal
2019-01-18 01:30:18|https://www.google.com/search?client=firefox-b-d&q=divided+they+fall+united+they+rksw
2019-01-18 01:31:54|https://ctf.compclub.com.au/
2019-01-18 01:32:12|https://featherbear.github.io/UNSW-CompClub2019Summer-SecurityWorkshop/ctf_files/compclub_log.pcap
2019-01-18 01:33:26|https://summer2019.compclub.com.au/
2019-01-18 01:33:57|https://featherbear.github.io/UNSW-CompClub2019Summer-SecurityWorkshop/ctf_files/compclub_log.pcap
2019-01-18 01:34:49|https://lh3.googleusercontent.com/swou8r_aaveXY-QRJexe7FLAIQ8WAgfAxjV33dRjs5gF3VqjC0h888QfY6lTD1-chfRG9CCR7VXXI-wUC8rn4wKSOMFyw2Pgm70ReLMMXjwp7uSUqRxUeI0SD6gX-AhCCdAiT_0k=s200-p-k
2019-01-18 01:35:01|https://lh3.googleusercontent.com/swou8r_aaveXY-QRJexe7FLAIQ8WAgfAxjV33dRjs5gF3VqjC0h888QfY6lTD1-chfRG9CCR7VXXI-wUC8rn4wKSOMFyw2Pgm70ReLMMXjwp7uSUqRxUeI0SD6gX-AhCCdAiT_0k=s200-p-k
2019-01-18 01:35:08|https://repl.it/repls
2019-01-18 01:35:08|https://repl.it/@GiulianaDe
2019-01-18 01:35:13|https://repl.it/@GiulianaDe/ThisDarkPredictions
2019-01-18 01:38:34|https://www.google.com/search?client=firefox-b-d&q=regex+translater
2019-01-18 01:38:50|http://xenon.stanford.edu/~xusch/regexp/
2019-01-18 01:40:06|https://www.google.com/search?client=firefox-b-d&q=Ph9.FSI.L%26x3*.A%7BU.GK%2B.%7B*.M%5C%5C.4b.t%23r%5DnI.cU%3A%2B.h%7B._A7%40*m.d%21H.acM%270.TZ05._GY1.phQ%7Eb.4%60y*W.t%60.T%7E.3mBf6g.r%3C.NoZP%5B.%7D
2019-01-18 01:41:26|https://www.google.com/search?client=firefox-b-d&q=regex+symbol+meanings
2019-01-18 01:41:33|http://www.fon.hum.uva.nl/praat/manual/Regular_expressions_1__Special_characters.html
2019-01-18 01:42:12|https://www.google.com/search?client=firefox-b-d&q=tasmania+flag
2019-01-18 01:45:20|https://ctf.compclub.com.au/
2019-01-18 01:45:55|https://www.google.com/search?client=firefox-b-d&q=sum+of+first+753+prime+numbers
2019-01-18 01:46:04|https://www.geeksforgeeks.org/sum-of-the-first-n-prime-numbers/
2019-01-18 01:47:15|https://repl.it/@GiulianaDe
2019-01-18 01:47:20|https://repl.it/languages/python3
2019-01-18 01:47:22|https://repl.it/@GiulianaDe/StaleAffectionateYottabyte
2019-01-18 01:51:07|https://repl.it/@GiulianaDe
2019-01-18 01:51:36|https://repl.it/languages/python3
2019-01-18 01:51:38|https://repl.it/@GiulianaDe/DearestFuzzyFormats
2019-01-18 01:56:40|https://www.google.com/search?client=firefox-b-d&q=2%5E9999999
2019-01-18 01:56:51|https://www.google.com/search?client=firefox-b-d&ei=WDJBXPi1FtXe9QOti4iIDg&q=2+to+the+power+of+big+number&oq=2+to+the+power+of+big+number&gs_l=psy-ab.3..33i22i29i30l8.4696.10113..10210...0.0..0.231.5224.0j20j7......0....1..gws-wiz.......35i39j0i67j0i131j0j0i22i30.GrT5wHoqkLc
2019-01-18 01:56:54|https://www.geeksforgeeks.org/writing-power-function-for-large-numbers/
2019-01-18 01:57:15|https://repl.it/@GiulianaDe
2019-01-18 01:57:19|https://repl.it/languages/python3
2019-01-18 01:57:19|https://repl.it/@GiulianaDe/DrabFuzzyBit
2019-01-18 02:01:13|https://www.google.com/search?client=firefox-b-d&q=how+to+get+last+8+digits+of+number+python
2019-01-18 02:01:16|https://stackoverflow.com/questions/28570505/get-last-three-digits-of-an-integer
2019-01-18 02:05:56|https://ctf.compclub.com.au/
2019-01-18 02:06:47|https://www.google.com/search?client=firefox-b-d&q=find+last+8+digits+of+2%5E9999999
2019-01-18 02:06:50|https://math.stackexchange.com/questions/623670/last-digits-number-theory-79999
2019-01-18 02:08:04|https://lh3.googleusercontent.com/6azf98KQoV9zlQ3u__wgkoMOseRpQnYb-mRQWelB1Y23sMNHeISMLIIPsDxtwtoZIYrDhSSA4zzt4b-cavUEmsVrrv6AGKlLfD9gOTJTXrze7rOm3GzwBlVTzyRCKaBn8d-fc09t=w2400
2019-01-18 02:08:47|https://www.google.com/search?client=firefox-b-d&q=image+invert
2019-01-18 02:08:51|https://pinetools.com/invert-image-colors
2019-01-18 02:08:59|https://lh3.googleusercontent.com/6azf98KQoV9zlQ3u__wgkoMOseRpQnYb-mRQWelB1Y23sMNHeISMLIIPsDxtwtoZIYrDhSSA4zzt4b-cavUEmsVrrv6AGKlLfD9gOTJTXrze7rOm3GzwBlVTzyRCKaBn8d-fc09t=w2400
2019-01-18 02:12:40|https://www.google.com/search?client=firefox-b-d&q=color+%23+finder
2019-01-18 02:12:49|https://www.google.com/search?client=firefox-b-d&ei=FzZBXNiEOcTe9QPI8KbQAQ&q=color+%23+finder+upload+onlimne&oq=color+%23+finder+upload+onlimne&gs_l=psy-ab.3..0i22i30l2.5345.8387..8518...1.0..0.320.3048.0j5j6j2......0....1..gws-wiz.......0i71j33i22i29i30.gIhXpRGsuVk
2019-01-18 02:12:55|https://html-color-codes.info/colors-from-image/
2019-01-18 02:13:12|https://html-color-codes.info/colors-from-image/#
2019-01-18 02:17:32|https://ctf.compclub.com.au/
2019-01-18 02:19:29|https://www.google.com/search?client=firefox-b-d&q=2+%2B+2+is+four.+Add+again%2C+do+once+more.+Split+the+sight%2C+take+the+right%3F+What+number+am+I%3F
2019-01-18 02:19:34|https://www.google.com/search?client=firefox-b-d&q=2+%2B+2+is+four.+Add+again,+to+once+more.+Split+the+sight,+take+the+right?+What+number+am+I?&spell=1&sa=X&ved=0ahUKEwiy1bCgovbfAhUXVH0KHY4VBKQQBQgrKAA&biw=1920&bih=912
2019-01-18 02:20:16|https://www.google.com/search?client=firefox-b-d&q=microbit
2019-01-18 02:23:00|https://summer2019.compclub.com.au/day4
2019-01-18 02:23:05|https://summer2019.compclub.com.au/day4_solutions.html
2019-01-18 02:25:20|https://summer2019.compclub.com.au/day2
2019-01-18 02:25:39|https://summer2019.compclub.com.au/day2_solutions/food
2019-01-18 02:25:40|https://summer2019.compclub.com.au/day2_solutions/rainbow
2019-01-18 02:29:06|https://ctf.compclub.com.au/
2019-01-18 02:34:57|http://paint.net/
2019-01-18 02:34:58|http://www.warrenpaint.com/
2019-01-18 02:34:58|http://www.warrenpaint.com/index.html
2019-01-18 02:35:03|https://www.google.com/search?client=firefox-b-d&q=online+paint
2019-01-18 02:35:33|https://chrome.google.com/webstore/detail/online-ms-paint-image-edi/kadfogmkkijgifjbphojhdkojbdammnk?hl=en
2019-01-18 02:35:43|https://www.google.com/chrome?brand=GGRF&utm_campaign=ww&utm_source=ww-cws-tile&utm_medium=et&hl=en
2019-01-18 02:35:43|https://www.google.com/chrome/?brand=GGRF&utm_campaign=ww&utm_source=ww-cws-tile&utm_medium=et&hl=en
2019-01-18 02:35:54|https://jspaint.app/
2019-01-18 02:35:54|https://jspaint.app/#local:99f81860296518
2019-01-18 04:02:29|http://tinyurl.com/compclubsss
2019-01-18 04:02:30|https://goo.gl/forms/botU4y0EHarywQeB3
2019-01-18 04:02:30|https://docs.google.com/forms/d/e/1FAIpQLSeTbnbww0Wz7bkuKacSlAFMckT5D3S74bvcZOOiqB7uI7TgZg/viewform?usp=send_form
2019-01-18 04:02:31|https://docs.google.com/forms/d/e/1FAIpQLSeTbnbww0Wz7bkuKacSlAFMckT5D3S74bvcZOOiqB7uI7TgZg/viewform
2019-01-18 04:03:48|https://docs.google.com/forms/d/e/1FAIpQLSeTbnbww0Wz7bkuKacSlAFMckT5D3S74bvcZOOiqB7uI7TgZg/viewform?fbzx=3906836363187443670
1|http://summer2019.compclub.com.au/|Welcome to the CompClub Summer Spy School | CompClub 2019 Summer Workshops|2|2|13192153797572197|0|0
2|https://summer2019.compclub.com.au/|Welcome to the CompClub Summer Spy School | CompClub 2019 Summer Workshops|2|0|13192153797572197|0|0
3|https://summer2019.compclub.com.au/day3|Day 3: Microbits! | CompClub 2019 Summer Workshops|4|0|13192078305369952|0|0
4|https://docs.google.com/presentation/d/14BvJKEm9pyPOfLtZMkCAMwwwF6nVjmo8G5C3P7PULuw/edit#slide=id.g337fd436a2_1_5|Microbits Workshop - Google Slides|2|0|13192067484420625|0|0
5|https://python.microbit.org/v/1|Micro:bit - Python editor|3|0|13192078254953135|0|0
6|https://microbit.org/guide/python/|MicroPython | micro:bit|1|0|13192067490716028|0|0
7|https://docs.google.com/presentation/d/14BvJKEm9pyPOfLtZMkCAMwwwF6nVjmo8G5C3P7PULuw/edit#slide=id.p||1|0|13192067501391297|0|0
8|https://docs.google.com/presentation/d/14BvJKEm9pyPOfLtZMkCAMwwwF6nVjmo8G5C3P7PULuw/edit#slide=id.g4c0710682e_0_15||1|0|13192067501951018|0|0
9|http://microbit-micropython.readthedocs.org/en/latest/tutorials/hello.html|Hello, World! — BBC micro:bit MicroPython 1.0.1 documentation|1|0|13192067597260893|0|0
10|http://microbit-micropython.readthedocs.io/en/latest/tutorials/hello.html|Hello, World! — BBC micro:bit MicroPython 1.0.1 documentation|1|0|13192067597260893|0|0
11|https://microbit-micropython.readthedocs.io/en/latest/tutorials/hello.html|Hello, World! — BBC micro:bit MicroPython 1.0.1 documentation|3|0|13192075953797332|0|0
12|https://microbit-micropython.readthedocs.io/en/latest/tutorials/images.html|Images — BBC micro:bit MicroPython 1.0.1 documentation|2|0|13192069401274764|0|0
13|https://python-editor-1-0-0.microbit.org/#||3|0|13192082271107840|1|0
14|https://microbit-micropython.readthedocs.io/en/latest/tutorials/buttons.html|Buttons — BBC micro:bit MicroPython 1.0.1 documentation|4|0|13192076571346185|0|0
15|https://microbit-micropython.readthedocs.io/en/latest/tutorials/music.html|Music — BBC micro:bit MicroPython 1.0.1 documentation|2|0|13192074575313377|0|0
16|https://docs.google.com/presentation/d/14BvJKEm9pyPOfLtZMkCAMwwwF6nVjmo8G5C3P7PULuw/edit#slide=id.g4c0710682e_0_22||1|0|13192068628763532|0|0
17|https://docs.google.com/presentation/d/14BvJKEm9pyPOfLtZMkCAMwwwF6nVjmo8G5C3P7PULuw/edit#slide=id.g4c0710682e_0_29||1|0|13192068630252347|0|0
18|https://docs.google.com/presentation/d/14BvJKEm9pyPOfLtZMkCAMwwwF6nVjmo8G5C3P7PULuw/edit#slide=id.g4c0710682e_0_36||1|0|13192068631095669|0|0
19|https://docs.google.com/presentation/d/14BvJKEm9pyPOfLtZMkCAMwwwF6nVjmo8G5C3P7PULuw/edit#slide=id.g4c0710682e_0_43||1|0|13192068632403034|0|0
20|https://docs.google.com/presentation/d/14BvJKEm9pyPOfLtZMkCAMwwwF6nVjmo8G5C3P7PULuw/edit#slide=id.g4c0710682e_0_58||1|0|13192068633253501|0|0
21|https://docs.google.com/presentation/d/14BvJKEm9pyPOfLtZMkCAMwwwF6nVjmo8G5C3P7PULuw/edit#slide=id.g4c0710682e_0_83||1|0|13192068635400358|0|0
22|https://docs.google.com/presentation/d/14BvJKEm9pyPOfLtZMkCAMwwwF6nVjmo8G5C3P7PULuw/edit#slide=id.g4c0710682e_0_92||2|0|13192068637585132|0|0
23|https://docs.google.com/presentation/d/14BvJKEm9pyPOfLtZMkCAMwwwF6nVjmo8G5C3P7PULuw/edit#slide=id.g4c0710682e_0_102||3|0|13192068983221041|0|0
24|https://docs.google.com/presentation/d/14BvJKEm9pyPOfLtZMkCAMwwwF6nVjmo8G5C3P7PULuw/edit#slide=id.g4c0710682e_0_63||3|0|13192068983998659|0|0
25|https://docs.google.com/presentation/d/14BvJKEm9pyPOfLtZMkCAMwwwF6nVjmo8G5C3P7PULuw/edit#slide=id.g4d695ae937_0_0||2|0|13192068984194819|0|0
26|https://docs.google.com/presentation/d/14BvJKEm9pyPOfLtZMkCAMwwwF6nVjmo8G5C3P7PULuw/edit#slide=id.g4d695ae937_0_8||4|0|13192068984344862|0|0
27|https://docs.google.com/presentation/d/14BvJKEm9pyPOfLtZMkCAMwwwF6nVjmo8G5C3P7PULuw/edit#slide=id.g4d695ae937_0_16||4|0|13192068984440858|0|0
28|https://www.youtube.com/watch?v=dQw4w9WgXcQ|YouTube|1|0|13192068751422352|0|0
29|https://summer2019.compclub.com.au/day3_templates/morse_code_template.html|Morse Code Template | CompClub 2019 Summer Workshops|1|0|13192068768245468|0|0
30|https://docs.google.com/presentation/d/14BvJKEm9pyPOfLtZMkCAMwwwF6nVjmo8G5C3P7PULuw/edit#slide=id.g4d695ae937_0_23||1|0|13192068984961142|0|0
31|https://docs.google.com/presentation/d/14BvJKEm9pyPOfLtZMkCAMwwwF6nVjmo8G5C3P7PULuw/edit#slide=id.g4d695ae937_0_29||1|0|13192068985044993|0|0
32|https://docs.google.com/presentation/d/14BvJKEm9pyPOfLtZMkCAMwwwF6nVjmo8G5C3P7PULuw/edit#slide=id.g4c0710682e_0_119||2|0|13192068987941554|0|0
33|https://docs.google.com/presentation/d/14BvJKEm9pyPOfLtZMkCAMwwwF6nVjmo8G5C3P7PULuw/edit#slide=id.g4c0710682e_0_128||3|0|13192068989646938|0|0
34|https://docs.google.com/presentation/d/14BvJKEm9pyPOfLtZMkCAMwwwF6nVjmo8G5C3P7PULuw/edit#slide=id.g4c0710682e_0_135||5|0|13192070495354495|0|0
35|https://docs.google.com/presentation/d/14BvJKEm9pyPOfLtZMkCAMwwwF6nVjmo8G5C3P7PULuw/edit#slide=id.g4c0710682e_0_143||5|0|13192070496554613|0|0
36|https://docs.google.com/presentation/d/14BvJKEm9pyPOfLtZMkCAMwwwF6nVjmo8G5C3P7PULuw/edit#slide=id.g4c0710682e_0_124||3|0|13192070880056398|0|0
37|https://docs.google.com/presentation/d/14BvJKEm9pyPOfLtZMkCAMwwwF6nVjmo8G5C3P7PULuw/edit#slide=id.g4c0710682e_0_150||4|0|13192070990079075|0|0
38|https://docs.google.com/presentation/d/14BvJKEm9pyPOfLtZMkCAMwwwF6nVjmo8G5C3P7PULuw/edit#slide=id.g4c0710682e_0_161||7|0|13192073828114227|0|0
39|https://docs.google.com/presentation/d/14BvJKEm9pyPOfLtZMkCAMwwwF6nVjmo8G5C3P7PULuw/edit#slide=id.g4c0710682e_0_168||9|0|13192073840729532|0|0
40|https://docs.google.com/presentation/d/14BvJKEm9pyPOfLtZMkCAMwwwF6nVjmo8G5C3P7PULuw/edit#slide=id.g4c0710682e_0_175||8|0|13192073810128973|0|0
41|https://docs.google.com/presentation/d/14BvJKEm9pyPOfLtZMkCAMwwwF6nVjmo8G5C3P7PULuw/edit#slide=id.g4c0710682e_0_181||6|0|13192074696721638|0|0
42|https://docs.google.com/presentation/d/14BvJKEm9pyPOfLtZMkCAMwwwF6nVjmo8G5C3P7PULuw/edit#slide=id.g4c0710682e_0_189||5|0|13192078258038860|0|0
43|https://docs.google.com/presentation/d/14BvJKEm9pyPOfLtZMkCAMwwwF6nVjmo8G5C3P7PULuw/edit#slide=id.g4c0710682e_0_195||5|0|13192082692900515|0|0
44|https://docs.google.com/presentation/d/14BvJKEm9pyPOfLtZMkCAMwwwF6nVjmo8G5C3P7PULuw/edit#slide=id.g337fd436a2_1_0||6|0|13192082693668810|0|0
45|https://docs.google.com/presentation/d/14BvJKEm9pyPOfLtZMkCAMwwwF6nVjmo8G5C3P7PULuw/edit#slide=id.g4c0710682e_0_210||5|0|13192083544529788|0|0
46|https://microbit-micropython.readthedocs.io/en/latest/tutorials/images.html#diy-images||1|0|13192069411033067|0|0
47|https://microbit-micropython.readthedocs.io/en/latest/tutorials/radio.html|Radio — BBC micro:bit MicroPython 1.0.1 documentation|1|0|13192069551557602|0|0
48|https://microbit-micropython.readthedocs.io/en/latest/ble.html|Bluetooth — BBC micro:bit MicroPython 1.0.1 documentation|1|0|13192070835292472|0|0
49|https://microbit-micropython.readthedocs.io/en/latest/audio.html|Audio — BBC micro:bit MicroPython 1.0.1 documentation|2|0|13192074654140726|0|0
50|https://microbit-micropython.readthedocs.io/en/latest/tutorials/next.html|Next Steps — BBC micro:bit MicroPython 1.0.1 documentation|1|0|13192070866187928|0|0
51|https://summer2019.compclub.com.au/day3_templates/reaction_timer_template.html|Reaction Time Template | CompClub 2019 Summer Workshops|1|0|13192071072449397|0|0
52|https://www.google.com/search?q=TODO%3A+WHILE+the+button+isn%27t+pressed%2C+check+to+%23+see+if+the+button+is+pressed.&oq=TODO%3A+WHILE+the+button+isn%27t+pressed%2C+check+to+%23+see+if+the+button+is+pressed.&aqs=chrome..69i57j69i58.173j0j7&sourceid=chrome&ie=UTF-8|TODO: WHILE the button isn't pressed, check to # see if the button is pressed. - Google Search|1|0|13192073088978465|0|0
53|https://www.google.com/search?q=TO+DO:+WHILE+the+button+isn%27t+pressed,+check+to+%23+see+if+the+button+is+pressed.&spell=1&sa=X&ved=0ahUKEwjr76WuifHfAhVRcCsKHQ9QA5wQBQgpKAA&biw=1920&bih=893|TO DO: WHILE the button isn't pressed, check to # see if the button is pressed. - Google Search|1|0|13192073091367225|0|0
54|https://forum.arduino.cc/index.php?topic=442352.0|How to continuously check whether a button is pressed within a for loop|1|0|13192073096488621|0|0
55|https://www.google.com/search?q=how+to+play+sound+on+a+microbit&oq=how+to+play+sound+on+a+microbit&aqs=chrome..69i57j0.7681j0j7&sourceid=chrome&ie=UTF-8|how to play sound on a microbit - Google Search|1|0|13192074649729163|0|0
56|http://www.suppertime.co.uk/blogmywiki/2016/02/microbit-sound/|3 ways of making sound with the BBC MicroBit | Blog My Wiki!|1|0|13192074659753302|0|0
57|https://www.google.com/search?q=highest+reaction+time&oq=highest+reaction+time&aqs=chrome..69i57.5088j0j7&sourceid=chrome&ie=UTF-8|highest reaction time - Google Search|1|0|13192076515124900|0|0
58|https://www.google.com/search?q=how+to+exit&oq=how+to+exit&aqs=chrome..69i57j0l5.3809j0j7&sourceid=chrome&ie=UTF-8|how to exit - Google Search|1|0|13192077618927063|0|0
59|https://www.google.com/search?ei=MpA-XMHDMZv1rQHfprKgBQ&q=how+to+exit+microbit+program&oq=how+to+exit+microbit+program&gs_l=psy-ab.3..33i22i29i30l3.2546.6993..7740...0.0..0.223.2471.0j16j1......0....1..gws-wiz.......0i71j0i67j0j0i22i30j33i21j33i160.FAqveQxId-4|how to exit microbit program - Google Search|1|0|13192077627728581|0|0
60|https://www.google.com/search?q=how+to+exit+micro+bit+program&spell=1&sa=X&ved=0ahUKEwi0msGimvHfAhXSfH0KHUP9C6AQBQgpKAA&biw=1920&bih=893|how to exit micro bit program - Google Search|1|0|13192077629529748|0|0
61|https://www.google.com/search?q=exit+coed&oq=exit+coed&aqs=chrome..69i57j0l5.1536j0j7&sourceid=chrome&ie=UTF-8|exit coed - Google Search|1|0|13192077787092242|0|0
62|https://www.google.com/search?ei=2pA-XJuDO9Se9QOD2ZpI&q=exit+code+for+miucrobit&oq=exit+code+for+miucrobit&gs_l=psy-ab.3..33i160.20451.23007..23226...0.0..0.249.2236.0j12j2......0....1..gws-wiz.......0j0i22i30j0i22i10i30j33i21._Vstpni5pSY|exit code for miucrobit - Google Search|1|0|13192077811212215|0|0
63|https://docs.google.com/presentation/d/14BvJKEm9pyPOfLtZMkCAMwwwF6nVjmo8G5C3P7PULuw/edit#slide=id.g4c0710682e_0_217||3|0|13192083543810983|0|0
64|https://summer2019.compclub.com.au/day3_templates/hot_or_cold_template.html|Hot or Cold Template | CompClub 2019 Summer Workshops|1|0|13192078308130210|0|0
65|https://docs.google.com/presentation/d/14BvJKEm9pyPOfLtZMkCAMwwwF6nVjmo8G5C3P7PULuw/edit#slide=id.g4d6b884a15_2_1||1|0|13192078534145970|0|0
66|https://www.google.com/search?q=radio+microbit+module+object+has+no+attribute&oq=radio+microbit+module+object+has+no+attribute&aqs=chrome..69i57.9320j0j7&sourceid=chrome&ie=UTF-8|radio microbit module object has no attribute - Google Search|2|0|13192083308194636|0|0
67|https://github.com/bbcmicrobit/micropython/issues/511|radio.receive_full() not present in radio module · Issue #511 · bbcmicrobit/micropython · GitHub|1|0|13192083290258362|0|0
68|https://www.google.com/search?q=radio.recieve+full+not+workinhg&oq=radio.recieve+full+not+workinhg&aqs=chrome..69i57.7352j0j7&sourceid=chrome&ie=UTF-8|radio.recieve full not workinhg - Google Search|1|0|13192083557165918|0|0
69|https://www.google.com/search?ei=Zac-XJnwAY69rQHW87CwBg&q=radio.receive+full+not+workingmicrobits&oq=radio.receive+full+not+workingmicrobits&gs_l=psy-ab.3..33i160.5586.7975..8369...0.0..0.253.1478.0j8j1......0....1..gws-wiz.......33i13i21.MDZmb_TVfcI|radio.receive full not workingmicrobits - Google Search|1|0|13192083566562206|0|0
70|https://www.google.com/search?ei=bqc-XMuJF4rwrQHDn4LgAQ&q=microbits+module+object+has+no+attribute&oq=microbits+module+object+has+no+attribute&gs_l=psy-ab.3...6946.20019..20298...0.0..0.217.5454.0j39j1......0....1..gws-wiz.....0..0i131j0j0i131i67j0i67j0i10j0i22i10i30j0i22i30j0i8i13i30j33i160j33i21.N0HZKQIaUNw|microbits module object has no attribute - Google Search|1|0|13192083587702624|0|0
71|https://www.google.com/search?q=micro+bits+module+object+has+no+attribute&spell=1&sa=X&ved=0ahUKEwjL-Lu8sPHfAhWOXisKHdY5DGYQBQgpKAA&biw=1920&bih=942|micro bits module object has no attribute - Google Search|2|0|13192083609722402|0|0
72|https://github.com/whaleygeek/microbit-gateway/issues/1|'module' object has no attribute 'PARITY_NONE' · Issue #1 · whaleygeek/microbit-gateway · GitHub|1|0|13192083595216615|0|0
73|https://github.com/bbcmicrobit/micropython/issues/483|MicroBitImage.blit - no attribute · Issue #483 · bbcmicrobit/micropython · GitHub|1|0|13192083596642777|0|0
74|http://2019.compclub.com/||2|1|13192153771159909|0|0
75|http://compclub.com/|CompClub.com|3|0|13192153786924291|0|0
76|http://2019summer.compclub.com/|CompClub.com|2|1|13192153786924291|0|0
77|https://summer2019.compclub.com.au/day4|Some useful links: | CompClub 2019 Summer Workshops|2|0|13192170729451069|0|0
78|https://repl.it/languages/python3|Repl.it - ApprehensiveRosyParentheses|2|1|13192160508528187|0|0
79|https://repl.it/repls/SkyblueLawngreenObjectdatabase|Repl.it - SkyblueLawngreenObjectdatabase|2|0|13192153812493017|0|0
80|https://repl.it/auth/google/get?close=1|Forwarding ...|1|0|13192153827550219|0|0
81|https://accounts.google.com/o/oauth2/v2/auth?access_type=offline&response_type=code&redirect_uri=https%3A%2F%2Frepl.it%2Fauth%2Fgoogle%2Fcallback&scope=email%20profile&state=close%3D1&client_id=551333139604-3e6vevagfdvcipqacu0qtfbpkb6285h9.apps.googleusercontent.com|Forwarding ...|1|0|13192153827550219|0|0
82|https://accounts.google.com/signin/oauth?client_id=551333139604-3e6vevagfdvcipqacu0qtfbpkb6285h9.apps.googleusercontent.com&as=sezprRRhZsdYpg2t_1196w&destination=https://repl.it&approval_state=!ChRRRFhONWh5V3FzYk5TbTlhM1QwMxIfVTF5MHJmUnhOaklSOEhuU1JuY2dubW91Q3VLT2hSWQ%E2%88%99APNbktkAAAAAXEELYxdFVvnl6G9gZtll9on3VBky_It0&oauthgdpr=1&xsrfsig=ChkAeAh8T-xE4hjCp2wIKHEiLxyZ5mRTip-nEg5hcHByb3ZhbF9zdGF0ZRILZGVzdGluYXRpb24SBXNvYWN1Eg9vYXV0aHJpc2t5c2NvcGU|Sign in – Google accounts|3|0|13192153828351144|0|0
83|https://accounts.google.com/signin/oauth/identifier?client_id=551333139604-3e6vevagfdvcipqacu0qtfbpkb6285h9.apps.googleusercontent.com&as=sezprRRhZsdYpg2t_1196w&destination=https%3A%2F%2Frepl.it&approval_state=!ChRRRFhONWh5V3FzYk5TbTlhM1QwMxIfVTF5MHJmUnhOaklSOEhuU1JuY2dubW91Q3VLT2hSWQ%E2%88%99APNbktkAAAAAXEELYxdFVvnl6G9gZtll9on3VBky_It0&oauthgdpr=1&xsrfsig=ChkAeAh8T-xE4hjCp2wIKHEiLxyZ5mRTip-nEg5hcHByb3ZhbF9zdGF0ZRILZGVzdGluYXRpb24SBXNvYWN1Eg9vYXV0aHJpc2t5c2NvcGU&flowName=GeneralOAuthFlow||1|0|13192153828378686|0|0
84|https://accounts.google.com/signin/v2/challenge/pwd?client_id=551333139604-3e6vevagfdvcipqacu0qtfbpkb6285h9.apps.googleusercontent.com&as=sezprRRhZsdYpg2t_1196w&destination=https%3A%2F%2Frepl.it&approval_state=!ChRRRFhONWh5V3FzYk5TbTlhM1QwMxIfVTF5MHJmUnhOaklSOEhuU1JuY2dubW91Q3VLT2hSWQ%E2%88%99APNbktkAAAAAXEELYxdFVvnl6G9gZtll9on3VBky_It0&oauthgdpr=1&xsrfsig=ChkAeAh8T-xE4hjCp2wIKHEiLxyZ5mRTip-nEg5hcHByb3ZhbF9zdGF0ZRILZGVzdGluYXRpb24SBXNvYWN1Eg9vYXV0aHJpc2t5c2NvcGU&flowName=GeneralOAuthFlow&TL=AHnYQLwS6KUMNIfMXKQi3g_fPxAi7Ydi6piYqnLLxKJpOoiOQRp-YY7pQKjwGSUhSAb8VBlCuNTv1_gRKsNdqNCxrGa7SVEBXHh8uUZMOmQSNymIklyp6xgJCFNuwqlO-IYefWq27AD_9AaDtEZIyQqguQrM5yHYXZ268ibjQ22Oau6eO7Dohio&cid=1&navigationDirection=forward||1|0|13192153838316218|0|0
85|https://accounts.google.com/CheckCookie?hl=en-GB&checkedDomains=youtube&checkConnection=youtube%3A225%3A0&chtml=LoginDoneHtml&service=lso&continue=https%3A%2F%2Faccounts.google.com%2Fsignin%2Foauth%2Fconsent%3Fauthuser%3Dunknown%26part%3DAJi8hAOA_SJezQ3nz1d9v98o39Y_-Ib79cIYFlhHHX8mocMthSCIgzZoBJcXM9cTw0jP9Z-GoHy2OO-OYzufmMK0vbKeDj6Z9r8GKxjgzt6iYlJbp2Y65r4JKYDkd56-wSLIQM49NXm_DyB7lqUNkahlOAHSa_MJnLfDvKleYxSvgwMaNlInvry_kzvD7NLP-JJVcjnPgG6wyTt3jgIGKWh8MSMbj5wL7v8XxiPi56IKt4AiqrYzoq7_7zWYoTFJfdopYCOn5CcLLqE6q9jvAhn1fCLG9LJ7HeUKHc28VpPbpR5QazZCuoGJg9zLNgPmqgWWoUPonGccyY2hF2jHpxLhfLnMs-idJozFFbBAC3fJxh_XganNH58rw-73K4epn5nigLxV8gEtSvVmSkxFl6tbkZPwhjMSSi6JYJ0RfKubk9QYIQ3QOy4%26as%3DsezprRRhZsdYpg2t_1196w%26rapt%3DAEjHL4OSBwiGR1PNiyeBm15yALmn53CAlPhJDRA3M6hdZt-_lbKmS9YDcu8NjzMKAFJmwSepNhRJVy4375eu12_KvJpFPkyQRw%23&gidl=EgIIAA|Redirecting|1|0|13192153844290979|0|0
86|https://accounts.youtube.com/accounts/SetSID?ssdc=1&sidt=ALWU2ctC7GQ8A%2Fmv3yM3B3BKIa%2BT20IQb8PLE2kzH7WJPaZVK6Fq%2F6eT1h36EVbGnG66mjk5Yb%2BKtFwDKrkD8qY522Ftt07J99fZ%2BtjhauYjUftaAUkTcwibI3wv0gym%2BtBIamvUWkvNRds%2FTIldfJUtVq1HN%2FBmj4CKEgKIN3PCvIFmGlx5JddfQp9pgm9ZS2D1pFq%2F4VtKC04NNDQn4MJtXN6AntDTg28h0rwShXAbPMyo7AAByyabn7rNV2BdmYHMeyQ1BqTq&continue=https%3A%2F%2Faccounts.google.com%2Fsignin%2Foauth%2Fconsent%3Fauthuser%3D0%26part%3DAJi8hAOA_SJezQ3nz1d9v98o39Y_-Ib79cIYFlhHHX8mocMthSCIgzZoBJcXM9cTw0jP9Z-GoHy2OO-OYzufmMK0vbKeDj6Z9r8GKxjgzt6iYlJbp2Y65r4JKYDkd56-wSLIQM49NXm_DyB7lqUNkahlOAHSa_MJnLfDvKleYxSvgwMaNlInvry_kzvD7NLP-JJVcjnPgG6wyTt3jgIGKWh8MSMbj5wL7v8XxiPi56IKt4AiqrYzoq7_7zWYoTFJfdopYCOn5CcLLqE6q9jvAhn1fCLG9LJ7HeUKHc28VpPbpR5QazZCuoGJg9zLNgPmqgWWoUPonGccyY2hF2jHpxLhfLnMs-idJozFFbBAC3fJxh_XganNH58rw-73K4epn5nigLxV8gEtSvVmSkxFl6tbkZPwhjMSSi6JYJ0RfKubk9QYIQ3QOy4%26as%3DsezprRRhZsdYpg2t_1196w%26rapt%3DAEjHL4OSBwiGR1PNiyeBm15yALmn53CAlPhJDRA3M6hdZt-_lbKmS9YDcu8NjzMKAFJmwSepNhRJVy4375eu12_KvJpFPkyQRw%26auth%3D9gamM0twnkHPCt6FywFv_dTeiLzCnaxjal9Oocnq8R2ZyBhHD2UI81mD935-u1vogYrwnw.%23&dbus=AU|Redirecting|1|0|13192153844290979|0|0
87|https://accounts.google.com.au/accounts/SetSID?ssdc=1&sidt=ALWU2cv1Ptp2XLLCH5Gz7rccKgBlNihox8jR/DjQPd/lj/v6PlTscxlRW/UFmnlflrWJpd0maORap%2BGOv8sjg3OXktyDcXHi85WJa/QXumKXLPClEAClr6vqJTKoNln824nXbXJVoio1hxxQyHVpxzvdYfUcKYO%2BcFJ8XQ2DyNdFTYjKm2aAktQsU4jkw1/SgSU8Ong7wR5ey8qBqAm/TH9DMhbKqcX2B/unWVHbx3xQATGpEoPDYIEJW23TqOJX8ZGa%2BwcvoD6p&continue=https://accounts.google.com/signin/oauth/consent?authuser%3D0%26part%3DAJi8hAOA_SJezQ3nz1d9v98o39Y_-Ib79cIYFlhHHX8mocMthSCIgzZoBJcXM9cTw0jP9Z-GoHy2OO-OYzufmMK0vbKeDj6Z9r8GKxjgzt6iYlJbp2Y65r4JKYDkd56-wSLIQM49NXm_DyB7lqUNkahlOAHSa_MJnLfDvKleYxSvgwMaNlInvry_kzvD7NLP-JJVcjnPgG6wyTt3jgIGKWh8MSMbj5wL7v8XxiPi56IKt4AiqrYzoq7_7zWYoTFJfdopYCOn5CcLLqE6q9jvAhn1fCLG9LJ7HeUKHc28VpPbpR5QazZCuoGJg9zLNgPmqgWWoUPonGccyY2hF2jHpxLhfLnMs-idJozFFbBAC3fJxh_XganNH58rw-73K4epn5nigLxV8gEtSvVmSkxFl6tbkZPwhjMSSi6JYJ0RfKubk9QYIQ3QOy4%26as%3DsezprRRhZsdYpg2t_1196w%26rapt%3DAEjHL4OSBwiGR1PNiyeBm15yALmn53CAlPhJDRA3M6hdZt-_lbKmS9YDcu8NjzMKAFJmwSepNhRJVy4375eu12_KvJpFPkyQRw%26auth%3D9gamM0twnkHPCt6FywFv_dTeiLzCnaxjal9Oocnq8R2ZyBhHD2UI81mD935-u1vogYrwnw.%23|Redirecting|1|0|13192153844290979|0|0
88|https://accounts.google.com.au/accounts/SetSID||1|0|13192153844323784|0|0
89|https://accounts.google.com/signin/oauth/consent?authuser=0&part=AJi8hAOA_SJezQ3nz1d9v98o39Y_-Ib79cIYFlhHHX8mocMthSCIgzZoBJcXM9cTw0jP9Z-GoHy2OO-OYzufmMK0vbKeDj6Z9r8GKxjgzt6iYlJbp2Y65r4JKYDkd56-wSLIQM49NXm_DyB7lqUNkahlOAHSa_MJnLfDvKleYxSvgwMaNlInvry_kzvD7NLP-JJVcjnPgG6wyTt3jgIGKWh8MSMbj5wL7v8XxiPi56IKt4AiqrYzoq7_7zWYoTFJfdopYCOn5CcLLqE6q9jvAhn1fCLG9LJ7HeUKHc28VpPbpR5QazZCuoGJg9zLNgPmqgWWoUPonGccyY2hF2jHpxLhfLnMs-idJozFFbBAC3fJxh_XganNH58rw-73K4epn5nigLxV8gEtSvVmSkxFl6tbkZPwhjMSSi6JYJ0RfKubk9QYIQ3QOy4&as=sezprRRhZsdYpg2t_1196w&rapt=AEjHL4OSBwiGR1PNiyeBm15yALmn53CAlPhJDRA3M6hdZt-_lbKmS9YDcu8NjzMKAFJmwSepNhRJVy4375eu12_KvJpFPkyQRw&auth=9gamM0twnkHPCt6FywFv_dTeiLzCnaxjal9Oocnq8R2ZyBhHD2UI81mD935-u1vogYrwnw.#||1|0|13192153846585003|0|0
90|https://accounts.google.com/signin/oauth/consent?authuser=0&part=AJi8hAOA_SJezQ3nz1d9v98o39Y_-Ib79cIYFlhHHX8mocMthSCIgzZoBJcXM9cTw0jP9Z-GoHy2OO-OYzufmMK0vbKeDj6Z9r8GKxjgzt6iYlJbp2Y65r4JKYDkd56-wSLIQM49NXm_DyB7lqUNkahlOAHSa_MJnLfDvKleYxSvgwMaNlInvry_kzvD7NLP-JJVcjnPgG6wyTt3jgIGKWh8MSMbj5wL7v8XxiPi56IKt4AiqrYzoq7_7zWYoTFJfdopYCOn5CcLLqE6q9jvAhn1fCLG9LJ7HeUKHc28VpPbpR5QazZCuoGJg9zLNgPmqgWWoUPonGccyY2hF2jHpxLhfLnMs-idJozFFbBAC3fJxh_XganNH58rw-73K4epn5nigLxV8gEtSvVmSkxFl6tbkZPwhjMSSi6JYJ0RfKubk9QYIQ3QOy4&as=sezprRRhZsdYpg2t_1196w&rapt=AEjHL4OSBwiGR1PNiyeBm15yALmn53CAlPhJDRA3M6hdZt-_lbKmS9YDcu8NjzMKAFJmwSepNhRJVy4375eu12_KvJpFPkyQRw#||1|0|13192153846585003|0|0
91|https://repl.it/auth/google/callback?state=close%3D1&code=4%2F1QABjmdHvdmlu1ci9XlMjoTwWMr2JDZKZyorOVd4KLhMLLmRAMFzN6FqkTvroQRwFUlYQbsv2r9DT_lexWk7BkM&scope=email+profile+https%3A%2F%2Fwww.googleapis.com%2Fauth%2Fuserinfo.profile+https%3A%2F%2Fwww.googleapis.com%2Fauth%2Fuserinfo.email#||1|0|13192153846585003|0|0
92|https://repl.it/auth/close#||1|0|13192153846585003|0|0
93|https://repl.it/@natangiassi/SkyblueLawngreenObjectdatabase||1|0|13192153848192302|0|0
94|http://summer2019.compclub.com.au/day4_files/index_html|CompClub 2019 Summer Workshops|3|0|13192168723312924|0|0
95|https://summer2019.compclub.com.au/day4_files/index_html|CompClub 2019 Summer Workshops|3|0|13192168723312924|0|0
96|http://summer2019.compclub.com.au/day4_files/results_html|CompClub 2019 Summer Workshops|3|0|13192168721957472|0|0
97|https://summer2019.compclub.com.au/day4_files/results_html|CompClub 2019 Summer Workshops|3|0|13192168721957472|0|0
98|http://summer2019.compclub.com.au/day4_files/index_css|CompClub 2019 Summer Workshops|2|0|13192168718739012|0|0
99|https://summer2019.compclub.com.au/day4_files/index_css|CompClub 2019 Summer Workshops|2|0|13192168718739012|0|0
100|https://www.google.com/search?q=whats+the+difference+betweeen+a+dictatorship+and+afascist&oq=whats+the+difference+betweeen+a+dictatorship+and+afascist&aqs=chrome..69i57j0.15248j0j7&sourceid=chrome&ie=UTF-8|whats the difference betweeen a dictatorship and afascist - Google Search|1|0|13192155556442613|0|0
101|https://skybluelawngreenobjectdatabase--natangiassi.repl.co/results||20|0|13192158544765556|1|0
102|https://skybluelawngreenobjectdatabase--natangiassi.repl.co/||12|0|13192158544765556|1|0
103|https://www.google.com/search?q=joseph+stalin+full+name&oq=joseph+stalin+full+name&aqs=chrome..69i57j0.10554j1j7&sourceid=chrome&ie=UTF-8|joseph stalin full name - Google Search|1|0|13192158103620117|0|0
104|https://www.google.com/search?q=communist+r6+operaotr&oq=communist+r6+operaotr&aqs=chrome..69i57.5824j0j7&sourceid=chrome&ie=UTF-8|communist r6 operaotr - Google Search|1|0|13192158373289639|0|0
105|https://www.google.com/search?q=communist+r6+operator&source=lnms&tbm=isch&sa=X&ved=0ahUKEwic24GJx_PfAhUHsI8KHcGoDlIQ_AUIDigB&biw=1920&bih=942|communist r6 operator - Google Search|2|0|13192158380587550|0|0
106|https://www.google.com/search?q=communist+r6+operator&source=lnms&tbm=isch&sa=X&ved=0ahUKEwic24GJx_PfAhUHsI8KHcGoDlIQ_AUIDigB&biw=1920&bih=942#imgrc=jJswqWJWRGqbDM:||1|0|13192158380594146|0|0
107|https://www.google.com/search?q=communist+r6+operator&source=lnms&tbm=isch&sa=X&ved=0ahUKEwic24GJx_PfAhUHsI8KHcGoDlIQ_AUIDigB&biw=1920&bih=942#imgrc=zI43mkuP_OVNfM:||1|0|13192158421681585|0|0
108|https://www.google.com/search?q=communist+r6+operator&source=lnms&tbm=isch&sa=X&ved=0ahUKEwic24GJx_PfAhUHsI8KHcGoDlIQ_AUIDigB&biw=1920&bih=942#imgrc=WLU2YrulbMO4sM:||1|0|13192158423181014|0|0
109|https://www.google.com/search?q=communist+r6+operator&source=lnms&tbm=isch&sa=X&ved=0ahUKEwic24GJx_PfAhUHsI8KHcGoDlIQ_AUIDigB&biw=1920&bih=942#imgrc=h6VrOef7wSfLQM:||1|0|13192158424157836|0|0
110|https://www.google.com/search?q=communist+r6+operator&source=lnms&tbm=isch&sa=X&ved=0ahUKEwic24GJx_PfAhUHsI8KHcGoDlIQ_AUIDigB&biw=1920&bih=942#imgrc=TOUQrBWdhujOPM:||1|0|13192158428531658|0|0
111|https://www.google.com/search?q=communist+r6+operator&source=lnms&tbm=isch&sa=X&ved=0ahUKEwic24GJx_PfAhUHsI8KHcGoDlIQ_AUIDigB&biw=1920&bih=942#imgrc=6y1nV3nvrPJYZM:||1|0|13192158429315837|0|0
112|https://www.google.com/search?q=communist+r6+operator&source=lnms&tbm=isch&sa=X&ved=0ahUKEwic24GJx_PfAhUHsI8KHcGoDlIQ_AUIDigB&biw=1920&bih=942#imgrc=N9wgwM9pjXNUBM:||1|0|13192158430923464|0|0
113|https://www.google.com/search?q=communist+r6+operator&source=lnms&tbm=isch&sa=X&ved=0ahUKEwic24GJx_PfAhUHsI8KHcGoDlIQ_AUIDigB&biw=1920&bih=942#imgrc=4ssrjo1kyV6MfM:||1|0|13192158431540757|0|0
114|https://www.google.com/search?q=communist+r6+operator&source=lnms&tbm=isch&sa=X&ved=0ahUKEwic24GJx_PfAhUHsI8KHcGoDlIQ_AUIDigB&biw=1920&bih=942#imgrc=Pc2HbhbcJDaJSM:||1|0|13192158432318481|0|0
115|https://www.google.com/search?q=r6tracker&oq=r6tracker&aqs=chrome..69i57j0l3j5l2.2567j0j7&sourceid=chrome&ie=UTF-8|r6tracker - Google Search|1|0|13192158449741499|0|0
116|https://r6.tracker.network/|R6Tracker - Rainbow Six Siege Stats, Leaderboards, & More!|1|0|13192158452423395|0|0
117|https://r6.tracker.network/r6/search?name=SiphonSKY&platform=4|R6Tracker - SiphonSKY - Rainbow Six Siege Player Stats|1|0|13192158488602313|0|0
118|https://r6.tracker.network/profile/pc/SiphonSKY|R6Tracker - SiphonSKY - Rainbow Six Siege Player Stats|2|0|13192158671250262|0|0
119|https://r6.tracker.network/R6/search?name=sminkid&platform=4|R6Tracker - Sminkid - Rainbow Six Siege Player Stats|1|0|13192158676219035|0|0
120|https://r6.tracker.network/profile/pc/Sminkid|R6Tracker - Sminkid - Rainbow Six Siege Player Stats|1|0|13192158676219035|0|0
121|https://r6.tracker.network/r6/search?name=General_Kainobi&platform=4|R6Tracker - General_Kainobi - Rainbow Six Siege Player Stats|1|0|13192158706413465|0|0
122|https://r6.tracker.network/profile/pc/General_Kainobi|R6Tracker - General_Kainobi - Rainbow Six Siege Player Stats|53|0|13192168190504529|0|0
123|https://repl.it/repls|Repl.it - Repls|2|0|13192160417737050|0|0
124|https://r6.tracker.network/profile/pc/General_Kainobi/seasons|R6Tracker - General_Kainobi - Rainbow Six Siege Season Stats|3|0|13192173530282950|0|0
125|https://repl.it/@natangiassi|Repl.it - natangiassi (PiG2164)|3|0|13192160488845563|0|0
126|https://repl.it/@natangiassi/ExperiencedLustrousChief|Repl.it - ExperiencedLustrousChief|2|0|13192160484431432|0|0
127|https://repl.it/@natangiassi/ApprehensiveRosyParentheses|Repl.it - ApprehensiveRosyParentheses|3|0|13192164322896144|0|0
128|https://www.google.com/search?q=api&oq=api&aqs=chrome..69i57j0l5.1257j0j7&sourceid=chrome&ie=UTF-8|api - Google Search|1|0|13192161092222887|0|0
129|https://www.google.com/search?q=ip+address+of+google&oq=ip+address+of+google&aqs=chrome.0.0l6.8265j0j7&sourceid=chrome&ie=UTF-8|ip address of google - Google Search|1|0|13192161504357043|0|0
130|https://apprehensiverosyparentheses--natangiassi.repl.co/results||65|0|13192175135781611|1|0
131|https://apprehensiverosyparentheses--natangiassi.repl.co/||32|0|13192175135781611|1|0
132|https://www.google.com/search?q=ip+adress+finder&oq=ip+adress+finder&aqs=chrome..69i57j0l5.3848j0j7&sourceid=chrome&ie=UTF-8|ip adress finder - Google Search|1|0|13192161573693160|0|0
133|https://www.iplocation.net/|IP Location Finder - Geolocation|1|0|13192161578234126|0|0
134|https://www.google.com/search?q=ipsatck&oq=ipsatck&aqs=chrome..69i57j0l5.2016j0j7&sourceid=chrome&ie=UTF-8|ipsatck - Google Search|1|0|13192161795969122|0|0
135|https://ipstack.com/|ipstack - Free IP Geolocation API|1|0|13192164591693863|0|0
136|https://www.google.com/search?q=slitherio&oq=slither&aqs=chrome.0.0j69i57j0l4.2833j0j7&sourceid=chrome&ie=UTF-8|slitherio - Google Search|1|0|13192162987469321|0|0
137|http://slither.io/|slither.io|2|0|13192164595329203|0|0
138|https://www.google.com/search?q=slitherio&oq=slither&aqs=chrome.0.69i59j69i57j69i60j0l3.2271j0j7&sourceid=chrome&ie=UTF-8|slitherio - Google Search|1|0|13192163160970837|0|0
139|https://www.google.com/search?q=ip+address&oq=ip+adr&aqs=chrome.1.69i59j0j69i57j0l3.2543j0j7&sourceid=chrome&ie=UTF-8|ip address - Google Search|1|0|13192163989642679|0|0
140|https://www.google.com/search?q=latitude%3A+-33.494+longitude%3A+143.2104&oq=latitude%3A+-33.494+longitude%3A+143.2104&aqs=chrome..69i57j69i58.240j0j7&sourceid=chrome&ie=UTF-8|latitude: -33.494 longitude: 143.2104 - Google Search|1|0|13192164906889205|0|0
141|http://www.get-direction.com/address-to-lat-long.html?place=-33.4940%2C%20143.2104|GPS coordinates (latitude and longitude) of -33.4940, 143.2104 | Get directions to/from -33.4940, 143.2104|1|0|13192164911295428|0|0
142|https://r6.tracker.network/profile/pc/General_Kainobi/operators|R6Tracker - General_Kainobi - Rainbow Six Siege Operator Stats|2|0|13192168415106772|0|0
143|https://r6.tracker.network/profile/pc/General_Kainobi/mmr-history|R6Tracker - General_Kainobi - Rainbow Six Siege Match History|3|0|13192173532867229|0|0
144|https://www.google.com/search?q=twitch&oq=twitch&aqs=chrome..69i57j0l5.2166j0j7&sourceid=chrome&ie=UTF-8|twitch - Google Search|1|0|13192168639974438|0|0
145|https://www.twitch.tv/|Twitch|1|0|13192168682855289|0|0
146|https://www.google.com/search?q=ussr+flag&oq=ussr+flag&aqs=chrome..69i57j0l5.2184j0j7&sourceid=chrome&ie=UTF-8|ussr flag - Google Search|1|0|13192169227311684|0|0
147|https://www.google.com/search?q=ussr+flag&source=lnms&tbm=isch&sa=X&ved=0ahUKEwjiis7A7_PfAhWbXSsKHYZBA7IQ_AUIDigB&biw=1920&bih=942|ussr flag - Google Search|2|0|13192169236606222|0|0
148|https://www.google.com/search?q=ussr+flag&source=lnms&tbm=isch&sa=X&ved=0ahUKEwjiis7A7_PfAhWbXSsKHYZBA7IQ_AUIDigB&biw=1920&bih=942#imgrc=c28F4GcdeCNosM:||1|0|13192169236612557|0|0
149|https://www.google.com/search?q=w4schools+img&oq=w4schools+img&aqs=chrome..69i57.4654j0j7&sourceid=chrome&ie=UTF-8|w4schools img - Google Search|2|0|13192169327845288|0|0
150|https://www.w3schools.com/tags/att_img_usemap.asp|HTML img usemap Attribute|1|0|13192169301910048|0|0
151|https://www.google.com/search?q=w3schools+img&sa=X&ved=0ahUKEwjjuKzj7_PfAhVBf30KHTCTBy0Q7xYIKygA&biw=1920&bih=893|w3schools img - Google Search|1|0|13192169331896780|0|0
152|https://www.w3schools.com/tags/tag_img.asp|HTML img tag|1|0|13192169333798953|0|0
153|https://www.google.com/search?q=html+img+not+showing&oq=html+img+not+showing&aqs=chrome..69i57j0l5.6200j0j7&sourceid=chrome&ie=UTF-8|html img not showing - Google Search|1|0|13192169523214354|0|0
154|http://www.pagetutor.com/html_tutor/missing.html|HTML Tutorial - Where are my images?|1|0|13192169534739909|0|0
155|https://www.google.com/search?q=ip+address&oq=ip+&aqs=chrome.0.69i59l3j35i39j69i60j69i57.1455j0j7&sourceid=chrome&ie=UTF-8|ip address - Google Search|1|0|13192169753747860|0|0
156|https://www.google.com/search?q=repl+images&oq=repl+images&aqs=chrome..69i57l2j69i59j69i60l3.977j0j7&sourceid=chrome&ie=UTF-8|repl images - Google Search|1|0|13192169885233349|0|0
157|https://repl.it/@EstherTOON/Images|Repl.it - Images|2|0|13192169889355511|0|0
158|https://www.google.com/url?sa=i&source=images&cd=&cad=rja&uact=8&ved=2ahUKEwiglJTF7_PfAhWOfX0KHcWTAUYQjRx6BAgBEAU&url=https%3A%2F%2Fwww.videoblocks.com%2Fvideo%2Frealistic-3d-seamless-looping-ussr-flag-waving-in-the-wind-dimtlet&psig=AOvVaw0JLQ4MP17_Rsmn-lkfD4nf&ust=1547782029877126|Realistic 3d seamless looping USSR flag waving in the wind. Motion Background - Storyblocks Video|1|0|13192169905718155|0|0
159|https://www.videoblocks.com/video/realistic-3d-seamless-looping-ussr-flag-waving-in-the-wind-dimtlet|Realistic 3d seamless looping USSR flag waving in the wind. Motion Background - Storyblocks Video|1|0|13192169905718155|0|0
160|https://www.google.com/search?q=ussr+flag&source=lnms&tbm=isch&sa=X&ved=0ahUKEwjiis7A7_PfAhWbXSsKHYZBA7IQ_AUIDigB&biw=1920&bih=942#imgrc=QGF3Itrr2fI1WM:||1|0|13192169922619857|0|0
161|https://www.google.com/search?q=ussr+flag&source=lnms&tbm=isch&sa=X&ved=0ahUKEwjiis7A7_PfAhWbXSsKHYZBA7IQ_AUIDigB&biw=1920&bih=942#imgrc=6EBtnZmd4Mz9jM:||1|0|13192169924936691|0|0
162|https://www.google.com/search?q=ussr+flag&source=lnms&tbm=isch&sa=X&ved=0ahUKEwjiis7A7_PfAhWbXSsKHYZBA7IQ_AUIDigB&biw=1920&bih=942#imgrc=1LkosKkYPTRpJM:||1|0|13192169926894427|0|0
163|https://www.google.com/url?sa=i&source=images&cd=&cad=rja&uact=8&ved=2ahUKEwjy0KeO8vPfAhUZfysKHYwWDo4QjRx6BAgBEAU&url=%2Furl%3Fsa%3Di%26source%3Dimages%26cd%3D%26ved%3D%26url%3Dhttps%253A%252F%252Fwww.crwflags.com%252Ffotw%252Fflags%252Fsu!err.html%26psig%3DAOvVaw0JLQ4MP17_Rsmn-lkfD4nf%26ust%3D1547782029877126&psig=AOvVaw0JLQ4MP17_Rsmn-lkfD4nf&ust=1547782029877126|Incorrect depictions of the Soviet Union flag|1|0|13192169930496153|0|0
164|https://www.google.com/url?sa=i&source=images&cd=&ved=&url=https%3A%2F%2Fwww.crwflags.com%2Ffotw%2Fflags%2Fsu!err.html&psig=AOvVaw0JLQ4MP17_Rsmn-lkfD4nf&ust=1547782029877126|Incorrect depictions of the Soviet Union flag|1|0|13192169930496153|0|0
165|https://www.crwflags.com/fotw/flags/su!err.html|Incorrect depictions of the Soviet Union flag|1|0|13192169930496153|0|0
166|https://www.crwflags.com/fotw/images/s/su!ystar.gif|su!ystar.gif (432×216)|1|0|13192169935352403|0|0
167|https://www.google.com/search?q=ussr+flag+image&oq=ussr+flag+image&aqs=chrome..69i57j0j35i39j0l3.1472j0j4&sourceid=chrome&ie=UTF-8|ussr flag image - Google Search|1|0|13192169947561188|0|0
168|https://www.google.com/search?q=ussr+flag+image&source=lnms&tbm=isch&sa=X&ved=0ahUKEwidw4eY8vPfAhXXdH0KHejaBHMQ_AUIDigB&biw=1920&bih=893|ussr flag image - Google Search|2|0|13192169952277542|0|0
169|https://www.google.com/search?q=ussr+flag+image&source=lnms&tbm=isch&sa=X&ved=0ahUKEwidw4eY8vPfAhXXdH0KHejaBHMQ_AUIDigB&biw=1920&bih=893#imgrc=VR0Vq1u0YIt6iM:||1|0|13192169952279877|0|0
170|https://www.google.com/search?q=ussr+flag+image&source=lnms&tbm=isch&sa=X&ved=0ahUKEwidw4eY8vPfAhXXdH0KHejaBHMQ_AUIDigB&biw=1920&bih=893#imgrc=1LkosKkYPTRpJM:||1|0|13192169953736091|0|0
171|https://www.google.com/search?q=ussr+flag+image&source=lnms&tbm=isch&sa=X&ved=0ahUKEwidw4eY8vPfAhXXdH0KHejaBHMQ_AUIDigB&biw=1920&bih=893#imgrc=LxQ18yLMByo-AM:||1|0|13192169954561319|0|0
172|https://i.ebayimg.com/images/g/XFIAAOSwBvNTo31t/s-l300.jpg|s-l300.jpg (300×179)|1|0|13192169958314151|0|0
173|https://www.google.com/search?q=ip+address+of+the+white+house&oq=ip+address+of+the+white+&aqs=chrome.0.0j69i57j0l2.6600j0j7&sourceid=chrome&ie=UTF-8|ip address of the white house - Google Search|1|0|13192170686406252|0|0
174|https://whatismyipaddress.com/ip/156.33.241.5|Complete IP Address Details for 156.33.241.5|2|0|13192170805551583|0|0
175|https://www.google.com/search?q=ip+address+of+the+white+house&oq=ip+&aqs=chrome.1.69i59l3j69i60j69i57j0.1943j0j7&sourceid=chrome&ie=UTF-8|ip address of the white house - Google Search|1|0|13192170803834785|0|0
176|https://www.google.com/search?q=hacking+simulator&oq=hack&aqs=chrome.1.69i57j35i39j0l4.2751j0j7&sourceid=chrome&ie=UTF-8|hacking simulator - Google Search|1|0|13192172749969214|0|0
177|https://geekprank.com/hacker/|GeekPrank Hacker Screen - The Best Hacker Simulator|1|0|13192172785196103|0|0
178|http://geektyper.com/|GEEKTyper.com - Hacking Simulator|1|0|13192172755168239|0|0
179|http://geektyper.com/fsociety/|GEEKTyper.com - fsociety|1|0|13192173137463484|0|0
180|http://geektyper.com/tegnio/|GEEKtyper.com|1|0|13192173140305469|0|0
