2019-01-07 02:58:48|https://www.mozilla.org/privacy/firefox/
2019-01-07 02:58:48|https://www.mozilla.org/en-US/privacy/firefox/
2019-01-07 02:58:53|http://aframe.io/
2019-01-07 02:58:55|https://aframe.io/
2019-01-07 02:58:58|https://aframe.io/examples/showcase/helloworld/
2019-01-07 02:59:07|https://glitch.com/~aframe
2019-01-07 03:00:14|https://glitch.com/edit/#!/remix/aframe
2019-01-07 03:00:16|https://glitch.com/edit/#!/
2019-01-07 03:00:16|https://glitch.com/edit/#!/wakeful-terrier
2019-01-07 03:03:19|https://glitch.com/edit/#!/wakeful-terrier?path=index.html:17:7
2019-01-07 03:03:20|https://wakeful-terrier.glitch.me/
2019-01-07 03:10:02|https://glitch.com/edit/#!/wakeful-terrier?path=index.html:5:33
2019-01-07 03:10:08|https://www.google.com/search?q=colour+wheel+codes&ie=utf-8&oe=utf-8&client=firefox-b-ab
2019-01-07 03:10:14|https://htmlcolorcodes.com/
2019-01-07 03:10:56|https://glitch.com/edit/#!/wakeful-terrier?path=index.html:14:86
2019-01-07 03:11:14|https://glitch.com/edit/#!/wakeful-terrier?path=index.html:11:48
2019-01-07 03:11:27|https://wakeful-terrier.glitch.me/
2019-01-07 03:11:28|https://wakeful-terrier.glitch.me/
2019-01-07 03:11:30|https://wakeful-terrier.glitch.me/
2019-01-07 03:11:34|https://wakeful-terrier.glitch.me/
2019-01-07 03:11:36|https://glitch.com/edit/#!/wakeful-terrier?path=index.html:12:48
2019-01-07 03:11:51|https://wakeful-terrier.glitch.me/
2019-01-07 03:11:55|https://wakeful-terrier.glitch.me/
2019-01-07 03:11:55|https://glitch.com/edit/#!/wakeful-terrier?path=index.html:17:7
2019-01-07 03:12:03|https://wakeful-terrier.glitch.me/
2019-01-07 03:12:03|https://wakeful-terrier.glitch.me/
2019-01-07 03:12:10|https://wakeful-terrier.glitch.me/
2019-01-07 03:13:11|https://wakeful-terrier.glitch.me/
2019-01-07 03:13:18|https://glitch.com/edit/#!/wakeful-terrier?path=index.html:16:9
2019-01-07 03:13:27|https://wakeful-terrier.glitch.me/
2019-01-07 03:13:28|https://wakeful-terrier.glitch.me/
2019-01-07 03:13:31|https://wakeful-terrier.glitch.me/
2019-01-07 03:13:34|https://wakeful-terrier.glitch.me/
2019-01-07 03:13:38|https://wakeful-terrier.glitch.me/
2019-01-07 03:13:40|https://wakeful-terrier.glitch.me/
2019-01-07 03:13:44|https://wakeful-terrier.glitch.me/
2019-01-07 03:13:46|https://wakeful-terrier.glitch.me/
2019-01-07 03:13:47|https://wakeful-terrier.glitch.me/
2019-01-07 03:13:49|https://wakeful-terrier.glitch.me/
2019-01-07 03:13:56|https://wakeful-terrier.glitch.me/
2019-01-07 03:13:58|https://wakeful-terrier.glitch.me/
2019-01-07 03:13:58|https://wakeful-terrier.glitch.me/
2019-01-07 03:14:04|https://wakeful-terrier.glitch.me/
2019-01-07 03:14:06|https://wakeful-terrier.glitch.me/
2019-01-07 03:14:10|https://wakeful-terrier.glitch.me/
2019-01-07 03:14:10|https://wakeful-terrier.glitch.me/
2019-01-07 03:14:15|https://wakeful-terrier.glitch.me/
2019-01-07 03:14:17|https://wakeful-terrier.glitch.me/
2019-01-07 03:15:22|https://wakeful-terrier.glitch.me/
2019-01-07 03:15:22|https://wakeful-terrier.glitch.me/
2019-01-07 03:15:26|https://wakeful-terrier.glitch.me/
2019-01-07 03:15:31|https://wakeful-terrier.glitch.me/
2019-01-07 03:15:32|https://wakeful-terrier.glitch.me/
2019-01-07 03:15:34|https://wakeful-terrier.glitch.me/
2019-01-07 03:15:34|https://wakeful-terrier.glitch.me/
2019-01-07 03:15:36|https://wakeful-terrier.glitch.me/
2019-01-07 03:15:38|https://wakeful-terrier.glitch.me/
2019-01-07 03:15:39|https://wakeful-terrier.glitch.me/
2019-01-07 03:15:40|https://wakeful-terrier.glitch.me/
2019-01-07 03:15:41|https://wakeful-terrier.glitch.me/
2019-01-07 03:15:42|https://wakeful-terrier.glitch.me/
2019-01-07 03:15:44|https://wakeful-terrier.glitch.me/
2019-01-07 03:15:45|https://wakeful-terrier.glitch.me/
2019-01-07 03:15:47|https://wakeful-terrier.glitch.me/
2019-01-07 03:15:47|https://wakeful-terrier.glitch.me/
2019-01-07 03:15:48|https://wakeful-terrier.glitch.me/
2019-01-07 03:15:49|https://wakeful-terrier.glitch.me/
2019-01-07 03:15:51|https://wakeful-terrier.glitch.me/
2019-01-07 03:15:53|https://wakeful-terrier.glitch.me/
2019-01-07 03:15:53|https://wakeful-terrier.glitch.me/
2019-01-07 03:15:54|https://glitch.com/edit/#!/wakeful-terrier?path=index.html:15:81
2019-01-07 03:16:02|https://wakeful-terrier.glitch.me/
2019-01-07 03:16:07|https://wakeful-terrier.glitch.me/
2019-01-07 03:16:10|https://wakeful-terrier.glitch.me/
2019-01-07 03:16:13|https://wakeful-terrier.glitch.me/
2019-01-07 03:16:16|https://wakeful-terrier.glitch.me/
2019-01-07 03:16:16|https://glitch.com/edit/#!/wakeful-terrier?path=index.html:18:7
2019-01-07 03:16:25|https://wakeful-terrier.glitch.me/
2019-01-07 03:16:29|https://wakeful-terrier.glitch.me/
2019-01-07 03:16:29|https://wakeful-terrier.glitch.me/
2019-01-07 03:16:31|https://glitch.com/edit/#!/wakeful-terrier?path=index.html:15:20
2019-01-07 03:16:45|https://wakeful-terrier.glitch.me/
2019-01-07 03:16:47|https://wakeful-terrier.glitch.me/
2019-01-07 03:16:48|https://wakeful-terrier.glitch.me/
2019-01-07 03:16:49|https://glitch.com/edit/#!/wakeful-terrier?path=index.html:11:83
2019-01-07 03:17:02|https://wakeful-terrier.glitch.me/
2019-01-07 03:17:07|https://wakeful-terrier.glitch.me/
2019-01-07 03:17:08|https://glitch.com/edit/#!/wakeful-terrier?path=index.html:14:90
2019-01-07 03:17:10|https://wakeful-terrier.glitch.me/
2019-01-07 03:17:32|https://wakeful-terrier.glitch.me/
2019-01-07 03:17:37|https://wakeful-terrier.glitch.me/
2019-01-07 03:17:39|https://wakeful-terrier.glitch.me/
2019-01-07 03:17:41|https://wakeful-terrier.glitch.me/
2019-01-07 03:17:42|https://wakeful-terrier.glitch.me/
2019-01-07 03:17:43|https://wakeful-terrier.glitch.me/
2019-01-07 03:17:44|https://glitch.com/edit/#!/wakeful-terrier?path=index.html:14:38
2019-01-07 03:17:53|https://wakeful-terrier.glitch.me/
2019-01-07 03:17:54|https://glitch.com/edit/#!/wakeful-terrier?path=index.html:14:55
2019-01-07 03:18:26|https://wakeful-terrier.glitch.me/
2019-01-07 03:18:27|https://wakeful-terrier.glitch.me/
2019-01-07 03:18:28|https://wakeful-terrier.glitch.me/
2019-01-07 03:18:29|https://glitch.com/edit/#!/wakeful-terrier?path=index.html:14:69
2019-01-07 03:18:51|https://wakeful-terrier.glitch.me/
2019-01-07 03:18:51|https://wakeful-terrier.glitch.me/
2019-01-07 03:18:58|https://wakeful-terrier.glitch.me/
2019-01-07 03:19:01|https://wakeful-terrier.glitch.me/
2019-01-07 03:19:01|https://wakeful-terrier.glitch.me/
2019-01-07 03:19:03|https://wakeful-terrier.glitch.me/
2019-01-07 03:19:03|https://glitch.com/edit/#!/wakeful-terrier?path=index.html:14:119
2019-01-07 03:19:11|https://glitch.com/edit/#!/wakeful-terrier?path=index.html:14:37
2019-01-07 03:19:53|https://glitch.com/edit/#!/wakeful-terrier?path=index.html:14:120
2019-01-07 03:20:24|https://www.google.com/search?q=aframe+documentation&ie=utf-8&oe=utf-8&client=firefox-b-ab
2019-01-07 03:20:26|https://aframe.io/docs/
2019-01-07 03:20:26|https://aframe.io/docs/0.8.0/introduction/
2019-01-07 03:20:30|https://aframe.io/docs/0.8.0/primitives/a-tetrahedron.html#sidebar
2019-01-07 03:20:30|https://aframe.io/docs/0.8.0/primitives/a-tetrahedron.html#sidebar
2019-01-07 03:20:43|https://wakeful-terrier.glitch.me/
2019-01-07 03:20:50|https://wakeful-terrier.glitch.me/
2019-01-07 03:20:51|https://wakeful-terrier.glitch.me/
2019-01-07 03:20:52|https://wakeful-terrier.glitch.me/
2019-01-07 03:20:55|https://wakeful-terrier.glitch.me/
2019-01-07 03:20:55|https://glitch.com/edit/#!/wakeful-terrier?path=index.html:15:127
2019-01-07 03:21:14|https://wakeful-terrier.glitch.me/
2019-01-07 03:21:24|https://wakeful-terrier.glitch.me/
2019-01-07 03:21:25|https://glitch.com/edit/#!/wakeful-terrier?path=index.html:14:40
2019-01-07 03:21:31|https://wakeful-terrier.glitch.me/
2019-01-07 03:21:32|https://glitch.com/edit/#!/wakeful-terrier?path=index.html:14:65
2019-01-07 03:21:40|https://wakeful-terrier.glitch.me/
2019-01-07 03:21:42|https://wakeful-terrier.glitch.me/
2019-01-07 03:21:42|https://glitch.com/edit/#!/wakeful-terrier?path=index.html:14:34
2019-01-07 03:21:48|https://glitch.com/edit/#!/wakeful-terrier?path=index.html:14:32
2019-01-07 03:21:48|https://wakeful-terrier.glitch.me/
2019-01-07 03:21:59|https://glitch.com/edit/#!/wakeful-terrier?path=index.html:14:36
2019-01-07 03:21:59|https://wakeful-terrier.glitch.me/
2019-01-07 03:22:09|https://wakeful-terrier.glitch.me/
2019-01-07 03:22:11|https://wakeful-terrier.glitch.me/
2019-01-07 03:22:13|https://wakeful-terrier.glitch.me/
2019-01-07 03:22:14|https://wakeful-terrier.glitch.me/
2019-01-07 03:22:16|https://wakeful-terrier.glitch.me/
2019-01-07 03:22:16|https://glitch.com/edit/#!/wakeful-terrier?path=index.html:14:38
2019-01-07 03:24:22|https://www.google.com/search?q=ustem+unsw&ie=utf-8&oe=utf-8&client=firefox-b-ab
2019-01-07 03:24:25|http://www.ustem.unsw.edu.au/
2019-01-07 03:24:26|http://www.ustem.unsw.edu.au/workshops
2019-01-07 03:24:28|http://www.ustem.unsw.edu.au/workshops/compclub
2019-01-07 03:59:50|https://aframe.io/examples/showcase/helloworld/
2019-01-07 04:01:07|https://glitch.com/~aframe
2019-01-07 04:01:28|https://glitch.com/edit/#!/remix/aframe
2019-01-07 04:01:30|https://glitch.com/edit/#!/
2019-01-07 04:01:30|https://glitch.com/edit/#!/good-colon
2019-01-07 04:04:48|https://glitch.com/edit/#!/good-colon?path=index.html:17:7
2019-01-07 04:04:49|https://good-colon.glitch.me/
2019-01-07 04:08:37|https://www.google.com/search?q=html+colour+codes&ie=utf-8&oe=utf-8&client=firefox-b-ab
2019-01-07 04:08:47|https://www.rapidtables.com/web/color/html-color-codes.html
2019-01-07 04:09:15|https://glitch.com/edit/#!/good-colon?path=index.html:13:73
2019-01-07 04:09:15|https://good-colon.glitch.me/
2019-01-07 04:09:41|https://good-colon.glitch.me/
2019-01-07 04:09:42|https://good-colon.glitch.me/
2019-01-07 04:09:44|https://good-colon.glitch.me/
2019-01-07 04:09:46|https://good-colon.glitch.me/
2019-01-07 04:09:46|https://good-colon.glitch.me/
2019-01-07 04:09:48|https://glitch.com/edit/#!/good-colon?path=index.html:13:79
2019-01-07 04:10:59|https://good-colon.glitch.me/
2019-01-07 04:11:21|https://good-colon.glitch.me/
2019-01-07 04:11:23|https://good-colon.glitch.me/
2019-01-07 04:11:24|https://good-colon.glitch.me/
2019-01-07 04:11:26|https://good-colon.glitch.me/
2019-01-07 04:11:28|https://good-colon.glitch.me/
2019-01-07 04:11:30|https://good-colon.glitch.me/
2019-01-07 04:11:34|https://good-colon.glitch.me/
2019-01-07 04:11:35|https://good-colon.glitch.me/
2019-01-07 04:11:36|https://good-colon.glitch.me/
2019-01-07 04:11:39|https://good-colon.glitch.me/
2019-01-07 04:11:41|https://good-colon.glitch.me/
2019-01-07 04:11:44|https://good-colon.glitch.me/
2019-01-07 04:11:45|https://good-colon.glitch.me/
2019-01-07 04:11:46|https://good-colon.glitch.me/
2019-01-07 04:11:47|https://good-colon.glitch.me/
2019-01-07 04:11:50|https://good-colon.glitch.me/
2019-01-07 04:11:51|https://good-colon.glitch.me/
2019-01-07 04:11:53|https://good-colon.glitch.me/
2019-01-07 04:11:57|https://good-colon.glitch.me/
2019-01-07 04:12:00|https://good-colon.glitch.me/
2019-01-07 04:12:01|https://good-colon.glitch.me/
2019-01-07 04:12:02|https://good-colon.glitch.me/
2019-01-07 04:12:06|https://good-colon.glitch.me/
2019-01-07 04:12:07|https://good-colon.glitch.me/
2019-01-07 04:12:10|https://good-colon.glitch.me/
2019-01-07 04:12:11|https://good-colon.glitch.me/
2019-01-07 04:12:12|https://good-colon.glitch.me/
2019-01-07 04:12:16|https://good-colon.glitch.me/
2019-01-07 04:12:16|https://good-colon.glitch.me/
2019-01-07 04:12:17|https://good-colon.glitch.me/
2019-01-07 04:12:18|https://good-colon.glitch.me/
2019-01-07 04:12:20|https://good-colon.glitch.me/
2019-01-07 04:12:25|https://good-colon.glitch.me/
2019-01-07 04:12:25|https://good-colon.glitch.me/
2019-01-07 04:12:27|https://good-colon.glitch.me/
2019-01-07 04:12:30|https://good-colon.glitch.me/
2019-01-07 04:12:31|https://good-colon.glitch.me/
2019-01-07 04:12:33|https://good-colon.glitch.me/
2019-01-07 04:12:35|https://good-colon.glitch.me/
2019-01-07 04:12:37|https://good-colon.glitch.me/
2019-01-07 04:12:38|https://good-colon.glitch.me/
2019-01-07 04:12:40|https://good-colon.glitch.me/
2019-01-07 04:12:41|https://good-colon.glitch.me/
2019-01-07 04:12:43|https://good-colon.glitch.me/
2019-01-07 04:12:45|https://good-colon.glitch.me/
2019-01-07 04:12:49|https://good-colon.glitch.me/
2019-01-07 04:12:54|https://good-colon.glitch.me/
2019-01-07 04:12:56|https://good-colon.glitch.me/
2019-01-07 04:13:21|https://good-colon.glitch.me/
2019-01-07 04:13:25|https://good-colon.glitch.me/
2019-01-07 04:13:29|https://good-colon.glitch.me/
2019-01-07 04:13:30|https://glitch.com/edit/#!/good-colon?path=index.html:18:59
2019-01-07 04:14:09|https://good-colon.glitch.me/
2019-01-07 04:14:18|https://good-colon.glitch.me/
2019-01-07 04:14:20|https://glitch.com/edit/#!/good-colon?path=index.html:36:7
2019-01-07 04:14:24|https://good-colon.glitch.me/
2019-01-07 04:14:39|https://good-colon.glitch.me/
2019-01-07 04:14:47|https://good-colon.glitch.me/
2019-01-07 04:14:49|https://good-colon.glitch.me/
2019-01-07 04:14:49|https://glitch.com/edit/#!/good-colon?path=index.html:38:7
2019-01-07 04:15:31|https://good-colon.glitch.me/
2019-01-07 04:16:35|https://good-colon.glitch.me/
2019-01-07 04:16:37|https://good-colon.glitch.me/
2019-01-07 04:17:28|https://good-colon.glitch.me/
2019-01-07 04:17:29|https://good-colon.glitch.me/
2019-01-07 04:17:32|https://good-colon.glitch.me/
2019-01-07 04:17:33|https://good-colon.glitch.me/
2019-01-07 04:17:35|https://good-colon.glitch.me/
2019-01-07 04:17:38|https://good-colon.glitch.me/
2019-01-07 04:17:47|https://good-colon.glitch.me/
2019-01-07 04:17:48|https://good-colon.glitch.me/
2019-01-07 04:17:49|https://good-colon.glitch.me/
2019-01-07 04:17:50|https://glitch.com/edit/#!/good-colon?path=index.html:19:54
2019-01-07 04:18:10|https://good-colon.glitch.me/
2019-01-07 04:18:11|https://good-colon.glitch.me/
2019-01-07 04:19:36|https://good-colon.glitch.me/
2019-01-07 04:19:51|https://good-colon.glitch.me/
2019-01-07 04:19:56|https://good-colon.glitch.me/
2019-01-07 04:19:57|https://good-colon.glitch.me/
2019-01-07 04:19:59|https://good-colon.glitch.me/
2019-01-07 04:20:02|https://good-colon.glitch.me/
2019-01-07 04:20:03|https://good-colon.glitch.me/
2019-01-07 04:20:06|https://good-colon.glitch.me/
2019-01-07 04:20:07|https://good-colon.glitch.me/
2019-01-07 04:20:11|https://good-colon.glitch.me/
2019-01-07 04:20:12|https://good-colon.glitch.me/
2019-01-07 04:20:15|https://glitch.com/edit/#!/good-colon?path=index.html:30:27
2019-01-07 04:21:34|https://good-colon.glitch.me/
2019-01-07 04:21:35|https://good-colon.glitch.me/
2019-01-07 04:21:37|https://good-colon.glitch.me/
2019-01-07 04:21:37|https://good-colon.glitch.me/
2019-01-07 04:21:38|https://glitch.com/edit/#!/good-colon?path=index.html:19:65
2019-01-07 04:22:02|https://www.google.com/search?q=html+movement+commands&ie=utf-8&oe=utf-8&client=firefox-b
2019-01-07 04:22:44|https://good-colon.glitch.me/
2019-01-07 04:22:46|https://good-colon.glitch.me/
2019-01-07 04:22:46|https://good-colon.glitch.me/
2019-01-07 04:22:50|https://good-colon.glitch.me/
2019-01-07 04:22:51|https://good-colon.glitch.me/
2019-01-07 04:22:54|https://good-colon.glitch.me/
2019-01-07 04:22:55|https://good-colon.glitch.me/
2019-01-07 04:22:56|https://good-colon.glitch.me/
2019-01-07 04:22:59|https://good-colon.glitch.me/
2019-01-07 04:23:02|https://good-colon.glitch.me/
2019-01-07 04:23:04|https://good-colon.glitch.me/
2019-01-07 04:23:05|https://glitch.com/edit/#!/good-colon?path=index.html:31:26
2019-01-07 04:23:40|https://glitch.com/edit/#!/good-colon?path=index.html:21:31
2019-01-07 04:23:58|https://www.google.com/search?q=html+function+commands&ie=utf-8&oe=utf-8&client=firefox-b-ab
2019-01-07 04:24:00|https://www.w3schools.com/js/js_htmldom_methods.asp
2019-01-07 04:24:13|https://www.google.com/search?client=firefox-b-ab&ei=XtQyXOiOCpSIoASxoabYBQ&q=html+function+commands+for+animations&oq=html+function+commands+for+animations&gs_l=psy-ab.3...904.4625..5698...2.0..0.345.4146.0j1j14j2......0....1..gws-wiz.......0i71j33i22i29i30j33i160.Qee_c6K6fOY
2019-01-07 04:24:18|https://www.w3schools.com/js/js_htmldom_animate.asp
2019-01-07 04:25:18|https://glitch.com/edit/#!/good-colon?path=index.html:13:38
2019-01-07 04:25:20|https://aframe.io/
2019-01-07 04:25:43|https://aframe.io/examples/showcase/animation/
2019-01-07 04:25:51|https://github.com/processprocess/lazerGlazer_Viz
2019-01-07 04:26:03|http://philipbell.org/lazerGlazer_Viz/
2019-01-14 23:12:22|http://summer2019.compclub.com.au/
2019-01-14 23:12:23|https://summer2019.compclub.com.au/
2019-01-14 23:12:42|https://summer2019.compclub.com.au/day2
2019-01-14 23:13:08|https://trinket.io/features/pygame
2019-01-14 23:13:16|https://repl.it/languages/python3
2019-01-14 23:13:18|https://repl.it/repls/LargeAquaRadius
2019-01-14 23:13:36|https://www.youtube.com/watch?v=QvtlEj_T55o&list=PLlEgNdBJEO-lqvqL5nNNZC6KoRdSrhQwK
2019-01-14 23:13:52|https://docs.python.org/3/library/turtle.html
2019-01-14 23:14:04|https://summer2019.compclub.com.au/
2019-01-14 23:14:08|https://summer2019.compclub.com.au/day2
2019-01-14 23:30:17|https://trinket.io/features/pygame
2019-01-14 23:33:20|https://docs.python.org/3/library/turtle.html
2019-01-14 23:39:38|https://summer2019.compclub.com.au/day2
2019-01-14 23:39:42|https://docs.google.com/presentation/d/1pPY_lvrvM3fl2SwvAnziN9Ib5owxXOwjiZg_DzcKNiI/edit?usp=sharing
2019-01-14 23:39:43|https://docs.google.com/presentation/d/1pPY_lvrvM3fl2SwvAnziN9Ib5owxXOwjiZg_DzcKNiI/edit
2019-01-14 23:39:44|https://docs.google.com/presentation/d/1pPY_lvrvM3fl2SwvAnziN9Ib5owxXOwjiZg_DzcKNiI/edit#slide=id.g337fd436a2_1_5
2019-01-14 23:39:47|https://docs.google.com/presentation/d/1pPY_lvrvM3fl2SwvAnziN9Ib5owxXOwjiZg_DzcKNiI/edit#slide=id.g4c0ab1ff68_0_16
2019-01-14 23:39:48|https://docs.google.com/presentation/d/1pPY_lvrvM3fl2SwvAnziN9Ib5owxXOwjiZg_DzcKNiI/edit#slide=id.g4c0ab1ffe2_0_1
2019-01-14 23:39:50|https://docs.google.com/presentation/d/1pPY_lvrvM3fl2SwvAnziN9Ib5owxXOwjiZg_DzcKNiI/edit#slide=id.g4c0ab1ff68_0_25
2019-01-14 23:39:51|https://docs.google.com/presentation/d/1pPY_lvrvM3fl2SwvAnziN9Ib5owxXOwjiZg_DzcKNiI/edit#slide=id.g4c0ab1ffe2_0_11
2019-01-14 23:41:22|https://docs.google.com/presentation/d/1pPY_lvrvM3fl2SwvAnziN9Ib5owxXOwjiZg_DzcKNiI/edit#slide=id.g4c0ab1ffe2_0_1
2019-01-14 23:41:27|https://docs.google.com/presentation/d/1pPY_lvrvM3fl2SwvAnziN9Ib5owxXOwjiZg_DzcKNiI/edit#slide=id.g4c0ab1ffe2_0_11
2019-01-14 23:41:28|https://docs.google.com/presentation/d/1pPY_lvrvM3fl2SwvAnziN9Ib5owxXOwjiZg_DzcKNiI/edit#slide=id.g4c0ab1ffe2_0_19
2019-01-14 23:41:30|https://docs.google.com/presentation/d/1pPY_lvrvM3fl2SwvAnziN9Ib5owxXOwjiZg_DzcKNiI/edit#slide=id.g4c0ab1ffe2_0_1
2019-01-14 23:41:43|https://docs.google.com/presentation/d/1pPY_lvrvM3fl2SwvAnziN9Ib5owxXOwjiZg_DzcKNiI/edit#slide=id.g4c0ab1ffe2_0_11
2019-01-14 23:42:05|https://docs.google.com/presentation/d/1pPY_lvrvM3fl2SwvAnziN9Ib5owxXOwjiZg_DzcKNiI/edit#slide=id.g4c0ab1ffe2_0_19
2019-01-14 23:43:15|https://docs.google.com/presentation/d/1pPY_lvrvM3fl2SwvAnziN9Ib5owxXOwjiZg_DzcKNiI/edit#slide=id.g4c0ab1ffe2_0_27
2019-01-14 23:43:30|https://docs.google.com/presentation/d/1pPY_lvrvM3fl2SwvAnziN9Ib5owxXOwjiZg_DzcKNiI/edit#slide=id.g4c0ab1ffe2_0_19
2019-01-14 23:43:45|https://docs.google.com/presentation/d/1pPY_lvrvM3fl2SwvAnziN9Ib5owxXOwjiZg_DzcKNiI/edit#slide=id.g4c0ab1ffe2_0_27
2019-01-14 23:43:47|https://docs.google.com/presentation/d/1pPY_lvrvM3fl2SwvAnziN9Ib5owxXOwjiZg_DzcKNiI/edit#slide=id.g4c0ab1ffe2_0_19
2019-01-14 23:45:40|https://docs.google.com/presentation/d/1pPY_lvrvM3fl2SwvAnziN9Ib5owxXOwjiZg_DzcKNiI/edit#slide=id.g4c0ab1ffe2_0_27
2019-01-14 23:46:24|https://docs.google.com/presentation/d/1pPY_lvrvM3fl2SwvAnziN9Ib5owxXOwjiZg_DzcKNiI/edit#slide=id.g4c0ab1ffe2_0_19
2019-01-14 23:46:25|https://docs.google.com/presentation/d/1pPY_lvrvM3fl2SwvAnziN9Ib5owxXOwjiZg_DzcKNiI/edit#slide=id.g4c0ab1ffe2_0_27
2019-01-14 23:47:43|https://docs.google.com/presentation/d/1pPY_lvrvM3fl2SwvAnziN9Ib5owxXOwjiZg_DzcKNiI/edit#slide=id.g4c0ab1ffe2_0_19
2019-01-14 23:47:46|https://docs.google.com/presentation/d/1pPY_lvrvM3fl2SwvAnziN9Ib5owxXOwjiZg_DzcKNiI/edit#slide=id.g4c0ab1ffe2_0_11
2019-01-14 23:49:42|https://docs.google.com/presentation/d/1pPY_lvrvM3fl2SwvAnziN9Ib5owxXOwjiZg_DzcKNiI/edit#slide=id.g4c0ab1ffe2_0_1
2019-01-14 23:49:44|https://docs.google.com/presentation/d/1pPY_lvrvM3fl2SwvAnziN9Ib5owxXOwjiZg_DzcKNiI/edit#slide=id.g4c0ab1ff68_0_25
2019-01-14 23:49:44|https://docs.google.com/presentation/d/1pPY_lvrvM3fl2SwvAnziN9Ib5owxXOwjiZg_DzcKNiI/edit#slide=id.g4c0ab1ffe2_0_1
2019-01-14 23:49:45|https://docs.google.com/presentation/d/1pPY_lvrvM3fl2SwvAnziN9Ib5owxXOwjiZg_DzcKNiI/edit#slide=id.g4c0ab1ffe2_0_11
2019-01-14 23:49:46|https://docs.google.com/presentation/d/1pPY_lvrvM3fl2SwvAnziN9Ib5owxXOwjiZg_DzcKNiI/edit#slide=id.g4c0ab1ffe2_0_19
2019-01-14 23:49:49|https://docs.google.com/presentation/d/1pPY_lvrvM3fl2SwvAnziN9Ib5owxXOwjiZg_DzcKNiI/edit#slide=id.g4c0ab1ffe2_0_27
2019-01-14 23:50:25|https://docs.google.com/presentation/d/1pPY_lvrvM3fl2SwvAnziN9Ib5owxXOwjiZg_DzcKNiI/edit#slide=id.g4c0ab1ffe2_0_19
2019-01-14 23:50:26|https://docs.google.com/presentation/d/1pPY_lvrvM3fl2SwvAnziN9Ib5owxXOwjiZg_DzcKNiI/edit#slide=id.g4c0ab1ffe2_0_27
2019-01-14 23:50:27|https://docs.google.com/presentation/d/1pPY_lvrvM3fl2SwvAnziN9Ib5owxXOwjiZg_DzcKNiI/edit#slide=id.g4c0ab1ffe2_0_19
2019-01-14 23:50:27|https://docs.google.com/presentation/d/1pPY_lvrvM3fl2SwvAnziN9Ib5owxXOwjiZg_DzcKNiI/edit#slide=id.g4c0ab1ffe2_0_11
2019-01-14 23:50:28|https://docs.google.com/presentation/d/1pPY_lvrvM3fl2SwvAnziN9Ib5owxXOwjiZg_DzcKNiI/edit#slide=id.g4c0ab1ffe2_0_19
2019-01-14 23:50:28|https://docs.google.com/presentation/d/1pPY_lvrvM3fl2SwvAnziN9Ib5owxXOwjiZg_DzcKNiI/edit#slide=id.g4c0ab1ffe2_0_27
2019-01-14 23:50:29|https://docs.google.com/presentation/d/1pPY_lvrvM3fl2SwvAnziN9Ib5owxXOwjiZg_DzcKNiI/edit#slide=id.g4c0ab1ffe2_0_35
2019-01-14 23:50:29|https://docs.google.com/presentation/d/1pPY_lvrvM3fl2SwvAnziN9Ib5owxXOwjiZg_DzcKNiI/edit#slide=id.g4c0ab1ffe2_0_27
2019-01-14 23:58:27|https://docs.google.com/presentation/d/1pPY_lvrvM3fl2SwvAnziN9Ib5owxXOwjiZg_DzcKNiI/edit#slide=id.g4c0ab1ffe2_0_19
2019-01-14 23:58:28|https://docs.google.com/presentation/d/1pPY_lvrvM3fl2SwvAnziN9Ib5owxXOwjiZg_DzcKNiI/edit#slide=id.g4c0ab1ffe2_0_11
2019-01-14 23:58:30|https://docs.google.com/presentation/d/1pPY_lvrvM3fl2SwvAnziN9Ib5owxXOwjiZg_DzcKNiI/edit#slide=id.g4c0ab1ffe2_0_19
2019-01-14 23:58:34|https://docs.google.com/presentation/d/1pPY_lvrvM3fl2SwvAnziN9Ib5owxXOwjiZg_DzcKNiI/edit#slide=id.g4c0ab1ffe2_0_27
2019-01-15 00:02:28|https://docs.google.com/presentation/d/1pPY_lvrvM3fl2SwvAnziN9Ib5owxXOwjiZg_DzcKNiI/edit#slide=id.g4c0ab1ffe2_0_35
2019-01-15 00:04:21|https://docs.google.com/presentation/d/1pPY_lvrvM3fl2SwvAnziN9Ib5owxXOwjiZg_DzcKNiI/edit#slide=id.g4c0ab1ffe2_0_43
2019-01-15 00:04:24|https://docs.google.com/presentation/d/1pPY_lvrvM3fl2SwvAnziN9Ib5owxXOwjiZg_DzcKNiI/edit#slide=id.g4c0ab1ffe2_0_35
2019-01-15 00:04:25|https://docs.google.com/presentation/d/1pPY_lvrvM3fl2SwvAnziN9Ib5owxXOwjiZg_DzcKNiI/edit#slide=id.g4c0ab1ffe2_0_43
2019-01-15 00:08:46|https://docs.google.com/presentation/d/1pPY_lvrvM3fl2SwvAnziN9Ib5owxXOwjiZg_DzcKNiI/edit#slide=id.g4c0ab1ffe2_0_53
2019-01-15 00:11:06|https://docs.google.com/presentation/d/1pPY_lvrvM3fl2SwvAnziN9Ib5owxXOwjiZg_DzcKNiI/edit#slide=id.g4c0ab1ffe2_0_62
2019-01-15 00:12:46|https://docs.google.com/presentation/d/1pPY_lvrvM3fl2SwvAnziN9Ib5owxXOwjiZg_DzcKNiI/edit#slide=id.g4c0ab1ffe2_0_97
2019-01-15 00:16:57|https://docs.google.com/presentation/d/1pPY_lvrvM3fl2SwvAnziN9Ib5owxXOwjiZg_DzcKNiI/edit#slide=id.g4c0ab1ffe2_0_62
2019-01-15 00:17:01|https://docs.google.com/presentation/d/1pPY_lvrvM3fl2SwvAnziN9Ib5owxXOwjiZg_DzcKNiI/edit#slide=id.g4c0ab1ffe2_0_97
2019-01-15 00:17:02|https://docs.google.com/presentation/d/1pPY_lvrvM3fl2SwvAnziN9Ib5owxXOwjiZg_DzcKNiI/edit#slide=id.g4c0ab1ffe2_0_53
2019-01-15 00:17:47|https://docs.google.com/presentation/d/1pPY_lvrvM3fl2SwvAnziN9Ib5owxXOwjiZg_DzcKNiI/edit#slide=id.g4c0ab1ffe2_0_62
2019-01-15 00:17:50|https://docs.google.com/presentation/d/1pPY_lvrvM3fl2SwvAnziN9Ib5owxXOwjiZg_DzcKNiI/edit#slide=id.g4c0ab1ffe2_0_53
2019-01-15 00:18:26|https://docs.google.com/presentation/d/1pPY_lvrvM3fl2SwvAnziN9Ib5owxXOwjiZg_DzcKNiI/edit#slide=id.g4c0ab1ffe2_0_43
2019-01-15 00:18:32|https://docs.google.com/presentation/d/1pPY_lvrvM3fl2SwvAnziN9Ib5owxXOwjiZg_DzcKNiI/edit#slide=id.g4c0ab1ffe2_0_53
2019-01-15 00:18:33|https://docs.google.com/presentation/d/1pPY_lvrvM3fl2SwvAnziN9Ib5owxXOwjiZg_DzcKNiI/edit#slide=id.g4c0ab1ffe2_0_62
2019-01-15 00:18:35|https://docs.google.com/presentation/d/1pPY_lvrvM3fl2SwvAnziN9Ib5owxXOwjiZg_DzcKNiI/edit#slide=id.g4c0ab1ffe2_0_97
2019-01-15 00:18:36|https://docs.google.com/presentation/d/1pPY_lvrvM3fl2SwvAnziN9Ib5owxXOwjiZg_DzcKNiI/edit#slide=id.g4c0ab1ffe2_0_71
2019-01-15 00:18:39|https://docs.google.com/presentation/d/1pPY_lvrvM3fl2SwvAnziN9Ib5owxXOwjiZg_DzcKNiI/edit#slide=id.g4c0ab1ffe2_0_97
2019-01-15 00:23:56|https://docs.google.com/presentation/d/1pPY_lvrvM3fl2SwvAnziN9Ib5owxXOwjiZg_DzcKNiI/edit#slide=id.g4c0ab1ffe2_0_62
2019-01-15 00:23:57|https://docs.google.com/presentation/d/1pPY_lvrvM3fl2SwvAnziN9Ib5owxXOwjiZg_DzcKNiI/edit#slide=id.g4c0ab1ffe2_0_53
2019-01-15 00:29:35|https://docs.google.com/presentation/d/1pPY_lvrvM3fl2SwvAnziN9Ib5owxXOwjiZg_DzcKNiI/edit#slide=id.g4c0ab1ffe2_0_62
2019-01-15 00:30:05|https://docs.google.com/presentation/d/1pPY_lvrvM3fl2SwvAnziN9Ib5owxXOwjiZg_DzcKNiI/edit#slide=id.g4c0ab1ffe2_0_97
2019-01-15 00:30:06|https://docs.google.com/presentation/d/1pPY_lvrvM3fl2SwvAnziN9Ib5owxXOwjiZg_DzcKNiI/edit#slide=id.g4c0ab1ffe2_0_71
2019-01-15 00:55:48|https://docs.google.com/presentation/d/1pPY_lvrvM3fl2SwvAnziN9Ib5owxXOwjiZg_DzcKNiI/edit#slide=id.g4c0ab1ffe2_0_81
2019-01-15 00:55:50|https://docs.google.com/presentation/d/1pPY_lvrvM3fl2SwvAnziN9Ib5owxXOwjiZg_DzcKNiI/edit#slide=id.g4c0ab1ffe2_0_89
2019-01-15 00:55:51|https://docs.google.com/presentation/d/1pPY_lvrvM3fl2SwvAnziN9Ib5owxXOwjiZg_DzcKNiI/edit#slide=id.g4c0ab1ffe2_0_81
2019-01-15 00:57:59|https://docs.google.com/presentation/d/1pPY_lvrvM3fl2SwvAnziN9Ib5owxXOwjiZg_DzcKNiI/edit#slide=id.g4c0ab1ffe2_0_89
2019-01-15 00:58:40|https://docs.google.com/presentation/d/1pPY_lvrvM3fl2SwvAnziN9Ib5owxXOwjiZg_DzcKNiI/edit#slide=id.g4c0ab1ffe2_0_81
2019-01-15 01:00:45|https://docs.google.com/presentation/d/1pPY_lvrvM3fl2SwvAnziN9Ib5owxXOwjiZg_DzcKNiI/edit#slide=id.g4c0ab1ffe2_0_89
2019-01-15 01:03:09|https://docs.google.com/presentation/d/1pPY_lvrvM3fl2SwvAnziN9Ib5owxXOwjiZg_DzcKNiI/edit#slide=id.g4c0ab1ffe2_0_81
2019-01-15 01:05:06|https://docs.google.com/presentation/d/1pPY_lvrvM3fl2SwvAnziN9Ib5owxXOwjiZg_DzcKNiI/edit#slide=id.g4c0ab1ffe2_0_89
2019-01-15 01:14:18|https://docs.google.com/presentation/d/1pPY_lvrvM3fl2SwvAnziN9Ib5owxXOwjiZg_DzcKNiI/edit#slide=id.g4c0ab1ffe2_0_53
2019-01-15 01:14:24|https://docs.google.com/presentation/d/1pPY_lvrvM3fl2SwvAnziN9Ib5owxXOwjiZg_DzcKNiI/edit#slide=id.g4c0ab1ffe2_0_62
2019-01-15 01:14:35|https://docs.google.com/presentation/d/1pPY_lvrvM3fl2SwvAnziN9Ib5owxXOwjiZg_DzcKNiI/edit#slide=id.g4c0ab1ffe2_0_97
2019-01-15 01:14:36|https://docs.google.com/presentation/d/1pPY_lvrvM3fl2SwvAnziN9Ib5owxXOwjiZg_DzcKNiI/edit#slide=id.g4c0ab1ffe2_0_62
2019-01-15 01:14:37|https://docs.google.com/presentation/d/1pPY_lvrvM3fl2SwvAnziN9Ib5owxXOwjiZg_DzcKNiI/edit#slide=id.g4c0ab1ffe2_0_97
2019-01-15 01:14:47|https://docs.google.com/presentation/d/1pPY_lvrvM3fl2SwvAnziN9Ib5owxXOwjiZg_DzcKNiI/edit#slide=id.g4c0ab1ffe2_0_71
2019-01-15 01:14:48|https://docs.google.com/presentation/d/1pPY_lvrvM3fl2SwvAnziN9Ib5owxXOwjiZg_DzcKNiI/edit#slide=id.g4c0ab1ffe2_0_97
2019-01-15 01:22:11|https://docs.google.com/presentation/d/1pPY_lvrvM3fl2SwvAnziN9Ib5owxXOwjiZg_DzcKNiI/edit#slide=id.g4c0ab1ffe2_0_71
2019-01-15 01:22:12|https://docs.google.com/presentation/d/1pPY_lvrvM3fl2SwvAnziN9Ib5owxXOwjiZg_DzcKNiI/edit#slide=id.g4c0ab1ffe2_0_81
2019-01-15 01:22:16|https://docs.google.com/presentation/d/1pPY_lvrvM3fl2SwvAnziN9Ib5owxXOwjiZg_DzcKNiI/edit#slide=id.g4c0ab1ffe2_0_89
2019-01-15 01:22:18|https://docs.google.com/presentation/d/1pPY_lvrvM3fl2SwvAnziN9Ib5owxXOwjiZg_DzcKNiI/edit#slide=id.g4c0ab1ffe2_0_105
2019-01-15 01:26:43|https://docs.google.com/presentation/d/1pPY_lvrvM3fl2SwvAnziN9Ib5owxXOwjiZg_DzcKNiI/edit#slide=id.g4747f2f9ff_1_5
2019-01-15 01:26:45|https://docs.google.com/presentation/d/1pPY_lvrvM3fl2SwvAnziN9Ib5owxXOwjiZg_DzcKNiI/edit#slide=id.g4c17cd19ee_0_5
2019-01-15 01:26:59|https://docs.google.com/presentation/d/1pPY_lvrvM3fl2SwvAnziN9Ib5owxXOwjiZg_DzcKNiI/edit#slide=id.g4c0ab1ffe2_0_105
2019-01-15 01:28:12|https://docs.google.com/presentation/d/1pPY_lvrvM3fl2SwvAnziN9Ib5owxXOwjiZg_DzcKNiI/edit#slide=id.g4c0ab1ffe2_0_89
2019-01-15 01:28:14|https://docs.google.com/presentation/d/1pPY_lvrvM3fl2SwvAnziN9Ib5owxXOwjiZg_DzcKNiI/edit#slide=id.g4c0ab1ffe2_0_105
2019-01-15 01:30:57|https://docs.google.com/presentation/d/1pPY_lvrvM3fl2SwvAnziN9Ib5owxXOwjiZg_DzcKNiI/edit#slide=id.g4c0ab1ffe2_0_89
2019-01-15 01:30:59|https://docs.google.com/presentation/d/1pPY_lvrvM3fl2SwvAnziN9Ib5owxXOwjiZg_DzcKNiI/edit#slide=id.g4c0ab1ffe2_0_81
2019-01-15 01:31:00|https://docs.google.com/presentation/d/1pPY_lvrvM3fl2SwvAnziN9Ib5owxXOwjiZg_DzcKNiI/edit#slide=id.g4c0ab1ffe2_0_71
2019-01-15 01:31:00|https://docs.google.com/presentation/d/1pPY_lvrvM3fl2SwvAnziN9Ib5owxXOwjiZg_DzcKNiI/edit#slide=id.g4c0ab1ffe2_0_97
2019-01-15 01:31:02|https://docs.google.com/presentation/d/1pPY_lvrvM3fl2SwvAnziN9Ib5owxXOwjiZg_DzcKNiI/edit#slide=id.g4c0ab1ffe2_0_62
2019-01-15 01:31:06|https://docs.google.com/presentation/d/1pPY_lvrvM3fl2SwvAnziN9Ib5owxXOwjiZg_DzcKNiI/edit#slide=id.g4c0ab1ffe2_0_105
2019-01-15 01:31:13|https://docs.google.com/presentation/d/1pPY_lvrvM3fl2SwvAnziN9Ib5owxXOwjiZg_DzcKNiI/edit#slide=id.g4c17cd19ee_0_5
2019-01-15 01:31:18|https://docs.google.com/presentation/d/1pPY_lvrvM3fl2SwvAnziN9Ib5owxXOwjiZg_DzcKNiI/edit#slide=id.g4747f2f9ff_1_5
2019-01-15 01:31:19|https://docs.google.com/presentation/d/1pPY_lvrvM3fl2SwvAnziN9Ib5owxXOwjiZg_DzcKNiI/edit#slide=id.g4c17cd19ee_0_5
2019-01-15 01:33:15|https://docs.google.com/presentation/d/1pPY_lvrvM3fl2SwvAnziN9Ib5owxXOwjiZg_DzcKNiI/edit#slide=id.g4c0ab1ffe2_0_105
2019-01-15 01:33:17|https://docs.google.com/presentation/d/1pPY_lvrvM3fl2SwvAnziN9Ib5owxXOwjiZg_DzcKNiI/edit#slide=id.g4c17cd19ee_0_5
2019-01-15 01:36:28|https://docs.google.com/presentation/d/1pPY_lvrvM3fl2SwvAnziN9Ib5owxXOwjiZg_DzcKNiI/edit#slide=id.g4c0ab1ffe2_0_105
2019-01-15 01:36:53|https://docs.google.com/presentation/d/1pPY_lvrvM3fl2SwvAnziN9Ib5owxXOwjiZg_DzcKNiI/edit#slide=id.g4c17cd19ee_0_5
2019-01-15 01:41:30|https://docs.google.com/presentation/d/1pPY_lvrvM3fl2SwvAnziN9Ib5owxXOwjiZg_DzcKNiI/edit#slide=id.g4c0ab1ffe2_0_105
2019-01-15 01:45:33|https://docs.google.com/presentation/d/1pPY_lvrvM3fl2SwvAnziN9Ib5owxXOwjiZg_DzcKNiI/edit#slide=id.g4c0ab1ffe2_0_89
2019-01-15 01:45:34|https://docs.google.com/presentation/d/1pPY_lvrvM3fl2SwvAnziN9Ib5owxXOwjiZg_DzcKNiI/edit#slide=id.g4c0ab1ffe2_0_81
2019-01-15 01:45:35|https://docs.google.com/presentation/d/1pPY_lvrvM3fl2SwvAnziN9Ib5owxXOwjiZg_DzcKNiI/edit#slide=id.g4c0ab1ffe2_0_105
2019-01-15 01:47:17|https://docs.google.com/presentation/d/1pPY_lvrvM3fl2SwvAnziN9Ib5owxXOwjiZg_DzcKNiI/edit#slide=id.g4c0ab1ffe2_0_89
2019-01-15 01:47:18|https://docs.google.com/presentation/d/1pPY_lvrvM3fl2SwvAnziN9Ib5owxXOwjiZg_DzcKNiI/edit#slide=id.g4c0ab1ffe2_0_105
2019-01-15 01:47:21|https://docs.google.com/presentation/d/1pPY_lvrvM3fl2SwvAnziN9Ib5owxXOwjiZg_DzcKNiI/edit#slide=id.g4c0ab1ffe2_0_89
2019-01-15 01:47:23|https://docs.google.com/presentation/d/1pPY_lvrvM3fl2SwvAnziN9Ib5owxXOwjiZg_DzcKNiI/edit#slide=id.g4c0ab1ffe2_0_81
2019-01-15 01:47:24|https://docs.google.com/presentation/d/1pPY_lvrvM3fl2SwvAnziN9Ib5owxXOwjiZg_DzcKNiI/edit#slide=id.g4c0ab1ffe2_0_105
2019-01-15 02:00:58|https://docs.python.org/3/library/turtle.html#turtle.color
2019-01-15 02:03:26|https://docs.python.org/3/library/turtle.html#turtle.colormode
2019-01-15 02:06:19|https://docs.python.org/3/library/turtle.html#turtle.pencolor
2019-01-15 02:08:22|https://www.google.com/search?q=white+color+tag&ie=utf-8&oe=utf-8&client=firefox-b-ab
2019-01-15 02:08:28|https://htmlcolorcodes.com/
2019-01-15 02:10:54|https://www.google.com/search?q=how+to+change+text+colour+py&ie=utf-8&oe=utf-8&client=firefox-b-ab
2019-01-15 02:13:40|https://docs.google.com/presentation/d/1pPY_lvrvM3fl2SwvAnziN9Ib5owxXOwjiZg_DzcKNiI/edit#slide=id.g4c0ab1ff68_0_16
2019-01-15 02:13:42|https://docs.google.com/presentation/d/1pPY_lvrvM3fl2SwvAnziN9Ib5owxXOwjiZg_DzcKNiI/edit#slide=id.g337fd436a2_1_0
2019-01-15 02:13:43|https://docs.google.com/presentation/d/1pPY_lvrvM3fl2SwvAnziN9Ib5owxXOwjiZg_DzcKNiI/edit#slide=id.g4c0ab1ff68_0_25
2019-01-15 02:13:44|https://docs.google.com/presentation/d/1pPY_lvrvM3fl2SwvAnziN9Ib5owxXOwjiZg_DzcKNiI/edit#slide=id.g4c0ab1ffe2_0_1
2019-01-15 02:13:48|https://docs.google.com/presentation/d/1pPY_lvrvM3fl2SwvAnziN9Ib5owxXOwjiZg_DzcKNiI/edit#slide=id.g4c0ab1ffe2_0_11
2019-01-15 02:13:57|https://docs.google.com/presentation/d/1pPY_lvrvM3fl2SwvAnziN9Ib5owxXOwjiZg_DzcKNiI/edit#slide=id.g4c0ab1ffe2_0_1
2019-01-15 02:16:09|https://docs.google.com/presentation/d/1pPY_lvrvM3fl2SwvAnziN9Ib5owxXOwjiZg_DzcKNiI/edit#slide=id.g4c0ab1ffe2_0_89
2019-01-15 02:16:10|https://docs.google.com/presentation/d/1pPY_lvrvM3fl2SwvAnziN9Ib5owxXOwjiZg_DzcKNiI/edit#slide=id.g4c0ab1ffe2_0_105
2019-01-15 02:16:16|https://docs.google.com/presentation/d/1pPY_lvrvM3fl2SwvAnziN9Ib5owxXOwjiZg_DzcKNiI/edit#slide=id.g4c0ab1ffe2_0_89
2019-01-15 02:17:06|https://docs.google.com/presentation/d/1pPY_lvrvM3fl2SwvAnziN9Ib5owxXOwjiZg_DzcKNiI/edit#slide=id.g4c0ab1ffe2_0_105
2019-01-15 03:17:06|https://docs.python.org/3/library/turtle.html#turtle.fillcolor
2019-01-15 03:17:28|https://docs.google.com/presentation/d/1pPY_lvrvM3fl2SwvAnziN9Ib5owxXOwjiZg_DzcKNiI/edit#slide=id.g4c17cd19ee_0_5
2019-01-15 03:42:42|https://docs.google.com/presentation/d/1pPY_lvrvM3fl2SwvAnziN9Ib5owxXOwjiZg_DzcKNiI/edit#slide=id.g4c0ab1ffe2_0_105
2019-01-15 03:42:48|https://docs.google.com/presentation/d/1pPY_lvrvM3fl2SwvAnziN9Ib5owxXOwjiZg_DzcKNiI/edit#slide=id.g4c17cd19ee_0_5
2019-01-15 03:46:01|https://www.google.com/search?q=how+to+randomise+turtle+colour+py&ie=utf-8&oe=utf-8&client=firefox-b-ab
2019-01-15 03:46:04|https://trinket.io/python/f0a2314bf3
2019-01-15 03:55:24|https://docs.google.com/presentation/d/1pPY_lvrvM3fl2SwvAnziN9Ib5owxXOwjiZg_DzcKNiI/edit#slide=id.g4c0ab1ffe2_0_71
2019-01-15 03:55:25|https://docs.google.com/presentation/d/1pPY_lvrvM3fl2SwvAnziN9Ib5owxXOwjiZg_DzcKNiI/edit#slide=id.g4c0ab1ffe2_0_97
2019-01-15 04:19:27|https://www.google.com/search?client=firefox-b-ab&ei=eVc9XOfNDsm5rQGHzZyQAQ&q=how+to+continuously+change+turtle+colour+py&oq=how+to+continuously+change+turtle+colour+py&gs_l=psy-ab.3..33i22i29i30l2.6913.25868..26007...12.0..0.222.7195.0j44j4......0....1..gws-wiz.......0i71j0j0i10j0i22i30j0i22i10i30j33i160j0i13j0i67j0i131.2FBeT6s4nW4
2019-01-15 04:19:30|https://projects.raspberrypi.org/en/projects/turtle-snowflakes/7
2019-01-15 04:19:37|https://stackoverflow.com/questions/28423618/python-turtle-how-to-get-colors-to-change-by-themselves
2019-01-15 04:19:49|https://trinket.io/python/f0a2314bf3
2019-01-15 04:31:03|https://docs.google.com/presentation/d/1pPY_lvrvM3fl2SwvAnziN9Ib5owxXOwjiZg_DzcKNiI/edit#slide=id.g4c0ab1ffe2_0_105
2019-01-15 04:31:03|https://docs.google.com/presentation/d/1pPY_lvrvM3fl2SwvAnziN9Ib5owxXOwjiZg_DzcKNiI/edit#slide=id.g4c17cd19ee_0_5
2019-01-15 04:41:27|https://www.google.com/search?q=python+turtle+on+key+press+up+arrow+key&ie=utf-8&oe=utf-8&client=firefox-b-ab
2019-01-15 04:41:32|https://stackoverflow.com/questions/15985288/python-turtle-graphics-keyboard-commands
2019-01-15 04:53:30|https://repl.it/languages/python3
2019-01-15 04:53:31|https://repl.it/repls/DeficientLovingBackslash
2019-01-15 04:53:45|https://repl.it/forgot
2019-01-15 04:55:00|https://repl.it/@kyria/DeficientLovingBackslash
2019-01-15 04:57:28|https://repl.it/@kyria/DeficientLovingBackslash/history
2019-01-15 04:57:28|https://repl.it/@kyria/DeficientLovingBackslash/history?slug=DeficientLovingBackslash
2019-01-15 04:57:43|https://repl.it/repls
2019-01-15 04:58:43|https://repl.it/logout
2019-01-15 04:58:43|https://repl.it/
2019-01-15 04:58:44|https://repl.it/repls
2019-01-15 04:58:45|https://repl.it/login?goto=%2Frepls
2019-01-15 04:58:56|https://repl.it/repls
2019-01-15 04:59:02|https://repl.it/@kyria/LargeAquaRadius
2019-01-15 04:59:24|https://repl.it/@kyria/EmbellishedLastingConfig
2019-01-15 04:59:30|https://repl.it/@kyria/DeficientLovingBackslash
2019-01-15 04:59:42|https://repl.it/repls
2019-01-15 23:17:21|https://python.microbit.org/v/1
2019-01-15 23:17:23|https://python-editor-1-0-0.microbit.org/#
2019-01-15 23:23:45|https://python-editor-1-0-0.microbit.org/#
2019-01-15 23:24:43|https://python-editor-1-0-0.microbit.org/#
2019-01-15 23:25:56|https://python-editor-1-0-0.microbit.org/#
2019-01-15 23:29:10|https://python-editor-1-0-0.microbit.org/#
2019-01-15 23:40:51|https://python-editor-1-0-0.microbit.org/#
2019-01-15 23:43:19|https://python-editor-1-0-0.microbit.org/#
2019-01-15 23:46:08|https://python-editor-1-0-0.microbit.org/#
2019-01-15 23:47:15|https://python-editor-1-0-0.microbit.org/#
2019-01-15 23:49:50|https://python-editor-1-0-0.microbit.org/#
2019-01-15 23:50:04|https://python-editor-1-0-0.microbit.org/#
2019-01-16 00:52:33|https://python.microbit.org/
2019-01-16 00:52:33|https://python.microbit.org/v/1.1
2019-01-16 00:57:47|https://python-editor-1-1-2.microbit.org/#
2019-01-16 00:58:45|https://python-editor-1-1-2.microbit.org/#
2019-01-16 01:00:48|https://python-editor-1-1-2.microbit.org/#
2019-01-16 01:06:31|https://python-editor-1-1-2.microbit.org/#
2019-01-16 01:06:37|https://python-editor-1-1-2.microbit.org/#
2019-01-16 01:07:26|https://python-editor-1-1-2.microbit.org/#
2019-01-16 01:09:04|https://python-editor-1-1-2.microbit.org/#
2019-01-16 01:13:46|https://python-editor-1-1-2.microbit.org/#
2019-01-16 01:14:25|https://python-editor-1-1-2.microbit.org/#
2019-01-16 01:15:44|https://python-editor-1-1-2.microbit.org/#
2019-01-16 01:25:16|https://python-editor-1-0-0.microbit.org/#
2019-01-16 01:28:55|https://www.google.com/search?q=pyhton3+check+if+key+is+in+dictionary&ie=utf-8&oe=utf-8&client=firefox-b-ab
2019-01-16 01:28:58|https://stackoverflow.com/questions/1602934/check-if-a-given-key-already-exists-in-a-dictionary
2019-01-16 01:30:04|https://python-editor-1-0-0.microbit.org/#
2019-01-16 01:35:16|https://python-editor-1-0-0.microbit.org/#
2019-01-16 01:36:45|https://python-editor-1-0-0.microbit.org/#
2019-01-16 01:42:39|https://python-editor-1-0-0.microbit.org/#
2019-01-16 01:52:05|https://python-editor-1-1-2.microbit.org/#
2019-01-16 02:04:44|https://python-editor-1-1-2.microbit.org/#
2019-01-16 02:06:09|https://python-editor-1-1-2.microbit.org/#
2019-01-16 02:06:38|https://python-editor-1-1-2.microbit.org/#
2019-01-16 03:18:06|https://python.microbit.org/
2019-01-16 03:18:06|https://python.microbit.org/v/1.1
2019-01-16 03:21:52|https://python-editor-1-1-2.microbit.org/#
2019-01-16 03:29:49|https://python-editor-1-1-2.microbit.org/#
2019-01-16 03:32:00|https://python-editor-1-1-2.microbit.org/#
2019-01-16 03:38:00|https://python-editor-1-1-2.microbit.org/#
2019-01-16 03:53:21|https://python-editor-1-0-0.microbit.org/#
2019-01-18 01:00:05|http://ctf.compclub.com.au/
2019-01-18 01:00:06|https://ctf.compclub.com.au/
2019-01-18 01:00:06|https://ctf.compclub.com.au/invite?next=%2F
2019-01-18 01:00:06|https://ctf.compclub.com.au/invite/
1|http://aframe.io/|A-Frame – Make WebVR|1|1|13191303436045392|0|0
2|https://aframe.io/|A-Frame – Make WebVR|1|0|13191303436045392|0|0
3|https://aframe.io/examples/showcase/helloworld/|Hello WebVR – A-Frame|1|0|13191303438463062|0|0
4|https://glitch.com/~aframe|aframe|1|0|13191303440755135|0|0
5|http://summer2019.compclub.com.au/|Welcome to the CompClub Summer Spy School | CompClub 2019 Summer Workshops|2|2|13192153701832270|0|0
6|https://summer2019.compclub.com.au/|Welcome to the CompClub Summer Spy School | CompClub 2019 Summer Workshops|4|0|13192241885656912|0|0
7|https://summer2019.compclub.com.au/day3|Day 3: Microbits! | CompClub 2019 Summer Workshops|7|1|13192241884313804|0|0
8|https://docs.google.com/presentation/d/14BvJKEm9pyPOfLtZMkCAMwwwF6nVjmo8G5C3P7PULuw/edit#slide=id.g337fd436a2_1_5|Microbits Workshop - Google Slides|3|0|13192067441406483|0|0
9|https://docs.google.com/presentation/d/14BvJKEm9pyPOfLtZMkCAMwwwF6nVjmo8G5C3P7PULuw/edit#slide=id.p||1|0|13192067413396152|0|0
10|https://docs.google.com/presentation/d/14BvJKEm9pyPOfLtZMkCAMwwwF6nVjmo8G5C3P7PULuw/edit#slide=id.g4c0710682e_0_15||1|0|13192067414102432|0|0
11|https://docs.google.com/presentation/d/14BvJKEm9pyPOfLtZMkCAMwwwF6nVjmo8G5C3P7PULuw/edit#slide=id.g4c0710682e_0_22||2|0|13192067507907011|0|0
12|https://docs.google.com/presentation/d/14BvJKEm9pyPOfLtZMkCAMwwwF6nVjmo8G5C3P7PULuw/edit#slide=id.g4c0710682e_0_29||3|0|13192067620614208|0|0
13|https://docs.google.com/presentation/d/14BvJKEm9pyPOfLtZMkCAMwwwF6nVjmo8G5C3P7PULuw/edit#slide=id.g4c0710682e_0_36||2|0|13192067661855346|0|0
14|http://python.microbit.org/|Micro:bit - Python editor|1|0|13192067603781917|0|0
15|https://python.microbit.org/|Micro:bit - Python editor|1|0|13192067603781917|0|0
16|https://python.microbit.org/v/1.1||1|0|13192067604477152|0|0
17|https://docs.google.com/presentation/d/14BvJKEm9pyPOfLtZMkCAMwwwF6nVjmo8G5C3P7PULuw/edit#slide=id.g4c0710682e_0_43||3|0|13192073790941178|0|0
18|https://docs.google.com/presentation/d/14BvJKEm9pyPOfLtZMkCAMwwwF6nVjmo8G5C3P7PULuw/edit#slide=id.g4c0710682e_0_58||4|0|13192073917165961|0|0
19|https://docs.google.com/presentation/d/14BvJKEm9pyPOfLtZMkCAMwwwF6nVjmo8G5C3P7PULuw/edit#slide=id.g4c0710682e_0_83||4|0|13192073917491624|0|0
20|https://docs.google.com/presentation/d/14BvJKEm9pyPOfLtZMkCAMwwwF6nVjmo8G5C3P7PULuw/edit#slide=id.g4c0710682e_0_92||2|0|13192068188948145|0|0
21|https://docs.google.com/presentation/d/14BvJKEm9pyPOfLtZMkCAMwwwF6nVjmo8G5C3P7PULuw/edit#slide=id.g4c0710682e_0_102||4|0|13192073788030778|0|0
22|https://docs.google.com/presentation/d/14BvJKEm9pyPOfLtZMkCAMwwwF6nVjmo8G5C3P7PULuw/edit#slide=id.g4c0710682e_0_63||3|0|13192073788351763|0|0
23|https://python-editor-1-1-2.microbit.org/#||1|0|13192067777093967|1|0
24|https://docs.google.com/presentation/d/14BvJKEm9pyPOfLtZMkCAMwwwF6nVjmo8G5C3P7PULuw/edit#slide=id.g4d695ae937_0_0||6|0|13192073787536061|0|0
25|http://microbit.org/guide/python|MicroPython | micro:bit|1|0|13192068204831090|0|0
26|https://microbit.org/guide/python|MicroPython | micro:bit|1|0|13192068204831090|0|0
27|https://microbit.org/guide/python/|MicroPython | micro:bit|1|0|13192068204831090|0|0
28|http://microbit-micropython.readthedocs.org/en/latest/tutorials/introduction.html|Introduction — BBC micro:bit MicroPython 1.0.1 documentation|1|0|13192068249302395|0|0
29|http://microbit-micropython.readthedocs.io/en/latest/tutorials/introduction.html|Introduction — BBC micro:bit MicroPython 1.0.1 documentation|1|0|13192068249302395|0|0
30|https://microbit-micropython.readthedocs.io/en/latest/tutorials/introduction.html|Introduction — BBC micro:bit MicroPython 1.0.1 documentation|1|0|13192068249302395|0|0
31|https://docs.google.com/presentation/d/14BvJKEm9pyPOfLtZMkCAMwwwF6nVjmo8G5C3P7PULuw/edit#slide=id.g4d695ae937_0_8||7|0|13192073918657083|0|0
32|https://docs.google.com/presentation/d/14BvJKEm9pyPOfLtZMkCAMwwwF6nVjmo8G5C3P7PULuw/edit#slide=id.g4d695ae937_0_16||5|0|13192069041556155|0|0
33|https://docs.google.com/presentation/d/14BvJKEm9pyPOfLtZMkCAMwwwF6nVjmo8G5C3P7PULuw/edit#slide=id.g4d695ae937_0_23||1|0|13192068623809276|0|0
34|https://docs.google.com/presentation/d/14BvJKEm9pyPOfLtZMkCAMwwwF6nVjmo8G5C3P7PULuw/edit#slide=id.g4d695ae937_0_29||1|0|13192068644175610|0|0
35|https://docs.google.com/presentation/d/14BvJKEm9pyPOfLtZMkCAMwwwF6nVjmo8G5C3P7PULuw/edit#slide=id.g4c0710682e_0_128||3|0|13192073922445085|0|0
36|https://docs.google.com/presentation/d/14BvJKEm9pyPOfLtZMkCAMwwwF6nVjmo8G5C3P7PULuw/edit#slide=id.g4c0710682e_0_135||1|0|13192068715093965|0|0
37|https://www.youtube.com/watch?v=dQw4w9WgXcQ|YouTube|1|0|13192068728223180|0|0
38|https://summer2019.compclub.com.au/day3_templates/morse_code_template.html|Morse Code Template | CompClub 2019 Summer Workshops|2|0|13192073932658996|0|0
39|https://www.google.com/search?q=morose&oq=morose&aqs=chrome..69i57j0l5.1255j0j7&sourceid=chrome&ie=UTF-8|morose - Google Search|1|0|13192068935610799|0|0
40|https://www.google.com/search?ei=R24-XOe6HYb6rQGkybSwCQ&q=morose+cde&oq=morose+cde&gs_l=psy-ab.3..0i22i10i30j0i22i30.6349.7729..7821...0.0..0.124.368.0j3......0....1..gws-wiz.......0i71j0i67j0j0i10.3iiISonADfk|morose cde - Google Search|1|0|13192068944279246|0|0
41|https://www.google.com/search?q=morse+code&spell=1&sa=X&ved=0ahUKEwifqPn1-fDfAhXNV30KHfROCaIQBQgpKAA&biw=1920&bih=893|morse code - Google Search|1|0|13192068948152264|0|0
42|https://www.google.com/search?q=morse+code&source=lnms&tbm=isch&sa=X&ved=0ahUKEwihluX3-fDfAhUZAXIKHZ5MBo8Q_AUIDigB&biw=1920&bih=893|morse code - Google Search|2|0|13192068952975670|0|0
43|https://www.google.com/search?q=morse+code&source=lnms&tbm=isch&sa=X&ved=0ahUKEwihluX3-fDfAhUZAXIKHZ5MBo8Q_AUIDigB&biw=1920&bih=893#imgrc=K3tcDiW-YGIzqM:||1|0|13192068952982112|0|0
44|https://www.google.com/search?q=morse+code&source=lnms&tbm=isch&sa=X&ved=0ahUKEwihluX3-fDfAhUZAXIKHZ5MBo8Q_AUIDigB&biw=1920&bih=893#imgrc=JZ_fFxUKMUTfxM:||1|0|13192069796118359|0|0
45|https://www.google.com/search?q=morse+code&source=lnms&tbm=isch&sa=X&ved=0ahUKEwihluX3-fDfAhUZAXIKHZ5MBo8Q_AUIDigB&biw=1920&bih=893#imgrc=Nx-IcmAcI8j9uM:||3|0|13192071222982321|0|0
46|https://www.google.com/search?q=morse+code&source=lnms&tbm=isch&sa=X&ved=0ahUKEwihluX3-fDfAhUZAXIKHZ5MBo8Q_AUIDigB&biw=1920&bih=893#imgdii=pFYqIbzVN5QENM:&imgrc=Nx-IcmAcI8j9uM:||2|0|13192071208976156|0|0
47|https://www.google.com/search?q=morse+code&source=lnms&tbm=isch&sa=X&ved=0ahUKEwihluX3-fDfAhUZAXIKHZ5MBo8Q_AUIDigB&biw=1920&bih=893#imgrc=_||2|0|13192071221627276|0|0
48|https://docs.google.com/presentation/d/14BvJKEm9pyPOfLtZMkCAMwwwF6nVjmo8G5C3P7PULuw/edit#slide=id.g4c0710682e_0_124||1|0|13192073151884899|0|0
49|https://docs.google.com/presentation/d/14BvJKEm9pyPOfLtZMkCAMwwwF6nVjmo8G5C3P7PULuw/edit#slide=id.g4c0710682e_0_150||6|0|13192074587788139|0|0
50|https://docs.google.com/presentation/d/14BvJKEm9pyPOfLtZMkCAMwwwF6nVjmo8G5C3P7PULuw/edit#slide=id.g4c0710682e_0_161||6|0|13192074604251907|0|0
51|https://docs.google.com/presentation/d/14BvJKEm9pyPOfLtZMkCAMwwwF6nVjmo8G5C3P7PULuw/edit#slide=id.g4c0710682e_0_168||9|0|13192076198160111|0|0
52|https://docs.google.com/presentation/d/14BvJKEm9pyPOfLtZMkCAMwwwF6nVjmo8G5C3P7PULuw/edit#slide=id.g4c0710682e_0_175||8|0|13192076214590907|0|0
53|https://docs.google.com/presentation/d/14BvJKEm9pyPOfLtZMkCAMwwwF6nVjmo8G5C3P7PULuw/edit#slide=id.g4c0710682e_0_181||4|0|13192076212443749|0|0
54|https://www.google.com/search?q=gmail&oq=gmail&aqs=chrome..69i57j0l5.7256j0j7&sourceid=chrome&ie=UTF-8|gmail - Google Search|1|0|13192073335275093|0|0
55|https://www.google.com/gmail/|Gmail|3|0|13192174452025834|0|0
56|https://mail.google.com/mail/|Gmail|5|0|13192174452025834|0|0
57|https://accounts.google.com/ServiceLogin?service=mail&passive=true&rm=false&continue=https://mail.google.com/mail/&ss=1&scc=1&ltmpl=default&ltmplcache=2&emr=1&osid=1#|Gmail|13|0|13192174465993674|0|0
58|https://mail.google.com/intl/en-GB/mail/help/about.html#|Gmail - Free Storage and Email from Google|1|0|13192073338489477|0|0
59|https://www.google.com/intl/en-GB/mail/help/about.html#|Gmail - Free Storage and Email from Google|1|0|13192073338489477|0|0
60|https://www.google.com/intl/en-GB/gmail/about/#|Gmail - Free Storage and Email from Google|1|0|13192073338489477|0|0
61|https://accounts.google.com/AccountChooser?service=mail&continue=https://mail.google.com/mail/|Gmail|1|0|13192073341641118|0|0
62|https://accounts.google.com/ServiceLogin?continue=https%3A%2F%2Fmail.google.com%2Fmail%2F&service=mail&sacu=1&rip=1|Gmail|3|0|13192073342419980|0|0
63|https://accounts.google.com/signin/v2/identifier?continue=https%3A%2F%2Fmail.google.com%2Fmail%2F&service=mail&sacu=1&rip=1&flowName=GlifWebSignIn&flowEntry=ServiceLogin||1|0|13192073342446295|0|0
64|https://accounts.google.com/signin/v2/sl/pwd?continue=https%3A%2F%2Fmail.google.com%2Fmail%2F&service=mail&sacu=1&rip=1&flowName=GlifWebSignIn&flowEntry=ServiceLogin&cid=1&navigationDirection=forward||1|0|13192073362927524|0|0
65|https://accounts.google.com/CheckCookie?hl=en-GB&checkedDomains=youtube&checkConnection=youtube%3A239%3A0&pstMsg=1&chtml=LoginDoneHtml&service=mail&continue=https%3A%2F%2Fmail.google.com%2Fmail%2F&gidl=EgIIAA|Gmail|1|0|13192073370886328|0|0
66|https://mail.google.com/accounts/SetOSID?authuser=0&continue=https%3A%2F%2Faccounts.youtube.com%2Faccounts%2FSetSID%3Fssdc%3D1%26sidt%3DALWU2cv9E0hehBV15nZPdRMgplPtut8g35530C6eS4OLvGddt8k3bU2xjiawyAb2ibMtCBQbrktRac3T9a8%252FCcIgqVvuxod%252BCIS3vv3SSmVeF%252Ft8iHYgGhXviWik6Ff9sfITbP%252FB%252F29iRr72pre8mowZjqB7oJ8tzU8WpphXeEltHM9KQIgptvlh6cKvf%252BOXv84eoCnReLp6ca5MdQCrF9PLR6LhKTl7y4nHXgPqzyhLODVYQUbVHZ4APe92AzgeY3jTLSg%252FQrrofsmTVKIMkShssXUhKgLC9myOIquH2Dn0q%252BR1RKS9x%252B8%253D%26continue%3Dhttps%253A%252F%252Fmail.google.com%252Fmail%252F%26dbus%3DAU&osidt=ALWU2csmoL6Jz4oZFZrQT9NMl5yoyiKfUQ-_Pa6UKCJvmuweW5aqY3K5AhvAGh4khSVG7lC9HXaDpQHnjnnAKV83z7lOjbsgx_qoSeyRFFhlsJe5zpe_DdAx8mG0O8_anMkimprrFsRA|Gmail|1|0|13192073370886328|0|0
67|https://accounts.youtube.com/accounts/SetSID?ssdc=1&sidt=ALWU2cv9E0hehBV15nZPdRMgplPtut8g35530C6eS4OLvGddt8k3bU2xjiawyAb2ibMtCBQbrktRac3T9a8/CcIgqVvuxod%2BCIS3vv3SSmVeF/t8iHYgGhXviWik6Ff9sfITbP/B/29iRr72pre8mowZjqB7oJ8tzU8WpphXeEltHM9KQIgptvlh6cKvf%2BOXv84eoCnReLp6ca5MdQCrF9PLR6LhKTl7y4nHXgPqzyhLODVYQUbVHZ4APe92AzgeY3jTLSg/QrrofsmTVKIMkShssXUhKgLC9myOIquH2Dn0q%2BR1RKS9x%2B8%3D&continue=https://mail.google.com/mail/&dbus=AU|Gmail|1|0|13192073370886328|0|0
68|https://accounts.google.com.au/accounts/SetSID?ssdc=1&sidt=ALWU2csD2TEyV5JpndP2u2/iEv3aPveUv1LRR6X3ZUAxwCV433l37cHEPoPgQKu73S6aC4um4PDTM%2B%2BSKun1prd3gwrVg6STYnDws/flol8zJQLg3yq5cIMkmkEnnh8tpKzLD2b0DRyg69Sm4cwYhxHXfBCw8vmHzXVpGIwToz425n8DiO8U8YwB0q1Q3f/smbN4tu8YmXJ1lBz4XlP8PMmYrnHwIqAWmklxpEPg8ihZr7aE7gm7zuG7uyktQV8QD7MkbKc00G2n1NZAuNX8oT3SBcgPMMA4X5vOs/GCStmCazqOiSOquMA%3D&continue=https://mail.google.com/mail/|Gmail|1|0|13192073370886328|0|0
69|https://mail.google.com/mail/u/0/|Gmail|5|0|13192174452025834|0|0
70|https://mail.google.com/mail/u/0/#inbox|Gmail|5|0|13192174465458472|0|0
71|https://mail.google.com/mail/u/0/#inbox?compose=new||1|0|13192073389056147|0|0
72|https://mail.google.com/mail/u/0/#inbox?compose=CllgCJTLqDZdXsmrzHxBtwZXbDNHfVCHKJPgCdFvGRmwhCrPVbnGxTCQvSkjzqlvhMdhhBLznQq||1|0|13192073424138781|0|0
73|https://accounts.google.com/Logout?hl=en&continue=https://mail.google.com/mail&service=mail&timeStmp=1547599770&secTok=.AG5fkS843Wbf-cj6Y36FGFXNG9DHYio--A|Google Accounts|1|0|13192073469931193|0|0
74|https://accounts.google.com/Logout||2|0|13192174458851730|0|0
75|https://mail.google.com/mail|Gmail|2|0|13192174459477796|0|0
76|https://accounts.google.com/signin/v2/sl/pwd?service=mail&passive=true&rm=false&continue=https%3A%2F%2Fmail.google.com%2Fmail%2F&ss=1&scc=1&ltmpl=default&ltmplcache=2&emr=1&osid=1&flowName=GlifWebSignIn&flowEntry=ServiceLogin||4|0|13192174466006640|0|0
77|https://summer2019.compclub.com.au/day3_templates/reaction_timer_template.html|Reaction Time Template | CompClub 2019 Summer Workshops|1|0|13192073507270046|0|0
78|https://docs.google.com/presentation/d/14BvJKEm9pyPOfLtZMkCAMwwwF6nVjmo8G5C3P7PULuw/edit#slide=id.g4c0710682e_0_143||2|0|13192073785082872|0|0
79|https://docs.google.com/presentation/d/14BvJKEm9pyPOfLtZMkCAMwwwF6nVjmo8G5C3P7PULuw/edit#slide=id.g4c0710682e_0_119||1|0|13192073921932781|0|0
80|https://docs.google.com/presentation/d/14BvJKEm9pyPOfLtZMkCAMwwwF6nVjmo8G5C3P7PULuw/edit#slide=id.g4c0710682e_0_189||2|0|13192081913686373|0|0
81|https://docs.google.com/presentation/d/14BvJKEm9pyPOfLtZMkCAMwwwF6nVjmo8G5C3P7PULuw/edit#slide=id.g337fd436a2_1_0||6|0|13192082297762086|0|0
82|https://docs.google.com/presentation/d/14BvJKEm9pyPOfLtZMkCAMwwwF6nVjmo8G5C3P7PULuw/edit#slide=id.g4c0710682e_0_210||4|0|13192082297053949|0|0
83|https://docs.google.com/presentation/d/14BvJKEm9pyPOfLtZMkCAMwwwF6nVjmo8G5C3P7PULuw/edit#slide=id.g4c0710682e_0_217||4|0|13192082294266044|0|0
84|https://docs.google.com/presentation/d/14BvJKEm9pyPOfLtZMkCAMwwwF6nVjmo8G5C3P7PULuw/edit#slide=id.g4c0710682e_0_195||2|0|13192081915870538|0|0
85|https://www.google.com/search?q=gmail&oq=gmail&aqs=chrome.0.69i59j0l2j69i61j0l2.5944j0j7&sourceid=chrome&ie=UTF-8|gmail - Google Search|1|0|13192081974121453|0|0
86|https://mail.google.com/accounts/SetOSID?authuser=0&continue=https%3A%2F%2Faccounts.youtube.com%2Faccounts%2FSetSID%3Fssdc%3D1%26sidt%3DALWU2cvOA%252B54v71VAhb6OHsuVByouVNgtncRu0bfEsP97A5tZ9I5xQW1bPqTMpQ6vDjPyUZdABgX9wrQY53z0OCRGai1tSA9ROrYFHbrXPJDz91tt0ytsBaC0uGA7E0UlFz2Bt0ToBc0isxGOCibzoBHZSjEv1E0VrpUNv%252FL5cuM%252FFelXcX6mTHzNUEFuFG6KgVrNusXiA1ADfrG0kbGC6SXZjl7Z7iaOIX8qTsOZ0fs0bvXuinJO8CQXE0%252FldzOZt4UPVwTdCRI%252BiyDnmY0kwfcXIz0K0Hh%252FyolpUhMCUVNoVE%252BKURJaKc%253D%26continue%3Dhttps%253A%252F%252Fmail.google.com%252Fmail%252F%26dbus%3DAU&osidt=ALWU2csPtyyQ8Od2c7uwPaYZ_-s5lzbY8AaCl3S3pkzcGTZovbEivrlwRLHyCPau9Dj8Chf1dQWMnNmsSXVc2ApizSaFjd63TzeLYx_cjhyRk44CNeDUkjld8nlj67jctDDgzFmEjHM7|Gmail|1|0|13192081999000740|0|0
87|https://accounts.youtube.com/accounts/SetSID?ssdc=1&sidt=ALWU2cvOA%2B54v71VAhb6OHsuVByouVNgtncRu0bfEsP97A5tZ9I5xQW1bPqTMpQ6vDjPyUZdABgX9wrQY53z0OCRGai1tSA9ROrYFHbrXPJDz91tt0ytsBaC0uGA7E0UlFz2Bt0ToBc0isxGOCibzoBHZSjEv1E0VrpUNv/L5cuM/FelXcX6mTHzNUEFuFG6KgVrNusXiA1ADfrG0kbGC6SXZjl7Z7iaOIX8qTsOZ0fs0bvXuinJO8CQXE0/ldzOZt4UPVwTdCRI%2BiyDnmY0kwfcXIz0K0Hh/yolpUhMCUVNoVE%2BKURJaKc%3D&continue=https://mail.google.com/mail/&dbus=AU|Gmail|1|0|13192081999000740|0|0
88|https://accounts.google.com.au/accounts/SetSID?ssdc=1&sidt=ALWU2cvRZYoBsWjICaUp1ksIHWrYmn92cqh0wqBtZA0pwpRxUjqJ/lrJgYbjUJPVbcNqqH700cH54sigfnYM2jietbaqg8mirS5n5gYoV8cXlPrSw6wIrnA9a8SSs3VKbJ5X/aC0ToVyvtTvzxryuu3TbtyoBJTO4d5axw0%2BCviYnh1R8RwBIyH3osWTGq/T3upsXBu86E5VxUE4pGXUyHJaP6w6EBFz9f4syma%2Br2C5lmnMQlsQU89phYGHcq4XewjNsqZNzaIeAorubzhDD/emfjy8sRl3%2BroC2JY68ICK0tjRfFkqors%3D&continue=https://mail.google.com/mail/|Gmail|1|0|13192081999000740|0|0
89|https://mail.google.com/mail/u/0/#sent|Sent Mail - catji5538@gmail.com - Gmail|3|0|13192088236193513|0|0
90|https://mail.google.com/mail/u/0/#sent/KtbxLvHXJXDNkjWxzDTgnWZBRmqdKkZfsB|(no subject) - catji5538@gmail.com - Gmail|2|0|13192088237763227|0|0
91|https://docs.google.com/presentation/d/14BvJKEm9pyPOfLtZMkCAMwwwF6nVjmo8G5C3P7PULuw/edit#slide=id.g4d6b884a15_2_1||2|0|13192082293806025|0|0
92|https://summer2019.compclub.com.au/day3_templates/hot_or_cold_template.html|Hot or Cold Template | CompClub 2019 Summer Workshops|1|0|13192082119404119|0|0
93|https://mail.google.com/mail/u/0/#sent/FFNDWNNstCZDSfbxCNwpkrndJQgsjljt|ehh - catji5538@gmail.com - Gmail|1|0|13192088223472181|0|0
94|https://summer2019.compclub.com.au/day4|Some useful links: | CompClub 2019 Summer Workshops|2|0|13192162880890281|0|0
95|https://www.google.com/search?q=repl&oq=repl&aqs=chrome..69i57j0l5.1575j0j7&sourceid=chrome&ie=UTF-8|repl - Google Search|1|0|13192154022027468|0|0
96|https://repl.it/|Repl.it - Log In|5|0|13192242160380356|0|0
97|https://repl.it/login|Repl.it - Log In|4|0|13192160457428290|0|0
98|https://repl.it/languages/python3|Repl.it - WiseBrokenCharmap|1|1|13192154082741395|0|0
99|https://repl.it/repls/WiseBrokenCharmap|Repl.it - WiseBrokenCharmap|2|0|13192154084060259|0|0
100|https://repl.it/@jamalan31/WiseBrokenCharmap||1|0|13192154127419076|0|0
101|file:///|Index of /|1|1|13192155114720071|0|0
102|https://www.google.com/search?q=w3schools&oq=w3&aqs=chrome.1.69i57j0l5.1639j0j7&sourceid=chrome&ie=UTF-8|w3schools - Google Search|1|0|13192155998549937|0|0
103|https://www.w3schools.com/|W3Schools Online Web Tutorials|2|0|13192156004977233|0|0
104|https://www.w3schools.com/css/default.asp|CSS Tutorial|1|0|13192156002494577|0|0
105|https://www.w3schools.com/html/default.asp|HTML Tutorial|1|0|13192156005751587|0|0
106|https://wisebrokencharmap--jamalan31.repl.co/results||14|0|13192160299832595|1|0
107|https://wisebrokencharmap--jamalan31.repl.co/||8|0|13192160299832595|1|0
108|https://www.w3schools.com/html/html_colors.asp|HTML Colors|1|0|13192156723329649|0|0
109|https://www.google.com/search?q=comply&oq=comply&aqs=chrome..69i57j0l5.2167j0j7&sourceid=chrome&ie=UTF-8|comply - Google Search|1|0|13192158708246318|0|0
110|https://www.google.com/search?q=repl&oq=repl&aqs=chrome.0.69i59j69i60l5.2207j0j7&sourceid=chrome&ie=UTF-8|repl - Google Search|1|0|13192160441301054|0|0
111|https://repl.it/repls|Repl.it - Repls|4|0|13192242172093363|0|0
112|https://repl.it/@jamalan31/IdealFarflungArchitecture?folderId=|Repl.it - IdealFarflungArchitecture|1|0|13192160529960217|0|0
113|http://summer2019.compclub.com.au/day4_files/results_html|CompClub 2019 Summer Workshops|1|0|13192161516695928|0|0
114|https://summer2019.compclub.com.au/day4_files/results_html|CompClub 2019 Summer Workshops|1|0|13192161516695928|0|0
115|https://www.google.com/search?q=pronumeral&oq=pronumeral&aqs=chrome..69i57j0l5.2208j0j7&sourceid=chrome&ie=UTF-8|pronumeral - Google Search|1|0|13192162985813663|0|0
116|https://idealfarflungarchitecture--jamalan31.repl.co/results|Your Location|86|0|13192173856830725|0|0
117|https://idealfarflungarchitecture--jamalan31.repl.co/|STUFF|49|0|13192173853853368|0|0
118|https://www.google.com/search?q=whats+my+ip&oq=whats+my+&aqs=chrome.0.0j69i57j0l4.2424j0j7&sourceid=chrome&ie=UTF-8|whats my ip - Google Search|1|0|13192163594323124|0|0
119|http://ipstack.com/|ipstack - Free IP Geolocation API|1|1|13192163794723869|0|0
120|https://ipstack.com/|ipstack - Free IP Geolocation API|1|0|13192163794723869|0|0
121|https://www.google.com/search?q=gritted+teeth+emoji&oq=gritted+teeth+emoji&aqs=chrome..69i57j0l3.5208j0j7&sourceid=chrome&ie=UTF-8|gritted teeth emoji - Google Search|1|0|13192164610651193|0|0
122|https://www.google.com/search?q=ip+address+from+new+zealand&oq=ip+address+from+new+zealand&aqs=chrome..69i57j0l2.13808j0j7&sourceid=chrome&ie=UTF-8|ip address from new zealand - Google Search|1|0|13192164912758631|0|0
123|https://www.google.com/search?q=ip+for+austra&oq=ip+for+austra&aqs=chrome..69i57j0l5.2791j0j7&sourceid=chrome&ie=UTF-8|ip for austra - Google Search|1|0|13192168247736911|0|0
124|https://www.google.com/search?safe=strict&ei=N_I_XL3iIoHHrQG5saXABw&q=ip+for+austria&oq=ip+for+austria&gs_l=psy-ab.3..0i22i30j0i22i10i30j0i22i30l8.4502.5360..5695...0.0..0.171.447.0j3......0....1..gws-wiz.......0i71j35i39.ABhO70jfSYM|ip for austria - Google Search|2|0|13192168315904075|0|0
125|https://tools.tracemyip.org/search--country/austria|Austria - IP Addresses by Country|1|0|13192168295757447|0|0
126|https://www.google.com/search?q=all+css+colour+codes&oq=all+css+colour+codes&aqs=chrome..69i57j0.5520j0j7&sourceid=chrome&ie=UTF-8|all css colour codes - Google Search|1|0|13192169107081732|0|0
127|https://www.quackit.com/css/css_color_codes.cfm|CSS Color Codes|1|0|13192169120065844|0|0
128|https://www.google.com/search?q=how+to+change+text+color+in+csss&oq=how+to+change+text+color+in+csss&aqs=chrome..69i57j0l5.4983j0j7&sourceid=chrome&ie=UTF-8|how to change text color in csss - Google Search|1|0|13192169398190146|0|0
129|https://www.google.com/search?safe=strict&ei=tvY_XOX3ApndrQGAypn4Cg&q=how+to+change+text+font+in+css&oq=how+to+change+text+font+in+css&gs_l=psy-ab.3..0j0i22i30l2.574012.580626..580957...0.0..0.213.4239.0j29j1......0....1..gws-wiz.......0i71j0i67j0i131j35i39j0i20i263.bMLz7-tYz0E|how to change text font in css - Google Search|1|0|13192169980256263|0|0
130|https://www.google.com/search?q=center+vs+centre+australia&oq=center+vs&aqs=chrome.2.69i57j0l5.4881j0j7&sourceid=chrome&ie=UTF-8|center vs centre australia - Google Search|1|0|13192170891265130|0|0
131|https://www.google.com/search?q=how+to+align+text+center+in+css&oq=how+to+align+text+center+in+css&aqs=chrome..69i57j0l5.9959j0j7&sourceid=chrome&ie=UTF-8|how to align text center in css - Google Search|1|0|13192170927505843|0|0
132|https://www.google.com/search?q=my+ip&oq=my+ip&aqs=chrome..69i57j0l5.1223j0j9&sourceid=chrome&ie=UTF-8|my ip - Google Search|1|0|13192171831039034|0|0
133|https://www.google.com/search?q=new+zealand+ip&oq=new+zealand+ip&aqs=chrome.0.0l6.4023j0j9&sourceid=chrome&ie=UTF-8|new zealand ip - Google Search|1|0|13192172431434726|0|0
134|https://www.google.com/search?safe=strict&ei=jwJAXMuiD9u-9QO51qzACQ&q=new+zealand+ip+address&oq=new+zealand+ip+address&gs_l=psy-ab.3..0i67l2j0l2j0i22i30l5.4234.5477..5889...0.0..0.298.1877.0j2j6......0....1..gws-wiz.......0i71.UWQfKifoySY|new zealand ip address - Google Search|1|0|13192172438533893|0|0
135|https://www.google.com/search?q=image+commands+css&oq=image+commands+css&aqs=chrome..69i57j0l5.4383j0j9&sourceid=chrome&ie=UTF-8|image commands css - Google Search|1|0|13192172772762472|0|0
136|https://www.w3schools.com/css/css3_images.asp|CSS Styling Images|1|0|13192172777163858|0|0
137|https://www.google.com/search?q=600%2F16&oq=600%2F16&aqs=chrome..69i57j6j0l2.25664j0j7&sourceid=chrome&ie=UTF-8|600/16 - Google Search|1|0|13192172960040142|0|0
138|https://www.google.com/search?q=image+of+google+maps&oq=image+of+google+maps&aqs=chrome..69i57j0l5.7736j0j7&sourceid=chrome&ie=UTF-8|image of google maps - Google Search|2|0|13192174086237524|0|0
139|https://maps.google.com/maps?q=image+of+google+maps&um=1&ie=UTF-8&sa=X&ved=0ahUKEwj4ycDIgfTfAhULWysKHZBxBukQ_AUIDigB|Google Maps|1|0|13192174081079142|0|0
140|https://www.google.com/maps?q=image+of+google+maps&um=1&ie=UTF-8&sa=X&ved=0ahUKEwj4ycDIgfTfAhULWysKHZBxBukQ_AUIDigB|Google Maps|2|0|13192174082056849|0|0
141|https://www.google.com/search?q=image+of+google+maps&safe=strict&source=lnms&tbm=isch&sa=X&ved=0ahUKEwj4ycDIgfTfAhULWysKHZBxBukQ_AUIESgE&biw=1920&bih=942|image of google maps - Google Search|1|0|13192174089812440|0|0
142|https://www.google.com/search?safe=strict&biw=1920&bih=942&tbm=isch&sa=1&ei=CQlAXJKfJdCvoAT034fYDQ&q=zoomed+out+image+of+google+maps&oq=zoomed+out+image+of+google+maps&gs_l=img.3...18335.28114..28302...7.0..0.314.7966.0j18j14j4....2..1....1..gws-wiz-img.......0j0i67j0i10j0i30j0i5i30.R7WzmoXHTRM|zoomed out image of google maps - Google Search|2|0|13192174161709584|0|0
143|https://www.google.com/search?safe=strict&biw=1920&bih=942&tbm=isch&sa=1&ei=CQlAXJKfJdCvoAT034fYDQ&q=zoomed+out+image+of+google+maps&oq=zoomed+out+image+of+google+maps&gs_l=img.3...18335.28114..28302...7.0..0.314.7966.0j18j14j4....2..1....1..gws-wiz-img.......0j0i67j0i10j0i30j0i5i30.R7WzmoXHTRM#imgrc=Sx_-b191b4OEhM:||1|0|13192174161714654|0|0
144|https://www.google.com/search?safe=strict&biw=1920&bih=942&tbm=isch&sa=1&ei=JglAXJfgM4yIoAShxIC4Cg&q=map&oq=map&gs_l=img.3..35i39l2j0l8.49758.50056..50238...0.0..0.198.198.0j1....1..1....1..gws-wiz-img.Hpnj1hJKFcY|map - Google Search|2|0|13192174217636836|0|0
145|https://www.google.com/search?safe=strict&biw=1920&bih=942&tbm=isch&sa=1&ei=JglAXJfgM4yIoAShxIC4Cg&q=map&oq=map&gs_l=img.3..35i39l2j0l8.49758.50056..50238...0.0..0.198.198.0j1....1..1....1..gws-wiz-img.Hpnj1hJKFcY#imgrc=uQHwPyk1yK6ppM:||1|0|13192174217642379|0|0
146|https://www.google.com/url?sa=i&source=images&cd=&ved=2ahUKEwjk-6eMgvTfAhVPUt4KHbxJBhQQjxx6BAgBEAI&url=http%3A%2F%2Fwww.kolovrat.org%2Flarge-world-maps-for-sale%2Fworld-wall-map-political-without-flags-wm-h-valid-map-of-large-world-maps-for-sale%2F&psig=AOvVaw0kbcRxlSJJGQFykG1JpQNB&ust=1547786970677539|World Wall Map Political Without Flags Wm H Valid Map Of Large World Maps For Sale - Kolovrat.org|1|0|13192174223795234|0|0
147|http://www.kolovrat.org/large-world-maps-for-sale/world-wall-map-political-without-flags-wm-h-valid-map-of-large-world-maps-for-sale/|World Wall Map Political Without Flags Wm H Valid Map Of Large World Maps For Sale - Kolovrat.org|1|0|13192174223795234|0|0
148|https://www.google.com/search?q=how+to+import+image+links+in+html&oq=how+to+import+image+links+in+html&aqs=chrome..69i57.8785j0j7&sourceid=chrome&ie=UTF-8|how to import image links in html - Google Search|1|0|13192174319873337|0|0
149|https://www.google.com/search?q=gmail&oq=gmail&aqs=chrome.0.69i59j69i61j35i39j0l2j69i61.991j0j7&sourceid=chrome&ie=UTF-8|gmail - Google Search|1|0|13192174440422937|0|0
150|https://accounts.google.com/Logout?hl=en&continue=https://mail.google.com/mail&service=mail&timeStmp=1547700851&secTok=.AG5fkS_CPVcI203k2-2mBuJlv6izzU2iNA|Google Accounts|1|0|13192174458825615|0|0
151|https://notifications.google.com/u/0/widget?sourceid=1&hl=en&origin=https%3A%2F%2Fwww.google.com&uc=1&usegapi=1&jsh=m%3B%2F_%2Fscs%2Fabc-static%2F_%2Fjs%2Fk%3Dgapi.gapi.en.FG3dTgKD_wc.O%2Frt%3Dj%2Fd%3D1%2Frs%3DAHpOoo_ZNd1Q_9wfB-oUWsMjMFF_7HQbqA%2Fm%3D__features__#pid=1&_methods=onError%2ConInfo%2ChideNotificationWidget%2CpostSharedMessage%2Creauth%2CsetNotificationWidgetHeight%2CsetNotificationWidgetSize%2CswitchTo%2CnavigateTo%2CsetNotificationText%2CsetNotificationAnimation%2CgetNotificationText%2CvalidateUser%2C_ready&id=I0_1547697297251&_gfid=I0_1547697297251&parent=https%3A%2F%2Fwww.google.com&pfname=&rpctoken=17847622||1|0|13192174459255276|1|0
152|https://notifications.google.com/u/0/widget?sourceid=1&hl=en&origin=https%3A%2F%2Fwww.google.com&uc=1&usegapi=1&jsh=m%3B%2F_%2Fscs%2Fabc-static%2F_%2Fjs%2Fk%3Dgapi.gapi.en.FG3dTgKD_wc.O%2Frt%3Dj%2Fd%3D1%2Frs%3DAHpOoo_ZNd1Q_9wfB-oUWsMjMFF_7HQbqA%2Fm%3D__features__#pid=1&_methods=onError%2ConInfo%2ChideNotificationWidget%2CpostSharedMessage%2Creauth%2CsetNotificationWidgetHeight%2CsetNotificationWidgetSize%2CswitchTo%2CnavigateTo%2CsetNotificationText%2CsetNotificationAnimation%2CgetNotificationText%2CvalidateUser%2C_ready&id=I0_1547685113898&_gfid=I0_1547685113898&parent=https%3A%2F%2Fwww.google.com&pfname=&rpctoken=41737773||1|0|13192174459259507|1|0
153|https://notifications.google.com/u/0/widget?sourceid=1&hl=en&origin=https%3A%2F%2Fwww.google.com&uc=1&usegapi=1&jsh=m%3B%2F_%2Fscs%2Fabc-static%2F_%2Fjs%2Fk%3Dgapi.gapi.en.FG3dTgKD_wc.O%2Frt%3Dj%2Fd%3D1%2Frs%3DAHpOoo_ZNd1Q_9wfB-oUWsMjMFF_7HQbqA%2Fm%3D__features__#pid=1&_methods=onError%2ConInfo%2ChideNotificationWidget%2CpostSharedMessage%2Creauth%2CsetNotificationWidgetHeight%2CsetNotificationWidgetSize%2CswitchTo%2CnavigateTo%2CsetNotificationText%2CsetNotificationAnimation%2CgetNotificationText%2CvalidateUser%2C_ready&id=I0_1547699365653&_gfid=I0_1547699365653&parent=https%3A%2F%2Fwww.google.com&pfname=&rpctoken=28106981||1|0|13192174460228935|1|0
154|https://notifications.google.com/u/0/widget?sourceid=1&hl=en&origin=https%3A%2F%2Fwww.google.com&uc=1&usegapi=1&jsh=m%3B%2F_%2Fscs%2Fabc-static%2F_%2Fjs%2Fk%3Dgapi.gapi.en.FG3dTgKD_wc.O%2Frt%3Dj%2Fd%3D1%2Frs%3DAHpOoo_ZNd1Q_9wfB-oUWsMjMFF_7HQbqA%2Fm%3D__features__#pid=1&_methods=onError%2ConInfo%2ChideNotificationWidget%2CpostSharedMessage%2Creauth%2CsetNotificationWidgetHeight%2CsetNotificationWidgetSize%2CswitchTo%2CnavigateTo%2CsetNotificationText%2CsetNotificationAnimation%2CgetNotificationText%2CvalidateUser%2C_ready&id=I0_1547694721223&_gfid=I0_1547694721223&parent=https%3A%2F%2Fwww.google.com&pfname=&rpctoken=38501222||1|0|13192174461255040|1|0
155|https://notifications.google.com/u/0/widget?sourceid=2&hl=en&origin=https%3A%2F%2Fwww.google.com&uc=1&usegapi=1&jsh=m%3B%2F_%2Fscs%2Fabc-static%2F_%2Fjs%2Fk%3Dgapi.gapi.en.FG3dTgKD_wc.O%2Frt%3Dj%2Fd%3D1%2Frs%3DAHpOoo_ZNd1Q_9wfB-oUWsMjMFF_7HQbqA%2Fm%3D__features__#pid=2&_methods=onError%2ConInfo%2ChideNotificationWidget%2CpostSharedMessage%2Creauth%2CsetNotificationWidgetHeight%2CsetNotificationWidgetSize%2CswitchTo%2CnavigateTo%2CsetNotificationText%2CsetNotificationAnimation%2CgetNotificationText%2CvalidateUser%2C_ready&id=I0_1547700576500&_gfid=I0_1547700576500&parent=https%3A%2F%2Fwww.google.com&pfname=&rpctoken=38599474||1|0|13192174461263009|1|0
156|https://notifications.google.com/u/0/widget?sourceid=1&hl=en&origin=https%3A%2F%2Fwww.google.com&uc=1&usegapi=1&jsh=m%3B%2F_%2Fscs%2Fabc-static%2F_%2Fjs%2Fk%3Dgapi.gapi.en.FG3dTgKD_wc.O%2Frt%3Dj%2Fd%3D1%2Frs%3DAHpOoo_ZNd1Q_9wfB-oUWsMjMFF_7HQbqA%2Fm%3D__features__#pid=1&_methods=onError%2ConInfo%2ChideNotificationWidget%2CpostSharedMessage%2Creauth%2CsetNotificationWidgetHeight%2CsetNotificationWidgetSize%2CswitchTo%2CnavigateTo%2CsetNotificationText%2CsetNotificationAnimation%2CgetNotificationText%2CvalidateUser%2C_ready&id=I0_1547700726018&_gfid=I0_1547700726018&parent=https%3A%2F%2Fwww.google.com&pfname=&rpctoken=21640846||1|0|13192174461264996|1|0
157|https://notifications.google.com/u/0/widget?sourceid=1&hl=en&origin=https%3A%2F%2Fwww.google.com&uc=1&usegapi=1&jsh=m%3B%2F_%2Fscs%2Fabc-static%2F_%2Fjs%2Fk%3Dgapi.gapi.en.FG3dTgKD_wc.O%2Frt%3Dj%2Fd%3D1%2Frs%3DAHpOoo_ZNd1Q_9wfB-oUWsMjMFF_7HQbqA%2Fm%3D__features__#pid=1&_methods=onError%2ConInfo%2ChideNotificationWidget%2CpostSharedMessage%2Creauth%2CsetNotificationWidgetHeight%2CsetNotificationWidgetSize%2CswitchTo%2CnavigateTo%2CsetNotificationText%2CsetNotificationAnimation%2CgetNotificationText%2CvalidateUser%2C_ready&id=I0_1547696386220&_gfid=I0_1547696386220&parent=https%3A%2F%2Fwww.google.com&pfname=&rpctoken=11890976||1|0|13192174462231125|1|0
158|https://summer2019.compclub.com.au/day5|CompClub 2019 Summer Workshops|1|0|13192241887221538|0|0
159|https://docs.google.com/presentation/d/1ykIUm1xAKMforvTPeqvXMdC4DZlnWOg604ekaybhiOs|SecTalk | HTTP(S) Security - Google Slides|1|0|13192241901816750|0|0
160|https://docs.google.com/presentation/d/1ykIUm1xAKMforvTPeqvXMdC4DZlnWOg604ekaybhiOs/|SecTalk | HTTP(S) Security - Google Slides|1|0|13192241901816750|0|0
161|https://docs.google.com/presentation/d/1ykIUm1xAKMforvTPeqvXMdC4DZlnWOg604ekaybhiOs/edit|SecTalk | HTTP(S) Security - Google Slides|2|0|13192241902520022|0|0
162|https://docs.google.com/presentation/d/1ykIUm1xAKMforvTPeqvXMdC4DZlnWOg604ekaybhiOs/edit#slide=id.p3||1|0|13192241904777464|0|0
163|https://summer2019.compclub.com.au/day5/code|CompClub 2019 Summer Workshops|3|0|13192242177286156|0|0
164|https://docs.google.com/presentation/d/1kyRsC1-PMJu4UndE6psUHJHuTHX7W6cuYRod1jq3QJY|CSE CompClub 2019 Summer - Security Day - Google Slides|1|0|13192241905293007|0|0
165|https://docs.google.com/presentation/d/1kyRsC1-PMJu4UndE6psUHJHuTHX7W6cuYRod1jq3QJY/|CSE CompClub 2019 Summer - Security Day - Google Slides|1|0|13192241905293007|0|0
166|https://docs.google.com/presentation/d/1kyRsC1-PMJu4UndE6psUHJHuTHX7W6cuYRod1jq3QJY/edit|CSE CompClub 2019 Summer - Security Day - Google Slides|2|0|13192241905909524|0|0
167|https://repl.it/@featherbear/LesserSignifiedBeings|Repl.it - LesserSignifiedBeings|7|0|13192242189484669|0|0
168|https://docs.google.com/presentation/d/1kyRsC1-PMJu4UndE6psUHJHuTHX7W6cuYRod1jq3QJY/edit#slide=id.p1||1|0|13192241908747895|0|0
169|https://repl.it/logout|Repl.it - Log In|1|0|13192242160380356|0|0
170|https://repl.it/login?goto=%2Frepls|Repl.it - Log In|2|0|13192242160891309|0|0
171|https://repl.it/@edwinaadisusila/LesserSignifiedBeings-1|Repl.it - LesserSignifiedBeings-1|2|0|13192242190618745|0|0
172|https://docs.google.com/presentation/d/1kyRsC1-PMJu4UndE6psUHJHuTHX7W6cuYRod1jq3QJY/edit#slide=id.g4d923ccbc0_0_115||1|0|13192242224505224|0|0
173|https://docs.google.com/presentation/d/1kyRsC1-PMJu4UndE6psUHJHuTHX7W6cuYRod1jq3QJY/edit#slide=id.g4d61f71165_0_50||5|0|13192242761340542|0|0
174|https://docs.google.com/presentation/d/1kyRsC1-PMJu4UndE6psUHJHuTHX7W6cuYRod1jq3QJY/edit#slide=id.g4c07aed684_0_70||2|0|13192242232237059|0|0
175|https://docs.google.com/presentation/d/1kyRsC1-PMJu4UndE6psUHJHuTHX7W6cuYRod1jq3QJY/edit#slide=id.g445c8f4c5882998c_53||1|0|13192242228940007|0|0
176|https://docs.google.com/presentation/d/1kyRsC1-PMJu4UndE6psUHJHuTHX7W6cuYRod1jq3QJY/edit#slide=id.g4d61f71165_0_10||2|0|13192242540341765|0|0
177|https://docs.google.com/presentation/d/1kyRsC1-PMJu4UndE6psUHJHuTHX7W6cuYRod1jq3QJY/edit#slide=id.g4d61f71165_0_70||5|0|13192243141774349|0|0
178|https://docs.google.com/presentation/d/1kyRsC1-PMJu4UndE6psUHJHuTHX7W6cuYRod1jq3QJY/edit#slide=id.g4d61f71165_0_80||9|0|13192243149852399|0|0
179|https://docs.google.com/presentation/d/1kyRsC1-PMJu4UndE6psUHJHuTHX7W6cuYRod1jq3QJY/edit#slide=id.g4d61f71165_0_90||12|0|13192243637840697|0|0
180|https://docs.google.com/presentation/d/1kyRsC1-PMJu4UndE6psUHJHuTHX7W6cuYRod1jq3QJY/edit#slide=id.g4d61f71165_0_116||9|0|13192243765997643|0|0
181|https://docs.google.com/presentation/d/1kyRsC1-PMJu4UndE6psUHJHuTHX7W6cuYRod1jq3QJY/edit#slide=id.g4d61f71165_0_125||8|0|13192243855847056|0|0
182|https://docs.google.com/presentation/d/1kyRsC1-PMJu4UndE6psUHJHuTHX7W6cuYRod1jq3QJY/edit#slide=id.g4d923ccbc0_0_23||6|0|13192243935439515|0|0
183|https://www.google.com/search?q=pillow+python%27&oq=pillow+python%27&aqs=chrome..69i57j0l5.3903j0j7&sourceid=chrome&ie=UTF-8|pillow python' - Google Search|1|0|13192243602684607|0|0
184|https://pillow.readthedocs.io/|Pillow — Pillow (PIL Fork) 5.4.1 documentation|1|0|13192243605636721|0|0
185|https://pillow.readthedocs.io/en/stable/|Pillow — Pillow (PIL Fork) 5.4.1 documentation|1|0|13192243605636721|0|0
186|https://pillow.readthedocs.io/en/stable/reference/Image.html|Image Module — Pillow (PIL Fork) 5.4.1 documentation|1|0|13192243614167003|0|0
187|https://docs.google.com/presentation/d/1kyRsC1-PMJu4UndE6psUHJHuTHX7W6cuYRod1jq3QJY/edit#slide=id.g4d923ccbc0_0_39||1|0|13192243992379217|0|0
188|https://docs.google.com/presentation/d/1kyRsC1-PMJu4UndE6psUHJHuTHX7W6cuYRod1jq3QJY/edit#slide=id.g4d923ccbc0_0_66||2|0|13192244038828390|0|0
189|https://docs.google.com/presentation/d/1kyRsC1-PMJu4UndE6psUHJHuTHX7W6cuYRod1jq3QJY/edit#slide=id.g4d923ccbc0_0_55||2|0|13192244975552251|0|0
190|https://www.google.com/search?q=pillow+python+load&oq=pillow+python+load&aqs=chrome..69i57j0l5.2456j0j7&sourceid=chrome&ie=UTF-8|pillow python load - Google Search|1|0|13192244482021692|0|0
191|https://pillow.readthedocs.io/en/3.1.x/reference/Image.html|Image Module — Pillow (PIL Fork) 3.1.2 documentation|1|0|13192244485137191|0|0
192|https://pillow.readthedocs.io/en/3.1.x/reference/PixelAccess.html#pixelaccess|PixelAccess Class — Pillow (PIL Fork) 3.1.2 documentation|1|0|13192244524340714|0|0
193|http://repl.it/@featherbear/slightlyLesserSignifiedBeings|Repl.it - slightlyLesserSignifiedBeings|1|0|13192245635748054|0|0
194|https://repl.it/@featherbear/slightlyLesserSignifiedBeings|Repl.it - slightlyLesserSignifiedBeings|2|0|13192245636934625|0|0
