2019-01-07 02:57:12|https://www.mozilla.org/privacy/firefox/
2019-01-07 02:57:12|https://www.mozilla.org/en-US/privacy/firefox/
2019-01-07 02:57:14|http://aframe.io/
2019-01-07 02:57:15|https://aframe.io/
2019-01-07 02:57:18|https://aframe.io/examples/showcase/helloworld/
2019-01-07 02:57:23|https://glitch.com/~aframe
2019-01-07 02:59:58|https://glitch.com/~aframe
2019-01-07 03:00:19|https://glitch.com/edit/#!/remix/aframe
2019-01-07 03:00:21|https://glitch.com/edit/#!/
2019-01-07 03:00:21|https://glitch.com/edit/#!/abalone-approval
2019-01-07 03:03:22|https://glitch.com/edit/#!/abalone-approval?path=index.html:11:66
2019-01-07 03:03:24|https://abalone-approval.glitch.me/
2019-01-07 03:20:40|https://abalone-approval.glitch.me/
2019-01-07 03:20:41|https://abalone-approval.glitch.me/
2019-01-07 03:20:43|https://glitch.com/edit/#!/abalone-approval?path=index.html:11:48
2019-01-07 03:20:48|https://abalone-approval.glitch.me/
2019-01-07 03:20:52|https://abalone-approval.glitch.me/
2019-01-07 03:20:55|https://abalone-approval.glitch.me/
2019-01-07 03:20:57|https://abalone-approval.glitch.me/
2019-01-07 03:21:01|https://abalone-approval.glitch.me/
2019-01-07 03:21:02|https://abalone-approval.glitch.me/
2019-01-07 03:21:05|https://glitch.com/edit/#!/abalone-approval?path=index.html:11:45
2019-01-07 03:21:10|https://abalone-approval.glitch.me/
2019-01-07 03:21:13|https://abalone-approval.glitch.me/
2019-01-07 03:21:14|https://abalone-approval.glitch.me/
2019-01-07 03:21:16|https://glitch.com/edit/#!/abalone-approval?path=index.html:11:46
2019-01-07 03:21:21|https://abalone-approval.glitch.me/
2019-01-07 03:21:22|https://glitch.com/edit/#!/abalone-approval?path=index.html:11:48
2019-01-07 03:21:27|https://abalone-approval.glitch.me/
2019-01-07 03:21:30|https://abalone-approval.glitch.me/
2019-01-07 03:21:48|https://abalone-approval.glitch.me/
2019-01-07 03:21:49|https://glitch.com/edit/#!/abalone-approval?path=index.html:11:46
2019-01-07 03:21:58|https://abalone-approval.glitch.me/
2019-01-07 03:21:59|https://abalone-approval.glitch.me/
2019-01-07 03:22:00|https://abalone-approval.glitch.me/
2019-01-07 03:22:01|https://glitch.com/edit/#!/abalone-approval?path=index.html:12:46
2019-01-07 03:22:10|https://abalone-approval.glitch.me/
2019-01-07 03:22:11|https://abalone-approval.glitch.me/
2019-01-07 03:22:13|https://abalone-approval.glitch.me/
2019-01-07 03:22:22|https://glitch.com/edit/#!/abalone-approval?path=index.html:12:32
2019-01-07 03:22:48|https://abalone-approval.glitch.me/
2019-01-07 03:23:45|https://glitch.com/edit/#!/abalone-approval?path=index.html:12:6
2019-01-07 03:56:02|http://aframe.io//docs/0.8.0/introduction
2019-01-07 03:56:03|https://aframe.io//docs/0.8.0/introduction
2019-01-07 03:56:03|http://aframe.io/docs/0.8.0/introduction/
2019-01-07 03:56:04|https://aframe.io/docs/0.8.0/introduction/
2019-01-07 03:58:19|https://glitch.com/edit/#!/aframe?path=index.html
2019-01-07 03:58:21|https://glitch.com/edit/#!/
2019-01-07 03:58:21|https://glitch.com/edit/#!/aframe
2019-01-07 03:58:47|https://glitch.com/edit/#!/
2019-01-07 03:58:47|https://glitch.com/edit/#!/aframe
2019-01-07 03:58:55|https://aframe.io/
2019-01-07 03:58:59|https://aframe.io/examples/showcase/helloworld/
2019-01-07 04:01:07|https://glitch.com/~aframe
2019-01-07 04:01:30|https://glitch.com/edit/#!/remix/aframe
2019-01-07 04:01:32|https://glitch.com/edit/#!/
2019-01-07 04:01:32|https://glitch.com/edit/#!/puffy-desk
2019-01-07 04:03:55|https://glitch.com/edit/#!/puffy-desk?path=index.html:11:66
2019-01-07 04:03:59|https://www.google.com/search?q=colour+wheel&ie=utf-8&oe=utf-8&client=firefox-b-ab
2019-01-07 04:04:01|https://www.sessions.edu/color-calculator/
2019-01-07 04:04:39|https://glitch.com/edit/#!/puffy-desk?path=index.html:17:7
2019-01-07 04:04:40|https://puffy-desk.glitch.me/
2019-01-07 04:04:52|https://puffy-desk.glitch.me/
2019-01-07 04:05:17|https://glitch.com/edit/#!/puffy-desk?path=index.html:14:71
2019-01-07 04:05:18|https://puffy-desk.glitch.me/
2019-01-07 04:05:44|https://glitch.com/edit/#!/puffy-desk?path=index.html:17:7
2019-01-07 04:05:45|https://puffy-desk.glitch.me/
2019-01-07 04:08:40|https://puffy-desk.glitch.me/
2019-01-07 04:08:44|https://puffy-desk.glitch.me/
2019-01-07 04:08:44|https://puffy-desk.glitch.me/
2019-01-07 04:08:45|https://glitch.com/edit/#!/puffy-desk?path=index.html:13:63
2019-01-07 04:08:55|https://puffy-desk.glitch.me/
2019-01-07 04:08:56|https://puffy-desk.glitch.me/
2019-01-07 04:08:57|https://puffy-desk.glitch.me/
2019-01-07 04:09:01|https://glitch.com/edit/#!/puffy-desk?path=index.html:14:84
2019-01-07 04:09:41|https://puffy-desk.glitch.me/
2019-01-07 04:09:42|https://puffy-desk.glitch.me/
2019-01-07 04:09:43|https://puffy-desk.glitch.me/
2019-01-07 04:09:55|https://puffy-desk.glitch.me/
2019-01-07 04:09:56|https://puffy-desk.glitch.me/
2019-01-07 04:09:58|https://puffy-desk.glitch.me/
2019-01-07 04:09:59|https://puffy-desk.glitch.me/
2019-01-07 04:10:00|https://puffy-desk.glitch.me/
2019-01-07 04:10:05|https://puffy-desk.glitch.me/
2019-01-07 04:10:07|https://puffy-desk.glitch.me/
2019-01-07 04:10:16|https://puffy-desk.glitch.me/
2019-01-07 04:10:17|https://puffy-desk.glitch.me/
2019-01-07 04:10:20|https://puffy-desk.glitch.me/
2019-01-07 04:10:23|https://puffy-desk.glitch.me/
2019-01-07 04:10:27|https://puffy-desk.glitch.me/
2019-01-07 04:10:27|https://puffy-desk.glitch.me/
2019-01-07 04:10:29|https://puffy-desk.glitch.me/
2019-01-07 04:10:33|https://puffy-desk.glitch.me/
2019-01-07 04:10:36|https://puffy-desk.glitch.me/
2019-01-07 04:10:36|https://puffy-desk.glitch.me/
2019-01-07 04:10:37|https://puffy-desk.glitch.me/
2019-01-07 04:10:38|https://puffy-desk.glitch.me/
2019-01-07 04:10:39|https://puffy-desk.glitch.me/
2019-01-07 04:10:40|https://puffy-desk.glitch.me/
2019-01-07 04:10:42|https://puffy-desk.glitch.me/
2019-01-07 04:10:44|https://puffy-desk.glitch.me/
2019-01-07 04:10:44|https://puffy-desk.glitch.me/
2019-01-07 04:10:45|https://puffy-desk.glitch.me/
2019-01-07 04:10:47|https://puffy-desk.glitch.me/
2019-01-07 04:10:50|https://puffy-desk.glitch.me/
2019-01-07 04:10:53|https://puffy-desk.glitch.me/
2019-01-07 04:10:53|https://puffy-desk.glitch.me/
2019-01-07 04:10:56|https://puffy-desk.glitch.me/
2019-01-07 04:10:57|https://puffy-desk.glitch.me/
2019-01-07 04:10:58|https://puffy-desk.glitch.me/
2019-01-07 04:10:59|https://puffy-desk.glitch.me/
2019-01-07 04:11:00|https://puffy-desk.glitch.me/
2019-01-07 04:11:01|https://puffy-desk.glitch.me/
2019-01-07 04:11:02|https://glitch.com/edit/#!/puffy-desk?path=index.html:15:96
2019-01-07 04:11:23|https://puffy-desk.glitch.me/
2019-01-07 04:11:24|https://glitch.com/edit/#!/puffy-desk?path=index.html:15:32
2019-01-07 04:11:37|https://glitch.com/edit/#!/puffy-desk?path=index.html:15:50
2019-01-07 04:11:51|https://puffy-desk.glitch.me/
2019-01-07 04:11:56|https://puffy-desk.glitch.me/
2019-01-07 04:11:56|https://puffy-desk.glitch.me/
2019-01-07 04:11:57|https://puffy-desk.glitch.me/
2019-01-07 04:11:59|https://puffy-desk.glitch.me/
2019-01-07 04:11:59|https://puffy-desk.glitch.me/
2019-01-07 04:12:00|https://puffy-desk.glitch.me/
2019-01-07 04:12:07|https://puffy-desk.glitch.me/
2019-01-07 04:12:07|https://puffy-desk.glitch.me/
2019-01-07 04:12:12|https://puffy-desk.glitch.me/
2019-01-07 04:12:13|https://puffy-desk.glitch.me/
2019-01-07 04:12:14|https://puffy-desk.glitch.me/
2019-01-07 04:12:15|https://glitch.com/edit/#!/puffy-desk?path=index.html:15:32
2019-01-07 04:12:24|https://puffy-desk.glitch.me/
2019-01-07 04:12:25|https://glitch.com/edit/#!/puffy-desk?path=index.html:15:12
2019-01-07 04:12:30|https://glitch.com/edit/#!/puffy-desk?path=index.html:15:24
2019-01-07 04:13:29|https://puffy-desk.glitch.me/
2019-01-07 04:13:29|https://puffy-desk.glitch.me/
2019-01-07 04:13:31|https://puffy-desk.glitch.me/
2019-01-07 04:13:51|https://puffy-desk.glitch.me/
2019-01-07 04:13:54|https://puffy-desk.glitch.me/
2019-01-07 04:13:59|https://puffy-desk.glitch.me/
2019-01-07 04:14:09|https://puffy-desk.glitch.me/
2019-01-07 04:14:12|https://puffy-desk.glitch.me/
2019-01-07 04:14:14|https://puffy-desk.glitch.me/
2019-01-07 04:14:18|https://puffy-desk.glitch.me/
2019-01-07 04:14:19|https://puffy-desk.glitch.me/
2019-01-07 04:14:24|https://puffy-desk.glitch.me/
2019-01-07 04:14:25|https://puffy-desk.glitch.me/
2019-01-07 04:14:29|https://puffy-desk.glitch.me/
2019-01-07 04:14:30|https://puffy-desk.glitch.me/
2019-01-07 04:14:34|https://puffy-desk.glitch.me/
2019-01-07 04:14:36|https://puffy-desk.glitch.me/
2019-01-07 04:14:37|https://puffy-desk.glitch.me/
2019-01-07 04:14:40|https://puffy-desk.glitch.me/
2019-01-07 04:14:41|https://puffy-desk.glitch.me/
2019-01-07 04:14:42|https://puffy-desk.glitch.me/
2019-01-07 04:14:47|https://puffy-desk.glitch.me/
2019-01-07 04:14:48|https://puffy-desk.glitch.me/
2019-01-07 04:14:51|https://puffy-desk.glitch.me/
2019-01-07 04:14:53|https://puffy-desk.glitch.me/
2019-01-07 04:14:55|https://puffy-desk.glitch.me/
2019-01-07 04:14:59|https://puffy-desk.glitch.me/
2019-01-07 04:15:02|https://puffy-desk.glitch.me/
2019-01-07 04:15:08|https://puffy-desk.glitch.me/
2019-01-07 04:15:10|https://puffy-desk.glitch.me/
2019-01-07 04:15:11|https://puffy-desk.glitch.me/
2019-01-07 04:15:13|https://puffy-desk.glitch.me/
2019-01-07 04:15:15|https://puffy-desk.glitch.me/
2019-01-07 04:15:19|https://puffy-desk.glitch.me/
2019-01-07 04:15:21|https://puffy-desk.glitch.me/
2019-01-07 04:15:22|https://glitch.com/edit/#!/puffy-desk?path=index.html:24:7
2019-01-07 04:15:47|https://puffy-desk.glitch.me/
2019-01-07 04:15:47|https://puffy-desk.glitch.me/
2019-01-07 04:15:53|https://puffy-desk.glitch.me/
2019-01-07 04:15:55|https://puffy-desk.glitch.me/
2019-01-07 04:15:56|https://puffy-desk.glitch.me/
2019-01-07 04:15:56|https://glitch.com/edit/#!/puffy-desk?path=index.html:10:41
2019-01-07 04:16:13|https://puffy-desk.glitch.me/
2019-01-07 04:16:14|https://puffy-desk.glitch.me/
2019-01-07 04:16:17|https://puffy-desk.glitch.me/
2019-01-07 04:16:18|https://puffy-desk.glitch.me/
2019-01-07 04:16:25|https://puffy-desk.glitch.me/
2019-01-07 04:16:35|https://puffy-desk.glitch.me/
2019-01-07 04:16:36|https://puffy-desk.glitch.me/
2019-01-07 04:16:36|https://glitch.com/edit/#!/puffy-desk?path=index.html:24:7
2019-01-07 04:16:56|https://puffy-desk.glitch.me/
2019-01-07 04:16:57|https://puffy-desk.glitch.me/
2019-01-07 04:17:02|https://puffy-desk.glitch.me/
2019-01-07 04:17:06|https://puffy-desk.glitch.me/
2019-01-07 04:17:09|https://puffy-desk.glitch.me/
2019-01-07 04:17:11|https://puffy-desk.glitch.me/
2019-01-07 04:17:11|https://glitch.com/edit/#!/puffy-desk?path=index.html:18:59
2019-01-07 04:18:47|https://puffy-desk.glitch.me/
2019-01-07 04:18:48|https://glitch.com/edit/#!/puffy-desk?path=index.html:13:34
2019-01-07 04:18:57|https://puffy-desk.glitch.me/
2019-01-07 04:18:57|https://puffy-desk.glitch.me/
2019-01-07 04:18:58|https://glitch.com/edit/#!/puffy-desk?path=index.html:13:38
2019-01-07 04:19:22|https://puffy-desk.glitch.me/
2019-01-07 04:19:25|https://puffy-desk.glitch.me/
2019-01-07 04:19:26|https://puffy-desk.glitch.me/
2019-01-07 04:19:26|https://glitch.com/edit/#!/puffy-desk?path=index.html:15:28
2019-01-07 04:19:39|https://puffy-desk.glitch.me/
2019-01-07 04:19:40|https://puffy-desk.glitch.me/
2019-01-07 04:19:42|https://puffy-desk.glitch.me/
2019-01-07 04:19:43|https://glitch.com/edit/#!/puffy-desk?path=index.html:15:31
2019-01-07 04:19:51|https://puffy-desk.glitch.me/
2019-01-07 04:19:52|https://puffy-desk.glitch.me/
2019-01-07 04:19:55|https://puffy-desk.glitch.me/
2019-01-07 04:19:56|https://puffy-desk.glitch.me/
2019-01-07 04:19:57|https://puffy-desk.glitch.me/
2019-01-07 04:19:59|https://puffy-desk.glitch.me/
2019-01-07 04:20:00|https://puffy-desk.glitch.me/
2019-01-07 04:20:00|https://glitch.com/edit/#!/puffy-desk?path=index.html:24:7
2019-01-07 04:20:24|https://puffy-desk.glitch.me/
2019-01-07 04:20:25|https://puffy-desk.glitch.me/
2019-01-07 04:20:26|https://glitch.com/edit/#!/puffy-desk?path=index.html:17:27
2019-01-07 04:20:37|https://puffy-desk.glitch.me/
2019-01-07 04:20:37|https://glitch.com/edit/#!/puffy-desk?path=index.html:17:29
2019-01-07 04:20:42|https://puffy-desk.glitch.me/
2019-01-07 04:20:43|https://glitch.com/edit/#!/puffy-desk?path=index.html:17:30
2019-01-07 04:21:50|https://puffy-desk.glitch.me/
2019-01-07 04:21:51|https://puffy-desk.glitch.me/
2019-01-07 04:21:53|https://puffy-desk.glitch.me/
2019-01-07 04:21:55|https://glitch.com/edit/#!/puffy-desk?path=index.html:19:66
2019-01-07 04:22:20|https://puffy-desk.glitch.me/
2019-01-07 04:22:22|https://puffy-desk.glitch.me/
2019-01-07 04:22:23|https://glitch.com/edit/#!/puffy-desk?path=index.html:26:51
2019-01-07 04:23:01|https://puffy-desk.glitch.me/
2019-01-07 04:23:03|https://puffy-desk.glitch.me/
2019-01-07 04:23:04|https://puffy-desk.glitch.me/
2019-01-07 04:23:07|https://puffy-desk.glitch.me/
2019-01-07 04:23:10|https://puffy-desk.glitch.me/
2019-01-07 04:23:11|https://puffy-desk.glitch.me/
2019-01-07 04:23:12|https://glitch.com/edit/#!/puffy-desk?path=index.html:19:67
2019-01-07 04:23:45|https://puffy-desk.glitch.me/
2019-01-07 04:23:47|https://glitch.com/edit/#!/puffy-desk?path=index.html:24:30
2019-01-07 04:23:58|https://puffy-desk.glitch.me/
2019-01-07 04:24:11|https://puffy-desk.glitch.me/
2019-01-07 04:24:14|https://puffy-desk.glitch.me/
2019-01-07 04:24:16|https://puffy-desk.glitch.me/
2019-01-07 04:24:29|https://glitch.com/edit/#!/puffy-desk?path=index.html:31:7
2019-01-07 04:24:43|https://puffy-desk.glitch.me/
2019-01-07 04:24:48|https://glitch.com/edit/#!/puffy-desk?path=index.html:24:31
2019-01-07 04:25:05|https://aframe.io/examples/showcase/animation/
2019-01-07 04:25:14|https://github.com/processprocess/lazerGlazer_Viz
2019-01-07 04:25:23|https://github.com/processprocess/lazerGlazer_Viz/blob/master/images/image12.png
2019-01-07 04:25:35|https://github.com/processprocess/lazerGlazer_Viz
2019-01-07 04:25:41|https://aframe.io/examples/showcase/hello-metaverse/
2019-01-07 04:25:42|https://glitch.com/~aframe-vaporwave
2019-01-07 04:25:51|https://aframe.io/examples/showcase/animation/
2019-01-07 04:25:55|https://github.com/processprocess/lazerGlazer_Viz
2019-01-07 04:25:59|https://github.com/processprocess/lazerGlazer_Viz/blob/master/README.md
2019-01-07 04:26:12|https://github.com/processprocess/lazerGlazer_Viz
2019-01-07 04:26:15|https://github.com/processprocess/lazerGlazer_Viz/blob/master/index.html
2019-01-07 04:26:47|https://puffy-desk.glitch.me/
2019-01-07 04:26:49|https://glitch.com/edit/#!/puffy-desk?path=index.html:36:10
2019-01-07 04:27:03|https://puffy-desk.glitch.me/
2019-01-07 04:27:06|https://puffy-desk.glitch.me/
2019-01-07 04:27:07|https://glitch.com/edit/#!/puffy-desk?path=index.html:28:103
2019-01-07 04:28:06|https://puffy-desk.glitch.me/
2019-01-07 04:28:07|https://puffy-desk.glitch.me/
2019-01-07 04:28:07|https://glitch.com/edit/#!/puffy-desk?path=index.html:24:7
2019-01-07 04:28:21|https://glitch.com/edit/#!/puffy-desk?path=index.html:24:7
2019-01-07 04:28:21|https://puffy-desk.glitch.me/
2019-01-07 04:28:54|https://puffy-desk.glitch.me/
2019-01-17 04:19:56|https://repl.it/@MaxNguyen1/WhiteSlowProcedures
2019-01-17 04:20:13|https://repl.it/@MaxNguyen1/WhiteSlowProcedures
2019-01-17 04:21:04|https://repl.it/auth/google/get?close=1
2019-01-17 04:21:05|https://accounts.google.com/o/oauth2/v2/auth?access_type=offline&response_type=code&redirect_uri=https%3A%2F%2Frepl.it%2Fauth%2Fgoogle%2Fcallback&scope=email%20profile&state=close%3D1&client_id=551333139604-3e6vevagfdvcipqacu0qtfbpkb6285h9.apps.googleusercontent.com
2019-01-17 04:21:05|https://accounts.google.com/signin/oauth?client_id=551333139604-3e6vevagfdvcipqacu0qtfbpkb6285h9.apps.googleusercontent.com&as=CgtZ-57z12E3Hz9oreeLvg&destination=https://repl.it&approval_state=!ChQ4UlhVLTJ0WlJwYzl1TGJFYkRnURIfZzBxZ3VVd2ozWDRUOEhuU1JuY2dubW9lU3FpZ2hSWQ%E2%88%99APNbktkAAAAAXEFUMSq9xoe9nXbrbnRmoCsgvGGhad9r&oauthgdpr=1&xsrfsig=ChkAeAh8TzvMRQ1uoyFp8gRhakINzF0RcEoXEg5hcHByb3ZhbF9zdGF0ZRILZGVzdGluYXRpb24SBXNvYWN1Eg9vYXV0aHJpc2t5c2NvcGU
2019-01-17 04:21:06|https://accounts.google.com/signin/oauth/identifier?client_id=551333139604-3e6vevagfdvcipqacu0qtfbpkb6285h9.apps.googleusercontent.com&as=CgtZ-57z12E3Hz9oreeLvg&destination=https%3A%2F%2Frepl.it&approval_state=!ChQ4UlhVLTJ0WlJwYzl1TGJFYkRnURIfZzBxZ3VVd2ozWDRUOEhuU1JuY2dubW9lU3FpZ2hSWQ%E2%88%99APNbktkAAAAAXEFUMSq9xoe9nXbrbnRmoCsgvGGhad9r&oauthgdpr=1&xsrfsig=ChkAeAh8TzvMRQ1uoyFp8gRhakINzF0RcEoXEg5hcHByb3ZhbF9zdGF0ZRILZGVzdGluYXRpb24SBXNvYWN1Eg9vYXV0aHJpc2t5c2NvcGU&flowName=GeneralOAuthFlow
2019-01-17 04:21:19|https://accounts.google.com/samlredirect?domain=trinity.nsw.edu.au&TL=AHnYQLw75Rfwe5Qmj6zq8CIhF4Zg1XzEL_vyBSoD-7EmFsOhn687ZiyXKImzakxxdMETubnrPCGLEwxtep4hRCCNAOVNi05oLIQ7eQBiQ_zfrbfJRcEK-M4L37hocJuSqhNFLyavifHihLJAONt6EQQpBcIKAbAx1IomgpDwroFzO0uxqUS2ycg&continue=https%3A%2F%2Faccounts.google.com%2Fsignin%2Foauth%2Fconsent%3Fauthuser%3Dunknown%26part%3DAJi8hAPrijeW4GFnQLGn-GA40vNLUsu6oHiauZCFklmKMLJJTElNagXG_SRBXukvmQgzplH-wOZ_6w3Xt6vXiruy76h8O5-FBARrzJSe4Yb5m9VqR0G18XklJzv9BaaJ-E1E16HUCRslV8gAj24-qfInOwmsg-QQDOOoddHdS9k80PtRxZ10qsD-EgnRluYKwAIs2z7gJ2AZT9SbazYPumhiI5xiWh0FoAaKA34qpqpF09mNhrGQ4on_jXHLf5_WheOTLVZY5DkOr7gQNkYKUSn_aJrMa8MQZ9xH4m6BNNPIePyhvn_Zk2GdbWKMeQjw3kai4hc8EumYjjo2qHJVwGusaeMC5qmtMJNwlK3Uy7eGAbQYA9R6tKkIXIfd3tMe9qlgrO2wu4V1xHOhbMbIzQnxJCIxZmOItYoYRWXTWSKsqSt9WoWPLVw%26as%3DCgtZ-57z12E3Hz9oreeLvg%23
2019-01-17 04:21:19|https://trinity-login.cloudworkengine.net/saml2/idp/SSOService.php?SAMLRequest=fVJLT%2BMwEL4j8R8i3%2FOqkACrCeqCEJV4RDTsYW%2BOM0lncezgsRv497gpCPawXD9%2F%2Fh4zs7x4HVS0A0todMHyJGMRaGla1H3Bnurr%2BIxdlMdHSxKDGvnKu61%2BhBcP5KLwUxOfHwrmreZGEBLXYgDiTvLN6u6WL5KMj9Y4I41i0fqqYA1i1zWwfcZmbPC5F0JJOYD6aySOjYa%2B7yRi27Lo92esxT7WmsjDWpMT2gUoy8%2FjLI%2Fz0zo74Yuc5%2Bd%2FWFR9OP1CfWjwU6zmQCJ%2BU9dVXD1s6llghy3Y%2B8AuWG9MryCRZtjbV4IIdwHuhCJg0YoIrAsBL40mP4DdgN2hhKfH24JtnRuJp%2Bk0TcmXTCpSZ1Gje0s0TQm0PhE%2BFZJYOU%2BYzyXtt9H%2BXEF8RmDll8ky%2FSZVfmxuX2h9VRmF8i1aKWWmSwvChTbO%2BlDm2thBuP%2B75Uk%2BI9jG3UzlXtMIEjuEsKq0PLj%2BeyLhcN4B&RelayState=https%3A%2F%2Faccounts.google.com%2FCheckCookie%3Fplt%3DAKgnsbvgmf_GSC3-MihHCsyAfHnYeb9sXujMDDP4Ufl6Wo5_ITaLFqtNAOSlHpdOMlDX_GfNyy3LlZR90dWR3njvA4DFjFLr3BCcO3RsgDW0mO5nvAyFYwcJ8uNuj3pmshWqAIUqSOUDCsbKnhsrP0lAosdTGqVRDUQp0D0Y-actZqRjB_YVq5Et3U-iTzomugZEb68el2OESVQ6Sho9ea0AMs7YYkFlWQ15BZgrR2hEiDa2Y57bwhhthi5G1OLPRVWAGMXRnvJC%26continue%3Dhttps%253A%252F%252Faccounts.google.com%252Fsignin%252Foauth%252Fconsent%253Fauthuser%253Dunknown%2526part%253DAJi8hAPrijeW4GFnQLGn-GA40vNLUsu6oHiauZCFklmKMLJJTElNagXG_SRBXukvmQgzplH-wOZ_6w3Xt6vXiruy76h8O5-FBARrzJSe4Yb5m9VqR0G18XklJzv9BaaJ-E1E16HUCRslV8gAj24-qfInOwmsg-QQDOOoddHdS9k80PtRxZ10qsD-EgnRluYKwAIs2z7gJ2AZT9SbazYPumhiI5xiWh0FoAaKA34qpqpF09mNhrGQ4on_jXHLf5_WheOTLVZY5DkOr7gQNkYKUSn_aJrMa8MQZ9xH4m6BNNPIePyhvn_Zk2GdbWKMeQjw3kai4hc8EumYjjo2qHJVwGusaeMC5qmtMJNwlK3Uy7eGAbQYA9R6tKkIXIfd3tMe9qlgrO2wu4V1xHOhbMbIzQnxJCIxZmOItYoYRWXTWSKsqSt9WoWPLVw%2526as%253DCgtZ-57z12E3Hz9oreeLvg%2523
2019-01-17 04:21:19|https://trinity-login.cloudworkengine.net/module.php/core/loginuserpass.php?AuthState=_a6c3b370402e1c7279dbe7a5f39da30b7abb7cc132%3Ahttps%3A%2F%2Ftrinity-login.cloudworkengine.net%2Fsaml2%2Fidp%2FSSOService.php%3Fspentityid%3Dgoogle.com%26cookieTime%3D1547698879%26RelayState%3Dhttps%253A%252F%252Faccounts.google.com%252FCheckCookie%253Fplt%253DAKgnsbvgmf_GSC3-MihHCsyAfHnYeb9sXujMDDP4Ufl6Wo5_ITaLFqtNAOSlHpdOMlDX_GfNyy3LlZR90dWR3njvA4DFjFLr3BCcO3RsgDW0mO5nvAyFYwcJ8uNuj3pmshWqAIUqSOUDCsbKnhsrP0lAosdTGqVRDUQp0D0Y-actZqRjB_YVq5Et3U-iTzomugZEb68el2OESVQ6Sho9ea0AMs7YYkFlWQ15BZgrR2hEiDa2Y57bwhhthi5G1OLPRVWAGMXRnvJC%2526continue%253Dhttps%25253A%25252F%25252Faccounts.google.com%25252Fsignin%25252Foauth%25252Fconsent%25253Fauthuser%25253Dunknown%252526part%25253DAJi8hAPrijeW4GFnQLGn-GA40vNLUsu6oHiauZCFklmKMLJJTElNagXG_SRBXukvmQgzplH-wOZ_6w3Xt6vXiruy76h8O5-FBARrzJSe4Yb5m9VqR0G18XklJzv9BaaJ-E1E16HUCRslV8gAj24-qfInOwmsg-QQDOOoddHdS9k80PtRxZ10qsD-EgnRluYKwAIs2z7gJ2AZT9SbazYPumhiI5xiWh0FoAaKA34qpqpF09mNhrGQ4on_jXHLf5_WheOTLVZY5DkOr7gQNkYKUSn_aJrMa8MQZ9xH4m6BNNPIePyhvn_Zk2GdbWKMeQjw3kai4hc8EumYjjo2qHJVwGusaeMC5qmtMJNwlK3Uy7eGAbQYA9R6tKkIXIfd3tMe9qlgrO2wu4V1xHOhbMbIzQnxJCIxZmOItYoYRWXTWSKsqSt9WoWPLVw%252526as%25253DCgtZ-57z12E3Hz9oreeLvg%252523
2019-01-17 04:21:35|https://www.google.com/accounts/signin/continue?sarp=1&continue=https%3A%2F%2Faccounts.google.com%2Fsignin%2Foauth%2Fconsent%3Fauthuser%3Dunknown%26part%3DAJi8hAPrijeW4GFnQLGn-GA40vNLUsu6oHiauZCFklmKMLJJTElNagXG_SRBXukvmQgzplH-wOZ_6w3Xt6vXiruy76h8O5-FBARrzJSe4Yb5m9VqR0G18XklJzv9BaaJ-E1E16HUCRslV8gAj24-qfInOwmsg-QQDOOoddHdS9k80PtRxZ10qsD-EgnRluYKwAIs2z7gJ2AZT9SbazYPumhiI5xiWh0FoAaKA34qpqpF09mNhrGQ4on_jXHLf5_WheOTLVZY5DkOr7gQNkYKUSn_aJrMa8MQZ9xH4m6BNNPIePyhvn_Zk2GdbWKMeQjw3kai4hc8EumYjjo2qHJVwGusaeMC5qmtMJNwlK3Uy7eGAbQYA9R6tKkIXIfd3tMe9qlgrO2wu4V1xHOhbMbIzQnxJCIxZmOItYoYRWXTWSKsqSt9WoWPLVw%26as%3DCgtZ-57z12E3Hz9oreeLvg%23&plt=AKgnsbt73_ikBdtyXBzsJF3vKg3owntdXwajI5_WW6EdV3gBBOYMdq6g_Wk_l99ZSzSVzLorfFkNj_VRU6Az9ilw0LiDvhTLCgxP_Lx7XXCM60IXk-_UPUE1i9nw0A4_4gVIF213TPUL5Q9LXLwzIO9ojk0CniXfGzi5BCGAb_Zdz6TUnlSlkyyVsLLJfrWs2zHcxsQ0IYCICHe_YaKZaRWmgZNpiGthe2a8m76F8tCYUAjsqkCI0Gq9LdOilG-PrsuyWudNSg3H&PersistentCookie=1&scc=0
2019-01-17 04:21:36|https://accounts.google.com/signin/continue?sarp=1&continue=https%3A%2F%2Faccounts.google.com%2Fsignin%2Foauth%2Fconsent%3Fauthuser%3Dunknown%26part%3DAJi8hAPrijeW4GFnQLGn-GA40vNLUsu6oHiauZCFklmKMLJJTElNagXG_SRBXukvmQgzplH-wOZ_6w3Xt6vXiruy76h8O5-FBARrzJSe4Yb5m9VqR0G18XklJzv9BaaJ-E1E16HUCRslV8gAj24-qfInOwmsg-QQDOOoddHdS9k80PtRxZ10qsD-EgnRluYKwAIs2z7gJ2AZT9SbazYPumhiI5xiWh0FoAaKA34qpqpF09mNhrGQ4on_jXHLf5_WheOTLVZY5DkOr7gQNkYKUSn_aJrMa8MQZ9xH4m6BNNPIePyhvn_Zk2GdbWKMeQjw3kai4hc8EumYjjo2qHJVwGusaeMC5qmtMJNwlK3Uy7eGAbQYA9R6tKkIXIfd3tMe9qlgrO2wu4V1xHOhbMbIzQnxJCIxZmOItYoYRWXTWSKsqSt9WoWPLVw%26as%3DCgtZ-57z12E3Hz9oreeLvg%23&plt=AKgnsbt73_ikBdtyXBzsJF3vKg3owntdXwajI5_WW6EdV3gBBOYMdq6g_Wk_l99ZSzSVzLorfFkNj_VRU6Az9ilw0LiDvhTLCgxP_Lx7XXCM60IXk-_UPUE1i9nw0A4_4gVIF213TPUL5Q9LXLwzIO9ojk0CniXfGzi5BCGAb_Zdz6TUnlSlkyyVsLLJfrWs2zHcxsQ0IYCICHe_YaKZaRWmgZNpiGthe2a8m76F8tCYUAjsqkCI0Gq9LdOilG-PrsuyWudNSg3H&PersistentCookie=1&scc=0
2019-01-17 04:21:36|https://accounts.google.com/CheckCookie?sarp=1&scc=0&chtml=LoginDoneHtml&continue=https%3A%2F%2Faccounts.google.com%2Fsignin%2Foauth%2Fconsent%3Fauthuser%3Dunknown%26part%3DAJi8hAPrijeW4GFnQLGn-GA40vNLUsu6oHiauZCFklmKMLJJTElNagXG_SRBXukvmQgzplH-wOZ_6w3Xt6vXiruy76h8O5-FBARrzJSe4Yb5m9VqR0G18XklJzv9BaaJ-E1E16HUCRslV8gAj24-qfInOwmsg-QQDOOoddHdS9k80PtRxZ10qsD-EgnRluYKwAIs2z7gJ2AZT9SbazYPumhiI5xiWh0FoAaKA34qpqpF09mNhrGQ4on_jXHLf5_WheOTLVZY5DkOr7gQNkYKUSn_aJrMa8MQZ9xH4m6BNNPIePyhvn_Zk2GdbWKMeQjw3kai4hc8EumYjjo2qHJVwGusaeMC5qmtMJNwlK3Uy7eGAbQYA9R6tKkIXIfd3tMe9qlgrO2wu4V1xHOhbMbIzQnxJCIxZmOItYoYRWXTWSKsqSt9WoWPLVw%26as%3DCgtZ-57z12E3Hz9oreeLvg%26rapt%3DAEjHL4NIXF7OhzhCQWFFqxaXVpZJCJttYQXaF1A_t76IIekbciMzB4x-GmKs6_q757EhnmUwWeVFUCirqK8gFzgXNSmoVMoTHQ%23&gidl=EgIIAA
2019-01-17 04:21:37|https://accounts.google.com.au/accounts/SetSID?ssdc=1&sidt=ALWU2cuiZdJgCBCngD1EeJO1qeII3ZHmGUPOuX3pHAgxKas2YmUySWiXJrf8%2FLZ4e9IH0bh0DqA%2FlVUr0FeQpVVH2x%2Bbi9UmDiStFWCdOdufTS%2B0%2FoZV6tQfXi%2Fqpi2cfHqrmlxOrRo0Wz8JCgCYkeorzYCTrSF4XF%2F8FlZcz2P6nas3eXoIZMM9L3NzYCgSvLgXyilIOWjlhfyDffs%2F4fpeLaVY43g%2FRc5ubrBVBQPmuJEwy1YVbPeISKqL2MpnzrOafGic%2FwFs&continue=https%3A%2F%2Faccounts.google.com%2Fsignin%2Foauth%2Fconsent%3Fauthuser%3D0%26part%3DAJi8hAPrijeW4GFnQLGn-GA40vNLUsu6oHiauZCFklmKMLJJTElNagXG_SRBXukvmQgzplH-wOZ_6w3Xt6vXiruy76h8O5-FBARrzJSe4Yb5m9VqR0G18XklJzv9BaaJ-E1E16HUCRslV8gAj24-qfInOwmsg-QQDOOoddHdS9k80PtRxZ10qsD-EgnRluYKwAIs2z7gJ2AZT9SbazYPumhiI5xiWh0FoAaKA34qpqpF09mNhrGQ4on_jXHLf5_WheOTLVZY5DkOr7gQNkYKUSn_aJrMa8MQZ9xH4m6BNNPIePyhvn_Zk2GdbWKMeQjw3kai4hc8EumYjjo2qHJVwGusaeMC5qmtMJNwlK3Uy7eGAbQYA9R6tKkIXIfd3tMe9qlgrO2wu4V1xHOhbMbIzQnxJCIxZmOItYoYRWXTWSKsqSt9WoWPLVw%26as%3DCgtZ-57z12E3Hz9oreeLvg%26rapt%3DAEjHL4NIXF7OhzhCQWFFqxaXVpZJCJttYQXaF1A_t76IIekbciMzB4x-GmKs6_q757EhnmUwWeVFUCirqK8gFzgXNSmoVMoTHQ%23
2019-01-17 04:21:37|https://accounts.google.com.au/accounts/SetSID
2019-01-17 04:21:38|https://accounts.google.com/signin/oauth/consent?authuser=0&part=AJi8hAPrijeW4GFnQLGn-GA40vNLUsu6oHiauZCFklmKMLJJTElNagXG_SRBXukvmQgzplH-wOZ_6w3Xt6vXiruy76h8O5-FBARrzJSe4Yb5m9VqR0G18XklJzv9BaaJ-E1E16HUCRslV8gAj24-qfInOwmsg-QQDOOoddHdS9k80PtRxZ10qsD-EgnRluYKwAIs2z7gJ2AZT9SbazYPumhiI5xiWh0FoAaKA34qpqpF09mNhrGQ4on_jXHLf5_WheOTLVZY5DkOr7gQNkYKUSn_aJrMa8MQZ9xH4m6BNNPIePyhvn_Zk2GdbWKMeQjw3kai4hc8EumYjjo2qHJVwGusaeMC5qmtMJNwlK3Uy7eGAbQYA9R6tKkIXIfd3tMe9qlgrO2wu4V1xHOhbMbIzQnxJCIxZmOItYoYRWXTWSKsqSt9WoWPLVw&as=CgtZ-57z12E3Hz9oreeLvg&rapt=AEjHL4NIXF7OhzhCQWFFqxaXVpZJCJttYQXaF1A_t76IIekbciMzB4x-GmKs6_q757EhnmUwWeVFUCirqK8gFzgXNSmoVMoTHQ#
2019-01-17 04:21:39|https://repl.it/auth/google/callback?state=close%3D1&code=4%2F1QCSvt2oN88MvFHF76FR7cTE7lo2_B0uHHvlyu6F1CBd_D2cd8zdR13VrojnmNZSO4o-1G5Vy4SGPUFwAZaG73s&scope=email+profile+https%3A%2F%2Fwww.googleapis.com%2Fauth%2Fuserinfo.profile+https%3A%2F%2Fwww.googleapis.com%2Fauth%2Fuserinfo.email
2019-01-17 04:21:40|https://repl.it/auth/close
2019-01-17 04:21:48|https://repl.it/repls
2019-01-17 04:21:51|https://repl.it/@MaxNguyen1/WhiteSlowProcedures
1|https://www.mozilla.org/privacy/firefox/||1|0|13191303432000000|1|0
2|http://aframe.io/||1|1|13191303434000000|1|0
3|https://aframe.io/|A-Frame – Make WebVR|2|0|13191307135000000|0|0
4|https://aframe.io/examples/showcase/helloworld/|Hello WebVR – A-Frame|2|0|13191303438000000|0|0
5|https://glitch.com/~aframe|aframe|3|0|13191303443000000|0|0
6|https://glitch.com/edit/#!/remix/aframe|Glitch :･ﾟ✧|2|0|13191303619000000|0|0
7|https://glitch.com/edit/#!/|Glitch :･ﾟ✧|4|0|13191303621000000|0|0
8|https://glitch.com/edit/#!/abalone-approval|index.html – abalone-approval|1|0|13191303621000000|0|0
9|https://glitch.com/edit/#!/abalone-approval?path=index.html:11:66|index.html – abalone-approval|1|0|13191303802000000|0|0
10|https://abalone-approval.glitch.me/|Hello, WebVR! • A-Frame|23|0|13191303804000000|0|0
11|https://glitch.com/edit/#!/abalone-approval?path=index.html:11:48|index.html – abalone-approval|2|0|13191304843000000|0|0
12|https://glitch.com/edit/#!/abalone-approval?path=index.html:11:45|index.html – abalone-approval|1|0|13191304865000000|0|0
13|https://glitch.com/edit/#!/abalone-approval?path=index.html:11:46|index.html – abalone-approval|2|0|13191304876000000|0|0
14|https://glitch.com/edit/#!/abalone-approval?path=index.html:12:46|index.html – abalone-approval|1|0|13191304921000000|0|0
15|https://glitch.com/edit/#!/abalone-approval?path=index.html:12:32|index.html – abalone-approval|1|0|13191304942000000|0|0
16|https://glitch.com/edit/#!/abalone-approval?path=index.html:12:6|index.html – abalone-approval|1|0|13191305025000000|0|0
17|http://aframe.io//docs/0.8.0/introduction||1|1|13191306962000000|1|0
18|https://glitch.com/edit/#!/aframe?path=index.html|Glitch :･ﾟ✧|1|0|13191307099000000|0|0
19|https://glitch.com/edit/#!/aframe|index.html – aframe|2|0|13191307101000000|0|0
20|https://glitch.com/edit/#!/puffy-desk|index.html – puffy-desk|1|0|13191307292000000|0|0
21|https://glitch.com/edit/#!/puffy-desk?path=index.html:11:66|index.html – puffy-desk|1|0|13191307435000000|0|0
22|https://www.google.com/search?q=colour+wheel&ie=utf-8&oe=utf-8&client=firefox-b-ab|colour wheel - Google Search|1|1|13191307439000000|0|0
23|https://www.sessions.edu/color-calculator/|Color Wheel - Color Calculator | Sessions College|1|0|13191307441000000|0|0
24|https://glitch.com/edit/#!/puffy-desk?path=index.html:17:7|index.html – puffy-desk|2|0|13191307479000000|0|0
25|https://puffy-desk.glitch.me/|lazerGlazer_Viz|159|0|13191307480000000|0|0
26|https://glitch.com/edit/#!/puffy-desk?path=index.html:14:71|index.html – puffy-desk|1|0|13191307517000000|0|0
27|https://glitch.com/edit/#!/puffy-desk?path=index.html:13:63|index.html – puffy-desk|1|0|13191307725000000|0|0
28|https://glitch.com/edit/#!/puffy-desk?path=index.html:14:84|index.html – puffy-desk|1|0|13191307741000000|0|0
29|https://glitch.com/edit/#!/puffy-desk?path=index.html:15:96|index.html – puffy-desk|1|0|13191307862000000|0|0
30|https://glitch.com/edit/#!/puffy-desk?path=index.html:15:32|index.html – puffy-desk|2|0|13191307884000000|0|0
31|https://glitch.com/edit/#!/puffy-desk?path=index.html:15:50|index.html – puffy-desk|1|0|13191307897000000|0|0
32|https://glitch.com/edit/#!/puffy-desk?path=index.html:15:12|index.html – puffy-desk|1|0|13191307945000000|0|0
33|https://glitch.com/edit/#!/puffy-desk?path=index.html:15:24|index.html – puffy-desk|1|0|13191307950000000|0|0
34|https://glitch.com/edit/#!/puffy-desk?path=index.html:24:7|index.html – puffy-desk|5|0|13191308122000000|0|0
35|https://glitch.com/edit/#!/puffy-desk?path=index.html:10:41|index.html – puffy-desk|1|0|13191308156000000|0|0
36|https://glitch.com/edit/#!/puffy-desk?path=index.html:18:59|index.html – puffy-desk|1|0|13191308231000000|0|0
37|https://glitch.com/edit/#!/puffy-desk?path=index.html:13:34|index.html – puffy-desk|1|0|13191308328000000|0|0
38|https://glitch.com/edit/#!/puffy-desk?path=index.html:13:38|index.html – puffy-desk|1|0|13191308338000000|0|0
39|https://glitch.com/edit/#!/puffy-desk?path=index.html:15:28|index.html – puffy-desk|1|0|13191308366000000|0|0
40|https://glitch.com/edit/#!/puffy-desk?path=index.html:15:31|index.html – puffy-desk|1|0|13191308383000000|0|0
41|https://glitch.com/edit/#!/puffy-desk?path=index.html:17:27|index.html – puffy-desk|1|0|13191308426000000|0|0
42|https://glitch.com/edit/#!/puffy-desk?path=index.html:17:29|index.html – puffy-desk|1|0|13191308437000000|0|0
43|https://glitch.com/edit/#!/puffy-desk?path=index.html:17:30|index.html – puffy-desk|1|0|13191308443000000|0|0
44|https://glitch.com/edit/#!/puffy-desk?path=index.html:19:66|index.html – puffy-desk|1|0|13191308515000000|0|0
45|https://glitch.com/edit/#!/puffy-desk?path=index.html:26:51|index.html – puffy-desk|1|0|13191308543000000|0|0
46|https://glitch.com/edit/#!/puffy-desk?path=index.html:19:67|index.html – puffy-desk|1|0|13191308592000000|0|0
47|https://glitch.com/edit/#!/puffy-desk?path=index.html:24:30|index.html – puffy-desk|1|0|13191308627000000|0|0
48|https://glitch.com/edit/#!/puffy-desk?path=index.html:31:7|index.html – puffy-desk|1|0|13191308669000000|0|0
49|https://glitch.com/edit/#!/puffy-desk?path=index.html:24:31|index.html – puffy-desk|1|0|13191308688000000|0|0
50|https://aframe.io/examples/showcase/animation/|Animation – A-Frame|2|0|13191308705000000|0|0
51|https://github.com/processprocess/lazerGlazer_Viz|GitHub - processprocess/lazerGlazer_Viz: WebVR Psychedelia|4|0|13191308714000000|0|0
52|https://github.com/processprocess/lazerGlazer_Viz/blob/master/images/image12.png|lazerGlazer_Viz/image12.png at master · processprocess/lazerGlazer_Viz · GitHub|1|0|13191308723000000|0|0
53|https://aframe.io/examples/showcase/hello-metaverse/|Hello Metaverse – A-Frame|1|0|13191308741000000|0|0
54|https://glitch.com/~aframe-vaporwave|aframe-vaporwave|1|0|13191308742000000|0|0
55|https://github.com/processprocess/lazerGlazer_Viz/blob/master/README.md|lazerGlazer_Viz/README.md at master · processprocess/lazerGlazer_Viz · GitHub|1|0|13191308759000000|0|0
56|https://github.com/processprocess/lazerGlazer_Viz/blob/master/index.html|lazerGlazer_Viz/index.html at master · processprocess/lazerGlazer_Viz · GitHub|1|0|13191308775000000|0|0
57|https://glitch.com/edit/#!/puffy-desk?path=index.html:36:10|index.html – puffy-desk|1|0|13191308809000000|0|0
58|https://glitch.com/edit/#!/puffy-desk?path=index.html:28:103|index.html – puffy-desk|1|0|13191308827000000|0|0
59|http://repl.it/languages/python3|Repl.it - WhiteSlowProcedures|3|3|13192160445201746|0|0
60|https://repl.it/languages/python3|Repl.it - WhiteSlowProcedures|4|0|13192160445201746|0|0
61|https://repl.it/repls/CompassionateSuspiciousTechnology|Repl.it - CompassionateSuspiciousTechnology|2|0|13191897095729070|0|0
62|https://summer2019.compclub.com.au/day1|Introduction to Python | CompClub 2019 Summer Workshops|5|0|13192153934130001|0|0
63|https://docs.google.com/presentation/d/1OWwCIZ1shunPSW80S6LdNtQN6xJIU1f1waVA_0dT1Ww/edit?usp=sharing|Advanced Python - Google Slides|4|0|13191902956958303|0|0
64|https://docs.google.com/presentation/d/1OWwCIZ1shunPSW80S6LdNtQN6xJIU1f1waVA_0dT1Ww/edit||2|0|13191902957009104|0|0
65|https://docs.google.com/presentation/d/1OWwCIZ1shunPSW80S6LdNtQN6xJIU1f1waVA_0dT1Ww/edit#slide=id.g3ccd86a859_0_0||2|0|13191902958641611|0|0
66|https://docs.google.com/presentation/d/1OWwCIZ1shunPSW80S6LdNtQN6xJIU1f1waVA_0dT1Ww/edit#slide=id.g3cdc053e3a_0_204||2|0|13191903260792322|0|0
67|https://docs.google.com/presentation/d/1OWwCIZ1shunPSW80S6LdNtQN6xJIU1f1waVA_0dT1Ww/edit#slide=id.g3cdc053e3a_0_199||1|0|13191902683660948|0|0
68|https://docs.google.com/presentation/d/1ZGBVwbD055fzcnudI-pQU3fgEPk7WIt_AVH127H_qzQ/edit?usp=sharing|Introduction to Python - Google Slides|4|0|13192153932574529|0|0
69|https://docs.google.com/presentation/d/1ZGBVwbD055fzcnudI-pQU3fgEPk7WIt_AVH127H_qzQ/edit||2|0|13192153932620362|0|0
70|https://docs.google.com/presentation/d/1ZGBVwbD055fzcnudI-pQU3fgEPk7WIt_AVH127H_qzQ/edit#slide=id.g3cbf3982fb_4_0||2|0|13192153933879759|0|0
71|https://summer2019.compclub.com.au/|Welcome to the CompClub Summer Spy School | CompClub 2019 Summer Workshops|10|1|13192172572177563|0|0
72|https://docs.python.org/3/index.html|3.7.2 Documentation|1|0|13191902973601270|0|0
73|https://www.tutorialspoint.com/python3/index.htm|Python 3 tutorial|1|0|13191902974732327|0|0
74|https://developers.google.com/edu/python/|Google's Python Class  |  Python Education  |  Google Developers|1|0|13191902977805260|0|0
75|https://www.google.com/search?q=imposter+syndrome&oq=imposter+&aqs=chrome.0.0j69i57j0l4.2584j0j7&sourceid=chrome&ie=UTF-8|imposter syndrome - Google Search|1|0|13191903212194700|0|0
76|https://en.wikipedia.org/wiki/Impostor_syndrome|Impostor syndrome - Wikipedia|1|0|13191903220863300|0|0
77|https://docs.google.com/presentation/d/1ZGBVwbD055fzcnudI-pQU3fgEPk7WIt_AVH127H_qzQ/edit#slide=id.g3cbf3982fb_0_45||1|0|13191903253055883|0|0
78|https://docs.google.com/presentation/d/1ZGBVwbD055fzcnudI-pQU3fgEPk7WIt_AVH127H_qzQ/edit#slide=id.g3cbf3982fb_0_63||1|0|13191903253756589|0|0
79|https://docs.google.com/presentation/d/1ZGBVwbD055fzcnudI-pQU3fgEPk7WIt_AVH127H_qzQ/edit#slide=id.g3c8fdf14fc_0_96||1|0|13191903255620087|0|0
80|https://docs.google.com/presentation/d/1OWwCIZ1shunPSW80S6LdNtQN6xJIU1f1waVA_0dT1Ww/edit#slide=id.g4d5d232f59_0_27||4|0|13191904002235676|0|0
81|https://docs.google.com/presentation/d/1OWwCIZ1shunPSW80S6LdNtQN6xJIU1f1waVA_0dT1Ww/edit#slide=id.g3cdc053e3a_0_64||2|0|13191903312378804|0|0
82|https://docs.google.com/presentation/d/1OWwCIZ1shunPSW80S6LdNtQN6xJIU1f1waVA_0dT1Ww/edit#slide=id.g3cdc053e3a_0_50||3|0|13191903738845247|0|0
83|https://docs.google.com/presentation/d/1OWwCIZ1shunPSW80S6LdNtQN6xJIU1f1waVA_0dT1Ww/edit#slide=id.g3cdafe375d_0_14||3|0|13191903404000277|0|0
84|https://docs.google.com/presentation/d/1OWwCIZ1shunPSW80S6LdNtQN6xJIU1f1waVA_0dT1Ww/edit#slide=id.g3ccd86a859_0_95||2|0|13191903352233402|0|0
85|https://docs.google.com/presentation/d/1OWwCIZ1shunPSW80S6LdNtQN6xJIU1f1waVA_0dT1Ww/edit#slide=id.g3ccd86a859_0_1104||1|0|13191903349213101|0|0
86|https://docs.google.com/presentation/d/1OWwCIZ1shunPSW80S6LdNtQN6xJIU1f1waVA_0dT1Ww/edit#slide=id.g3cdc053e3a_0_17||3|0|13191903734223147|0|0
87|https://docs.google.com/presentation/d/1OWwCIZ1shunPSW80S6LdNtQN6xJIU1f1waVA_0dT1Ww/edit#slide=id.g3cdc053e3a_0_21||3|0|13191903735146641|0|0
88|https://docs.google.com/presentation/d/1OWwCIZ1shunPSW80S6LdNtQN6xJIU1f1waVA_0dT1Ww/edit#slide=id.g3cdc053e3a_0_28||3|0|13191903735933392|0|0
89|https://docs.google.com/presentation/d/1OWwCIZ1shunPSW80S6LdNtQN6xJIU1f1waVA_0dT1Ww/edit#slide=id.g3cdc053e3a_0_39||3|0|13191903736895987|0|0
90|https://docs.google.com/presentation/d/1OWwCIZ1shunPSW80S6LdNtQN6xJIU1f1waVA_0dT1Ww/edit#slide=id.g4c1d71b371_1_1||2|0|13191903859345515|0|0
91|https://docs.google.com/presentation/d/1OWwCIZ1shunPSW80S6LdNtQN6xJIU1f1waVA_0dT1Ww/edit#slide=id.g4d5d232f59_0_6||2|0|13191903957848179|0|0
92|https://docs.google.com/presentation/d/1OWwCIZ1shunPSW80S6LdNtQN6xJIU1f1waVA_0dT1Ww/edit#slide=id.g4d5dffc626_0_36||3|0|13191903960349037|0|0
93|https://docs.google.com/presentation/d/1OWwCIZ1shunPSW80S6LdNtQN6xJIU1f1waVA_0dT1Ww/edit#slide=id.g4d5d232f59_0_16||2|0|13191903961059347|0|0
94|https://docs.google.com/presentation/d/1OWwCIZ1shunPSW80S6LdNtQN6xJIU1f1waVA_0dT1Ww/edit#slide=id.g4d5d232f59_0_34||5|0|13191912773800880|0|0
95|https://docs.google.com/presentation/d/1OWwCIZ1shunPSW80S6LdNtQN6xJIU1f1waVA_0dT1Ww/edit#slide=id.g4d5d232f59_0_44||3|0|13191904571981158|0|0
96|https://docs.google.com/presentation/d/1OWwCIZ1shunPSW80S6LdNtQN6xJIU1f1waVA_0dT1Ww/edit#slide=id.g4d5dffc626_0_16||4|0|13191905317683014|0|0
97|https://trinket.io/features/pygame|The New Pygame Trinket|1|0|13191903886405526|0|0
98|https://www.google.com/search?q=tkinter&oq=tkinter&aqs=chrome..69i57j0l5.4390j0j7&sourceid=chrome&ie=UTF-8|tkinter - Google Search|1|0|13191904097721548|0|0
99|https://wiki.python.org/moin/TkInter|TkInter - Python Wiki|1|0|13191904100286102|0|0
100|http://tinyurl.com/tkinterDoc|Python GUI Programming (Tkinter)|2|2|13191911557105449|0|0
101|http://www.tutorialspoint.com/python/python_gui_programming.htm|Python GUI Programming (Tkinter)|3|0|13191911557105449|0|0
102|https://docs.google.com/presentation/d/1OWwCIZ1shunPSW80S6LdNtQN6xJIU1f1waVA_0dT1Ww/edit#slide=id.g4d5dffc626_0_3||6|0|13191905623877835|0|0
103|https://docs.google.com/presentation/d/1OWwCIZ1shunPSW80S6LdNtQN6xJIU1f1waVA_0dT1Ww/edit#slide=id.g4d5dffc626_0_10||6|0|13191910772302262|0|0
104|https://docs.google.com/presentation/d/1OWwCIZ1shunPSW80S6LdNtQN6xJIU1f1waVA_0dT1Ww/edit#slide=id.g4d5dffc626_0_29||3|0|13191905632065569|0|0
105|https://docs.google.com/presentation/d/1OWwCIZ1shunPSW80S6LdNtQN6xJIU1f1waVA_0dT1Ww/edit#slide=id.g4d5dffc626_0_22||2|0|13191905675035813|0|0
106|https://docs.google.com/presentation/d/1OWwCIZ1shunPSW80S6LdNtQN6xJIU1f1waVA_0dT1Ww/edit#slide=id.g4d59993923_0_27||1|0|13191905678244448|0|0
107|https://docs.google.com/presentation/d/1OWwCIZ1shunPSW80S6LdNtQN6xJIU1f1waVA_0dT1Ww/edit#slide=id.g4d59993923_0_34||1|0|13191905679890778|0|0
108|https://docs.google.com/presentation/d/1OWwCIZ1shunPSW80S6LdNtQN6xJIU1f1waVA_0dT1Ww/edit#slide=id.g4d59993923_0_46||2|0|13191905692844027|0|0
109|https://docs.google.com/presentation/d/1OWwCIZ1shunPSW80S6LdNtQN6xJIU1f1waVA_0dT1Ww/edit#slide=id.g4d59993923_0_55||1|0|13191905689478374|0|0
110|https://docs.google.com/presentation/d/1OWwCIZ1shunPSW80S6LdNtQN6xJIU1f1waVA_0dT1Ww/edit#slide=id.g4d59993923_0_63||1|0|13191905690865961|0|0
111|https://www.google.com/search?q=hex+colour+picker&oq=hex+colour+picker&aqs=chrome.0.0l6.4272j0j7&sourceid=chrome&ie=UTF-8|hex colour picker - Google Search|1|0|13191909628704290|0|0
112|https://www.w3schools.com/colors/colors_picker.asp|HTML Color Picker|1|0|13191909646104644|0|0
113|https://www.tutorialspoint.com/python/tk_button.htm|Python Tkinter Button|1|0|13191910061364543|0|0
114|https://www.tutorialspoint.com/python/tk_entry.htm|Python Tkinter Entry|3|0|13191913743576941|0|0
115|https://www.tutorialspoint.com/python/tk_label.htm|Python Tkinter Label|2|0|13191910081578425|0|0
116|https://docs.google.com/presentation/d/1OWwCIZ1shunPSW80S6LdNtQN6xJIU1f1waVA_0dT1Ww/edit#slide=id.g3ccd86a859_0_885||1|0|13191911292854357|0|0
117|https://www.tutorialspoint.com/python/tk_colors.htm|Python Tkinter Colors|2|0|13191913727539877|0|0
118|https://www.tutorialspoint.com/python/tk_fonts.htm|Python Tkinter Fonts|3|0|13191913717285019|0|0
119|https://www.tutorialspoint.com/python/tk_cursors.htm|Python Tkinter Cursors|1|0|13191911906742885|0|0
120|https://www.w3schools.com/colors/colors_shades.asp|HTML Color Shades|2|0|13191914653578301|0|0
121|https://www.google.com/search?q=light+gray+hex&oq=light+gray+hex&aqs=chrome..69i57j0l5.2200j0j7&sourceid=chrome&ie=UTF-8|light gray hex - Google Search|1|0|13191913008176631|0|0
122|https://www.google.com/search?q=tkinter+font+options&oq=tkinter+font+options&aqs=chrome.0.0l6.4263j0j4&sourceid=chrome&ie=UTF-8|tkinter font options - Google Search|2|0|13191913159995895|0|0
123|https://tkdocs.com/tutorial/fonts.html|TkDocs - Tk Tutorial - Fonts, Colors, Images|1|0|13191913147509497|0|0
124|http://effbot.org/tkinterbook/tkinter-widget-styling.htm|Widget Styling|1|0|13191913162744806|0|0
125|https://www.google.com/search?q=how+to+change+font+color+tkinter&oq=how+to+change+font+color+tkinter&aqs=chrome.0.0l4.7295j0j7&sourceid=chrome&ie=UTF-8|how to change font color tkinter - Google Search|1|0|13191913650495545|0|0
126|https://stackoverflow.com/questions/41030973/how-can-i-change-the-color-of-text-in-tkinter|python - How can I change the color of text in Tkinter? - Stack Overflow|1|0|13191913654897630|0|0
127|https://www.tutorialspoint.com/python/python_gui_programming.htm|Python GUI Programming (Tkinter)|3|0|13191913743494207|0|0
128|https://www.google.com/search?q=grey+hex+code&oq=grey+hex+&aqs=chrome.1.69i57j0l5.3496j0j7&sourceid=chrome&ie=UTF-8|grey hex code - Google Search|1|0|13191913876804996|0|0
129|https://www.google.com/search?q=font+colour+tkinter&oq=font+colour+tk&aqs=chrome.1.69i57j0l4.4103j0j7&sourceid=chrome&ie=UTF-8|font colour tkinter - Google Search|3|0|13191914484758793|0|0
130|https://www.tutorialspoint.com/python/tk_text.htm|Python Tkinter Text|1|0|13191914391457000|0|0
131|https://python-forum.io/Thread-Tkinter-Tkinter-Font-Color|Tkinter Font Color|1|0|13191914463068813|0|0
132|https://heritagerobotics.wordpress.com/2013/01/17/how-to-change-the-size-colour-and-font-of-text-in-tkinter-widgets/|How To Change The Size, Colour and Font Of Text In tkinter Widgets! | Heritage Collegiate Robotics|1|0|13191914489770332|0|0
133|https://www.google.com/search?q=dark+grey+hex&oq=dark+grey+hex&aqs=chrome..69i57j0l5.3239j0j7&sourceid=chrome&ie=UTF-8|dark grey hex - Google Search|2|0|13191914651951636|0|0
134|https://www.rapidtables.com/web/color/gray-color.html|Gray/Grey color codes - RGB grey colors|1|0|13191914644328986|0|0
135|https://repl.it/auth/google/get?close=1|Forwarding ...|3|0|13192172128120232|0|0
136|https://accounts.google.com/o/oauth2/v2/auth?access_type=offline&response_type=code&redirect_uri=https%3A%2F%2Frepl.it%2Fauth%2Fgoogle%2Fcallback&scope=email%20profile&state=close%3D1&client_id=551333139604-3e6vevagfdvcipqacu0qtfbpkb6285h9.apps.googleusercontent.com|Forwarding ...|3|0|13192172128120232|0|0
137|https://accounts.google.com/signin/oauth?client_id=551333139604-3e6vevagfdvcipqacu0qtfbpkb6285h9.apps.googleusercontent.com&as=1L_-huE7IxL7muBbydSg9w&destination=https://repl.it&approval_state=!ChRtMEVWbTZ0alVVSWpiWTBpTXAxeBIfUTN1TlMtWUg2MG9ZOEhuU1JuY2dubXJPUlZDcmhCWQ%E2%88%99APNbktkAAAAAXD1nQ68vsfknd4BbThjVpTBV7em49tOZ&oauthgdpr=1&xsrfsig=ChkAeAh8T8xchHWaL6IkCkYvkorTPKOWeIxhEg5hcHByb3ZhbF9zdGF0ZRILZGVzdGluYXRpb24SBXNvYWN1Eg9vYXV0aHJpc2t5c2NvcGU|Sign in – Google accounts|3|0|13191915205316749|0|0
138|https://accounts.google.com/signin/oauth/identifier?client_id=551333139604-3e6vevagfdvcipqacu0qtfbpkb6285h9.apps.googleusercontent.com&as=1L_-huE7IxL7muBbydSg9w&destination=https%3A%2F%2Frepl.it&approval_state=!ChRtMEVWbTZ0alVVSWpiWTBpTXAxeBIfUTN1TlMtWUg2MG9ZOEhuU1JuY2dubXJPUlZDcmhCWQ%E2%88%99APNbktkAAAAAXD1nQ68vsfknd4BbThjVpTBV7em49tOZ&oauthgdpr=1&xsrfsig=ChkAeAh8T8xchHWaL6IkCkYvkorTPKOWeIxhEg5hcHByb3ZhbF9zdGF0ZRILZGVzdGluYXRpb24SBXNvYWN1Eg9vYXV0aHJpc2t5c2NvcGU&flowName=GeneralOAuthFlow||1|0|13191915205338402|0|0
139|https://accounts.google.com/signin/v2/challenge/pwd?client_id=551333139604-3e6vevagfdvcipqacu0qtfbpkb6285h9.apps.googleusercontent.com&as=1L_-huE7IxL7muBbydSg9w&destination=https%3A%2F%2Frepl.it&approval_state=!ChRtMEVWbTZ0alVVSWpiWTBpTXAxeBIfUTN1TlMtWUg2MG9ZOEhuU1JuY2dubXJPUlZDcmhCWQ%E2%88%99APNbktkAAAAAXD1nQ68vsfknd4BbThjVpTBV7em49tOZ&oauthgdpr=1&xsrfsig=ChkAeAh8T8xchHWaL6IkCkYvkorTPKOWeIxhEg5hcHByb3ZhbF9zdGF0ZRILZGVzdGluYXRpb24SBXNvYWN1Eg9vYXV0aHJpc2t5c2NvcGU&flowName=GeneralOAuthFlow&TL=AHnYQLyQmC90y31Dc0siZTzxA4uZnMW2ADaKjmlVOGF2MlKjVLoi9MexvtTYGDvrbyim5E3cyKo4Q4N3HHQRzl3nVD-9yZyrq3BHaXDrGca1RHr2mMf3hNTDiW8njQezFy1iXmL5OFrx1uplLV5KjlMN59OTFpiwcojdPVTYoeaocRAugY2Qriw&cid=1&navigationDirection=forward||1|0|13191915216401887|0|0
140|https://accounts.google.com/signin/v2/challenge/selection?client_id=551333139604-3e6vevagfdvcipqacu0qtfbpkb6285h9.apps.googleusercontent.com&as=1L_-huE7IxL7muBbydSg9w&destination=https%3A%2F%2Frepl.it&approval_state=!ChRtMEVWbTZ0alVVSWpiWTBpTXAxeBIfUTN1TlMtWUg2MG9ZOEhuU1JuY2dubXJPUlZDcmhCWQ%E2%88%99APNbktkAAAAAXD1nQ68vsfknd4BbThjVpTBV7em49tOZ&oauthgdpr=1&xsrfsig=ChkAeAh8T8xchHWaL6IkCkYvkorTPKOWeIxhEg5hcHByb3ZhbF9zdGF0ZRILZGVzdGluYXRpb24SBXNvYWN1Eg9vYXV0aHJpc2t5c2NvcGU&flowName=GeneralOAuthFlow&TL=AHnYQLySfWd05f9XOOvK2sKxarHfyXQhnZWCbM3QFpWCdIVX_PfiXEGmO_T2aRL2jTqMsT2FFn_umUdybov-zzAHLjnqQFVFTaixPmIR9_X5oVnlkI6izWFrXJ7Puym2q6BvLsR85PbDpf2-5dzW9N_4SspM2vsB1bIFKNUA38bkRmRf1J3wmJo&cid=1&lid=4&navigationDirection=forward||1|0|13191915221968889|0|0
141|https://accounts.google.com/signin/v2/challenge/az?client_id=551333139604-3e6vevagfdvcipqacu0qtfbpkb6285h9.apps.googleusercontent.com&as=1L_-huE7IxL7muBbydSg9w&destination=https%3A%2F%2Frepl.it&approval_state=!ChRtMEVWbTZ0alVVSWpiWTBpTXAxeBIfUTN1TlMtWUg2MG9ZOEhuU1JuY2dubXJPUlZDcmhCWQ%E2%88%99APNbktkAAAAAXD1nQ68vsfknd4BbThjVpTBV7em49tOZ&oauthgdpr=1&xsrfsig=ChkAeAh8T8xchHWaL6IkCkYvkorTPKOWeIxhEg5hcHByb3ZhbF9zdGF0ZRILZGVzdGluYXRpb24SBXNvYWN1Eg9vYXV0aHJpc2t5c2NvcGU&flowName=GeneralOAuthFlow&TL=AHnYQLzSEzFTBLFST2ulupBDWAurEjcxqtjzhneh9_dezANn1oIgNPGtIk1unEzwNcHBXQQ7cRQdLhLWtXD9Rfn4T8zPF_ZX7TRh_WZ8d888N6Xplt4BgGPnPb8yIlnQ2Y6JIqCcuvzVZ6gt-QCqTexQqaCVfiJpgzLgqJpKebd5lsifoqz23RI&cid=2&lid=4&navigationDirection=forward||1|0|13191915226015385|0|0
142|https://accounts.google.com/CheckCookie?hl=en-GB&checkedDomains=youtube&checkConnection=youtube%3A265%3A0&chtml=LoginDoneHtml&service=lso&continue=https%3A%2F%2Faccounts.google.com%2Fsignin%2Foauth%2Fconsent%3Fauthuser%3Dunknown%26part%3DAJi8hAPmTyoQ6u1qBZaDz0BxYEOpnn0ZWQznehglyJommb3wv7n-yddaLnxl7kHDCUnb5GgT26nQzcs7az7d0p2LQze2momGLTB4m-UnzcuuDTP5WTB4VNWxd0Kw6R67DVohEQf619fGeVQxTumHEsNN4DW0Krr7AqymzdZUtgFezg5c0-ZS-6SjYUAZsvfYrz2jUmCXz2TMNHOwIdqVaFenQDGeznkK6txHmDeZ5UFpNgAvNScGy38pVr3wOsFW-PcB9nwX6OD5XPxsr-ZixtCFJmi4kjnhu3CbepDBn6Hu-127zdR7Gcd73YnUZO0RqXcV7MjXVyM5FJ6Xt-301KCMA92p65EECujmuSFDkyOXBB88b4cy_Ii5h-Yyr5u5x7mNsh1DmPuBKOdgUf7N38fQhvGIqUenNwnGBFLvNsHxUemgWbl2Mfw%26as%3D1L_-huE7IxL7muBbydSg9w%26rapt%3DAEjHL4MiGTLrSZLgyKdEmf8EmT29XhEYwzYOfFhjEVFJQ_nsh3mJl7Gc8mC4R1GhvA1BOD6x5DeCCWSGoI0ZdYHK-29MyZqddw%23&gidl=EgIIAA|Redirecting|1|0|13191915252035053|0|0
143|https://accounts.youtube.com/accounts/SetSID?ssdc=1&sidt=ALWU2ctiQHZImmV6huLlXSpTJMHD7aTwvqfow16hp2pXbgym0zDg1f7QdiIvMD8RgvNCOex1i44xAYue5qZ0PXvFkAY5jItDxhxvYRnW4ZWmUibndW2BsP9aZIa%2FkridTbs1owqS6bR24K9GkI%2FcUT9sQKVk6Wc2Cqd4BR2sOTXakTIg65tfFI%2FH5NxsQmnzuhFa7T6NTz8hoyliWC%2BpKT6UxruKu522Oko%2FWGvSUw9LvhzTUs5ZwXA1hyG89dzqHavawymh2Imk&continue=https%3A%2F%2Faccounts.google.com%2Fsignin%2Foauth%2Fconsent%3Fauthuser%3D0%26part%3DAJi8hAPmTyoQ6u1qBZaDz0BxYEOpnn0ZWQznehglyJommb3wv7n-yddaLnxl7kHDCUnb5GgT26nQzcs7az7d0p2LQze2momGLTB4m-UnzcuuDTP5WTB4VNWxd0Kw6R67DVohEQf619fGeVQxTumHEsNN4DW0Krr7AqymzdZUtgFezg5c0-ZS-6SjYUAZsvfYrz2jUmCXz2TMNHOwIdqVaFenQDGeznkK6txHmDeZ5UFpNgAvNScGy38pVr3wOsFW-PcB9nwX6OD5XPxsr-ZixtCFJmi4kjnhu3CbepDBn6Hu-127zdR7Gcd73YnUZO0RqXcV7MjXVyM5FJ6Xt-301KCMA92p65EECujmuSFDkyOXBB88b4cy_Ii5h-Yyr5u5x7mNsh1DmPuBKOdgUf7N38fQhvGIqUenNwnGBFLvNsHxUemgWbl2Mfw%26as%3D1L_-huE7IxL7muBbydSg9w%26rapt%3DAEjHL4MiGTLrSZLgyKdEmf8EmT29XhEYwzYOfFhjEVFJQ_nsh3mJl7Gc8mC4R1GhvA1BOD6x5DeCCWSGoI0ZdYHK-29MyZqddw%26auth%3D8waYwtHFp2gGjqdI1Pr_VPYqxrU5RL8hiPv7JryFcAbJYLFOgkci3uWlPeeccnq7L691iQ.%23&dbus=AU|Redirecting|1|0|13191915252035053|0|0
144|https://accounts.google.com.au/accounts/SetSID?ssdc=1&sidt=ALWU2cvvi6AMDarFfKlziAO4Nepiaz2u9J2IhjYEsHby7mL3Edi3yuyBPztbJlYNbSu/auyVSkxHn7qOaZ8/CAoqRrUHHuEh5JXHiRQ%2B/vNP9B0zBoy/rihd5uBDYcwDIWmizmnYRWoPVKwIhhtzx6%2Boq7mRcpa3%2BpxoYPm4wlp8MAH9i4csYzuAMIrxH33OYOqyCy%2BMQ%2Bkbcg9YawnaXWRbKDFzGNtlHfNj6snk0mGWVd1a6iC0JJ7MVqYGwV949v/C%2BtkSbLl6&continue=https://accounts.google.com/signin/oauth/consent?authuser%3D0%26part%3DAJi8hAPmTyoQ6u1qBZaDz0BxYEOpnn0ZWQznehglyJommb3wv7n-yddaLnxl7kHDCUnb5GgT26nQzcs7az7d0p2LQze2momGLTB4m-UnzcuuDTP5WTB4VNWxd0Kw6R67DVohEQf619fGeVQxTumHEsNN4DW0Krr7AqymzdZUtgFezg5c0-ZS-6SjYUAZsvfYrz2jUmCXz2TMNHOwIdqVaFenQDGeznkK6txHmDeZ5UFpNgAvNScGy38pVr3wOsFW-PcB9nwX6OD5XPxsr-ZixtCFJmi4kjnhu3CbepDBn6Hu-127zdR7Gcd73YnUZO0RqXcV7MjXVyM5FJ6Xt-301KCMA92p65EECujmuSFDkyOXBB88b4cy_Ii5h-Yyr5u5x7mNsh1DmPuBKOdgUf7N38fQhvGIqUenNwnGBFLvNsHxUemgWbl2Mfw%26as%3D1L_-huE7IxL7muBbydSg9w%26rapt%3DAEjHL4MiGTLrSZLgyKdEmf8EmT29XhEYwzYOfFhjEVFJQ_nsh3mJl7Gc8mC4R1GhvA1BOD6x5DeCCWSGoI0ZdYHK-29MyZqddw%26auth%3D8waYwtHFp2gGjqdI1Pr_VPYqxrU5RL8hiPv7JryFcAbJYLFOgkci3uWlPeeccnq7L691iQ.%23|Redirecting|1|0|13191915252035053|0|0
145|https://accounts.google.com.au/accounts/SetSID||2|0|13192172157342713|0|0
146|https://accounts.google.com/signin/oauth/consent?authuser=0&part=AJi8hAPmTyoQ6u1qBZaDz0BxYEOpnn0ZWQznehglyJommb3wv7n-yddaLnxl7kHDCUnb5GgT26nQzcs7az7d0p2LQze2momGLTB4m-UnzcuuDTP5WTB4VNWxd0Kw6R67DVohEQf619fGeVQxTumHEsNN4DW0Krr7AqymzdZUtgFezg5c0-ZS-6SjYUAZsvfYrz2jUmCXz2TMNHOwIdqVaFenQDGeznkK6txHmDeZ5UFpNgAvNScGy38pVr3wOsFW-PcB9nwX6OD5XPxsr-ZixtCFJmi4kjnhu3CbepDBn6Hu-127zdR7Gcd73YnUZO0RqXcV7MjXVyM5FJ6Xt-301KCMA92p65EECujmuSFDkyOXBB88b4cy_Ii5h-Yyr5u5x7mNsh1DmPuBKOdgUf7N38fQhvGIqUenNwnGBFLvNsHxUemgWbl2Mfw&as=1L_-huE7IxL7muBbydSg9w&rapt=AEjHL4MiGTLrSZLgyKdEmf8EmT29XhEYwzYOfFhjEVFJQ_nsh3mJl7Gc8mC4R1GhvA1BOD6x5DeCCWSGoI0ZdYHK-29MyZqddw&auth=8waYwtHFp2gGjqdI1Pr_VPYqxrU5RL8hiPv7JryFcAbJYLFOgkci3uWlPeeccnq7L691iQ.#||1|0|13191915255282308|0|0
147|https://accounts.google.com/signin/oauth/consent?authuser=0&part=AJi8hAPmTyoQ6u1qBZaDz0BxYEOpnn0ZWQznehglyJommb3wv7n-yddaLnxl7kHDCUnb5GgT26nQzcs7az7d0p2LQze2momGLTB4m-UnzcuuDTP5WTB4VNWxd0Kw6R67DVohEQf619fGeVQxTumHEsNN4DW0Krr7AqymzdZUtgFezg5c0-ZS-6SjYUAZsvfYrz2jUmCXz2TMNHOwIdqVaFenQDGeznkK6txHmDeZ5UFpNgAvNScGy38pVr3wOsFW-PcB9nwX6OD5XPxsr-ZixtCFJmi4kjnhu3CbepDBn6Hu-127zdR7Gcd73YnUZO0RqXcV7MjXVyM5FJ6Xt-301KCMA92p65EECujmuSFDkyOXBB88b4cy_Ii5h-Yyr5u5x7mNsh1DmPuBKOdgUf7N38fQhvGIqUenNwnGBFLvNsHxUemgWbl2Mfw&as=1L_-huE7IxL7muBbydSg9w&rapt=AEjHL4MiGTLrSZLgyKdEmf8EmT29XhEYwzYOfFhjEVFJQ_nsh3mJl7Gc8mC4R1GhvA1BOD6x5DeCCWSGoI0ZdYHK-29MyZqddw#||1|0|13191915255282308|0|0
148|https://repl.it/auth/google/callback?state=close%3D1&code=4%2F0gAnlMSIbX7zkWOAbGp35G0Xm8feGmwI-cUouuMN_CzKl8IpP-NwpehCyeBoSnLXz78LglfaThdqsgOrpwXoNYk&scope=email+profile+https%3A%2F%2Fwww.googleapis.com%2Fauth%2Fuserinfo.email+https%3A%2F%2Fwww.googleapis.com%2Fauth%2Fuserinfo.profile#||1|0|13191915255282308|0|0
149|https://repl.it/auth/close#||2|0|13192172160598911|0|0
150|https://repl.it/@GiulianaDe/CompassionateSuspiciousTechnology||1|0|13191915259719138|0|0
151|https://accounts.google.com/Logout?hl=en&continue=https://www.google.com/_/chrome/newtab%3Fei%3Da7k_XMTtKMr2vgS77rnYBw%26espv%3D2&timeStmp=1547680107&secTok=.AG5fkS_1RbzUJoCJREsYZiiOqVknHdwIeg|Google Accounts|1|0|13192153725025559|0|0
152|https://accounts.google.com/Logout||1|0|13192153725050124|0|0
153|https://www.google.com/_/chrome/newtab?ei=a7k_XMTtKMr2vgS77rnYBw&espv=2||1|0|13192153725425659|0|0
154|https://www.google.com/webhp?ei=a7k_XMTtKMr2vgS77rnYBw&rct=j|Google|2|0|13192172554557024|0|0
155|https://accounts.google.com/ServiceLogin?hl=en&passive=true&continue=https://www.google.com/webhp%3Fei%3Da7k_XMTtKMr2vgS77rnYBw%26rct%3Dj|Sign in - Google Accounts|3|0|13192153741992548|0|0
156|https://accounts.google.com/signin/v2/sl/pwd?hl=en&passive=true&continue=https%3A%2F%2Fwww.google.com%2Fwebhp%3Fei%3Da7k_XMTtKMr2vgS77rnYBw%26rct%3Dj&flowName=GlifWebSignIn&flowEntry=ServiceLogin||1|0|13192153742023526|0|0
157|https://summer2019.compclub.com.au/rules|CompClub Rules and Ethics | CompClub 2019 Summer Workshops|2|0|13192172558128491|0|0
158|https://summer2019.compclub.com.au/day4|Some useful links: | CompClub 2019 Summer Workshops|4|0|13192170806057250|0|0
159|https://repl.it/@GiulianaDe/WorldlyIntentionalCache|Repl.it - WorldlyIntentionalCache|3|0|13192154182427978|0|0
160|https://repl.it/logout|Repl.it - Log In|1|0|13192154057516154|0|0
161|https://repl.it/|Repl.it - The world's leading online coding platform|4|0|13192172199339674|0|0
162|https://repl.it/repls|Repl.it - Log In|1|0|13192154057516154|0|0
163|https://repl.it/login?goto=%2Frepls|Repl.it - Log In|4|0|13192154182732060|0|0
164|https://accounts.google.com/signin/oauth?client_id=551333139604-3e6vevagfdvcipqacu0qtfbpkb6285h9.apps.googleusercontent.com&as=uBIBirVDfHF2eV4YmJQFvw&destination=https://repl.it&approval_state=!ChQzQkd3d1U2YzVUMDFncDNoVUdhcBIfTS02RjU0VF8wWW9XOEhuU1JuY2dubW9PNFJxUGhSWQ%E2%88%99APNbktkAAAAAXEEMTKnzWAUAShS_kMSM7_mRsR-Gp82S&oauthgdpr=1&xsrfsig=ChkAeAh8T_TE-BGJzSUrx7sssmimVbCG-zBtEg5hcHByb3ZhbF9zdGF0ZRILZGVzdGluYXRpb24SBXNvYWN1Eg9vYXV0aHJpc2t5c2NvcGU|Sign in – Google accounts|3|0|13192154061099250|0|0
165|https://accounts.google.com/signin/oauth/oauthchooseaccount?client_id=551333139604-3e6vevagfdvcipqacu0qtfbpkb6285h9.apps.googleusercontent.com&as=uBIBirVDfHF2eV4YmJQFvw&destination=https%3A%2F%2Frepl.it&approval_state=!ChQzQkd3d1U2YzVUMDFncDNoVUdhcBIfTS02RjU0VF8wWW9XOEhuU1JuY2dubW9PNFJxUGhSWQ%E2%88%99APNbktkAAAAAXEEMTKnzWAUAShS_kMSM7_mRsR-Gp82S&oauthgdpr=1&xsrfsig=ChkAeAh8T_TE-BGJzSUrx7sssmimVbCG-zBtEg5hcHByb3ZhbF9zdGF0ZRILZGVzdGluYXRpb24SBXNvYWN1Eg9vYXV0aHJpc2t5c2NvcGU&flowName=GeneralOAuthFlow||2|0|13192154094841489|0|0
166|https://accounts.google.com/signin/oauth/identifier?client_id=551333139604-3e6vevagfdvcipqacu0qtfbpkb6285h9.apps.googleusercontent.com&as=uBIBirVDfHF2eV4YmJQFvw&destination=https%3A%2F%2Frepl.it&approval_state=!ChQzQkd3d1U2YzVUMDFncDNoVUdhcBIfTS02RjU0VF8wWW9XOEhuU1JuY2dubW9PNFJxUGhSWQ%E2%88%99APNbktkAAAAAXEEMTKnzWAUAShS_kMSM7_mRsR-Gp82S&oauthgdpr=1&xsrfsig=ChkAeAh8T_TE-BGJzSUrx7sssmimVbCG-zBtEg5hcHByb3ZhbF9zdGF0ZRILZGVzdGluYXRpb24SBXNvYWN1Eg9vYXV0aHJpc2t5c2NvcGU&flowName=GeneralOAuthFlow||2|0|13192154095756189|0|0
167|https://accounts.google.com/samlredirect?domain=trinity.nsw.edu.au&TL=AHnYQLzrVU5b4Y7G8_r_YaymA-XC1fcXodF5kgXDL2d7g85B6bC9HAtbYZurKg0geK_iLmLL5vW3xSmSlGCjpmpZD6_EAChMQR7W2SfJRMsYoy0cZozmyGLKtK0vzF6srbs7qpv6Rg7MipdBQDv8PURVCrLC3azADuowFEFTO6C_pWDUPnUtbDs&continue=https%3A%2F%2Faccounts.google.com%2Fsignin%2Foauth%2Fconsent%3Fauthuser%3Dunknown%26part%3DAJi8hAMTsD-rPyb5NdWX2yOaz7ySC_Aj3ifkaF5Ks5TKBIGcuc3bZYTcxrdTlcB27H8Rs7C9s1t-pKgiYRrNUl6jph_P6gqXf77qA362y-4WfN5KqhTXGFB73IK7h-cZHyQcPW2TP8Vks_gRj5j6ysg74ZAkeBvLya7dyTtYUedZDsgBVC4vBb5O2tQEO6b04l_szny4odjvqCxKCWqH4XFMQC8BybVYcoNNhx3BcwsiDmzTnWDeX-Bb3OGTuRs6gSPYhnIkpD2rQUFzfj2dliwmxkys2yavoErEpVtRAj0LsYzhKuhiK_dhUM878QKOnHGtvdRa9lAVD8NBAzWxEvdGxSeqlufqdBU9AMweb2fB_Oa_pajm8CleYPFZ4EnDAKLGZl9fGkBglJxpdFfxuxHKVlOJBjDe2pzydcmrOS3g9YHJ-mJa6DQ%26as%3DuBIBirVDfHF2eV4YmJQFvw%23|Enter your username and password|1|0|13192154083421011|0|0
168|https://trinity-login.cloudworkengine.net/saml2/idp/SSOService.php?SAMLRequest=fVJNT%2BMwEL2vtP%2FB8j1J00WItZqgLhWiUmEjGjjszXWmiVvHEzx2s%2Fz7TVMQ3QNcn9%2B8j%2FHMrv%2B2hh3AkUab8TSecAZWYaVtnfGn8ja64tf5928zkq3pxDz4xj7CSwDybJi0JMaHjAdnBUrSJKxsgYRXYj2%2FX4lpPBGdQ48KDWfLRcb32Oy1andga210A7VRzcbsETvcbeS%2B2yiJgK3i7Pk91vQYa0kUYGnJS%2BsHaJL%2BjCZplF6W0x8ivRAX0z%2BcFW9Ov7Q9Nfgq1uZEInFXlkVU%2FF6Xo8BBV%2BAeBnbGa8TaQKywPdoXkkgfBngrDQFncyJwfgh4g5ZCC24N7qAVPD2uMt5435FIkr7v4w%2BZRCbeaav9a2ypj6EKsQyJVMTzccNiLOnOVvt1BfkegecfJrPkTCp%2F%2B7ljoeWiQKPVK5sbg%2F2NA%2BmHNt6Focwtulb6z93SOB0RXUXbkSqCpQ6U3mqoOEvyk%2Bv%2FJzIczj8%3D&RelayState=https%3A%2F%2Faccounts.google.com%2FCheckCookie%3Fplt%3DAKgnsbuLOP9nsy_XmboxTtLYsArHZGgIaTVHZUd3AiOHF7bSA6dkbWbnHQYXlQq1P86Oe3lE1_LJXgHTXE2DADTfMCEqDJNqqowYHtMTN4PENKkzJT_nOE-0ypMwaUX_ipM8jOsGr-c_qz5khd0-UCWrZLuNZ8PpwIb15AxDrZbrN1uK2BBC5BCsMJyUJhjSrr4-bgiUoN-ZZQVsMd35lxIpw_EgQy3SoDtbVkmKnf_i0Tl_cjvkJUaie0hm5glV_20JOkYktTYx%26continue%3Dhttps%253A%252F%252Faccounts.google.com%252Fsignin%252Foauth%252Fconsent%253Fauthuser%253Dunknown%2526part%253DAJi8hAMTsD-rPyb5NdWX2yOaz7ySC_Aj3ifkaF5Ks5TKBIGcuc3bZYTcxrdTlcB27H8Rs7C9s1t-pKgiYRrNUl6jph_P6gqXf77qA362y-4WfN5KqhTXGFB73IK7h-cZHyQcPW2TP8Vks_gRj5j6ysg74ZAkeBvLya7dyTtYUedZDsgBVC4vBb5O2tQEO6b04l_szny4odjvqCxKCWqH4XFMQC8BybVYcoNNhx3BcwsiDmzTnWDeX-Bb3OGTuRs6gSPYhnIkpD2rQUFzfj2dliwmxkys2yavoErEpVtRAj0LsYzhKuhiK_dhUM878QKOnHGtvdRa9lAVD8NBAzWxEvdGxSeqlufqdBU9AMweb2fB_Oa_pajm8CleYPFZ4EnDAKLGZl9fGkBglJxpdFfxuxHKVlOJBjDe2pzydcmrOS3g9YHJ-mJa6DQ%2526as%253DuBIBirVDfHF2eV4YmJQFvw%2523|Enter your username and password|1|0|13192154083421011|0|0
169|https://trinity-login.cloudworkengine.net/module.php/core/loginuserpass.php?AuthState=_117705b23bc3a8016425d60ea33ad59d828c518889%3Ahttps%3A%2F%2Ftrinity-login.cloudworkengine.net%2Fsaml2%2Fidp%2FSSOService.php%3Fspentityid%3Dgoogle.com%26cookieTime%3D1547680483%26RelayState%3Dhttps%253A%252F%252Faccounts.google.com%252FCheckCookie%253Fplt%253DAKgnsbuLOP9nsy_XmboxTtLYsArHZGgIaTVHZUd3AiOHF7bSA6dkbWbnHQYXlQq1P86Oe3lE1_LJXgHTXE2DADTfMCEqDJNqqowYHtMTN4PENKkzJT_nOE-0ypMwaUX_ipM8jOsGr-c_qz5khd0-UCWrZLuNZ8PpwIb15AxDrZbrN1uK2BBC5BCsMJyUJhjSrr4-bgiUoN-ZZQVsMd35lxIpw_EgQy3SoDtbVkmKnf_i0Tl_cjvkJUaie0hm5glV_20JOkYktTYx%2526continue%253Dhttps%25253A%25252F%25252Faccounts.google.com%25252Fsignin%25252Foauth%25252Fconsent%25253Fauthuser%25253Dunknown%252526part%25253DAJi8hAMTsD-rPyb5NdWX2yOaz7ySC_Aj3ifkaF5Ks5TKBIGcuc3bZYTcxrdTlcB27H8Rs7C9s1t-pKgiYRrNUl6jph_P6gqXf77qA362y-4WfN5KqhTXGFB73IK7h-cZHyQcPW2TP8Vks_gRj5j6ysg74ZAkeBvLya7dyTtYUedZDsgBVC4vBb5O2tQEO6b04l_szny4odjvqCxKCWqH4XFMQC8BybVYcoNNhx3BcwsiDmzTnWDeX-Bb3OGTuRs6gSPYhnIkpD2rQUFzfj2dliwmxkys2yavoErEpVtRAj0LsYzhKuhiK_dhUM878QKOnHGtvdRa9lAVD8NBAzWxEvdGxSeqlufqdBU9AMweb2fB_Oa_pajm8CleYPFZ4EnDAKLGZl9fGkBglJxpdFfxuxHKVlOJBjDe2pzydcmrOS3g9YHJ-mJa6DQ%252526as%25253DuBIBirVDfHF2eV4YmJQFvw%252523|Enter your username and password|1|0|13192154083421011|0|0
170|https://accounts.google.com/signin/oauth?client_id=551333139604-3e6vevagfdvcipqacu0qtfbpkb6285h9.apps.googleusercontent.com&as=uBIBirVDfHF2eV4YmJQFvw&destination=https%3A%2F%2Frepl.it&approval_state=%21ChQzQkd3d1U2YzVUMDFncDNoVUdhcBIfTS02RjU0VF8wWW9XOEhuU1JuY2dubW9PNFJxUGhSWQ%E2%88%99APNbktkAAAAAXEEMTKnzWAUAShS_kMSM7_mRsR-Gp82S&oauthgdpr=1&xsrfsig=ChkAeAh8T_TE-BGJzSUrx7sssmimVbCG-zBtEg5hcHByb3ZhbF9zdGF0ZRILZGVzdGluYXRpb24SBXNvYWN1Eg9vYXV0aHJpc2t5c2NvcGU&flowName=GeneralOAuthFlow||3|0|13192154094817844|0|0
171|https://accounts.google.com/signin/v2/challenge/pwd?client_id=551333139604-3e6vevagfdvcipqacu0qtfbpkb6285h9.apps.googleusercontent.com&as=uBIBirVDfHF2eV4YmJQFvw&destination=https%3A%2F%2Frepl.it&approval_state=!ChQzQkd3d1U2YzVUMDFncDNoVUdhcBIfTS02RjU0VF8wWW9XOEhuU1JuY2dubW9PNFJxUGhSWQ%E2%88%99APNbktkAAAAAXEEMTKnzWAUAShS_kMSM7_mRsR-Gp82S&oauthgdpr=1&xsrfsig=ChkAeAh8T_TE-BGJzSUrx7sssmimVbCG-zBtEg5hcHByb3ZhbF9zdGF0ZRILZGVzdGluYXRpb24SBXNvYWN1Eg9vYXV0aHJpc2t5c2NvcGU&flowName=GeneralOAuthFlow&TL=AHnYQLwz_aVk8HQo7Dt8ylT5jDMFG_DYrvtTg5Tr_ol_yH5YNHpg1HbaZCzaIyxyf_Z4uC_qzPrjN0n-7FNSXIU6C7yMr5NqHBiI2RFUM9ne9ca75t_ULetbp6jAZ3PpIW_p8YXYZW-QaHNbvAA9V1xf9_muc80AgZfb8EkjjDoM8Zmt-bN8SCU&cid=1&navigationDirection=forward||1|0|13192154105445967|0|0
172|https://accounts.google.com/signin/v2/challenge/selection?client_id=551333139604-3e6vevagfdvcipqacu0qtfbpkb6285h9.apps.googleusercontent.com&as=uBIBirVDfHF2eV4YmJQFvw&destination=https%3A%2F%2Frepl.it&approval_state=!ChQzQkd3d1U2YzVUMDFncDNoVUdhcBIfTS02RjU0VF8wWW9XOEhuU1JuY2dubW9PNFJxUGhSWQ%E2%88%99APNbktkAAAAAXEEMTKnzWAUAShS_kMSM7_mRsR-Gp82S&oauthgdpr=1&xsrfsig=ChkAeAh8T_TE-BGJzSUrx7sssmimVbCG-zBtEg5hcHByb3ZhbF9zdGF0ZRILZGVzdGluYXRpb24SBXNvYWN1Eg9vYXV0aHJpc2t5c2NvcGU&flowName=GeneralOAuthFlow&TL=AHnYQLw7ABq6knDqGz6IwQYg5o71rFsDrkjzE9I2fu6ZYAxXCJ-MM-PZF8inT2ma9li3dKMs-pKkXzpSlYWI7dcoB8XaC5Ea-iJoAqbbx5G-Xa0cpMTaM7o-lxraGB7ZrNCtsrsX-jLSFlTUuE_qfBTnWwUFMm-4R1ipiI3VrmsS4lv_WmRL1n4&cid=1&lid=4&navigationDirection=forward||1|0|13192154120621970|0|0
173|https://accounts.google.com/signin/v2/challenge/kpp?client_id=551333139604-3e6vevagfdvcipqacu0qtfbpkb6285h9.apps.googleusercontent.com&as=uBIBirVDfHF2eV4YmJQFvw&destination=https%3A%2F%2Frepl.it&approval_state=!ChQzQkd3d1U2YzVUMDFncDNoVUdhcBIfTS02RjU0VF8wWW9XOEhuU1JuY2dubW9PNFJxUGhSWQ%E2%88%99APNbktkAAAAAXEEMTKnzWAUAShS_kMSM7_mRsR-Gp82S&oauthgdpr=1&xsrfsig=ChkAeAh8T_TE-BGJzSUrx7sssmimVbCG-zBtEg5hcHByb3ZhbF9zdGF0ZRILZGVzdGluYXRpb24SBXNvYWN1Eg9vYXV0aHJpc2t5c2NvcGU&flowName=GeneralOAuthFlow&TL=AHnYQLw4vozJzPiR0vh0sZlQ20dwnX0GXEh_Jm7V-j6b6LHlo9JEeDyWMamJHqGGV7bJnjoH20ig__lCMNFlSSKAedKTQbV4HzqS9snZUaFJeb5kgRrBGHwKl8jKp7TJi-IZL5RXo5Lc73i-HY6ujmmLxMWU3rWzoapg7sADJgWzC0O9Jq4p7Gw&cid=5&lid=4&navigationDirection=forward||1|0|13192154132620657|0|0
174|https://accounts.google.com/signin/v2/challenge/selection?client_id=551333139604-3e6vevagfdvcipqacu0qtfbpkb6285h9.apps.googleusercontent.com&as=uBIBirVDfHF2eV4YmJQFvw&destination=https%3A%2F%2Frepl.it&approval_state=!ChQzQkd3d1U2YzVUMDFncDNoVUdhcBIfTS02RjU0VF8wWW9XOEhuU1JuY2dubW9PNFJxUGhSWQ%E2%88%99APNbktkAAAAAXEEMTKnzWAUAShS_kMSM7_mRsR-Gp82S&oauthgdpr=1&xsrfsig=ChkAeAh8T_TE-BGJzSUrx7sssmimVbCG-zBtEg5hcHByb3ZhbF9zdGF0ZRILZGVzdGluYXRpb24SBXNvYWN1Eg9vYXV0aHJpc2t5c2NvcGU&flowName=GeneralOAuthFlow&TL=AHnYQLxac-_QvBBmgKr6pFk9UA9WOiRc4OEPEguU0rYHtWYuI4TKYf5J2K6jjKFZ8iNiFcA9NGFq241zZH0bGPtYE_VQiRCRrcSe3QykJz4fFRfGcx8rEaJB9yfECSo5SdkjdIMDZSEJbffjf-j6ZUDAHFirsLiTp57JpAyh33plsqM_i0kYaWM&cid=5&lid=4&navigationDirection=forward||1|0|13192154137036445|0|0
175|https://accounts.google.com/signin/v2/challenge/kpe?client_id=551333139604-3e6vevagfdvcipqacu0qtfbpkb6285h9.apps.googleusercontent.com&as=uBIBirVDfHF2eV4YmJQFvw&destination=https%3A%2F%2Frepl.it&approval_state=!ChQzQkd3d1U2YzVUMDFncDNoVUdhcBIfTS02RjU0VF8wWW9XOEhuU1JuY2dubW9PNFJxUGhSWQ%E2%88%99APNbktkAAAAAXEEMTKnzWAUAShS_kMSM7_mRsR-Gp82S&oauthgdpr=1&xsrfsig=ChkAeAh8T_TE-BGJzSUrx7sssmimVbCG-zBtEg5hcHByb3ZhbF9zdGF0ZRILZGVzdGluYXRpb24SBXNvYWN1Eg9vYXV0aHJpc2t5c2NvcGU&flowName=GeneralOAuthFlow&TL=AHnYQLw4tZPlz38Neb-nr73A70z3bHUp1G3DlUs5PP43ZDSE5dIKckZYgC_0_iySyKG1mQl_LOv8u2-LGI6mBrUAvQAivUorxeiyrCluF68LWpP9qA_txSrP_zWFHiF77KadN9S-Dymh_iqgvZxxUF0Df0A1xzk6FFMkhKACEVE9MUREGMpd9Y8&cid=6&lid=4&navigationDirection=forward||1|0|13192154138856912|0|0
176|https://accounts.google.com/signin/v2/challenge/selection?client_id=551333139604-3e6vevagfdvcipqacu0qtfbpkb6285h9.apps.googleusercontent.com&as=uBIBirVDfHF2eV4YmJQFvw&destination=https%3A%2F%2Frepl.it&approval_state=!ChQzQkd3d1U2YzVUMDFncDNoVUdhcBIfTS02RjU0VF8wWW9XOEhuU1JuY2dubW9PNFJxUGhSWQ%E2%88%99APNbktkAAAAAXEEMTKnzWAUAShS_kMSM7_mRsR-Gp82S&oauthgdpr=1&xsrfsig=ChkAeAh8T_TE-BGJzSUrx7sssmimVbCG-zBtEg5hcHByb3ZhbF9zdGF0ZRILZGVzdGluYXRpb24SBXNvYWN1Eg9vYXV0aHJpc2t5c2NvcGU&flowName=GeneralOAuthFlow&TL=AHnYQLyu5nTFTUrZBNEhcacsl5AQ0VvmGI52XGbzEce4juqQ4s5QNafJFV2zdvMM8RaKKcoWDyysWNgfz4_GlRwHy0NgV7ftBOWdpruq5KpQS8hHDlVrrhwMXIbW_mQERvkS4eZOqT9PZ6sNy56xYmShLRvXnQQuArntuwPmQN2UVKgQ1QCOUaU&cid=6&lid=4&navigationDirection=forward||1|0|13192154165636702|0|0
177|https://repl.it/repls/WeeToughWifi|Repl.it - WeeToughWifi|2|0|13192154190932012|0|0
178|https://accounts.google.com/info/sessionexpired?client_id=551333139604-3e6vevagfdvcipqacu0qtfbpkb6285h9.apps.googleusercontent.com&as=uBIBirVDfHF2eV4YmJQFvw&destination=https%3A%2F%2Frepl.it&approval_state=!ChQzQkd3d1U2YzVUMDFncDNoVUdhcBIfTS02RjU0VF8wWW9XOEhuU1JuY2dubW9PNFJxUGhSWQ%E2%88%99APNbktkAAAAAXEEMTKnzWAUAShS_kMSM7_mRsR-Gp82S&oauthgdpr=1&xsrfsig=ChkAeAh8T_TE-BGJzSUrx7sssmimVbCG-zBtEg5hcHByb3ZhbF9zdGF0ZRILZGVzdGluYXRpb24SBXNvYWN1Eg9vYXV0aHJpc2t5c2NvcGU&flowName=GeneralOAuthFlow&TL=AHnYQLyu5nTFTUrZBNEhcacsl5AQ0VvmGI52XGbzEce4juqQ4s5QNafJFV2zdvMM8RaKKcoWDyysWNgfz4_GlRwHy0NgV7ftBOWdpruq5KpQS8hHDlVrrhwMXIbW_mQERvkS4eZOqT9PZ6sNy56xYmShLRvXnQQuArntuwPmQN2UVKgQ1QCOUaU&cid=6&lid=4||1|0|13192155374412649|0|0
179|https://www.google.com/search?q=aus+open&oq=aus+open&aqs=chrome..69i57j0l5.2416j0j7&sourceid=chrome&ie=UTF-8|aus open - Google Search|1|0|13192164545973119|0|0
180|https://www.w3schools.com/|W3Schools Online Web Tutorials|1|1|13192155969877649|0|0
181|https://trinity-login.cloudworkengine.net/|SimpleSAMLphp installation page|1|1|13192156002628657|0|0
182|https://trinity-login.cloudworkengine.net/module.php/core/frontpage_welcome.php|SimpleSAMLphp installation page|2|1|13192156012816809|0|0
183|https://weetoughwifi--five-nine.repl.co/results||13|0|13192158019435392|1|0
184|https://weetoughwifi--five-nine.repl.co/||7|0|13192158008672908|1|0
185|https://repl.it/repls/WhiteSlowProcedures|Repl.it - WhiteSlowProcedures|7|0|13192169815681907|0|0
186|http://ipstack.com/|ipstack - Free IP Geolocation API|1|1|13192161454622900|0|0
187|https://ipstack.com/|ipstack - Free IP Geolocation API|2|0|13192161501793021|0|0
188|https://ipstack.com/documentation|API Documentation - ipstack|2|0|13192162651394314|0|0
189|https://www.w3schools.com/css/default.asp|CSS Tutorial|1|0|13192163303437560|0|0
190|https://www.w3schools.com/css/css_font.asp|CSS Fonts|1|0|13192163320857740|0|0
191|https://www.google.com/search?q=how+to+align+things+in+html+using+css&oq=how+to+align+things+in+html+using+css&aqs=chrome..69i57j0l4.7287j0j7&sourceid=chrome&ie=UTF-8|how to align things in html using css - Google Search|1|0|13192163402672670|0|0
192|https://css-tricks.com/almanac/properties/t/text-align/|text-align | CSS-Tricks|1|0|13192163410109269|0|0
193|https://www.w3schools.com/css/css_display_visibility.asp|CSS Layout - The display Property|1|0|13192163447932910|0|0
194|https://whiteslowprocedures--five-nine.repl.co/results|Hello Max!|37|0|13192172076458858|1|0
195|https://whiteslowprocedures--five-nine.repl.co/|Hello Max!|19|0|13192172068676133|0|0
196|https://www.google.com/search?q=css%2C+align+element+on+center+of+page&oq=css%2C+align+element+on+center+of+page&aqs=chrome..69i57j0.6135j0j7&sourceid=chrome&ie=UTF-8|css, align element on center of page - Google Search|1|0|13192163627523398|0|0
197|https://stackoverflow.com/questions/953918/how-to-align-a-div-to-the-middle-horizontally-width-of-the-page|css - How to align a <div> to the middle (horizontally/width) of the page - Stack Overflow|1|0|13192163629935148|0|0
198|https://www.google.com/search?q=div+bgcolor&oq=div%2C+bgcolo&aqs=chrome.1.69i57j0l5.3687j0j7&sourceid=chrome&ie=UTF-8|div bgcolor - Google Search|1|0|13192163721503510|0|0
199|https://www.w3schools.com/css/tryit.asp?filename=trycss_background-color_elements|Tryit Editor v3.6|1|0|13192163723820923|0|0
200|https://www.google.com/search?q=div+classes&oq=div+classes&aqs=chrome.0.0l6.3432j0j7&sourceid=chrome&ie=UTF-8|div classes - Google Search|1|0|13192163836041765|0|0
201|https://www.w3schools.com/tags/tag_div.asp|HTML div tag|1|0|13192163839275288|0|0
202|https://www.google.com/search?q=alignment+css&oq=alignment+css&aqs=chrome.0.0l6.3423j0j7&sourceid=chrome&ie=UTF-8|alignment css - Google Search|2|0|13192164101254022|0|0
203|https://www.w3schools.com/cssref/css3_pr_align-content.asp|CSS align-content property|2|0|13192164100172291|0|0
204|https://www.w3schools.com/default.asp|W3Schools Online Web Tutorials|1|0|13192164099476456|0|0
205|https://www.w3schools.com/tags/att_div_align.asp|HTML div align Attribute|1|0|13192164104017354|0|0
206|https://www.google.com/search?q=how+to+align+a+form+in+center+in+html&oq=how+to+align+a+form+in&aqs=chrome.3.0j69i57j0l4.4783j0j4&sourceid=chrome&ie=UTF-8|how to align a form in center in html - Google Search|1|0|13192164161716089|0|0
207|https://stackoverflow.com/questions/9737394/html-how-to-center-align-a-form|HTML: How to center align a form - Stack Overflow|1|0|13192164163378647|0|0
208|https://www.google.com/search?q=what+is+my+ip+address&oq=what+is+my+ip+address&aqs=chrome.0.0l6.4240j0j7&sourceid=chrome&ie=UTF-8|what is my ip address - Google Search|1|0|13192164982682470|0|0
209|https://www.google.com/search?q=how+to+link+css+to+html&oq=how+to+link+css&aqs=chrome.0.0j69i57j0l4.3919j0j7&sourceid=chrome&ie=UTF-8|how to link css to html - Google Search|1|0|13192169070650783|0|0
210|https://www.w3schools.com/html/html_css.asp|HTML CSS|1|0|13192169072511280|0|0
211|https://www.google.com/search?q=html+style+tag&oq=html+style+tag&aqs=chrome..69i57j0l5.3703j0j7&sourceid=chrome&ie=UTF-8|html style tag - Google Search|1|0|13192169103247726|0|0
212|https://www.w3schools.com/tags/tag_style.asp|HTML style tag|1|0|13192169104935721|0|0
213|https://www.google.com/search?q=html+stylesheet+link&oq=htm+stylesheet&aqs=chrome.2.69i57j0l5.5760j0j7&sourceid=chrome&ie=UTF-8|html stylesheet link - Google Search|1|0|13192169151981842|0|0
214|http://www.htmlhelp.com/reference/css/style-html.html|Linking Style Sheets to HTML|1|0|13192169157272622|0|0
215|https://www.google.com/search?q=flask+url_for+static&oq=flask+url_for+st&aqs=chrome.0.0j69i57j0l4.6695j0j7&sourceid=chrome&ie=UTF-8|flask url_for static - Google Search|1|0|13192169344700334|0|0
216|https://stackoverflow.com/questions/16351826/link-to-flask-static-files-with-url-for|python - Link to Flask static files with url_for - Stack Overflow|1|0|13192169346135699|0|0
217|https://www.google.com/search?q=img+html&oq=img+html&aqs=chrome..69i57j0l5.1832j0j7&sourceid=chrome&ie=UTF-8|img html - Google Search|1|0|13192170444369655|0|0
218|https://www.w3schools.com/tags/tag_img.asp|HTML img tag|1|0|13192170445592486|0|0
219|https://accounts.google.com/signin/oauth?client_id=551333139604-3e6vevagfdvcipqacu0qtfbpkb6285h9.apps.googleusercontent.com&as=JWQ0qXXqZHQOBynA-hNoxg&destination=https://repl.it&approval_state=!ChRrUERMZU1VNTlTRWpqZHlfOENNbRIfNHlDR0k3NVJncmtXOEhuU1JuY2dubXJPODFXZ2hSWQ%E2%88%99APNbktkAAAAAXEFS4A5EaBFPuEUEcbkwny2BLz--feDl&oauthgdpr=1&xsrfsig=ChkAeAh8TwkYTsdgm1j7v1kR-tKPIjh-hNWLEg5hcHByb3ZhbF9zdGF0ZRILZGVzdGluYXRpb24SBXNvYWN1Eg9vYXV0aHJpc2t5c2NvcGU|Sign in – Google accounts|3|0|13192172128828631|0|0
220|https://accounts.google.com/signin/oauth/oauthchooseaccount?client_id=551333139604-3e6vevagfdvcipqacu0qtfbpkb6285h9.apps.googleusercontent.com&as=JWQ0qXXqZHQOBynA-hNoxg&destination=https%3A%2F%2Frepl.it&approval_state=!ChRrUERMZU1VNTlTRWpqZHlfOENNbRIfNHlDR0k3NVJncmtXOEhuU1JuY2dubXJPODFXZ2hSWQ%E2%88%99APNbktkAAAAAXEFS4A5EaBFPuEUEcbkwny2BLz--feDl&oauthgdpr=1&xsrfsig=ChkAeAh8TwkYTsdgm1j7v1kR-tKPIjh-hNWLEg5hcHByb3ZhbF9zdGF0ZRILZGVzdGluYXRpb24SBXNvYWN1Eg9vYXV0aHJpc2t5c2NvcGU&flowName=GeneralOAuthFlow||1|0|13192172128903219|0|0
221|https://accounts.google.com/signin/oauth/identifier?client_id=551333139604-3e6vevagfdvcipqacu0qtfbpkb6285h9.apps.googleusercontent.com&as=JWQ0qXXqZHQOBynA-hNoxg&destination=https%3A%2F%2Frepl.it&approval_state=!ChRrUERMZU1VNTlTRWpqZHlfOENNbRIfNHlDR0k3NVJncmtXOEhuU1JuY2dubXJPODFXZ2hSWQ%E2%88%99APNbktkAAAAAXEFS4A5EaBFPuEUEcbkwny2BLz--feDl&oauthgdpr=1&xsrfsig=ChkAeAh8TwkYTsdgm1j7v1kR-tKPIjh-hNWLEg5hcHByb3ZhbF9zdGF0ZRILZGVzdGluYXRpb24SBXNvYWN1Eg9vYXV0aHJpc2t5c2NvcGU&flowName=GeneralOAuthFlow||1|0|13192172131153532|0|0
222|https://accounts.google.com/samlredirect?domain=trinity.nsw.edu.au&TL=AHnYQLya13R41VoFSwVhlvoy3p111DCOgc_N_fgee0B5v3N33j1_Zpv0f_jr9eek4WHMSamicE9Bc83SwSF_N_oobh7WNgjkHr0m45ehJvebNy9qmMC2Jc3k_DVep7QzT-DSsPJZghS4dj0jd6840UBGdC-t1FnOXAcWkae0IG4BLZ3R2Wj06Qo&continue=https%3A%2F%2Faccounts.google.com%2Fsignin%2Foauth%2Fconsent%3Fauthuser%3Dunknown%26part%3DAJi8hAOTL0iYa9REwMhmUlkUiZGTrBgoC-QJgJKrCBOXhJYLTBUKw2yrLpAgtYmT28z00fbgxduiLCU_HQJpY4vcddJgHOwmY3h50HJQHz4eLiuUkN_SBQno-MOGAcl6msPcs2rOn0ASWggl7n-r5S1YTFKWGl13e4IkLn7t6-0U5kFxDp15W4LCyxVPtYDq4xG5EyeUgKnXGFWgxwruTjdtxupvSaAqIR5Yco52dt9Dl1N3LVFUSlYNSXudtzMY9cpp1zmxU9C8jiUnsnTGHzmifN0Z6OQ_dPsume84ZhLXaNRJyJ5I83npEnmQyLk5ONJ0R2nn0XqRI4k6gbM3Lv0T_nGxv-mYJTtmDq2Qx0ovcOqAKZB_RKzc8S-vIFqxdg2jvIqa2PBfDzHl0CmUnwzLBrZ0gnyfG5CBSMsI3ZRw8CPjJjQJFCE%26as%3DJWQ0qXXqZHQOBynA-hNoxg%23|Enter your username and password|1|0|13192172143238263|0|0
223|https://trinity-login.cloudworkengine.net/saml2/idp/SSOService.php?SAMLRequest=fVLJTuQwEL0j8Q%2BW79lYNGB1ghoQoiVmiOgwh7k5SSVd4CW47M7w96TTIJjDcH1%2B9ZZyLS7%2BasW24AityXkWp5yBaWyLps%2F5Y3UTnfGL4vBgQVKrQSyD35gHeAlAnk2ThsT8kPPgjLCSkISRGkj4RqyXP%2B%2FEUZyKwVlvG6s4W13nXBldW6Vg6HX3VKPta21NK%2FvNM8IAWA89drJXlrPfH7GOdrFWRAFWhrw0foLS7DxKsyj7UaUnIjsVJ8d%2FOCvfnS7R7Bt8F6vek0jcVlUZlffrahbYYgvu18TOeW9tryBurN7Zl5IItxPcSUXA2ZIInJ8CXllDQYNbg9tiA48PdznfeD%2BQSJJxHONPmUQm3qFB%2FxobGmNoQyxDIhvixbxhMZd0X1b7fQX5EYEXnyaL5ItU8f5zu0Kr69IqbF7ZUik7XjmQfmrjXZjK3Finpf%2B%2FWxZnM4Jt1M1UEQwN0GCH0HKWFHvXf09kOpw3&RelayState=https%3A%2F%2Faccounts.google.com%2FCheckCookie%3Fplt%3DAKgnsbsGnPuUZCF1-8fMLtiF8yrDrL_TE_Ze7TNBfeFyb3ZOZ1UyEBNPZf-anZ84TA10XeoKLHz2Ff0Aapul1_ofQBK8w6fiwl6mqy9DCE-OGGvLUltHrMvS3c0wVWeGOv7wtLX-l9E3Y_oLDIhribMrsDoad17xe2aEWswJGxPZLABpriFI65jjPXhzMh1L8GWCxIR5Rp3ArONwV-E6onztfGdIgf6VLpmgrvcDNjujvIIZxSyJlNJij3604Hme6SZKms4vtL5D%26continue%3Dhttps%253A%252F%252Faccounts.google.com%252Fsignin%252Foauth%252Fconsent%253Fauthuser%253Dunknown%2526part%253DAJi8hAOTL0iYa9REwMhmUlkUiZGTrBgoC-QJgJKrCBOXhJYLTBUKw2yrLpAgtYmT28z00fbgxduiLCU_HQJpY4vcddJgHOwmY3h50HJQHz4eLiuUkN_SBQno-MOGAcl6msPcs2rOn0ASWggl7n-r5S1YTFKWGl13e4IkLn7t6-0U5kFxDp15W4LCyxVPtYDq4xG5EyeUgKnXGFWgxwruTjdtxupvSaAqIR5Yco52dt9Dl1N3LVFUSlYNSXudtzMY9cpp1zmxU9C8jiUnsnTGHzmifN0Z6OQ_dPsume84ZhLXaNRJyJ5I83npEnmQyLk5ONJ0R2nn0XqRI4k6gbM3Lv0T_nGxv-mYJTtmDq2Qx0ovcOqAKZB_RKzc8S-vIFqxdg2jvIqa2PBfDzHl0CmUnwzLBrZ0gnyfG5CBSMsI3ZRw8CPjJjQJFCE%2526as%253DJWQ0qXXqZHQOBynA-hNoxg%2523|Enter your username and password|1|0|13192172143238263|0|0
224|https://trinity-login.cloudworkengine.net/module.php/core/loginuserpass.php?AuthState=_ca1cb9dea3195dd429e8c523b35ff2116bcb9144f3%3Ahttps%3A%2F%2Ftrinity-login.cloudworkengine.net%2Fsaml2%2Fidp%2FSSOService.php%3Fspentityid%3Dgoogle.com%26cookieTime%3D1547698543%26RelayState%3Dhttps%253A%252F%252Faccounts.google.com%252FCheckCookie%253Fplt%253DAKgnsbsGnPuUZCF1-8fMLtiF8yrDrL_TE_Ze7TNBfeFyb3ZOZ1UyEBNPZf-anZ84TA10XeoKLHz2Ff0Aapul1_ofQBK8w6fiwl6mqy9DCE-OGGvLUltHrMvS3c0wVWeGOv7wtLX-l9E3Y_oLDIhribMrsDoad17xe2aEWswJGxPZLABpriFI65jjPXhzMh1L8GWCxIR5Rp3ArONwV-E6onztfGdIgf6VLpmgrvcDNjujvIIZxSyJlNJij3604Hme6SZKms4vtL5D%2526continue%253Dhttps%25253A%25252F%25252Faccounts.google.com%25252Fsignin%25252Foauth%25252Fconsent%25253Fauthuser%25253Dunknown%252526part%25253DAJi8hAOTL0iYa9REwMhmUlkUiZGTrBgoC-QJgJKrCBOXhJYLTBUKw2yrLpAgtYmT28z00fbgxduiLCU_HQJpY4vcddJgHOwmY3h50HJQHz4eLiuUkN_SBQno-MOGAcl6msPcs2rOn0ASWggl7n-r5S1YTFKWGl13e4IkLn7t6-0U5kFxDp15W4LCyxVPtYDq4xG5EyeUgKnXGFWgxwruTjdtxupvSaAqIR5Yco52dt9Dl1N3LVFUSlYNSXudtzMY9cpp1zmxU9C8jiUnsnTGHzmifN0Z6OQ_dPsume84ZhLXaNRJyJ5I83npEnmQyLk5ONJ0R2nn0XqRI4k6gbM3Lv0T_nGxv-mYJTtmDq2Qx0ovcOqAKZB_RKzc8S-vIFqxdg2jvIqa2PBfDzHl0CmUnwzLBrZ0gnyfG5CBSMsI3ZRw8CPjJjQJFCE%252526as%25253DJWQ0qXXqZHQOBynA-hNoxg%252523|Enter your username and password|1|0|13192172143238263|0|0
225|https://trinity-login.cloudworkengine.net/module.php/core/loginuserpass.php?|POST data|2|0|13192172155439964|0|0
226|https://www.google.com/a/trinity.nsw.edu.au/acs|Redirecting...|1|0|13192172155746515|0|0
227|https://www.google.com/accounts/signin/continue?sarp=1&continue=https%3A%2F%2Faccounts.google.com%2Fsignin%2Foauth%2Fconsent%3Fauthuser%3Dunknown%26part%3DAJi8hAOTL0iYa9REwMhmUlkUiZGTrBgoC-QJgJKrCBOXhJYLTBUKw2yrLpAgtYmT28z00fbgxduiLCU_HQJpY4vcddJgHOwmY3h50HJQHz4eLiuUkN_SBQno-MOGAcl6msPcs2rOn0ASWggl7n-r5S1YTFKWGl13e4IkLn7t6-0U5kFxDp15W4LCyxVPtYDq4xG5EyeUgKnXGFWgxwruTjdtxupvSaAqIR5Yco52dt9Dl1N3LVFUSlYNSXudtzMY9cpp1zmxU9C8jiUnsnTGHzmifN0Z6OQ_dPsume84ZhLXaNRJyJ5I83npEnmQyLk5ONJ0R2nn0XqRI4k6gbM3Lv0T_nGxv-mYJTtmDq2Qx0ovcOqAKZB_RKzc8S-vIFqxdg2jvIqa2PBfDzHl0CmUnwzLBrZ0gnyfG5CBSMsI3ZRw8CPjJjQJFCE%26as%3DJWQ0qXXqZHQOBynA-hNoxg%23&plt=AKgnsbudJIDzc8ZN4XoDataDXRZnYn_rWQB9tY91xEhwYjaYsIvMzqLpQgLaTFiYtmFzuENlxMSc2--onwFQF_HyjF0vkVPEQP5LdyArwRYKEWui8QC378krfX_jCZDD7tdEE_OriERU15RwNpsArioildEyhB8nczwEb0olQ6AlYUZ1rTShqojvHCfiBZuVsY1R9jQPxMF6b1tk-_1ijmBB0Rvjg2k5zD7IS6U8UZEn8x_pmdtIbSehZLpSP9VQGVLThnGHF7eW&PersistentCookie=1&scc=0|Redirecting|1|0|13192172157318626|0|0
228|https://accounts.google.com/signin/continue?sarp=1&continue=https%3A%2F%2Faccounts.google.com%2Fsignin%2Foauth%2Fconsent%3Fauthuser%3Dunknown%26part%3DAJi8hAOTL0iYa9REwMhmUlkUiZGTrBgoC-QJgJKrCBOXhJYLTBUKw2yrLpAgtYmT28z00fbgxduiLCU_HQJpY4vcddJgHOwmY3h50HJQHz4eLiuUkN_SBQno-MOGAcl6msPcs2rOn0ASWggl7n-r5S1YTFKWGl13e4IkLn7t6-0U5kFxDp15W4LCyxVPtYDq4xG5EyeUgKnXGFWgxwruTjdtxupvSaAqIR5Yco52dt9Dl1N3LVFUSlYNSXudtzMY9cpp1zmxU9C8jiUnsnTGHzmifN0Z6OQ_dPsume84ZhLXaNRJyJ5I83npEnmQyLk5ONJ0R2nn0XqRI4k6gbM3Lv0T_nGxv-mYJTtmDq2Qx0ovcOqAKZB_RKzc8S-vIFqxdg2jvIqa2PBfDzHl0CmUnwzLBrZ0gnyfG5CBSMsI3ZRw8CPjJjQJFCE%26as%3DJWQ0qXXqZHQOBynA-hNoxg%23&plt=AKgnsbudJIDzc8ZN4XoDataDXRZnYn_rWQB9tY91xEhwYjaYsIvMzqLpQgLaTFiYtmFzuENlxMSc2--onwFQF_HyjF0vkVPEQP5LdyArwRYKEWui8QC378krfX_jCZDD7tdEE_OriERU15RwNpsArioildEyhB8nczwEb0olQ6AlYUZ1rTShqojvHCfiBZuVsY1R9jQPxMF6b1tk-_1ijmBB0Rvjg2k5zD7IS6U8UZEn8x_pmdtIbSehZLpSP9VQGVLThnGHF7eW&PersistentCookie=1&scc=0|Redirecting|1|0|13192172157318626|0|0
229|https://accounts.google.com/CheckCookie?sarp=1&scc=0&chtml=LoginDoneHtml&continue=https%3A%2F%2Faccounts.google.com%2Fsignin%2Foauth%2Fconsent%3Fauthuser%3Dunknown%26part%3DAJi8hAOTL0iYa9REwMhmUlkUiZGTrBgoC-QJgJKrCBOXhJYLTBUKw2yrLpAgtYmT28z00fbgxduiLCU_HQJpY4vcddJgHOwmY3h50HJQHz4eLiuUkN_SBQno-MOGAcl6msPcs2rOn0ASWggl7n-r5S1YTFKWGl13e4IkLn7t6-0U5kFxDp15W4LCyxVPtYDq4xG5EyeUgKnXGFWgxwruTjdtxupvSaAqIR5Yco52dt9Dl1N3LVFUSlYNSXudtzMY9cpp1zmxU9C8jiUnsnTGHzmifN0Z6OQ_dPsume84ZhLXaNRJyJ5I83npEnmQyLk5ONJ0R2nn0XqRI4k6gbM3Lv0T_nGxv-mYJTtmDq2Qx0ovcOqAKZB_RKzc8S-vIFqxdg2jvIqa2PBfDzHl0CmUnwzLBrZ0gnyfG5CBSMsI3ZRw8CPjJjQJFCE%26as%3DJWQ0qXXqZHQOBynA-hNoxg%26rapt%3DAEjHL4NNnSn2f3lGx1JBeBgUhQVt0fNwrs8pDkKSnV8xtLpcfweIuQgKJjElGtc4t2vALA1XApFFErnFltQ45N_lDYXPP4RWqw%23&gidl=EgIIAA|Redirecting|1|0|13192172157318626|0|0
230|https://accounts.google.com.au/accounts/SetSID?ssdc=1&sidt=ALWU2cuxpuilWo%2Bz1LpYd2kclhWYhfPaHSIyTTEyfyqNSpwYHafCqfhiHUQn2uRzQNO653ld7vcIa0BaP%2F0qXQnCEffDXrznORKgvOrNIIJm2uA8Biad5hZAVZm6uKw3b7W%2BNCHOwUb7LTCtBHspFj240gjTjZ0K%2F5wpBRL6Q3CrjRRNGADnCnMx75yaRMbbou9q2Lqr0ltaqWOVHse5kjoZbWhOK7nqDClL1DEiUUQGPk%2FvdfHWfTloQnUzQtszOjroBh4DX6KU&continue=https%3A%2F%2Faccounts.google.com%2Fsignin%2Foauth%2Fconsent%3Fauthuser%3D0%26part%3DAJi8hAOTL0iYa9REwMhmUlkUiZGTrBgoC-QJgJKrCBOXhJYLTBUKw2yrLpAgtYmT28z00fbgxduiLCU_HQJpY4vcddJgHOwmY3h50HJQHz4eLiuUkN_SBQno-MOGAcl6msPcs2rOn0ASWggl7n-r5S1YTFKWGl13e4IkLn7t6-0U5kFxDp15W4LCyxVPtYDq4xG5EyeUgKnXGFWgxwruTjdtxupvSaAqIR5Yco52dt9Dl1N3LVFUSlYNSXudtzMY9cpp1zmxU9C8jiUnsnTGHzmifN0Z6OQ_dPsume84ZhLXaNRJyJ5I83npEnmQyLk5ONJ0R2nn0XqRI4k6gbM3Lv0T_nGxv-mYJTtmDq2Qx0ovcOqAKZB_RKzc8S-vIFqxdg2jvIqa2PBfDzHl0CmUnwzLBrZ0gnyfG5CBSMsI3ZRw8CPjJjQJFCE%26as%3DJWQ0qXXqZHQOBynA-hNoxg%26rapt%3DAEjHL4NNnSn2f3lGx1JBeBgUhQVt0fNwrs8pDkKSnV8xtLpcfweIuQgKJjElGtc4t2vALA1XApFFErnFltQ45N_lDYXPP4RWqw%23|Redirecting|1|0|13192172157318626|0|0
231|https://accounts.google.com/signin/oauth/consent?authuser=0&part=AJi8hAOTL0iYa9REwMhmUlkUiZGTrBgoC-QJgJKrCBOXhJYLTBUKw2yrLpAgtYmT28z00fbgxduiLCU_HQJpY4vcddJgHOwmY3h50HJQHz4eLiuUkN_SBQno-MOGAcl6msPcs2rOn0ASWggl7n-r5S1YTFKWGl13e4IkLn7t6-0U5kFxDp15W4LCyxVPtYDq4xG5EyeUgKnXGFWgxwruTjdtxupvSaAqIR5Yco52dt9Dl1N3LVFUSlYNSXudtzMY9cpp1zmxU9C8jiUnsnTGHzmifN0Z6OQ_dPsume84ZhLXaNRJyJ5I83npEnmQyLk5ONJ0R2nn0XqRI4k6gbM3Lv0T_nGxv-mYJTtmDq2Qx0ovcOqAKZB_RKzc8S-vIFqxdg2jvIqa2PBfDzHl0CmUnwzLBrZ0gnyfG5CBSMsI3ZRw8CPjJjQJFCE&as=JWQ0qXXqZHQOBynA-hNoxg&rapt=AEjHL4NNnSn2f3lGx1JBeBgUhQVt0fNwrs8pDkKSnV8xtLpcfweIuQgKJjElGtc4t2vALA1XApFFErnFltQ45N_lDYXPP4RWqw#||1|0|13192172160598911|0|0
232|https://repl.it/auth/google/callback?state=close%3D1&code=4%2F1QBOcZSKxPcMCY8vh1JvIkzzTX6jNCmPxvKAIMiMC1C_w9BYgkxt5VzpQJ2oo5h6TWm4GPPm7Sx_kQG76wlQf8w&scope=email+profile+https%3A%2F%2Fwww.googleapis.com%2Fauth%2Fuserinfo.profile+https%3A%2F%2Fwww.googleapis.com%2Fauth%2Fuserinfo.email#||1|0|13192172160598911|0|0
233|https://repl.it/@MaxNguyen1/WhiteSlowProcedures|Repl.it - WhiteSlowProcedures|2|0|13192172218805191|0|0
234|https://repl.it/login||1|0|13192172201337954|1|0
