2019-01-07 02:40:31|https://www.mozilla.org/privacy/firefox/
2019-01-07 02:40:32|https://www.mozilla.org/en-US/privacy/firefox/
2019-01-07 02:54:09|https://aframe.io/docs/0.8.0/introduction
2019-01-07 02:54:10|http://aframe.io/docs/0.8.0/introduction/
2019-01-07 02:54:10|https://aframe.io/docs/0.8.0/introduction/
2019-01-07 02:56:03|https://glitch.com/edit/#!/aframe?path=index.html
2019-01-07 02:56:05|https://glitch.com/edit/#!/
2019-01-07 02:56:05|https://glitch.com/edit/#!/aframe
2019-01-07 02:56:26|https://aframe.io/
2019-01-07 02:56:34|https://aframe.io/examples/showcase/helloworld/
2019-01-07 02:59:52|https://glitch.com/~aframe
2019-01-07 03:00:18|https://glitch.com/edit/#!/remix/aframe
2019-01-07 03:00:20|https://glitch.com/edit/#!/
2019-01-07 03:00:20|https://glitch.com/edit/#!/elfin-mile
2019-01-07 03:03:20|https://glitch.com/edit/#!/elfin-mile?path=index.html:11:66
2019-01-07 03:03:21|https://elfin-mile.glitch.me/
2019-01-07 03:09:18|https://elfin-mile.glitch.me/
2019-01-07 03:09:19|https://elfin-mile.glitch.me/
2019-01-07 03:09:21|https://elfin-mile.glitch.me/
2019-01-07 03:09:22|https://elfin-mile.glitch.me/
2019-01-07 03:09:23|https://elfin-mile.glitch.me/
2019-01-07 03:09:25|https://elfin-mile.glitch.me/
2019-01-07 03:09:32|https://glitch.com/edit/#!/elfin-mile?path=index.html:12:48
2019-01-07 03:09:45|https://elfin-mile.glitch.me/
2019-01-07 03:09:46|https://elfin-mile.glitch.me/
2019-01-07 03:09:48|https://elfin-mile.glitch.me/
2019-01-07 03:09:49|https://glitch.com/edit/#!/elfin-mile?path=index.html:12:46
2019-01-07 03:10:07|https://elfin-mile.glitch.me/
2019-01-07 03:10:08|https://elfin-mile.glitch.me/
2019-01-07 03:10:09|https://glitch.com/edit/#!/elfin-mile?path=index.html:13:61
2019-01-07 03:10:15|https://elfin-mile.glitch.me/
2019-01-07 03:10:15|https://elfin-mile.glitch.me/
2019-01-07 03:10:16|https://glitch.com/edit/#!/elfin-mile?path=index.html:13:62
2019-01-07 03:12:09|https://elfin-mile.glitch.me/
2019-01-07 03:12:16|https://elfin-mile.glitch.me/
2019-01-07 03:12:19|https://elfin-mile.glitch.me/
2019-01-07 03:12:20|https://elfin-mile.glitch.me/
2019-01-07 03:12:21|https://elfin-mile.glitch.me/
2019-01-07 03:12:23|https://elfin-mile.glitch.me/
2019-01-07 03:12:27|https://elfin-mile.glitch.me/
2019-01-07 03:12:29|https://elfin-mile.glitch.me/
2019-01-07 03:12:31|https://elfin-mile.glitch.me/
2019-01-07 03:12:33|https://elfin-mile.glitch.me/
2019-01-07 03:12:34|https://elfin-mile.glitch.me/
2019-01-07 03:12:35|https://elfin-mile.glitch.me/
2019-01-07 03:12:37|https://elfin-mile.glitch.me/
2019-01-07 03:12:39|https://elfin-mile.glitch.me/
2019-01-07 03:12:50|https://elfin-mile.glitch.me/
2019-01-07 03:12:51|https://elfin-mile.glitch.me/
2019-01-07 03:12:54|https://elfin-mile.glitch.me/
2019-01-07 03:12:55|https://elfin-mile.glitch.me/
2019-01-07 03:12:57|https://elfin-mile.glitch.me/
2019-01-07 03:12:58|https://elfin-mile.glitch.me/
2019-01-07 03:13:03|https://elfin-mile.glitch.me/
2019-01-07 03:13:04|https://elfin-mile.glitch.me/
2019-01-07 03:13:07|https://elfin-mile.glitch.me/
2019-01-07 03:13:10|https://elfin-mile.glitch.me/
2019-01-07 03:13:13|https://elfin-mile.glitch.me/
2019-01-07 03:13:14|https://elfin-mile.glitch.me/
2019-01-07 03:13:15|https://elfin-mile.glitch.me/
2019-01-07 03:13:20|https://elfin-mile.glitch.me/
2019-01-07 03:13:24|https://elfin-mile.glitch.me/
2019-01-07 03:13:26|https://elfin-mile.glitch.me/
2019-01-07 03:13:28|https://elfin-mile.glitch.me/
2019-01-07 03:13:29|https://elfin-mile.glitch.me/
2019-01-07 03:13:30|https://elfin-mile.glitch.me/
2019-01-07 03:13:31|https://elfin-mile.glitch.me/
2019-01-07 03:13:32|https://elfin-mile.glitch.me/
2019-01-07 03:13:36|https://elfin-mile.glitch.me/
2019-01-07 03:13:38|https://elfin-mile.glitch.me/
2019-01-07 03:13:40|https://elfin-mile.glitch.me/
2019-01-07 03:13:42|https://elfin-mile.glitch.me/
2019-01-07 03:13:43|https://elfin-mile.glitch.me/
2019-01-07 03:13:45|https://elfin-mile.glitch.me/
2019-01-07 03:13:45|https://elfin-mile.glitch.me/
2019-01-07 03:13:47|https://elfin-mile.glitch.me/
2019-01-07 03:13:52|https://elfin-mile.glitch.me/
2019-01-07 03:13:55|https://elfin-mile.glitch.me/
2019-01-07 03:13:57|https://elfin-mile.glitch.me/
2019-01-07 03:13:58|https://elfin-mile.glitch.me/
2019-01-07 03:13:59|https://elfin-mile.glitch.me/
2019-01-07 03:14:02|https://elfin-mile.glitch.me/
2019-01-07 03:14:04|https://elfin-mile.glitch.me/
2019-01-07 03:14:05|https://elfin-mile.glitch.me/
2019-01-07 03:14:09|https://elfin-mile.glitch.me/
2019-01-07 03:14:14|https://elfin-mile.glitch.me/
2019-01-07 03:14:15|https://elfin-mile.glitch.me/
2019-01-07 03:14:16|https://elfin-mile.glitch.me/
2019-01-07 03:14:18|https://elfin-mile.glitch.me/
2019-01-07 03:14:19|https://elfin-mile.glitch.me/
2019-01-07 03:14:24|https://elfin-mile.glitch.me/
2019-01-07 03:14:26|https://elfin-mile.glitch.me/
2019-01-07 03:14:27|https://elfin-mile.glitch.me/
2019-01-07 03:14:28|https://elfin-mile.glitch.me/
2019-01-07 03:14:30|https://elfin-mile.glitch.me/
2019-01-07 03:14:33|https://elfin-mile.glitch.me/
2019-01-07 03:14:36|https://elfin-mile.glitch.me/
2019-01-07 03:14:43|https://elfin-mile.glitch.me/
2019-01-07 03:14:48|https://elfin-mile.glitch.me/
2019-01-07 03:14:51|https://elfin-mile.glitch.me/
2019-01-07 03:14:52|https://elfin-mile.glitch.me/
2019-01-07 03:14:53|https://elfin-mile.glitch.me/
2019-01-07 03:15:19|https://elfin-mile.glitch.me/
2019-01-07 03:15:21|https://elfin-mile.glitch.me/
2019-01-07 03:15:23|https://elfin-mile.glitch.me/
2019-01-07 03:15:24|https://glitch.com/edit/#!/elfin-mile?path=index.html:25:7
2019-01-07 03:16:11|https://elfin-mile.glitch.me/
2019-01-07 03:16:11|https://glitch.com/edit/#!/elfin-mile?path=index.html:21:61
2019-01-07 03:16:23|https://elfin-mile.glitch.me/
2019-01-07 03:16:24|https://elfin-mile.glitch.me/
2019-01-07 03:16:25|https://elfin-mile.glitch.me/
2019-01-07 03:16:25|https://glitch.com/edit/#!/elfin-mile?path=index.html:22:87
2019-01-07 03:16:31|https://elfin-mile.glitch.me/
2019-01-07 03:16:32|https://glitch.com/edit/#!/elfin-mile?path=index.html:11:66
2019-01-07 03:17:47|https://elfin-mile.glitch.me/
2019-01-07 03:17:51|https://elfin-mile.glitch.me/
2019-01-07 03:17:54|https://elfin-mile.glitch.me/
2019-01-07 03:18:00|https://elfin-mile.glitch.me/
2019-01-07 03:18:01|https://elfin-mile.glitch.me/
2019-01-07 03:18:02|https://elfin-mile.glitch.me/
2019-01-07 03:18:04|https://elfin-mile.glitch.me/
2019-01-07 03:18:05|https://elfin-mile.glitch.me/
2019-01-07 03:18:06|https://elfin-mile.glitch.me/
2019-01-07 03:18:07|https://glitch.com/edit/#!/elfin-mile?path=index.html:28:17
2019-01-07 03:18:12|https://elfin-mile.glitch.me/
2019-01-07 03:18:13|https://glitch.com/edit/#!/elfin-mile?path=index.html:33:7
2019-01-07 03:18:57|https://elfin-mile.glitch.me/
2019-01-07 03:18:59|https://elfin-mile.glitch.me/
2019-01-07 03:19:03|https://elfin-mile.glitch.me/
2019-01-07 03:19:04|https://elfin-mile.glitch.me/
2019-01-07 03:19:06|https://elfin-mile.glitch.me/
2019-01-07 03:19:07|https://elfin-mile.glitch.me/
2019-01-07 03:19:08|https://elfin-mile.glitch.me/
2019-01-07 03:19:13|https://elfin-mile.glitch.me/
2019-01-07 03:19:16|https://elfin-mile.glitch.me/
2019-01-07 03:19:38|https://elfin-mile.glitch.me/
2019-01-07 03:19:40|https://elfin-mile.glitch.me/
2019-01-07 03:19:40|https://glitch.com/edit/#!/elfin-mile?path=index.html:38:16
2019-01-07 03:20:28|https://elfin-mile.glitch.me/
2019-01-07 03:20:29|https://elfin-mile.glitch.me/
2019-01-07 03:20:30|https://glitch.com/edit/#!/elfin-mile?path=index.html:29:63
2019-01-07 03:20:59|https://elfin-mile.glitch.me/
2019-01-07 03:21:02|https://elfin-mile.glitch.me/
2019-01-07 03:21:06|https://glitch.com/edit/#!/elfin-mile?path=index.html:41:7
2019-01-07 03:21:21|https://elfin-mile.glitch.me/
2019-01-07 03:21:32|https://elfin-mile.glitch.me/
2019-01-07 03:21:35|https://elfin-mile.glitch.me/
2019-01-07 03:21:37|https://elfin-mile.glitch.me/
2019-01-07 03:21:39|https://elfin-mile.glitch.me/
2019-01-07 03:21:39|https://glitch.com/edit/#!/elfin-mile?path=index.html:34:11
2019-01-07 03:21:52|https://elfin-mile.glitch.me/
2019-01-07 03:21:53|https://elfin-mile.glitch.me/
2019-01-07 03:21:54|https://elfin-mile.glitch.me/
2019-01-07 03:21:54|https://glitch.com/edit/#!/elfin-mile?path=index.html:33:11
2019-01-07 03:22:01|https://elfin-mile.glitch.me/
2019-01-07 03:22:02|https://elfin-mile.glitch.me/
2019-01-07 03:22:06|https://elfin-mile.glitch.me/
2019-01-07 03:22:06|https://glitch.com/edit/#!/elfin-mile?path=index.html:34:8
2019-01-07 03:22:21|https://elfin-mile.glitch.me/
2019-01-07 03:22:22|https://elfin-mile.glitch.me/
2019-01-07 03:22:23|https://elfin-mile.glitch.me/
2019-01-07 03:22:25|https://elfin-mile.glitch.me/
2019-01-07 03:22:29|https://elfin-mile.glitch.me/
2019-01-07 03:22:29|https://elfin-mile.glitch.me/
2019-01-07 03:22:31|https://elfin-mile.glitch.me/
2019-01-07 03:22:31|https://glitch.com/edit/#!/elfin-mile?path=index.html:34:14
2019-01-07 03:22:51|https://elfin-mile.glitch.me/
2019-01-07 03:22:52|https://glitch.com/edit/#!/elfin-mile?path=index.html:30:84
2019-01-07 03:22:52|https://elfin-mile.glitch.me/
2019-01-07 04:02:25|https://aframe.io/examples/showcase/helloworld/
2019-01-07 04:02:29|https://glitch.com/~aframe
2019-01-07 04:02:36|https://glitch.com/edit/#!/remix/aframe
2019-01-07 04:02:38|https://glitch.com/edit/#!/
2019-01-07 04:02:38|https://glitch.com/edit/#!/pattern-patio
2019-01-07 04:04:44|https://glitch.com/edit/#!/pattern-patio?path=index.html:11:66
2019-01-07 04:04:45|https://pattern-patio.glitch.me/
2019-01-07 04:10:14|https://pattern-patio.glitch.me/
2019-01-07 04:10:16|https://pattern-patio.glitch.me/
2019-01-07 04:10:19|https://pattern-patio.glitch.me/
2019-01-07 04:10:21|https://pattern-patio.glitch.me/
2019-01-07 04:10:22|https://pattern-patio.glitch.me/
2019-01-07 04:10:23|https://pattern-patio.glitch.me/
2019-01-07 04:10:25|https://pattern-patio.glitch.me/
2019-01-07 04:10:27|https://pattern-patio.glitch.me/
2019-01-07 04:10:30|https://pattern-patio.glitch.me/
2019-01-07 04:10:31|https://pattern-patio.glitch.me/
2019-01-07 04:10:36|https://pattern-patio.glitch.me/
2019-01-07 04:10:37|https://pattern-patio.glitch.me/
2019-01-07 04:10:40|https://pattern-patio.glitch.me/
2019-01-07 04:10:41|https://pattern-patio.glitch.me/
2019-01-07 04:10:44|https://pattern-patio.glitch.me/
2019-01-07 04:10:47|https://pattern-patio.glitch.me/
2019-01-07 04:10:49|https://pattern-patio.glitch.me/
2019-01-07 04:10:51|https://pattern-patio.glitch.me/
2019-01-07 04:10:53|https://pattern-patio.glitch.me/
2019-01-07 04:10:54|https://pattern-patio.glitch.me/
2019-01-07 04:10:56|https://pattern-patio.glitch.me/
2019-01-07 04:10:57|https://pattern-patio.glitch.me/
2019-01-07 04:11:06|https://pattern-patio.glitch.me/
2019-01-07 04:11:08|https://pattern-patio.glitch.me/
2019-01-07 04:11:09|https://pattern-patio.glitch.me/
2019-01-07 04:11:14|https://pattern-patio.glitch.me/
2019-01-07 04:11:14|https://pattern-patio.glitch.me/
2019-01-07 04:11:18|https://pattern-patio.glitch.me/
2019-01-07 04:11:19|https://pattern-patio.glitch.me/
2019-01-07 04:11:20|https://pattern-patio.glitch.me/
2019-01-07 04:11:21|https://pattern-patio.glitch.me/
2019-01-07 04:11:22|https://pattern-patio.glitch.me/
2019-01-07 04:11:23|https://pattern-patio.glitch.me/
2019-01-07 04:11:26|https://pattern-patio.glitch.me/
2019-01-07 04:11:29|https://pattern-patio.glitch.me/
2019-01-07 04:11:32|https://pattern-patio.glitch.me/
2019-01-07 04:11:33|https://pattern-patio.glitch.me/
2019-01-07 04:11:37|https://pattern-patio.glitch.me/
2019-01-07 04:11:38|https://pattern-patio.glitch.me/
2019-01-07 04:11:39|https://pattern-patio.glitch.me/
2019-01-07 04:11:41|https://pattern-patio.glitch.me/
2019-01-07 04:11:42|https://pattern-patio.glitch.me/
2019-01-07 04:11:44|https://pattern-patio.glitch.me/
2019-01-07 04:11:45|https://pattern-patio.glitch.me/
2019-01-07 04:11:48|https://pattern-patio.glitch.me/
2019-01-07 04:11:49|https://pattern-patio.glitch.me/
2019-01-07 04:11:51|https://pattern-patio.glitch.me/
2019-01-07 04:11:53|https://pattern-patio.glitch.me/
2019-01-07 04:11:53|https://pattern-patio.glitch.me/
2019-01-07 04:11:55|https://pattern-patio.glitch.me/
2019-01-07 04:11:57|https://pattern-patio.glitch.me/
2019-01-07 04:11:59|https://pattern-patio.glitch.me/
2019-01-07 04:12:01|https://pattern-patio.glitch.me/
2019-01-07 04:12:02|https://pattern-patio.glitch.me/
2019-01-07 04:12:03|https://pattern-patio.glitch.me/
2019-01-07 04:12:06|https://pattern-patio.glitch.me/
2019-01-07 04:12:07|https://pattern-patio.glitch.me/
2019-01-07 04:12:09|https://pattern-patio.glitch.me/
2019-01-07 04:12:11|https://pattern-patio.glitch.me/
2019-01-07 04:12:13|https://pattern-patio.glitch.me/
2019-01-07 04:12:18|https://pattern-patio.glitch.me/
2019-01-07 04:12:18|https://pattern-patio.glitch.me/
2019-01-07 04:13:39|https://pattern-patio.glitch.me/
2019-01-07 04:13:40|https://pattern-patio.glitch.me/
2019-01-07 04:23:35|https://glitch.com/edit/#!/pattern-patio?path=index.html:12:8
2019-01-07 04:23:36|https://pattern-patio.glitch.me/
2019-01-07 04:24:52|https://pattern-patio.glitch.me/
2019-01-07 04:24:56|https://pattern-patio.glitch.me/
2019-01-07 04:25:47|https://glitch.com/edit/#!/pattern-patio?path=index.html:12:0
2019-01-07 04:25:47|https://pattern-patio.glitch.me/
2019-01-14 00:03:56|https://www.google.com/search?q=continents&ie=utf-8&oe=utf-8&client=firefox-b-ab
2019-01-14 00:08:34|https://www.google.com/search?q=coutries+in+asia&ie=utf-8&oe=utf-8&client=firefox-b-ab
2019-01-14 00:08:48|https://www.google.com/search?q=top+asian+tourist+countries&ie=utf-8&oe=utf-8&client=firefox-b-ab
2019-01-14 01:11:25|http://repl.it/
2019-01-14 01:11:27|https://repl.it/
2019-01-14 01:11:46|https://repl.it/languages/python3
2019-01-14 01:11:47|https://repl.it/repls/ThoughtfulLovelyPentagon
2019-01-14 03:21:08|https://www.google.com/search?q=random+colour+python&ie=utf-8&oe=utf-8&client=firefox-b-ab
2019-01-14 03:21:11|https://stackoverflow.com/questions/13998901/generating-a-random-hex-color-in-python
2019-01-14 03:22:31|https://www.google.com/search?q=tkinter+library&ie=utf-8&oe=utf-8&client=firefox-b-ab
2019-01-14 03:22:35|https://www.tutorialspoint.com/python/python_gui_programming.htm
2019-01-14 03:22:39|https://www.tutorialspoint.com/python/tk_colors.htm
2019-01-14 03:23:06|https://www.google.com/search?q=rgb+colours+in+tkinter&ie=utf-8&oe=utf-8&client=firefox-b-ab
2019-01-14 03:23:10|https://www.google.com/url?sa=t&rct=j&q=&esrc=s&source=web&cd=3&cad=rja&uact=8&ved=2ahUKEwiTz8mBqezfAhVMuI8KHTseC5MQFjACegQICRAB&url=https%3A%2F%2Fstackoverflow.com%2Fquestions%2F51591456%2Fcan-i-use-rgb-in-tkinter&usg=AOvVaw1np4_Khh1DlfHabDmtmofY
2019-01-14 03:23:10|https://stackoverflow.com/questions/51591456/can-i-use-rgb-in-tkinter
2019-01-14 03:42:30|https://www.google.com/search?q=tkinter+canvas&ie=utf-8&oe=utf-8&client=firefox-b-ab
2019-01-14 03:42:34|http://effbot.org/tag/Tkinter.Canvas
2019-01-14 03:42:34|http://effbot.org/tkinterbook/canvas.htm
2019-01-14 03:43:28|https://www.tutorialspoint.com/python/tk_colors.htm
2019-01-14 03:43:40|https://www.tutorialspoint.com/python/python_gui_programming.htm
2019-01-14 03:45:10|https://www.google.com/search?q=rgb+colours&ie=utf-8&oe=utf-8&client=firefox-b-ab
2019-01-14 03:45:15|https://www.google.com/search?client=firefox-b-ab&ei=xgU8XOzuGIfO8wWvp7fwCA&q=rgb+color+generator&oq=rgb+colours&gs_l=psy-ab.1.0.0i71l8.0.0..4012...0.0..0.0.0.......0......gws-wiz.Fbv4JhtO398
2019-01-14 03:45:18|https://www.w3schools.com/colors/colors_picker.asp
2019-01-14 03:45:32|https://www.tutorialspoint.com/python/tk_scrollbar.htm
2019-01-14 03:45:35|https://www.tutorialspoint.com/python/tk_scale.htm
2019-01-14 03:49:08|https://www.google.com/search?q=tkinter+shapes&ie=utf-8&oe=utf-8&client=firefox-b-ab
2019-01-14 03:49:12|http://zetcode.com/gui/tkinter/drawing/
2019-01-14 03:52:58|https://www.google.com/search?q=random+from+list+python&ie=utf-8&oe=utf-8&client=firefox-b-ab
2019-01-14 03:53:01|https://stackoverflow.com/questions/306400/how-to-randomly-select-an-item-from-a-list
2019-01-14 03:56:15|https://www.tutorialspoint.com/python/tk_canvas.htm
2019-01-14 04:08:04|https://www.google.com/search?q=change+canvas+color+python&ie=utf-8&oe=utf-8&client=firefox-b-ab
2019-01-14 04:08:09|https://stackoverflow.com/questions/49445565/python-canvas-colour-change-by-button
2019-01-17 04:56:50|http://chess.com/
2019-01-17 04:56:51|https://chess.com/
2019-01-17 04:56:53|https://www.chess.com/
2019-01-17 04:56:58|https://www.chess.com/register
2019-01-17 05:11:12|https://www.google.com/search?q=access&ie=utf-8&oe=utf-8&client=firefox-b-ab
2019-01-17 23:37:40|https://www.google.com/search?q=summer&ie=utf-8&oe=utf-8&client=firefox-b-ab
2019-01-17 23:38:00|http://summer2019.compclub.com.au/
2019-01-17 23:38:00|https://summer2019.compclub.com.au/
2019-01-17 23:38:02|https://summer2019.compclub.com.au/day5
2019-01-17 23:38:05|https://docs.google.com/presentation/d/1kyRsC1-PMJu4UndE6psUHJHuTHX7W6cuYRod1jq3QJY
2019-01-17 23:38:05|https://docs.google.com/presentation/d/1kyRsC1-PMJu4UndE6psUHJHuTHX7W6cuYRod1jq3QJY/
2019-01-17 23:38:06|https://docs.google.com/presentation/d/1kyRsC1-PMJu4UndE6psUHJHuTHX7W6cuYRod1jq3QJY/edit
2019-01-17 23:38:09|https://docs.google.com/presentation/d/1kyRsC1-PMJu4UndE6psUHJHuTHX7W6cuYRod1jq3QJY/edit#slide=id.p1
2019-01-17 23:38:21|https://docs.google.com/presentation/d/1kyRsC1-PMJu4UndE6psUHJHuTHX7W6cuYRod1jq3QJY
2019-01-17 23:38:21|https://docs.google.com/presentation/d/1kyRsC1-PMJu4UndE6psUHJHuTHX7W6cuYRod1jq3QJY/
2019-01-17 23:38:22|https://docs.google.com/presentation/d/1kyRsC1-PMJu4UndE6psUHJHuTHX7W6cuYRod1jq3QJY/edit
2019-01-17 23:38:24|https://docs.google.com/presentation/d/1ykIUm1xAKMforvTPeqvXMdC4DZlnWOg604ekaybhiOs
2019-01-17 23:38:24|https://docs.google.com/presentation/d/1ykIUm1xAKMforvTPeqvXMdC4DZlnWOg604ekaybhiOs/
2019-01-17 23:38:25|https://docs.google.com/presentation/d/1ykIUm1xAKMforvTPeqvXMdC4DZlnWOg604ekaybhiOs/edit
2019-01-17 23:38:25|https://docs.google.com/presentation/d/1kyRsC1-PMJu4UndE6psUHJHuTHX7W6cuYRod1jq3QJY/edit#slide=id.p1
2019-01-17 23:38:27|https://docs.google.com/presentation/d/1ykIUm1xAKMforvTPeqvXMdC4DZlnWOg604ekaybhiOs/edit#slide=id.p3
2019-01-17 23:38:32|https://docs.google.com/presentation/d/1ykIUm1xAKMforvTPeqvXMdC4DZlnWOg604ekaybhiOs
2019-01-17 23:38:33|https://docs.google.com/presentation/d/1ykIUm1xAKMforvTPeqvXMdC4DZlnWOg604ekaybhiOs/
2019-01-17 23:38:34|https://docs.google.com/presentation/d/1ykIUm1xAKMforvTPeqvXMdC4DZlnWOg604ekaybhiOs/edit
2019-01-17 23:38:35|https://summer2019.compclub.com.au/day5/code
2019-01-17 23:38:36|https://docs.google.com/presentation/d/1ykIUm1xAKMforvTPeqvXMdC4DZlnWOg604ekaybhiOs/edit#slide=id.p3
2019-01-17 23:38:37|https://repl.it/@featherbear/LesserSignifiedBeings
2019-01-17 23:39:32|https://summer2019.compclub.com.au/day5/code
2019-01-17 23:39:33|https://repl.it/@featherbear/LesserSignifiedBeings
2019-01-17 23:40:35|https://repl.it/repls/VictoriousSilverCategory
2019-01-17 23:40:54|https://repl.it/auth/google/get?close=1
2019-01-17 23:40:54|https://accounts.google.com/o/oauth2/v2/auth?access_type=offline&response_type=code&redirect_uri=https%3A%2F%2Frepl.it%2Fauth%2Fgoogle%2Fcallback&scope=email%20profile&state=close%3D1&client_id=551333139604-3e6vevagfdvcipqacu0qtfbpkb6285h9.apps.googleusercontent.com
2019-01-17 23:40:54|https://accounts.google.com/signin/oauth?client_id=551333139604-3e6vevagfdvcipqacu0qtfbpkb6285h9.apps.googleusercontent.com&as=OuCZZr4H3KWlg7g7NKbUdQ&destination=https://repl.it&approval_state=!ChR4NVd1QmpKUFNsVnlKVTZSUVFzcRIfSTNBNTl5RTNnLWthOEhuU1JuY2dubXEtMVFYamhSWQ%E2%88%99APNbktkAAAAAXEJkBiM866ZqMGNSCCsnJMBbPoHq3wPP&oauthgdpr=1&xsrfsig=ChkAeAh8T7fvtcnsAGn2ElucaNRAJ7W7G7gREg5hcHByb3ZhbF9zdGF0ZRILZGVzdGluYXRpb24SBXNvYWN1Eg9vYXV0aHJpc2t5c2NvcGU
2019-01-17 23:40:55|https://accounts.google.com/signin/oauth/identifier?client_id=551333139604-3e6vevagfdvcipqacu0qtfbpkb6285h9.apps.googleusercontent.com&as=OuCZZr4H3KWlg7g7NKbUdQ&destination=https%3A%2F%2Frepl.it&approval_state=!ChR4NVd1QmpKUFNsVnlKVTZSUVFzcRIfSTNBNTl5RTNnLWthOEhuU1JuY2dubXEtMVFYamhSWQ%E2%88%99APNbktkAAAAAXEJkBiM866ZqMGNSCCsnJMBbPoHq3wPP&oauthgdpr=1&xsrfsig=ChkAeAh8T7fvtcnsAGn2ElucaNRAJ7W7G7gREg5hcHByb3ZhbF9zdGF0ZRILZGVzdGluYXRpb24SBXNvYWN1Eg9vYXV0aHJpc2t5c2NvcGU&flowName=GeneralOAuthFlow
2019-01-17 23:41:00|https://accounts.google.com/signin/v2/challenge/pwd?client_id=551333139604-3e6vevagfdvcipqacu0qtfbpkb6285h9.apps.googleusercontent.com&as=OuCZZr4H3KWlg7g7NKbUdQ&destination=https%3A%2F%2Frepl.it&approval_state=!ChR4NVd1QmpKUFNsVnlKVTZSUVFzcRIfSTNBNTl5RTNnLWthOEhuU1JuY2dubXEtMVFYamhSWQ%E2%88%99APNbktkAAAAAXEJkBiM866ZqMGNSCCsnJMBbPoHq3wPP&oauthgdpr=1&xsrfsig=ChkAeAh8T7fvtcnsAGn2ElucaNRAJ7W7G7gREg5hcHByb3ZhbF9zdGF0ZRILZGVzdGluYXRpb24SBXNvYWN1Eg9vYXV0aHJpc2t5c2NvcGU&flowName=GeneralOAuthFlow&TL=AHnYQLzseau8WPeMMf2aBx6K8nB3i5yyqd718q-BUff3mcO_MY2MR3GMTURLRXndfGb1G0bpTfhiABzxV1f7M8zFPvLZInyW5J1j21U7X-TGQuDThWwAuoSci49FkGAYK5waCmmCQlu3hcEngm6iYANQwDM4HgU9ChiX79sCnujhodedbPxh3fo&cid=1&navigationDirection=forward
2019-01-17 23:41:08|https://accounts.google.com/CheckCookie?hl=en-GB&checkedDomains=youtube&checkConnection=youtube%3A256%3A0&chtml=LoginDoneHtml&service=lso&continue=https%3A%2F%2Faccounts.google.com%2Fsignin%2Foauth%2Fconsent%3Fauthuser%3Dunknown%26part%3DAJi8hAPVmfNhRbvMYIndMJqxGUmoFJYJe46wnrKJxSCb4BmuJ-eQWOvxSK6gHbDEbbRcF33iVqn-H_Z8hem7Co_cXUchg5W10bSq6iFoHMApHAA2w2hA1y8879k7yUql6GLIoyczLmDc1hZtsRkmoMgPQFn6aEXXA8hP9f3hDR1aSuZua4nDUKF9vn0c9y_m9ADX4XuZ_eW-mRVkWzvozEyo_p4nlO486Sp4Dc0w6rmVkY9cyeJuOsTwe2AFf26Oku3z-cU7dIcDdhrvfB4v83HEHwsknGKcgH9IJmejH4UZpE96_VEemkVWeNUOH1ilLr7XZVQ2ZgkMEKa7tfzUa-w-EEglX9513zcz2ouu8b4REpJOWHT4rMnqVrh6sQ67SvDeAAWAU08HS3hQuRj4PfksX2l4a0weuGiRXnopY9jeBKmn_JsrKW0%26as%3DOuCZZr4H3KWlg7g7NKbUdQ%26rapt%3DAEjHL4OigAtcYN0GQ3I3wGFVU2E2zc3SfD2wmkchpMDRYEL8CryR5oLntrdkmcxOYTXOu-yCFhFzEMZ4nCnwTZysBPvdxhsCfg%23&gidl=EgIIAA
2019-01-17 23:41:08|https://accounts.youtube.com/accounts/SetSID?ssdc=1&sidt=ALWU2cs1%2Fiy543YVD7vlFhJqFM%2BvV4aElMCrwuBZwPB%2BffzyLm3d4YS%2BROD%2Bokv8KPyEyUeF2v%2F3UxqpArpPe6N0guHVDfb8LyKFtXVxfjFv5%2Fu3pnYEc4BiYF8rlIYYpQqA4vVJ5dOIMkxrJtaAtMBn9EzipgOXbx%2BUs51yYR0QP1eej0attUf8WdbArH4c6UoUhR%2FAWLyZuLnJjl4xAzJz5rNnxqgcQeWufQdO4U0OI9BzBMKGmpmMsIU3%2B5%2FlI%2BBZ9AQ2P5gZoreXy33W8p0UKCQ9giNf19fG1gYL7aMTYyg2%2Fuav7g0%3D&continue=https%3A%2F%2Faccounts.google.com%2Fsignin%2Foauth%2Fconsent%3Fauthuser%3D0%26part%3DAJi8hAPVmfNhRbvMYIndMJqxGUmoFJYJe46wnrKJxSCb4BmuJ-eQWOvxSK6gHbDEbbRcF33iVqn-H_Z8hem7Co_cXUchg5W10bSq6iFoHMApHAA2w2hA1y8879k7yUql6GLIoyczLmDc1hZtsRkmoMgPQFn6aEXXA8hP9f3hDR1aSuZua4nDUKF9vn0c9y_m9ADX4XuZ_eW-mRVkWzvozEyo_p4nlO486Sp4Dc0w6rmVkY9cyeJuOsTwe2AFf26Oku3z-cU7dIcDdhrvfB4v83HEHwsknGKcgH9IJmejH4UZpE96_VEemkVWeNUOH1ilLr7XZVQ2ZgkMEKa7tfzUa-w-EEglX9513zcz2ouu8b4REpJOWHT4rMnqVrh6sQ67SvDeAAWAU08HS3hQuRj4PfksX2l4a0weuGiRXnopY9jeBKmn_JsrKW0%26as%3DOuCZZr4H3KWlg7g7NKbUdQ%26rapt%3DAEjHL4OigAtcYN0GQ3I3wGFVU2E2zc3SfD2wmkchpMDRYEL8CryR5oLntrdkmcxOYTXOu-yCFhFzEMZ4nCnwTZysBPvdxhsCfg%26auth%3D9wZw2fmXA4Rv-NTVu2cusIRGa1dkVmEhB7Kv6BxdUR24RzoZ_nyfa_qvTwK2jYfhCCrGmQ.%23&dbus=AU
2019-01-17 23:41:08|https://accounts.google.com.au/accounts/SetSID?ssdc=1&sidt=ALWU2cvySGr3YU4rFPHeleP16pCyrptLFrJAm%2BLPeNbg9juXRH4DMleF7Clz%2BCIeq9D9caR%2B7gx7JLNDGa0OYYVkpJ1JP6bdduKPkfCVRctWD94Iop3xGVhIYwfZzuQq8b0lZUbJfHt%2B5lobPtn5D%2BCRJLmU0bZjRXKTLiG2SdbyQE74TSR/Ncl2nNEJLWTs%2BG5Jv4et2XZfcnTs48HoHFEz4zTuiPeGOyS3EWBt7r0Yq45R/GKKtaxP5L3GoY/S6W/1%2BN2dGgUC6lLDlxJvW%2BbDSbk4FxFfVLt3niQ1G7iJGeTcubR4N6M%3D&continue=https://accounts.google.com/signin/oauth/consent?authuser%3D0%26part%3DAJi8hAPVmfNhRbvMYIndMJqxGUmoFJYJe46wnrKJxSCb4BmuJ-eQWOvxSK6gHbDEbbRcF33iVqn-H_Z8hem7Co_cXUchg5W10bSq6iFoHMApHAA2w2hA1y8879k7yUql6GLIoyczLmDc1hZtsRkmoMgPQFn6aEXXA8hP9f3hDR1aSuZua4nDUKF9vn0c9y_m9ADX4XuZ_eW-mRVkWzvozEyo_p4nlO486Sp4Dc0w6rmVkY9cyeJuOsTwe2AFf26Oku3z-cU7dIcDdhrvfB4v83HEHwsknGKcgH9IJmejH4UZpE96_VEemkVWeNUOH1ilLr7XZVQ2ZgkMEKa7tfzUa-w-EEglX9513zcz2ouu8b4REpJOWHT4rMnqVrh6sQ67SvDeAAWAU08HS3hQuRj4PfksX2l4a0weuGiRXnopY9jeBKmn_JsrKW0%26as%3DOuCZZr4H3KWlg7g7NKbUdQ%26rapt%3DAEjHL4OigAtcYN0GQ3I3wGFVU2E2zc3SfD2wmkchpMDRYEL8CryR5oLntrdkmcxOYTXOu-yCFhFzEMZ4nCnwTZysBPvdxhsCfg%26auth%3D9wZw2fmXA4Rv-NTVu2cusIRGa1dkVmEhB7Kv6BxdUR24RzoZ_nyfa_qvTwK2jYfhCCrGmQ.%23
2019-01-17 23:41:09|https://accounts.google.com.au/accounts/SetSID
2019-01-17 23:41:09|https://accounts.google.com/signin/oauth/consent?authuser=0&part=AJi8hAPVmfNhRbvMYIndMJqxGUmoFJYJe46wnrKJxSCb4BmuJ-eQWOvxSK6gHbDEbbRcF33iVqn-H_Z8hem7Co_cXUchg5W10bSq6iFoHMApHAA2w2hA1y8879k7yUql6GLIoyczLmDc1hZtsRkmoMgPQFn6aEXXA8hP9f3hDR1aSuZua4nDUKF9vn0c9y_m9ADX4XuZ_eW-mRVkWzvozEyo_p4nlO486Sp4Dc0w6rmVkY9cyeJuOsTwe2AFf26Oku3z-cU7dIcDdhrvfB4v83HEHwsknGKcgH9IJmejH4UZpE96_VEemkVWeNUOH1ilLr7XZVQ2ZgkMEKa7tfzUa-w-EEglX9513zcz2ouu8b4REpJOWHT4rMnqVrh6sQ67SvDeAAWAU08HS3hQuRj4PfksX2l4a0weuGiRXnopY9jeBKmn_JsrKW0&as=OuCZZr4H3KWlg7g7NKbUdQ&rapt=AEjHL4OigAtcYN0GQ3I3wGFVU2E2zc3SfD2wmkchpMDRYEL8CryR5oLntrdkmcxOYTXOu-yCFhFzEMZ4nCnwTZysBPvdxhsCfg&auth=9wZw2fmXA4Rv-NTVu2cusIRGa1dkVmEhB7Kv6BxdUR24RzoZ_nyfa_qvTwK2jYfhCCrGmQ.#
2019-01-17 23:41:09|https://accounts.google.com/signin/oauth/consent?authuser=0&part=AJi8hAPVmfNhRbvMYIndMJqxGUmoFJYJe46wnrKJxSCb4BmuJ-eQWOvxSK6gHbDEbbRcF33iVqn-H_Z8hem7Co_cXUchg5W10bSq6iFoHMApHAA2w2hA1y8879k7yUql6GLIoyczLmDc1hZtsRkmoMgPQFn6aEXXA8hP9f3hDR1aSuZua4nDUKF9vn0c9y_m9ADX4XuZ_eW-mRVkWzvozEyo_p4nlO486Sp4Dc0w6rmVkY9cyeJuOsTwe2AFf26Oku3z-cU7dIcDdhrvfB4v83HEHwsknGKcgH9IJmejH4UZpE96_VEemkVWeNUOH1ilLr7XZVQ2ZgkMEKa7tfzUa-w-EEglX9513zcz2ouu8b4REpJOWHT4rMnqVrh6sQ67SvDeAAWAU08HS3hQuRj4PfksX2l4a0weuGiRXnopY9jeBKmn_JsrKW0&as=OuCZZr4H3KWlg7g7NKbUdQ&rapt=AEjHL4OigAtcYN0GQ3I3wGFVU2E2zc3SfD2wmkchpMDRYEL8CryR5oLntrdkmcxOYTXOu-yCFhFzEMZ4nCnwTZysBPvdxhsCfg
2019-01-17 23:41:10|https://repl.it/auth/google/callback?state=close%3D1&code=4%2F1QDPenh6auUIg8KUMOp0PVPhyLko7NkBTR4MW6LmfldK2IIHP6l5IGMRYmAp6ZOpThc1NvHfHwd56qljoI2VRgg&scope=email+profile+https%3A%2F%2Fwww.googleapis.com%2Fauth%2Fuserinfo.email+https%3A%2F%2Fwww.googleapis.com%2Fauth%2Fuserinfo.profile
2019-01-17 23:41:12|https://repl.it/auth/close
2019-01-17 23:41:12|https://repl.it/@NickLastname/VictoriousSilverCategory
2019-01-17 23:42:22|https://docs.google.com/presentation/d/1kyRsC1-PMJu4UndE6psUHJHuTHX7W6cuYRod1jq3QJY/edit#slide=id.p2
2019-01-17 23:42:23|https://docs.google.com/presentation/d/1kyRsC1-PMJu4UndE6psUHJHuTHX7W6cuYRod1jq3QJY/edit#slide=id.g4bf28a5cd4_0_6
2019-01-17 23:42:24|https://docs.google.com/presentation/d/1kyRsC1-PMJu4UndE6psUHJHuTHX7W6cuYRod1jq3QJY/edit#slide=id.g3d022b32ae_0_0
2019-01-17 23:42:27|https://docs.google.com/presentation/d/1kyRsC1-PMJu4UndE6psUHJHuTHX7W6cuYRod1jq3QJY/edit#slide=id.g3d022b32ae_0_5
2019-01-17 23:42:35|https://docs.google.com/presentation/d/1kyRsC1-PMJu4UndE6psUHJHuTHX7W6cuYRod1jq3QJY/edit#slide=id.g4891b805bc_0_5
2019-01-17 23:42:36|https://docs.google.com/presentation/d/1kyRsC1-PMJu4UndE6psUHJHuTHX7W6cuYRod1jq3QJY/edit#slide=id.p3
2019-01-17 23:42:38|https://docs.google.com/presentation/d/1kyRsC1-PMJu4UndE6psUHJHuTHX7W6cuYRod1jq3QJY/edit#slide=id.g4891b805bc_0_5
2019-01-17 23:42:40|https://docs.google.com/presentation/d/1kyRsC1-PMJu4UndE6psUHJHuTHX7W6cuYRod1jq3QJY/edit#slide=id.g4be45cc0c3_1_44
2019-01-17 23:42:44|https://docs.google.com/presentation/d/1kyRsC1-PMJu4UndE6psUHJHuTHX7W6cuYRod1jq3QJY/edit#slide=id.g4d8f0f26c2_0_0
2019-01-17 23:42:47|https://docs.google.com/presentation/d/1kyRsC1-PMJu4UndE6psUHJHuTHX7W6cuYRod1jq3QJY/edit#slide=id.g445c8f4c5882998c_36
2019-01-17 23:42:48|https://docs.google.com/presentation/d/1kyRsC1-PMJu4UndE6psUHJHuTHX7W6cuYRod1jq3QJY/edit#slide=id.g558a456a7dbd0e14_3
2019-01-17 23:42:48|https://docs.google.com/presentation/d/1kyRsC1-PMJu4UndE6psUHJHuTHX7W6cuYRod1jq3QJY/edit#slide=id.g445c8f4c5882998c_53
2019-01-17 23:46:47|https://docs.google.com/presentation/d/1kyRsC1-PMJu4UndE6psUHJHuTHX7W6cuYRod1jq3QJY/edit#slide=id.g4c07aed684_0_70
2019-01-17 23:46:49|https://docs.google.com/presentation/d/1kyRsC1-PMJu4UndE6psUHJHuTHX7W6cuYRod1jq3QJY/edit#slide=id.g4d61f71165_0_10
2019-01-17 23:47:10|https://docs.google.com/presentation/d/1kyRsC1-PMJu4UndE6psUHJHuTHX7W6cuYRod1jq3QJY/edit#slide=id.g4c07aed684_0_70
2019-01-17 23:47:12|https://docs.google.com/presentation/d/1kyRsC1-PMJu4UndE6psUHJHuTHX7W6cuYRod1jq3QJY/edit#slide=id.g445c8f4c5882998c_53
2019-01-17 23:47:12|https://docs.google.com/presentation/d/1kyRsC1-PMJu4UndE6psUHJHuTHX7W6cuYRod1jq3QJY/edit#slide=id.g4c07aed684_0_70
2019-01-17 23:47:13|https://docs.google.com/presentation/d/1kyRsC1-PMJu4UndE6psUHJHuTHX7W6cuYRod1jq3QJY/edit#slide=id.g4d61f71165_0_10
2019-01-17 23:47:50|https://docs.google.com/presentation/d/1kyRsC1-PMJu4UndE6psUHJHuTHX7W6cuYRod1jq3QJY/edit#slide=id.g4d61f71165_0_50
2019-01-17 23:48:52|https://docs.google.com/presentation/d/1kyRsC1-PMJu4UndE6psUHJHuTHX7W6cuYRod1jq3QJY/edit#slide=id.g4d61f71165_0_70
2019-01-17 23:49:18|https://docs.google.com/presentation/d/1kyRsC1-PMJu4UndE6psUHJHuTHX7W6cuYRod1jq3QJY/edit#slide=id.g4d61f71165_0_80
2019-01-17 23:49:19|https://docs.google.com/presentation/d/1kyRsC1-PMJu4UndE6psUHJHuTHX7W6cuYRod1jq3QJY/edit#slide=id.g4d61f71165_0_90
2019-01-17 23:49:20|https://docs.google.com/presentation/d/1kyRsC1-PMJu4UndE6psUHJHuTHX7W6cuYRod1jq3QJY/edit#slide=id.g4d61f71165_0_80
2019-01-17 23:49:23|https://docs.google.com/presentation/d/1kyRsC1-PMJu4UndE6psUHJHuTHX7W6cuYRod1jq3QJY/edit#slide=id.g4d61f71165_0_70
2019-01-17 23:50:45|https://docs.google.com/presentation/d/1kyRsC1-PMJu4UndE6psUHJHuTHX7W6cuYRod1jq3QJY/edit#slide=id.g4d61f71165_0_80
2019-01-17 23:50:50|https://docs.google.com/presentation/d/1kyRsC1-PMJu4UndE6psUHJHuTHX7W6cuYRod1jq3QJY/edit#slide=id.g4d61f71165_0_90
2019-01-17 23:52:37|https://docs.google.com/presentation/d/1kyRsC1-PMJu4UndE6psUHJHuTHX7W6cuYRod1jq3QJY/edit#slide=id.g4d61f71165_0_116
2019-01-17 23:52:38|https://docs.google.com/presentation/d/1kyRsC1-PMJu4UndE6psUHJHuTHX7W6cuYRod1jq3QJY/edit#slide=id.g4d61f71165_0_125
2019-01-17 23:52:45|https://docs.google.com/presentation/d/1kyRsC1-PMJu4UndE6psUHJHuTHX7W6cuYRod1jq3QJY/edit#slide=id.g4d61f71165_0_116
2019-01-18 00:03:52|https://docs.google.com/presentation/d/1kyRsC1-PMJu4UndE6psUHJHuTHX7W6cuYRod1jq3QJY/edit#slide=id.g4d61f71165_0_125
2019-01-18 00:04:00|https://docs.google.com/presentation/d/1kyRsC1-PMJu4UndE6psUHJHuTHX7W6cuYRod1jq3QJY/edit#slide=id.g4d923ccbc0_0_23
2019-01-18 00:05:15|https://docs.google.com/presentation/d/1kyRsC1-PMJu4UndE6psUHJHuTHX7W6cuYRod1jq3QJY/edit#slide=id.g4d923ccbc0_0_39
2019-01-18 00:05:17|https://docs.google.com/presentation/d/1kyRsC1-PMJu4UndE6psUHJHuTHX7W6cuYRod1jq3QJY/edit#slide=id.g4d923ccbc0_0_66
2019-01-18 00:05:41|https://docs.google.com/presentation/d/1kyRsC1-PMJu4UndE6psUHJHuTHX7W6cuYRod1jq3QJY/edit#slide=id.g4d61f71165_0_125
2019-01-18 00:05:42|https://docs.google.com/presentation/d/1kyRsC1-PMJu4UndE6psUHJHuTHX7W6cuYRod1jq3QJY/edit#slide=id.g4d923ccbc0_0_39
2019-01-18 00:05:42|https://docs.google.com/presentation/d/1kyRsC1-PMJu4UndE6psUHJHuTHX7W6cuYRod1jq3QJY/edit#slide=id.g4d923ccbc0_0_66
2019-01-18 00:07:24|https://docs.google.com/presentation/d/1kyRsC1-PMJu4UndE6psUHJHuTHX7W6cuYRod1jq3QJY/edit#slide=id.g4d61f71165_0_90
2019-01-18 00:07:44|http://almondbread.cse.unsw.edu.au/
2019-01-18 00:11:12|https://docs.google.com/presentation/d/1kyRsC1-PMJu4UndE6psUHJHuTHX7W6cuYRod1jq3QJY/edit#slide=id.g4d61f71165_0_125
2019-01-18 00:11:14|https://docs.google.com/presentation/d/1kyRsC1-PMJu4UndE6psUHJHuTHX7W6cuYRod1jq3QJY/edit#slide=id.g4d61f71165_0_116
2019-01-18 00:11:17|https://docs.google.com/presentation/d/1kyRsC1-PMJu4UndE6psUHJHuTHX7W6cuYRod1jq3QJY/edit#slide=id.g4d61f71165_0_125
2019-01-18 00:17:26|https://docs.google.com/presentation/d/1kyRsC1-PMJu4UndE6psUHJHuTHX7W6cuYRod1jq3QJY/edit#slide=id.g4d923ccbc0_0_23
2019-01-18 00:18:43|https://docs.google.com/presentation/d/1kyRsC1-PMJu4UndE6psUHJHuTHX7W6cuYRod1jq3QJY/edit#slide=id.g4d61f71165_0_125
2019-01-18 00:18:56|https://docs.google.com/presentation/d/1kyRsC1-PMJu4UndE6psUHJHuTHX7W6cuYRod1jq3QJY/edit#slide=id.g4d923ccbc0_0_23
2019-01-18 00:18:58|https://docs.google.com/presentation/d/1kyRsC1-PMJu4UndE6psUHJHuTHX7W6cuYRod1jq3QJY/edit#slide=id.g4d61f71165_0_116
2019-01-18 00:19:00|https://docs.google.com/presentation/d/1kyRsC1-PMJu4UndE6psUHJHuTHX7W6cuYRod1jq3QJY/edit#slide=id.g4d61f71165_0_70
2019-01-18 00:19:15|https://docs.google.com/presentation/d/1kyRsC1-PMJu4UndE6psUHJHuTHX7W6cuYRod1jq3QJY/edit#slide=id.g4d61f71165_0_80
2019-01-18 00:19:15|https://docs.google.com/presentation/d/1kyRsC1-PMJu4UndE6psUHJHuTHX7W6cuYRod1jq3QJY/edit#slide=id.g4d61f71165_0_90
2019-01-18 00:19:16|https://docs.google.com/presentation/d/1kyRsC1-PMJu4UndE6psUHJHuTHX7W6cuYRod1jq3QJY/edit#slide=id.g4d61f71165_0_116
2019-01-18 00:19:17|https://docs.google.com/presentation/d/1kyRsC1-PMJu4UndE6psUHJHuTHX7W6cuYRod1jq3QJY/edit#slide=id.g4d61f71165_0_125
2019-01-18 00:19:20|https://docs.google.com/presentation/d/1kyRsC1-PMJu4UndE6psUHJHuTHX7W6cuYRod1jq3QJY/edit#slide=id.g4d61f71165_0_116
2019-01-18 00:19:20|https://docs.google.com/presentation/d/1kyRsC1-PMJu4UndE6psUHJHuTHX7W6cuYRod1jq3QJY/edit#slide=id.g4d61f71165_0_125
2019-01-18 00:19:20|https://docs.google.com/presentation/d/1kyRsC1-PMJu4UndE6psUHJHuTHX7W6cuYRod1jq3QJY/edit#slide=id.g4d923ccbc0_0_23
2019-01-18 00:19:22|https://docs.google.com/presentation/d/1kyRsC1-PMJu4UndE6psUHJHuTHX7W6cuYRod1jq3QJY/edit#slide=id.g4d61f71165_0_125
2019-01-18 00:19:31|https://docs.google.com/presentation/d/1kyRsC1-PMJu4UndE6psUHJHuTHX7W6cuYRod1jq3QJY/edit#slide=id.g4d923ccbc0_0_23
2019-01-18 00:20:35|https://docs.google.com/presentation/d/1kyRsC1-PMJu4UndE6psUHJHuTHX7W6cuYRod1jq3QJY/edit#slide=id.g4d923ccbc0_0_39
2019-01-18 00:20:37|https://docs.google.com/presentation/d/1kyRsC1-PMJu4UndE6psUHJHuTHX7W6cuYRod1jq3QJY/edit#slide=id.g4d923ccbc0_0_66
2019-01-18 00:26:11|https://docs.google.com/presentation/d/1kyRsC1-PMJu4UndE6psUHJHuTHX7W6cuYRod1jq3QJY/edit#slide=id.g4d923ccbc0_0_55
2019-01-18 00:27:13|https://docs.google.com/presentation/d/1kyRsC1-PMJu4UndE6psUHJHuTHX7W6cuYRod1jq3QJY/edit#slide=id.g4d923ccbc0_0_123
2019-01-18 00:27:21|https://docs.google.com/presentation/d/1kyRsC1-PMJu4UndE6psUHJHuTHX7W6cuYRod1jq3QJY/edit#slide=id.g4d923ccbc0_0_131
2019-01-18 00:27:31|https://docs.google.com/presentation/d/1kyRsC1-PMJu4UndE6psUHJHuTHX7W6cuYRod1jq3QJY/edit#slide=id.g4c0372a315_0_60
2019-01-18 00:27:33|https://docs.google.com/presentation/d/1kyRsC1-PMJu4UndE6psUHJHuTHX7W6cuYRod1jq3QJY/edit#slide=id.g4d923ccbc0_0_131
2019-01-18 00:27:34|https://docs.google.com/presentation/d/1kyRsC1-PMJu4UndE6psUHJHuTHX7W6cuYRod1jq3QJY/edit#slide=id.g4c0372a315_0_60
2019-01-18 00:27:35|https://docs.google.com/presentation/d/1kyRsC1-PMJu4UndE6psUHJHuTHX7W6cuYRod1jq3QJY/edit#slide=id.g4d923ccbc0_0_131
2019-01-18 00:27:36|https://docs.google.com/presentation/d/1kyRsC1-PMJu4UndE6psUHJHuTHX7W6cuYRod1jq3QJY/edit#slide=id.g4c0372a315_0_60
2019-01-18 00:27:36|https://docs.google.com/presentation/d/1kyRsC1-PMJu4UndE6psUHJHuTHX7W6cuYRod1jq3QJY/edit#slide=id.g445c8f4c5882998c_15
2019-01-18 00:27:38|https://docs.google.com/presentation/d/1kyRsC1-PMJu4UndE6psUHJHuTHX7W6cuYRod1jq3QJY/edit#slide=id.g4c21576342_0_42
2019-01-18 00:27:38|https://docs.google.com/presentation/d/1kyRsC1-PMJu4UndE6psUHJHuTHX7W6cuYRod1jq3QJY/edit#slide=id.g4c21576342_0_68
2019-01-18 00:27:38|https://docs.google.com/presentation/d/1kyRsC1-PMJu4UndE6psUHJHuTHX7W6cuYRod1jq3QJY/edit#slide=id.g4d61f71165_0_100
2019-01-18 00:27:39|https://docs.google.com/presentation/d/1kyRsC1-PMJu4UndE6psUHJHuTHX7W6cuYRod1jq3QJY/edit#slide=id.g4d8f0f26c2_0_6
2019-01-18 00:27:39|https://docs.google.com/presentation/d/1kyRsC1-PMJu4UndE6psUHJHuTHX7W6cuYRod1jq3QJY/edit#slide=id.g4d61f71165_0_100
2019-01-18 00:27:39|https://docs.google.com/presentation/d/1kyRsC1-PMJu4UndE6psUHJHuTHX7W6cuYRod1jq3QJY/edit#slide=id.g4c21576342_0_68
2019-01-18 00:27:40|https://docs.google.com/presentation/d/1kyRsC1-PMJu4UndE6psUHJHuTHX7W6cuYRod1jq3QJY/edit#slide=id.g4c21576342_0_42
2019-01-18 00:27:40|https://docs.google.com/presentation/d/1kyRsC1-PMJu4UndE6psUHJHuTHX7W6cuYRod1jq3QJY/edit#slide=id.g445c8f4c5882998c_15
2019-01-18 00:27:40|https://docs.google.com/presentation/d/1kyRsC1-PMJu4UndE6psUHJHuTHX7W6cuYRod1jq3QJY/edit#slide=id.g4c0372a315_0_60
2019-01-18 00:27:41|https://docs.google.com/presentation/d/1kyRsC1-PMJu4UndE6psUHJHuTHX7W6cuYRod1jq3QJY/edit#slide=id.g445c8f4c5882998c_15
2019-01-18 00:27:41|https://docs.google.com/presentation/d/1kyRsC1-PMJu4UndE6psUHJHuTHX7W6cuYRod1jq3QJY/edit#slide=id.g4c21576342_0_42
2019-01-18 00:27:42|https://docs.google.com/presentation/d/1kyRsC1-PMJu4UndE6psUHJHuTHX7W6cuYRod1jq3QJY/edit#slide=id.g445c8f4c5882998c_15
2019-01-18 00:27:42|https://docs.google.com/presentation/d/1kyRsC1-PMJu4UndE6psUHJHuTHX7W6cuYRod1jq3QJY/edit#slide=id.g4c21576342_0_42
2019-01-18 00:27:42|https://docs.google.com/presentation/d/1kyRsC1-PMJu4UndE6psUHJHuTHX7W6cuYRod1jq3QJY/edit#slide=id.g445c8f4c5882998c_15
2019-01-18 00:33:47|https://docs.google.com/presentation/d/1kyRsC1-PMJu4UndE6psUHJHuTHX7W6cuYRod1jq3QJY/edit#slide=id.g4c0372a315_0_60
2019-01-18 00:33:47|https://docs.google.com/presentation/d/1kyRsC1-PMJu4UndE6psUHJHuTHX7W6cuYRod1jq3QJY/edit#slide=id.g445c8f4c5882998c_15
2019-01-18 00:33:47|https://docs.google.com/presentation/d/1kyRsC1-PMJu4UndE6psUHJHuTHX7W6cuYRod1jq3QJY/edit#slide=id.g4c0372a315_0_60
2019-01-18 00:33:48|https://docs.google.com/presentation/d/1kyRsC1-PMJu4UndE6psUHJHuTHX7W6cuYRod1jq3QJY/edit#slide=id.g4d923ccbc0_0_131
2019-01-18 00:33:49|https://docs.google.com/presentation/d/1kyRsC1-PMJu4UndE6psUHJHuTHX7W6cuYRod1jq3QJY/edit#slide=id.g4d923ccbc0_0_123
2019-01-18 00:33:50|https://docs.google.com/presentation/d/1kyRsC1-PMJu4UndE6psUHJHuTHX7W6cuYRod1jq3QJY/edit#slide=id.g4d923ccbc0_0_55
2019-01-18 00:33:51|https://docs.google.com/presentation/d/1kyRsC1-PMJu4UndE6psUHJHuTHX7W6cuYRod1jq3QJY/edit#slide=id.g4d923ccbc0_0_66
2019-01-18 00:33:51|https://docs.google.com/presentation/d/1kyRsC1-PMJu4UndE6psUHJHuTHX7W6cuYRod1jq3QJY/edit#slide=id.g4d923ccbc0_0_55
2019-01-18 00:33:59|https://docs.google.com/presentation/d/1kyRsC1-PMJu4UndE6psUHJHuTHX7W6cuYRod1jq3QJY/edit#slide=id.g4d923ccbc0_0_66
2019-01-18 00:33:59|https://docs.google.com/presentation/d/1kyRsC1-PMJu4UndE6psUHJHuTHX7W6cuYRod1jq3QJY/edit#slide=id.g4d923ccbc0_0_55
2019-01-18 00:34:01|https://docs.google.com/presentation/d/1kyRsC1-PMJu4UndE6psUHJHuTHX7W6cuYRod1jq3QJY/edit#slide=id.g4d923ccbc0_0_66
2019-01-18 00:37:11|https://repl.it/@NickLastname/VictoriousSilverCategory
2019-01-18 00:55:58|http://ctf.compclub.com.au/
2019-01-18 00:55:58|https://ctf.compclub.com.au/
2019-01-18 00:55:58|https://ctf.compclub.com.au/invite?next=%2F
2019-01-18 00:55:58|https://ctf.compclub.com.au/invite/
2019-01-18 02:11:44|https://www.google.com/search?q=showing+rgb+values+of+pixels+in+gimp&ie=utf-8&oe=utf-8&client=firefox-b-ab
2019-01-18 02:11:48|https://docs.gimp.org/en/gimp-pointer-info-dialog.html
2019-01-18 03:31:20|http://ctf.compclub.com.au/
2019-01-18 03:31:20|https://ctf.compclub.com.au/
2019-01-18 03:31:20|https://ctf.compclub.com.au/invite?next=%2F
2019-01-18 03:31:20|https://ctf.compclub.com.au/invite/
2019-01-18 03:31:40|http://repl.it/
2019-01-18 03:31:40|https://repl.it/
2019-01-18 03:31:41|https://repl.it/repls
2019-01-18 03:31:46|https://repl.it/logout
2019-01-18 03:31:46|https://repl.it/
2019-01-18 03:31:46|https://repl.it/repls
2019-01-18 03:31:47|https://repl.it/login?goto=%2Frepls
2019-01-18 03:31:57|https://ctf.compclub.com.au/
2019-01-18 03:45:59|https://www.google.com/search?q=prime+number+calculator&ie=utf-8&oe=utf-8&client=firefox-b-ab
2019-01-18 03:46:02|http://www.math.com/students/calculators/source/prime-number.htm
2019-01-18 03:46:12|https://www.calculatorsoup.com/calculators/math/prime-number-calculator.php
2019-01-18 04:01:56|https://ctf.compclub.com.au/
2019-01-18 04:02:38|http://tinyurl.com/CompclubSSS
2019-01-18 04:02:38|https://goo.gl/forms/botU4y0EHarywQeB3
2019-01-18 04:02:39|https://docs.google.com/forms/d/e/1FAIpQLSeTbnbww0Wz7bkuKacSlAFMckT5D3S74bvcZOOiqB7uI7TgZg/viewform?usp=send_form
2019-01-18 04:02:40|https://docs.google.com/forms/d/e/1FAIpQLSeTbnbww0Wz7bkuKacSlAFMckT5D3S74bvcZOOiqB7uI7TgZg/viewform
2019-01-18 04:06:08|https://docs.google.com/forms/d/e/1FAIpQLSeTbnbww0Wz7bkuKacSlAFMckT5D3S74bvcZOOiqB7uI7TgZg/viewform?fbzx=3201620036646985885
2019-01-18 04:11:04|https://docs.google.com/forms/d/e/1FAIpQLSeTbnbww0Wz7bkuKacSlAFMckT5D3S74bvcZOOiqB7uI7TgZg/viewform?usp=form_confirm
2019-01-18 04:11:04|https://docs.google.com/forms/d/e/1FAIpQLSeTbnbww0Wz7bkuKacSlAFMckT5D3S74bvcZOOiqB7uI7TgZg/viewform
1|https://www.mozilla.org/privacy/firefox/||1|0|13191302431000000|1|0
2|https://aframe.io/docs/0.8.0/introduction||1|1|13191303249000000|1|0
3|https://glitch.com/edit/#!/aframe?path=index.html|Glitch :･ﾟ✧|1|0|13191303363000000|0|0
4|https://glitch.com/edit/#!/|Glitch :･ﾟ✧|3|0|13191303365000000|0|0
5|https://glitch.com/edit/#!/aframe|index.html – aframe|1|0|13191303365000000|0|0
6|https://aframe.io/|A-Frame – Make WebVR|1|1|13191303386000000|0|0
7|https://aframe.io/examples/showcase/helloworld/|Hello WebVR – A-Frame|2|0|13191303394000000|0|0
8|https://glitch.com/~aframe|aframe|2|0|13191303592000000|0|0
9|https://glitch.com/edit/#!/remix/aframe|Glitch :･ﾟ✧|2|0|13191303618000000|0|0
10|https://glitch.com/edit/#!/elfin-mile|index.html – elfin-mile|1|0|13191303620000000|0|0
11|https://glitch.com/edit/#!/elfin-mile?path=index.html:11:66|index.html – elfin-mile|2|0|13191303800000000|0|0
12|https://elfin-mile.glitch.me/|Hello, WebVR! • A-Frame|136|0|13191303801000000|0|0
13|https://glitch.com/edit/#!/elfin-mile?path=index.html:12:48|index.html – elfin-mile|1|0|13191304172000000|0|0
14|https://glitch.com/edit/#!/elfin-mile?path=index.html:12:46|index.html – elfin-mile|1|0|13191304189000000|0|0
15|https://glitch.com/edit/#!/elfin-mile?path=index.html:13:61|index.html – elfin-mile|1|0|13191304209000000|0|0
16|https://glitch.com/edit/#!/elfin-mile?path=index.html:13:62|index.html – elfin-mile|1|0|13191304216000000|0|0
17|https://glitch.com/edit/#!/elfin-mile?path=index.html:25:7|index.html – elfin-mile|1|0|13191304524000000|0|0
18|https://glitch.com/edit/#!/elfin-mile?path=index.html:21:61|index.html – elfin-mile|1|0|13191304571000000|0|0
19|https://glitch.com/edit/#!/elfin-mile?path=index.html:22:87|index.html – elfin-mile|1|0|13191304585000000|0|0
20|https://glitch.com/edit/#!/elfin-mile?path=index.html:28:17|index.html – elfin-mile|1|0|13191304687000000|0|0
21|https://glitch.com/edit/#!/elfin-mile?path=index.html:33:7|index.html – elfin-mile|1|0|13191304693000000|0|0
22|https://glitch.com/edit/#!/elfin-mile?path=index.html:38:16|index.html – elfin-mile|1|0|13191304780000000|0|0
23|https://glitch.com/edit/#!/elfin-mile?path=index.html:29:63|index.html – elfin-mile|1|0|13191304830000000|0|0
24|https://glitch.com/edit/#!/elfin-mile?path=index.html:41:7|index.html – elfin-mile|1|0|13191304866000000|0|0
25|https://glitch.com/edit/#!/elfin-mile?path=index.html:34:11|index.html – elfin-mile|1|0|13191304899000000|0|0
26|https://glitch.com/edit/#!/elfin-mile?path=index.html:33:11|index.html – elfin-mile|1|0|13191304914000000|0|0
27|https://glitch.com/edit/#!/elfin-mile?path=index.html:34:8|index.html – elfin-mile|1|0|13191304926000000|0|0
28|https://glitch.com/edit/#!/elfin-mile?path=index.html:34:14|index.html – elfin-mile|1|0|13191304951000000|0|0
29|https://glitch.com/edit/#!/elfin-mile?path=index.html:30:84|index.html – elfin-mile|1|0|13191304972000000|0|0
30|https://glitch.com/edit/#!/pattern-patio|index.html – pattern-patio|1|0|13191307358000000|0|0
31|https://glitch.com/edit/#!/pattern-patio?path=index.html:11:66|index.html – pattern-patio|1|0|13191307484000000|0|0
32|https://pattern-patio.glitch.me/|Hello, WebVR! • A-Frame|69|0|13191307485000000|0|0
33|https://glitch.com/edit/#!/pattern-patio?path=index.html:12:8|index.html – pattern-patio|1|0|13191308615000000|0|0
34|https://glitch.com/edit/#!/pattern-patio?path=index.html:12:0|index.html – pattern-patio|1|0|13191308747000000|0|0
35|https://www.google.com/search?q=r6+tracker&oq=r6+tra&aqs=chrome.0.0j69i57j0l4.1811j0j7&sourceid=chrome&ie=UTF-8|r6 tracker - Google Search|1|0|13191896888417579|0|0
36|https://r6.tracker.network/|R6Tracker - Rainbow Six Siege Stats, Leaderboards, & More!|1|0|13191896890711452|0|0
37|http://summer2019.compclub.com.au/|Welcome to the CompClub Summer Spy School | CompClub 2019 Summer Workshops|9|8|13192251936713840|0|0
38|https://summer2019.compclub.com.au/|Welcome to the CompClub Summer Spy School | CompClub 2019 Summer Workshops|16|0|13192251936713840|0|0
39|https://r6.tracker.network/r6/search?name=General_Kainobi&platform=4|R6Tracker - General_Kainobi - Rainbow Six Siege Player Stats|1|0|13191896946373307|0|0
40|https://r6.tracker.network/profile/pc/General_Kainobi|R6Tracker - General_Kainobi - Rainbow Six Siege Player Stats|15|0|13191899510407434|0|0
41|https://summer2019.compclub.com.au/rules|CompClub Rules and Ethics | CompClub 2019 Summer Workshops|2|0|13192250387399009|0|0
42|http://repel.it/|Repel srl Disinfestazioni, derattizzazioni, fumigazioni, trattamenti di quarantena e pre-imbarco merci|1|1|13191897140265943|0|0
43|http://www.repel.it/|Repel srl Disinfestazioni, derattizzazioni, fumigazioni, trattamenti di quarantena e pre-imbarco merci|1|0|13191897140265943|0|0
44|http://www.repl.it/|Repl.it - The world's leading online coding platform|1|1|13191897159711568|0|0
45|https://repl.it/|Repl.it - Log In|3|0|13192247977249993|0|0
46|https://repl.it/languages/python|Repl.it - ChocolateDevotedPlan|4|4|13192249181318598|0|0
47|https://repl.it/repls/ExperiencedLustrousChief|Repl.it - ExperiencedLustrousChief|2|0|13191897192636786|0|0
48|https://repl.it/auth/google/get?close=1|Forwarding ...|1|0|13191897437723173|0|0
49|https://accounts.google.com/o/oauth2/v2/auth?access_type=offline&response_type=code&redirect_uri=https%3A%2F%2Frepl.it%2Fauth%2Fgoogle%2Fcallback&scope=email%20profile&state=close%3D1&client_id=551333139604-3e6vevagfdvcipqacu0qtfbpkb6285h9.apps.googleusercontent.com|Forwarding ...|1|0|13191897437723173|0|0
50|https://accounts.google.com/signin/oauth?client_id=551333139604-3e6vevagfdvcipqacu0qtfbpkb6285h9.apps.googleusercontent.com&as=RXCUeb0PNifx-VM9s21PtA&destination=https://repl.it&approval_state=!ChRaeDNrb252dnZXSTZRUWVIMS1DSxIfWTY3U1B0OG1KRGdWOEhuU1JuY2dubXFlM1Y2YWhCWQ%E2%88%99APNbktkAAAAAXD0h3UCSWcte-9lva-6hOdfFUmxFsxgg&oauthgdpr=1&xsrfsig=ChkAeAh8T297_ERcdeMdWJnGHTZTO-QXC4spEg5hcHByb3ZhbF9zdGF0ZRILZGVzdGluYXRpb24SBXNvYWN1Eg9vYXV0aHJpc2t5c2NvcGU|Sign in – Google accounts|3|0|13191897438744465|0|0
51|https://accounts.google.com/signin/oauth/identifier?client_id=551333139604-3e6vevagfdvcipqacu0qtfbpkb6285h9.apps.googleusercontent.com&as=RXCUeb0PNifx-VM9s21PtA&destination=https%3A%2F%2Frepl.it&approval_state=!ChRaeDNrb252dnZXSTZRUWVIMS1DSxIfWTY3U1B0OG1KRGdWOEhuU1JuY2dubXFlM1Y2YWhCWQ%E2%88%99APNbktkAAAAAXD0h3UCSWcte-9lva-6hOdfFUmxFsxgg&oauthgdpr=1&xsrfsig=ChkAeAh8T297_ERcdeMdWJnGHTZTO-QXC4spEg5hcHByb3ZhbF9zdGF0ZRILZGVzdGluYXRpb24SBXNvYWN1Eg9vYXV0aHJpc2t5c2NvcGU&flowName=GeneralOAuthFlow||1|0|13191897438761581|0|0
52|https://accounts.google.com/signin/v2/challenge/pwd?client_id=551333139604-3e6vevagfdvcipqacu0qtfbpkb6285h9.apps.googleusercontent.com&as=RXCUeb0PNifx-VM9s21PtA&destination=https%3A%2F%2Frepl.it&approval_state=!ChRaeDNrb252dnZXSTZRUWVIMS1DSxIfWTY3U1B0OG1KRGdWOEhuU1JuY2dubXFlM1Y2YWhCWQ%E2%88%99APNbktkAAAAAXD0h3UCSWcte-9lva-6hOdfFUmxFsxgg&oauthgdpr=1&xsrfsig=ChkAeAh8T297_ERcdeMdWJnGHTZTO-QXC4spEg5hcHByb3ZhbF9zdGF0ZRILZGVzdGluYXRpb24SBXNvYWN1Eg9vYXV0aHJpc2t5c2NvcGU&flowName=GeneralOAuthFlow&TL=AHnYQLxQrgVjGkEjKbTLGdMniLaP9QO2PI45cfXCrhIRfWXPbOOUpObFTfyGgUhOC-QqUp2S16yz1_-5rDzrX3TKPnPwgAM-8p90VYvHvPLOFEF9lM9xiJEnXeCI_O69QMjU_SN7MdkfMuJIf2bOevIaDgUwNFZlcRhqGdw6iMQPI75P1wHKBJ8&cid=1&navigationDirection=forward||1|0|13191897488627863|0|0
53|https://accounts.google.com/signin/v2/challenge/az?client_id=551333139604-3e6vevagfdvcipqacu0qtfbpkb6285h9.apps.googleusercontent.com&as=RXCUeb0PNifx-VM9s21PtA&destination=https%3A%2F%2Frepl.it&approval_state=!ChRaeDNrb252dnZXSTZRUWVIMS1DSxIfWTY3U1B0OG1KRGdWOEhuU1JuY2dubXFlM1Y2YWhCWQ%E2%88%99APNbktkAAAAAXD0h3UCSWcte-9lva-6hOdfFUmxFsxgg&oauthgdpr=1&xsrfsig=ChkAeAh8T297_ERcdeMdWJnGHTZTO-QXC4spEg5hcHByb3ZhbF9zdGF0ZRILZGVzdGluYXRpb24SBXNvYWN1Eg9vYXV0aHJpc2t5c2NvcGU&flowName=GeneralOAuthFlow&TL=AHnYQLzt9fcm_oCan4M61Er9Hy4hJHbkfs1wdxmUQxHlUMA3KvgQe9bvKRkLMLIBD4Y1QH7x8BoZKafUHVBsxmYrKJKzWv_RDW4fV3XbVTn5_YeLIRUO9pfvllXiB0kSsjx6u9DW0_b1GuCZI6fp_-2WShvuwJ7RZycz7N7ljkmXkHN3N2TB_d0&cid=2&navigationDirection=forward||1|0|13191897493928197|0|0
54|https://accounts.google.com/signin/v2/challenge/az?client_id=551333139604-3e6vevagfdvcipqacu0qtfbpkb6285h9.apps.googleusercontent.com&as=RXCUeb0PNifx-VM9s21PtA&destination=https%3A%2F%2Frepl.it&approval_state=!ChRaeDNrb252dnZXSTZRUWVIMS1DSxIfWTY3U1B0OG1KRGdWOEhuU1JuY2dubXFlM1Y2YWhCWQ%E2%88%99APNbktkAAAAAXD0h3UCSWcte-9lva-6hOdfFUmxFsxgg&oauthgdpr=1&xsrfsig=ChkAeAh8T297_ERcdeMdWJnGHTZTO-QXC4spEg5hcHByb3ZhbF9zdGF0ZRILZGVzdGluYXRpb24SBXNvYWN1Eg9vYXV0aHJpc2t5c2NvcGU&flowName=GeneralOAuthFlow&TL=AHnYQLxxQhyUIjrfuaHIvMDLOrY6odWmW7woCR2LHfWP-S3LqGEagi8VvLAsVDYHj7NUqh2xmXvvdGt8pDbsKy1EPRaGfjLCO1QuPQwl5EWAgSU5KXnzCzEkzS8vjSDCubYz0720KL85J0TDYZ6_bC9p7yvTqs0a3R9Ql03KRMLlldkasjjiy_M&cid=2||1|0|13191897501876261|0|0
55|https://accounts.google.com/CheckCookie?hl=en-GB&checkedDomains=youtube&checkConnection=youtube%3A243%3A0&chtml=LoginDoneHtml&service=lso&continue=https%3A%2F%2Faccounts.google.com%2Fsignin%2Foauth%2Fconsent%3Fauthuser%3Dunknown%26part%3DAJi8hANsVakeHoJjxsRZmZoTh3U7Q20IUiJYCb5bh3NwE15gdqzRyv-J5Du5uoaTcxMsPc2z8uj2_1u9qTyJqip4zuOsGQPgpOj719GjPsUf0kyJgMOjzi3tmhKQApfnYZVc6_ggU23Xzh523vo78oZyKSlYw5ZPtOaKtu3hsR2tpKZWxGhQlos7LJMkFi-L75bt3i7oxG_OS0cupN3ExnEzuSw157HpGImeeDg7uyeCJpe1mLhY94veBUn74ANJn9RbPZU0jaB6BUiHS4PdLmJhYQlfl_etvXivnyncvZ90eEX0yS3KdDaVz8-9MDq_6gYoxBPhtVjFuDn-SGnO8rUef6a3zK6xfn9lZoClEdyt5HuhYKG4w6KOHbwpqbeAWdZQ_akg9KNuyzmKIl1_W3I0xFm3UsHTdZLtcOLsOR1x-7iQIvDfcxk%26as%3DRXCUeb0PNifx-VM9s21PtA%26rapt%3DAEjHL4MwEa8XAFmcrpYe7_NwjXpelRSTflLCRtT8KCP0khjBv937MT0maSdmblv38bsaTpCUUFlbLSwYuHotTW55VOHW-W0I0Q%23&gidl=EgIIAA|Redirecting|1|0|13191897519858384|0|0
56|https://accounts.youtube.com/accounts/SetSID?ssdc=1&sidt=ALWU2ctAOxBXGeFzGrJ8eMRAKSFv6CMFE5BxtIaaSqE9izv4Q%2BkiZATOVdA4JbyOIengIogWT5DulARX0EssQfauIrmjdPXMU8kdl5UTWcWE7yXsVWjdyIthFmbig8j7%2BqeLFDI7h1FGhY10xwHhRWhdevC0wdKaFWx5Rcz5VRfaaZL04818jjmt4nyBvaaNEAk%2Bz2fbSPx2fod5jhoWpMGzObUv15XupV7dsaqk0fggPloyRledWzj0SsdCNIpDHHUvXoK3A9awkcPBAuphqtW5CJp7%2FE7fTg%3D%3D&continue=https%3A%2F%2Faccounts.google.com%2Fsignin%2Foauth%2Fconsent%3Fauthuser%3D0%26part%3DAJi8hANsVakeHoJjxsRZmZoTh3U7Q20IUiJYCb5bh3NwE15gdqzRyv-J5Du5uoaTcxMsPc2z8uj2_1u9qTyJqip4zuOsGQPgpOj719GjPsUf0kyJgMOjzi3tmhKQApfnYZVc6_ggU23Xzh523vo78oZyKSlYw5ZPtOaKtu3hsR2tpKZWxGhQlos7LJMkFi-L75bt3i7oxG_OS0cupN3ExnEzuSw157HpGImeeDg7uyeCJpe1mLhY94veBUn74ANJn9RbPZU0jaB6BUiHS4PdLmJhYQlfl_etvXivnyncvZ90eEX0yS3KdDaVz8-9MDq_6gYoxBPhtVjFuDn-SGnO8rUef6a3zK6xfn9lZoClEdyt5HuhYKG4w6KOHbwpqbeAWdZQ_akg9KNuyzmKIl1_W3I0xFm3UsHTdZLtcOLsOR1x-7iQIvDfcxk%26as%3DRXCUeb0PNifx-VM9s21PtA%26rapt%3DAEjHL4MwEa8XAFmcrpYe7_NwjXpelRSTflLCRtT8KCP0khjBv937MT0maSdmblv38bsaTpCUUFlbLSwYuHotTW55VOHW-W0I0Q%26auth%3D8wamM7hEV_JkY8JqTm0HyGD_LUPc24M2-4uX_85oNjRrze5o6qYQ2KAktMYjsbHR4bZCqw.%23&dbus=AU|Redirecting|1|0|13191897519858384|0|0
57|https://accounts.google.com.au/accounts/SetSID?ssdc=1&sidt=ALWU2ctccvenDb0YKXxCcHdAuVpS00FGG0ar14yYXmbh9B3YGV2TNPESHZFvqH2ClUrZ%2BQO5BkNTa/Xh5/9SKP4lKbQlDHRA4I5oNpb02Whkk4xyF/BQSal9RnYYtpyIilYzzIdkLi9uRpcqbW6AIEdPOHfQwkyxzCLxAIuObB/43jqRUKftZPJhsTjRVHGlztqnp/tIyWWVh57dz26JeGMrhIKSxGEcf5XwslR3eo4y9PURjp2CXMOjtm1gxJrmUEsJ890p4G4gt3BQ/PX7PTj%2B1xwmNLMCbg%3D%3D&continue=https://accounts.google.com/signin/oauth/consent?authuser%3D0%26part%3DAJi8hANsVakeHoJjxsRZmZoTh3U7Q20IUiJYCb5bh3NwE15gdqzRyv-J5Du5uoaTcxMsPc2z8uj2_1u9qTyJqip4zuOsGQPgpOj719GjPsUf0kyJgMOjzi3tmhKQApfnYZVc6_ggU23Xzh523vo78oZyKSlYw5ZPtOaKtu3hsR2tpKZWxGhQlos7LJMkFi-L75bt3i7oxG_OS0cupN3ExnEzuSw157HpGImeeDg7uyeCJpe1mLhY94veBUn74ANJn9RbPZU0jaB6BUiHS4PdLmJhYQlfl_etvXivnyncvZ90eEX0yS3KdDaVz8-9MDq_6gYoxBPhtVjFuDn-SGnO8rUef6a3zK6xfn9lZoClEdyt5HuhYKG4w6KOHbwpqbeAWdZQ_akg9KNuyzmKIl1_W3I0xFm3UsHTdZLtcOLsOR1x-7iQIvDfcxk%26as%3DRXCUeb0PNifx-VM9s21PtA%26rapt%3DAEjHL4MwEa8XAFmcrpYe7_NwjXpelRSTflLCRtT8KCP0khjBv937MT0maSdmblv38bsaTpCUUFlbLSwYuHotTW55VOHW-W0I0Q%26auth%3D8wamM7hEV_JkY8JqTm0HyGD_LUPc24M2-4uX_85oNjRrze5o6qYQ2KAktMYjsbHR4bZCqw.%23|Redirecting|1|0|13191897519858384|0|0
58|https://accounts.google.com.au/accounts/SetSID||1|0|13191897519870220|0|0
59|https://accounts.google.com/signin/oauth/consent?authuser=0&part=AJi8hANsVakeHoJjxsRZmZoTh3U7Q20IUiJYCb5bh3NwE15gdqzRyv-J5Du5uoaTcxMsPc2z8uj2_1u9qTyJqip4zuOsGQPgpOj719GjPsUf0kyJgMOjzi3tmhKQApfnYZVc6_ggU23Xzh523vo78oZyKSlYw5ZPtOaKtu3hsR2tpKZWxGhQlos7LJMkFi-L75bt3i7oxG_OS0cupN3ExnEzuSw157HpGImeeDg7uyeCJpe1mLhY94veBUn74ANJn9RbPZU0jaB6BUiHS4PdLmJhYQlfl_etvXivnyncvZ90eEX0yS3KdDaVz8-9MDq_6gYoxBPhtVjFuDn-SGnO8rUef6a3zK6xfn9lZoClEdyt5HuhYKG4w6KOHbwpqbeAWdZQ_akg9KNuyzmKIl1_W3I0xFm3UsHTdZLtcOLsOR1x-7iQIvDfcxk&as=RXCUeb0PNifx-VM9s21PtA&rapt=AEjHL4MwEa8XAFmcrpYe7_NwjXpelRSTflLCRtT8KCP0khjBv937MT0maSdmblv38bsaTpCUUFlbLSwYuHotTW55VOHW-W0I0Q&auth=8wamM7hEV_JkY8JqTm0HyGD_LUPc24M2-4uX_85oNjRrze5o6qYQ2KAktMYjsbHR4bZCqw.#||1|0|13191897522978257|0|0
60|https://accounts.google.com/signin/oauth/consent?authuser=0&part=AJi8hANsVakeHoJjxsRZmZoTh3U7Q20IUiJYCb5bh3NwE15gdqzRyv-J5Du5uoaTcxMsPc2z8uj2_1u9qTyJqip4zuOsGQPgpOj719GjPsUf0kyJgMOjzi3tmhKQApfnYZVc6_ggU23Xzh523vo78oZyKSlYw5ZPtOaKtu3hsR2tpKZWxGhQlos7LJMkFi-L75bt3i7oxG_OS0cupN3ExnEzuSw157HpGImeeDg7uyeCJpe1mLhY94veBUn74ANJn9RbPZU0jaB6BUiHS4PdLmJhYQlfl_etvXivnyncvZ90eEX0yS3KdDaVz8-9MDq_6gYoxBPhtVjFuDn-SGnO8rUef6a3zK6xfn9lZoClEdyt5HuhYKG4w6KOHbwpqbeAWdZQ_akg9KNuyzmKIl1_W3I0xFm3UsHTdZLtcOLsOR1x-7iQIvDfcxk&as=RXCUeb0PNifx-VM9s21PtA&rapt=AEjHL4MwEa8XAFmcrpYe7_NwjXpelRSTflLCRtT8KCP0khjBv937MT0maSdmblv38bsaTpCUUFlbLSwYuHotTW55VOHW-W0I0Q#||1|0|13191897522978257|0|0
61|https://repl.it/auth/google/callback?state=close%3D1&code=4%2F0gB2Scv2aS1YF-_9IT434bnaDrdVlzi-R7nmZgMxZAV8GyfnNAblsAEP6hulD43x0y95HFmVAoi46OU3a-KpG04&scope=email+profile+https%3A%2F%2Fwww.googleapis.com%2Fauth%2Fuserinfo.email+https%3A%2F%2Fwww.googleapis.com%2Fauth%2Fuserinfo.profile#||1|0|13191897522978257|0|0
62|https://repl.it/auth/close#||1|0|13191897522978257|0|0
63|https://repl.it/@natangiassi/ExperiencedLustrousChief|Repl.it - ExperiencedLustrousChief|5|0|13192001363706743|0|0
64|https://www.google.com/search?q=how+to+define+in+python&oq=how+to+define+in+python&aqs=chrome.0.0l6.4712j0j7&sourceid=chrome&ie=UTF-8|how to define in python - Google Search|1|0|13191897537118704|0|0
65|https://www.codementor.io/kaushikpal/user-defined-functions-in-python-8s7wyc8k2|User-Defined Functions in Python | Codementor|4|0|13191897646320644|0|0
66|http://repl.it/languages/python3|Repl.it - LastingUnfoldedIdentifier|1|1|13191899015477137|0|0
67|https://repl.it/languages/python3|Repl.it - RelevantSomberUser|2|0|13191982219738951|0|0
68|https://repl.it/@natangiassi/LastingUnfoldedIdentifier|Repl.it - LastingUnfoldedIdentifier|15|0|13191997756589983|0|0
69|https://summer2019.compclub.com.au/day1|Introduction to Python | CompClub 2019 Summer Workshops|3|0|13192249159996591|0|0
70|https://docs.google.com/presentation/d/1ZGBVwbD055fzcnudI-pQU3fgEPk7WIt_AVH127H_qzQ/edit?usp=sharing|Introduction to Python - Google Slides|2|0|13191903332457092|0|0
71|https://docs.google.com/presentation/d/1ZGBVwbD055fzcnudI-pQU3fgEPk7WIt_AVH127H_qzQ/edit||1|0|13191903332505047|0|0
72|https://docs.google.com/presentation/d/1ZGBVwbD055fzcnudI-pQU3fgEPk7WIt_AVH127H_qzQ/edit#slide=id.g3cbf3982fb_4_0||1|0|13191903335607143|0|0
73|https://docs.google.com/presentation/d/1ZGBVwbD055fzcnudI-pQU3fgEPk7WIt_AVH127H_qzQ/edit#slide=id.g3c8fdf14fc_0_50||2|0|13191903591756077|0|0
74|https://docs.google.com/presentation/d/1ZGBVwbD055fzcnudI-pQU3fgEPk7WIt_AVH127H_qzQ/edit#slide=id.g3c8fdf14fc_0_20||1|0|13191903582327285|0|0
75|https://docs.google.com/presentation/d/1ZGBVwbD055fzcnudI-pQU3fgEPk7WIt_AVH127H_qzQ/edit#slide=id.g3c8fdf14fc_0_36||1|0|13191903583268776|0|0
76|https://docs.google.com/presentation/d/1ZGBVwbD055fzcnudI-pQU3fgEPk7WIt_AVH127H_qzQ/edit#slide=id.g3c8fdf14fc_0_43||3|0|13191903663644640|0|0
77|https://docs.google.com/presentation/d/1ZGBVwbD055fzcnudI-pQU3fgEPk7WIt_AVH127H_qzQ/edit#slide=id.g3c8fdf14fc_0_69||3|0|13191904398840850|0|0
78|https://docs.google.com/presentation/d/1ZGBVwbD055fzcnudI-pQU3fgEPk7WIt_AVH127H_qzQ/edit#slide=id.g3c8fdf14fc_0_76||1|0|13191904399655408|0|0
79|https://docs.google.com/presentation/d/1ZGBVwbD055fzcnudI-pQU3fgEPk7WIt_AVH127H_qzQ/edit#slide=id.g3c8fdf14fc_0_84||1|0|13191904401846118|0|0
80|https://www.google.com/search?q=syntax&oq=syntax&aqs=chrome..69i57j0l5.1407j0j7&sourceid=chrome&ie=UTF-8|syntax - Google Search|1|0|13191904520927991|0|0
81|https://docs.google.com/presentation/d/1ZGBVwbD055fzcnudI-pQU3fgEPk7WIt_AVH127H_qzQ/edit#slide=id.g3cbf3982fb_0_1||1|0|13191905550143736|0|0
82|https://docs.google.com/presentation/d/1ZGBVwbD055fzcnudI-pQU3fgEPk7WIt_AVH127H_qzQ/edit#slide=id.g3cbf3982fb_0_14||1|0|13191905553469095|0|0
83|https://docs.google.com/presentation/d/1ZGBVwbD055fzcnudI-pQU3fgEPk7WIt_AVH127H_qzQ/edit#slide=id.g3cbf3982fb_0_9||1|0|13191905558124965|0|0
84|https://docs.google.com/presentation/d/1ZGBVwbD055fzcnudI-pQU3fgEPk7WIt_AVH127H_qzQ/edit#slide=id.g3cbf3982fb_0_22||6|0|13191909554426319|0|0
85|https://docs.google.com/presentation/d/1ZGBVwbD055fzcnudI-pQU3fgEPk7WIt_AVH127H_qzQ/edit#slide=id.g3cbf3982fb_0_29||10|0|13191910512588628|0|0
86|https://repl.it/@natangiassi|Repl.it - natangiassi (PiG2164)|16|0|13192001384318365|0|0
87|https://docs.google.com/presentation/d/1ZGBVwbD055fzcnudI-pQU3fgEPk7WIt_AVH127H_qzQ/edit#slide=id.g3cbf3982fb_0_35||8|0|13191910545796999|0|0
88|https://docs.google.com/presentation/d/1ZGBVwbD055fzcnudI-pQU3fgEPk7WIt_AVH127H_qzQ/edit#slide=id.g3c8fdf14fc_0_96||8|0|13191913850022860|0|0
89|https://docs.google.com/presentation/d/1ZGBVwbD055fzcnudI-pQU3fgEPk7WIt_AVH127H_qzQ/edit#slide=id.g3cbf3982fb_0_63||6|0|13191913598337090|0|0
90|https://docs.google.com/presentation/d/1ZGBVwbD055fzcnudI-pQU3fgEPk7WIt_AVH127H_qzQ/edit#slide=id.g3cbf3982fb_0_45||5|0|13191910545059614|0|0
91|https://docs.google.com/presentation/d/1ZGBVwbD055fzcnudI-pQU3fgEPk7WIt_AVH127H_qzQ/edit#slide=id.g3c8fdf14fc_0_102||9|0|13191914063873321|0|0
92|https://www.google.com/search?q=number+%3D+number+%2B+10i&oq=number+%3D+number+%2B+10i&aqs=chrome..69i57.847j0j7&sourceid=chrome&ie=UTF-8|number = number + 10i - Google Search|1|0|13191911678343913|0|0
93|https://www.google.com/search?q=what+does+range+funcntion+do&oq=what+does+range+funcntion+do&aqs=chrome..69i57j0l4.6537j0j7&sourceid=chrome&ie=UTF-8|what does range funcntion do - Google Search|1|0|13191911868881612|0|0
94|https://docs.google.com/presentation/d/1ZGBVwbD055fzcnudI-pQU3fgEPk7WIt_AVH127H_qzQ/edit#slide=id.g3c8fdf14fc_0_114||7|0|13191914497004176|0|0
95|https://thepythonguru.com/python-builtin-functions/range/|Python range() function - The Python Guru|1|0|13191912022341195|0|0
96|https://www.google.com/search?q=python+random&oq=python+random&aqs=chrome..69i57j0l5.2648j0j7&sourceid=chrome&ie=UTF-8|python random - Google Search|1|0|13191912145801078|0|0
97|https://docs.python.org/3/library/random.html|random — Generate pseudo-random numbers — Python 3.7.2 documentation|1|0|13191912149234380|0|0
98|https://www.google.com/search?q=how+to+initialise+random+pthon&oq=how+to+initialise+random+pthon&aqs=chrome..69i57.4303j0j7&sourceid=chrome&ie=UTF-8|how to initialise random pthon - Google Search|1|0|13191912221574375|0|0
99|https://stackoverflow.com/questions/22639587/random-seed-what-does-it-do|python - random.seed(): What does it do? - Stack Overflow|1|0|13191912225011989|0|0
100|https://docs.google.com/presentation/d/1ZGBVwbD055fzcnudI-pQU3fgEPk7WIt_AVH127H_qzQ/edit#slide=id.g3c8fdf14fc_0_120||4|0|13191914607426287|0|0
101|https://docs.google.com/presentation/d/1ZGBVwbD055fzcnudI-pQU3fgEPk7WIt_AVH127H_qzQ/edit#slide=id.g3c8fdf14fc_0_108||5|0|13191914274067180|0|0
102|https://www.google.com/search?q=usign+parameters+to+multiply+number&oq=usign+parameters+to+multiply+number&aqs=chrome..69i57.7294j0j7&sourceid=chrome&ie=UTF-8|usign parameters to multiply number - Google Search|1|0|13191914506638707|0|0
103|https://www.google.com/search?ei=ChM8XIO4GMnEsAWfuanwCg&q=using+parameters+to+multiply+number+python&oq=using+parameters+to+multiply+number+python&gs_l=psy-ab.3...11683.14112..14301...1.0..0.209.1317.0j7j1......0....1..gws-wiz.......33i22i29i30j33i21.KFYCuWwtleI|using parameters to multiply number python - Google Search|1|0|13191914522096385|0|0
104|https://stackoverflow.com/questions/19726108/multiplication-of-two-arguments-in-python|casting - multiplication of two arguments in python - Stack Overflow|1|0|13191914524742902|0|0
105|https://docs.google.com/presentation/d/1ZGBVwbD055fzcnudI-pQU3fgEPk7WIt_AVH127H_qzQ/edit#slide=id.g3c8fdf14fc_0_131||1|0|13191914603003185|0|0
106|https://summer2019.compclub.com.au/day2|Welcome to Day 2 of the 2019 Comp Club Summer School | CompClub 2019 Summer Workshops|6|0|13192248740042576|0|0
107|https://docs.python.org/3/library/turtle.html|turtle — Turtle graphics — Python 3.7.2 documentation|3|0|13191982256639360|0|0
108|https://trinket.io/features/pygame|The New Pygame Trinket|7|0|13191989465938112|0|0
109|https://github.com/python/cpython/tree/3.7/Lib/turtle.py|cpython/turtle.py at 3.7 · python/cpython · GitHub|1|0|13191915091415173|0|0
110|https://github.com/python/cpython/blob/3.7/Lib/turtle.py|cpython/turtle.py at 3.7 · python/cpython · GitHub|1|0|13191915091415173|0|0
111|https://trinket.io/|Trinket|1|1|13191981367077641|0|0
112|https://trinket.io/embed/pygame/9dedddb511#.XD0YVXYxBhE||1|0|13191981412304988|1|0
113|https://trinket.io/embed/pygame/e055b30d22||1|0|13191981412304988|1|0
114|https://www.google.com/search?q=snake+game+trinket&oq=snake+game+trinket&aqs=chrome..69i57.3976j0j7&sourceid=chrome&ie=UTF-8|snake game trinket - Google Search|1|0|13191982013705838|0|0
115|https://trinket.io/html/716c4ac5b7|Snake|1|0|13191982016459823|0|0
116|https://sandbox.trinket-shell.com/40e7b30d9b293ca3/index.html||1|0|13191982026567485|1|0
117|https://sandbox.trinket-shell.com/b19c470cdf8b238f/index.html||2|0|13191982027736431|1|0
118|https://sandbox.trinket-shell.com/9dd13e471cf7b95c/index.html||2|0|13191982029739434|1|0
119|https://sandbox.trinket-shell.com/a21957f2602df2a2/index.html||1|0|13191982029739434|1|0
120|https://repl.it/@natangiassi/RelevantSomberUser|Repl.it - RelevantSomberUser|6|0|13192001390798973|0|0
121|https://docs.google.com/presentation/d/1pPY_lvrvM3fl2SwvAnziN9Ib5owxXOwjiZg_DzcKNiI/edit?usp=sharing|Game Development - Google Slides|2|0|13191982874340819|0|0
122|https://docs.google.com/presentation/d/1pPY_lvrvM3fl2SwvAnziN9Ib5owxXOwjiZg_DzcKNiI/edit||1|0|13191982874386706|0|0
123|https://docs.google.com/presentation/d/1pPY_lvrvM3fl2SwvAnziN9Ib5owxXOwjiZg_DzcKNiI/edit#slide=id.g337fd436a2_1_5||1|0|13191982875517430|0|0
124|https://docs.google.com/presentation/d/1pPY_lvrvM3fl2SwvAnziN9Ib5owxXOwjiZg_DzcKNiI/edit#slide=id.p||1|0|13191982877061789|0|0
125|https://docs.google.com/presentation/d/1pPY_lvrvM3fl2SwvAnziN9Ib5owxXOwjiZg_DzcKNiI/edit#slide=id.g4c0ab1ff68_0_7||1|0|13191982877580530|0|0
126|https://docs.google.com/presentation/d/1pPY_lvrvM3fl2SwvAnziN9Ib5owxXOwjiZg_DzcKNiI/edit#slide=id.g337fd436a2_1_0||1|0|13191982896782035|0|0
127|https://docs.google.com/presentation/d/1pPY_lvrvM3fl2SwvAnziN9Ib5owxXOwjiZg_DzcKNiI/edit#slide=id.g4c0ab1ff68_0_25||1|0|13191982922870354|0|0
128|https://docs.google.com/presentation/d/1pPY_lvrvM3fl2SwvAnziN9Ib5owxXOwjiZg_DzcKNiI/edit#slide=id.g4c0ab1ffe2_0_1||2|0|13191983508334461|0|0
129|https://docs.google.com/presentation/d/1pPY_lvrvM3fl2SwvAnziN9Ib5owxXOwjiZg_DzcKNiI/edit#slide=id.g4c0ab1ffe2_0_11||4|0|13191983523564250|0|0
130|https://docs.google.com/presentation/d/1pPY_lvrvM3fl2SwvAnziN9Ib5owxXOwjiZg_DzcKNiI/edit#slide=id.g4c0ab1ffe2_0_19||3|0|13191983515201064|0|0
131|https://docs.google.com/presentation/d/1QMjMVsmMkqxMA9r-UGDEdqQpfkgFj901fAtXIWr-qAw/edit?usp=sharing|Copy of Game Development - Google Slides|2|0|13191983781048700|0|0
132|https://docs.google.com/presentation/d/1QMjMVsmMkqxMA9r-UGDEdqQpfkgFj901fAtXIWr-qAw/edit||1|0|13191983781095584|0|0
133|https://docs.google.com/presentation/d/1QMjMVsmMkqxMA9r-UGDEdqQpfkgFj901fAtXIWr-qAw/edit#slide=id.g337fd436a2_1_5||1|0|13191983782364116|0|0
134|https://docs.google.com/presentation/d/1QMjMVsmMkqxMA9r-UGDEdqQpfkgFj901fAtXIWr-qAw/edit#slide=id.p||1|0|13191983783044327|0|0
135|https://docs.google.com/presentation/d/1QMjMVsmMkqxMA9r-UGDEdqQpfkgFj901fAtXIWr-qAw/edit#slide=id.g4c0ab1ffe2_0_11||9|0|13191985442708548|0|0
136|https://docs.google.com/presentation/d/1QMjMVsmMkqxMA9r-UGDEdqQpfkgFj901fAtXIWr-qAw/edit#slide=id.g4c0ab1ffe2_0_19||13|0|13191985443632676|0|0
137|https://docs.google.com/presentation/d/1QMjMVsmMkqxMA9r-UGDEdqQpfkgFj901fAtXIWr-qAw/edit#slide=id.g4c0ab1ffe2_0_27||8|0|13191985444231567|0|0
138|https://docs.google.com/presentation/d/1QMjMVsmMkqxMA9r-UGDEdqQpfkgFj901fAtXIWr-qAw/edit#slide=id.g4c0ab1ffe2_0_35||7|0|13191988423375361|0|0
139|https://docs.google.com/presentation/d/1QMjMVsmMkqxMA9r-UGDEdqQpfkgFj901fAtXIWr-qAw/edit#slide=id.g4c0ab1ffe2_0_1||4|0|13191985265638591|0|0
140|https://docs.google.com/presentation/d/1QMjMVsmMkqxMA9r-UGDEdqQpfkgFj901fAtXIWr-qAw/edit#slide=id.g4c0ab1ff68_0_25||1|0|13191985220119681|0|0
141|https://docs.google.com/presentation/d/1QMjMVsmMkqxMA9r-UGDEdqQpfkgFj901fAtXIWr-qAw/edit#slide=id.g4c0ab1ffe2_0_43||7|0|13191988450150046|0|0
142|https://docs.google.com/presentation/d/1QMjMVsmMkqxMA9r-UGDEdqQpfkgFj901fAtXIWr-qAw/edit#slide=id.g4c0ab1ffe2_0_53||7|0|13191992063193272|0|0
143|https://repl.it/@natangiassi/HungryQuickwittedMalware|Repl.it - HungryQuickwittedMalware|2|0|13191987937338107|0|0
144|https://docs.google.com/presentation/d/1QMjMVsmMkqxMA9r-UGDEdqQpfkgFj901fAtXIWr-qAw/edit#slide=id.g4c0ab1ffe2_0_62||6|0|13191992057689414|0|0
145|https://docs.google.com/presentation/d/1QMjMVsmMkqxMA9r-UGDEdqQpfkgFj901fAtXIWr-qAw/edit#slide=id.g4c0ab1ffe2_0_97||4|0|13191992049280693|0|0
146|https://docs.google.com/presentation/d/1QMjMVsmMkqxMA9r-UGDEdqQpfkgFj901fAtXIWr-qAw/edit#slide=id.g4c0ab1ffe2_0_71||7|0|13191992280017904|0|0
147|https://docs.google.com/presentation/d/1QMjMVsmMkqxMA9r-UGDEdqQpfkgFj901fAtXIWr-qAw/edit#slide=id.g4c0ab1ffe2_0_81||7|0|13191996171367846|0|0
148|https://docs.google.com/presentation/d/1QMjMVsmMkqxMA9r-UGDEdqQpfkgFj901fAtXIWr-qAw/edit#slide=id.g4c0ab1ffe2_0_89||7|0|13191998966971938|0|0
149|https://docs.google.com/presentation/d/1QMjMVsmMkqxMA9r-UGDEdqQpfkgFj901fAtXIWr-qAw/edit#slide=id.g4c0ab1ffe2_0_105||7|0|13191998973025823|0|0
150|https://docs.google.com/presentation/d/1QMjMVsmMkqxMA9r-UGDEdqQpfkgFj901fAtXIWr-qAw/edit#slide=id.g4747f2f9ff_1_5||3|0|13191998972550492|0|0
151|https://docs.google.com/presentation/d/1QMjMVsmMkqxMA9r-UGDEdqQpfkgFj901fAtXIWr-qAw/edit#slide=id.g4c17cd19ee_0_5||1|0|13191991221531433|0|0
152|https://www.google.com/search?q=cool+codes+for+python&oq=cool+code&aqs=chrome.4.69i57j0l5.9872j0j7&sourceid=chrome&ie=UTF-8|cool codes for python - Google Search|2|0|13192001157483492|0|0
153|http://usingpython.com/programs/|Awesome Python Programs|2|0|13192001153806313|0|0
154|http://usingpython.com/dl/animBanner.py||1|0|13192001123193912|0|0
155|https://www.quora.com/What-are-some-cool-Python-programs-that-require-less-than-50-lines-of-code|What are some cool Python programs that require less than 50 lines of code? - Quora|1|0|13192001162527863|0|0
156|http://code.activestate.com/recipes/578816-the-game-of-tic-tac-toe-in-python/|The Game of Tic Tac Toe in Python « Python recipes « ActiveState Code|1|0|13192001166002777|0|0
157|https://repl.it/@natangiassi/SmoothSimultaneousClient|Repl.it - SmoothSimultaneousClient|2|0|13192001333883301|0|0
158|https://ctf.compclub.com.au/invite/|CompClub 2019 Summer CTF|2|1|13192251943978255|0|0
159|https://ctf.compclub.com.au/|CompClub 2019 Summer CTF|3|0|13192251525319929|0|0
160|https://summer2019.compclub.com.au/day5|CompClub 2019 Summer Workshops|1|0|13192247655548341|0|0
161|https://docs.google.com/presentation/d/1kyRsC1-PMJu4UndE6psUHJHuTHX7W6cuYRod1jq3QJY|CSE CompClub 2019 Summer - Security Day - Google Slides|1|0|13192247660020805|0|0
162|https://docs.google.com/presentation/d/1kyRsC1-PMJu4UndE6psUHJHuTHX7W6cuYRod1jq3QJY/|CSE CompClub 2019 Summer - Security Day - Google Slides|1|0|13192247660020805|0|0
163|https://docs.google.com/presentation/d/1kyRsC1-PMJu4UndE6psUHJHuTHX7W6cuYRod1jq3QJY/edit|CSE CompClub 2019 Summer - Security Day - Google Slides|2|0|13192247660691313|0|0
164|https://docs.google.com/presentation/d/1kyRsC1-PMJu4UndE6psUHJHuTHX7W6cuYRod1jq3QJY/edit#slide=id.p1||1|0|13192247662468549|0|0
165|https://docs.google.com/presentation/d/1kyRsC1-PMJu4UndE6psUHJHuTHX7W6cuYRod1jq3QJY/edit#slide=id.p2||1|0|13192247666502126|0|0
166|https://docs.google.com/presentation/d/1kyRsC1-PMJu4UndE6psUHJHuTHX7W6cuYRod1jq3QJY/edit#slide=id.g4bf28a5cd4_0_6||1|0|13192247667480865|0|0
167|https://docs.google.com/presentation/d/1kyRsC1-PMJu4UndE6psUHJHuTHX7W6cuYRod1jq3QJY/edit#slide=id.g3d022b32ae_0_0||1|0|13192247667912904|0|0
168|https://docs.google.com/presentation/d/1kyRsC1-PMJu4UndE6psUHJHuTHX7W6cuYRod1jq3QJY/edit#slide=id.g3d022b32ae_0_5||3|0|13192248465316291|0|0
169|https://docs.google.com/presentation/d/1kyRsC1-PMJu4UndE6psUHJHuTHX7W6cuYRod1jq3QJY/edit#slide=id.p3||2|0|13192247694047529|0|0
170|https://docs.google.com/presentation/d/1kyRsC1-PMJu4UndE6psUHJHuTHX7W6cuYRod1jq3QJY/edit#slide=id.g4c07aed684_0_2||2|0|13192247678086213|0|0
171|https://docs.google.com/presentation/d/1kyRsC1-PMJu4UndE6psUHJHuTHX7W6cuYRod1jq3QJY/edit#slide=id.g4891b805bc_0_5||3|0|13192248463828584|0|0
172|https://docs.google.com/presentation/d/1kyRsC1-PMJu4UndE6psUHJHuTHX7W6cuYRod1jq3QJY/edit#slide=id.g4be45cc0c3_1_52||3|0|13192252038987805|0|0
173|https://repl.it/@natangiassi/GummyDetailedArguments|Repl.it - GummyDetailedArguments|2|0|13192247753186207|0|0
174|https://lh3.googleusercontent.com/6azf98KQoV9zlQ3u__wgkoMOseRpQnYb-mRQWelB1Y23sMNHeISMLIIPsDxtwtoZIYrDhSSA4zzt4b-cavUEmsVrrv6AGKlLfD9gOTJTXrze7rOm3GzwBlVTzyRCKaBn8d-fc09t=w2400|6azf98KQoV9zlQ3u__wgkoMOseRpQnYb-mRQWelB1Y23sMNHeISMLIIPsDxtwtoZIYrDhSSA4zzt4b-cavUEmsVrrv6AGKlLfD9gOTJTXrze7rOm3GzwBlVTzyRCKaBn8d-fc09t=w2400 (577×577)|1|0|13192247891552244|0|0
175|https://repl.it/logout|Repl.it - Log In|1|0|13192247977249993|0|0
176|https://repl.it/repls|https://repl.it/repls|10|0|13192252043627706|0|0
177|https://repl.it/login?goto=%2Frepls|Repl.it - Log In|2|0|13192247977544215|0|0
178|https://repl.it/@JorjaR/LesserSignifiedBeings|Repl.it - LesserSignifiedBeings|3|0|13192252048931252|0|0
179|https://docs.google.com/presentation/d/1kyRsC1-PMJu4UndE6psUHJHuTHX7W6cuYRod1jq3QJY/edit#slide=id.g4be45cc0c3_1_44||2|0|13192250706497130|0|0
180|https://summer2019.compclub.com.au/day2_solutions/food|Challenge Solutions: Multiple Food | CompClub 2019 Summer Workshops|1|0|13192248748904439|0|0
181|https://summer2019.compclub.com.au/day2_solutions/rainbow|Challenge Solutions: Rainbow Snake | CompClub 2019 Summer Workshops|1|0|13192248753159585|0|0
182|https://repl.it/@JorjaR/FirstProfuseExtension|Repl.it - FirstProfuseExtension|2|0|13192248905988910|0|0
183|https://firstprofuseextension--jorjar.repl.co/results||1|0|13192248923555080|1|0
184|https://www.google.com/search?q=ipstack&oq=ipstack&aqs=chrome..69i57j0l5.1584j0j7&sourceid=chrome&ie=UTF-8|ipstack - Google Search|1|0|13192249004644295|0|0
185|https://ipstack.com/|ipstack - Free IP Geolocation API|1|0|13192249007060524|0|0
186|https://repl.it/languages/html|Repl.it - AdoredHorizontalIdentifier|1|0|13192249108624055|0|0
187|https://repl.it/@JorjaR/AdoredHorizontalIdentifier|Repl.it - AdoredHorizontalIdentifier|2|0|13192249109813743|0|0
188|https://summer2019.compclub.com.au/day3|Day 3: Microbits! | CompClub 2019 Summer Workshops|1|0|13192249150448599|0|0
189|https://repl.it/@JorjaR/ChocolateDevotedPlan|Repl.it - ChocolateDevotedPlan|2|0|13192249182599997|0|0
190|https://www.google.com/search?q=python+input+function&oq=python+input+function&aqs=chrome..69i57j0l5.2592j0j7&sourceid=chrome&ie=UTF-8|python input function - Google Search|1|0|13192249308799465|0|0
191|https://www.python-course.eu/input.php|Python2 Tutorial: Keyboard Input|1|0|13192249314163450|0|0
192|https://ctf.compclub.com.au/invite?next=%2F|CompClub 2019 Summer CTF|1|0|13192251516663160|0|0
193|https://www.google.com/search?q=is+1+a+prime+number&oq=is+1+a+prime&aqs=chrome.0.0j69i57j0l4.1784j0j7&sourceid=chrome&ie=UTF-8|is 1 a prime number - Google Search|1|0|13192249877890751|0|0
194|https://www.google.com/search?q=sum+of+first+753+prime+numbers&oq=sum+of+first+753+prime+numbers&aqs=chrome..69i57.5880j0j7&sourceid=chrome&ie=UTF-8|sum of first 753 prime numbers - Google Search|1|0|13192250038259342|0|0
195|https://www.geeksforgeeks.org/sum-of-the-first-n-prime-numbers/|Sum of the first N Prime numbers - GeeksforGeeks|1|0|13192250041503735|0|0
196|https://www.youtube.com/watch?v=eaK5_eJRzmA|YouTube|4|0|13192250757243808|0|0
197|https://www.google.com/search?q=cookies&oq=cookies&aqs=chrome..69i57j0l5.1127j0j7&sourceid=chrome&ie=UTF-8|cookies - Google Search|1|0|13192250571341402|0|0
198|https://www.google.com/search?ei=yzNBXOCcDdf99QOC8qSoCQ&q=website+cookies&oq=website+cookies&gs_l=psy-ab.3..0i67j0l9.3697.5892..6013...0.0..0.212.2954.0j19j1......0....1..gws-wiz.....0..0i71j0i131j0i131i67.e2rNIJ55OOg|website cookies - Google Search|1|0|13192250578651475|0|0
199|http://www.whatarecookies.com/|What are Cookies - Computer Cookies - What is a Cookie|1|0|13192250587640883|0|0
200|https://docs.google.com/presentation/d/1kyRsC1-PMJu4UndE6psUHJHuTHX7W6cuYRod1jq3QJY/edit#slide=id.g4be45cc0c3_0_1||1|0|13192250707159764|0|0
201|https://docs.google.com/presentation/d/1kyRsC1-PMJu4UndE6psUHJHuTHX7W6cuYRod1jq3QJY/edit#slide=id.g4c07aed684_0_7||1|0|13192250707880181|0|0
202|https://docs.google.com/presentation/d/1kyRsC1-PMJu4UndE6psUHJHuTHX7W6cuYRod1jq3QJY/edit#slide=id.g4be45cc0c3_1_35||1|0|13192250708894743|0|0
203|https://www.google.com/search?q=9999999%2F4&oq=9999999%2F4&aqs=chrome..69i57j6.3040j0j7&sourceid=chrome&ie=UTF-8|9999999/4 - Google Search|1|0|13192250851260727|0|0
204|https://docs.google.com/presentation/d/1kyRsC1-PMJu4UndE6psUHJHuTHX7W6cuYRod1jq3QJY/edit#slide=id.g4be45cc0c3_1_59||3|0|13192251426975167|0|0
205|https://docs.google.com/presentation/d/1kyRsC1-PMJu4UndE6psUHJHuTHX7W6cuYRod1jq3QJY/edit#slide=id.g4be45cc0c3_1_68||4|0|13192251427558850|0|0
206|https://docs.google.com/presentation/d/1kyRsC1-PMJu4UndE6psUHJHuTHX7W6cuYRod1jq3QJY/edit#slide=id.g4be45cc0c3_1_85||4|0|13192252037548909|0|0
207|https://docs.google.com/presentation/d/1kyRsC1-PMJu4UndE6psUHJHuTHX7W6cuYRod1jq3QJY/edit#slide=id.g4c21576342_0_4||3|0|13192252037224935|0|0
208|https://docs.google.com/presentation/d/1kyRsC1-PMJu4UndE6psUHJHuTHX7W6cuYRod1jq3QJY/edit#slide=id.g542d65370a8faa59_11||1|0|13192251298408265|0|0
209|https://www.google.com/search?q=color+09090a&oq=09090a&aqs=chrome.1.69i57j0.1702j0j7&sourceid=chrome&ie=UTF-8|color 09090a - Google Search|1|0|13192251442644568|0|0
210|https://www.htmlcsscolor.com/hex/09090A|HEX color #09090A, Color name: Black Russian, RGB(9,9,10), Windows: 657673. - HTML CSS Color|1|0|13192251488298165|0|0
211|https://www.google.com/search?q=color+09090a&ei=MjdBXK60INL59QPPqLe4Cw&start=10&sa=N&ved=0ahUKEwiulfvjofbfAhXSfH0KHU_UDbcQ8tMDCHA&biw=1920&bih=983|color 09090a - Google Search|1|0|13192251541275068|0|0
212|https://www.google.com/search?q=color+09090a&ei=lTdBXLWEB4uv9QO70buwAg&start=0&sa=N&ved=0ahUKEwj1ovySovbfAhWLV30KHbvoDiY4ChDy0wMIXg&biw=1920&bih=983|color 09090a - Google Search|1|0|13192251552664768|0|0
213|https://www.google.com/search?ei=MjdBXK60INL59QPPqLe4Cw&q=color+%2309090A&oq=color+%2309090A&gs_l=psy-ab.3..0i22i30.3287.4934..6195...0.0..0.207.540.0j2j1......0....1..gws-wiz.......0i30.uGP_sDyW9do|color #09090A - Google Search|1|0|13192251559259162|0|0
214|https://www.google.com/search?q=2+%2B+2+is+four.+Add+again%2C+do+once+more.+Split+the+sight%2C+take+the+right%3F+What+number+am+I%3F&oq=2+%2B+2+is+four.+Add+again%2C+do+once+more.+Split+the+sight%2C+take+the+right%3F+What+number+am+I%3F&aqs=chrome..69i57.717j0j4&sourceid=chrome&ie=UTF-8|2 + 2 is four. Add again, do once more. Split the sight, take the right? What number am I? - Google Search|1|0|13192251793758320|0|0
215|https://www.google.com/search?q=su%2C&oq=su%2C&aqs=chrome..69i57j0l5.768j0j7&sourceid=chrome&ie=UTF-8|su, - Google Search|1|0|13192251917591019|0|0
216|https://www.google.com/search?q=how+to+interleave+in+python&oq=how+to+interleave+in+python&aqs=chrome..69i57j69i60l5.2576j0j7&sourceid=chrome&ie=UTF-8|how to interleave in python - Google Search|1|0|13192251999467810|0|0
217|https://gist.github.com/4481907|Interleaving string implemented in Python · GitHub|1|0|13192252006347084|0|0
218|https://gist.github.com/airekans/4481907|Interleaving string implemented in Python · GitHub|1|0|13192252006347084|0|0
219|https://docs.google.com/presentation/d/1kyRsC1-PMJu4UndE6psUHJHuTHX7W6cuYRod1jq3QJY/edit#slide=id.g4c0372a315_0_114||3|0|13192252031957817|0|0
220|https://docs.google.com/presentation/d/1kyRsC1-PMJu4UndE6psUHJHuTHX7W6cuYRod1jq3QJY/edit#slide=id.g4c0372a315_0_127||2|0|13192252031296661|0|0
221|https://docs.google.com/presentation/d/1kyRsC1-PMJu4UndE6psUHJHuTHX7W6cuYRod1jq3QJY/edit#slide=id.g4d923ccbc0_0_92||2|0|13192252029283001|0|0
222|https://docs.google.com/presentation/d/1kyRsC1-PMJu4UndE6psUHJHuTHX7W6cuYRod1jq3QJY/edit#slide=id.g4d8f0f26c2_0_17||1|0|13192252027158938|0|0
223|https://docs.google.com/presentation/d/1kyRsC1-PMJu4UndE6psUHJHuTHX7W6cuYRod1jq3QJY/edit#slide=id.g4d923ccbc0_0_115||1|0|13192252027749960|0|0
224|https://docs.google.com/presentation/d/1kyRsC1-PMJu4UndE6psUHJHuTHX7W6cuYRod1jq3QJY/edit#slide=id.g445c8f4c5882998c_2||1|0|13192252029943462|0|0
225|https://docs.google.com/presentation/d/1kyRsC1-PMJu4UndE6psUHJHuTHX7W6cuYRod1jq3QJY/edit#slide=id.g4c0372a315_0_109||1|0|13192252032455575|0|0
226|https://docs.google.com/presentation/d/1kyRsC1-PMJu4UndE6psUHJHuTHX7W6cuYRod1jq3QJY/edit#slide=id.g4c21576342_0_10||1|0|13192252033233460|0|0
227|https://docs.google.com/presentation/d/1kyRsC1-PMJu4UndE6psUHJHuTHX7W6cuYRod1jq3QJY/edit#slide=id.g542d65370a8faa59_3||2|0|13192252034748308|0|0
228|https://docs.google.com/presentation/d/1kyRsC1-PMJu4UndE6psUHJHuTHX7W6cuYRod1jq3QJY/edit#slide=id.g4c0372a315_0_123||1|0|13192252034355611|0|0
229|https://lh3.googleusercontent.com/swou8r_aaveXY-QRJexe7FLAIQ8WAgfAxjV33dRjs5gF3VqjC0h888QfY6lTD1-chfRG9CCR7VXXI-wUC8rn4wKSOMFyw2Pgm70ReLMMXjwp7uSUqRxUeI0SD6gX-AhCCdAiT_0k=s200-p-k|swou8r_aaveXY-QRJexe7FLAIQ8WAgfAxjV33dRjs5gF3VqjC0h888QfY6lTD1-chfRG9CCR7VXXI-wUC8rn4wKSOMFyw2Pgm70ReLMMXjwp7uSUqRxUeI0SD6gX-AhCCdAiT_0k=s200-p-k (200×200)|1|0|13192252112031673|0|0
