2019-01-07 02:59:33|https://www.mozilla.org/privacy/firefox/
2019-01-07 02:59:33|https://www.mozilla.org/en-US/privacy/firefox/
2019-01-07 02:59:44|http://aframe.io/
2019-01-07 02:59:46|https://aframe.io/
2019-01-07 02:59:54|https://aframe.io/examples/showcase/helloworld/
2019-01-07 02:59:56|https://glitch.com/~aframe
2019-01-07 03:00:22|https://glitch.com/edit/#!/remix/aframe
2019-01-07 03:00:24|https://glitch.com/edit/#!/
2019-01-07 03:00:24|https://glitch.com/edit/#!/fog-asterisk
2019-01-07 03:03:17|https://glitch.com/edit/#!/fog-asterisk?path=index.html:17:7
2019-01-07 03:03:18|https://fog-asterisk.glitch.me/
2019-01-07 03:08:13|https://fog-asterisk.glitch.me/
2019-01-07 03:14:26|https://glitch.com/edit/#!/fog-asterisk?path=index.html:12:59
2019-01-07 03:14:34|https://www.google.com/search?q=colour+codes&ie=utf-8&oe=utf-8&client=firefox-b-ab
2019-01-07 03:14:49|https://www.google.com/search?client=firefox-b-ab&ei=GsQyXJeeC5e5wAPPl47wBg&q=color+code+chart&oq=colour+codes&gs_l=psy-ab.1.0.0i71l8.0.0..14472...0.0..0.0.0.......0......gws-wiz._mpa3Rs8HIc
2019-01-07 03:14:53|https://www.google.com/search?client=firefox-b-ab&ei=KcQyXMm4I8jR-QaQk6PIDQ&q=html+color+codes+list&oq=color+code+chart&gs_l=psy-ab.1.0.0i71l8.0.0..2473...0.0..0.0.0.......0......gws-wiz.dfdwkvNXW7o
2019-01-07 03:14:57|https://htmlcolorcodes.com/
2019-01-07 03:15:15|https://fog-asterisk.glitch.me/
2019-01-07 03:15:38|https://fog-asterisk.glitch.me/
2019-01-07 03:15:39|https://fog-asterisk.glitch.me/
2019-01-07 03:15:41|https://fog-asterisk.glitch.me/
2019-01-07 03:15:43|https://glitch.com/edit/#!/fog-asterisk?path=index.html:17:7
2019-01-07 03:16:06|https://fog-asterisk.glitch.me/
2019-01-07 03:16:09|https://fog-asterisk.glitch.me/
2019-01-07 03:16:10|https://fog-asterisk.glitch.me/
2019-01-07 03:16:12|https://glitch.com/edit/#!/fog-asterisk?path=index.html:11:66
2019-01-07 03:16:44|https://fog-asterisk.glitch.me/
2019-01-07 03:16:47|https://glitch.com/edit/#!/fog-asterisk?path=index.html:12:65
2019-01-07 03:17:07|https://fog-asterisk.glitch.me/
2019-01-07 03:17:07|https://glitch.com/edit/#!/fog-asterisk?path=index.html:13:79
2019-01-07 03:17:33|https://fog-asterisk.glitch.me/
2019-01-07 03:17:35|https://fog-asterisk.glitch.me/
2019-01-07 03:17:36|https://fog-asterisk.glitch.me/
2019-01-07 03:17:37|https://fog-asterisk.glitch.me/
2019-01-07 03:17:38|https://fog-asterisk.glitch.me/
2019-01-07 03:17:41|https://fog-asterisk.glitch.me/
2019-01-07 03:17:42|https://fog-asterisk.glitch.me/
2019-01-07 03:17:43|https://fog-asterisk.glitch.me/
2019-01-07 03:17:48|https://fog-asterisk.glitch.me/
2019-01-07 03:17:49|https://fog-asterisk.glitch.me/
2019-01-07 03:17:54|https://fog-asterisk.glitch.me/
2019-01-07 03:17:56|https://fog-asterisk.glitch.me/
2019-01-07 03:17:58|https://fog-asterisk.glitch.me/
2019-01-07 03:17:59|https://fog-asterisk.glitch.me/
2019-01-07 03:18:00|https://fog-asterisk.glitch.me/
2019-01-07 03:18:04|https://fog-asterisk.glitch.me/
2019-01-07 03:18:06|https://fog-asterisk.glitch.me/
2019-01-07 03:18:07|https://fog-asterisk.glitch.me/
2019-01-07 03:18:08|https://fog-asterisk.glitch.me/
2019-01-07 03:18:10|https://fog-asterisk.glitch.me/
2019-01-07 03:18:10|https://fog-asterisk.glitch.me/
2019-01-07 03:18:11|https://fog-asterisk.glitch.me/
2019-01-07 03:18:12|https://fog-asterisk.glitch.me/
2019-01-07 03:18:13|https://fog-asterisk.glitch.me/
2019-01-07 03:18:14|https://fog-asterisk.glitch.me/
2019-01-07 03:18:15|https://fog-asterisk.glitch.me/
2019-01-07 03:18:19|https://fog-asterisk.glitch.me/
2019-01-07 03:18:21|https://fog-asterisk.glitch.me/
2019-01-07 03:18:25|https://fog-asterisk.glitch.me/
2019-01-07 03:18:36|https://glitch.com/edit/#!/fog-asterisk?path=index.html:15:28
2019-01-07 03:18:56|https://fog-asterisk.glitch.me/
2019-01-07 03:18:58|https://fog-asterisk.glitch.me/
2019-01-07 03:19:00|https://fog-asterisk.glitch.me/
2019-01-07 03:19:04|https://fog-asterisk.glitch.me/
2019-01-07 03:19:04|https://fog-asterisk.glitch.me/
2019-01-07 03:19:08|https://fog-asterisk.glitch.me/
2019-01-07 03:19:09|https://fog-asterisk.glitch.me/
2019-01-07 03:19:10|https://fog-asterisk.glitch.me/
2019-01-07 03:19:12|https://fog-asterisk.glitch.me/
2019-01-07 03:19:13|https://fog-asterisk.glitch.me/
2019-01-07 03:19:17|https://fog-asterisk.glitch.me/
2019-01-07 03:19:19|https://fog-asterisk.glitch.me/
2019-01-07 03:19:21|https://fog-asterisk.glitch.me/
2019-01-07 03:19:22|https://fog-asterisk.glitch.me/
2019-01-07 03:19:23|https://fog-asterisk.glitch.me/
2019-01-07 03:19:24|https://fog-asterisk.glitch.me/
2019-01-07 03:19:35|https://fog-asterisk.glitch.me/
2019-01-07 03:19:38|https://fog-asterisk.glitch.me/
2019-01-07 03:19:39|https://fog-asterisk.glitch.me/
2019-01-07 03:19:40|https://fog-asterisk.glitch.me/
2019-01-07 03:19:41|https://fog-asterisk.glitch.me/
2019-01-07 03:19:42|https://fog-asterisk.glitch.me/
2019-01-07 03:19:43|https://fog-asterisk.glitch.me/
2019-01-07 03:19:44|https://fog-asterisk.glitch.me/
2019-01-07 03:19:45|https://fog-asterisk.glitch.me/
2019-01-07 03:19:47|https://fog-asterisk.glitch.me/
2019-01-07 03:19:49|https://fog-asterisk.glitch.me/
2019-01-07 03:19:50|https://fog-asterisk.glitch.me/
2019-01-07 03:19:51|https://glitch.com/edit/#!/fog-asterisk?path=index.html:15:64
2019-01-07 03:20:17|https://fog-asterisk.glitch.me/
2019-01-07 03:20:21|https://fog-asterisk.glitch.me/
2019-01-07 03:20:30|https://fog-asterisk.glitch.me/
2019-01-07 03:20:32|https://fog-asterisk.glitch.me/
2019-01-07 03:20:35|https://glitch.com/edit/#!/fog-asterisk?path=index.html:15:78
2019-01-07 03:21:00|https://fog-asterisk.glitch.me/
2019-01-07 03:21:00|https://fog-asterisk.glitch.me/
2019-01-07 03:21:01|https://fog-asterisk.glitch.me/
2019-01-07 03:21:06|https://fog-asterisk.glitch.me/
2019-01-07 03:21:07|https://glitch.com/edit/#!/fog-asterisk?path=index.html:18:7
2019-01-07 03:22:01|https://fog-asterisk.glitch.me/
2019-01-07 03:22:37|https://fog-asterisk.glitch.me/
2019-01-07 03:22:38|https://fog-asterisk.glitch.me/
2019-01-07 03:22:43|https://fog-asterisk.glitch.me/
2019-01-07 03:23:32|https://glitch.com/edit/#!/fog-asterisk?path=index.html:15:25
2019-01-14 23:19:27|https://summer2019.compclub.com.au/day2
2019-01-14 23:19:43|https://trinket.io/features/pygame
2019-01-15 00:02:13|https://summer2019.compclub.com.au/day2
2019-01-15 00:02:16|https://docs.google.com/presentation/d/1QMjMVsmMkqxMA9r-UGDEdqQpfkgFj901fAtXIWr-qAw/edit?usp=sharing
2019-01-15 00:02:17|https://docs.google.com/presentation/d/1QMjMVsmMkqxMA9r-UGDEdqQpfkgFj901fAtXIWr-qAw/edit
2019-01-15 00:02:18|https://docs.google.com/presentation/d/1QMjMVsmMkqxMA9r-UGDEdqQpfkgFj901fAtXIWr-qAw/edit#slide=id.g337fd436a2_1_5
2019-01-15 00:02:22|https://docs.google.com/presentation/d/1QMjMVsmMkqxMA9r-UGDEdqQpfkgFj901fAtXIWr-qAw/edit#slide=id.g4c0ab1ffe2_0_11
2019-01-15 00:02:24|https://docs.google.com/presentation/d/1QMjMVsmMkqxMA9r-UGDEdqQpfkgFj901fAtXIWr-qAw/edit#slide=id.g4c0ab1ffe2_0_19
2019-01-15 00:02:26|https://docs.google.com/presentation/d/1QMjMVsmMkqxMA9r-UGDEdqQpfkgFj901fAtXIWr-qAw/edit#slide=id.g4c0ab1ffe2_0_11
2019-01-15 00:02:31|https://docs.google.com/presentation/d/1QMjMVsmMkqxMA9r-UGDEdqQpfkgFj901fAtXIWr-qAw/edit#slide=id.g4c0ab1ffe2_0_19
2019-01-15 00:03:43|https://docs.google.com/presentation/d/1QMjMVsmMkqxMA9r-UGDEdqQpfkgFj901fAtXIWr-qAw/edit#slide=id.g4c0ab1ffe2_0_27
2019-01-15 00:03:44|https://docs.google.com/presentation/d/1QMjMVsmMkqxMA9r-UGDEdqQpfkgFj901fAtXIWr-qAw/edit#slide=id.g4c0ab1ffe2_0_19
2019-01-15 00:04:51|https://docs.google.com/presentation/d/1QMjMVsmMkqxMA9r-UGDEdqQpfkgFj901fAtXIWr-qAw/edit#slide=id.g4c0ab1ffe2_0_27
2019-01-15 00:07:59|https://docs.google.com/presentation/d/1QMjMVsmMkqxMA9r-UGDEdqQpfkgFj901fAtXIWr-qAw/edit#slide=id.g4c0ab1ffe2_0_35
2019-01-15 00:08:08|https://docs.google.com/presentation/d/1QMjMVsmMkqxMA9r-UGDEdqQpfkgFj901fAtXIWr-qAw/edit#slide=id.g4c0ab1ffe2_0_27
2019-01-15 00:20:10|https://docs.google.com/presentation/d/1QMjMVsmMkqxMA9r-UGDEdqQpfkgFj901fAtXIWr-qAw/edit#slide=id.g4c0ab1ffe2_0_35
2019-01-15 00:21:54|https://docs.google.com/presentation/d/1QMjMVsmMkqxMA9r-UGDEdqQpfkgFj901fAtXIWr-qAw/edit#slide=id.g4c0ab1ffe2_0_43
2019-01-15 00:21:55|https://docs.google.com/presentation/d/1QMjMVsmMkqxMA9r-UGDEdqQpfkgFj901fAtXIWr-qAw/edit#slide=id.g4c0ab1ffe2_0_35
2019-01-15 00:21:58|https://docs.google.com/presentation/d/1QMjMVsmMkqxMA9r-UGDEdqQpfkgFj901fAtXIWr-qAw/edit#slide=id.g4c0ab1ffe2_0_43
2019-01-15 00:26:58|https://docs.google.com/presentation/d/1QMjMVsmMkqxMA9r-UGDEdqQpfkgFj901fAtXIWr-qAw/edit#slide=id.g4c0ab1ffe2_0_53
2019-01-15 00:30:03|https://docs.google.com/presentation/d/1QMjMVsmMkqxMA9r-UGDEdqQpfkgFj901fAtXIWr-qAw/edit#slide=id.g4c0ab1ffe2_0_62
2019-01-15 01:00:19|https://docs.google.com/presentation/d/1QMjMVsmMkqxMA9r-UGDEdqQpfkgFj901fAtXIWr-qAw/edit#slide=id.g4c0ab1ffe2_0_97
2019-01-15 01:00:26|https://docs.google.com/presentation/d/1QMjMVsmMkqxMA9r-UGDEdqQpfkgFj901fAtXIWr-qAw/edit#slide=id.g4c0ab1ffe2_0_62
2019-01-15 01:00:27|https://docs.google.com/presentation/d/1QMjMVsmMkqxMA9r-UGDEdqQpfkgFj901fAtXIWr-qAw/edit#slide=id.g4c0ab1ffe2_0_97
2019-01-15 01:06:02|https://docs.google.com/presentation/d/1QMjMVsmMkqxMA9r-UGDEdqQpfkgFj901fAtXIWr-qAw/edit#slide=id.g4c0ab1ffe2_0_71
2019-01-15 01:06:06|https://docs.google.com/presentation/d/1QMjMVsmMkqxMA9r-UGDEdqQpfkgFj901fAtXIWr-qAw/edit#slide=id.g4c0ab1ffe2_0_97
2019-01-15 01:09:34|https://docs.google.com/presentation/d/1QMjMVsmMkqxMA9r-UGDEdqQpfkgFj901fAtXIWr-qAw/edit#slide=id.g4c0ab1ffe2_0_71
2019-01-15 01:09:37|https://docs.google.com/presentation/d/1QMjMVsmMkqxMA9r-UGDEdqQpfkgFj901fAtXIWr-qAw/edit#slide=id.g4c0ab1ffe2_0_81
2019-01-15 01:09:38|https://docs.google.com/presentation/d/1QMjMVsmMkqxMA9r-UGDEdqQpfkgFj901fAtXIWr-qAw/edit#slide=id.g4c0ab1ffe2_0_71
2019-01-15 01:12:02|https://docs.google.com/presentation/d/1QMjMVsmMkqxMA9r-UGDEdqQpfkgFj901fAtXIWr-qAw/edit#slide=id.g4c0ab1ffe2_0_81
2019-01-15 01:13:37|https://docs.google.com/presentation/d/1QMjMVsmMkqxMA9r-UGDEdqQpfkgFj901fAtXIWr-qAw/edit#slide=id.g4c0ab1ffe2_0_71
2019-01-15 01:24:49|https://docs.google.com/presentation/d/1QMjMVsmMkqxMA9r-UGDEdqQpfkgFj901fAtXIWr-qAw/edit#slide=id.g4c0ab1ffe2_0_81
2019-01-15 01:24:53|https://docs.google.com/presentation/d/1QMjMVsmMkqxMA9r-UGDEdqQpfkgFj901fAtXIWr-qAw/edit#slide=id.g4c0ab1ffe2_0_89
2019-01-15 01:24:55|https://docs.google.com/presentation/d/1QMjMVsmMkqxMA9r-UGDEdqQpfkgFj901fAtXIWr-qAw/edit#slide=id.g4c0ab1ffe2_0_81
2019-01-15 01:24:58|https://docs.google.com/presentation/d/1QMjMVsmMkqxMA9r-UGDEdqQpfkgFj901fAtXIWr-qAw/edit#slide=id.g4c0ab1ffe2_0_89
2019-01-15 01:37:09|https://docs.google.com/presentation/d/1QMjMVsmMkqxMA9r-UGDEdqQpfkgFj901fAtXIWr-qAw/edit#slide=id.g4c17cd19ee_0_5
2019-01-15 01:37:32|https://docs.google.com/presentation/d/1QMjMVsmMkqxMA9r-UGDEdqQpfkgFj901fAtXIWr-qAw/edit#slide=id.g4c0ab1ffe2_0_89
2019-01-15 01:40:22|https://docs.google.com/presentation/d/1QMjMVsmMkqxMA9r-UGDEdqQpfkgFj901fAtXIWr-qAw/edit#slide=id.g4c0ab1ffe2_0_105
2019-01-15 01:51:18|https://docs.google.com/presentation/d/1QMjMVsmMkqxMA9r-UGDEdqQpfkgFj901fAtXIWr-qAw/edit#slide=id.g4c0ab1ffe2_0_89
2019-01-15 01:51:21|https://docs.google.com/presentation/d/1QMjMVsmMkqxMA9r-UGDEdqQpfkgFj901fAtXIWr-qAw/edit#slide=id.g4c0ab1ffe2_0_105
2019-01-15 01:51:21|https://docs.google.com/presentation/d/1QMjMVsmMkqxMA9r-UGDEdqQpfkgFj901fAtXIWr-qAw/edit#slide=id.g4747f2f9ff_1_5
2019-01-15 01:51:23|https://docs.google.com/presentation/d/1QMjMVsmMkqxMA9r-UGDEdqQpfkgFj901fAtXIWr-qAw/edit#slide=id.g4c0ab1ffe2_0_105
2019-01-15 02:07:56|https://www.google.com/search?q=turtle+pen.write&ie=utf-8&oe=utf-8&client=firefox-b-ab
2019-01-15 02:08:05|https://docs.python.org/3.3/library/turtle.html?highlight=turtle
2019-01-15 02:08:49|https://docs.python.org/3.3/library/turtle.html?highlight=turtle#turtle.write
2019-01-15 03:55:14|https://docs.google.com/presentation/d/1QMjMVsmMkqxMA9r-UGDEdqQpfkgFj901fAtXIWr-qAw/edit#slide=id.g4747f2f9ff_1_5
2019-01-15 03:55:16|https://docs.google.com/presentation/d/1QMjMVsmMkqxMA9r-UGDEdqQpfkgFj901fAtXIWr-qAw/edit#slide=id.g4c17cd19ee_0_5
2019-01-15 03:55:17|https://docs.google.com/presentation/d/1QMjMVsmMkqxMA9r-UGDEdqQpfkgFj901fAtXIWr-qAw/edit#slide=id.g4c0ab1ffe2_0_105
2019-01-15 03:55:19|https://docs.google.com/presentation/d/1QMjMVsmMkqxMA9r-UGDEdqQpfkgFj901fAtXIWr-qAw/edit#slide=id.g4c17cd19ee_0_5
2019-01-15 04:57:34|https://www.google.com/search?q=turtle+pen.write&ie=utf-8&oe=utf-8&client=firefox-b-ab
2019-01-15 04:57:41|https://www.google.com/search?client=firefox-b-ab&ei=Pmg9XMP6DcGo9QOs7ZeAAg&q=gmail&oq=gmail&gs_l=psy-ab.1.0.0i131i67j0i131j0j0i131l3j0j0i131j0j0i131.1386.3317..6042...0.0..0.185.763.0j5......0....1..gws-wiz.....0.xFnvbHCb1yc
2019-01-15 04:57:43|https://www.google.com/gmail/
2019-01-15 04:57:44|https://mail.google.com/mail/
2019-01-15 04:57:44|https://accounts.google.com/ServiceLogin?service=mail&passive=true&rm=false&continue=https://mail.google.com/mail/&ss=1&scc=1&ltmpl=default&ltmplcache=2&emr=1&osid=1#
2019-01-15 04:57:44|https://mail.google.com/intl/en-GB/mail/help/about.html
2019-01-15 04:57:44|https://www.google.com/intl/en-GB/mail/help/about.html
2019-01-15 04:57:44|https://www.google.com/intl/en-GB/gmail/about/
2019-01-15 04:57:54|https://accounts.google.com/AccountChooser?service=mail&continue=https://mail.google.com/mail/
2019-01-15 04:57:54|https://accounts.google.com/ServiceLogin?continue=https%3A%2F%2Fmail.google.com%2Fmail%2F&service=mail&sacu=1&rip=1
2019-01-15 04:57:55|https://accounts.google.com/signin/v2/identifier?continue=https%3A%2F%2Fmail.google.com%2Fmail%2F&service=mail&sacu=1&rip=1&flowName=GlifWebSignIn&flowEntry=ServiceLogin
2019-01-15 04:58:06|https://accounts.google.com/signin/v2/sl/pwd?continue=https%3A%2F%2Fmail.google.com%2Fmail%2F&service=mail&sacu=1&rip=1&flowName=GlifWebSignIn&flowEntry=ServiceLogin&cid=1&navigationDirection=forward
2019-01-15 04:58:25|https://accounts.google.com/signin/v2/challenge/az?continue=https%3A%2F%2Fmail.google.com%2Fmail%2F&service=mail&sacu=1&rip=1&flowName=GlifWebSignIn&flowEntry=ServiceLogin&cid=2&navigationDirection=forward&TL=AHnYQLzVMyCPEtsK_V6afItkc3EELsjRHOpelnFKMZpBi8-4IE3YPfVmC76utbFnBN0RebI2F6c7ANnYLJJi-TnkKvYM-3QPABXb9RZooFeup74VkXrNFWDCKrS1z1FzW6hXVqtsn0q0rGAS8HXYN48x3HGtKNsjy6PiSqbXao4d9aaoO7aLWxo
2019-01-15 04:58:32|https://accounts.google.com/signin/v2/challenge/selection?continue=https%3A%2F%2Fmail.google.com%2Fmail%2F&service=mail&sacu=1&rip=1&flowName=GlifWebSignIn&flowEntry=ServiceLogin&cid=2&navigationDirection=forward&TL=AHnYQLwDcMtRtC12XHo0KztJ0hfzPC4QRoxT_uG56dkZJsLqEPe8fL5z-f7hGUgLANomYQjYCwZ98NJjDRHKWb0ls-SE9fqFgp2d6O33fRW6h0Bgv5sPalPYZvcKP_l4DWQYou195j-GmbGJY4KP_Ul1emkd2lwsD3gPLn_rpYja1_SXTgzcPuQ&lid=2
2019-01-15 04:59:19|http://repl.it/languages/python3
2019-01-15 04:59:21|https://repl.it/languages/python3
2019-01-15 04:59:22|https://repl.it/repls/PreviousIndelibleHypercard
2019-01-15 05:00:12|https://repl.it/@JorjaR/PreviousIndelibleHypercard
2019-01-15 05:00:46|https://repl.it/@JorjaR/PreviousIndelibleHypercard/history
2019-01-15 05:00:46|https://repl.it/@JorjaR/PreviousIndelibleHypercard/history?slug=PreviousIndelibleHypercard
2019-01-15 05:00:51|https://repl.it/repls
2019-01-15 05:00:56|https://repl.it/@JorjaR/PreviousIndelibleHypercard
2019-01-15 23:11:24|https://summer2019.compclub.com.au/day2
2019-01-15 23:11:52|https://summer2019.compclub.com.au/
2019-01-15 23:12:01|https://summer2019.compclub.com.au/day3
2019-01-15 23:12:04|https://docs.google.com/presentation/d/14BvJKEm9pyPOfLtZMkCAMwwwF6nVjmo8G5C3P7PULuw/edit#slide=id.g337fd436a2_1_5
2019-01-15 23:12:07|https://docs.google.com/presentation/d/14BvJKEm9pyPOfLtZMkCAMwwwF6nVjmo8G5C3P7PULuw/edit#slide=id.p
2019-01-15 23:12:08|https://docs.google.com/presentation/d/14BvJKEm9pyPOfLtZMkCAMwwwF6nVjmo8G5C3P7PULuw/edit#slide=id.g4c0710682e_0_15
2019-01-15 23:12:14|https://docs.google.com/presentation/d/14BvJKEm9pyPOfLtZMkCAMwwwF6nVjmo8G5C3P7PULuw/edit#slide=id.g4c0710682e_0_22
2019-01-15 23:12:20|https://docs.google.com/presentation/d/14BvJKEm9pyPOfLtZMkCAMwwwF6nVjmo8G5C3P7PULuw/edit#slide=id.g4c0710682e_0_29
2019-01-15 23:12:25|https://docs.google.com/presentation/d/14BvJKEm9pyPOfLtZMkCAMwwwF6nVjmo8G5C3P7PULuw/edit#slide=id.g4c0710682e_0_22
2019-01-15 23:12:28|https://docs.google.com/presentation/d/14BvJKEm9pyPOfLtZMkCAMwwwF6nVjmo8G5C3P7PULuw/edit#slide=id.g4c0710682e_0_36
2019-01-15 23:12:47|http://python.microbit.org/
2019-01-15 23:12:48|https://python.microbit.org/
2019-01-15 23:12:48|https://python.microbit.org/v/1.1
2019-01-15 23:13:02|https://python-editor-1-1-2.microbit.org/#
2019-01-15 23:23:43|https://python-editor-1-1-2.microbit.org/#
2019-01-15 23:23:50|https://python-editor-1-1-2.microbit.org/#
2019-01-15 23:25:32|https://www.google.com/search?q=bbc+microbit&ie=utf-8&oe=utf-8&client=firefox-b
2019-01-15 23:25:34|http://microbit.org/
2019-01-15 23:25:34|https://microbit.org/
2019-01-15 23:25:39|https://microbit.org/code/
2019-01-15 23:25:47|https://microbit.org/ideas/
2019-01-15 23:25:58|http://microbit-challenges.readthedocs.io/en/latest/tutorials/getting_started.html
2019-01-15 23:25:59|https://microbit-challenges.readthedocs.io/en/latest/tutorials/getting_started.html
2019-01-15 23:26:28|https://microbit.org/guide/python
2019-01-15 23:26:28|https://microbit.org/guide/python/
2019-01-15 23:26:33|http://microbit-micropython.readthedocs.org/en/latest/tutorials/images.html
2019-01-15 23:26:33|http://microbit-micropython.readthedocs.io/en/latest/tutorials/images.html
2019-01-15 23:26:34|https://microbit-micropython.readthedocs.io/en/latest/tutorials/images.html
2019-01-15 23:27:48|https://www.google.com/search?q=bbc+microbit+buttons&ie=utf-8&oe=utf-8&client=firefox-b-ab
2019-01-15 23:27:49|https://microbit-micropython.readthedocs.io/en/latest/tutorials/buttons.html
2019-01-15 23:31:14|https://python-editor-1-1-2.microbit.org/#
2019-01-15 23:34:13|https://docs.google.com/presentation/d/14BvJKEm9pyPOfLtZMkCAMwwwF6nVjmo8G5C3P7PULuw/edit#slide=id.g4c0710682e_0_43
2019-01-15 23:34:15|https://docs.google.com/presentation/d/14BvJKEm9pyPOfLtZMkCAMwwwF6nVjmo8G5C3P7PULuw/edit#slide=id.g4c0710682e_0_83
2019-01-15 23:34:16|https://docs.google.com/presentation/d/14BvJKEm9pyPOfLtZMkCAMwwwF6nVjmo8G5C3P7PULuw/edit#slide=id.g4c0710682e_0_92
2019-01-15 23:34:16|https://docs.google.com/presentation/d/14BvJKEm9pyPOfLtZMkCAMwwwF6nVjmo8G5C3P7PULuw/edit#slide=id.g4c0710682e_0_102
2019-01-15 23:34:17|https://docs.google.com/presentation/d/14BvJKEm9pyPOfLtZMkCAMwwwF6nVjmo8G5C3P7PULuw/edit#slide=id.g4c0710682e_0_63
2019-01-15 23:34:18|https://docs.google.com/presentation/d/14BvJKEm9pyPOfLtZMkCAMwwwF6nVjmo8G5C3P7PULuw/edit#slide=id.g4d695ae937_0_0
2019-01-15 23:34:20|https://docs.google.com/presentation/d/14BvJKEm9pyPOfLtZMkCAMwwwF6nVjmo8G5C3P7PULuw/edit#slide=id.g4d695ae937_0_8
2019-01-15 23:34:21|https://docs.google.com/presentation/d/14BvJKEm9pyPOfLtZMkCAMwwwF6nVjmo8G5C3P7PULuw/edit#slide=id.g4d695ae937_0_16
2019-01-15 23:34:23|https://docs.google.com/presentation/d/14BvJKEm9pyPOfLtZMkCAMwwwF6nVjmo8G5C3P7PULuw/edit#slide=id.g4d695ae937_0_23
2019-01-15 23:34:29|https://docs.google.com/presentation/d/14BvJKEm9pyPOfLtZMkCAMwwwF6nVjmo8G5C3P7PULuw/edit#slide=id.g4d695ae937_0_16
2019-01-15 23:34:30|https://docs.google.com/presentation/d/14BvJKEm9pyPOfLtZMkCAMwwwF6nVjmo8G5C3P7PULuw/edit#slide=id.g4d695ae937_0_29
2019-01-15 23:34:32|https://docs.google.com/presentation/d/14BvJKEm9pyPOfLtZMkCAMwwwF6nVjmo8G5C3P7PULuw/edit#slide=id.g4c0710682e_0_119
2019-01-15 23:34:33|https://docs.google.com/presentation/d/14BvJKEm9pyPOfLtZMkCAMwwwF6nVjmo8G5C3P7PULuw/edit#slide=id.g4c0710682e_0_128
2019-01-15 23:34:43|https://docs.google.com/presentation/d/14BvJKEm9pyPOfLtZMkCAMwwwF6nVjmo8G5C3P7PULuw/edit#slide=id.g4c0710682e_0_135
2019-01-15 23:35:04|https://docs.google.com/presentation/d/14BvJKEm9pyPOfLtZMkCAMwwwF6nVjmo8G5C3P7PULuw/edit#slide=id.g4c0710682e_0_143
2019-01-15 23:35:14|https://docs.google.com/presentation/d/14BvJKEm9pyPOfLtZMkCAMwwwF6nVjmo8G5C3P7PULuw/edit#slide=id.g4c0710682e_0_135
2019-01-15 23:35:14|https://docs.google.com/presentation/d/14BvJKEm9pyPOfLtZMkCAMwwwF6nVjmo8G5C3P7PULuw/edit#slide=id.g4c0710682e_0_128
2019-01-15 23:35:15|https://docs.google.com/presentation/d/14BvJKEm9pyPOfLtZMkCAMwwwF6nVjmo8G5C3P7PULuw/edit#slide=id.g4c0710682e_0_135
2019-01-15 23:35:17|https://docs.google.com/presentation/d/14BvJKEm9pyPOfLtZMkCAMwwwF6nVjmo8G5C3P7PULuw/edit#slide=id.g4d695ae937_0_16
2019-01-15 23:36:40|https://docs.google.com/presentation/d/14BvJKEm9pyPOfLtZMkCAMwwwF6nVjmo8G5C3P7PULuw/edit#slide=id.g4c0710682e_0_124
2019-01-15 23:36:41|https://docs.google.com/presentation/d/14BvJKEm9pyPOfLtZMkCAMwwwF6nVjmo8G5C3P7PULuw/edit#slide=id.g4c0710682e_0_150
2019-01-15 23:36:46|https://docs.google.com/presentation/d/14BvJKEm9pyPOfLtZMkCAMwwwF6nVjmo8G5C3P7PULuw/edit#slide=id.g4c0710682e_0_143
2019-01-15 23:36:47|https://docs.google.com/presentation/d/14BvJKEm9pyPOfLtZMkCAMwwwF6nVjmo8G5C3P7PULuw/edit#slide=id.g4c0710682e_0_135
2019-01-15 23:37:23|https://docs.google.com/presentation/d/14BvJKEm9pyPOfLtZMkCAMwwwF6nVjmo8G5C3P7PULuw/edit#slide=id.g4c0710682e_0_119
2019-01-15 23:37:24|https://docs.google.com/presentation/d/14BvJKEm9pyPOfLtZMkCAMwwwF6nVjmo8G5C3P7PULuw/edit#slide=id.g4c0710682e_0_150
2019-01-15 23:37:25|https://docs.google.com/presentation/d/14BvJKEm9pyPOfLtZMkCAMwwwF6nVjmo8G5C3P7PULuw/edit#slide=id.g4c0710682e_0_143
2019-01-15 23:37:25|https://docs.google.com/presentation/d/14BvJKEm9pyPOfLtZMkCAMwwwF6nVjmo8G5C3P7PULuw/edit#slide=id.g4c0710682e_0_124
2019-01-15 23:37:26|https://docs.google.com/presentation/d/14BvJKEm9pyPOfLtZMkCAMwwwF6nVjmo8G5C3P7PULuw/edit#slide=id.g4c0710682e_0_150
2019-01-15 23:37:26|https://docs.google.com/presentation/d/14BvJKEm9pyPOfLtZMkCAMwwwF6nVjmo8G5C3P7PULuw/edit#slide=id.g4c0710682e_0_161
2019-01-15 23:37:26|https://docs.google.com/presentation/d/14BvJKEm9pyPOfLtZMkCAMwwwF6nVjmo8G5C3P7PULuw/edit#slide=id.g4c0710682e_0_168
2019-01-15 23:37:27|https://docs.google.com/presentation/d/14BvJKEm9pyPOfLtZMkCAMwwwF6nVjmo8G5C3P7PULuw/edit#slide=id.g4c0710682e_0_161
2019-01-15 23:37:40|https://summer2019.compclub.com.au/day3_templates/morse_code_template.html
2019-01-15 23:45:56|https://python-editor-1-1-2.microbit.org/#
2019-01-15 23:46:51|https://python-editor-1-1-2.microbit.org/#
2019-01-15 23:48:05|https://python-editor-1-1-2.microbit.org/#
2019-01-15 23:50:09|https://python-editor-1-1-2.microbit.org/#
2019-01-15 23:51:20|https://python-editor-1-1-2.microbit.org/#
2019-01-15 23:52:56|https://python-editor-1-1-2.microbit.org/#
2019-01-15 23:55:48|https://python-editor-1-1-2.microbit.org/#
2019-01-15 23:58:52|https://python-editor-1-1-2.microbit.org/#
2019-01-16 00:01:43|https://python-editor-1-1-2.microbit.org/#
2019-01-16 00:02:34|https://python-editor-1-1-2.microbit.org/#
2019-01-16 00:14:37|https://microbit-micropython.readthedocs.io/en/latest/tutorials/music.html
2019-01-16 00:14:40|https://microbit-micropython.readthedocs.io/en/latest/tutorials/music.html#wolfgang-amadeus-microbit
2019-01-16 00:16:44|https://python-editor-1-1-2.microbit.org/#
2019-01-16 00:17:53|https://python-editor-1-1-2.microbit.org/#
2019-01-16 00:18:54|https://python-editor-1-1-2.microbit.org/#
2019-01-16 00:44:54|https://docs.google.com/presentation/d/14BvJKEm9pyPOfLtZMkCAMwwwF6nVjmo8G5C3P7PULuw/edit#slide=id.g4c0710682e_0_124
2019-01-16 00:44:55|https://docs.google.com/presentation/d/14BvJKEm9pyPOfLtZMkCAMwwwF6nVjmo8G5C3P7PULuw/edit#slide=id.g4c0710682e_0_150
2019-01-16 00:45:39|https://docs.google.com/presentation/d/14BvJKEm9pyPOfLtZMkCAMwwwF6nVjmo8G5C3P7PULuw/edit#slide=id.g4c0710682e_0_161
2019-01-16 00:45:49|https://docs.google.com/presentation/d/14BvJKEm9pyPOfLtZMkCAMwwwF6nVjmo8G5C3P7PULuw/edit#slide=id.g4c0710682e_0_150
2019-01-16 00:47:53|https://docs.google.com/presentation/d/14BvJKEm9pyPOfLtZMkCAMwwwF6nVjmo8G5C3P7PULuw/edit#slide=id.g4c0710682e_0_161
2019-01-16 00:47:55|https://docs.google.com/presentation/d/14BvJKEm9pyPOfLtZMkCAMwwwF6nVjmo8G5C3P7PULuw/edit#slide=id.g4c0710682e_0_168
2019-01-16 00:48:13|https://docs.google.com/presentation/d/14BvJKEm9pyPOfLtZMkCAMwwwF6nVjmo8G5C3P7PULuw/edit#slide=id.g4c0710682e_0_175
2019-01-16 00:48:19|https://docs.google.com/presentation/d/14BvJKEm9pyPOfLtZMkCAMwwwF6nVjmo8G5C3P7PULuw/edit#slide=id.g4c0710682e_0_181
2019-01-16 00:48:36|https://docs.google.com/presentation/d/14BvJKEm9pyPOfLtZMkCAMwwwF6nVjmo8G5C3P7PULuw/edit#slide=id.g4c0710682e_0_189
2019-01-16 00:48:37|https://docs.google.com/presentation/d/14BvJKEm9pyPOfLtZMkCAMwwwF6nVjmo8G5C3P7PULuw/edit#slide=id.g4c0710682e_0_195
2019-01-16 00:48:38|https://docs.google.com/presentation/d/14BvJKEm9pyPOfLtZMkCAMwwwF6nVjmo8G5C3P7PULuw/edit#slide=id.g337fd436a2_1_0
2019-01-16 00:48:40|https://docs.google.com/presentation/d/14BvJKEm9pyPOfLtZMkCAMwwwF6nVjmo8G5C3P7PULuw/edit#slide=id.g4c0710682e_0_181
2019-01-16 00:48:41|https://docs.google.com/presentation/d/14BvJKEm9pyPOfLtZMkCAMwwwF6nVjmo8G5C3P7PULuw/edit#slide=id.g337fd436a2_1_0
2019-01-16 00:48:59|https://docs.google.com/presentation/d/14BvJKEm9pyPOfLtZMkCAMwwwF6nVjmo8G5C3P7PULuw/edit#slide=id.g4c0710682e_0_210
2019-01-16 00:49:07|https://docs.google.com/presentation/d/14BvJKEm9pyPOfLtZMkCAMwwwF6nVjmo8G5C3P7PULuw/edit#slide=id.g4c0710682e_0_217
2019-01-16 00:49:15|https://docs.google.com/presentation/d/14BvJKEm9pyPOfLtZMkCAMwwwF6nVjmo8G5C3P7PULuw/edit#slide=id.g4d6b884a15_2_1
2019-01-16 00:49:17|https://docs.google.com/presentation/d/14BvJKEm9pyPOfLtZMkCAMwwwF6nVjmo8G5C3P7PULuw/edit#slide=id.g4c0710682e_0_195
2019-01-16 00:49:18|https://docs.google.com/presentation/d/14BvJKEm9pyPOfLtZMkCAMwwwF6nVjmo8G5C3P7PULuw/edit#slide=id.g337fd436a2_1_0
2019-01-16 00:49:18|https://docs.google.com/presentation/d/14BvJKEm9pyPOfLtZMkCAMwwwF6nVjmo8G5C3P7PULuw/edit#slide=id.g4c0710682e_0_189
2019-01-16 00:49:18|https://docs.google.com/presentation/d/14BvJKEm9pyPOfLtZMkCAMwwwF6nVjmo8G5C3P7PULuw/edit#slide=id.g4c0710682e_0_181
2019-01-16 00:49:28|https://docs.google.com/presentation/d/14BvJKEm9pyPOfLtZMkCAMwwwF6nVjmo8G5C3P7PULuw/edit#slide=id.g4c0710682e_0_168
2019-01-16 00:49:29|https://docs.google.com/presentation/d/14BvJKEm9pyPOfLtZMkCAMwwwF6nVjmo8G5C3P7PULuw/edit#slide=id.g4c0710682e_0_161
2019-01-16 00:49:30|https://docs.google.com/presentation/d/14BvJKEm9pyPOfLtZMkCAMwwwF6nVjmo8G5C3P7PULuw/edit#slide=id.g4c0710682e_0_150
2019-01-16 00:50:03|https://docs.google.com/presentation/d/14BvJKEm9pyPOfLtZMkCAMwwwF6nVjmo8G5C3P7PULuw/edit#slide=id.g4c0710682e_0_161
2019-01-16 00:50:03|https://docs.google.com/presentation/d/14BvJKEm9pyPOfLtZMkCAMwwwF6nVjmo8G5C3P7PULuw/edit#slide=id.g4c0710682e_0_124
2019-01-16 00:50:04|https://docs.google.com/presentation/d/14BvJKEm9pyPOfLtZMkCAMwwwF6nVjmo8G5C3P7PULuw/edit#slide=id.g4c0710682e_0_168
2019-01-16 00:50:04|https://docs.google.com/presentation/d/14BvJKEm9pyPOfLtZMkCAMwwwF6nVjmo8G5C3P7PULuw/edit#slide=id.g4c0710682e_0_175
2019-01-16 00:50:05|https://docs.google.com/presentation/d/14BvJKEm9pyPOfLtZMkCAMwwwF6nVjmo8G5C3P7PULuw/edit#slide=id.g4c0710682e_0_181
2019-01-16 00:50:10|https://summer2019.compclub.com.au/day3_templates/reaction_timer_template.html
2019-01-16 00:51:32|https://summer2019.compclub.com.au/day3_templates/reaction_timer_template.html
2019-01-16 00:58:05|https://docs.google.com/presentation/d/14BvJKEm9pyPOfLtZMkCAMwwwF6nVjmo8G5C3P7PULuw/edit#slide=id.g4c0710682e_0_168
2019-01-16 00:58:05|https://docs.google.com/presentation/d/14BvJKEm9pyPOfLtZMkCAMwwwF6nVjmo8G5C3P7PULuw/edit#slide=id.g4c0710682e_0_175
2019-01-16 00:58:06|https://docs.google.com/presentation/d/14BvJKEm9pyPOfLtZMkCAMwwwF6nVjmo8G5C3P7PULuw/edit#slide=id.g4c0710682e_0_168
2019-01-16 00:58:08|https://docs.google.com/presentation/d/14BvJKEm9pyPOfLtZMkCAMwwwF6nVjmo8G5C3P7PULuw/edit#slide=id.g4c0710682e_0_161
2019-01-16 00:58:10|https://docs.google.com/presentation/d/14BvJKEm9pyPOfLtZMkCAMwwwF6nVjmo8G5C3P7PULuw/edit#slide=id.g4c0710682e_0_124
2019-01-16 00:58:10|https://docs.google.com/presentation/d/14BvJKEm9pyPOfLtZMkCAMwwwF6nVjmo8G5C3P7PULuw/edit#slide=id.g4c0710682e_0_150
2019-01-16 01:01:58|https://python-editor-1-1-2.microbit.org/#
2019-01-16 01:07:30|https://python-editor-1-1-2.microbit.org/#
2019-01-16 01:10:01|https://python-editor-1-1-2.microbit.org/#
2019-01-16 01:11:41|https://python-editor-1-1-2.microbit.org/#
2019-01-16 01:12:13|https://microbit-micropython.readthedocs.io/en/latest/tutorials/music.html#wolfgang-amadeus-microbit
2019-01-16 01:12:14|https://microbit-micropython.readthedocs.io/en/latest/tutorials/music.html#wolfgang-amadeus-microbit
2019-01-16 01:16:11|https://python-editor-1-1-2.microbit.org/#
2019-01-16 01:16:29|https://python-editor-1-1-2.microbit.org/#
2019-01-16 01:16:55|https://python-editor-1-1-2.microbit.org/#
2019-01-16 01:24:29|https://python-editor-1-1-2.microbit.org/#
2019-01-16 01:27:11|https://python-editor-1-1-2.microbit.org/#
2019-01-16 01:28:16|https://python-editor-1-1-2.microbit.org/#
2019-01-16 01:33:45|https://www.google.com/search?q=unsw+handbook+actuarial+studies+science&ie=utf-8&oe=utf-8&client=firefox-b-ab
2019-01-16 01:33:47|http://legacy.handbook.unsw.edu.au/undergraduate/programs/2017/3154.html
2019-01-16 01:38:54|https://docs.google.com/presentation/d/14BvJKEm9pyPOfLtZMkCAMwwwF6nVjmo8G5C3P7PULuw/edit#slide=id.g4c0710682e_0_195
2019-01-16 01:38:54|https://docs.google.com/presentation/d/14BvJKEm9pyPOfLtZMkCAMwwwF6nVjmo8G5C3P7PULuw/edit#slide=id.g337fd436a2_1_0
2019-01-16 01:39:12|https://docs.google.com/presentation/d/14BvJKEm9pyPOfLtZMkCAMwwwF6nVjmo8G5C3P7PULuw/edit#slide=id.g4c0710682e_0_210
2019-01-16 01:39:13|https://docs.google.com/presentation/d/14BvJKEm9pyPOfLtZMkCAMwwwF6nVjmo8G5C3P7PULuw/edit#slide=id.g337fd436a2_1_0
2019-01-16 01:39:13|https://docs.google.com/presentation/d/14BvJKEm9pyPOfLtZMkCAMwwwF6nVjmo8G5C3P7PULuw/edit#slide=id.g4c0710682e_0_210
2019-01-16 01:39:14|https://docs.google.com/presentation/d/14BvJKEm9pyPOfLtZMkCAMwwwF6nVjmo8G5C3P7PULuw/edit#slide=id.g337fd436a2_1_0
2019-01-16 01:39:15|https://docs.google.com/presentation/d/14BvJKEm9pyPOfLtZMkCAMwwwF6nVjmo8G5C3P7PULuw/edit#slide=id.g4c0710682e_0_195
2019-01-16 01:39:16|https://docs.google.com/presentation/d/14BvJKEm9pyPOfLtZMkCAMwwwF6nVjmo8G5C3P7PULuw/edit#slide=id.g337fd436a2_1_0
2019-01-16 01:42:46|https://docs.google.com/presentation/d/14BvJKEm9pyPOfLtZMkCAMwwwF6nVjmo8G5C3P7PULuw/edit#slide=id.g4c0710682e_0_195
2019-01-16 01:42:46|https://docs.google.com/presentation/d/14BvJKEm9pyPOfLtZMkCAMwwwF6nVjmo8G5C3P7PULuw/edit#slide=id.g4c0710682e_0_210
2019-01-16 01:42:47|https://docs.google.com/presentation/d/14BvJKEm9pyPOfLtZMkCAMwwwF6nVjmo8G5C3P7PULuw/edit#slide=id.g4c0710682e_0_189
2019-01-16 01:52:55|http://mail.google.com/
2019-01-16 01:52:56|https://mail.google.com/
2019-01-16 01:52:56|https://mail.google.com/mail/
2019-01-16 01:52:56|https://accounts.google.com/ServiceLogin?service=mail&passive=true&rm=false&continue=https://mail.google.com/mail/&ss=1&scc=1&ltmpl=default&ltmplcache=2&emr=1&osid=1#
2019-01-16 01:52:56|https://mail.google.com/intl/en-GB/mail/help/about.html
2019-01-16 01:52:56|https://www.google.com/intl/en-GB/mail/help/about.html
2019-01-16 01:52:57|https://www.google.com/intl/en-GB/gmail/about/
2019-01-16 01:52:59|https://accounts.google.com/AccountChooser?service=mail&continue=https://mail.google.com/mail/
2019-01-16 01:52:59|https://accounts.google.com/ServiceLogin?continue=https%3A%2F%2Fmail.google.com%2Fmail%2F&service=mail&sacu=1&rip=1
2019-01-16 01:53:00|https://accounts.google.com/signin/v2/identifier?continue=https%3A%2F%2Fmail.google.com%2Fmail%2F&service=mail&sacu=1&rip=1&flowName=GlifWebSignIn&flowEntry=ServiceLogin
2019-01-16 01:57:02|https://python-editor-1-1-2.microbit.org/#
2019-01-16 01:58:13|https://python-editor-1-1-2.microbit.org/#
2019-01-16 01:59:04|https://python-editor-1-1-2.microbit.org/#
2019-01-16 02:01:29|https://python-editor-1-1-2.microbit.org/#
2019-01-16 02:07:19|http://codeshare.io/5ZWrPX
2019-01-16 02:07:20|https://codeshare.io/5ZWrPX
2019-01-16 02:07:59|https://summer2019.compclub.com.au/day3_templates/hot_or_cold_template.html
2019-01-16 03:26:52|https://python-editor-1-1-2.microbit.org/#
2019-01-16 03:29:02|https://python-editor-1-1-2.microbit.org/#
2019-01-16 03:31:33|https://python-editor-1-1-2.microbit.org/#
2019-01-16 03:33:31|https://python-editor-1-1-2.microbit.org/#
2019-01-16 03:38:34|https://python-editor-1-1-2.microbit.org/#
2019-01-16 03:42:50|https://python-editor-1-1-2.microbit.org/#
2019-01-16 03:46:22|https://python-editor-1-1-2.microbit.org/#
2019-01-16 03:47:30|http://mail.google.com/
2019-01-16 03:47:30|https://mail.google.com/
2019-01-16 03:47:30|https://mail.google.com/mail/
2019-01-16 03:47:30|https://accounts.google.com/ServiceLogin?service=mail&passive=true&rm=false&continue=https://mail.google.com/mail/&ss=1&scc=1&ltmpl=default&ltmplcache=2&emr=1&osid=1#
2019-01-16 03:47:30|https://mail.google.com/intl/en-GB/mail/help/about.html
2019-01-16 03:47:30|https://www.google.com/intl/en-GB/mail/help/about.html
2019-01-16 03:47:30|https://www.google.com/intl/en-GB/gmail/about/
2019-01-16 03:47:32|https://docs.google.com/presentation/d/14BvJKEm9pyPOfLtZMkCAMwwwF6nVjmo8G5C3P7PULuw/edit#slide=id.g4c0710682e_0_217
2019-01-16 03:47:33|https://docs.google.com/presentation/d/14BvJKEm9pyPOfLtZMkCAMwwwF6nVjmo8G5C3P7PULuw/edit#slide=id.g4d6b884a15_2_1
2019-01-16 03:47:37|https://accounts.google.com/AccountChooser?service=mail&continue=https://mail.google.com/mail/
2019-01-16 03:47:37|https://accounts.google.com/ServiceLogin?continue=https%3A%2F%2Fmail.google.com%2Fmail%2F&service=mail&sacu=1&rip=1
2019-01-16 03:47:38|https://accounts.google.com/signin/v2/identifier?continue=https%3A%2F%2Fmail.google.com%2Fmail%2F&service=mail&sacu=1&rip=1&flowName=GlifWebSignIn&flowEntry=ServiceLogin
2019-01-16 03:47:43|https://accounts.google.com/signin/v2/sl/pwd?continue=https%3A%2F%2Fmail.google.com%2Fmail%2F&service=mail&sacu=1&rip=1&flowName=GlifWebSignIn&flowEntry=ServiceLogin&cid=1&navigationDirection=forward
2019-01-16 03:47:50|https://accounts.google.com/CheckCookie?hl=en-GB&checkedDomains=youtube&checkConnection=youtube%3A309%3A0&pstMsg=1&chtml=LoginDoneHtml&service=mail&continue=https%3A%2F%2Fmail.google.com%2Fmail%2F&gidl=EgIIAA
2019-01-16 03:47:50|https://mail.google.com/accounts/SetOSID?authuser=0&continue=https%3A%2F%2Faccounts.youtube.com%2Faccounts%2FSetSID%3Fssdc%3D1%26sidt%3DALWU2csebgRT1Zacu9KPytEqJ3o93iCEXcKPDcJvWqunu3dqTqSHCWgZaJhE8Mfn45DopMM01sBjI4LUoqbTOgybSv1mSsKDvYyEK%252B%252FjB5NaRuQ3gyZE479qQ3qfjTBy1Kj%252FLHHzjO36Wpw8yEITndYnX4YVZ%252BOyZI1tXhGAvmNzggfo95fPatEv8mkM7g625RRqw6rGrL66L9Zks%252BljMbAa1wYH%252BprUhz6yP%252FSFSg37BvZIJLKz5ij2QY9fnd01JvDEQHRlP8TN%26continue%3Dhttps%253A%252F%252Fmail.google.com%252Fmail%252F%26dbus%3DAU&osidt=ALWU2cuKR1cClA_L-VgfsqiwQp2Z2ZB8xJOA3goATMUZP6bs1_aUU9pNfRz1wThA2tSuox_a2nBRLU0pun6sSS1f2_HZRs1LfUkBTLk3Dz0eIqg4T2ScKLqzVupPGKRN7ijO48LKzux2
2019-01-16 03:47:51|https://accounts.youtube.com/accounts/SetSID?ssdc=1&sidt=ALWU2csebgRT1Zacu9KPytEqJ3o93iCEXcKPDcJvWqunu3dqTqSHCWgZaJhE8Mfn45DopMM01sBjI4LUoqbTOgybSv1mSsKDvYyEK%2B/jB5NaRuQ3gyZE479qQ3qfjTBy1Kj/LHHzjO36Wpw8yEITndYnX4YVZ%2BOyZI1tXhGAvmNzggfo95fPatEv8mkM7g625RRqw6rGrL66L9Zks%2BljMbAa1wYH%2BprUhz6yP/SFSg37BvZIJLKz5ij2QY9fnd01JvDEQHRlP8TN&continue=https://mail.google.com/mail/&dbus=AU
2019-01-16 03:47:51|https://accounts.google.com.au/accounts/SetSID?ssdc=1&sidt=ALWU2cvqb5xrXFP%2Bc1A49KXZ/kGvKbM7TaHyXTRsxYCcAVAPzBvYtUx6DvrfLNjVSVgC3StR6nA9WEhcz4yH5uXdxzCZ/kIL4UYXjBrK1wdjBM6C/11X9nlskz5Fb3Kg77XQDZUyqJ26ZmPw6mz9SVUkeUCeYDL%2BScn9HD3QRmAxe3D%2Bb8BIyyPej0nof/6CWz6Z4dxQRysvfjK56eOqvspLaWl3/XQIuJdGijBdtyPJNHAD4hQ7x/fSkeywQ/UEAUZBLGyFvx%2BO&continue=https://mail.google.com/mail/
2019-01-16 03:47:51|https://mail.google.com/mail/
2019-01-16 03:47:52|https://mail.google.com/mail/u/0/
2019-01-16 03:47:54|https://mail.google.com/mail/u/0/#inbox
2019-01-16 03:47:58|https://mail.google.com/mail/u/0/#inbox?projector=1
2019-01-16 03:48:05|https://mail.google.com/mail/u/0/#inbox/FMfcgxwBVDKpWBhWGHLvRlpcFpwCBhpr
2019-01-16 03:48:08|https://mail-attachment.googleusercontent.com/attachment/u/0/?ui=2&ik=e82247f7b5&attid=0.1&permmsgid=msg-f:1622709903717270819&th=1685060f58938523&view=att&disp=safe&realattid=f_jqxa68j80&saddbat=ANGjdJ_CmUuMqBpwIboYDKjhDIS7LvfIpUOS4405O5AXrcmJhFUPo_9DG8u85Jj8lxJpsihUeFOye-1EJA2pnjZ--l_7cb81uG5ZR_G2uZLC507FfWJqjnVjpeJFFfm00IZpz7Y0A8bv3UcfN4Ls6hfoQhF4SGDJnj0edMeNdM24_6XvMI2QTCoT7EukqJzxDWydHoEJE6qZq2iMstIPHPMarf1tU9aUKJMooX4IeomsDRABu5MAFEzaDLxWNAM1dWw7-4FaHuDdUf1EDFpASfm9xxFEER26zONPwCDtBLhuCrQq4SynlKKtz7LTmsTk5Hv1PgZgdNAnK2LflwjigF_T5SDfEKH-pO0ZBHgyNcPA6l1P2VneLSvTqjqUtsEMIBs80QdA5tcfAC9WcPAmoOJJIKH7vlQzmn11w0ZbULeJBIsbEVv0Vrp2SGlUp1GCSsDgRj7bz_jaAzhldpGXxnlzL5UC69YNtpByIDSccH8BhZpMH-y4w_3lxcTxBDtoaKow_eIWQNMg8WmVymD0AywwxHIU79xHhXb47KY-VhZav-oYQvgUkGxq0vmGxkHkVriuD-nYhpbSSK8MM93YWRTsZd-r88YA96Ajl7SrxA-tl82i7Tgy1FNIfy6x6HWfapBw6Za1YqFycXqCEqWt
2019-01-16 03:48:16|https://mail-attachment.googleusercontent.com/attachment/u/0/?ui=2&ik=e82247f7b5&attid=0.1&permmsgid=msg-f:1622709903717270819&th=1685060f58938523&view=att&disp=safe&realattid=f_jqxa68j80&saddbat=ANGjdJ_CmUuMqBpwIboYDKjhDIS7LvfIpUOS4405O5AXrcmJhFUPo_9DG8u85Jj8lxJpsihUeFOye-1EJA2pnjZ--l_7cb81uG5ZR_G2uZLC507FfWJqjnVjpeJFFfm00IZpz7Y0A8bv3UcfN4Ls6hfoQhF4SGDJnj0edMeNdM24_6XvMI2QTCoT7EukqJzxDWydHoEJE6qZq2iMstIPHPMarf1tU9aUKJMooX4IeomsDRABu5MAFEzaDLxWNAM1dWw7-4FaHuDdUf1EDFpASfm9xxFEER26zONPwCDtBLhuCrQq4SynlKKtz7LTmsTk5Hv1PgZgdNAnK2LflwjigF_T5SDfEKH-pO0ZBHgyNcPA6l1P2VneLSvTqjqUtsEMIBs80QdA5tcfAC9WcPAmoOJJIKH7vlQzmn11w0ZbULeJBIsbEVv0Vrp2SGlUp1GCSsDgRj7bz_jaAzhldpGXxnlzL5UC69YNtpByIDSccH8BhZpMH-y4w_3lxcTxBDtoaKow_eIWQNMg8WmVymD0AywwxHIU79xHhXb47KY-VhZav-oYQvgUkGxq0vmGxkHkVriuD-nYhpbSSK8MM93YWRTsZd-r88YA96Ajl7SrxA-tl82i7Tgy1FNIfy6x6HWfapBw6Za1YqFycXqCEqWt
2019-01-16 03:48:24|https://www.google.com/
2019-01-16 03:48:26|https://accounts.google.com/Logout?hl=en&continue=https://www.google.com/&timeStmp=1547610504&secTok=.AG5fkS-qMCuJkK-IAE77jE_9aoTyF6UtnQ
2019-01-16 03:48:27|https://accounts.google.com/Logout
2019-01-16 03:48:27|https://www.google.com/
2019-01-16 03:48:28|https://accounts.google.com/ServiceLogin?hl=en&passive=true&continue=https://www.google.com/
2019-01-16 03:48:29|https://accounts.google.com/signin/v2/sl/pwd?hl=en&passive=true&continue=https%3A%2F%2Fwww.google.com%2F&flowName=GlifWebSignIn&flowEntry=ServiceLogin
2019-01-16 03:48:30|https://accounts.google.com/ServiceLogin/signinchooser?hl=en&passive=true&continue=https%3A%2F%2Fwww.google.com%2F&flowName=GlifWebSignIn&flowEntry=ServiceLogin
2019-01-16 03:48:33|https://accounts.google.com/ServiceLogin/identifier?hl=en&passive=true&continue=https%3A%2F%2Fwww.google.com%2F&flowName=GlifWebSignIn&flowEntry=ServiceLogin
2019-01-16 03:53:46|http://drive.google.com/
2019-01-16 03:53:47|https://drive.google.com/
2019-01-16 03:53:47|https://accounts.google.com/ServiceLogin?service=wise&passive=1209600&osid=1&continue=https://drive.google.com/&followup=https://drive.google.com/&emr=1
2019-01-16 03:53:48|https://accounts.google.com/signin/v2/identifier?service=wise&passive=1209600&osid=1&continue=https%3A%2F%2Fdrive.google.com%2F&followup=https%3A%2F%2Fdrive.google.com%2F&emr=1&flowName=GlifWebSignIn&flowEntry=ServiceLogin
2019-01-16 03:53:51|https://accounts.google.com/signin/v2/sl/pwd?service=wise&passive=1209600&osid=1&continue=https%3A%2F%2Fdrive.google.com%2F&followup=https%3A%2F%2Fdrive.google.com%2F&emr=1&flowName=GlifWebSignIn&flowEntry=ServiceLogin&cid=1&navigationDirection=forward
2019-01-16 03:53:58|https://accounts.google.com/CheckCookie?hl=en&checkedDomains=youtube&checkConnection=youtube%3A204%3A0&pstMsg=1&osid=1&chtml=LoginDoneHtml&service=wise&continue=https%3A%2F%2Fdrive.google.com%2F&gidl=EgIIAA
2019-01-16 03:53:58|https://accounts.youtube.com/accounts/SetSID?ssdc=1&sidt=ALWU2ctdlWZIpRrEuV1uCawlzH%2B9av%2F9rI4x8jPEQcC%2BuoGp3znuzR84Gh0p%2B6KSNnq8vuMlnmL10%2BetvSof60wbJawNK07IHRjXuxWvVUSzVHuw33efo5vQLWKna3xCHCXPPdi88VKQEIPfx8eeAEHwCeQMkFThEQti51VvWTEQlZpGoO7RUy8TuYkTRnF2I%2BaQH4mYdzCqJGLSCTlEjhGNEDesDBr2ejxJ6nGRhpY%2FBulxL2h5PqJxOXBRws2crTyd5AxNgYbP&continue=https%3A%2F%2Fdrive.google.com%2F%3Fauth%3D9QYrCLX_DdnNK_Y-ZaQzIYuBy5R2fx7f4idR5_sen0LJXmZU87d_eLlh9O0ITCqVm9xO4w.%26authuser%3D0&dbus=AU
2019-01-16 03:53:59|https://accounts.google.com.au/accounts/SetSID?ssdc=1&sidt=ALWU2cvQDZmdoohhyGkAS6dfIVanhNSnB7rgZ0nCs9cu4RpjjEDHbQZsNRIs/6Z/HhZTQ3chaDdzZUkuBdyoaDHENadJAUZ7tTw%2BVU0Ws8g88KUa51GdA%2BrJr2uBOaic0kj4weigKlbzVf%2BtBWetz9Jfx4pHtyjPDBJjayvBbTj4An37rml98pJ5M6CiYdVmXggmy8hvM5VfTT3aaEGWBbSNN0de57e6V9oMAfR7MZ7aBa/n7l9Scdq0OZ8asANBqkrsCIcH1TUN&continue=https://drive.google.com/?auth%3D9QYrCLX_DdnNK_Y-ZaQzIYuBy5R2fx7f4idR5_sen0LJXmZU87d_eLlh9O0ITCqVm9xO4w.%26authuser%3D0
2019-01-16 03:53:59|https://drive.google.com/?auth=9QYrCLX_DdnNK_Y-ZaQzIYuBy5R2fx7f4idR5_sen0LJXmZU87d_eLlh9O0ITCqVm9xO4w.&authuser=0
2019-01-16 03:53:59|https://drive.google.com/?authuser=0
2019-01-16 03:54:00|https://drive.google.com/drive/
2019-01-16 03:54:01|https://drive.google.com/drive/my-drive
2019-01-16 03:54:09|https://drive.google.com/drive/folders/1EraCczPlUHxvNA0z87KRyxgp4Id6VJxI
2019-01-16 03:54:17|https://drive.google.com/drive/folders/14fd0Zmd12IUUIgxVrz5QKyvhLm0i4-jd
2019-01-16 03:54:40|https://drive.google.com/drive/folders/11LUg5xKLkX8rz-_rs-2FzrwccpmdeE75
2019-01-16 03:54:42|https://drive.google.com/drive/folders/14fd0Zmd12IUUIgxVrz5QKyvhLm0i4-jd
2019-01-16 03:54:44|https://drive.google.com/drive/folders/11LUg5xKLkX8rz-_rs-2FzrwccpmdeE75
2019-01-16 03:56:53|https://accounts.google.com/Logout?hl=en&continue=https://drive.google.com/drive/&service=writely&timeStmp=1547610839&secTok=.AG5fkS9vRi-t_qSSJ4612Rl-XFCBa2-qPA
2019-01-16 03:56:53|https://accounts.google.com/Logout
2019-01-16 03:56:54|https://drive.google.com/drive/
2019-01-16 03:56:54|https://accounts.google.com/ServiceLogin?service=wise&passive=1209600&continue=https://drive.google.com/drive/&followup=https://drive.google.com/drive/&emr=1
2019-01-16 03:56:55|https://accounts.google.com/signin/v2/sl/pwd?service=wise&passive=1209600&continue=https%3A%2F%2Fdrive.google.com%2Fdrive%2F&followup=https%3A%2F%2Fdrive.google.com%2Fdrive%2F&emr=1&flowName=GlifWebSignIn&flowEntry=ServiceLogin
2019-01-16 03:56:56|https://accounts.google.com/ServiceLogin/signinchooser?service=wise&passive=1209600&continue=https%3A%2F%2Fdrive.google.com%2Fdrive%2F&followup=https%3A%2F%2Fdrive.google.com%2Fdrive%2F&emr=1&flowName=GlifWebSignIn&flowEntry=ServiceLogin
2019-01-16 03:56:59|https://accounts.google.com/ServiceLogin/identifier?service=wise&passive=1209600&continue=https%3A%2F%2Fdrive.google.com%2Fdrive%2F&followup=https%3A%2F%2Fdrive.google.com%2Fdrive%2F&emr=1&flowName=GlifWebSignIn&flowEntry=ServiceLogin
2019-01-16 03:57:47|https://www.google.com/search?q=python+screen.numinput&ie=utf-8&oe=utf-8&client=firefox-b-ab
2019-01-16 03:58:17|https://www.google.com/search?q=numinput+turtle&ie=utf-8&oe=utf-8&client=firefox-b-ab
2019-01-16 03:58:19|https://docs.python.org/3.2/library/turtle.html
2019-01-16 03:58:24|https://docs.python.org/3.2/library/turtle.html#turtle.numinput
2019-01-16 04:41:00|https://python-editor-1-1-2.microbit.org/#
2019-01-16 04:44:33|https://docs.google.com/presentation/d/14BvJKEm9pyPOfLtZMkCAMwwwF6nVjmo8G5C3P7PULuw/edit#slide=id.g4c0710682e_0_189
2019-01-16 04:47:19|https://www.google.com/search?q=roger+federer&ie=utf-8&oe=utf-8&client=firefox-b-ab
2019-01-16 04:47:21|https://www.google.com/search?q=roger+federer&ie=utf-8&oe=utf-8&client=firefox-b-ab#tsp=opn
2019-01-16 04:47:26|https://www.google.com/search?q=roger+federer&ie=utf-8&oe=utf-8&client=firefox-b-ab
2019-01-16 04:47:54|https://www.google.com/search?client=firefox-b-ab&ei=V7c-XKOvBIHerQGe47rwBg&q=aus+open&oq=aus+open&gs_l=psy-ab.3..0i131i67l4j0i131j0i131i67l3j0i131j0i3.33173.34152..34490...0.0..0.233.1146.0j7j1......0....1..gws-wiz.......0i67.vZDZFCeDpjA
2019-01-16 04:48:51|https://www.google.com/search?client=firefox-b-ab&ei=V7c-XKOvBIHerQGe47rwBg&q=aus+open&oq=aus+open&gs_l=psy-ab.3..0i131i67l4j0i131j0i131i67l3j0i131j0i3.33173.34152..34490...0.0..0.233.1146.0j7j1......0....1..gws-wiz.......0i67.vZDZFCeDpjA#tsp=opn
2019-01-16 04:48:52|https://www.google.com/search?client=firefox-b-ab&ei=V7c-XKOvBIHerQGe47rwBg&q=aus+open&oq=aus+open&gs_l=psy-ab.3..0i131i67l4j0i131j0i131i67l3j0i131j0i3.33173.34152..34490...0.0..0.233.1146.0j7j1......0....1..gws-wiz.......0i67.vZDZFCeDpjA
2019-01-16 04:54:45|http://drive.google.com/
2019-01-16 04:54:45|https://drive.google.com/
2019-01-16 04:54:45|https://accounts.google.com/ServiceLogin?service=wise&passive=1209600&osid=1&continue=https://drive.google.com/&followup=https://drive.google.com/&emr=1
2019-01-16 04:54:46|https://accounts.google.com/signin/v2/identifier?service=wise&passive=1209600&osid=1&continue=https%3A%2F%2Fdrive.google.com%2F&followup=https%3A%2F%2Fdrive.google.com%2F&emr=1&flowName=GlifWebSignIn&flowEntry=ServiceLogin
2019-01-16 04:54:52|https://accounts.google.com/signin/v2/sl/pwd?service=wise&passive=1209600&osid=1&continue=https%3A%2F%2Fdrive.google.com%2F&followup=https%3A%2F%2Fdrive.google.com%2F&emr=1&flowName=GlifWebSignIn&flowEntry=ServiceLogin&cid=1&navigationDirection=forward
2019-01-16 04:55:00|https://accounts.google.com/CheckCookie?hl=en&checkedDomains=youtube&checkConnection=youtube%3A285%3A0&pstMsg=1&osid=1&chtml=LoginDoneHtml&service=wise&continue=https%3A%2F%2Fdrive.google.com%2F&gidl=EgIIAA
2019-01-16 04:55:00|https://accounts.youtube.com/accounts/SetSID?ssdc=1&sidt=ALWU2cshUFagmHbmzohZjQ9OatUFdHUHXgpPHfuAWdrd2skp%2BOIpe4INgQUhJBWp0GWsqJjPdusNTH7P3UK9BvCCIrAuwMVJrM38I9ZAQrkXJZ%2FGuo0jDmCY3Ev3AqVN%2BnGHy%2FrMPL25wsUJ3bDv13hI%2Fn5I8%2FGWhu%2BIlhBpypvzJ4mfoY5wMS7AiRPmlQ1V24CD36GJiLyi9miiOxlUfl1%2BSUzF%2BLUNrASFNabro0hT9tzH4CxhQTAVzFXbwpndBEK1hKqOkeZY&continue=https%3A%2F%2Fdrive.google.com%2F%3Fauth%3D9QYrCDzIAJ70MGXs1e6viOh8b6ZvK1pBSK_HRCXrpwttGVRDmUerMKvcy1YsQGYTLEecRQ.%26authuser%3D0&dbus=AU
2019-01-16 04:55:00|https://accounts.google.com.au/accounts/SetSID?ssdc=1&sidt=ALWU2cu0OBWP9NAg7wIEbYwlPlJ3pj1KLBUq4qTOvoEtQmPoITxvlCztjUXsEA53RCtH3HHPGi0cYD3TGa3jy3kyCQk8f4XSEZBn5kb/XRZlFSJ4f39cz5XDE8JG0cugcRNOe21i67gaLJMiHVKJHKrIQAPP6qfpmGZ5BnSC8Zw/w8wUq5FaBC2QrHw49LYZ1TEQZmZ1CIL/G7RFB/je/IU/x1J7aK%2B1tbvlknriREfht1s94u1b9eZNgi8t4zp/Cqc83X5RY4Gz&continue=https://drive.google.com/?auth%3D9QYrCDzIAJ70MGXs1e6viOh8b6ZvK1pBSK_HRCXrpwttGVRDmUerMKvcy1YsQGYTLEecRQ.%26authuser%3D0
2019-01-16 04:55:01|https://drive.google.com/?auth=9QYrCDzIAJ70MGXs1e6viOh8b6ZvK1pBSK_HRCXrpwttGVRDmUerMKvcy1YsQGYTLEecRQ.&authuser=0
2019-01-16 04:55:01|https://drive.google.com/?authuser=0
2019-01-16 04:55:01|https://drive.google.com/drive/
2019-01-16 04:55:03|https://drive.google.com/drive/my-drive
2019-01-16 04:55:06|https://drive.google.com/drive/folders/1EraCczPlUHxvNA0z87KRyxgp4Id6VJxI
2019-01-16 04:55:10|https://drive.google.com/drive/folders/14fd0Zmd12IUUIgxVrz5QKyvhLm0i4-jd
2019-01-16 04:55:12|https://drive.google.com/drive/folders/11LUg5xKLkX8rz-_rs-2FzrwccpmdeE75
2019-01-16 04:59:36|https://www.google.com/search?client=firefox-b-ab&ei=V7c-XKOvBIHerQGe47rwBg&q=aus+open&oq=aus+open&gs_l=psy-ab.3..0i131i67l4j0i131j0i131i67l3j0i131j0i3.33173.34152..34490...0.0..0.233.1146.0j7j1......0....1..gws-wiz.......0i67.vZDZFCeDpjA#tsp=opn
2019-01-16 04:59:54|https://www.google.com/search?client=firefox-b-ab&ei=V7c-XKOvBIHerQGe47rwBg&q=aus+open&oq=aus+open&gs_l=psy-ab.3..0i131i67l4j0i131j0i131i67l3j0i131j0i3.33173.34152..34490...0.0..0.233.1146.0j7j1......0....1..gws-wiz.......0i67.vZDZFCeDpjA
2019-01-16 23:08:41|https://summer2019.compclub.com.au/
2019-01-16 23:08:45|https://summer2019.compclub.com.au/day4
2019-01-16 23:08:55|https://repl.it/languages/python3
2019-01-16 23:08:56|https://repl.it/@JorjaR/MediocreYearlyWorker
2019-01-16 23:09:13|http://summer2019.compclub.com.au/day4_files/index_html
2019-01-16 23:09:13|https://summer2019.compclub.com.au/day4_files/index_html
2019-01-16 23:09:17|http://summer2019.compclub.com.au/day4_files/results_html
2019-01-16 23:09:18|https://summer2019.compclub.com.au/day4_files/results_html
2019-01-16 23:09:30|http://summer2019.compclub.com.au/day4_files/results_css
2019-01-16 23:09:31|https://summer2019.compclub.com.au/day4_files/results_css
2019-01-16 23:09:35|http://summer2019.compclub.com.au/day4_files/index_css
2019-01-16 23:09:35|https://summer2019.compclub.com.au/day4_files/index_css
2019-01-16 23:09:39|http://summer2019.compclub.com.au/day4_files/results_css
2019-01-16 23:09:39|https://summer2019.compclub.com.au/day4_files/results_css
2019-01-16 23:09:46|https://ipstack.com/
2019-01-16 23:13:43|https://summer2019.compclub.com.au/day4
2019-01-16 23:21:04|https://repl.it/logout
2019-01-16 23:21:04|https://repl.it/
2019-01-16 23:21:05|https://repl.it/repls
2019-01-16 23:21:05|https://repl.it/login?goto=%2Frepls
2019-01-16 23:21:17|https://repl.it/repls/EqualLimpingScan
2019-01-16 23:26:16|https://repl.it/@dylan_liliana/EqualLimpingScan
2019-01-17 00:19:19|https://www.google.com/search?q=error+405&ie=utf-8&oe=utf-8&client=firefox-b-ab
2019-01-17 00:19:23|https://airbrake.io/blog/http-errors/405-method-not-allowed
2019-01-17 00:23:39|https://repl.it/@dylan_liliana/EqualLimpingScan
2019-01-17 00:33:03|http://repl.it/languages/python3
2019-01-17 00:33:05|https://repl.it/languages/python3
2019-01-17 00:33:06|https://repl.it/@dylan_liliana/CalmCapitalCopyright
2019-01-17 00:41:33|http://0.0.0.0:3000/
2019-01-17 00:57:50|https://www.google.com/search?q=google+space&ie=utf-8&oe=utf-8&client=firefox-b-ab
2019-01-17 00:57:53|https://mrdoob.com/projects/chromeexperiments/google-space/
2019-01-17 01:44:14|http://slither.io/
2019-01-17 01:51:07|http://deeeep.io/
2019-01-17 01:51:09|http://deeeep.io/new
2019-01-17 01:51:09|http://deeeep.io/new/
2019-01-17 02:13:18|http://deeeep.io/
2019-01-17 02:13:18|http://deeeep.io/new
2019-01-17 02:13:19|http://deeeep.io/new/
2019-01-17 03:10:28|http://slither.io/
2019-01-17 03:17:15|https://www.google.com/search?q=.io&ie=utf-8&oe=utf-8&client=firefox-b-ab
2019-01-17 03:19:52|https://www.google.com/search?q=css&ie=utf-8&oe=utf-8&client=firefox-b-ab
2019-01-17 03:19:54|https://www.w3schools.com/css/
2019-01-17 03:24:17|https://ipstack.com/
2019-01-17 03:26:05|https://www.w3schools.com/css/css3_animations.asp
2019-01-17 03:26:13|https://www.w3schools.com/css/tryit.asp?filename=trycss3_animation1
2019-01-17 03:59:50|https://www.google.com/search?q=chess&ie=utf-8&oe=utf-8&client=firefox-b-ab
2019-01-17 03:59:54|https://www.chess.com/
2019-01-17 03:59:58|https://www.chess.com/play/computer
2019-01-17 04:03:47|http://slither.io/
2019-01-17 04:13:51|https://equallimpingscan--dylan-liliana.repl.co/
2019-01-17 04:18:06|http://deeeep.io/
2019-01-17 04:18:07|http://deeeep.io/new
2019-01-17 04:18:07|http://deeeep.io/new/
2019-01-17 04:32:46|https://repl.it/logout
2019-01-17 04:32:46|https://repl.it/
2019-01-17 04:32:46|https://repl.it/repls
2019-01-17 04:32:47|https://repl.it/login?goto=%2Frepls
2019-01-18 00:59:01|http://ctf.compclub.com.au/
2019-01-18 00:59:01|https://ctf.compclub.com.au/
2019-01-18 00:59:01|https://ctf.compclub.com.au/invite?next=%2F
2019-01-18 00:59:01|https://ctf.compclub.com.au/invite/
1|http://aframe.io/|A-Frame  Make WebVR|2|2|13191307223633653|0|0
2|https://aframe.io/|A-Frame  Make WebVR|2|0|13191307223633653|0|0
3|https://aframe.io/examples/showcase/helloworld/|Hello WebVR  A-Frame|3|0|13191308894491238|0|0
4|https://glitch.com/~aframe|aframe|2|0|13191307266012858|0|0
5|https://glitch.com/edit/#!/remix/aframe|Glitch :|2|0|13191307300023225|0|0
6|https://glitch.com/edit/#!/||1|0|13191307301214297|0|0
7|https://glitch.com/edit/#!/pepper-lemming|index.html  pepper-lemming|2|0|13191307317490747|0|0
8|https://glitch.com/edit/#!/pepper-lemming?path=index.html:11:63||1|0|13191307428923741|0|0
9|https://www.google.com/search?q=colour+codes&oq=colour+codes&aqs=chrome..69i57j0l5.2583j0j7&sourceid=chrome&ie=UTF-8|colour codes - Google Search|1|0|13191307433710078|0|0
10|https://glitch.com/edit/#!/pepper-lemming?path=index.html:11:60||2|0|13191307652764065|0|0
11|https://www.rapidtables.com/web/color/html-color-codes.html|HTML Color Codes Chart|1|0|13191307458958698|0|0
12|https://glitch.com/edit/#!/pepper-lemming?path=index.html:12:66||1|0|13191307482128140|0|0
13|https://glitch.com/edit/#!/pepper-lemming?path=index.html:12:59|README.md  pepper-lemming|1|0|13191307496982957|0|0
14|https://glitch.com/edit/#!/pepper-lemming?path=index.html:13:80||2|0|13191307523272065|0|0
15|https://glitch.com/edit/#!/pepper-lemming?path=index.html:13:79||1|0|13191307540519776|0|0
16|https://glitch.com/edit/#!/pepper-lemming?path=index.html:17:7||2|0|13191307573374462|0|0
17|https://pepper-lemming.glitch.me/|Hello, WebVR!  A-Frame|113|0|13191308843995387|0|0
18|https://glitch.com/edit/#!/pepper-lemming?path=index.html:12:65||2|0|13191307633010313|0|0
19|https://glitch.com/edit/#!/pepper-lemming?path=index.html:11:66||5|0|13191307990762471|0|0
20|https://www.google.com/search?q=html+animation&oq=html+animation&aqs=chrome..69i57j0l5.3264j0j7&sourceid=chrome&ie=UTF-8|html animation - Google Search|1|0|13191307807273595|0|0
21|https://www.google.com/search?ei=H9EyXKW_BpDv-Qa0oqGQDw&q=html+animation+code&oq=html+animation+code&gs_l=psy-ab.3..0l6j0i22i30l4.9379.10257..10476...0.0..0.283.912.0j1j3......0....1..gws-wiz.......0i71j0i67.x99EvgmVayE|html animation code - Google Search|1|0|13191307818676541|0|0
22|https://freefrontend.com/css-animation-examples/|21 CSS Animation Examples|1|0|13191307831972782|0|0
23|https://glitch.com/edit/#!/pepper-lemming?path=index.html:11:88||2|0|13191308028146629|0|0
24|https://glitch.com/edit/#!/pepper-lemming?path=index.html:11:85||1|0|13191308048514903|0|0
25|https://glitch.com/edit/#!/pepper-lemming?path=index.html:20:8||3|0|13191308389082185|0|0
26|https://www.google.com/search?q=html+code+to+make+an+object+bounce&oq=html+code+to+make+an+object+bounce&aqs=chrome..69i57.7279j0j7&sourceid=chrome&ie=UTF-8|html code to make an object bounce - Google Search|2|0|13191308381222504|0|0
27|https://www.htmlbestcodes.com/Bouncing_ball.htm|Bouncing ball - HTML Free Code|1|0|13191308361352605|0|0
28|https://developer.mozilla.org/en-US/docs/Games/Tutorials/2D_Breakout_game_pure_JavaScript/Bounce_off_the_walls|Bounce off the walls | MDN|1|0|13191308385203395|0|0
29|https://glitch.com/edit/#!/pepper-lemming?path=index.html:11:61||1|0|13191308409983577|0|0
30|https://glitch.com/edit/#!/pepper-lemming?path=index.html:21:67||1|0|13191308419236879|0|0
31|https://glitch.com/edit/#!/pepper-lemming?path=index.html:21:66||2|0|13191308522487749|0|0
32|https://glitch.com/edit/#!/pepper-lemming?path=index.html:22:80||1|0|13191308476823911|0|0
33|https://glitch.com/edit/#!/pepper-lemming?path=index.html:23:89||1|0|13191308500810905|0|0
34|https://glitch.com/edit/#!/pepper-lemming?path=index.html:21:65||1|0|13191308542879675|0|0
35|https://glitch.com/edit/#!/pepper-lemming?path=index.html:21:49||1|0|13191308559639815|0|0
36|https://glitch.com/edit/#!/pepper-lemming?path=index.html:21:48||1|0|13191308569217884|0|0
37|https://glitch.com/edit/#!/pepper-lemming?path=index.html:21:46||4|0|13191308780648580|0|0
38|https://glitch.com/edit/#!/pepper-lemming?path=index.html:26:7||1|0|13191308684391664|0|0
39|https://glitch.com/edit/#!/pepper-lemming?path=index.html:22:61||1|0|13191308698288592|0|0
40|https://glitch.com/edit/#!/pepper-lemming?path=index.html:21:61||1|0|13191308705088510|0|0
41|https://glitch.com/edit/#!/pepper-lemming?path=index.html:10:39||1|0|13191308744398637|0|0
42|https://glitch.com/edit/#!/pepper-lemming?path=index.html:11:67||1|0|13191308760301398|0|0
43|https://glitch.com/edit/#!/pepper-lemming?path=index.html:23:88||1|0|13191308770850056|0|0
44|https://glitch.com/edit/#!/pepper-lemming?path=index.html:11:48||3|0|13191308822091277|0|0
45|https://glitch.com/edit/#!/pepper-lemming?path=index.html:22:6||1|0|13191308864049812|0|0
46|https://aframe.io/examples/showcase/hello-metaverse/|Hello Metaverse  A-Frame|1|0|13191308867721384|0|0
47|https://aframe.io/examples/showcase/videosphere/|360 Video  A-Frame|1|0|13191308873631708|0|0
48|https://aframe.io/examples/showcase/360-image-gallery/|360 Image Gallery  A-Frame|1|0|13191308875609328|0|0
49|https://aframe.io/examples/showcase/lights/|Lights  A-Frame|1|0|13191308877602484|0|0
50|http://summer2019.compclub.com.au/|Welcome to the CompClub Summer Spy School | CompClub 2019 Summer Workshops|2|1|13192241874039741|0|0
51|https://summer2019.compclub.com.au/|Welcome to the CompClub Summer Spy School | CompClub 2019 Summer Workshops|2|0|13192241874039741|0|0
52|https://summer2019.compclub.com.au/day2|Welcome to Day 2 of the 2019 Comp Club Summer School | CompClub 2019 Summer Workshops|2|0|13191982869998674|0|0
53|https://docs.python.org/3/library/turtle.html|turtle  Turtle graphics  Python 3.7.2 documentation|1|0|13191982865901881|0|0
54|https://docs.google.com/presentation/d/1pPY_lvrvM3fl2SwvAnziN9Ib5owxXOwjiZg_DzcKNiI/edit?usp=sharing|Game Development - Google Slides|2|0|13191982893653082|0|0
55|https://docs.google.com/presentation/d/1pPY_lvrvM3fl2SwvAnziN9Ib5owxXOwjiZg_DzcKNiI/edit||1|0|13191982893698459|0|0
56|https://docs.google.com/presentation/d/1pPY_lvrvM3fl2SwvAnziN9Ib5owxXOwjiZg_DzcKNiI/edit#slide=id.g337fd436a2_1_5||1|0|13191982894851688|0|0
57|https://docs.google.com/presentation/d/1pPY_lvrvM3fl2SwvAnziN9Ib5owxXOwjiZg_DzcKNiI/edit#slide=id.g4c0ab1ff68_0_7||2|0|13191982900253879|0|0
58|https://docs.google.com/presentation/d/1pPY_lvrvM3fl2SwvAnziN9Ib5owxXOwjiZg_DzcKNiI/edit#slide=id.p||1|0|13191982899533563|0|0
59|https://docs.google.com/presentation/d/1pPY_lvrvM3fl2SwvAnziN9Ib5owxXOwjiZg_DzcKNiI/edit#slide=id.g337fd436a2_1_0||1|0|13191982900912633|0|0
60|https://docs.google.com/presentation/d/1pPY_lvrvM3fl2SwvAnziN9Ib5owxXOwjiZg_DzcKNiI/edit#slide=id.g4c0ab1ff68_0_16||1|0|13191982901975887|0|0
61|https://docs.google.com/presentation/d/1pPY_lvrvM3fl2SwvAnziN9Ib5owxXOwjiZg_DzcKNiI/edit#slide=id.g4c0ab1ff68_0_25||1|0|13191982904380114|0|0
62|https://docs.google.com/presentation/d/1pPY_lvrvM3fl2SwvAnziN9Ib5owxXOwjiZg_DzcKNiI/edit#slide=id.g4c0ab1ffe2_0_1||2|0|13191983097920268|0|0
63|https://docs.google.com/presentation/d/1pPY_lvrvM3fl2SwvAnziN9Ib5owxXOwjiZg_DzcKNiI/edit#slide=id.g4c0ab1ffe2_0_11||3|0|13191983719156749|0|0
64|https://docs.google.com/presentation/d/1pPY_lvrvM3fl2SwvAnziN9Ib5owxXOwjiZg_DzcKNiI/edit#slide=id.g4c0ab1ffe2_0_19||4|0|13191984374955002|0|0
65|https://docs.google.com/presentation/d/1pPY_lvrvM3fl2SwvAnziN9Ib5owxXOwjiZg_DzcKNiI/edit#slide=id.g4c0ab1ffe2_0_27||6|0|13191985131247794|0|0
66|https://docs.google.com/presentation/d/1pPY_lvrvM3fl2SwvAnziN9Ib5owxXOwjiZg_DzcKNiI/edit#slide=id.g4c0ab1ffe2_0_35||6|0|13191990080142356|0|0
67|https://docs.google.com/presentation/d/1pPY_lvrvM3fl2SwvAnziN9Ib5owxXOwjiZg_DzcKNiI/edit#slide=id.g4c0ab1ffe2_0_43||10|0|13191990046168835|0|0
68|https://docs.google.com/presentation/d/1pPY_lvrvM3fl2SwvAnziN9Ib5owxXOwjiZg_DzcKNiI/edit#slide=id.g4c0ab1ffe2_0_53||15|0|13191990049134904|0|0
69|https://docs.google.com/presentation/d/1pPY_lvrvM3fl2SwvAnziN9Ib5owxXOwjiZg_DzcKNiI/edit#slide=id.g4c0ab1ffe2_0_62||15|0|13191997170105263|0|0
70|https://docs.google.com/presentation/d/1pPY_lvrvM3fl2SwvAnziN9Ib5owxXOwjiZg_DzcKNiI/edit#slide=id.g4c0ab1ffe2_0_97||13|0|13191997168225255|0|0
71|https://docs.google.com/presentation/d/1pPY_lvrvM3fl2SwvAnziN9Ib5owxXOwjiZg_DzcKNiI/edit#slide=id.g4c0ab1ffe2_0_71||12|0|13191997164486732|0|0
72|https://docs.google.com/presentation/d/1pPY_lvrvM3fl2SwvAnziN9Ib5owxXOwjiZg_DzcKNiI/edit#slide=id.g4c0ab1ffe2_0_81||11|0|13191998075977817|0|0
73|https://docs.google.com/presentation/d/1pPY_lvrvM3fl2SwvAnziN9Ib5owxXOwjiZg_DzcKNiI/edit#slide=id.g4c0ab1ffe2_0_89||13|0|13191998082455733|0|0
74|https://docs.google.com/presentation/d/1pPY_lvrvM3fl2SwvAnziN9Ib5owxXOwjiZg_DzcKNiI/edit#slide=id.g4c0ab1ffe2_0_105||14|0|13191998081863755|0|0
75|https://docs.google.com/presentation/d/1pPY_lvrvM3fl2SwvAnziN9Ib5owxXOwjiZg_DzcKNiI/edit#slide=id.g4747f2f9ff_1_5||6|0|13191991634126265|0|0
76|https://docs.google.com/presentation/d/1pPY_lvrvM3fl2SwvAnziN9Ib5owxXOwjiZg_DzcKNiI/edit#slide=id.g4c17cd19ee_0_5||3|0|13191999171390934|0|0
77|https://www.google.com/search?q=python+fonts&oq=python+fonts&aqs=chrome..69i57j0l5.3145j0j7&sourceid=chrome&ie=UTF-8|python fonts - Google Search|1|0|13191991313774314|0|0
78|https://tkdocs.com/tutorial/fonts.html|TkDocs - Tk Tutorial - Fonts, Colors, Images|1|0|13191991322031699|0|0
79|https://www.google.com/search?q=pen+define&oq=pen+define&aqs=chrome..69i57j0l5.2463j0j7&sourceid=chrome&ie=UTF-8|pen define - Google Search|1|0|13191991589477600|0|0
80|https://www.google.com/search?q=python+turtle+pen+up&oq=python+turtle+pen&aqs=chrome.0.0j69i57j0l2.5280j0j7&sourceid=chrome&ie=UTF-8|python turtle pen up - Google Search|1|0|13191991677127115|0|0
81|https://www.google.com/search?ei=fUA9XN0pk6_1A_3Xm8gG&q=python+turtle+pen+&oq=python+turtle+pen+&gs_l=psy-ab.3..0i67j0l4.2566.2743..3389...0.0..0.167.306.0j2......0....1..gws-wiz.......0i71.9bOXLq741rA|python turtle pen - Google Search|1|0|13191991681398236|0|0
82|https://docs.python.org/2/library/turtle.html|24.5. turtle  Turtle graphics for Tk  Python 2.7.15 documentation|2|0|13191991989749614|0|0
83|https://docs.python.org/2/library/turtle.html#turtle.pen||1|0|13191991700724386|0|0
84|https://www.google.com/search?q=python+pen.write&oq=python+pen.write&aqs=chrome..69i57j0l5.2280j0j7&sourceid=chrome&ie=UTF-8|python pen.write - Google Search|1|0|13191991737655120|0|0
85|https://www.google.com/search?q=turtle+python+scree&oq=turtle+python+scree&aqs=chrome..0j69i57j0l4.6872j0j7&sourceid=chrome&ie=UTF-8|turtle python scree - Google Search|1|0|13191991975055924|0|0
86|https://www.google.com/search?ei=pkE9XPWXOIjw9QP9v5co&q=turtle+python+screen&oq=turtle+python+screen&gs_l=psy-ab.3..0l2j0i22i30l8.1877.1877..2241...0.0..0.141.141.0j1......0....1..gws-wiz.......0i71.sSNBKtboNes|turtle python screen - Google Search|1|0|13191991978348215|0|0
87|https://docs.python.org/2/library/turtle.html#turtle.Screen||1|0|13191991995606851|0|0
88|https://www.google.com/search?q=trinket+connect+four&oq=trinket+connect+four&aqs=chrome..69i57.16880j0j7&sourceid=chrome&ie=UTF-8|trinket connect four - Google Search|1|0|13191992190752942|0|0
89|https://trinket.io/python3/68a2adeb0d|Your Python Trinket|1|0|13191992194180810|0|0
90|https://trinket.io/features/pygame|The New Pygame Trinket|1|0|13191992203212359|0|0
91|https://www.google.com/search?q=key+bind+for+up+arrow&oq=key+bind+for+up+arrow&aqs=chrome..69i57.4744j0j7&sourceid=chrome&ie=UTF-8|key bind for up arrow - Google Search|1|0|13191996178332703|0|0
92|https://www.google.com/search?ei=ElI9XLCjDJH0rQHex4PYBQ&q=key+bind+for+up+arrow+python&oq=key+bind+for+up+arrow+python&gs_l=psy-ab.3..33i22i29i30.24949.26450..28868...0.0..0.235.1114.0j6j1......0....1..gws-wiz.......0i71.vxCgGWTH4n4|key bind for up arrow python - Google Search|2|0|13191996351209364|0|0
93|https://stackoverflow.com/questions/19895877/tkinter-cant-bind-arrow-key-events|python - Tkinter - Can't bind arrow key events - Stack Overflow|1|0|13191996212598506|0|0
94|https://www.google.com/search?ei=L1I9XOSkPJaCyAOM7IXIDA&q=turtle+up+arrow+key+python&oq=turtle+up+arrow+key+python&gs_l=psy-ab.3..33i22i29i30.3172.13457..14511...0.0..0.188.3696.0j27......0....1..gws-wiz.....0..0i71j0i131j0j0i67j0i22i30j0i22i10i30j33i160.F8-RqAFQCd4|turtle up arrow key python - Google Search|1|0|13191996366104006|0|0
95|https://stackoverflow.com/questions/43449702/how-to-move-turtles-in-python-3-with-arrow-keys/43462406|How to move turtles in Python 3 with arrow keys - Stack Overflow|1|0|13191996368645249|0|0
96|https://www.google.com/search?q=google+space&oq=google+space&aqs=chrome..69i57j0l5.3216j0j7&sourceid=chrome&ie=UTF-8|google space - Google Search|1|0|13191997635429607|0|0
97|https://mrdoob.com/projects/chromeexperiments/google-space/|Google Space|1|0|13191997638071032|0|0
98|https://www.google.com/search?q=python+turtle+rainbow+code&oq=turtle+python+rain&aqs=chrome.3.69i57j0l3.6615j0j7&sourceid=chrome&ie=UTF-8|python turtle rainbow code - Google Search|1|0|13191999285957842|0|0
99|https://www.101computing.net/rainbow-challenge/|Rainbow Challenge | 101 Computing|1|0|13191999292763426|0|0
100|https://www.google.com/search?q=rainbow+snake+turtle+python&oq=rainbow+snake+turtle+python&aqs=chrome..69i57.14807j0j7&sourceid=chrome&ie=UTF-8|rainbow snake turtle python - Google Search|1|0|13191999367705527|0|0
101|https://www.google.com/search?ei=h149XMC9I8S99QOknr64CA&q=python+turtle+rainbow+color&oq=turtle+python+rainbow&gs_l=psy-ab.3.1.0i22i30l3.3880.9176..11522...0.0..0.177.2839.0j21......0....1..gws-wiz.....0..0i71j0i67j0i131i67j0.e_Sb_JfVZgU|python turtle rainbow color - Google Search|2|0|13191999710732725|0|0
102|https://trinket.io/python/f0a2314bf3|Turtle random colors.|1|0|13191999398014432|0|0
103|https://www.instructables.com/id/Easy-Designs-Turtle-Graphics-Python/|Easy Designs - Turtle Graphics Python: 4 Steps (with Pictures)|1|0|13191999801955436|0|0
104|https://www.google.com/search?q=randint&oq=randint&aqs=chrome..69i57j0l5.6200j0j7&sourceid=chrome&ie=UTF-8|randint - Google Search|1|0|13192000476025571|0|0
105|https://summer2019.compclub.com.au/day5|CompClub 2019 Summer Workshops|1|0|13192241875437694|0|0
106|https://docs.google.com/presentation/d/1kyRsC1-PMJu4UndE6psUHJHuTHX7W6cuYRod1jq3QJY|CSE CompClub 2019 Summer - Security Day - Google Slides|1|0|13192241879599115|0|0
107|https://docs.google.com/presentation/d/1kyRsC1-PMJu4UndE6psUHJHuTHX7W6cuYRod1jq3QJY/|CSE CompClub 2019 Summer - Security Day - Google Slides|1|0|13192241879599115|0|0
108|https://docs.google.com/presentation/d/1kyRsC1-PMJu4UndE6psUHJHuTHX7W6cuYRod1jq3QJY/edit|CSE CompClub 2019 Summer - Security Day - Google Slides|2|0|13192241880367408|0|0
109|https://docs.google.com/presentation/d/1kyRsC1-PMJu4UndE6psUHJHuTHX7W6cuYRod1jq3QJY/edit#slide=id.p1||1|0|13192241881878437|0|0
110|https://docs.google.com/presentation/d/1kyRsC1-PMJu4UndE6psUHJHuTHX7W6cuYRod1jq3QJY/edit#slide=id.g3d022b32ae_0_0||1|0|13192241884675112|0|0
111|https://docs.google.com/presentation/d/1kyRsC1-PMJu4UndE6psUHJHuTHX7W6cuYRod1jq3QJY/edit#slide=id.g3d022b32ae_0_5||1|0|13192241886755595|0|0
112|http://slither.io/|slither.io|2|2|13192257909933990|0|0
113|https://docs.google.com/presentation/d/1kyRsC1-PMJu4UndE6psUHJHuTHX7W6cuYRod1jq3QJY/edit#slide=id.g4be45cc0c3_1_59||1|0|13192242101047816|0|0
114|https://docs.google.com/presentation/d/1kyRsC1-PMJu4UndE6psUHJHuTHX7W6cuYRod1jq3QJY/edit#slide=id.g4c07aed684_0_7||1|0|13192242101766770|0|0
115|https://docs.google.com/presentation/d/1kyRsC1-PMJu4UndE6psUHJHuTHX7W6cuYRod1jq3QJY/edit#slide=id.g4be45cc0c3_1_35||2|0|13192242103659605|0|0
116|https://docs.google.com/presentation/d/1kyRsC1-PMJu4UndE6psUHJHuTHX7W6cuYRod1jq3QJY/edit#slide=id.g4be45cc0c3_1_44||1|0|13192242103163516|0|0
117|http://repl.it/|Repl.it - The world's leading online coding platform|1|1|13192242113688862|0|0
118|https://repl.it/|Repl.it - The world's leading online coding platform|2|0|13192242114244798|0|0
119|https://summer2019.compclub.com.au/day5/code|CompClub 2019 Summer Workshops|1|0|13192242195915432|0|0
120|https://repl.it/@featherbear/LesserSignifiedBeings|Repl.it - LesserSignifiedBeings|3|0|13192243009708559|0|0
121|https://docs.google.com/presentation/d/1kyRsC1-PMJu4UndE6psUHJHuTHX7W6cuYRod1jq3QJY/edit#slide=id.g445c8f4c5882998c_36||2|0|13192242575835065|0|0
122|https://docs.google.com/presentation/d/1kyRsC1-PMJu4UndE6psUHJHuTHX7W6cuYRod1jq3QJY/edit#slide=id.g4c21576342_0_61||1|0|13192242574646518|0|0
123|https://docs.google.com/presentation/d/1kyRsC1-PMJu4UndE6psUHJHuTHX7W6cuYRod1jq3QJY/edit#slide=id.g558a456a7dbd0e14_3||2|0|13192242579041882|0|0
124|https://docs.google.com/presentation/d/1kyRsC1-PMJu4UndE6psUHJHuTHX7W6cuYRod1jq3QJY/edit#slide=id.g445c8f4c5882998c_53||1|0|13192242578237128|0|0
125|https://docs.google.com/presentation/d/1kyRsC1-PMJu4UndE6psUHJHuTHX7W6cuYRod1jq3QJY/edit#slide=id.g4c07aed684_0_70||2|0|13192242581838814|0|0
126|https://docs.google.com/presentation/d/1kyRsC1-PMJu4UndE6psUHJHuTHX7W6cuYRod1jq3QJY/edit#slide=id.g4d61f71165_0_10||3|0|13192242788973422|0|0
127|https://docs.google.com/presentation/d/1kyRsC1-PMJu4UndE6psUHJHuTHX7W6cuYRod1jq3QJY/edit#slide=id.g4d61f71165_0_50||5|0|13192243234048108|0|0
128|https://docs.google.com/presentation/d/1kyRsC1-PMJu4UndE6psUHJHuTHX7W6cuYRod1jq3QJY/edit#slide=id.g4d61f71165_0_70||6|0|13192243231635529|0|0
129|https://docs.google.com/presentation/d/1kyRsC1-PMJu4UndE6psUHJHuTHX7W6cuYRod1jq3QJY/edit#slide=id.g4d61f71165_0_80||5|0|13192243306549072|0|0
130|https://docs.google.com/presentation/d/1kyRsC1-PMJu4UndE6psUHJHuTHX7W6cuYRod1jq3QJY/edit#slide=id.g4d61f71165_0_90||5|0|13192243307724880|0|0
131|https://docs.google.com/presentation/d/1kyRsC1-PMJu4UndE6psUHJHuTHX7W6cuYRod1jq3QJY/edit#slide=id.g4d61f71165_0_116||4|0|13192243308601330|0|0
132|https://repl.it/repls/QuarrelsomeSkyblueSorting|Repl.it - QuarrelsomeSkyblueSorting|3|0|13192244900930547|0|0
133|https://docs.google.com/presentation/d/1kyRsC1-PMJu4UndE6psUHJHuTHX7W6cuYRod1jq3QJY/edit#slide=id.g4d923ccbc0_0_23||3|0|13192243405370592|0|0
134|https://docs.google.com/presentation/d/1kyRsC1-PMJu4UndE6psUHJHuTHX7W6cuYRod1jq3QJY/edit#slide=id.g4d61f71165_0_125||1|0|13192243321073613|0|0
135|https://docs.google.com/presentation/d/1kyRsC1-PMJu4UndE6psUHJHuTHX7W6cuYRod1jq3QJY/edit#slide=id.g4d923ccbc0_0_39||2|0|13192243475510669|0|0
136|https://docs.google.com/presentation/d/1ykIUm1xAKMforvTPeqvXMdC4DZlnWOg604ekaybhiOs|SecTalk | HTTP(S) Security - Google Slides|1|0|13192243417846851|0|0
137|https://docs.google.com/presentation/d/1ykIUm1xAKMforvTPeqvXMdC4DZlnWOg604ekaybhiOs/|SecTalk | HTTP(S) Security - Google Slides|1|0|13192243417846851|0|0
138|https://docs.google.com/presentation/d/1ykIUm1xAKMforvTPeqvXMdC4DZlnWOg604ekaybhiOs/edit|SecTalk | HTTP(S) Security - Google Slides|2|0|13192243418351599|0|0
139|https://docs.google.com/presentation/d/1ykIUm1xAKMforvTPeqvXMdC4DZlnWOg604ekaybhiOs/edit#slide=id.p3||1|0|13192243419550853|0|0
140|https://docs.google.com/presentation/d/1ykIUm1xAKMforvTPeqvXMdC4DZlnWOg604ekaybhiOs/edit#slide=id.g4978d0c231_0_4|SecTalk | HTTP(S) Security - Google Slides|3|0|13192243428420359|0|0
141|https://docs.google.com/presentation/d/1kyRsC1-PMJu4UndE6psUHJHuTHX7W6cuYRod1jq3QJY/edit#slide=id.g4d923ccbc0_0_66||1|0|13192243480846989|0|0
142|https://repl.it/repls/QuarrelsomeSkyblueSorting/|Repl.it - QuarrelsomeSkyblueSorting|3|1|13192255974520242|0|0
143|https://www.google.com/search?q=documentation+python+imaging+library+pixels%5Bx%2Cy%5D&oq=documentation+python+imaging+library+pixels%5Bx%2Cy%5D&aqs=chrome..69i57.4067j0j7&sourceid=chrome&ie=UTF-8|documentation python imaging library pixels[x,y] - Google Search|1|0|13192244854370524|0|0
144|https://pillow.readthedocs.io/en/3.3.x/reference/Image.html|Image Module  Pillow (PIL Fork) 3.3.3 documentation|1|0|13192255971819795|0|0
145|https://www.google.com/search?q=csesoc+ctf&oq=csesoc+ctf&aqs=chrome..69i57j0l2.12343j0j7&sourceid=chrome&ie=UTF-8|csesoc ctf - Google Search|1|0|13192255966931571|0|0
146|https://tinyurl.com/CompclubSSS|Feedback|1|1|13192257757881534|0|0
147|https://goo.gl/forms/botU4y0EHarywQeB3|Feedback|1|0|13192257757881534|0|0
148|https://docs.google.com/forms/d/e/1FAIpQLSeTbnbww0Wz7bkuKacSlAFMckT5D3S74bvcZOOiqB7uI7TgZg/viewform?usp=send_form|Feedback|1|0|13192257757881534|0|0
149|https://docs.google.com/forms/d/e/1FAIpQLSeTbnbww0Wz7bkuKacSlAFMckT5D3S74bvcZOOiqB7uI7TgZg/viewform||1|0|13192257758349125|0|0
150|https://docs.google.com/forms/d/e/1FAIpQLSeTbnbww0Wz7bkuKacSlAFMckT5D3S74bvcZOOiqB7uI7TgZg/viewform?fbzx=-5894921517192152873||1|0|13192257787755997|0|0
151|https://docs.google.com/forms/d/e/1FAIpQLSeTbnbww0Wz7bkuKacSlAFMckT5D3S74bvcZOOiqB7uI7TgZg/formResponse|Feedback|11|0|13192257844395826|0|0
152|https://docs.google.com/presentation/d/1kyRsC1-PMJu4UndE6psUHJHuTHX7W6cuYRod1jq3QJY/edit#slide=id.g4d923ccbc0_0_131||1|0|13192257862535891|0|0
153|https://docs.google.com/presentation/d/1kyRsC1-PMJu4UndE6psUHJHuTHX7W6cuYRod1jq3QJY/edit#slide=id.g4c0372a315_0_60||1|0|13192257863980939|0|0
