2019-01-07 02:32:08|https://www.mozilla.org/privacy/firefox/
2019-01-07 02:32:08|https://www.mozilla.org/en-US/privacy/firefox/
2019-01-07 02:32:21|https://www.google.com/search?q=a-frame+mozilla&ie=utf-8&oe=utf-8&client=firefox-b-ab
2019-01-07 02:32:24|https://aframe.io/
2019-01-07 02:32:26|https://aframe.io/examples/showcase/helloworld/
2019-01-07 02:32:31|https://glitch.com/~aframe
2019-01-07 02:32:38|https://glitch.com/edit/#!/remix/aframe
2019-01-07 02:32:41|https://glitch.com/edit/#!/
2019-01-07 02:32:41|https://glitch.com/edit/#!/habitual-knave
2019-01-07 02:32:56|https://glitch.com/edit/#!/habitual-knave?path=index.html:1:0
2019-01-07 02:32:59|https://habitual-knave.glitch.me/
2019-01-07 02:56:29|http://aframe.io/
2019-01-07 02:56:30|https://aframe.io/
2019-01-07 02:56:34|https://aframe.io/examples/showcase/helloworld/
2019-01-07 02:59:55|https://glitch.com/~aframe
2019-01-07 02:59:55|https://glitch.com/~aframe
2019-01-07 03:00:18|https://glitch.com/edit/#!/remix/aframe
2019-01-07 03:00:20|https://glitch.com/edit/#!/
2019-01-07 03:00:20|https://glitch.com/edit/#!/well-corn
2019-01-07 03:03:18|https://glitch.com/edit/#!/well-corn?path=index.html:11:66
2019-01-07 03:03:19|https://well-corn.glitch.me/
2019-01-07 03:19:39|https://well-corn.glitch.me/
2019-01-07 03:19:51|https://well-corn.glitch.me/
2019-01-07 03:19:55|https://well-corn.glitch.me/
2019-01-07 03:20:00|https://well-corn.glitch.me/
2019-01-07 03:20:03|https://well-corn.glitch.me/
2019-01-07 03:20:07|https://well-corn.glitch.me/
2019-01-07 03:20:09|https://well-corn.glitch.me/
2019-01-07 03:20:11|https://well-corn.glitch.me/
2019-01-07 03:20:14|https://well-corn.glitch.me/
2019-01-07 03:20:14|https://well-corn.glitch.me/
2019-01-07 03:20:15|https://well-corn.glitch.me/
2019-01-07 03:20:20|https://well-corn.glitch.me/
2019-01-07 03:20:20|https://well-corn.glitch.me/
2019-01-07 03:20:24|https://well-corn.glitch.me/
2019-01-07 03:20:28|https://well-corn.glitch.me/
2019-01-07 03:20:34|https://well-corn.glitch.me/
2019-01-07 03:20:36|https://well-corn.glitch.me/
2019-01-07 03:20:42|https://well-corn.glitch.me/
2019-01-07 03:20:42|https://well-corn.glitch.me/
2019-01-07 03:20:43|https://well-corn.glitch.me/
2019-01-07 03:20:45|https://well-corn.glitch.me/
2019-01-07 03:20:51|https://well-corn.glitch.me/
2019-01-07 03:20:52|https://well-corn.glitch.me/
2019-01-07 03:20:54|https://well-corn.glitch.me/
2019-01-07 03:20:59|https://well-corn.glitch.me/
2019-01-07 03:21:01|https://well-corn.glitch.me/
2019-01-07 03:21:02|https://well-corn.glitch.me/
2019-01-07 03:21:30|https://well-corn.glitch.me/
2019-01-07 03:21:36|https://well-corn.glitch.me/
2019-01-07 03:21:40|https://well-corn.glitch.me/
2019-01-07 03:21:42|https://well-corn.glitch.me/
2019-01-07 03:21:44|https://well-corn.glitch.me/
2019-01-07 03:21:47|https://well-corn.glitch.me/
2019-01-07 03:21:48|https://well-corn.glitch.me/
2019-01-07 03:21:53|https://well-corn.glitch.me/
2019-01-07 03:21:54|https://well-corn.glitch.me/
2019-01-07 03:21:58|https://well-corn.glitch.me/
2019-01-07 03:22:06|https://well-corn.glitch.me/
2019-01-07 03:22:08|https://well-corn.glitch.me/
2019-01-07 03:22:11|https://well-corn.glitch.me/
2019-01-07 03:22:17|https://well-corn.glitch.me/
2019-01-07 03:22:18|https://well-corn.glitch.me/
2019-01-07 03:22:20|https://well-corn.glitch.me/
2019-01-07 03:22:24|https://well-corn.glitch.me/
2019-01-07 03:22:24|https://well-corn.glitch.me/
2019-01-07 03:22:29|https://well-corn.glitch.me/
2019-01-07 03:22:30|https://glitch.com/edit/#!/well-corn?path=index.html:18:37
2019-01-07 04:01:21|https://aframe.io/
2019-01-07 04:01:24|https://aframe.io/examples/showcase/helloworld/
2019-01-07 04:02:13|https://glitch.com/~aframe
2019-01-07 04:02:21|https://glitch.com/edit/#!/remix/aframe
2019-01-07 04:02:23|https://glitch.com/edit/#!/
2019-01-07 04:02:23|https://glitch.com/edit/#!/twilight-picture
2019-01-07 04:02:55|https://glitch.com/edit/#!/twilight-picture?path=README.md:1:0
2019-01-07 04:03:55|https://glitch.com/edit/#!/twilight-picture?path=index.html:11:66
2019-01-07 04:04:03|https://www.google.com/search?q=html+colour+code&ie=utf-8&oe=utf-8&client=firefox-b-ab
2019-01-07 04:04:34|https://www.rapidtables.com/web/color/html-color-codes.html
2019-01-07 04:05:29|https://glitch.com/edit/#!/twilight-picture?path=index.html:14:52
2019-01-07 04:05:37|https://glitch.com/edit/#!/twilight-picture?path=index.html:12:63
2019-01-07 04:06:41|https://glitch.com/edit/#!/twilight-picture?path=index.html:17:7
2019-01-07 04:06:42|https://twilight-picture.glitch.me/
2019-01-07 04:08:40|http://bit.ly/WIEC2019wifi
2019-01-07 04:08:43|https://adguest.unsw.edu.au/request/retreive/3jpKB@4Cr3235363234Ge0v8K6Up
2019-01-07 04:10:22|http://hotmail.com/
2019-01-07 04:10:22|https://outlook.live.com/owa/
2019-01-07 04:10:30|https://outlook.live.com/owa/#
2019-01-07 04:10:30|https://outlook.live.com/owa/?nlp=1
2019-01-07 04:10:31|https://login.live.com/login.srf?wa=wsignin1.0&rpsnv=13&ct=1546834230&rver=7.0.6737.0&wp=MBI_SSL&wreply=https%3a%2f%2foutlook.live.com%2fowa%2f%3fnlp%3d1%26RpsCsrfState%3da7b15c3c-6c25-60af-1328-24d7b53addd7&id=292841&CBCXT=out&lw=1&fl=dob%2cflname%2cwld&cobrandid=90015
2019-01-07 04:10:47|https://outlook.live.com/owa/#nlp=1&RpsCsrfState=a7b15c3c-6c25-60af-1328-24d7b53addd7&wa=wsignin1.0
2019-01-07 04:10:47|https://outlook.live.com/mail/#nlp=1&RpsCsrfState=a7b15c3c-6c25-60af-1328-24d7b53addd7&wa=wsignin1.0
2019-01-07 04:10:48|https://outlook.live.com/mail/inbox
2019-01-07 04:11:04|https://outlook.live.com/mail/junkemail
2019-01-07 04:11:06|https://outlook.live.com/mail/junkemail/id/AQMkADAwATY3ZmYAZS1lNjBhLWY4NWMtMDACLTAwCgBGAAAD3nQ7DTMaYU61Tf9Eefh9LQcAgpL8kVsXSEal8FUMDADFFUIAAAIBIQAAAIKS%2FJFbF0hGpfBVDAwAxRVCAAKKV0p2AAAA
2019-01-07 04:11:13|https://outlook.live.com/mail/junkemail
2019-01-07 04:11:15|https://outlook.live.com/mail/junkemail/id/AQMkADAwATY3ZmYAZS1lNjBhLWY4NWMtMDACLTAwCgBGAAAD3nQ7DTMaYU61Tf9Eefh9LQcAgpL8kVsXSEal8FUMDADFFUIAAAIBIQAAAIKS%2FJFbF0hGpfBVDAwAxRVCAAKKV0p1AAAA
2019-01-07 04:11:17|https://outlook.live.com/mail/junkemail
2019-01-07 04:11:19|https://outlook.live.com/mail/inbox
2019-01-07 04:11:21|https://outlook.live.com/mail/inbox/id/AQMkADAwATY3ZmYAZS1lNjBhLWY4NWMtMDACLTAwCgBGAAAD3nQ7DTMaYU61Tf9Eefh9LQcAgpL8kVsXSEal8FUMDADFFUIAAAIBDAAAAIKS%2FJFbF0hGpfBVDAwAxRVCAAKKV14SAAAA
2019-01-07 04:11:27|https://adguest.unsw.edu.au/request/confirm/nD7r5T7pX333039363834Le7@3LdgF
2019-01-07 04:13:35|https://outlook.live.com/mail/inbox/id/AQMkADAwATY3ZmYAZS1lNjBhLWY4NWMtMDACLTAwCgBGAAAD3nQ7DTMaYU61Tf9Eefh9LQcAgpL8kVsXSEal8FUMDADFFUIAAAIBDAAAAIKS%2FJFbF0hGpfBVDAwAxRVCAAKKV14TAAAA
2019-01-07 04:13:35|https://outlook.live.com/mail/inbox/id/AQMkADAwATY3ZmYAZS1lNjBhLWY4NWMtMDACLTAwCgBGAAAD3nQ7DTMaYU61Tf9Eefh9LQcAgpL8kVsXSEal8FUMDADFFUIAAAIBDAAAAIKS%2FJFbF0hGpfBVDAwAxRVCAAKKV14UAAAA
2019-01-07 04:13:36|https://outlook.live.com/mail/junkemail/id/AQMkADAwATY3ZmYAZS1lNjBhLWY4NWMtMDACLTAwCgBGAAAD3nQ7DTMaYU61Tf9Eefh9LQcAgpL8kVsXSEal8FUMDADFFUIAAAIBDAAAAIKS%2FJFbF0hGpfBVDAwAxRVCAAKKV14UAAAA
2019-01-07 04:13:38|https://outlook.live.com/mail/junkemail/id/AQMkADAwATY3ZmYAZS1lNjBhLWY4NWMtMDACLTAwCgBGAAAD3nQ7DTMaYU61Tf9Eefh9LQcAgpL8kVsXSEal8FUMDADFFUIAAAIBIQAAAIKS%2FJFbF0hGpfBVDAwAxRVCAAKDvSeDAAAA
2019-01-07 04:13:42|https://outlook.live.com/mail/junkemail
2019-01-07 04:13:46|https://outlook.live.com/mail/inbox
2019-01-07 04:13:47|https://outlook.live.com/mail/inbox/id/AQMkADAwATY3ZmYAZS1lNjBhLWY4NWMtMDACLTAwCgBGAAAD3nQ7DTMaYU61Tf9Eefh9LQcAgpL8kVsXSEal8FUMDADFFUIAAAIBDAAAAIKS%2FJFbF0hGpfBVDAwAxRVCAAKKV14VAAAA
2019-01-07 04:17:54|https://twilight-picture.glitch.me/
2019-01-07 04:17:55|https://twilight-picture.glitch.me/
2019-01-07 04:17:56|https://glitch.com/edit/#!/twilight-picture?path=index.html:12:65
2019-01-07 04:18:10|https://twilight-picture.glitch.me/
2019-01-07 04:18:13|https://twilight-picture.glitch.me/
2019-01-07 04:18:13|https://glitch.com/edit/#!/twilight-picture?path=index.html:13:79
2019-01-07 04:18:24|https://outlook.live.com/owa/logoff.owa
2019-01-07 04:18:25|https://login.live.com/logout.srf?ct=1546834705&rver=7.0.6737.0&id=292841&ru=https:%2F%2Foutlook.live.com%2Fowa%2Fcsignout.aspx%3F%253fumkt%3Den-AU%26exch%3D1%26RpsCsrfState%3Da7b15c3c-6c25-60af-1328-24d7b53addd7
2019-01-07 04:18:27|https://outlook.live.com/owa/csignout.aspx?%3fumkt=en-AU&exch=1&RpsCsrfState=a7b15c3c-6c25-60af-1328-24d7b53addd7&lc=1033
2019-01-07 04:18:27|http://www.msn.com/?ocid=mailsignout
2019-01-07 04:18:28|https://www.msn.com/en-au/?ocid=mailsignout
2019-01-07 04:18:47|https://twilight-picture.glitch.me/
2019-01-07 04:18:47|https://glitch.com/edit/#!/twilight-picture?path=index.html:14:87
2019-01-07 04:19:29|https://twilight-picture.glitch.me/
2019-01-07 04:19:30|https://twilight-picture.glitch.me/
2019-01-07 04:19:32|https://twilight-picture.glitch.me/
2019-01-07 04:19:32|https://glitch.com/edit/#!/twilight-picture?path=index.html:12:48
2019-01-07 04:19:54|https://twilight-picture.glitch.me/
2019-01-07 04:19:55|https://twilight-picture.glitch.me/
2019-01-07 04:19:56|https://glitch.com/edit/#!/twilight-picture?path=index.html:12:31
2019-01-07 04:19:56|https://twilight-picture.glitch.me/
2019-01-07 04:20:03|https://glitch.com/edit/#!/twilight-picture?path=index.html:12:34
2019-01-07 04:20:03|https://twilight-picture.glitch.me/
2019-01-07 04:20:15|https://twilight-picture.glitch.me/
2019-01-07 04:20:18|https://twilight-picture.glitch.me/
2019-01-07 04:20:21|https://twilight-picture.glitch.me/
2019-01-07 04:20:21|https://glitch.com/edit/#!/twilight-picture?path=index.html:12:36
2019-01-07 04:20:40|https://twilight-picture.glitch.me/
2019-01-07 04:20:43|https://glitch.com/edit/#!/twilight-picture?path=index.html:13:50
2019-01-07 04:20:43|https://twilight-picture.glitch.me/
2019-01-07 04:21:09|https://twilight-picture.glitch.me/
2019-01-07 04:21:11|https://twilight-picture.glitch.me/
2019-01-07 04:21:15|https://twilight-picture.glitch.me/
2019-01-07 04:21:19|https://twilight-picture.glitch.me/
2019-01-07 04:21:21|https://twilight-picture.glitch.me/
2019-01-07 04:21:22|https://twilight-picture.glitch.me/
2019-01-07 04:21:23|https://glitch.com/edit/#!/twilight-picture?path=index.html:11:47
2019-01-07 04:21:33|https://glitch.com/edit/#!/twilight-picture?path=index.html:11:64
2019-01-07 04:21:43|https://twilight-picture.glitch.me/
2019-01-07 04:21:54|https://twilight-picture.glitch.me/
2019-01-07 04:21:55|https://twilight-picture.glitch.me/
2019-01-07 04:21:56|https://twilight-picture.glitch.me/
2019-01-07 04:21:57|https://twilight-picture.glitch.me/
2019-01-07 04:21:58|https://twilight-picture.glitch.me/
2019-01-07 04:21:58|https://twilight-picture.glitch.me/
2019-01-07 04:22:00|https://twilight-picture.glitch.me/
2019-01-07 04:22:00|https://glitch.com/edit/#!/twilight-picture?path=index.html:11:47
2019-01-07 04:22:07|https://twilight-picture.glitch.me/
2019-01-07 04:22:09|https://twilight-picture.glitch.me/
2019-01-07 04:22:10|https://twilight-picture.glitch.me/
2019-01-07 04:22:11|https://twilight-picture.glitch.me/
2019-01-07 04:22:13|https://twilight-picture.glitch.me/
2019-01-07 04:22:14|https://twilight-picture.glitch.me/
2019-01-07 04:22:15|https://twilight-picture.glitch.me/
2019-01-07 04:22:15|https://glitch.com/edit/#!/twilight-picture?path=index.html:11:60
2019-01-07 04:22:27|https://glitch.com/edit/#!/twilight-picture?path=index.html:11:34
2019-01-07 04:22:27|https://twilight-picture.glitch.me/
2019-01-07 04:22:45|https://aframe.io/examples/showcase/hello-metaverse/
2019-01-07 04:23:19|https://aframe.io/examples/showcase/hello-metaverse/
2019-01-07 04:23:22|https://glitch.com/~aframe-vaporwave
2019-01-07 04:23:28|https://aframe-vaporwave.glitch.me/
2019-01-07 04:23:37|https://glitch.com/edit/#!/remix/aframe-vaporwave
2019-01-07 04:23:42|https://glitch.com/edit/#!/
2019-01-07 04:23:42|https://glitch.com/edit/#!/confused-clock
2019-01-07 04:24:05|https://glitch.com/edit/#!/confused-clock?path=index.html:1:0
2019-01-07 04:24:33|https://glitch.com/edit/#!/twilight-picture?path=index.html:5:21
2019-01-07 04:24:43|https://glitch.com/edit/#!/confused-clock?path=index.html:2:12
2019-01-07 04:25:41|https://glitch.com/edit/#!/confused-clock?path=index.html:31:68
2019-01-07 04:25:54|https://confused-clock.glitch.me/
2019-01-07 04:26:05|https://confused-clock.glitch.me/
2019-01-07 04:26:11|https://confused-clock.glitch.me/
2019-01-07 04:26:12|https://glitch.com/edit/#!/confused-clock?path=index.html:31:67
2019-01-07 04:27:03|https://glitch.com/edit/#!/confused-clock?path=index.html:46:36
2019-01-07 04:27:33|https://twilight-picture.glitch.me/
2019-01-07 04:27:39|https://twilight-picture.glitch.me/
2019-01-07 04:27:42|https://twilight-picture.glitch.me/
2019-01-07 04:27:43|https://twilight-picture.glitch.me/
2019-01-07 04:27:49|https://twilight-picture.glitch.me/
2019-01-07 04:27:52|https://twilight-picture.glitch.me/
2019-01-07 04:27:53|https://twilight-picture.glitch.me/
2019-01-07 04:27:54|https://glitch.com/edit/#!/twilight-picture?path=index.html:14:6
2019-01-07 04:27:59|https://www.google.com/search?q=comments+html&ie=utf-8&oe=utf-8&client=firefox-b-ab
2019-01-07 04:28:24|https://glitch.com/edit/#!/twilight-picture?path=index.html:17:7
2019-01-17 04:37:00|http://repl.it/
2019-01-17 04:37:01|https://repl.it/
2019-01-17 04:37:06|https://repl.it/login
2019-01-17 04:37:14|https://repl.it/repls
2019-01-17 04:37:18|https://repl.it/@kyria/b-e-e-website
2019-01-17 04:37:48|https://repl.it/repls
2019-01-17 04:37:53|https://repl.it/@kyria/no-bee
2019-01-17 04:40:09|https://no-bee--kyria.repl.co/
2019-01-17 04:40:57|http://bestanimations.com/Animals/Insects/Bees/Bees.html
2019-01-17 04:43:18|https://b-e-e-website--kyria.repl.co/
2019-01-17 04:43:44|https://b-e-e-website--kyria.repl.co/
2019-01-17 04:44:31|https://b-e-e-website--kyria.repl.co/
2019-01-17 04:48:29|https://b-e-e-website--kyria.repl.co/
2019-01-17 04:54:33|https://www.google.com/search?q=bee+facts&ie=utf-8&oe=utf-8&client=firefox-b-ab
2019-01-17 04:54:46|https://www.google.com/url?sa=t&rct=j&q=&esrc=s&source=web&cd=25&cad=rja&uact=8&ved=2ahUKEwjVjpaGg_TfAhULFHIKHZ_PA1cQFjAYegQIARAB&url=http%3A%2F%2Fwww.ontariohoney.ca%2Fkids-zone%2Fbee-facts&usg=AOvVaw1dTC1k62Fm360NwrbL7jZg
2019-01-17 04:54:47|http://www.ontariohoney.ca/kids-zone/bee-facts
2019-01-17 04:55:05|https://www.google.com/url?sa=t&rct=j&q=&esrc=s&source=web&cd=24&cad=rja&uact=8&ved=2ahUKEwjVjpaGg_TfAhULFHIKHZ_PA1cQFjAXegQIDRAB&url=https%3A%2F%2Fwww.beepods.com%2F101-fun-bee-facts-about-bees-and-beekeeping%2F&usg=AOvVaw30q9mKm2PPP4iZ_ON-RR_L
2019-01-17 04:55:06|https://www.beepods.com/101-fun-bee-facts-about-bees-and-beekeeping/
2019-01-17 05:07:33|https://www.google.com/search?q=html+href&ie=utf-8&oe=utf-8&client=firefox-b-ab
2019-01-17 05:07:36|https://www.w3schools.com/tags/att_a_href.asp
2019-01-17 05:09:41|https://b-e-e-website--kyria.repl.co/templates/beepage.html
2019-01-17 05:10:11|https://www.google.com/search?q=relative+links&ie=utf-8&oe=utf-8&client=firefox-b-ab
2019-01-17 05:10:16|https://www.w3schools.com/tags/att_link_href.asp
2019-01-17 05:10:32|https://www.coffeecup.com/help/articles/absolute-vs-relative-pathslinks/
2019-01-17 05:11:43|https://b-e-e-website--kyria.repl.co/beepage.html
2019-01-17 05:12:04|https://b-e-e-website--kyria.repl.co/templates/beepage.html
2019-01-17 05:12:40|https://repl.it/repls
2019-01-17 05:12:47|https://repl.it/logout
2019-01-17 05:12:47|https://repl.it/
2019-01-17 05:12:47|https://repl.it/repls
2019-01-17 05:12:48|https://repl.it/login?goto=%2Frepls
2019-01-17 05:12:59|https://repl.it/@kyria/no-bee
2019-01-17 05:13:01|https://repl.it/languages
1|https://www.mozilla.org/privacy/firefox/||1|0|13191301928000000|1|0
2|https://www.google.com/search?q=a-frame+mozilla&ie=utf-8&oe=utf-8&client=firefox-b-ab|a-frame mozilla - Google Search|1|1|13191301941000000|0|0
3|https://aframe.io/|A-Frame – Make WebVR|3|0|13191301944000000|0|0
4|https://aframe.io/examples/showcase/helloworld/|Hello WebVR – A-Frame|3|0|13191301946000000|0|0
5|https://glitch.com/~aframe|aframe|4|0|13191301951000000|0|0
6|https://glitch.com/edit/#!/remix/aframe|Glitch :･ﾟ✧|3|0|13191301958000000|0|0
7|https://glitch.com/edit/#!/|Glitch :･ﾟ✧|4|0|13191301961000000|0|0
8|https://glitch.com/edit/#!/habitual-knave|index.html – habitual-knave|1|0|13191301961000000|0|0
9|https://glitch.com/edit/#!/habitual-knave?path=index.html:1:0|index.html – habitual-knave|1|0|13191301976000000|0|0
10|https://habitual-knave.glitch.me/|Hello, WebVR! • A-Frame|1|0|13191301979000000|0|0
11|http://aframe.io/||1|1|13191303389000000|1|0
12|https://glitch.com/edit/#!/well-corn|index.html – well-corn|1|0|13191303620000000|0|0
13|https://glitch.com/edit/#!/well-corn?path=index.html:11:66|index.html – well-corn|1|0|13191303798000000|0|0
14|https://well-corn.glitch.me/|Hello, WebVR! • A-Frame|47|0|13191303799000000|0|0
15|https://glitch.com/edit/#!/well-corn?path=index.html:18:37|index.html – well-corn|1|0|13191304950000000|0|0
16|https://glitch.com/edit/#!/twilight-picture|README.md – twilight-picture|1|0|13191307343000000|0|0
17|https://glitch.com/edit/#!/twilight-picture?path=README.md:1:0|index.html – twilight-picture|1|0|13191307375000000|0|0
18|https://glitch.com/edit/#!/twilight-picture?path=index.html:11:66|index.html – twilight-picture|1|0|13191307435000000|0|0
19|https://www.google.com/search?q=html+colour+code&ie=utf-8&oe=utf-8&client=firefox-b-ab|html colour code - Google Search|1|1|13191307443000000|0|0
20|https://www.rapidtables.com/web/color/html-color-codes.html|HTML Color Codes Chart|1|0|13191307474000000|0|0
21|https://glitch.com/edit/#!/twilight-picture?path=index.html:14:52|index.html – twilight-picture|1|0|13191307529000000|0|0
22|https://glitch.com/edit/#!/twilight-picture?path=index.html:12:63|index.html – twilight-picture|1|0|13191307537000000|0|0
23|https://glitch.com/edit/#!/twilight-picture?path=index.html:17:7|index.html – twilight-picture|2|0|13191307601000000|0|0
24|https://twilight-picture.glitch.me/|Hello, WebVR! • A-Frame|47|0|13191307602000000|0|0
25|http://bit.ly/WIEC2019wifi||1|1|13191307720000000|1|0
26|http://hotmail.com/||1|1|13191307822000000|1|0
27|https://outlook.live.com/owa/#|Outlook.com - Microsoft free personal email|1|0|13191307830000000|0|0
28|https://outlook.live.com/owa/?nlp=1||1|0|13191307830000000|1|0
29|https://outlook.live.com/owa/#nlp=1&RpsCsrfState=a7b15c3c-6c25-60af-1328-24d7b53addd7&wa=wsignin1.0||1|0|13191307847000000|1|0
30|https://outlook.live.com/mail/inbox|Mail - LIN KWAN - Outlook|3|0|13191307848000000|0|0
31|https://outlook.live.com/mail/junkemail|Mail - LIN KWAN - Outlook|4|0|13191307864000000|0|0
32|https://outlook.live.com/mail/junkemail/id/AQMkADAwATY3ZmYAZS1lNjBhLWY4NWMtMDACLTAwCgBGAAAD3nQ7DTMaYU61Tf9Eefh9LQcAgpL8kVsXSEal8FUMDADFFUIAAAIBIQAAAIKS%2FJFbF0hGpfBVDAwAxRVCAAKKV0p2AAAA|Mail - LIN KWAN - Outlook|1|0|13191307866000000|0|0
33|https://outlook.live.com/mail/junkemail/id/AQMkADAwATY3ZmYAZS1lNjBhLWY4NWMtMDACLTAwCgBGAAAD3nQ7DTMaYU61Tf9Eefh9LQcAgpL8kVsXSEal8FUMDADFFUIAAAIBIQAAAIKS%2FJFbF0hGpfBVDAwAxRVCAAKKV0p1AAAA|Mail - LIN KWAN - Outlook|1|0|13191307875000000|0|0
34|https://outlook.live.com/mail/inbox/id/AQMkADAwATY3ZmYAZS1lNjBhLWY4NWMtMDACLTAwCgBGAAAD3nQ7DTMaYU61Tf9Eefh9LQcAgpL8kVsXSEal8FUMDADFFUIAAAIBDAAAAIKS%2FJFbF0hGpfBVDAwAxRVCAAKKV14SAAAA|Mail - LIN KWAN - Outlook|1|0|13191307881000000|0|0
35|https://adguest.unsw.edu.au/request/confirm/nD7r5T7pX333039363834Le7@3LdgF|Guest Management Portal|1|0|13191307887000000|0|0
36|https://outlook.live.com/mail/inbox/id/AQMkADAwATY3ZmYAZS1lNjBhLWY4NWMtMDACLTAwCgBGAAAD3nQ7DTMaYU61Tf9Eefh9LQcAgpL8kVsXSEal8FUMDADFFUIAAAIBDAAAAIKS%2FJFbF0hGpfBVDAwAxRVCAAKKV14TAAAA|Mail - LIN KWAN - Outlook|1|0|13191308015000000|0|0
37|https://outlook.live.com/mail/inbox/id/AQMkADAwATY3ZmYAZS1lNjBhLWY4NWMtMDACLTAwCgBGAAAD3nQ7DTMaYU61Tf9Eefh9LQcAgpL8kVsXSEal8FUMDADFFUIAAAIBDAAAAIKS%2FJFbF0hGpfBVDAwAxRVCAAKKV14UAAAA|Mail - LIN KWAN - Outlook|1|0|13191308015000000|0|0
38|https://outlook.live.com/mail/junkemail/id/AQMkADAwATY3ZmYAZS1lNjBhLWY4NWMtMDACLTAwCgBGAAAD3nQ7DTMaYU61Tf9Eefh9LQcAgpL8kVsXSEal8FUMDADFFUIAAAIBDAAAAIKS%2FJFbF0hGpfBVDAwAxRVCAAKKV14UAAAA|Mail - LIN KWAN - Outlook|1|0|13191308016000000|0|0
39|https://outlook.live.com/mail/junkemail/id/AQMkADAwATY3ZmYAZS1lNjBhLWY4NWMtMDACLTAwCgBGAAAD3nQ7DTMaYU61Tf9Eefh9LQcAgpL8kVsXSEal8FUMDADFFUIAAAIBIQAAAIKS%2FJFbF0hGpfBVDAwAxRVCAAKDvSeDAAAA|Mail - LIN KWAN - Outlook|1|0|13191308018000000|0|0
40|https://outlook.live.com/mail/inbox/id/AQMkADAwATY3ZmYAZS1lNjBhLWY4NWMtMDACLTAwCgBGAAAD3nQ7DTMaYU61Tf9Eefh9LQcAgpL8kVsXSEal8FUMDADFFUIAAAIBDAAAAIKS%2FJFbF0hGpfBVDAwAxRVCAAKKV14VAAAA|Mail - LIN KWAN - Outlook|1|0|13191308027000000|0|0
41|https://glitch.com/edit/#!/twilight-picture?path=index.html:12:65|index.html – twilight-picture|1|0|13191308276000000|0|0
42|https://glitch.com/edit/#!/twilight-picture?path=index.html:13:79|index.html – twilight-picture|1|0|13191308293000000|0|0
43|https://outlook.live.com/owa/logoff.owa||1|0|13191308304000000|0|0
44|https://login.live.com/logout.srf?ct=1546834705&rver=7.0.6737.0&id=292841&ru=https:%2F%2Foutlook.live.com%2Fowa%2Fcsignout.aspx%3F%253fumkt%3Den-AU%26exch%3D1%26RpsCsrfState%3Da7b15c3c-6c25-60af-1328-24d7b53addd7|Continue|1|0|13191308305000000|0|0
45|https://outlook.live.com/owa/csignout.aspx?%3fumkt=en-AU&exch=1&RpsCsrfState=a7b15c3c-6c25-60af-1328-24d7b53addd7&lc=1033||1|0|13191308307000000|1|0
46|https://glitch.com/edit/#!/twilight-picture?path=index.html:14:87|index.html – twilight-picture|1|0|13191308327000000|0|0
47|https://glitch.com/edit/#!/twilight-picture?path=index.html:12:48|index.html – twilight-picture|1|0|13191308372000000|0|0
48|https://glitch.com/edit/#!/twilight-picture?path=index.html:12:31|index.html – twilight-picture|1|0|13191308396000000|0|0
49|https://glitch.com/edit/#!/twilight-picture?path=index.html:12:34|index.html – twilight-picture|1|0|13191308403000000|0|0
50|https://glitch.com/edit/#!/twilight-picture?path=index.html:12:36|index.html – twilight-picture|1|0|13191308421000000|0|0
51|https://glitch.com/edit/#!/twilight-picture?path=index.html:13:50|index.html – twilight-picture|1|0|13191308443000000|0|0
52|https://glitch.com/edit/#!/twilight-picture?path=index.html:11:47|index.html – twilight-picture|2|0|13191308483000000|0|0
53|https://glitch.com/edit/#!/twilight-picture?path=index.html:11:64|index.html – twilight-picture|1|0|13191308493000000|0|0
54|https://glitch.com/edit/#!/twilight-picture?path=index.html:11:60|index.html – twilight-picture|1|0|13191308535000000|0|0
55|https://glitch.com/edit/#!/twilight-picture?path=index.html:11:34|index.html – twilight-picture|1|0|13191308547000000|0|0
56|https://aframe.io/examples/showcase/hello-metaverse/|Hello Metaverse – A-Frame|2|0|13191308565000000|0|0
57|https://glitch.com/~aframe-vaporwave|aframe-vaporwave|1|0|13191308602000000|0|0
58|https://aframe-vaporwave.glitch.me/|Vaporwave - A-Frame|1|0|13191308608000000|0|0
59|https://glitch.com/edit/#!/remix/aframe-vaporwave|Glitch :･ﾟ✧|1|0|13191308617000000|0|0
60|https://glitch.com/edit/#!/confused-clock|index.html – confused-clock|1|0|13191308622000000|0|0
61|https://glitch.com/edit/#!/confused-clock?path=index.html:1:0|index.html – confused-clock|1|0|13191308645000000|0|0
62|https://glitch.com/edit/#!/twilight-picture?path=index.html:5:21|index.html – twilight-picture|1|0|13191308673000000|0|0
63|https://glitch.com/edit/#!/confused-clock?path=index.html:2:12|index.html – confused-clock|1|0|13191308683000000|0|0
64|https://glitch.com/edit/#!/confused-clock?path=index.html:31:68|index.html – confused-clock|1|0|13191308741000000|0|0
65|https://confused-clock.glitch.me/|Vaporwave - A-Frame|3|0|13191308754000000|0|0
66|https://glitch.com/edit/#!/confused-clock?path=index.html:31:67|index.html – confused-clock|1|0|13191308772000000|0|0
67|https://glitch.com/edit/#!/confused-clock?path=index.html:46:36|index.html – confused-clock|1|0|13191308823000000|0|0
68|https://glitch.com/edit/#!/twilight-picture?path=index.html:14:6|index.html – twilight-picture|1|0|13191308874000000|0|0
69|https://www.google.com/search?q=comments+html&ie=utf-8&oe=utf-8&client=firefox-b-ab|comments html - Google Search|1|1|13191308879000000|0|0
70|https://www.google.com/search?q=python+3+check+for+pygame&oq=python+3+check+for+pygame&aqs=chrome..69i57j0.4274j0j4&sourceid=chrome&ie=UTF-8|python 3 check for pygame - Google Search|2|0|13191979091971015|0|0
71|https://stackoverflow.com/questions/37536936/checking-pygame-version|python - Checking Pygame Version - Stack Overflow|1|0|13191979047126086|0|0
72|https://www.google.com/search?ei=JQ89XO_tBNK5rQGKoafYBA&q=python+3+check+for+turtle&oq=python+3+check+for+turtle&gs_l=psy-ab.3..33i22i29i30l10.1269.3512..3596...0.0..0.248.1866.0j8j3......0....1..gws-wiz.......0i71j0j0i22i30._kaBIRt64qU|python 3 check for turtle - Google Search|3|0|13191979111822463|0|0
73|https://docs.python.org/3/library/turtle.html|turtle — Turtle graphics — Python 3.7.2 documentation|1|0|13191979099911960|0|0
74|https://stackoverflow.com/questions/46022945/python-how-to-check-all-the-time-if-turtle-in-position|Python - How to check all the time if Turtle in Position - Stack Overflow|1|0|13191979109615125|0|0
75|https://www.google.com/search?ei=Vw89XOedNMHf9QPx76awBw&q=python+3+check+for+turtle+library&oq=python+3+check+for+turtle+library&gs_l=psy-ab.3...6128.7559..7782...0.0..0.176.1232.0j8......0....1..gws-wiz.......0i71j33i22i29i30.HH3S0CkEJMQ|python 3 check for turtle library - Google Search|2|0|13191979149531917|0|0
76|https://stackoverflow.com/questions/21476627/how-to-install-turtlegraphics-in-python|turtle graphics - How to install turtlegraphics in python - Stack Overflow|1|0|13191979123660293|0|0
77|https://www.google.com/search?ei=cA89XPHeBM2o9QPdkrTgDg&q=python3+check+for+%3Bibrary&oq=python3+check+for+%3Bibrary&gs_l=psy-ab.3..33i21.2090.7644..7911...0.0..0.216.2534.0j17j1......0....1..gws-wiz.......0i71j0j0i10j0i22i30j0i22i10i30j33i160j33i13i21.EqziVBVi1ts|python3 check for ;ibrary - Google Search|2|0|13191979211485689|0|0
78|https://askubuntu.com/questions/588390/how-do-i-check-whether-a-module-is-installed-in-python-and-install-it-if-needed|command line - How do I check whether a module is installed in Python, and install it if needed? - Ask Ubuntu|1|0|13191979190443430|0|0
79|http://corgiorgy.com/|CORGI ORGY|1|1|13191993585508534|0|0
80|https://corgiorgy.com/|CORGI ORGY|3|0|13191996860612246|0|0
81|https://my.corgiorgy.com/|Gif Party Generator!!!|2|0|13191996859311750|0|0
