2019-01-17 23:41:05|https://www.mozilla.org/privacy/firefox/
2019-01-17 23:41:05|https://www.mozilla.org/en-US/privacy/firefox/
1|http://ctf.compclub.com.au:8000/|CompClub 2019 Summer CTF|2|1|13192091686470684|0|0
2|http://ctf.compclub.com.au:8000/invite?next=%2F|CompClub 2019 Summer CTF|2|0|13192091686470684|0|0
3|http://ctf.compclub.com.au:8000/invite/|CompClub 2019 Summer CTF|2|0|13192091686470684|0|0
4|https://www.google.com/search?q=tornado%2C+cookies+not+being+passed&oq=tornado%2C+cookies+not+being+passed&aqs=chrome..69i57.8592j0j7&sourceid=chrome&ie=UTF-8|tornado, cookies not being passed - Google Search|1|0|13192091839416237|0|0
5|https://www.google.com/search?ei=v8c-XIzwEcrbrQGsl6rIDg&q=tornado+ssid&oq=tornado+ssid&gs_l=psy-ab.3...11915.15723..15859...1.0..0.224.1804.0j11j1......0....1..gws-wiz.....0..0i71j0i67j0j0i131j0i131i67j0i22i30.HY0vW3zmAL0|tornado ssid - Google Search|1|0|13192091856400042|0|0
6|https://www.google.com/search?ei=0Mc-XLWyD8ioyAPJwrO4BA&q=tornado%2C+cookie+passing&oq=tornado%2C+cookie+passing&gs_l=psy-ab.3...86520.116504..116641...0.0..0.141.2929.0j23......0....1..gws-wiz.....0..0i71j0i67j0j0i131j0i22i30j33i160j33i21.4xYgu4WiCsk|tornado, cookie passing - Google Search|1|0|13192091973886690|0|0
7|https://www.tornadoweb.org/en/stable/guide/security.html|Authentication and security — Tornado 5.1.1 documentation|1|0|13192091978230581|0|0
8|https://www.google.com/search?q=chrome+disable+security&oq=chrome+disable+security&aqs=chrome..69i57j0l5.3511j0j7&sourceid=chrome&ie=UTF-8|chrome disable security - Google Search|1|0|13192092126538437|0|0
9|https://stackoverflow.com/questions/17679399/does-disable-web-security-work-in-chrome-anymore/36939693|Does --disable-web-security work in Chrome anymore? - Stack Overflow|1|0|13192092129993722|0|0
10|https://www.google.com/search?q=first+version+of+chrome&oq=first+version+of+chrome&aqs=chrome..69i57j0l5.4640j0j7&sourceid=chrome&ie=UTF-8|first version of chrome - Google Search|1|0|13192092188135623|0|0
11|https://www.google.com/search?ei=G8k-XOLdO5ev9QPKibbIBQ&q=download+old+chrome&oq=download+old+chrome&gs_l=psy-ab.3..0l8.4390.7003..7141...0.0..0.249.2730.0j16j2......0....1..gws-wiz.......0i71j0i67j0i131.ECq_ZWcv8S0|download old chrome - Google Search|1|0|13192092196288043|0|0
12|https://www.slimjet.com/chrome/google-chrome-old-version.php|Download older versions of Google Chrome for Windows, Linux and Mac|1|0|13192092200562925|0|0
13|https://www.google.com/search?q=repl%2C+css&oq=repl%2C+css&aqs=chrome..69i57j0l2.3183j0j7&sourceid=chrome&ie=UTF-8|repl, css - Google Search|2|0|13192092658204676|0|0
14|https://repl.it/languages/html|Repl.it - HarmlessWeakEquation|1|0|13192092650673652|0|0
15|https://repl.it/repls/HarmlessWeakEquation|Repl.it - HarmlessWeakEquation|2|0|13192092652111810|0|0
16|https://repl.it/site/languages/web_project|Repl.it - HTML, CSS, JS Compiler, REPL, and IDE|2|0|13192092664663075|0|0
17|https://www.google.com/search?q=repl%2C+cant+find+css&oq=repl%2C+cant+find+css&aqs=chrome..69i57.32288j0j7&sourceid=chrome&ie=UTF-8|repl, cant find css - Google Search|2|0|13192092796545610|0|0
18|https://github.com/sveltejs/svelte/issues/535|Appending CSS to document.head does not work in REPL · Issue #535 · sveltejs/svelte · GitHub|1|0|13192092785489853|0|0
19|https://www.google.com/search?q=python&oq=python&aqs=chrome..69i57j0l5.1922j0j7&sourceid=chrome&ie=UTF-8|python - Google Search|1|0|13192242129631417|0|0
20|https://www.google.com/search?ei=0RJBXNCjH5b59QOJ4bCADA&q=repl&oq=repl&gs_l=psy-ab.3..0i67l9j0.3744.5982..7585...0.0..0.210.1463.0j8j1......0....1..gws-wiz.....0..0i71j0i131j0i131i67.D07zYC-hgO8|repl - Google Search|1|0|13192242138087588|0|0
21|https://www.google.com/search?ei=2RJBXJPJOsmm9QPRwp24BQ&q=repl.it&oq=repl.it&gs_l=psy-ab.3..0l10.3110.3723..4134...0.0..0.126.356.0j3......0....1..gws-wiz.......0i71j0i10.fBc8-KMUFOU|repl.it - Google Search|1|0|13192242142913449|0|0
22|https://repl.it/|Repl.it - The world's leading online coding platform|4|0|13192243020962265|0|0
23|https://repl.it/login|Repl.it - Log In|2|0|13192242210862839|0|0
24|https://repl.it/auth/google/get?close=1|Forwarding ...|1|0|13192242218965178|0|0
25|https://accounts.google.com/o/oauth2/v2/auth?access_type=offline&response_type=code&redirect_uri=https%3A%2F%2Frepl.it%2Fauth%2Fgoogle%2Fcallback&scope=email%20profile&state=close%3D1&client_id=551333139604-3e6vevagfdvcipqacu0qtfbpkb6285h9.apps.googleusercontent.com|Forwarding ...|1|0|13192242218965178|0|0
26|https://accounts.google.com/signin/oauth?client_id=551333139604-3e6vevagfdvcipqacu0qtfbpkb6285h9.apps.googleusercontent.com&as=sex044bv6z-TkAbPAiNpjg&destination=https://repl.it&approval_state=!ChRyX0pyNzJZd3BkdVZ1eFdVdF9rSRIfOHd3SnY4R1N2VGNmOEhuU1JuY2dubXB1LVMzamhSWQ%E2%88%99APNbktkAAAAAXEJkqhNqhELB_-aDjpxZl_iHpTCOqwLl&oauthgdpr=1&xsrfsig=ChkAeAh8T24-800tmfjpUVe0wIx6kw8aQ9mJEg5hcHByb3ZhbF9zdGF0ZRILZGVzdGluYXRpb24SBXNvYWN1Eg9vYXV0aHJpc2t5c2NvcGU|Sign in – Google accounts|3|0|13192242219704658|0|0
27|https://accounts.google.com/signin/oauth/identifier?client_id=551333139604-3e6vevagfdvcipqacu0qtfbpkb6285h9.apps.googleusercontent.com&as=sex044bv6z-TkAbPAiNpjg&destination=https%3A%2F%2Frepl.it&approval_state=!ChRyX0pyNzJZd3BkdVZ1eFdVdF9rSRIfOHd3SnY4R1N2VGNmOEhuU1JuY2dubXB1LVMzamhSWQ%E2%88%99APNbktkAAAAAXEJkqhNqhELB_-aDjpxZl_iHpTCOqwLl&oauthgdpr=1&xsrfsig=ChkAeAh8T24-800tmfjpUVe0wIx6kw8aQ9mJEg5hcHByb3ZhbF9zdGF0ZRILZGVzdGluYXRpb24SBXNvYWN1Eg9vYXV0aHJpc2t5c2NvcGU&flowName=GeneralOAuthFlow||1|0|13192242219803491|0|0
28|https://accounts.google.com/samlredirect?domain=stcatherines.nsw.edu.au&TL=AHnYQLxb5INhv85SEHJz6LT12oEMPbhFAshcdW7fDmQ-SVur2YdMkmOTm8l4EZa16fVa50IKrSDphXtaheMHuqbX_DqBWjZdb-54TTgxjKvDVnYk35WuJefTNm6qlvWrXAkQ5oujWjHPSa5jrBUGukQKPEQArTwZXsrsVKrm6LN1h09xpGdd7xI&continue=https%3A%2F%2Faccounts.google.com%2Fsignin%2Foauth%2Fconsent%3Fauthuser%3Dunknown%26part%3DAJi8hAMmY-qrYvvkAzAyDu6M_ImLgNwFMA8nqGTQ2phOG6e77iTNBKfvFzMDgUnZ5CGJED2OUCuCH2n9vYi9sqpHxlzfg559w75KNX5Mh03rV8YKvNnlH-SZB1drR-CzMyoXiffubLKnlFxfBg4f7qLiqYzTm55V8jaZP30uyEFyN4fa7RoqDZZMohp_yrntFFg4Uw-GOp8rY5pj8_gHPTSDzN-rU3YwTWoaySfZeuFhrc79p1-J8MP6Q2hf-rZh7DCIW5FkExhDlilfa3HFGjyqNs2To1olam96VwmqPiAIHdmQlozq5mf97C4iDIS81UMqiQFhlGrFOLIszOB-gN2mWHlcBHNuWqTv2M9mkLaO7wg4ZN7IiuHKhVDJbLuBRXpvVCQZS7H2YLqzgSGG2dF3tSa8nxr3zsjyuv5fHO6oblupgLM03aM%26as%3Dsex044bv6z-TkAbPAiNpjg%23|Sign in to your account|1|0|13192242243044636|0|0
29|https://login.microsoftonline.com/2f06a198-16ac-40dd-981e-57be178bbbd5/saml2?SAMLRequest=jZJPT9wwEMXvSP0Olu%2F5tyAVrE3QAkKsBCViA4feHGeSuDjjrcfelG9PNgsqPYB6fZ6Z93vjWZ7%2FGQzbgSNtMedZnHIGqGyjscv5Y3UdnfLz4tvRkuRgtmIVfI8P8DsAeTZ1Ion5IefBobCSNAmUA5DwSmxWd7diEadi66y3yhrO1lc5N7WWGmRtALGtoe27DlRnmrZ5rrtW1tjjL9krxdnTO9Zij7UmCrBG8hL9JKXZWZRmUfa9WhyLkxORLn5yVr45XWg8JPgKqz4UkbipqjIq7zfVPGCnG3A%2Fpuqcd9Z2BmJlh719KYn0bpJbaQg4WxGB8xPgpUUKA7gNuJ1W8Phwm%2FPe%2By2JJBnHMf47JpEJeSV9D04jUIw0xtCEWIZEKuLFvGYxJ3Uf9vt1DvnOwYv%2FcVomH0yKt4%2Fd511fldZo9cJWxtjx0oH0U1jvwpT12rpB%2Bs85sjibFd1E7VwqAtIWlG41NJwlxcH13wua7uoV&RelayState=https%3A%2F%2Faccounts.google.com%2FCheckCookie%3Fplt%3DAKgnsbsNGMP-iWckUvH2v3_TlhgjkABd3TPOoP_I9wNcpPfMzse2BEiSaFzJgJFVldXLG4LJfUe_BQVloQhtuaPgD6aPpNDtc2IugyLeAcrbyXnBHkOg5bF79G2dRQPlNw6GFMFwzEP7j2r1wDmobxh5DyKaj618mNrCR54E6KBrVPg5evCLi40ohTb6dEXP-L3xzm1GrMABWACruFR5lxZioWl2ULHit4cFYe_J3ggObhkPu4bR6FW8bM8kclbUOdKIXY2iXpH_%26continue%3Dhttps%253A%252F%252Faccounts.google.com%252Fsignin%252Foauth%252Fconsent%253Fauthuser%253Dunknown%2526part%253DAJi8hAMmY-qrYvvkAzAyDu6M_ImLgNwFMA8nqGTQ2phOG6e77iTNBKfvFzMDgUnZ5CGJED2OUCuCH2n9vYi9sqpHxlzfg559w75KNX5Mh03rV8YKvNnlH-SZB1drR-CzMyoXiffubLKnlFxfBg4f7qLiqYzTm55V8jaZP30uyEFyN4fa7RoqDZZMohp_yrntFFg4Uw-GOp8rY5pj8_gHPTSDzN-rU3YwTWoaySfZeuFhrc79p1-J8MP6Q2hf-rZh7DCIW5FkExhDlilfa3HFGjyqNs2To1olam96VwmqPiAIHdmQlozq5mf97C4iDIS81UMqiQFhlGrFOLIszOB-gN2mWHlcBHNuWqTv2M9mkLaO7wg4ZN7IiuHKhVDJbLuBRXpvVCQZS7H2YLqzgSGG2dF3tSa8nxr3zsjyuv5fHO6oblupgLM03aM%2526as%253Dsex044bv6z-TkAbPAiNpjg%2523|Sign in to your account|4|0|13192242264284671|0|0
30|https://login.microsoftonline.com/2f06a198-16ac-40dd-981e-57be178bbbd5/login|Sign in to your account|7|0|13192242279809178|0|0
31|https://login.microsoftonline.com/kmsi|Working...|1|0|13192242284789134|0|0
32|https://www.google.com/a/stcatherines.nsw.edu.au/acs|Redirecting...|1|0|13192242285143990|0|0
33|https://www.google.com/accounts/signin/continue?sarp=1&continue=https%3A%2F%2Faccounts.google.com%2Fsignin%2Foauth%2Fconsent%3Fauthuser%3Dunknown%26part%3DAJi8hAMmY-qrYvvkAzAyDu6M_ImLgNwFMA8nqGTQ2phOG6e77iTNBKfvFzMDgUnZ5CGJED2OUCuCH2n9vYi9sqpHxlzfg559w75KNX5Mh03rV8YKvNnlH-SZB1drR-CzMyoXiffubLKnlFxfBg4f7qLiqYzTm55V8jaZP30uyEFyN4fa7RoqDZZMohp_yrntFFg4Uw-GOp8rY5pj8_gHPTSDzN-rU3YwTWoaySfZeuFhrc79p1-J8MP6Q2hf-rZh7DCIW5FkExhDlilfa3HFGjyqNs2To1olam96VwmqPiAIHdmQlozq5mf97C4iDIS81UMqiQFhlGrFOLIszOB-gN2mWHlcBHNuWqTv2M9mkLaO7wg4ZN7IiuHKhVDJbLuBRXpvVCQZS7H2YLqzgSGG2dF3tSa8nxr3zsjyuv5fHO6oblupgLM03aM%26as%3Dsex044bv6z-TkAbPAiNpjg%23&plt=AKgnsbvtUAP-wCGbxMga8n5p8_VGWWIsGlZW_7y_CPx9gRcgHTu-4mzre9peQ6yPiMOKMYAEW3GEzk3eFkHKxppLSfT5E5T81pYenjJPJZuMFQUhDuvxcbPq1siOxIDbPtJpqAumu9zJ6QhdTv1gOuMnS539Af3cbop_K_uZMqlOOVY4EbynO7oeOn78C31-VE32ZP2nX2XvvBa6lZCyBjRywAviEjmN92SyNHBQB7Zg6vdEe7q9x4Wl5PBRPoZo6m7Yu7ycLj7C&PersistentCookie=1&scc=0|Redirecting|1|0|13192242286030783|0|0
34|https://accounts.google.com/signin/continue?sarp=1&continue=https%3A%2F%2Faccounts.google.com%2Fsignin%2Foauth%2Fconsent%3Fauthuser%3Dunknown%26part%3DAJi8hAMmY-qrYvvkAzAyDu6M_ImLgNwFMA8nqGTQ2phOG6e77iTNBKfvFzMDgUnZ5CGJED2OUCuCH2n9vYi9sqpHxlzfg559w75KNX5Mh03rV8YKvNnlH-SZB1drR-CzMyoXiffubLKnlFxfBg4f7qLiqYzTm55V8jaZP30uyEFyN4fa7RoqDZZMohp_yrntFFg4Uw-GOp8rY5pj8_gHPTSDzN-rU3YwTWoaySfZeuFhrc79p1-J8MP6Q2hf-rZh7DCIW5FkExhDlilfa3HFGjyqNs2To1olam96VwmqPiAIHdmQlozq5mf97C4iDIS81UMqiQFhlGrFOLIszOB-gN2mWHlcBHNuWqTv2M9mkLaO7wg4ZN7IiuHKhVDJbLuBRXpvVCQZS7H2YLqzgSGG2dF3tSa8nxr3zsjyuv5fHO6oblupgLM03aM%26as%3Dsex044bv6z-TkAbPAiNpjg%23&plt=AKgnsbvtUAP-wCGbxMga8n5p8_VGWWIsGlZW_7y_CPx9gRcgHTu-4mzre9peQ6yPiMOKMYAEW3GEzk3eFkHKxppLSfT5E5T81pYenjJPJZuMFQUhDuvxcbPq1siOxIDbPtJpqAumu9zJ6QhdTv1gOuMnS539Af3cbop_K_uZMqlOOVY4EbynO7oeOn78C31-VE32ZP2nX2XvvBa6lZCyBjRywAviEjmN92SyNHBQB7Zg6vdEe7q9x4Wl5PBRPoZo6m7Yu7ycLj7C&PersistentCookie=1&scc=0|Redirecting|1|0|13192242286030783|0|0
35|https://accounts.google.com/CheckCookie?sarp=1&scc=0&chtml=LoginDoneHtml&continue=https%3A%2F%2Faccounts.google.com%2Fsignin%2Foauth%2Fconsent%3Fauthuser%3Dunknown%26part%3DAJi8hAMmY-qrYvvkAzAyDu6M_ImLgNwFMA8nqGTQ2phOG6e77iTNBKfvFzMDgUnZ5CGJED2OUCuCH2n9vYi9sqpHxlzfg559w75KNX5Mh03rV8YKvNnlH-SZB1drR-CzMyoXiffubLKnlFxfBg4f7qLiqYzTm55V8jaZP30uyEFyN4fa7RoqDZZMohp_yrntFFg4Uw-GOp8rY5pj8_gHPTSDzN-rU3YwTWoaySfZeuFhrc79p1-J8MP6Q2hf-rZh7DCIW5FkExhDlilfa3HFGjyqNs2To1olam96VwmqPiAIHdmQlozq5mf97C4iDIS81UMqiQFhlGrFOLIszOB-gN2mWHlcBHNuWqTv2M9mkLaO7wg4ZN7IiuHKhVDJbLuBRXpvVCQZS7H2YLqzgSGG2dF3tSa8nxr3zsjyuv5fHO6oblupgLM03aM%26as%3Dsex044bv6z-TkAbPAiNpjg%26rapt%3DAEjHL4OWFHNVeUQWXEe0xt_lmEEReH7w9fwkslmLeCiKFj6fNBsGpclOGjFNJ0YO9FkiUibXprGgdFm6c4g7fSWC8KEZnP0JoA%23&gidl=EgIIAA|Redirecting|1|0|13192242286030783|0|0
36|https://accounts.google.com.au/accounts/SetSID?ssdc=1&sidt=ALWU2cvXTKXvNfc788u3txZMNw9A0gSd96xNIs0wiTr4bysbQ%2Fp%2BV7Tr59z3JtJfFq%2BGbeNWOO8rCd%2FgthdFiPH02crFi9BQTY%2Fp3FHH%2BzyZ32Xt%2Bsz6VKThgMgBoruGVPhsZtRD2SrgCuswo6SiOBPpYDJmxq0YqWvFphdoMf6vmgCMSjwuGcdRBNwkvVIRw4%2B05coh8KBsnzy%2BpswgdJI%2B2McAHswlmhp9VhUw4itwwOBfN2SH6n%2BIiq4lecQmI34pVKtrHGZsWpg4E24qijyR3vYQ9itO8A%3D%3D&continue=https%3A%2F%2Faccounts.google.com%2Fsignin%2Foauth%2Fconsent%3Fauthuser%3D0%26part%3DAJi8hAMmY-qrYvvkAzAyDu6M_ImLgNwFMA8nqGTQ2phOG6e77iTNBKfvFzMDgUnZ5CGJED2OUCuCH2n9vYi9sqpHxlzfg559w75KNX5Mh03rV8YKvNnlH-SZB1drR-CzMyoXiffubLKnlFxfBg4f7qLiqYzTm55V8jaZP30uyEFyN4fa7RoqDZZMohp_yrntFFg4Uw-GOp8rY5pj8_gHPTSDzN-rU3YwTWoaySfZeuFhrc79p1-J8MP6Q2hf-rZh7DCIW5FkExhDlilfa3HFGjyqNs2To1olam96VwmqPiAIHdmQlozq5mf97C4iDIS81UMqiQFhlGrFOLIszOB-gN2mWHlcBHNuWqTv2M9mkLaO7wg4ZN7IiuHKhVDJbLuBRXpvVCQZS7H2YLqzgSGG2dF3tSa8nxr3zsjyuv5fHO6oblupgLM03aM%26as%3Dsex044bv6z-TkAbPAiNpjg%26rapt%3DAEjHL4OWFHNVeUQWXEe0xt_lmEEReH7w9fwkslmLeCiKFj6fNBsGpclOGjFNJ0YO9FkiUibXprGgdFm6c4g7fSWC8KEZnP0JoA%23|Redirecting|1|0|13192242286030783|0|0
37|https://accounts.google.com.au/accounts/SetSID||1|0|13192242286041323|0|0
38|https://accounts.google.com/signin/oauth/consent?authuser=0&part=AJi8hAMmY-qrYvvkAzAyDu6M_ImLgNwFMA8nqGTQ2phOG6e77iTNBKfvFzMDgUnZ5CGJED2OUCuCH2n9vYi9sqpHxlzfg559w75KNX5Mh03rV8YKvNnlH-SZB1drR-CzMyoXiffubLKnlFxfBg4f7qLiqYzTm55V8jaZP30uyEFyN4fa7RoqDZZMohp_yrntFFg4Uw-GOp8rY5pj8_gHPTSDzN-rU3YwTWoaySfZeuFhrc79p1-J8MP6Q2hf-rZh7DCIW5FkExhDlilfa3HFGjyqNs2To1olam96VwmqPiAIHdmQlozq5mf97C4iDIS81UMqiQFhlGrFOLIszOB-gN2mWHlcBHNuWqTv2M9mkLaO7wg4ZN7IiuHKhVDJbLuBRXpvVCQZS7H2YLqzgSGG2dF3tSa8nxr3zsjyuv5fHO6oblupgLM03aM&as=sex044bv6z-TkAbPAiNpjg&rapt=AEjHL4OWFHNVeUQWXEe0xt_lmEEReH7w9fwkslmLeCiKFj6fNBsGpclOGjFNJ0YO9FkiUibXprGgdFm6c4g7fSWC8KEZnP0JoA#||1|0|13192242289125528|0|0
39|https://repl.it/auth/google/callback?state=close%3D1&code=4%2F1QCeJtCTrEtMJZdzgydZ5YwGH4BtikojLmlGmkvpfkOl7NP17yIBO9k7N84mIMX5KOkKUVByiI6GTqn-6Yp2BXM&scope=email+profile+https%3A%2F%2Fwww.googleapis.com%2Fauth%2Fuserinfo.email+https%3A%2F%2Fwww.googleapis.com%2Fauth%2Fuserinfo.profile#||1|0|13192242289125528|0|0
40|https://repl.it/auth/close#||1|0|13192242289125528|0|0
41|https://repl.it/repls|Repl.it - Repls|3|0|13192243036493157|0|0
42|https://repl.it/@AmyClark1/MagentaDefenselessPatch?folderId=|Repl.it - MagentaDefenselessPatch|1|0|13192242298516776|0|0
43|http://summer2019.compclub.com/||2|1|13192242425694748|0|0
44|http://compclub.com/|CompClub.com|2|0|13192242426018839|0|0
45|http://summer2019.compclub.com.au/|Welcome to the CompClub Summer Spy School | CompClub 2019 Summer Workshops|1|1|13192242450431321|0|0
46|https://summer2019.compclub.com.au/|Welcome to the CompClub Summer Spy School | CompClub 2019 Summer Workshops|2|0|13192242588783301|0|0
47|https://summer2019.compclub.com.au/day5|CompClub 2019 Summer Workshops|3|0|13192242590206905|0|0
48|https://docs.google.com/presentation/d/1ykIUm1xAKMforvTPeqvXMdC4DZlnWOg604ekaybhiOs|SecTalk | HTTP(S) Security - Google Slides|2|0|13192242467338704|0|0
49|https://docs.google.com/presentation/d/1ykIUm1xAKMforvTPeqvXMdC4DZlnWOg604ekaybhiOs/|SecTalk | HTTP(S) Security - Google Slides|2|0|13192242467338704|0|0
50|https://docs.google.com/presentation/d/1ykIUm1xAKMforvTPeqvXMdC4DZlnWOg604ekaybhiOs/edit|SecTalk | HTTP(S) Security - Google Slides|4|0|13192242467904444|0|0
51|https://docs.google.com/presentation/d/1ykIUm1xAKMforvTPeqvXMdC4DZlnWOg604ekaybhiOs/edit#slide=id.p3||1|0|13192242469177105|0|0
52|https://docs.google.com/presentation/d/1ykIUm1xAKMforvTPeqvXMdC4DZlnWOg604ekaybhiOs/edit#slide=id.g4978d0c231_0_4||1|0|13192242471910756|0|0
53|https://docs.google.com/presentation/d/1ykIUm1xAKMforvTPeqvXMdC4DZlnWOg604ekaybhiOs/edit#slide=id.g487950190f_0_59||1|0|13192242472965358|0|0
54|https://docs.google.com/presentation/d/1ykIUm1xAKMforvTPeqvXMdC4DZlnWOg604ekaybhiOs/edit#slide=id.g487950190f_0_50||1|0|13192242473477801|0|0
55|https://docs.google.com/presentation/d/1ykIUm1xAKMforvTPeqvXMdC4DZlnWOg604ekaybhiOs/edit#||1|0|13192242474041147|0|0
56|https://docs.google.com/presentation/d/1kyRsC1-PMJu4UndE6psUHJHuTHX7W6cuYRod1jq3QJY|CSE CompClub 2019 Summer - Security Day - Google Slides|1|0|13192242487844136|0|0
57|https://docs.google.com/presentation/d/1kyRsC1-PMJu4UndE6psUHJHuTHX7W6cuYRod1jq3QJY/|CSE CompClub 2019 Summer - Security Day - Google Slides|1|0|13192242487844136|0|0
58|https://docs.google.com/presentation/d/1kyRsC1-PMJu4UndE6psUHJHuTHX7W6cuYRod1jq3QJY/edit|CSE CompClub 2019 Summer - Security Day - Google Slides|2|0|13192242488255896|0|0
59|https://docs.google.com/presentation/d/1kyRsC1-PMJu4UndE6psUHJHuTHX7W6cuYRod1jq3QJY/edit#slide=id.p1||1|0|13192242489908076|0|0
60|https://docs.google.com/presentation/d/1kyRsC1-PMJu4UndE6psUHJHuTHX7W6cuYRod1jq3QJY/edit#slide=id.g3d022b32ae_0_0||2|0|13192242498364730|0|0
61|https://docs.google.com/presentation/d/1kyRsC1-PMJu4UndE6psUHJHuTHX7W6cuYRod1jq3QJY/edit#slide=id.g3d022b32ae_0_5||3|0|13192242505622124|0|0
62|https://docs.google.com/presentation/d/1kyRsC1-PMJu4UndE6psUHJHuTHX7W6cuYRod1jq3QJY/edit#slide=id.g4c07aed684_0_2||2|0|13192242507197507|0|0
63|https://docs.google.com/presentation/d/1kyRsC1-PMJu4UndE6psUHJHuTHX7W6cuYRod1jq3QJY/edit#slide=id.g4891b805bc_0_5||2|0|13192242510334755|0|0
64|https://docs.google.com/presentation/d/1kyRsC1-PMJu4UndE6psUHJHuTHX7W6cuYRod1jq3QJY/edit#slide=id.g4be45cc0c3_1_52||1|0|13192242512286097|0|0
65|https://docs.google.com/presentation/d/1kyRsC1-PMJu4UndE6psUHJHuTHX7W6cuYRod1jq3QJY/edit#slide=id.g4d923ccbc0_0_106||1|0|13192242517095754|0|0
66|https://docs.google.com/presentation/d/1kyRsC1-PMJu4UndE6psUHJHuTHX7W6cuYRod1jq3QJY/edit#slide=id.g4d923ccbc0_0_115||1|0|13192242518075295|0|0
67|https://docs.google.com/presentation/d/1kyRsC1-PMJu4UndE6psUHJHuTHX7W6cuYRod1jq3QJY/edit#slide=id.g445c8f4c5882998c_53||1|0|13192242520265348|0|0
68|https://docs.google.com/presentation/d/1kyRsC1-PMJu4UndE6psUHJHuTHX7W6cuYRod1jq3QJY/edit#slide=id.g4d61f71165_0_80||6|0|13192244386899230|0|0
69|https://docs.google.com/presentation/d/1kyRsC1-PMJu4UndE6psUHJHuTHX7W6cuYRod1jq3QJY/edit#slide=id.g4d61f71165_0_70||4|0|13192245595105341|0|0
70|https://docs.google.com/presentation/d/1kyRsC1-PMJu4UndE6psUHJHuTHX7W6cuYRod1jq3QJY/edit#slide=id.g4d61f71165_0_50||4|0|13192245594630384|0|0
71|https://docs.google.com/presentation/d/1kyRsC1-PMJu4UndE6psUHJHuTHX7W6cuYRod1jq3QJY/edit#slide=id.g4c21576342_0_61||2|0|13192245596703242|0|0
72|https://summer2019.compclub.com.au/day5/code|CompClub 2019 Summer Workshops|1|0|13192242594608069|0|0
73|https://repl.it/@featherbear/LesserSignifiedBeings|Repl.it - LesserSignifiedBeings|4|0|13192245634599449|0|0
74|https://www.google.com/search?q=repl.iy&oq=repl.iy&aqs=chrome..69i57j0l4j5.2713j0j7&sourceid=chrome&ie=UTF-8|repl.iy - Google Search|1|0|13192243018966250|0|0
75|https://repl.it/languages|Repl.it - Select a Language|1|0|13192243041143384|0|0
76|https://repl.it/@AmyClark1/VibrantTragicSpheres?folderId=|Repl.it - VibrantTragicSpheres|2|0|13192245617563635|0|0
77|https://www.google.com/search?q=uses+of+and+and+or&oq=uses+of+and+and+or&aqs=chrome..69i57j0l5.3495j0j7&sourceid=chrome&ie=UTF-8|uses of and and or - Google Search|1|0|13192243247686386|0|0
78|https://www.google.com/search?ei=LxdBXIPJIs--9QPq472QDg&q=bitwise+uses+of+and+and+or&oq=bitwise+uses+of+and+and+or&gs_l=psy-ab.3...4879.6501..6630...0.0..0.193.1028.0j7......0....1..gws-wiz.......0i71.AaJGemhp5cA|bitwise uses of and and or - Google Search|1|0|13192243255289054|0|0
79|https://stackoverflow.com/questions/2096916/real-world-use-cases-of-bitwise-operators|language agnostic - Real world use cases of bitwise operators - Stack Overflow|1|0|13192243259673406|0|0
80|https://docs.google.com/presentation/d/1kyRsC1-PMJu4UndE6psUHJHuTHX7W6cuYRod1jq3QJY/edit#slide=id.g4c07aed684_0_70||1|0|13192244228568842|0|0
81|https://docs.google.com/presentation/d/1kyRsC1-PMJu4UndE6psUHJHuTHX7W6cuYRod1jq3QJY/edit#slide=id.g4d61f71165_0_10||1|0|13192244230456415|0|0
82|https://docs.google.com/presentation/d/1kyRsC1-PMJu4UndE6psUHJHuTHX7W6cuYRod1jq3QJY/edit#slide=id.g4d61f71165_0_90||3|0|13192244387373085|0|0
83|https://docs.google.com/presentation/d/1kyRsC1-PMJu4UndE6psUHJHuTHX7W6cuYRod1jq3QJY/edit#slide=id.g4d61f71165_0_116||1|0|13192244392144418|0|0
84|https://docs.google.com/presentation/d/1kyRsC1-PMJu4UndE6psUHJHuTHX7W6cuYRod1jq3QJY/edit#slide=id.g4d61f71165_0_125||1|0|13192244412097181|0|0
85|https://docs.google.com/presentation/d/1kyRsC1-PMJu4UndE6psUHJHuTHX7W6cuYRod1jq3QJY/edit#slide=id.g4d923ccbc0_0_23||1|0|13192244470401251|0|0
86|https://docs.google.com/presentation/d/1kyRsC1-PMJu4UndE6psUHJHuTHX7W6cuYRod1jq3QJY/edit#slide=id.g4d923ccbc0_0_39||4|0|13192244625384125|0|0
87|https://docs.google.com/presentation/d/1kyRsC1-PMJu4UndE6psUHJHuTHX7W6cuYRod1jq3QJY/edit#slide=id.g4d923ccbc0_0_66||4|0|13192244628675322|0|0
88|https://www.google.com/search?q=incoherency+lsb+steg&oq=incoherency+lsb+steg&aqs=chrome..69i57.4304j0j7&sourceid=chrome&ie=UTF-8|incoherency lsb steg - Google Search|1|0|13192245006167791|0|0
89|https://incoherency.co.uk/image-steganography/|Image Steganography|1|0|13192245011151877|0|0
90|https://docs.google.com/presentation/d/1kyRsC1-PMJu4UndE6psUHJHuTHX7W6cuYRod1jq3QJY/edit#slide=id.g4d923ccbc0_0_55||1|0|13192245260805892|0|0
91|https://docs.google.com/presentation/d/1kyRsC1-PMJu4UndE6psUHJHuTHX7W6cuYRod1jq3QJY/edit#slide=id.g4d923ccbc0_0_123||3|0|13192245591250924|0|0
92|https://docs.google.com/presentation/d/1kyRsC1-PMJu4UndE6psUHJHuTHX7W6cuYRod1jq3QJY/edit#slide=id.g4d923ccbc0_0_131||1|0|13192245328028487|0|0
93|https://docs.google.com/presentation/d/1kyRsC1-PMJu4UndE6psUHJHuTHX7W6cuYRod1jq3QJY/edit#slide=id.g445c8f4c5882998c_15||1|0|13192245333054167|0|0
94|https://docs.google.com/presentation/d/1kyRsC1-PMJu4UndE6psUHJHuTHX7W6cuYRod1jq3QJY/edit#slide=id.g4d8f0f26c2_0_6||2|0|13192245377327194|0|0
95|https://docs.google.com/presentation/d/1kyRsC1-PMJu4UndE6psUHJHuTHX7W6cuYRod1jq3QJY/edit#slide=id.g4d61f71165_0_100||3|0|13192245379487140|0|0
96|https://docs.google.com/presentation/d/1kyRsC1-PMJu4UndE6psUHJHuTHX7W6cuYRod1jq3QJY/edit#slide=id.g4c21576342_0_42||1|0|13192245375080858|0|0
97|https://docs.google.com/presentation/d/1kyRsC1-PMJu4UndE6psUHJHuTHX7W6cuYRod1jq3QJY/edit#slide=id.g4c21576342_0_68||2|0|13192245381032786|0|0
98|https://repl.it/@AmyClark1/LesserSignifiedBeings||2|0|13192245635813149|0|0
99|http://ctf.compclub.com.au/|CompClub 2019 Summer CTF|1|1|13192246771429605|0|0
100|https://ctf.compclub.com.au/|CompClub 2019 Summer CTF|1|0|13192246771429605|0|0
101|https://ctf.compclub.com.au/invite?next=%2F|CompClub 2019 Summer CTF|1|0|13192246771429605|0|0
102|https://ctf.compclub.com.au/invite/|CompClub 2019 Summer CTF|1|0|13192246771429605|0|0
