2019-01-15 23:10:46|https://www.mozilla.org/privacy/firefox/
2019-01-15 23:10:46|https://www.mozilla.org/en-US/privacy/firefox/
2019-01-18 00:57:33|http://ctf.compclub.com.au/
2019-01-18 00:57:33|https://ctf.compclub.com.au/
2019-01-18 00:57:33|https://ctf.compclub.com.au/invite?next=%2F
2019-01-18 00:57:33|https://ctf.compclub.com.au/invite/
2019-01-18 03:29:27|https://www.youtube.com/watch?v=dQw4w9WgXcQ
2019-01-18 03:33:09|https://www.youtube.com/watch?v=yPYZpwSpKmA
2019-01-18 04:01:21|https://www.google.com/search?q=gang+signs&ie=utf-8&oe=utf-8&client=firefox-b-ab
2019-01-18 04:01:28|https://www.google.com/search?q=gang+signs&client=firefox-b-ab&source=lnms&tbm=isch&sa=X&ved=0ahUKEwiq8YyDufbfAhVFfCsKHR74CYsQ_AUIDigB&biw=1920&bih=912
2019-01-18 04:01:30|https://www.google.com/search?q=gang+signs&client=firefox-b-ab&source=lnms&tbm=isch&sa=X&ved=0ahUKEwiq8YyDufbfAhVFfCsKHR74CYsQ_AUIDigB&biw=1920&bih=912#imgrc=H3Um5tW5M1befM:
2019-01-18 04:01:39|https://www.google.com/search?q=gang+signs&client=firefox-b-ab&source=lnms&tbm=isch&sa=X&ved=0ahUKEwiq8YyDufbfAhVFfCsKHR74CYsQ_AUIDigB&biw=1920&bih=912#imgrc=lFS2q6Q4WTTe8M:
2019-01-18 04:01:41|https://www.google.com/search?q=gang+signs&client=firefox-b-ab&source=lnms&tbm=isch&sa=X&ved=0ahUKEwiq8YyDufbfAhVFfCsKHR74CYsQ_AUIDigB&biw=1920&bih=912#imgrc=I3796fkm3mr42M:
2019-01-18 04:01:45|https://www.google.com/search?q=gang+signs&client=firefox-b-ab&source=lnms&tbm=isch&sa=X&ved=0ahUKEwiq8YyDufbfAhVFfCsKHR74CYsQ_AUIDigB&biw=1920&bih=912#imgrc=_
2019-01-18 04:01:46|https://www.google.com/search?q=gang+signs&client=firefox-b-ab&source=lnms&tbm=isch&sa=X&ved=0ahUKEwiq8YyDufbfAhVFfCsKHR74CYsQ_AUIDigB&biw=1920&bih=912#imgrc=CLItOQt8-2jUnM:
2019-01-18 04:01:57|https://www.google.com/search?q=gang+signs&client=firefox-b-ab&source=lnms&tbm=isch&sa=X&ved=0ahUKEwiq8YyDufbfAhVFfCsKHR74CYsQ_AUIDigB&biw=1920&bih=912#imgrc=yBALZVKPvxQv7M:
2019-01-18 04:02:03|https://www.google.com/search?client=firefox-b-ab&biw=1920&bih=912&tbm=isch&sa=1&ei=mE9BXIaKEImuoATEmoPACA&q=hand+signs&oq=hand+signs&gs_l=img.3..0i67l2j0j0i67l2j0l5.33223.34010..34110...0.0..0.251.1650.0j4j4......0....1..gws-wiz-img.-6nRsD3sQXQ
1|http://summer2019.compclub.com.au/|Welcome to the CompClub Summer Spy School | CompClub 2019 Summer Workshops|4|4|13192241994794543|0|0
2|https://summer2019.compclub.com.au/|Welcome to the CompClub Summer Spy School | CompClub 2019 Summer Workshops|4|0|13192241994794543|0|0
3|https://summer2019.compclub.com.au/day3|Day 3: Microbits! | CompClub 2019 Summer Workshops|6|0|13192082016138812|0|0
4|https://docs.google.com/presentation/d/14BvJKEm9pyPOfLtZMkCAMwwwF6nVjmo8G5C3P7PULuw/edit#slide=id.g337fd436a2_1_5|Microbits Workshop - Google Slides|2|0|13192067497584853|0|0
5|https://docs.google.com/presentation/d/14BvJKEm9pyPOfLtZMkCAMwwwF6nVjmo8G5C3P7PULuw/edit#slide=id.p||4|0|13192067511912296|0|0
6|https://docs.google.com/presentation/d/14BvJKEm9pyPOfLtZMkCAMwwwF6nVjmo8G5C3P7PULuw/edit#slide=id.g4c0710682e_0_15||6|0|13192073820438007|0|0
7|https://docs.google.com/presentation/d/14BvJKEm9pyPOfLtZMkCAMwwwF6nVjmo8G5C3P7PULuw/edit#slide=id.g4c0710682e_0_22||4|0|13192073821992254|0|0
8|https://docs.google.com/presentation/d/14BvJKEm9pyPOfLtZMkCAMwwwF6nVjmo8G5C3P7PULuw/edit#slide=id.g4c0710682e_0_43||6|0|13192073827921713|0|0
9|https://docs.google.com/presentation/d/14BvJKEm9pyPOfLtZMkCAMwwwF6nVjmo8G5C3P7PULuw/edit#slide=id.g4c0710682e_0_58||7|0|13192074097668241|0|0
10|https://docs.google.com/presentation/d/14BvJKEm9pyPOfLtZMkCAMwwwF6nVjmo8G5C3P7PULuw/edit#slide=id.g4c0710682e_0_36||6|0|13192073826162734|0|0
11|http://python.microbit.org/|Micro:bit - Python editor|1|1|13192067611628596|0|0
12|https://python.microbit.org/|Micro:bit - Python editor|1|0|13192067611628596|0|0
13|https://python.microbit.org/v/1.1||1|0|13192067612314093|0|0
14|https://docs.google.com/presentation/d/14BvJKEm9pyPOfLtZMkCAMwwwF6nVjmo8G5C3P7PULuw/edit#slide=id.g4c0710682e_0_29||6|0|13192073822828482|0|0
15|https://docs.google.com/presentation/d/14BvJKEm9pyPOfLtZMkCAMwwwF6nVjmo8G5C3P7PULuw/edit#slide=id.g4c0710682e_0_83||7|0|13192074098024586|0|0
16|https://docs.google.com/presentation/d/14BvJKEm9pyPOfLtZMkCAMwwwF6nVjmo8G5C3P7PULuw/edit#slide=id.g4c0710682e_0_92||6|0|13192074098383022|0|0
17|https://docs.google.com/presentation/d/14BvJKEm9pyPOfLtZMkCAMwwwF6nVjmo8G5C3P7PULuw/edit#slide=id.g4c0710682e_0_102||6|0|13192074098747835|0|0
18|https://docs.google.com/presentation/d/14BvJKEm9pyPOfLtZMkCAMwwwF6nVjmo8G5C3P7PULuw/edit#slide=id.g4c0710682e_0_63||6|0|13192074099217423|0|0
19|https://python-editor-1-1-2.microbit.org/#||1|0|13192067778800904|1|0
20|http://microbit.org/guide/python|MicroPython | micro:bit|1|0|13192068166873707|0|0
21|https://microbit.org/guide/python|MicroPython | micro:bit|1|0|13192068166873707|0|0
22|https://microbit.org/guide/python/|MicroPython | micro:bit|1|0|13192068166873707|0|0
23|https://docs.google.com/presentation/d/14BvJKEm9pyPOfLtZMkCAMwwwF6nVjmo8G5C3P7PULuw/edit#slide=id.g4d695ae937_0_0||5|0|13192074099824364|0|0
24|https://docs.google.com/presentation/d/14BvJKEm9pyPOfLtZMkCAMwwwF6nVjmo8G5C3P7PULuw/edit#slide=id.g4d695ae937_0_8||6|0|13192073105699989|0|0
25|https://docs.google.com/presentation/d/14BvJKEm9pyPOfLtZMkCAMwwwF6nVjmo8G5C3P7PULuw/edit#slide=id.g4d695ae937_0_16||5|0|13192073106040371|0|0
26|https://docs.google.com/presentation/d/14BvJKEm9pyPOfLtZMkCAMwwwF6nVjmo8G5C3P7PULuw/edit#slide=id.g4d695ae937_0_23||4|0|13192082758468360|0|0
27|https://docs.google.com/presentation/d/14BvJKEm9pyPOfLtZMkCAMwwwF6nVjmo8G5C3P7PULuw/edit#slide=id.g4d695ae937_0_29||5|0|13192082768305175|0|0
28|https://docs.google.com/presentation/d/14BvJKEm9pyPOfLtZMkCAMwwwF6nVjmo8G5C3P7PULuw/edit#slide=id.g4c0710682e_0_119||4|0|13192082769824567|0|0
29|https://docs.google.com/presentation/d/14BvJKEm9pyPOfLtZMkCAMwwwF6nVjmo8G5C3P7PULuw/edit#slide=id.g4c0710682e_0_128||5|0|13192082770315541|0|0
30|https://summer2019.compclub.com.au/day3_templates/morse_code_template.html|Morse Code Template | CompClub 2019 Summer Workshops|2|0|13192073951571902|0|0
31|https://docs.google.com/presentation/d/14BvJKEm9pyPOfLtZMkCAMwwwF6nVjmo8G5C3P7PULuw/edit#slide=id.g4c0710682e_0_135||5|0|13192082771361912|0|0
32|https://docs.google.com/presentation/d/14BvJKEm9pyPOfLtZMkCAMwwwF6nVjmo8G5C3P7PULuw/edit#slide=id.g4c0710682e_0_143||4|0|13192082772411917|0|0
33|https://docs.google.com/presentation/d/14BvJKEm9pyPOfLtZMkCAMwwwF6nVjmo8G5C3P7PULuw/edit#slide=id.g4c0710682e_0_124||5|0|13192082773197974|0|0
34|https://docs.google.com/presentation/d/14BvJKEm9pyPOfLtZMkCAMwwwF6nVjmo8G5C3P7PULuw/edit#slide=id.g4c0710682e_0_150||9|0|13192082797436942|0|0
35|https://summer2019.compclub.com.au/day3_templates/reaction_timer_template.html|Reaction Time Template | CompClub 2019 Summer Workshops|1|0|13192073338805735|0|0
36|https://docs.google.com/presentation/d/14BvJKEm9pyPOfLtZMkCAMwwwF6nVjmo8G5C3P7PULuw/edit#slide=id.g4c0710682e_0_161||11|0|13192082797469809|0|0
37|https://docs.google.com/presentation/d/14BvJKEm9pyPOfLtZMkCAMwwwF6nVjmo8G5C3P7PULuw/edit#slide=id.g4c0710682e_0_168||8|0|13192082798636930|0|0
38|https://docs.google.com/presentation/d/14BvJKEm9pyPOfLtZMkCAMwwwF6nVjmo8G5C3P7PULuw/edit#slide=id.g4c0710682e_0_175||6|0|13192082799578434|0|0
39|https://docs.google.com/presentation/d/14BvJKEm9pyPOfLtZMkCAMwwwF6nVjmo8G5C3P7PULuw/edit#slide=id.g4c0710682e_0_181||6|0|13192082799876542|0|0
40|https://docs.google.com/presentation/d/14BvJKEm9pyPOfLtZMkCAMwwwF6nVjmo8G5C3P7PULuw/edit#slide=id.g4c0710682e_0_189||6|0|13192082800482872|0|0
41|https://docs.google.com/presentation/d/14BvJKEm9pyPOfLtZMkCAMwwwF6nVjmo8G5C3P7PULuw/edit#slide=id.g4c0710682e_0_195||4|0|13192082800817976|0|0
42|https://docs.google.com/presentation/d/14BvJKEm9pyPOfLtZMkCAMwwwF6nVjmo8G5C3P7PULuw/edit#slide=id.g337fd436a2_1_0||4|0|13192082805329783|0|0
43|https://www.youtube.com/watch?v=dQw4w9WgXcQ|YouTube|1|0|13192082013687433|0|0
44|https://summer2019.compclub.com.au/day3_templates/hot_or_cold_template.html|Hot or Cold Template | CompClub 2019 Summer Workshops|1|0|13192082019178206|0|0
45|https://docs.google.com/presentation/d/14BvJKEm9pyPOfLtZMkCAMwwwF6nVjmo8G5C3P7PULuw/edit#slide=id.g4c0710682e_0_210||5|0|13192082852571506|0|0
46|https://docs.google.com/presentation/d/14BvJKEm9pyPOfLtZMkCAMwwwF6nVjmo8G5C3P7PULuw/edit#slide=id.g4c0710682e_0_217||5|0|13192082850849340|0|0
47|https://docs.google.com/presentation/d/14BvJKEm9pyPOfLtZMkCAMwwwF6nVjmo8G5C3P7PULuw/edit#slide=id.g4d6b884a15_2_1||2|0|13192082848499361|0|0
48|https://docs.google.com/presentation/d/14BvJKEm9pyPOfLtZMkCAMwwwF6nVjmo8G5C3P7PULuw/edit#||1|0|13192082749975097|0|0
49|http://summer2019.compclub.com.au/day4|Some useful links: | CompClub 2019 Summer Workshops|1|1|13192153837331262|0|0
50|https://summer2019.compclub.com.au/day4|Some useful links: | CompClub 2019 Summer Workshops|2|0|13192170837382832|0|0
51|http://repel.it/|Repel srl Disinfestazioni, derattizzazioni, fumigazioni, trattamenti di quarantena e pre-imbarco merci|1|1|13192154028836582|0|0
52|http://www.repel.it/|Repel srl Disinfestazioni, derattizzazioni, fumigazioni, trattamenti di quarantena e pre-imbarco merci|1|0|13192154028836582|0|0
53|http://repl.it/|Repl.it - Repls|5|4|13192242223062238|0|0
54|https://repl.it/|Repl.it - Repls|14|1|13192242223062238|0|0
55|https://repl.it/login|Repl.it - Log In|4|0|13192160444512697|0|0
56|https://repl.it/auth/google/get?close=1|Forwarding ...|8|0|13192242192914791|0|0
57|https://accounts.google.com/o/oauth2/v2/auth?access_type=offline&response_type=code&redirect_uri=https%3A%2F%2Frepl.it%2Fauth%2Fgoogle%2Fcallback&scope=email%20profile&state=close%3D1&client_id=551333139604-3e6vevagfdvcipqacu0qtfbpkb6285h9.apps.googleusercontent.com|Forwarding ...|7|0|13192242192914791|0|0
58|https://accounts.google.com/signin/oauth?client_id=551333139604-3e6vevagfdvcipqacu0qtfbpkb6285h9.apps.googleusercontent.com&as=ehWcdEm5HzDgTkqXxon1cg&destination=https://repl.it&approval_state=!ChRDSmV3b3VpNkUtZFBHTy10WEozURIfc3hzLXJZR0pKaEliOEhuU1JuY2dubW9lRlNHUGhSWQ%E2%88%99APNbktkAAAAAXEEMZeC8B9Ar83kH3nWfdnXPPbcbov2p&oauthgdpr=1&xsrfsig=ChkAeAh8T9aCxtYSVuYxEKFOAT1C7TKrcKnUEg5hcHByb3ZhbF9zdGF0ZRILZGVzdGluYXRpb24SBXNvYWN1Eg9vYXV0aHJpc2t5c2NvcGU|Sign in – Google accounts|3|0|13192154086529498|0|0
59|https://accounts.google.com/signin/oauth/identifier?client_id=551333139604-3e6vevagfdvcipqacu0qtfbpkb6285h9.apps.googleusercontent.com&as=ehWcdEm5HzDgTkqXxon1cg&destination=https%3A%2F%2Frepl.it&approval_state=!ChRDSmV3b3VpNkUtZFBHTy10WEozURIfc3hzLXJZR0pKaEliOEhuU1JuY2dubW9lRlNHUGhSWQ%E2%88%99APNbktkAAAAAXEEMZeC8B9Ar83kH3nWfdnXPPbcbov2p&oauthgdpr=1&xsrfsig=ChkAeAh8T9aCxtYSVuYxEKFOAT1C7TKrcKnUEg5hcHByb3ZhbF9zdGF0ZRILZGVzdGluYXRpb24SBXNvYWN1Eg9vYXV0aHJpc2t5c2NvcGU&flowName=GeneralOAuthFlow||1|0|13192154086553060|0|0
60|https://accounts.google.com/samlredirect?domain=education.nsw.gov.au&TL=AHnYQLymaoVh9nTQ58D47skD9sRPyvctipccUjWxsxrkPICqI1bnJqrr1W3td0hY1F0GStDosEWfeUIRtvAWjybqtpxCASR0DNg8o-z_ItPc9YHeh_ruX8PApf37AAqvk8tlnhslj9IXP1vg349jPFXFVHl9zt87Z7QteMpqYT1wbhBmIkKcFno&continue=https%3A%2F%2Faccounts.google.com%2Fsignin%2Foauth%2Fconsent%3Fauthuser%3Dunknown%26part%3DAJi8hAOxtcKfuZyCvp1Oco8HBumtp5F3LIPoyjpohEpm3DVn9JG_cCBhwqQgEsd3eMvzx2Pgr3KOWDUKAAjl23iAQridOsWTLYVackfjEgutHuE9IFRJYv2k-dWbTv5uKoZMMtA5DxohvKGpUQ22FHRI-Bb9aQ0hLAQt5jpFyVYrGu1oYFps0jDtKW_qXjLWAZq2AE2hsMm8_gCWIkOGDYTK5jtdTk1EnAFO18O1nxyEvtoIzgEk0bAf7sfnxoaBHCqpAVE61ESjSdILAvj5mEMDhiNI14FK-TAgfGijQt9hT-UWi_lxwNKZ5whZ-AlzDlSaq8NXTz-FvC5L2Vvf3FtTgGfZAZBRwdXpxcZ45SMdb87auDz8UtZYXTB0XWcr2YdXR83b92K7BKVA4ZBZQg5Sn0RljVRzcaI1VmGFmjoHRRBFtoyZ0Pk%26as%3DehWcdEm5HzDgTkqXxon1cg%23|Login Department of Education|1|0|13192154101334920|0|0
61|https://saml.det.nsw.edu.au/sso/SSORedirect/metaAlias/idp?SAMLRequest=hVJNT9wwEL1X6n%2BwfM%2FXIqrW2gQtIMRKtERs4MDNcSaJu%2FFHPXa2%2FHuSLKj0AMi3N2%2FmvTee9dlfNZARHEqjc5rFKSWghWmk7nJ6X11F3%2BlZ8fXLGrkaLNsE3%2Bs7%2BBMAPZk6NbKlkNPgNDMcJTLNFSDzgu02P2%2FYKk6ZdcYbYQZKtpc53bdd20k7P9PUqrb9vquF0qKTyvamVtLapt%2F%2FpuTh1dZqtrVFDLDV6Ln2E5RmP6I0i7Jv1eqEZacszR4pKV%2BUzqU%2BJvjIVn0kIbuuqjIqb3fVMmCUDbhfEzunnTHdALEwapYvOaIcJ7jlAwIlG0RwfjJ4YTQGBW4HbpQC7u9uctp7b5ElyeFwiP%2BNSXgCTRB87oo1zqUx5iHhAmmx7JgtMd2b5X4cgr%2BaoMWnMuvkjULx8qVz0u1laQYpnshmGMzhwgH3U0zvwpTyyjjF%2FfsmsjhbENlE7UJlQaMFIVsJDSVJcVT9%2F3ami3oG&RelayState=https%3A%2F%2Faccounts.google.com%2FCheckCookie%3Fplt%3DAKgnsbt3wVhzPBZX_KTVHMhnxYEinrhmNOJd4pyEsa0RlgvZxirPk8wDObXkDZUbhpTHXtq3uKbn9xF3QBnoB-oIC7NmMwq5bVXX9VzO2M7ob30vxVbDVo2NhZLm3okgE94m6og9g13I-G0YDG2_irDegJ-GCwoArNSa82tF7i3rtyNZnl2ZWoKuvG3L7rQBaaJb2SzS2EIIVYRuJYYGZ7JwnTXoVkrTr-6EAxyx2QxpSS3hwIa-iN6U1jqL-ux6oXMpWAODDTxw%26continue%3Dhttps%253A%252F%252Faccounts.google.com%252Fsignin%252Foauth%252Fconsent%253Fauthuser%253Dunknown%2526part%253DAJi8hAOxtcKfuZyCvp1Oco8HBumtp5F3LIPoyjpohEpm3DVn9JG_cCBhwqQgEsd3eMvzx2Pgr3KOWDUKAAjl23iAQridOsWTLYVackfjEgutHuE9IFRJYv2k-dWbTv5uKoZMMtA5DxohvKGpUQ22FHRI-Bb9aQ0hLAQt5jpFyVYrGu1oYFps0jDtKW_qXjLWAZq2AE2hsMm8_gCWIkOGDYTK5jtdTk1EnAFO18O1nxyEvtoIzgEk0bAf7sfnxoaBHCqpAVE61ESjSdILAvj5mEMDhiNI14FK-TAgfGijQt9hT-UWi_lxwNKZ5whZ-AlzDlSaq8NXTz-FvC5L2Vvf3FtTgGfZAZBRwdXpxcZ45SMdb87auDz8UtZYXTB0XWcr2YdXR83b92K7BKVA4ZBZQg5Sn0RljVRzcaI1VmGFmjoHRRBFtoyZ0Pk%2526as%253DehWcdEm5HzDgTkqXxon1cg%2523|Login Department of Education|1|0|13192154101334920|0|0
62|https://saml.det.nsw.edu.au/sso/UI/Login|Access rights validated|1|0|13192154107929887|0|0
63|https://www.google.com/a/education.nsw.gov.au/acs|Redirecting...|1|0|13192154108239571|0|0
64|https://www.google.com/accounts/signin/continue?sarp=1&continue=https%3A%2F%2Faccounts.google.com%2Fsignin%2Foauth%2Fconsent%3Fauthuser%3Dunknown%26part%3DAJi8hAOxtcKfuZyCvp1Oco8HBumtp5F3LIPoyjpohEpm3DVn9JG_cCBhwqQgEsd3eMvzx2Pgr3KOWDUKAAjl23iAQridOsWTLYVackfjEgutHuE9IFRJYv2k-dWbTv5uKoZMMtA5DxohvKGpUQ22FHRI-Bb9aQ0hLAQt5jpFyVYrGu1oYFps0jDtKW_qXjLWAZq2AE2hsMm8_gCWIkOGDYTK5jtdTk1EnAFO18O1nxyEvtoIzgEk0bAf7sfnxoaBHCqpAVE61ESjSdILAvj5mEMDhiNI14FK-TAgfGijQt9hT-UWi_lxwNKZ5whZ-AlzDlSaq8NXTz-FvC5L2Vvf3FtTgGfZAZBRwdXpxcZ45SMdb87auDz8UtZYXTB0XWcr2YdXR83b92K7BKVA4ZBZQg5Sn0RljVRzcaI1VmGFmjoHRRBFtoyZ0Pk%26as%3DehWcdEm5HzDgTkqXxon1cg%23&plt=AKgnsbuuyAmpAe6SJgBYJLywzEae-xqZMUAFnmZql2l-HJ2dsk27zcFqwIcQbRKb7MN1h1XgfB_-Ko4IJzXcPlF7iOZ6wNcEONPsUNWMBv0HnXYqSKCnkdzwvR4e5BmAWd5bl8WsvwJKYRE65AfAm_jiktK_QZ2jt9sfNgKm7fkRCvI1uiHleYeGSi5FLPbYhXRRrUl-EdoRS4Io6BP9AKsvQln8zZq3IVIbXo2FJ-8quXa6hLPhspa8hMfMLpv20gYvLyNvZS4i&PersistentCookie=1&scc=0|Redirecting|1|0|13192154109687415|0|0
65|https://accounts.google.com/signin/continue?sarp=1&continue=https%3A%2F%2Faccounts.google.com%2Fsignin%2Foauth%2Fconsent%3Fauthuser%3Dunknown%26part%3DAJi8hAOxtcKfuZyCvp1Oco8HBumtp5F3LIPoyjpohEpm3DVn9JG_cCBhwqQgEsd3eMvzx2Pgr3KOWDUKAAjl23iAQridOsWTLYVackfjEgutHuE9IFRJYv2k-dWbTv5uKoZMMtA5DxohvKGpUQ22FHRI-Bb9aQ0hLAQt5jpFyVYrGu1oYFps0jDtKW_qXjLWAZq2AE2hsMm8_gCWIkOGDYTK5jtdTk1EnAFO18O1nxyEvtoIzgEk0bAf7sfnxoaBHCqpAVE61ESjSdILAvj5mEMDhiNI14FK-TAgfGijQt9hT-UWi_lxwNKZ5whZ-AlzDlSaq8NXTz-FvC5L2Vvf3FtTgGfZAZBRwdXpxcZ45SMdb87auDz8UtZYXTB0XWcr2YdXR83b92K7BKVA4ZBZQg5Sn0RljVRzcaI1VmGFmjoHRRBFtoyZ0Pk%26as%3DehWcdEm5HzDgTkqXxon1cg%23&plt=AKgnsbuuyAmpAe6SJgBYJLywzEae-xqZMUAFnmZql2l-HJ2dsk27zcFqwIcQbRKb7MN1h1XgfB_-Ko4IJzXcPlF7iOZ6wNcEONPsUNWMBv0HnXYqSKCnkdzwvR4e5BmAWd5bl8WsvwJKYRE65AfAm_jiktK_QZ2jt9sfNgKm7fkRCvI1uiHleYeGSi5FLPbYhXRRrUl-EdoRS4Io6BP9AKsvQln8zZq3IVIbXo2FJ-8quXa6hLPhspa8hMfMLpv20gYvLyNvZS4i&PersistentCookie=1&scc=0|Redirecting|1|0|13192154109687415|0|0
66|https://accounts.google.com/CheckCookie?sarp=1&scc=0&chtml=LoginDoneHtml&continue=https%3A%2F%2Faccounts.google.com%2Fsignin%2Foauth%2Fconsent%3Fauthuser%3Dunknown%26part%3DAJi8hAOxtcKfuZyCvp1Oco8HBumtp5F3LIPoyjpohEpm3DVn9JG_cCBhwqQgEsd3eMvzx2Pgr3KOWDUKAAjl23iAQridOsWTLYVackfjEgutHuE9IFRJYv2k-dWbTv5uKoZMMtA5DxohvKGpUQ22FHRI-Bb9aQ0hLAQt5jpFyVYrGu1oYFps0jDtKW_qXjLWAZq2AE2hsMm8_gCWIkOGDYTK5jtdTk1EnAFO18O1nxyEvtoIzgEk0bAf7sfnxoaBHCqpAVE61ESjSdILAvj5mEMDhiNI14FK-TAgfGijQt9hT-UWi_lxwNKZ5whZ-AlzDlSaq8NXTz-FvC5L2Vvf3FtTgGfZAZBRwdXpxcZ45SMdb87auDz8UtZYXTB0XWcr2YdXR83b92K7BKVA4ZBZQg5Sn0RljVRzcaI1VmGFmjoHRRBFtoyZ0Pk%26as%3DehWcdEm5HzDgTkqXxon1cg%26rapt%3DAEjHL4OF7LOHNwUNXOa_vh3j_2dXmJuPOSYyFZqtiR5SQMPnwjyb_Ecjov9N_4QPer4KSczupSGi2lQ76hspmBpecXuvs-dWqg%23&gidl=EgIIAA|Redirecting|1|0|13192154109687415|0|0
67|https://accounts.google.com.au/accounts/SetSID?ssdc=1&sidt=ALWU2cuvWQMs%2FyUaTIPIrPv47LDhK7WpK8%2FZe8e%2FwP%2Bk8Ysgr89c44DieMnoFgfEiKFqSP4X%2BAtCdJRFX%2FsvUYZZveA6C3TuneY4kNv8WJm5dwCNbohFzgBSfqIKHuOAMOO1qOjGreCfe8R1RZz3JhPetupI3KbCHHN1NmDrBWFm7TyYyYKHU6un2w5EY7ZYC2A7v%2BQgSfAQjlmpWGEhbZy91H89n%2BLahWYOAibNRua8XiXPA4yytiUoaAH6%2FyxFVk2Hk5e34aDr&continue=https%3A%2F%2Faccounts.google.com%2Fsignin%2Foauth%2Fconsent%3Fauthuser%3D0%26part%3DAJi8hAOxtcKfuZyCvp1Oco8HBumtp5F3LIPoyjpohEpm3DVn9JG_cCBhwqQgEsd3eMvzx2Pgr3KOWDUKAAjl23iAQridOsWTLYVackfjEgutHuE9IFRJYv2k-dWbTv5uKoZMMtA5DxohvKGpUQ22FHRI-Bb9aQ0hLAQt5jpFyVYrGu1oYFps0jDtKW_qXjLWAZq2AE2hsMm8_gCWIkOGDYTK5jtdTk1EnAFO18O1nxyEvtoIzgEk0bAf7sfnxoaBHCqpAVE61ESjSdILAvj5mEMDhiNI14FK-TAgfGijQt9hT-UWi_lxwNKZ5whZ-AlzDlSaq8NXTz-FvC5L2Vvf3FtTgGfZAZBRwdXpxcZ45SMdb87auDz8UtZYXTB0XWcr2YdXR83b92K7BKVA4ZBZQg5Sn0RljVRzcaI1VmGFmjoHRRBFtoyZ0Pk%26as%3DehWcdEm5HzDgTkqXxon1cg%26rapt%3DAEjHL4OF7LOHNwUNXOa_vh3j_2dXmJuPOSYyFZqtiR5SQMPnwjyb_Ecjov9N_4QPer4KSczupSGi2lQ76hspmBpecXuvs-dWqg%23|Redirecting|1|0|13192154109687415|0|0
68|https://accounts.google.com.au/accounts/SetSID||2|0|13192242211913974|0|0
69|https://accounts.google.com/signin/oauth/consent?authuser=0&part=AJi8hAOxtcKfuZyCvp1Oco8HBumtp5F3LIPoyjpohEpm3DVn9JG_cCBhwqQgEsd3eMvzx2Pgr3KOWDUKAAjl23iAQridOsWTLYVackfjEgutHuE9IFRJYv2k-dWbTv5uKoZMMtA5DxohvKGpUQ22FHRI-Bb9aQ0hLAQt5jpFyVYrGu1oYFps0jDtKW_qXjLWAZq2AE2hsMm8_gCWIkOGDYTK5jtdTk1EnAFO18O1nxyEvtoIzgEk0bAf7sfnxoaBHCqpAVE61ESjSdILAvj5mEMDhiNI14FK-TAgfGijQt9hT-UWi_lxwNKZ5whZ-AlzDlSaq8NXTz-FvC5L2Vvf3FtTgGfZAZBRwdXpxcZ45SMdb87auDz8UtZYXTB0XWcr2YdXR83b92K7BKVA4ZBZQg5Sn0RljVRzcaI1VmGFmjoHRRBFtoyZ0Pk&as=ehWcdEm5HzDgTkqXxon1cg&rapt=AEjHL4OF7LOHNwUNXOa_vh3j_2dXmJuPOSYyFZqtiR5SQMPnwjyb_Ecjov9N_4QPer4KSczupSGi2lQ76hspmBpecXuvs-dWqg#||1|0|13192154112583398|0|0
70|https://repl.it/auth/google/callback?state=close%3D1&code=4%2F1QBpAQAUvOk3CKZzIXpKBjlQQLwu8Bo5gH-pav5K3rMlLirbmDQIg9Q_rVdGRJt_TCtLTU7QFOmbu6DEvFJ6ZJY&scope=email+profile+https%3A%2F%2Fwww.googleapis.com%2Fauth%2Fuserinfo.profile+https%3A%2F%2Fwww.googleapis.com%2Fauth%2Fuserinfo.email#||1|0|13192154112583398|0|0
71|https://repl.it/auth/close#||2|0|13192242213360343|0|0
72|https://repl.it/repls|https://repl.it/repls|29|0|13192242228051537|0|0
73|https://repl.it/languages|Repl.it - Select a Language|2|0|13192160452996817|0|0
74|https://repl.it/@JamesRanford/PutridSourClass?folderId=|Repl.it - PutridSourClass|1|0|13192154170883310|0|0
75|https://www.google.com/search?q=html+buttons&oq=html+buttons&aqs=chrome..69i57j0l5.2176j0j7&sourceid=chrome&ie=UTF-8|html buttons - Google Search|1|0|13192156710229012|0|0
76|https://www.google.com/search?ei=JsU_XKuoBsv59QOQipKgAw&q=html+form+button&oq=html+form+button&gs_l=psy-ab.3..0l10.3303.4477..4645...0.0..0.148.1371.0j11......0....1..gws-wiz.......0i71j0i67.o7_sWM0Oryo|html form button - Google Search|1|0|13192156715674706|0|0
77|https://www.w3schools.com/tags/att_button_form.asp|HTML button form Attribute|1|0|13192156719641529|0|0
78|https://putridsourclass.jamesranford.repl.co/results||15|0|13192160346120177|1|0
79|https://putridsourclass.jamesranford.repl.co/||19|0|13192160346120177|1|0
80|https://putridsourclass.jamesranford.repl.co/results?colour=g&food=a&hatedfood=h||2|0|13192158004412427|1|0
81|https://putridsourclass.jamesranford.repl.co/results?colour=a&food=a&hatedfood=a||13|0|13192159027307018|1|0
82|https://putridsourclass.jamesranford.repl.co/results?colour=q&food=q&hatedfood=q||2|0|13192158868275087|1|0
83|https://putridsourclass.jamesranford.repl.co/results?colour=1&food=1&hatedfood=1||2|0|13192158961490693|1|0
84|https://putridsourclass.jamesranford.repl.co/results?colour=Cancer&food=Ligma&hatedfood=Brocoli||2|0|13192160214434640|1|0
85|https://putridsourclass.jamesranford.repl.co/results?colour=&food=&hatedfood=||2|0|13192160244894202|1|0
86|https://repl.it/@JamesRanford/SteepCornyTitles?folderId=|Repl.it - SteepCornyTitles|3|0|13192241855879401|0|0
87|https://www.google.com/search?q=ip+address&oq=ip+add&aqs=chrome.0.0l2j69i57j0l3.2712j0j7&sourceid=chrome&ie=UTF-8|ip address - Google Search|1|0|13192163568195781|0|0
88|https://steepcornytitles.jamesranford.repl.co/results|Your Location|93|0|13192175341780335|0|0
89|https://steepcornytitles.jamesranford.repl.co/|Hello World|47|0|13192175341780335|0|0
90|http://ipstack.com/|ipstack - Free IP Geolocation API|1|1|13192164020978758|0|0
91|https://ipstack.com/|ipstack - Free IP Geolocation API|1|0|13192164020978758|0|0
92|https://www.google.com/search?q=-33.494%2C+143.2104&oq=-33.494%2C+143.2104&aqs=chrome..69i57.302j0j7&sourceid=chrome&ie=UTF-8|-33.494, 143.2104 - Google Search|1|0|13192172820192955|0|0
93|https://maps.google.com/maps?q=-33.494,+143.2104&um=1&ie=UTF-8&sa=X&ved=0ahUKEwjd2uzx_PPfAhVPbn0KHbtSDiEQ_AUIDigB|Google Maps|1|0|13192172826188582|0|0
94|https://www.google.com/maps?q=-33.494,+143.2104&um=1&ie=UTF-8&sa=X&ved=0ahUKEwjd2uzx_PPfAhVPbn0KHbtSDiEQ_AUIDigB|Google Maps|2|0|13192172827108154|0|0
95|https://www.google.com/maps/place/33%C2%B029'38.4%22S+143%C2%B012'37.4%22E/@-33.4940558,143.2077688,16.75z/data=!4m5!3m4!1s0x0:0x0!8m2!3d-33.494!4d143.2104||1|0|13192172830370013|0|0
96|https://www.google.com/maps/place/33%C2%B029'38.4%22S+143%C2%B012'37.4%22E/@-33.4941223,143.2072425,16.5z/data=!4m5!3m4!1s0x0:0x0!8m2!3d-33.494!4d143.2104||1|0|13192172830628911|0|0
97|https://www.google.com/maps/place/33%C2%B029'38.4%22S+143%C2%B012'37.4%22E/@-33.4941231,143.1855756,13.5z/data=!4m5!3m4!1s0x0:0x0!8m2!3d-33.494!4d143.2104||1|0|13192172833228724|0|0
98|https://www.google.com/maps/place/33%C2%B029'38.4%22S+143%C2%B012'37.4%22E/@-33.4941256,143.1608133,12.5z/data=!4m5!3m4!1s0x0:0x0!8m2!3d-33.494!4d143.2104||1|0|13192172840337781|0|0
99|https://www.google.com/maps/place/33%C2%B029'38.4%22S+143%C2%B012'37.4%22E/@-33.4947657,141.6255043,7.5z/data=!4m5!3m4!1s0x0:0x0!8m2!3d-33.494!4d143.2104|Google Maps|1|0|13192241862050597|0|0
100|https://repl.it/logout|Repl.it - Log In|6|0|13192242190293876|0|0
101|https://repl.it/login?goto=%2Frepls|Repl.it - Log In|12|0|13192242190431775|0|0
102|https://repl.it/auth/google/callback?state=close%3D1&code=4/1QAi8pZbCTMHfAovni082fT_AUeluYvve_RcA-bPF0_X4Rsw2ATVJcAgQ--1N0ay4implL8HRptdQ55IFptgnu0&scope=email+profile+https://www.googleapis.com/auth/userinfo.profile+https://www.googleapis.com/auth/userinfo.email||1|0|13192241948855344|0|0
103|https://repl.it/auth/close||5|0|13192242020514123|0|0
104|https://repl.it/auth/google/callback?state=close%3D1&code=4/1QDqfWdSrfADAUYovrbWwTEuxv8PRvI_HOMHFswKd6_2Dl6bqcDFIbhowD-nqdQqRuFGLJyM8Aduf0Nk3urk0JY&scope=email+profile+https://www.googleapis.com/auth/userinfo.email+https://www.googleapis.com/auth/userinfo.profile||1|0|13192241957537134|0|0
105|https://repl.it/auth/google/callback?state=close%3D1&code=4/1QCYRZMWODodK1obONtX0VLFbIxGZzGy0XFrHULSOnpn83o-Y8KacXdkJ46waZz4Vjyd99gufw20trvuTZLIXm8&scope=email+profile+https://www.googleapis.com/auth/userinfo.profile+https://www.googleapis.com/auth/userinfo.email||1|0|13192241988147308|0|0
106|https://repl.it/auth/google/callback?state=close%3D1&code=4/1QDKBgXtBDrwoyUgpqsJifh46ZsekFeJhTXif5TBGCMJ4wx8tWb6EB-9OJKVzRa1FkUX27YozwA5QliF4MZkOJs&scope=email+profile+https://www.googleapis.com/auth/userinfo.profile+https://www.googleapis.com/auth/userinfo.email||1|0|13192242007060217|0|0
107|https://repl.it/auth/google/callback?state=close%3D1&code=4/1QC9r8CIR28fawItXorTMqrWh-FsX8WFqV-1ndqeB7T7Rr-oeWWR_KaJhDJyyilQ9yKhcLkjVWfdhu9PHssJjH4&scope=email+profile+https://www.googleapis.com/auth/userinfo.profile+https://www.googleapis.com/auth/userinfo.email||1|0|13192242020514123|0|0
108|https://repl.it/languages/python_turtle|Repl.it - PowerlessShadyHashfunction|1|1|13192242044595969|0|0
109|https://repl.it/@JamesRanford/PowerlessShadyHashfunction|Repl.it - PowerlessShadyHashfunction|2|0|13192242045625159|0|0
110|https://summer2019.compclub.com.au/day5|CompClub 2019 Summer Workshops|1|0|13192242053486828|0|0
111|https://docs.google.com/presentation/d/1ykIUm1xAKMforvTPeqvXMdC4DZlnWOg604ekaybhiOs|SecTalk | HTTP(S) Security - Google Slides|1|0|13192242057725239|0|0
112|https://docs.google.com/presentation/d/1ykIUm1xAKMforvTPeqvXMdC4DZlnWOg604ekaybhiOs/|SecTalk | HTTP(S) Security - Google Slides|1|0|13192242057725239|0|0
113|https://docs.google.com/presentation/d/1ykIUm1xAKMforvTPeqvXMdC4DZlnWOg604ekaybhiOs/edit|SecTalk | HTTP(S) Security - Google Slides|2|0|13192242058409299|0|0
114|https://docs.google.com/presentation/d/1kyRsC1-PMJu4UndE6psUHJHuTHX7W6cuYRod1jq3QJY|CSE CompClub 2019 Summer - Security Day - Google Slides|1|0|13192242059050511|0|0
115|https://docs.google.com/presentation/d/1kyRsC1-PMJu4UndE6psUHJHuTHX7W6cuYRod1jq3QJY/|CSE CompClub 2019 Summer - Security Day - Google Slides|1|0|13192242059050511|0|0
116|https://docs.google.com/presentation/d/1kyRsC1-PMJu4UndE6psUHJHuTHX7W6cuYRod1jq3QJY/edit|CSE CompClub 2019 Summer - Security Day - Google Slides|2|0|13192242059559451|0|0
117|https://summer2019.compclub.com.au/day5/code|CompClub 2019 Summer Workshops|2|0|13192242224788391|0|0
118|https://docs.google.com/presentation/d/1ykIUm1xAKMforvTPeqvXMdC4DZlnWOg604ekaybhiOs/edit#slide=id.p3||2|0|13192242110050993|0|0
119|https://repl.it/@featherbear/LesserSignifiedBeings|Repl.it - LesserSignifiedBeings|7|0|13192242239270977|0|0
120|https://docs.google.com/presentation/d/1kyRsC1-PMJu4UndE6psUHJHuTHX7W6cuYRod1jq3QJY/edit#slide=id.p1||1|0|13192242063083755|0|0
121|https://docs.google.com/presentation/d/1ykIUm1xAKMforvTPeqvXMdC4DZlnWOg604ekaybhiOs/edit#slide=id.g4978d0c231_0_4||2|0|13192242109902208|0|0
122|https://docs.google.com/presentation/d/1ykIUm1xAKMforvTPeqvXMdC4DZlnWOg604ekaybhiOs/edit#slide=id.g487950190f_0_59||2|0|13192242109738298|0|0
123|https://docs.google.com/presentation/d/1ykIUm1xAKMforvTPeqvXMdC4DZlnWOg604ekaybhiOs/edit#slide=id.g487950190f_0_11||2|0|13192242109634030|0|0
124|https://docs.google.com/presentation/d/1ykIUm1xAKMforvTPeqvXMdC4DZlnWOg604ekaybhiOs/edit#slide=id.g487950190f_0_38||2|0|13192242109394092|0|0
125|https://docs.google.com/presentation/d/1ykIUm1xAKMforvTPeqvXMdC4DZlnWOg604ekaybhiOs/edit#slide=id.g487950190f_0_50||2|0|13192242109190450|0|0
126|https://docs.google.com/presentation/d/1ykIUm1xAKMforvTPeqvXMdC4DZlnWOg604ekaybhiOs/edit#slide=id.g487950190f_0_69||2|0|13192242109035127|0|0
127|https://docs.google.com/presentation/d/1ykIUm1xAKMforvTPeqvXMdC4DZlnWOg604ekaybhiOs/edit#slide=id.g4be45cc0c3_1_2||2|0|13192242108864455|0|0
128|https://docs.google.com/presentation/d/1ykIUm1xAKMforvTPeqvXMdC4DZlnWOg604ekaybhiOs/edit#slide=id.g4be45cc0c3_1_10||2|0|13192242108683330|0|0
129|https://docs.google.com/presentation/d/1ykIUm1xAKMforvTPeqvXMdC4DZlnWOg604ekaybhiOs/edit#slide=id.g4978d0c231_0_16||2|0|13192242108474646|0|0
130|https://docs.google.com/presentation/d/1ykIUm1xAKMforvTPeqvXMdC4DZlnWOg604ekaybhiOs/edit#slide=id.g4978d0c231_0_25||2|0|13192242108230344|0|0
131|https://docs.google.com/presentation/d/1ykIUm1xAKMforvTPeqvXMdC4DZlnWOg604ekaybhiOs/edit#slide=id.g487950190f_0_78||2|0|13192242102863733|0|0
132|https://docs.google.com/presentation/d/1ykIUm1xAKMforvTPeqvXMdC4DZlnWOg604ekaybhiOs/edit#slide=id.g4be45cc0c3_1_16||2|0|13192242102223712|0|0
133|https://docs.google.com/presentation/d/1ykIUm1xAKMforvTPeqvXMdC4DZlnWOg604ekaybhiOs/edit#slide=id.g497f722781_0_5||3|0|13192242096904018|0|0
134|https://docs.google.com/presentation/d/1ykIUm1xAKMforvTPeqvXMdC4DZlnWOg604ekaybhiOs/edit#slide=id.g4978d0c231_0_31||5|0|13192242096497715|0|0
135|https://docs.google.com/presentation/d/1ykIUm1xAKMforvTPeqvXMdC4DZlnWOg604ekaybhiOs/edit#slide=id.g497f722781_0_10||3|0|13192242095437362|0|0
136|https://docs.google.com/presentation/d/1kyRsC1-PMJu4UndE6psUHJHuTHX7W6cuYRod1jq3QJY/edit#slide=id.p2||1|0|13192242114094617|0|0
137|https://docs.google.com/presentation/d/1kyRsC1-PMJu4UndE6psUHJHuTHX7W6cuYRod1jq3QJY/edit#slide=id.g4bf28a5cd4_0_6||1|0|13192242114211891|0|0
138|https://docs.google.com/presentation/d/1kyRsC1-PMJu4UndE6psUHJHuTHX7W6cuYRod1jq3QJY/edit#slide=id.g3d022b32ae_0_0||1|0|13192242114409057|0|0
139|https://docs.google.com/presentation/d/1kyRsC1-PMJu4UndE6psUHJHuTHX7W6cuYRod1jq3QJY/edit#slide=id.g3d022b32ae_0_5||1|0|13192242114607965|0|0
140|https://docs.google.com/presentation/d/1kyRsC1-PMJu4UndE6psUHJHuTHX7W6cuYRod1jq3QJY/edit#slide=id.g4c07aed684_0_2||1|0|13192242115342452|0|0
141|https://docs.google.com/presentation/d/1kyRsC1-PMJu4UndE6psUHJHuTHX7W6cuYRod1jq3QJY/edit#slide=id.p3||1|0|13192242115801767|0|0
142|https://docs.google.com/presentation/d/1kyRsC1-PMJu4UndE6psUHJHuTHX7W6cuYRod1jq3QJY/edit#slide=id.g4891b805bc_0_5||1|0|13192242116202086|0|0
143|https://docs.google.com/presentation/d/1kyRsC1-PMJu4UndE6psUHJHuTHX7W6cuYRod1jq3QJY/edit#slide=id.g4be45cc0c3_1_44||1|0|13192242116622114|0|0
144|https://docs.google.com/presentation/d/1kyRsC1-PMJu4UndE6psUHJHuTHX7W6cuYRod1jq3QJY/edit#slide=id.g4be45cc0c3_0_1||1|0|13192242117278573|0|0
145|https://docs.google.com/presentation/d/1kyRsC1-PMJu4UndE6psUHJHuTHX7W6cuYRod1jq3QJY/edit#slide=id.g4be45cc0c3_1_35||1|0|13192242117556195|0|0
146|https://docs.google.com/presentation/d/1kyRsC1-PMJu4UndE6psUHJHuTHX7W6cuYRod1jq3QJY/edit#slide=id.g4c07aed684_0_7||1|0|13192242118041963|0|0
147|https://docs.google.com/presentation/d/1kyRsC1-PMJu4UndE6psUHJHuTHX7W6cuYRod1jq3QJY/edit#slide=id.g4be45cc0c3_1_52||2|0|13192242120587515|0|0
148|https://docs.google.com/presentation/d/1kyRsC1-PMJu4UndE6psUHJHuTHX7W6cuYRod1jq3QJY/edit#slide=id.g542d65370a8faa59_11||2|0|13192242121494061|0|0
149|https://docs.google.com/presentation/d/1kyRsC1-PMJu4UndE6psUHJHuTHX7W6cuYRod1jq3QJY/edit#slide=id.g4be45cc0c3_1_59||1|0|13192242122078308|0|0
150|https://docs.google.com/presentation/d/1kyRsC1-PMJu4UndE6psUHJHuTHX7W6cuYRod1jq3QJY/edit#slide=id.g4be45cc0c3_1_68||1|0|13192242122637006|0|0
151|https://docs.google.com/presentation/d/1kyRsC1-PMJu4UndE6psUHJHuTHX7W6cuYRod1jq3QJY/edit#slide=id.g4be45cc0c3_1_85||1|0|13192242123185748|0|0
152|https://docs.google.com/presentation/d/1kyRsC1-PMJu4UndE6psUHJHuTHX7W6cuYRod1jq3QJY/edit#slide=id.g4c21576342_0_4||1|0|13192242123519790|0|0
153|https://docs.google.com/presentation/d/1kyRsC1-PMJu4UndE6psUHJHuTHX7W6cuYRod1jq3QJY/edit#slide=id.g4c0372a315_0_123||1|0|13192242123909856|0|0
154|https://docs.google.com/presentation/d/1kyRsC1-PMJu4UndE6psUHJHuTHX7W6cuYRod1jq3QJY/edit#slide=id.g542d65370a8faa59_3||1|0|13192242124293456|0|0
155|https://docs.google.com/presentation/d/1kyRsC1-PMJu4UndE6psUHJHuTHX7W6cuYRod1jq3QJY/edit#slide=id.g4c21576342_0_10||1|0|13192242124911133|0|0
156|https://docs.google.com/presentation/d/1kyRsC1-PMJu4UndE6psUHJHuTHX7W6cuYRod1jq3QJY/edit#slide=id.g4c0372a315_0_100||1|0|13192242125208547|0|0
157|https://docs.google.com/presentation/d/1kyRsC1-PMJu4UndE6psUHJHuTHX7W6cuYRod1jq3QJY/edit#slide=id.g4c0372a315_0_109||1|0|13192242125403421|0|0
158|https://docs.google.com/presentation/d/1kyRsC1-PMJu4UndE6psUHJHuTHX7W6cuYRod1jq3QJY/edit#slide=id.g4c0372a315_0_114||1|0|13192242125641468|0|0
159|https://docs.google.com/presentation/d/1kyRsC1-PMJu4UndE6psUHJHuTHX7W6cuYRod1jq3QJY/edit#slide=id.g4c0372a315_0_127||1|0|13192242125975533|0|0
160|https://docs.google.com/presentation/d/1kyRsC1-PMJu4UndE6psUHJHuTHX7W6cuYRod1jq3QJY/edit#slide=id.g445c8f4c5882998c_2||1|0|13192242126215991|0|0
161|https://docs.google.com/presentation/d/1kyRsC1-PMJu4UndE6psUHJHuTHX7W6cuYRod1jq3QJY/edit#slide=id.g4d8f0f26c2_0_0||1|0|13192242126450664|0|0
162|https://docs.google.com/presentation/d/1kyRsC1-PMJu4UndE6psUHJHuTHX7W6cuYRod1jq3QJY/edit#slide=id.g4d923ccbc0_0_92||1|0|13192242127049020|0|0
163|https://docs.google.com/presentation/d/1kyRsC1-PMJu4UndE6psUHJHuTHX7W6cuYRod1jq3QJY/edit#slide=id.g4d923ccbc0_0_106||1|0|13192242127380630|0|0
164|https://docs.google.com/presentation/d/1kyRsC1-PMJu4UndE6psUHJHuTHX7W6cuYRod1jq3QJY/edit#slide=id.g4d923ccbc0_0_115||1|0|13192242127544093|0|0
165|https://docs.google.com/presentation/d/1kyRsC1-PMJu4UndE6psUHJHuTHX7W6cuYRod1jq3QJY/edit#slide=id.g4d8f0f26c2_0_17||1|0|13192242128822510|0|0
166|https://docs.google.com/presentation/d/1kyRsC1-PMJu4UndE6psUHJHuTHX7W6cuYRod1jq3QJY/edit#slide=id.g4c21576342_0_85||1|0|13192242129015442|0|0
167|https://docs.google.com/presentation/d/1kyRsC1-PMJu4UndE6psUHJHuTHX7W6cuYRod1jq3QJY/edit#slide=id.g4c21576342_0_61||2|0|13192242401678937|0|0
168|https://docs.google.com/presentation/d/1kyRsC1-PMJu4UndE6psUHJHuTHX7W6cuYRod1jq3QJY/edit#slide=id.g445c8f4c5882998c_36||2|0|13192242404028541|0|0
169|https://docs.google.com/presentation/d/1kyRsC1-PMJu4UndE6psUHJHuTHX7W6cuYRod1jq3QJY/edit#slide=id.g558a456a7dbd0e14_3||2|0|13192242404256146|0|0
170|https://docs.google.com/presentation/d/1kyRsC1-PMJu4UndE6psUHJHuTHX7W6cuYRod1jq3QJY/edit#slide=id.g445c8f4c5882998c_53||3|0|13192242541031370|0|0
171|https://www.google.com/search?q=repl&oq=repl&aqs=chrome..69i57j69i60l4j0.2440j0j7&sourceid=chrome&ie=UTF-8|repl - Google Search|1|0|13192242155850002|0|0
172|https://repl.it/languages/python3|Repl.it - UnsightlyRapidPerl|1|0|13192242163232298|0|0
173|https://repl.it/@JamesRanford/UnsightlyRapidPerl|Repl.it - UnsightlyRapidPerl|2|0|13192242164440263|0|0
174|https://accounts.google.com/Logout?hl=en&continue=https://www.google.com/_/chrome/newtab%3Fei%3D9RJBXODBH8X49QPNkqK4AQ%26espv%3D2&timeStmp=1547768565&secTok=.AG5fkS9e_nTlytfzVv6DgqHioVPheEk9MQ|DET_GMAIL_LOGOUT|1|0|13192242169287081|0|0
175|https://www.google.com/a/education.nsw.gov.au/Logout?splc=1|DET_GMAIL_LOGOUT|1|0|13192242169287081|0|0
176|https://www.det.nsw.edu.au/error/det_gmail_logout.htm|DET_GMAIL_LOGOUT|1|0|13192242169287081|0|0
177|https://accounts.google.com/signin/oauth?client_id=551333139604-3e6vevagfdvcipqacu0qtfbpkb6285h9.apps.googleusercontent.com&as=8IvdKq6YacXguoKiKWVQnA&destination=https://repl.it&approval_state=!ChRhWUk5VENSaHVaZE1iazltcEdsYxIfMDF5QU50c05QWkVlOEhuU1JuY2dubXItbkNmamhSWQ%E2%88%99APNbktkAAAAAXEJkkNsZowtOsEBxJCwXCpAEPhqR7ePM&oauthgdpr=1&xsrfsig=ChkAeAh8T9u4qfGyoxHaQGL8adwkPVaU4qKoEg5hcHByb3ZhbF9zdGF0ZRILZGVzdGluYXRpb24SBXNvYWN1Eg9vYXV0aHJpc2t5c2NvcGU|Sign in - Google Accounts|3|0|13192242193680959|0|0
178|https://accounts.google.com/signin/oauth/oauthchooseaccount?client_id=551333139604-3e6vevagfdvcipqacu0qtfbpkb6285h9.apps.googleusercontent.com&as=8IvdKq6YacXguoKiKWVQnA&destination=https%3A%2F%2Frepl.it&approval_state=!ChRhWUk5VENSaHVaZE1iazltcEdsYxIfMDF5QU50c05QWkVlOEhuU1JuY2dubXItbkNmamhSWQ%E2%88%99APNbktkAAAAAXEJkkNsZowtOsEBxJCwXCpAEPhqR7ePM&oauthgdpr=1&xsrfsig=ChkAeAh8T9u4qfGyoxHaQGL8adwkPVaU4qKoEg5hcHByb3ZhbF9zdGF0ZRILZGVzdGluYXRpb24SBXNvYWN1Eg9vYXV0aHJpc2t5c2NvcGU&flowName=GeneralOAuthFlow||1|0|13192242193711395|0|0
179|https://accounts.google.com/signin/oauth/identifier?client_id=551333139604-3e6vevagfdvcipqacu0qtfbpkb6285h9.apps.googleusercontent.com&as=8IvdKq6YacXguoKiKWVQnA&destination=https%3A%2F%2Frepl.it&approval_state=!ChRhWUk5VENSaHVaZE1iazltcEdsYxIfMDF5QU50c05QWkVlOEhuU1JuY2dubXItbkNmamhSWQ%E2%88%99APNbktkAAAAAXEJkkNsZowtOsEBxJCwXCpAEPhqR7ePM&oauthgdpr=1&xsrfsig=ChkAeAh8T9u4qfGyoxHaQGL8adwkPVaU4qKoEg5hcHByb3ZhbF9zdGF0ZRILZGVzdGluYXRpb24SBXNvYWN1Eg9vYXV0aHJpc2t5c2NvcGU&flowName=GeneralOAuthFlow||1|0|13192242197116571|0|0
180|https://accounts.google.com/signin/v2/challenge/pwd?client_id=551333139604-3e6vevagfdvcipqacu0qtfbpkb6285h9.apps.googleusercontent.com&as=8IvdKq6YacXguoKiKWVQnA&destination=https%3A%2F%2Frepl.it&approval_state=!ChRhWUk5VENSaHVaZE1iazltcEdsYxIfMDF5QU50c05QWkVlOEhuU1JuY2dubXItbkNmamhSWQ%E2%88%99APNbktkAAAAAXEJkkNsZowtOsEBxJCwXCpAEPhqR7ePM&oauthgdpr=1&xsrfsig=ChkAeAh8T9u4qfGyoxHaQGL8adwkPVaU4qKoEg5hcHByb3ZhbF9zdGF0ZRILZGVzdGluYXRpb24SBXNvYWN1Eg9vYXV0aHJpc2t5c2NvcGU&flowName=GeneralOAuthFlow&TL=AHnYQLzcM7vTEqQVv9G_NPEOe5E1jmlE-pRtqKop4DdWDPxMNBtAR1NHMNN-pTbVx0dZV7vE8vYW92CtQXE_imqDDIBueU0UYp7qxkxptF1Wo9AVKbDB4b8FeI9CiVSHx7Fts4rjwthCH_nqTi-LENwQvFGpG0wB8iE9AodUEizJ3JJ3wqGRjwk&cid=1&navigationDirection=forward||1|0|13192242207848896|0|0
181|https://accounts.google.com/CheckCookie?hl=en&checkedDomains=youtube&checkConnection=youtube%3A295%3A0&chtml=LoginDoneHtml&service=lso&continue=https%3A%2F%2Faccounts.google.com%2Fsignin%2Foauth%2Fconsent%3Fauthuser%3Dunknown%26part%3DAJi8hAO7bN7wO9lUv2caQ0VSI8G7fzkMrn2vTE2TPe5BMGkN9H_gDWxkP5iCXcWPXsiWEo0HQwfPU4EjfEsub83hrRM3nmZism-7JivjoWZ943eX3U17DscnYILNQPrAz_2d-sxwa5nZ2r9DVYDHJhKNQAs2ljBHjt_UUKUXwd12fA-KgB_udOX1ptsnBku6ezdZsgo5v759blL_96_QODaHZpP8YKAYtg_fUVbjRO1YQDHVjCzC9C3ZcPjsYn8fQDE6Te5mE8JWy1SvSWEfyhSSVxlW15XU_y7mBx7x1earoDPdWqfK94SaYypOYqa4tPoNsmIG9R-va5Uq4PcMugtMWsOE4gVd2kzl_wxwRclCTf04h37jg1P24rdzAmmWMv-dktzCC85Gwli3IGNAMOiyZqLtqh4P_xZxHATvjHpKck7fl3zBIl0%26as%3D8IvdKq6YacXguoKiKWVQnA%26rapt%3DAEjHL4M2FF0YrR9ZWBhUjmFlJV6SeOKAX9DF_s3fIduKefzT9M2A2b6bD4x3-uqvLy-biwyEv68ydTfVF9i2_VAy4xgkeZ4nfQ%23&gidl=EgIIAA|Redirecting|1|0|13192242211889849|0|0
182|https://accounts.youtube.com/accounts/SetSID?ssdc=1&sidt=ALWU2cutoGr0JXcaBWBw92UxpMdC7ujvcUWOD8ZfrrhbZE1amxffTY57g5kYxSKDoQggn7g4S3vTvepuNJL4h58YskLD%2FxKL3722sFSAjOEDg8PglzOkCAwEReheq3ZbRvyb05LpWYdjFMGykOVyJhhavw8S5xFt4JL7cCDi6vyCum5ZbmQ5bLXR4nN70Cdl0rWyiF96z3ZYB8Y2s1w1vej5ERRF6rMOzvmVBc%2FerQ%2BtU2NXa1mEzbWGoWHMFd%2BkSedfWsXJkSx4&continue=https%3A%2F%2Faccounts.google.com%2Fsignin%2Foauth%2Fconsent%3Fauthuser%3D0%26part%3DAJi8hAO7bN7wO9lUv2caQ0VSI8G7fzkMrn2vTE2TPe5BMGkN9H_gDWxkP5iCXcWPXsiWEo0HQwfPU4EjfEsub83hrRM3nmZism-7JivjoWZ943eX3U17DscnYILNQPrAz_2d-sxwa5nZ2r9DVYDHJhKNQAs2ljBHjt_UUKUXwd12fA-KgB_udOX1ptsnBku6ezdZsgo5v759blL_96_QODaHZpP8YKAYtg_fUVbjRO1YQDHVjCzC9C3ZcPjsYn8fQDE6Te5mE8JWy1SvSWEfyhSSVxlW15XU_y7mBx7x1earoDPdWqfK94SaYypOYqa4tPoNsmIG9R-va5Uq4PcMugtMWsOE4gVd2kzl_wxwRclCTf04h37jg1P24rdzAmmWMv-dktzCC85Gwli3IGNAMOiyZqLtqh4P_xZxHATvjHpKck7fl3zBIl0%26as%3D8IvdKq6YacXguoKiKWVQnA%26rapt%3DAEjHL4M2FF0YrR9ZWBhUjmFlJV6SeOKAX9DF_s3fIduKefzT9M2A2b6bD4x3-uqvLy-biwyEv68ydTfVF9i2_VAy4xgkeZ4nfQ%26auth%3D9wamM2LYuijgsCN8MHJyfDwSIJmSAyf5jo3NDx7mieuPz6eqG05XK3z_z_JbpsKa336g4w.%23&dbus=AU|Redirecting|1|0|13192242211889849|0|0
183|https://accounts.google.com.au/accounts/SetSID?ssdc=1&sidt=ALWU2cvKtdMKY0qXDm6u%2B8eCFxlQt/5epxf1BNfcgOuJG6C9K9KztYWaQtGM6zaUAk%2B6N532CAQcxvDjQuikIzqBsFvMzCqX7LwY%2Bi2no11SRIb273nbl4aiiyoJSGRoxus2f6bGHW7f1uIjZcJrsDObsNEUDQ2bvTdAliDCr1S5fTsfNQsIN1Wpf/ZLBjWGXyYixot9jjuutIhYmNKnHn79C9d8n/%2B5JttejJJS75zo5kbx%2BzfSIleyzTWTm4DlqlemCLzzcNRR&continue=https://accounts.google.com/signin/oauth/consent?authuser%3D0%26part%3DAJi8hAO7bN7wO9lUv2caQ0VSI8G7fzkMrn2vTE2TPe5BMGkN9H_gDWxkP5iCXcWPXsiWEo0HQwfPU4EjfEsub83hrRM3nmZism-7JivjoWZ943eX3U17DscnYILNQPrAz_2d-sxwa5nZ2r9DVYDHJhKNQAs2ljBHjt_UUKUXwd12fA-KgB_udOX1ptsnBku6ezdZsgo5v759blL_96_QODaHZpP8YKAYtg_fUVbjRO1YQDHVjCzC9C3ZcPjsYn8fQDE6Te5mE8JWy1SvSWEfyhSSVxlW15XU_y7mBx7x1earoDPdWqfK94SaYypOYqa4tPoNsmIG9R-va5Uq4PcMugtMWsOE4gVd2kzl_wxwRclCTf04h37jg1P24rdzAmmWMv-dktzCC85Gwli3IGNAMOiyZqLtqh4P_xZxHATvjHpKck7fl3zBIl0%26as%3D8IvdKq6YacXguoKiKWVQnA%26rapt%3DAEjHL4M2FF0YrR9ZWBhUjmFlJV6SeOKAX9DF_s3fIduKefzT9M2A2b6bD4x3-uqvLy-biwyEv68ydTfVF9i2_VAy4xgkeZ4nfQ%26auth%3D9wamM2LYuijgsCN8MHJyfDwSIJmSAyf5jo3NDx7mieuPz6eqG05XK3z_z_JbpsKa336g4w.%23|Redirecting|1|0|13192242211889849|0|0
184|https://accounts.google.com/signin/oauth/consent?authuser=0&part=AJi8hAO7bN7wO9lUv2caQ0VSI8G7fzkMrn2vTE2TPe5BMGkN9H_gDWxkP5iCXcWPXsiWEo0HQwfPU4EjfEsub83hrRM3nmZism-7JivjoWZ943eX3U17DscnYILNQPrAz_2d-sxwa5nZ2r9DVYDHJhKNQAs2ljBHjt_UUKUXwd12fA-KgB_udOX1ptsnBku6ezdZsgo5v759blL_96_QODaHZpP8YKAYtg_fUVbjRO1YQDHVjCzC9C3ZcPjsYn8fQDE6Te5mE8JWy1SvSWEfyhSSVxlW15XU_y7mBx7x1earoDPdWqfK94SaYypOYqa4tPoNsmIG9R-va5Uq4PcMugtMWsOE4gVd2kzl_wxwRclCTf04h37jg1P24rdzAmmWMv-dktzCC85Gwli3IGNAMOiyZqLtqh4P_xZxHATvjHpKck7fl3zBIl0&as=8IvdKq6YacXguoKiKWVQnA&rapt=AEjHL4M2FF0YrR9ZWBhUjmFlJV6SeOKAX9DF_s3fIduKefzT9M2A2b6bD4x3-uqvLy-biwyEv68ydTfVF9i2_VAy4xgkeZ4nfQ&auth=9wamM2LYuijgsCN8MHJyfDwSIJmSAyf5jo3NDx7mieuPz6eqG05XK3z_z_JbpsKa336g4w.#||1|0|13192242213360343|0|0
185|https://accounts.google.com/signin/oauth/consent?authuser=0&part=AJi8hAO7bN7wO9lUv2caQ0VSI8G7fzkMrn2vTE2TPe5BMGkN9H_gDWxkP5iCXcWPXsiWEo0HQwfPU4EjfEsub83hrRM3nmZism-7JivjoWZ943eX3U17DscnYILNQPrAz_2d-sxwa5nZ2r9DVYDHJhKNQAs2ljBHjt_UUKUXwd12fA-KgB_udOX1ptsnBku6ezdZsgo5v759blL_96_QODaHZpP8YKAYtg_fUVbjRO1YQDHVjCzC9C3ZcPjsYn8fQDE6Te5mE8JWy1SvSWEfyhSSVxlW15XU_y7mBx7x1earoDPdWqfK94SaYypOYqa4tPoNsmIG9R-va5Uq4PcMugtMWsOE4gVd2kzl_wxwRclCTf04h37jg1P24rdzAmmWMv-dktzCC85Gwli3IGNAMOiyZqLtqh4P_xZxHATvjHpKck7fl3zBIl0&as=8IvdKq6YacXguoKiKWVQnA&rapt=AEjHL4M2FF0YrR9ZWBhUjmFlJV6SeOKAX9DF_s3fIduKefzT9M2A2b6bD4x3-uqvLy-biwyEv68ydTfVF9i2_VAy4xgkeZ4nfQ#||1|0|13192242213360343|0|0
186|https://repl.it/auth/google/callback?state=close%3D1&code=4%2F1QCRWGaN2tpOpcVgskaufy3HOOnQy3O3rGC81p5RunQtG7bpyOrmYjCptZ-UoQLNUr9si_xCR5UKIKHA7cZjug0&scope=email+profile+https%3A%2F%2Fwww.googleapis.com%2Fauth%2Fuserinfo.email+https%3A%2F%2Fwww.googleapis.com%2Fauth%2Fuserinfo.profile#||1|0|13192242213360343|0|0
187|https://repl.it/@natangiassi/LesserSignifiedBeings||2|0|13192242240391726|0|0
188|https://docs.google.com/presentation/d/1kyRsC1-PMJu4UndE6psUHJHuTHX7W6cuYRod1jq3QJY/edit#slide=id.g4c07aed684_0_70||3|0|13192242542238911|0|0
189|https://docs.google.com/presentation/d/1kyRsC1-PMJu4UndE6psUHJHuTHX7W6cuYRod1jq3QJY/edit#slide=id.g4d61f71165_0_10||3|0|13192242544256501|0|0
190|https://docs.google.com/presentation/d/1kyRsC1-PMJu4UndE6psUHJHuTHX7W6cuYRod1jq3QJY/edit#slide=id.g4d61f71165_0_50||2|0|13192242725865941|0|0
191|https://docs.google.com/presentation/d/1kyRsC1-PMJu4UndE6psUHJHuTHX7W6cuYRod1jq3QJY/edit#slide=id.g4d61f71165_0_70||3|0|13192242736803432|0|0
192|https://docs.google.com/presentation/d/1kyRsC1-PMJu4UndE6psUHJHuTHX7W6cuYRod1jq3QJY/edit#slide=id.g4d61f71165_0_80||2|0|13192242880161844|0|0
193|https://docs.google.com/presentation/d/1kyRsC1-PMJu4UndE6psUHJHuTHX7W6cuYRod1jq3QJY/edit#slide=id.g4d61f71165_0_90||3|0|13192244012125058|0|0
194|https://docs.google.com/presentation/d/1kyRsC1-PMJu4UndE6psUHJHuTHX7W6cuYRod1jq3QJY/edit#slide=id.g4d61f71165_0_116||5|0|13192244011938627|0|0
195|https://docs.google.com/presentation/d/1kyRsC1-PMJu4UndE6psUHJHuTHX7W6cuYRod1jq3QJY/edit#slide=id.g4d61f71165_0_125||8|0|13192244043253596|0|0
196|https://docs.google.com/presentation/d/1kyRsC1-PMJu4UndE6psUHJHuTHX7W6cuYRod1jq3QJY/edit#slide=id.g4d923ccbc0_0_23||7|0|13192244043669611|0|0
197|https://docs.google.com/presentation/d/1kyRsC1-PMJu4UndE6psUHJHuTHX7W6cuYRod1jq3QJY/edit#slide=id.g4d923ccbc0_0_39||3|0|13192244049272175|0|0
198|https://docs.google.com/presentation/d/1kyRsC1-PMJu4UndE6psUHJHuTHX7W6cuYRod1jq3QJY/edit#slide=id.g4d923ccbc0_0_66||3|0|13192244479059071|0|0
199|https://docs.google.com/presentation/d/1kyRsC1-PMJu4UndE6psUHJHuTHX7W6cuYRod1jq3QJY/edit#slide=id.g4d923ccbc0_0_55||2|0|13192244479528632|0|0
200|https://docs.google.com/presentation/d/1kyRsC1-PMJu4UndE6psUHJHuTHX7W6cuYRod1jq3QJY/edit#slide=id.g4d923ccbc0_0_123||3|0|13192244490189673|0|0
201|https://docs.google.com/presentation/d/1kyRsC1-PMJu4UndE6psUHJHuTHX7W6cuYRod1jq3QJY/edit#slide=id.g4d923ccbc0_0_131||4|0|13192245778851594|0|0
202|https://docs.google.com/presentation/d/1kyRsC1-PMJu4UndE6psUHJHuTHX7W6cuYRod1jq3QJY/edit#slide=id.g4c0372a315_0_60||2|0|13192245780004775|0|0
203|https://docs.google.com/presentation/d/1kyRsC1-PMJu4UndE6psUHJHuTHX7W6cuYRod1jq3QJY/edit#slide=id.g445c8f4c5882998c_15||2|0|13192245822899893|0|0
204|https://docs.google.com/presentation/d/1kyRsC1-PMJu4UndE6psUHJHuTHX7W6cuYRod1jq3QJY/edit#slide=id.g4c21576342_0_42||1|0|13192245782045360|0|0
205|https://docs.google.com/presentation/d/1kyRsC1-PMJu4UndE6psUHJHuTHX7W6cuYRod1jq3QJY/edit#slide=id.g4c21576342_0_68||2|0|13192245822113244|0|0
206|https://docs.google.com/presentation/d/1kyRsC1-PMJu4UndE6psUHJHuTHX7W6cuYRod1jq3QJY/edit#slide=id.g4d61f71165_0_100||3|0|13192245823769790|0|0
207|https://docs.google.com/presentation/d/1kyRsC1-PMJu4UndE6psUHJHuTHX7W6cuYRod1jq3QJY/edit#slide=id.g4d8f0f26c2_0_6||3|0|13192245824427586|0|0
208|https://docs.google.com/presentation/d/1kyRsC1-PMJu4UndE6psUHJHuTHX7W6cuYRod1jq3QJY/edit#slide=id.g4be45cc0c3_1_95||3|0|13192245825391354|0|0
209|https://docs.google.com/presentation/d/1kyRsC1-PMJu4UndE6psUHJHuTHX7W6cuYRod1jq3QJY/edit#slide=id.g4be45cc0c3_1_104||3|0|13192245825921459|0|0
210|https://www.google.com/search?q=capture+the+flag+coding&oq=capture+the+flag+coding&aqs=chrome.0.0l2.4296j0j7&sourceid=chrome&ie=UTF-8|capture the flag coding - Google Search|2|0|13192245852365724|0|0
211|https://ctftime.org/ctf-wtf/|CTFtime.org / All about CTF (Capture The Flag)|1|0|13192245840266538|0|0
