2019-01-07 02:41:04|https://www.mozilla.org/privacy/firefox/
2019-01-07 02:41:04|https://www.mozilla.org/en-US/privacy/firefox/
2019-01-07 02:41:17|https://www.amazon.com/
2019-01-07 02:41:29|https://www.google.com/search?q=cool+maths+games+&ie=utf-8&oe=utf-8&client=firefox-b-ab
2019-01-07 02:41:32|https://www.coolmathgames.com/0-papas-scooperia
2019-01-07 02:42:48|https://www.coolmathgames.com/0-papas-pizzeria
2019-01-07 02:54:00|https://aframe.io/docs/0.8.0/introduction
2019-01-07 02:54:00|http://aframe.io/docs/0.8.0/introduction/
2019-01-07 02:54:01|https://aframe.io/docs/0.8.0/introduction/
2019-01-07 02:54:31|https://aframe.io/docs/0.8.0/introduction/installation.html
2019-01-07 02:54:40|https://glitch.com/~aframe
2019-01-07 02:54:56|https://glitch.com/edit/#!/remix/aframe
2019-01-07 02:54:58|https://glitch.com/edit/#!/
2019-01-07 02:54:58|https://glitch.com/edit/#!/azure-repair
2019-01-07 02:55:08|http://glitch.com/~aframe
2019-01-07 02:55:09|https://glitch.com/~aframe
2019-01-07 02:55:12|https://glitch.com/edit/#!/azure-repair?path=README.md:1:0
2019-01-07 02:56:50|https://aframe.io/docs/0.8.0/introduction/
2019-01-07 02:57:05|https://glitch.com/edit/#!/aframe
2019-01-07 02:57:07|https://glitch.com/edit/#!/
2019-01-07 02:57:07|https://glitch.com/edit/#!/aframe
2019-01-07 02:57:43|https://glitch.com/edit/#!/aframe?path=LICENSE.md:1:0
2019-01-07 02:57:46|https://glitch.com/edit/#!/
2019-01-07 02:57:46|https://glitch.com/edit/#!/aframe
2019-01-07 02:57:51|https://aframe.io/docs/0.8.0/introduction/installation.html
2019-01-07 02:58:30|https://glitch.com/edit/#!/abrupt-animal
2019-01-07 02:58:34|https://glitch.com/edit/#!/abrupt-animal?path=index.html:1:0
2019-01-07 02:58:53|https://glitch.com/~aframe-aincraft
2019-01-07 02:59:41|https://aframe.io/
2019-01-07 02:59:43|https://aframe.io/examples/showcase/helloworld/
2019-01-07 02:59:50|https://glitch.com/~aframe
2019-01-07 03:00:19|https://glitch.com/edit/#!/remix/aframe
2019-01-07 03:00:20|https://glitch.com/edit/#!/
2019-01-07 03:00:20|https://glitch.com/edit/#!/moor-woodpecker
2019-01-07 03:02:06|https://glitch.com/edit/#!/moor-woodpecker?path=index.html:2:6
2019-01-07 03:02:06|https://moor-woodpecker.glitch.me/
2019-01-07 03:02:13|https://glitch.com/edit/#!/moor-woodpecker?path=index.html:5:35
2019-01-07 03:02:33|https://moor-woodpecker.glitch.me/
2019-01-07 03:02:34|https://moor-woodpecker.glitch.me/
2019-01-07 03:02:35|https://glitch.com/edit/#!/moor-woodpecker?path=index.html:13:48
2019-01-07 03:02:40|https://moor-woodpecker.glitch.me/
2019-01-07 03:02:41|https://moor-woodpecker.glitch.me/
2019-01-07 03:03:09|https://glitch.com/edit/#!/moor-woodpecker?path=index.html:17:7
2019-01-07 03:03:29|https://moor-woodpecker.glitch.me/
2019-01-07 03:03:33|https://moor-woodpecker.glitch.me/
2019-01-07 03:03:35|https://moor-woodpecker.glitch.me/
2019-01-07 03:03:37|https://moor-woodpecker.glitch.me/
2019-01-07 03:03:42|https://moor-woodpecker.glitch.me/
2019-01-07 03:03:45|https://moor-woodpecker.glitch.me/
2019-01-07 03:05:17|https://moor-woodpecker.glitch.me/
2019-01-07 03:05:23|https://moor-woodpecker.glitch.me/
2019-01-07 03:05:25|https://moor-woodpecker.glitch.me/
2019-01-07 03:05:26|https://moor-woodpecker.glitch.me/
2019-01-07 03:05:27|https://moor-woodpecker.glitch.me/
2019-01-07 03:05:31|https://moor-woodpecker.glitch.me/
2019-01-07 03:05:46|https://moor-woodpecker.glitch.me/
2019-01-07 03:05:48|https://moor-woodpecker.glitch.me/
2019-01-07 03:05:49|https://moor-woodpecker.glitch.me/
2019-01-07 03:05:52|https://moor-woodpecker.glitch.me/
2019-01-07 03:05:56|https://moor-woodpecker.glitch.me/
2019-01-07 03:05:56|https://moor-woodpecker.glitch.me/
2019-01-07 03:05:57|https://moor-woodpecker.glitch.me/
2019-01-07 03:05:59|https://moor-woodpecker.glitch.me/
2019-01-07 03:06:06|https://glitch.com/edit/#!/moor-woodpecker?path=index.html:11:66
2019-01-07 03:06:09|https://www.google.com/search?q=HEX+COLOURS&ie=utf-8&oe=utf-8&client=firefox-b-ab
2019-01-07 03:06:12|https://htmlcolorcodes.com/
2019-01-07 03:06:43|https://moor-woodpecker.glitch.me/
2019-01-07 03:06:45|https://glitch.com/edit/#!/moor-woodpecker?path=index.html:10:40
2019-01-07 03:06:48|https://glitch.com/edit/#!/moor-woodpecker?path=index.html:10:30
2019-01-07 03:06:52|https://moor-woodpecker.glitch.me/
2019-01-07 03:07:01|https://moor-woodpecker.glitch.me/
2019-01-07 03:07:02|https://moor-woodpecker.glitch.me/
2019-01-07 03:07:05|https://moor-woodpecker.glitch.me/
2019-01-07 03:07:11|https://moor-woodpecker.glitch.me/
2019-01-07 03:07:14|https://moor-woodpecker.glitch.me/
2019-01-07 03:07:34|https://moor-woodpecker.glitch.me/
2019-01-07 03:07:36|https://moor-woodpecker.glitch.me/
2019-01-07 03:07:50|https://moor-woodpecker.glitch.me/
2019-01-07 03:07:53|https://moor-woodpecker.glitch.me/
2019-01-07 03:07:56|https://moor-woodpecker.glitch.me/
2019-01-07 03:08:04|https://moor-woodpecker.glitch.me/
2019-01-07 03:08:05|https://moor-woodpecker.glitch.me/
2019-01-07 03:08:06|https://glitch.com/edit/#!/moor-woodpecker?path=index.html:15:30
2019-01-07 03:09:11|https://moor-woodpecker.glitch.me/
2019-01-07 03:09:12|https://moor-woodpecker.glitch.me/
2019-01-07 03:09:20|https://glitch.com/edit/#!/moor-woodpecker?path=index.html:15:34
2019-01-07 03:09:24|https://moor-woodpecker.glitch.me/
2019-01-07 03:09:27|https://moor-woodpecker.glitch.me/
2019-01-07 03:09:30|https://moor-woodpecker.glitch.me/
2019-01-07 03:09:31|https://moor-woodpecker.glitch.me/
2019-01-07 03:09:34|https://moor-woodpecker.glitch.me/
2019-01-07 03:09:54|https://moor-woodpecker.glitch.me/
2019-01-07 03:10:17|https://moor-woodpecker.glitch.me/
2019-01-07 03:10:22|https://moor-woodpecker.glitch.me/
2019-01-07 03:10:24|https://moor-woodpecker.glitch.me/
2019-01-07 03:11:31|https://moor-woodpecker.glitch.me/
2019-01-07 03:11:32|https://moor-woodpecker.glitch.me/
2019-01-07 03:11:37|https://moor-woodpecker.glitch.me/
2019-01-07 03:11:45|https://moor-woodpecker.glitch.me/
2019-01-07 03:11:46|https://moor-woodpecker.glitch.me/
2019-01-07 03:11:57|https://moor-woodpecker.glitch.me/
2019-01-07 03:11:58|https://moor-woodpecker.glitch.me/
2019-01-07 03:12:02|https://moor-woodpecker.glitch.me/
2019-01-07 03:12:03|https://moor-woodpecker.glitch.me/
2019-01-07 03:12:10|https://moor-woodpecker.glitch.me/
2019-01-07 03:12:14|https://moor-woodpecker.glitch.me/
2019-01-07 03:12:17|https://moor-woodpecker.glitch.me/
2019-01-07 03:12:19|https://glitch.com/edit/#!/moor-woodpecker?path=index.html:13:29
2019-01-07 03:12:46|https://glitch.com/edit/#!/moor-woodpecker?path=index.html:14:0
2019-01-07 03:13:22|https://moor-woodpecker.glitch.me/
2019-01-07 03:13:23|https://moor-woodpecker.glitch.me/
2019-01-07 03:13:36|https://moor-woodpecker.glitch.me/
2019-01-07 03:13:37|https://moor-woodpecker.glitch.me/
2019-01-07 03:13:39|https://moor-woodpecker.glitch.me/
2019-01-07 03:13:40|https://moor-woodpecker.glitch.me/
2019-01-07 03:13:41|https://moor-woodpecker.glitch.me/
2019-01-07 03:13:42|https://moor-woodpecker.glitch.me/
2019-01-07 03:13:49|https://moor-woodpecker.glitch.me/
2019-01-07 03:13:52|https://moor-woodpecker.glitch.me/
2019-01-07 03:13:53|https://moor-woodpecker.glitch.me/
2019-01-07 03:13:57|https://moor-woodpecker.glitch.me/
2019-01-07 03:14:01|https://moor-woodpecker.glitch.me/
2019-01-07 03:14:02|https://moor-woodpecker.glitch.me/
2019-01-07 03:14:32|https://moor-woodpecker.glitch.me/
2019-01-07 03:14:34|https://moor-woodpecker.glitch.me/
2019-01-07 03:14:35|https://moor-woodpecker.glitch.me/
2019-01-07 03:14:40|https://moor-woodpecker.glitch.me/
2019-01-07 03:14:41|https://moor-woodpecker.glitch.me/
2019-01-07 03:14:44|https://moor-woodpecker.glitch.me/
2019-01-07 03:14:46|https://moor-woodpecker.glitch.me/
2019-01-07 03:14:47|https://moor-woodpecker.glitch.me/
2019-01-07 03:14:53|https://moor-woodpecker.glitch.me/
2019-01-07 03:14:54|https://moor-woodpecker.glitch.me/
2019-01-07 03:15:00|https://moor-woodpecker.glitch.me/
2019-01-07 03:15:01|https://moor-woodpecker.glitch.me/
2019-01-07 03:15:08|https://moor-woodpecker.glitch.me/
2019-01-07 03:15:11|https://moor-woodpecker.glitch.me/
2019-01-07 03:15:29|https://glitch.com/edit/#!/moor-woodpecker?path=index.html:12:30
2019-01-07 03:15:35|https://www.google.com/search?q=aframe+documentation&ie=utf-8&oe=utf-8&client=firefox-b-ab
2019-01-07 03:15:37|https://aframe.io/docs/
2019-01-07 03:15:37|https://aframe.io/docs/0.8.0/introduction/
2019-01-07 03:15:55|https://aframe.io/docs/0.8.0/introduction/writing-a-component.html
2019-01-07 03:15:58|https://aframe.io/docs/0.8.0/introduction/html-and-primitives.html
2019-01-07 03:16:25|https://aframe.io/docs/0.8.0/components/line.html#sidebar
2019-01-07 03:16:25|https://aframe.io/docs/0.8.0/components/line.html#sidebar
2019-01-07 03:16:36|https://moor-woodpecker.glitch.me/
2019-01-07 03:16:39|https://moor-woodpecker.glitch.me/
2019-01-07 03:16:40|https://glitch.com/edit/#!/moor-woodpecker?path=index.html:12:6
2019-01-07 03:16:45|https://moor-woodpecker.glitch.me/
2019-01-07 03:16:53|https://moor-woodpecker.glitch.me/
2019-01-07 03:16:58|https://moor-woodpecker.glitch.me/
2019-01-07 03:17:10|https://moor-woodpecker.glitch.me/
2019-01-07 03:17:13|https://moor-woodpecker.glitch.me/
2019-01-07 03:17:27|https://moor-woodpecker.glitch.me/
2019-01-07 03:17:27|https://moor-woodpecker.glitch.me/
2019-01-07 03:17:35|https://moor-woodpecker.glitch.me/
2019-01-07 03:17:37|https://moor-woodpecker.glitch.me/
2019-01-07 03:17:43|https://moor-woodpecker.glitch.me/
2019-01-07 03:17:50|https://moor-woodpecker.glitch.me/
2019-01-07 03:17:58|https://moor-woodpecker.glitch.me/
2019-01-07 03:17:59|https://moor-woodpecker.glitch.me/
2019-01-07 03:18:08|https://moor-woodpecker.glitch.me/
2019-01-07 03:18:11|https://moor-woodpecker.glitch.me/
2019-01-07 03:18:15|https://moor-woodpecker.glitch.me/
2019-01-07 03:18:18|https://moor-woodpecker.glitch.me/
2019-01-07 03:18:24|https://moor-woodpecker.glitch.me/
2019-01-07 03:18:25|https://moor-woodpecker.glitch.me/
2019-01-07 03:18:26|https://moor-woodpecker.glitch.me/
2019-01-07 03:18:39|https://moor-woodpecker.glitch.me/
2019-01-07 03:18:51|https://glitch.com/edit/#!/moor-woodpecker?path=index.html:12:47
2019-01-07 03:19:47|https://moor-woodpecker.glitch.me/
2019-01-07 03:19:58|https://moor-woodpecker.glitch.me/
2019-01-07 03:20:04|https://moor-woodpecker.glitch.me/
2019-01-07 03:20:07|https://moor-woodpecker.glitch.me/
2019-01-07 03:20:09|https://moor-woodpecker.glitch.me/
2019-01-07 03:20:09|https://moor-woodpecker.glitch.me/
2019-01-07 03:20:13|https://moor-woodpecker.glitch.me/
2019-01-07 03:20:15|https://moor-woodpecker.glitch.me/
2019-01-07 03:20:18|https://moor-woodpecker.glitch.me/
2019-01-07 03:20:21|https://moor-woodpecker.glitch.me/
2019-01-07 03:20:22|https://moor-woodpecker.glitch.me/
2019-01-07 03:20:27|https://moor-woodpecker.glitch.me/
2019-01-07 03:20:39|https://moor-woodpecker.glitch.me/
2019-01-07 03:20:43|https://moor-woodpecker.glitch.me/
2019-01-07 03:20:46|https://glitch.com/edit/#!/moor-woodpecker?path=index.html:12:50
2019-01-07 03:20:59|https://glitch.com/edit/#!/moor-woodpecker?path=index.html:12:37
2019-01-07 03:21:41|https://glitch.com/edit/#!/moor-woodpecker?path=index.html:13:4
2019-01-07 03:21:55|https://moor-woodpecker.glitch.me/
2019-01-07 03:21:58|https://moor-woodpecker.glitch.me/
2019-01-07 03:22:01|https://moor-woodpecker.glitch.me/
2019-01-07 03:22:04|https://moor-woodpecker.glitch.me/
2019-01-07 03:22:08|https://moor-woodpecker.glitch.me/
2019-01-07 03:22:11|https://moor-woodpecker.glitch.me/
2019-01-07 03:22:16|https://moor-woodpecker.glitch.me/
2019-01-07 03:22:18|https://moor-woodpecker.glitch.me/
2019-01-07 03:22:20|https://moor-woodpecker.glitch.me/
2019-01-07 03:22:21|https://moor-woodpecker.glitch.me/
2019-01-07 03:22:25|https://moor-woodpecker.glitch.me/
2019-01-07 03:22:31|https://moor-woodpecker.glitch.me/
2019-01-07 03:22:32|https://moor-woodpecker.glitch.me/
2019-01-07 03:22:37|https://moor-woodpecker.glitch.me/
2019-01-07 03:22:39|https://moor-woodpecker.glitch.me/
2019-01-07 03:22:41|https://moor-woodpecker.glitch.me/
2019-01-07 03:22:45|https://moor-woodpecker.glitch.me/
2019-01-07 03:22:46|https://moor-woodpecker.glitch.me/
2019-01-07 03:22:49|https://glitch.com/edit/#!/moor-woodpecker?path=index.html:18:40
2019-01-07 03:56:15|https://aframe.io/docs/0.8.0/introduction
2019-01-07 03:56:15|http://aframe.io/docs/0.8.0/introduction/
2019-01-07 03:56:15|https://aframe.io/docs/0.8.0/introduction/
2019-01-07 03:56:24|https://supermedium.com/superframe/scenes/aincraft/
2019-01-07 03:57:10|https://aframe.io/a-painter/?url=https://ucarecdn.com/962b242b-87a9-422c-b730-febdc470f203/
2019-01-07 03:57:18|https://aframe.io/a-painter/?url=https://ucarecdn.com/962b242b-87a9-422c-b730-febdc470f203/
2019-01-07 03:58:49|https://aframe.io/
2019-01-07 03:58:59|https://aframe.io/examples/showcase/helloworld/
2019-01-07 04:01:05|https://glitch.com/~aframe
2019-01-07 04:01:30|https://glitch.com/edit/#!/remix/aframe
2019-01-07 04:01:33|https://glitch.com/edit/#!/
2019-01-07 04:01:33|https://glitch.com/edit/#!/north-grin-1
2019-01-07 04:03:57|https://glitch.com/edit/#!/north-grin-1?path=index.html:1:0
2019-01-07 04:04:04|https://www.google.com/search?q=html+colour+codes&ie=utf-8&oe=utf-8&client=firefox-b
2019-01-07 04:04:08|https://htmlcolorcodes.com/
2019-01-07 04:04:45|https://glitch.com/edit/#!/north-grin-1?path=index.html:17:7
2019-01-07 04:04:46|https://north-grin-1.glitch.me/
2019-01-07 04:09:37|https://north-grin-1.glitch.me/
2019-01-07 04:09:41|https://north-grin-1.glitch.me/
2019-01-07 04:09:41|https://north-grin-1.glitch.me/
2019-01-07 04:09:44|https://north-grin-1.glitch.me/
2019-01-07 04:09:45|https://glitch.com/edit/#!/north-grin-1?path=index.html:13:79
2019-01-07 04:17:23|https://north-grin-1.glitch.me/
2019-01-07 04:18:21|https://north-grin-1.glitch.me/
2019-01-07 04:18:26|https://north-grin-1.glitch.me/
2019-01-07 04:18:29|https://north-grin-1.glitch.me/
2019-01-07 04:18:30|https://north-grin-1.glitch.me/
2019-01-07 04:18:32|https://north-grin-1.glitch.me/
2019-01-07 04:18:34|https://north-grin-1.glitch.me/
2019-01-07 04:18:36|https://north-grin-1.glitch.me/
2019-01-07 04:18:41|https://north-grin-1.glitch.me/
2019-01-07 04:18:42|https://north-grin-1.glitch.me/
2019-01-07 04:18:45|https://north-grin-1.glitch.me/
2019-01-07 04:18:47|https://north-grin-1.glitch.me/
2019-01-07 04:18:49|https://north-grin-1.glitch.me/
2019-01-07 04:18:51|https://north-grin-1.glitch.me/
2019-01-07 04:18:57|https://north-grin-1.glitch.me/
2019-01-07 04:19:00|https://north-grin-1.glitch.me/
2019-01-07 04:19:00|https://north-grin-1.glitch.me/
2019-01-07 04:19:01|https://north-grin-1.glitch.me/
2019-01-07 04:19:03|https://north-grin-1.glitch.me/
2019-01-07 04:19:06|https://north-grin-1.glitch.me/
2019-01-07 04:19:09|https://north-grin-1.glitch.me/
2019-01-07 04:19:10|https://north-grin-1.glitch.me/
2019-01-07 04:19:11|https://north-grin-1.glitch.me/
2019-01-07 04:19:13|https://north-grin-1.glitch.me/
2019-01-07 04:19:14|https://north-grin-1.glitch.me/
2019-01-07 04:19:16|https://north-grin-1.glitch.me/
2019-01-07 04:19:17|https://north-grin-1.glitch.me/
2019-01-07 04:19:19|https://north-grin-1.glitch.me/
2019-01-07 04:19:21|https://north-grin-1.glitch.me/
2019-01-07 04:19:21|https://north-grin-1.glitch.me/
2019-01-07 04:19:23|https://north-grin-1.glitch.me/
2019-01-07 04:19:24|https://north-grin-1.glitch.me/
2019-01-07 04:19:27|https://north-grin-1.glitch.me/
2019-01-07 04:19:28|https://north-grin-1.glitch.me/
2019-01-07 04:19:32|https://north-grin-1.glitch.me/
2019-01-07 04:19:35|https://north-grin-1.glitch.me/
2019-01-07 04:19:36|https://north-grin-1.glitch.me/
2019-01-07 04:19:37|https://north-grin-1.glitch.me/
2019-01-07 04:19:38|https://north-grin-1.glitch.me/
2019-01-07 04:19:42|https://north-grin-1.glitch.me/
2019-01-07 04:19:43|https://north-grin-1.glitch.me/
2019-01-07 04:19:47|https://north-grin-1.glitch.me/
2019-01-07 04:19:49|https://north-grin-1.glitch.me/
2019-01-07 04:19:49|https://north-grin-1.glitch.me/
2019-01-07 04:19:52|https://north-grin-1.glitch.me/
2019-01-07 04:19:53|https://north-grin-1.glitch.me/
2019-01-07 04:19:56|https://north-grin-1.glitch.me/
2019-01-07 04:19:57|https://north-grin-1.glitch.me/
2019-01-07 04:19:58|https://north-grin-1.glitch.me/
2019-01-07 04:20:00|https://north-grin-1.glitch.me/
2019-01-07 04:20:01|https://north-grin-1.glitch.me/
2019-01-07 04:20:03|https://north-grin-1.glitch.me/
2019-01-07 04:20:05|https://north-grin-1.glitch.me/
2019-01-07 04:20:07|https://north-grin-1.glitch.me/
2019-01-07 04:20:09|https://north-grin-1.glitch.me/
2019-01-07 04:20:10|https://north-grin-1.glitch.me/
2019-01-07 04:20:22|https://north-grin-1.glitch.me/
2019-01-07 04:20:24|https://north-grin-1.glitch.me/
2019-01-07 04:20:24|https://north-grin-1.glitch.me/
2019-01-07 04:20:27|https://north-grin-1.glitch.me/
2019-01-07 04:20:28|https://glitch.com/edit/#!/north-grin-1?path=index.html:18:53
2019-01-07 04:23:14|https://glitch.com/edit/#!/north-grin-1?path=index.html:2:6
2019-01-07 04:23:30|https://north-grin-1.glitch.me/
2019-01-07 04:23:31|https://north-grin-1.glitch.me/
2019-01-07 04:23:32|https://north-grin-1.glitch.me/
2019-01-07 04:23:34|https://north-grin-1.glitch.me/
2019-01-07 04:23:35|https://north-grin-1.glitch.me/
2019-01-07 04:23:39|https://north-grin-1.glitch.me/
2019-01-07 04:23:40|https://glitch.com/edit/#!/north-grin-1?path=index.html:9:7
2019-01-07 04:23:49|https://north-grin-1.glitch.me/
2019-01-07 04:23:51|https://north-grin-1.glitch.me/
2019-01-07 04:24:03|https://glitch.com/edit/#!/north-grin-1?path=index.html:10:33
2019-01-07 04:24:03|https://north-grin-1.glitch.me/
2019-01-07 04:24:20|https://north-grin-1.glitch.me/
2019-01-07 04:24:21|https://north-grin-1.glitch.me/
2019-01-07 04:24:22|https://glitch.com/edit/#!/north-grin-1?path=index.html:10:39
2019-01-07 04:24:59|https://north-grin-1.glitch.me/
2019-01-07 04:25:02|https://north-grin-1.glitch.me/
2019-01-07 04:25:15|https://north-grin-1.glitch.me/
2019-01-07 04:25:15|https://north-grin-1.glitch.me/
2019-01-07 04:25:17|https://north-grin-1.glitch.me/
2019-01-07 04:25:19|https://north-grin-1.glitch.me/
2019-01-07 04:25:20|https://glitch.com/edit/#!/north-grin-1?path=index.html:11:49
2019-01-07 04:25:49|https://north-grin-1.glitch.me/
2019-01-07 04:25:53|https://north-grin-1.glitch.me/
2019-01-07 04:25:53|https://glitch.com/edit/#!/north-grin-1?path=index.html:3:8
2019-01-07 04:26:05|https://www.google.com/search?q=html+basic+coding&ie=utf-8&oe=utf-8&client=firefox-b
2019-01-07 04:26:07|https://www.w3schools.com/html/html_basic.asp
2019-01-07 04:26:32|https://north-grin-1.glitch.me/
2019-01-07 04:26:33|https://north-grin-1.glitch.me/
2019-01-07 04:26:34|https://north-grin-1.glitch.me/
2019-01-07 04:26:35|https://north-grin-1.glitch.me/
2019-01-07 04:26:36|https://north-grin-1.glitch.me/
2019-01-07 04:26:38|https://north-grin-1.glitch.me/
2019-01-07 04:26:42|https://north-grin-1.glitch.me/
2019-01-07 04:26:43|https://north-grin-1.glitch.me/
2019-01-07 04:26:56|https://glitch.com/edit/#!/north-grin-1?path=index.html:10:6
2019-01-07 04:27:25|https://north-grin-1.glitch.me/
2019-01-07 04:27:28|https://north-grin-1.glitch.me/
2019-01-07 04:27:30|https://north-grin-1.glitch.me/
2019-01-07 04:27:31|https://north-grin-1.glitch.me/
2019-01-07 04:27:33|https://north-grin-1.glitch.me/
2019-01-07 04:27:34|https://north-grin-1.glitch.me/
2019-01-07 04:27:35|https://north-grin-1.glitch.me/
2019-01-07 04:27:37|https://north-grin-1.glitch.me/
2019-01-07 04:27:50|https://north-grin-1.glitch.me/
2019-01-07 04:27:52|https://north-grin-1.glitch.me/
2019-01-07 04:27:53|https://glitch.com/edit/#!/north-grin-1?path=index.html:10:25
1|https://www.mozilla.org/privacy/firefox/||1|0|13191302464000000|1|0
2|https://www.amazon.com/||1|0|13191302477000000|0|0
3|https://www.google.com/search?q=cool+maths+games+&ie=utf-8&oe=utf-8&client=firefox-b-ab|cool maths games - Google Search|1|1|13191302489000000|0|0
4|https://www.coolmathgames.com/0-papas-scooperia|Papa's Scooperia - Play it now at Coolmath-Games.com|1|0|13191302492000000|0|0
5|https://www.coolmathgames.com/0-papas-pizzeria|Papa's Pizzeria - Play it now at Coolmath-Games.com|1|0|13191302568000000|0|0
6|https://aframe.io/docs/0.8.0/introduction||2|1|13191303240000000|1|0
7|https://aframe.io/docs/0.8.0/introduction/|Introduction – A-Frame|3|0|13191304537000000|0|0
8|https://aframe.io/docs/0.8.0/introduction/installation.html|Installation – A-Frame|2|0|13191303271000000|0|0
9|https://glitch.com/~aframe|aframe|4|0|13191303280000000|0|0
10|https://glitch.com/edit/#!/remix/aframe|Glitch :･ﾟ✧|3|0|13191303296000000|0|0
11|https://glitch.com/edit/#!/|Glitch :･ﾟ✧|5|0|13191303298000000|0|0
12|https://glitch.com/edit/#!/azure-repair|README.md – azure-repair|1|0|13191303298000000|0|0
13|http://glitch.com/~aframe||1|0|13191303308000000|1|0
14|https://glitch.com/edit/#!/azure-repair?path=README.md:1:0|README.md – azure-repair|1|0|13191303312000000|0|0
15|https://glitch.com/edit/#!/aframe|LICENSE.md – abrupt-animal|3|0|13191303425000000|0|0
16|https://glitch.com/edit/#!/aframe?path=LICENSE.md:1:0|assets – aframe|1|0|13191303463000000|0|0
17|https://glitch.com/edit/#!/abrupt-animal|index.html – abrupt-animal|1|0|13191303510000000|0|0
18|https://glitch.com/edit/#!/abrupt-animal?path=index.html:1:0|index.html – abrupt-animal|1|0|13191303514000000|0|0
19|https://glitch.com/~aframe-aincraft|aframe-aincraft|1|0|13191303533000000|0|0
20|https://aframe.io/|A-Frame – Make WebVR|2|0|13191303581000000|0|0
21|https://aframe.io/examples/showcase/helloworld/|Hello WebVR – A-Frame|2|0|13191303583000000|0|0
22|https://glitch.com/edit/#!/moor-woodpecker|index.html – moor-woodpecker|1|0|13191303620000000|0|0
23|https://glitch.com/edit/#!/moor-woodpecker?path=index.html:2:6|index.html – moor-woodpecker|1|0|13191303726000000|0|0
24|https://moor-woodpecker.glitch.me/|Hello, thot! • A-Frame|145|0|13191303726000000|0|0
25|https://glitch.com/edit/#!/moor-woodpecker?path=index.html:5:35|index.html – moor-woodpecker|1|0|13191303733000000|0|0
26|https://glitch.com/edit/#!/moor-woodpecker?path=index.html:13:48|index.html – moor-woodpecker|1|0|13191303755000000|0|0
27|https://glitch.com/edit/#!/moor-woodpecker?path=index.html:17:7|index.html – moor-woodpecker|1|0|13191303789000000|0|0
28|https://glitch.com/edit/#!/moor-woodpecker?path=index.html:11:66|index.html – moor-woodpecker|1|0|13191303966000000|0|0
29|https://www.google.com/search?q=HEX+COLOURS&ie=utf-8&oe=utf-8&client=firefox-b-ab|HEX COLOURS - Google Search|1|1|13191303969000000|0|0
30|https://htmlcolorcodes.com/|HTML Color Codes|2|0|13191303972000000|0|0
31|https://glitch.com/edit/#!/moor-woodpecker?path=index.html:10:40|index.html – moor-woodpecker|1|0|13191304005000000|0|0
32|https://glitch.com/edit/#!/moor-woodpecker?path=index.html:10:30|index.html – moor-woodpecker|1|0|13191304008000000|0|0
33|https://glitch.com/edit/#!/moor-woodpecker?path=index.html:15:30|index.html – moor-woodpecker|1|0|13191304086000000|0|0
34|https://glitch.com/edit/#!/moor-woodpecker?path=index.html:15:34|index.html – moor-woodpecker|1|0|13191304160000000|0|0
35|https://glitch.com/edit/#!/moor-woodpecker?path=index.html:13:29|index.html – moor-woodpecker|1|0|13191304339000000|0|0
36|https://glitch.com/edit/#!/moor-woodpecker?path=index.html:14:0|index.html – moor-woodpecker|1|0|13191304366000000|0|0
37|https://glitch.com/edit/#!/moor-woodpecker?path=index.html:12:30|index.html – moor-woodpecker|1|0|13191304529000000|0|0
38|https://www.google.com/search?q=aframe+documentation&ie=utf-8&oe=utf-8&client=firefox-b-ab|aframe documentation - Google Search|1|1|13191304535000000|0|0
39|https://aframe.io/docs/|Redirecting...|1|0|13191304537000000|0|0
40|https://aframe.io/docs/0.8.0/introduction/writing-a-component.html|Writing a Component – A-Frame|1|0|13191304555000000|0|0
41|https://aframe.io/docs/0.8.0/introduction/html-and-primitives.html|HTML & Primitives – A-Frame|1|0|13191304558000000|0|0
42|https://aframe.io/docs/0.8.0/components/line.html#sidebar|line – A-Frame|2|0|13191304585000000|0|0
43|https://glitch.com/edit/#!/moor-woodpecker?path=index.html:12:6|index.html – moor-woodpecker|1|0|13191304600000000|0|0
44|https://glitch.com/edit/#!/moor-woodpecker?path=index.html:12:47|index.html – moor-woodpecker|1|0|13191304731000000|0|0
45|https://glitch.com/edit/#!/moor-woodpecker?path=index.html:12:50|index.html – moor-woodpecker|1|0|13191304846000000|0|0
46|https://glitch.com/edit/#!/moor-woodpecker?path=index.html:12:37|index.html – moor-woodpecker|1|0|13191304859000000|0|0
47|https://glitch.com/edit/#!/moor-woodpecker?path=index.html:13:4|index.html – moor-woodpecker|1|0|13191304901000000|0|0
48|https://glitch.com/edit/#!/moor-woodpecker?path=index.html:18:40|index.html – moor-woodpecker|1|0|13191304969000000|0|0
49|https://supermedium.com/superframe/scenes/aincraft/|Aincraft|1|0|13191306984000000|0|0
50|https://aframe.io/a-painter/?url=https://ucarecdn.com/962b242b-87a9-422c-b730-febdc470f203/|A-Painter|2|0|13191307030000000|0|0
51|https://glitch.com/edit/#!/north-grin-1|index.html – north-grin-1|1|0|13191307293000000|0|0
52|https://glitch.com/edit/#!/north-grin-1?path=index.html:1:0|index.html – north-grin-1|1|0|13191307437000000|0|0
53|https://www.google.com/search?q=html+colour+codes&ie=utf-8&oe=utf-8&client=firefox-b|html colour codes - Google Search|1|0|13191307444000000|0|0
54|https://glitch.com/edit/#!/north-grin-1?path=index.html:17:7|index.html – north-grin-1|1|0|13191307485000000|0|0
55|https://north-grin-1.glitch.me/|Hello, WebVR! • A-Frame|102|0|13191307486000000|0|0
56|https://glitch.com/edit/#!/north-grin-1?path=index.html:13:79|index.html – north-grin-1|1|0|13191307785000000|0|0
57|https://glitch.com/edit/#!/north-grin-1?path=index.html:18:53|index.html – north-grin-1|1|0|13191308428000000|0|0
58|https://glitch.com/edit/#!/north-grin-1?path=index.html:2:6|index.html – north-grin-1|1|0|13191308594000000|0|0
59|https://glitch.com/edit/#!/north-grin-1?path=index.html:9:7|index.html – north-grin-1|1|0|13191308620000000|0|0
60|https://glitch.com/edit/#!/north-grin-1?path=index.html:10:33|index.html – north-grin-1|1|0|13191308643000000|0|0
61|https://glitch.com/edit/#!/north-grin-1?path=index.html:10:39|index.html – north-grin-1|1|0|13191308662000000|0|0
62|https://glitch.com/edit/#!/north-grin-1?path=index.html:11:49|index.html – north-grin-1|1|0|13191308720000000|0|0
63|https://glitch.com/edit/#!/north-grin-1?path=index.html:3:8|index.html – north-grin-1|1|0|13191308753000000|0|0
64|https://www.google.com/search?q=html+basic+coding&ie=utf-8&oe=utf-8&client=firefox-b|html basic coding - Google Search|1|0|13191308765000000|0|0
65|https://www.w3schools.com/html/html_basic.asp|HTML Basic|1|0|13191308767000000|0|0
66|https://glitch.com/edit/#!/north-grin-1?path=index.html:10:6|index.html – north-grin-1|1|0|13191308816000000|0|0
67|https://glitch.com/edit/#!/north-grin-1?path=index.html:10:25|index.html – north-grin-1|1|0|13191308873000000|0|0
68|http://repl.it/languages/python3|Repl.it - HuskyTroubledSourcecode|1|1|13191897071657488|0|0
69|https://repl.it/languages/python3|Repl.it - HuskyTroubledSourcecode|1|0|13191897071657488|0|0
70|https://repl.it/repls/HuskyTroubledSourcecode|Repl.it - HuskyTroubledSourcecode|2|0|13191897073083657|0|0
71|https://repl.it/@elizamaylee/HuskyTroubledSourcecode|Repl.it - HuskyTroubledSourcecode|3|0|13191897895938782|0|0
72|https://www.google.com/search?q=randomize+a+number+between+1-6&oq=randomize+a+number+between+1-6&aqs=chrome..69i57j0l5.9824j0j7&sourceid=chrome&ie=UTF-8|randomize a number between 1-6 - Google Search|1|0|13191897265165368|0|0
73|https://www.google.com/search?ei=sc87XL3AAsz5vgSxj6yoBQ&q=randomize+a+number+between+1-6+python&oq=randomize+a+number+between+1-6+python&gs_l=psy-ab.3..0i22i30l2.1187.2217..2386...0.0..0.204.960.0j5j1......0....1..gws-wiz.......0i71.wYETzha8cjk|randomize a number between 1-6 python - Google Search|1|0|13191897268639071|0|0
74|https://repl.it/@elizamaylee/HuskyTroubledSourcecode/history||1|0|13191897893223489|0|0
75|https://repl.it/@elizamaylee/HuskyTroubledSourcecode/history?slug=HuskyTroubledSourcecode|Repl.it - HuskyTroubledSourcecode history|1|0|13191897893300636|0|0
76|https://www.google.com/search?q=how+to+count+how+many+numbers+in+a+list+python&oq=how+to+count+how+many+numbers+in+a+list+p&aqs=chrome.0.0j69i57j0l4.11433j0j7&sourceid=chrome&ie=UTF-8|how to count how many numbers in a list python - Google Search|1|0|13191902337658992|0|0
77|http://trinket.io/features/pygame|The New Pygame Trinket|1|1|13191903898742749|0|0
78|https://trinket.io/features/pygame|The New Pygame Trinket|1|0|13191913374710154|0|0
79|http://tinyurl.com/tkinterDoc|Python GUI Programming (Tkinter)|1|1|13191904173632236|0|0
80|http://www.tutorialspoint.com/python/python_gui_programming.htm|Python GUI Programming (Tkinter)|2|0|13191910701484569|0|0
81|https://trinket.io/embed/pygame/9dedddb511#.XDvpnXYxBhE||2|0|13191905681518373|1|0
82|https://trinket.io/embed/pygame/d4bf3e9f04||1|0|13191905652155638|1|0
83|https://trinket-snapshots.trinket.io/d4bf3e9f04-1537543848919.png|d4bf3e9f04-1537543848919.png (800×600)|1|0|13191905658326234|0|0
84|https://trinket-snapshots.trinket.io/e055b30d22-1537543998692.png|e055b30d22-1537543998692.png (800×600)|1|0|13191905668685065|0|0
85|http://summer2019.compclub.com/||2|1|13191909641281096|0|0
86|http://compclub.com/|CompClub.com|2|0|13191909641905340|0|0
87|http://summer2019.compclub.com.au/|Welcome to the CompClub Summer Spy School | CompClub 2019 Summer Workshops|1|1|13191909653067753|0|0
88|https://summer2019.compclub.com.au/|Welcome to the CompClub Summer Spy School | CompClub 2019 Summer Workshops|1|0|13191909653067753|0|0
89|https://summer2019.compclub.com.au/day1|Introduction to Python | CompClub 2019 Summer Workshops|1|0|13191909656657715|0|0
90|https://docs.google.com/presentation/d/1OWwCIZ1shunPSW80S6LdNtQN6xJIU1f1waVA_0dT1Ww/edit?usp=sharing|Advanced Python - Google Slides|2|0|13191909660664728|0|0
91|https://docs.google.com/presentation/d/1OWwCIZ1shunPSW80S6LdNtQN6xJIU1f1waVA_0dT1Ww/edit||1|0|13191909660718823|0|0
92|https://docs.google.com/presentation/d/1OWwCIZ1shunPSW80S6LdNtQN6xJIU1f1waVA_0dT1Ww/edit#slide=id.g3ccd86a859_0_0||1|0|13191909662474176|0|0
93|https://docs.google.com/presentation/d/1OWwCIZ1shunPSW80S6LdNtQN6xJIU1f1waVA_0dT1Ww/edit#slide=id.g3ccd86a859_0_5||1|0|13191909663346232|0|0
94|https://docs.google.com/presentation/d/1OWwCIZ1shunPSW80S6LdNtQN6xJIU1f1waVA_0dT1Ww/edit#slide=id.g4d5dffc626_0_29||1|0|13191909681740593|0|0
95|https://docs.google.com/presentation/d/1OWwCIZ1shunPSW80S6LdNtQN6xJIU1f1waVA_0dT1Ww/edit#slide=id.g4d5dffc626_0_22||1|0|13191910359430397|0|0
96|https://docs.google.com/presentation/d/1OWwCIZ1shunPSW80S6LdNtQN6xJIU1f1waVA_0dT1Ww/edit#slide=id.g4d59993923_0_27||1|0|13191910362975876|0|0
97|https://docs.google.com/presentation/d/1OWwCIZ1shunPSW80S6LdNtQN6xJIU1f1waVA_0dT1Ww/edit#slide=id.g4d59993923_0_46||3|0|13191910518550064|0|0
98|https://docs.google.com/presentation/d/1OWwCIZ1shunPSW80S6LdNtQN6xJIU1f1waVA_0dT1Ww/edit#slide=id.g4d59993923_0_34||1|0|13191910369318396|0|0
99|https://docs.google.com/presentation/d/1OWwCIZ1shunPSW80S6LdNtQN6xJIU1f1waVA_0dT1Ww/edit#slide=id.g4d59993923_0_55||3|0|13191911137749389|0|0
100|https://docs.google.com/presentation/d/1OWwCIZ1shunPSW80S6LdNtQN6xJIU1f1waVA_0dT1Ww/edit#slide=id.g4d59993923_0_63||3|0|13191911141629785|0|0
101|https://docs.google.com/presentation/d/1OWwCIZ1shunPSW80S6LdNtQN6xJIU1f1waVA_0dT1Ww/edit#slide=id.g4d59993923_0_0||2|0|13191910539531984|0|0
102|https://docs.google.com/presentation/d/1OWwCIZ1shunPSW80S6LdNtQN6xJIU1f1waVA_0dT1Ww/edit#slide=id.g4d59993923_0_4||2|0|13191910540042559|0|0
103|https://docs.google.com/presentation/d/1OWwCIZ1shunPSW80S6LdNtQN6xJIU1f1waVA_0dT1Ww/edit#slide=id.g4d5d232f59_0_6||1|0|13191910568654951|0|0
104|https://docs.google.com/presentation/d/1OWwCIZ1shunPSW80S6LdNtQN6xJIU1f1waVA_0dT1Ww/edit#slide=id.g4d5dffc626_0_36||2|0|13191911093012582|0|0
105|https://docs.google.com/presentation/d/1OWwCIZ1shunPSW80S6LdNtQN6xJIU1f1waVA_0dT1Ww/edit#slide=id.g4d5d232f59_0_16||2|0|13191911097848640|0|0
106|https://docs.google.com/presentation/d/1OWwCIZ1shunPSW80S6LdNtQN6xJIU1f1waVA_0dT1Ww/edit#slide=id.g4d5d232f59_0_34||4|0|13191910648115032|0|0
107|https://docs.google.com/presentation/d/1OWwCIZ1shunPSW80S6LdNtQN6xJIU1f1waVA_0dT1Ww/edit#slide=id.g4d5d232f59_0_44||6|0|13191911132943498|0|0
108|https://docs.google.com/presentation/d/1OWwCIZ1shunPSW80S6LdNtQN6xJIU1f1waVA_0dT1Ww/edit#slide=id.g4d5d232f59_0_27||3|0|13191911098678546|0|0
109|https://docs.google.com/presentation/d/1OWwCIZ1shunPSW80S6LdNtQN6xJIU1f1waVA_0dT1Ww/edit#slide=id.g4d5dffc626_0_16||3|0|13191911132501886|0|0
110|https://www.tutorialspoint.com/python/tk_menubutton.htm|Python Tkinter Menubutton|1|0|13191910695555701|0|0
111|https://docs.google.com/presentation/d/1OWwCIZ1shunPSW80S6LdNtQN6xJIU1f1waVA_0dT1Ww/edit#slide=id.g3cdc053e3a_0_107||1|0|13191911476142318|0|0
112|https://docs.google.com/presentation/d/1OWwCIZ1shunPSW80S6LdNtQN6xJIU1f1waVA_0dT1Ww/edit#slide=id.g3cdc053e3a_0_191||1|0|13191911480949674|0|0
113|https://docs.google.com/presentation/d/1OWwCIZ1shunPSW80S6LdNtQN6xJIU1f1waVA_0dT1Ww/edit#slide=id.g3cdc053e3a_0_199||1|0|13191911482551440|0|0
114|https://docs.google.com/presentation/d/1OWwCIZ1shunPSW80S6LdNtQN6xJIU1f1waVA_0dT1Ww/edit#slide=id.g3cdc053e3a_0_119||1|0|13191911490956115|0|0
115|https://www.google.com/search?q=Tkinter+label+font&oq=Tkinter+label+font&aqs=chrome..69i57j0j69i60j0l3.2296j0j7&sourceid=chrome&ie=UTF-8|Tkinter label font - Google Search|1|0|13191912513140614|0|0
116|https://www.google.com/search?ei=QQs8XK56yKTCA-qOv7gM&q=Tkinter+Entry+font&oq=Tkinter+Entry+font&gs_l=psy-ab.3..0i7i30l3.7246.7750..7831...0.0..0.153.519.0j4......0....1..gws-wiz.......0i71j0i8i7i30.4r8-k6yQ99Y|Tkinter Entry font - Google Search|3|0|13191914432134363|0|0
117|https://stackoverflow.com/questions/17369991/how-to-set-font-size-of-entry-in-tkinter|python - How to set font size of Entry in Tkinter - Stack Overflow|1|0|13191912523783405|0|0
118|https://www.google.com/search?q=tkinter+label+font+type&oq=tkinter+label+font+type&aqs=chrome..69i57.5344j0j7&sourceid=chrome&ie=UTF-8|tkinter label font type - Google Search|1|0|13191912861730265|0|0
119|https://www.python-course.eu/tkinter_labels.php|GUI Programming with Python: Labels in Tkinter|1|0|13191912875493482|0|0
120|http://effbot.org/tkinterbook/tkinter-widget-styling.htm|Widget Styling|1|0|13191914427627254|0|0
121|https://www.google.com/search?ei=SQs8XLPNNsTjvAS_m7KIBw&q=Tkinter+label+font&oq=Tkinter+label+font&gs_l=psy-ab.3..0i67j0i7i30j0j0i7i30l4j0l3.13618.15169..15443...0.0..0.281.1539.0j4j3......0....1..gws-wiz.......0i71j0i8i7i30.1knOCR87avY|Tkinter label font - Google Search|1|0|13191914448067843|0|0
122|http://www.java2s.com/Tutorial/Python/0360__Tkinker/ConfigLabelforitsbackgroundfontandsize.htm|Config Label for its background, font and size : Label « Tkinker « Python Tutorial|1|0|13191914469887977|0|0
