2019-01-15 23:08:59|https://www.mozilla.org/privacy/firefox/
2019-01-15 23:08:59|https://www.mozilla.org/en-US/privacy/firefox/
2019-01-15 23:09:19|http://summer2019.compclub.com.au/
2019-01-15 23:09:19|https://summer2019.compclub.com.au/
2019-01-15 23:09:22|https://summer2019.compclub.com.au/day3
2019-01-15 23:10:15|https://docs.google.com/presentation/d/14BvJKEm9pyPOfLtZMkCAMwwwF6nVjmo8G5C3P7PULuw/edit#slide=id.g337fd436a2_1_5
2019-01-15 23:10:19|https://docs.google.com/presentation/d/14BvJKEm9pyPOfLtZMkCAMwwwF6nVjmo8G5C3P7PULuw/edit#slide=id.p
2019-01-15 23:10:20|https://docs.google.com/presentation/d/14BvJKEm9pyPOfLtZMkCAMwwwF6nVjmo8G5C3P7PULuw/edit#slide=id.g4c0710682e_0_15
2019-01-15 23:11:04|https://docs.google.com/presentation/d/14BvJKEm9pyPOfLtZMkCAMwwwF6nVjmo8G5C3P7PULuw/edit#slide=id.g4c0710682e_0_22
2019-01-15 23:11:06|https://docs.google.com/presentation/d/14BvJKEm9pyPOfLtZMkCAMwwwF6nVjmo8G5C3P7PULuw/edit#slide=id.g4c0710682e_0_15
2019-01-15 23:11:06|https://docs.google.com/presentation/d/14BvJKEm9pyPOfLtZMkCAMwwwF6nVjmo8G5C3P7PULuw/edit#slide=id.p
2019-01-15 23:11:07|https://docs.google.com/presentation/d/14BvJKEm9pyPOfLtZMkCAMwwwF6nVjmo8G5C3P7PULuw/edit#slide=id.g4c0710682e_0_15
2019-01-15 23:11:45|https://docs.google.com/presentation/d/14BvJKEm9pyPOfLtZMkCAMwwwF6nVjmo8G5C3P7PULuw/edit#slide=id.g4c0710682e_0_22
2019-01-15 23:12:32|https://docs.google.com/presentation/d/14BvJKEm9pyPOfLtZMkCAMwwwF6nVjmo8G5C3P7PULuw/edit#slide=id.g4c0710682e_0_29
2019-01-15 23:12:34|https://docs.google.com/presentation/d/14BvJKEm9pyPOfLtZMkCAMwwwF6nVjmo8G5C3P7PULuw/edit#slide=id.g4c0710682e_0_36
2019-01-15 23:12:44|https://summer2019.compclub.com.au/day3
2019-01-15 23:12:50|http://python.microbit.org/
2019-01-15 23:12:51|https://python.microbit.org/
2019-01-15 23:12:51|https://python.microbit.org/v/1.1
2019-01-15 23:16:14|https://python-editor-1-1-2.microbit.org/#
2019-01-15 23:22:22|https://docs.google.com/presentation/d/14BvJKEm9pyPOfLtZMkCAMwwwF6nVjmo8G5C3P7PULuw/edit#slide=id.g4c0710682e_0_43
2019-01-15 23:22:24|https://docs.google.com/presentation/d/14BvJKEm9pyPOfLtZMkCAMwwwF6nVjmo8G5C3P7PULuw/edit#slide=id.g4c0710682e_0_58
2019-01-15 23:22:27|https://docs.google.com/presentation/d/14BvJKEm9pyPOfLtZMkCAMwwwF6nVjmo8G5C3P7PULuw/edit#slide=id.g4c0710682e_0_83
2019-01-15 23:22:28|https://docs.google.com/presentation/d/14BvJKEm9pyPOfLtZMkCAMwwwF6nVjmo8G5C3P7PULuw/edit#slide=id.g4c0710682e_0_92
2019-01-15 23:22:29|https://docs.google.com/presentation/d/14BvJKEm9pyPOfLtZMkCAMwwwF6nVjmo8G5C3P7PULuw/edit#slide=id.g4c0710682e_0_63
2019-01-15 23:22:42|http://microbit.org/guide/python
2019-01-15 23:22:42|https://microbit.org/guide/python
2019-01-15 23:22:42|https://microbit.org/guide/python/
2019-01-15 23:23:21|https://docs.google.com/presentation/d/14BvJKEm9pyPOfLtZMkCAMwwwF6nVjmo8G5C3P7PULuw/edit#slide=id.g4d695ae937_0_0
2019-01-15 23:23:22|https://docs.google.com/presentation/d/14BvJKEm9pyPOfLtZMkCAMwwwF6nVjmo8G5C3P7PULuw/edit#slide=id.g4c0710682e_0_63
2019-01-15 23:23:23|https://docs.google.com/presentation/d/14BvJKEm9pyPOfLtZMkCAMwwwF6nVjmo8G5C3P7PULuw/edit#slide=id.g4d695ae937_0_0
2019-01-15 23:23:28|https://docs.google.com/presentation/d/14BvJKEm9pyPOfLtZMkCAMwwwF6nVjmo8G5C3P7PULuw/edit#slide=id.g4c0710682e_0_63
2019-01-15 23:23:29|https://docs.google.com/presentation/d/14BvJKEm9pyPOfLtZMkCAMwwwF6nVjmo8G5C3P7PULuw/edit#slide=id.g4d695ae937_0_0
2019-01-15 23:23:30|https://docs.google.com/presentation/d/14BvJKEm9pyPOfLtZMkCAMwwwF6nVjmo8G5C3P7PULuw/edit#slide=id.g4c0710682e_0_63
2019-01-15 23:23:42|https://python-editor-1-1-2.microbit.org/#
2019-01-15 23:24:36|https://docs.google.com/presentation/d/14BvJKEm9pyPOfLtZMkCAMwwwF6nVjmo8G5C3P7PULuw/edit#slide=id.g4c0710682e_0_102
2019-01-15 23:25:49|https://docs.google.com/presentation/d/14BvJKEm9pyPOfLtZMkCAMwwwF6nVjmo8G5C3P7PULuw/edit#slide=id.g4c0710682e_0_63
2019-01-15 23:25:50|https://docs.google.com/presentation/d/14BvJKEm9pyPOfLtZMkCAMwwwF6nVjmo8G5C3P7PULuw/edit#slide=id.g4d695ae937_0_0
2019-01-15 23:25:51|https://docs.google.com/presentation/d/14BvJKEm9pyPOfLtZMkCAMwwwF6nVjmo8G5C3P7PULuw/edit#slide=id.g4d695ae937_0_8
2019-01-15 23:25:52|https://docs.google.com/presentation/d/14BvJKEm9pyPOfLtZMkCAMwwwF6nVjmo8G5C3P7PULuw/edit#slide=id.g4d695ae937_0_0
2019-01-15 23:25:52|https://docs.google.com/presentation/d/14BvJKEm9pyPOfLtZMkCAMwwwF6nVjmo8G5C3P7PULuw/edit#slide=id.g4d695ae937_0_8
2019-01-15 23:26:39|https://docs.google.com/presentation/d/14BvJKEm9pyPOfLtZMkCAMwwwF6nVjmo8G5C3P7PULuw/edit#slide=id.g4d695ae937_0_16
2019-01-15 23:26:46|https://docs.google.com/presentation/d/14BvJKEm9pyPOfLtZMkCAMwwwF6nVjmo8G5C3P7PULuw/edit#slide=id.g4d695ae937_0_23
2019-01-15 23:26:52|https://python-editor-1-1-2.microbit.org/#
2019-01-15 23:27:42|https://python-editor-1-1-2.microbit.org/#
2019-01-15 23:28:06|https://docs.google.com/presentation/d/14BvJKEm9pyPOfLtZMkCAMwwwF6nVjmo8G5C3P7PULuw/edit#slide=id.g4c0710682e_0_92
2019-01-15 23:28:07|https://docs.google.com/presentation/d/14BvJKEm9pyPOfLtZMkCAMwwwF6nVjmo8G5C3P7PULuw/edit#slide=id.g4d695ae937_0_0
2019-01-15 23:28:25|https://docs.google.com/presentation/d/14BvJKEm9pyPOfLtZMkCAMwwwF6nVjmo8G5C3P7PULuw/edit#slide=id.g4d695ae937_0_8
2019-01-15 23:28:53|http://www.microbit.org/guide/quick/
2019-01-15 23:28:53|https://www.microbit.org/guide/quick/
2019-01-15 23:29:06|https://docs.google.com/presentation/d/14BvJKEm9pyPOfLtZMkCAMwwwF6nVjmo8G5C3P7PULuw/edit#slide=id.g4d695ae937_0_16
2019-01-15 23:30:12|https://docs.google.com/presentation/d/14BvJKEm9pyPOfLtZMkCAMwwwF6nVjmo8G5C3P7PULuw/edit#slide=id.g4d695ae937_0_23
2019-01-15 23:30:15|https://docs.google.com/presentation/d/14BvJKEm9pyPOfLtZMkCAMwwwF6nVjmo8G5C3P7PULuw/edit#slide=id.g4d695ae937_0_16
2019-01-15 23:30:21|https://docs.google.com/presentation/d/14BvJKEm9pyPOfLtZMkCAMwwwF6nVjmo8G5C3P7PULuw/edit#slide=id.g4d695ae937_0_23
2019-01-15 23:30:41|https://docs.google.com/presentation/d/14BvJKEm9pyPOfLtZMkCAMwwwF6nVjmo8G5C3P7PULuw/edit#slide=id.g4d695ae937_0_29
2019-01-15 23:31:17|https://docs.google.com/presentation/d/14BvJKEm9pyPOfLtZMkCAMwwwF6nVjmo8G5C3P7PULuw/edit#slide=id.g4d695ae937_0_16
2019-01-15 23:31:26|https://docs.google.com/presentation/d/14BvJKEm9pyPOfLtZMkCAMwwwF6nVjmo8G5C3P7PULuw/edit#slide=id.g4c0710682e_0_119
2019-01-15 23:31:29|https://docs.google.com/presentation/d/14BvJKEm9pyPOfLtZMkCAMwwwF6nVjmo8G5C3P7PULuw/edit#slide=id.g4c0710682e_0_128
2019-01-15 23:32:07|https://summer2019.compclub.com.au/day3_templates/morse_code_template.html
2019-01-15 23:33:48|https://docs.google.com/presentation/d/14BvJKEm9pyPOfLtZMkCAMwwwF6nVjmo8G5C3P7PULuw/edit#slide=id.g4c0710682e_0_135
2019-01-15 23:33:57|https://docs.google.com/presentation/d/14BvJKEm9pyPOfLtZMkCAMwwwF6nVjmo8G5C3P7PULuw/edit#slide=id.g4c0710682e_0_143
2019-01-15 23:38:03|https://docs.google.com/presentation/d/14BvJKEm9pyPOfLtZMkCAMwwwF6nVjmo8G5C3P7PULuw/edit#slide=id.g4c0710682e_0_92
2019-01-15 23:38:03|https://docs.google.com/presentation/d/14BvJKEm9pyPOfLtZMkCAMwwwF6nVjmo8G5C3P7PULuw/edit#slide=id.g4c0710682e_0_83
2019-01-15 23:38:04|https://docs.google.com/presentation/d/14BvJKEm9pyPOfLtZMkCAMwwwF6nVjmo8G5C3P7PULuw/edit#slide=id.g4c0710682e_0_43
2019-01-15 23:40:27|https://docs.google.com/presentation/d/14BvJKEm9pyPOfLtZMkCAMwwwF6nVjmo8G5C3P7PULuw/edit#slide=id.g4d695ae937_0_0
2019-01-15 23:40:27|https://docs.google.com/presentation/d/14BvJKEm9pyPOfLtZMkCAMwwwF6nVjmo8G5C3P7PULuw/edit#slide=id.g4c0710682e_0_63
2019-01-15 23:40:28|https://docs.google.com/presentation/d/14BvJKEm9pyPOfLtZMkCAMwwwF6nVjmo8G5C3P7PULuw/edit#slide=id.g4c0710682e_0_102
2019-01-15 23:40:28|https://docs.google.com/presentation/d/14BvJKEm9pyPOfLtZMkCAMwwwF6nVjmo8G5C3P7PULuw/edit#slide=id.g4d695ae937_0_0
2019-01-15 23:40:29|https://docs.google.com/presentation/d/14BvJKEm9pyPOfLtZMkCAMwwwF6nVjmo8G5C3P7PULuw/edit#slide=id.g4d695ae937_0_8
2019-01-15 23:40:29|https://docs.google.com/presentation/d/14BvJKEm9pyPOfLtZMkCAMwwwF6nVjmo8G5C3P7PULuw/edit#slide=id.g4d695ae937_0_16
2019-01-15 23:40:30|https://docs.google.com/presentation/d/14BvJKEm9pyPOfLtZMkCAMwwwF6nVjmo8G5C3P7PULuw/edit#slide=id.g4d695ae937_0_23
2019-01-15 23:40:31|https://docs.google.com/presentation/d/14BvJKEm9pyPOfLtZMkCAMwwwF6nVjmo8G5C3P7PULuw/edit#slide=id.g4d695ae937_0_29
2019-01-15 23:40:33|https://docs.google.com/presentation/d/14BvJKEm9pyPOfLtZMkCAMwwwF6nVjmo8G5C3P7PULuw/edit#slide=id.g4c0710682e_0_135
2019-01-15 23:40:33|https://docs.google.com/presentation/d/14BvJKEm9pyPOfLtZMkCAMwwwF6nVjmo8G5C3P7PULuw/edit#slide=id.g4c0710682e_0_143
2019-01-15 23:40:34|https://docs.google.com/presentation/d/14BvJKEm9pyPOfLtZMkCAMwwwF6nVjmo8G5C3P7PULuw/edit#slide=id.g4c0710682e_0_135
2019-01-15 23:40:34|https://docs.google.com/presentation/d/14BvJKEm9pyPOfLtZMkCAMwwwF6nVjmo8G5C3P7PULuw/edit#slide=id.g4c0710682e_0_128
2019-01-15 23:40:54|https://docs.google.com/presentation/d/14BvJKEm9pyPOfLtZMkCAMwwwF6nVjmo8G5C3P7PULuw/edit#slide=id.g4d695ae937_0_16
2019-01-15 23:40:54|https://docs.google.com/presentation/d/14BvJKEm9pyPOfLtZMkCAMwwwF6nVjmo8G5C3P7PULuw/edit#slide=id.g4d695ae937_0_8
2019-01-15 23:40:55|https://docs.google.com/presentation/d/14BvJKEm9pyPOfLtZMkCAMwwwF6nVjmo8G5C3P7PULuw/edit#slide=id.g4d695ae937_0_16
2019-01-15 23:40:55|https://docs.google.com/presentation/d/14BvJKEm9pyPOfLtZMkCAMwwwF6nVjmo8G5C3P7PULuw/edit#slide=id.g4d695ae937_0_8
2019-01-15 23:40:57|https://docs.google.com/presentation/d/14BvJKEm9pyPOfLtZMkCAMwwwF6nVjmo8G5C3P7PULuw/edit#slide=id.g4d695ae937_0_0
2019-01-15 23:40:57|https://docs.google.com/presentation/d/14BvJKEm9pyPOfLtZMkCAMwwwF6nVjmo8G5C3P7PULuw/edit#slide=id.g4d695ae937_0_8
2019-01-15 23:40:59|https://docs.google.com/presentation/d/14BvJKEm9pyPOfLtZMkCAMwwwF6nVjmo8G5C3P7PULuw/edit#slide=id.g4c0710682e_0_83
2019-01-15 23:40:59|https://docs.google.com/presentation/d/14BvJKEm9pyPOfLtZMkCAMwwwF6nVjmo8G5C3P7PULuw/edit#slide=id.g4c0710682e_0_58
2019-01-15 23:40:59|https://docs.google.com/presentation/d/14BvJKEm9pyPOfLtZMkCAMwwwF6nVjmo8G5C3P7PULuw/edit#slide=id.g4c0710682e_0_43
2019-01-15 23:53:45|https://docs.google.com/presentation/d/14BvJKEm9pyPOfLtZMkCAMwwwF6nVjmo8G5C3P7PULuw/edit#slide=id.g4c0710682e_0_58
2019-01-15 23:53:46|https://docs.google.com/presentation/d/14BvJKEm9pyPOfLtZMkCAMwwwF6nVjmo8G5C3P7PULuw/edit#slide=id.g4c0710682e_0_83
2019-01-15 23:53:46|https://docs.google.com/presentation/d/14BvJKEm9pyPOfLtZMkCAMwwwF6nVjmo8G5C3P7PULuw/edit#slide=id.g4c0710682e_0_92
2019-01-15 23:53:47|https://docs.google.com/presentation/d/14BvJKEm9pyPOfLtZMkCAMwwwF6nVjmo8G5C3P7PULuw/edit#slide=id.g4d695ae937_0_0
2019-01-15 23:53:49|https://docs.google.com/presentation/d/14BvJKEm9pyPOfLtZMkCAMwwwF6nVjmo8G5C3P7PULuw/edit#slide=id.g4d695ae937_0_8
2019-01-15 23:53:51|https://docs.google.com/presentation/d/14BvJKEm9pyPOfLtZMkCAMwwwF6nVjmo8G5C3P7PULuw/edit#slide=id.g4d695ae937_0_16
2019-01-15 23:53:51|https://docs.google.com/presentation/d/14BvJKEm9pyPOfLtZMkCAMwwwF6nVjmo8G5C3P7PULuw/edit#slide=id.g4d695ae937_0_23
2019-01-15 23:53:53|https://docs.google.com/presentation/d/14BvJKEm9pyPOfLtZMkCAMwwwF6nVjmo8G5C3P7PULuw/edit#slide=id.g4d695ae937_0_29
2019-01-15 23:56:41|https://python-editor-1-1-2.microbit.org/#
2019-01-15 23:59:06|https://docs.google.com/presentation/d/14BvJKEm9pyPOfLtZMkCAMwwwF6nVjmo8G5C3P7PULuw/edit#slide=id.g4c0710682e_0_43
2019-01-15 23:59:37|https://python-editor-1-1-2.microbit.org/#
2019-01-16 00:00:59|https://python-editor-1-1-2.microbit.org/#
2019-01-16 00:02:05|https://python-editor-1-1-2.microbit.org/#
2019-01-16 00:02:24|https://docs.google.com/presentation/d/14BvJKEm9pyPOfLtZMkCAMwwwF6nVjmo8G5C3P7PULuw/edit#slide=id.g4c0710682e_0_58
2019-01-16 00:02:24|https://docs.google.com/presentation/d/14BvJKEm9pyPOfLtZMkCAMwwwF6nVjmo8G5C3P7PULuw/edit#slide=id.g4c0710682e_0_102
2019-01-16 00:02:26|https://docs.google.com/presentation/d/14BvJKEm9pyPOfLtZMkCAMwwwF6nVjmo8G5C3P7PULuw/edit#slide=id.g4d695ae937_0_0
2019-01-16 00:02:28|https://docs.google.com/presentation/d/14BvJKEm9pyPOfLtZMkCAMwwwF6nVjmo8G5C3P7PULuw/edit#slide=id.g4c0710682e_0_143
2019-01-16 00:04:23|https://python-editor-1-1-2.microbit.org/#
2019-01-16 00:06:28|https://python-editor-1-1-2.microbit.org/#
2019-01-16 00:07:00|https://docs.google.com/presentation/d/14BvJKEm9pyPOfLtZMkCAMwwwF6nVjmo8G5C3P7PULuw/edit#slide=id.g4c0710682e_0_124
2019-01-16 00:07:02|https://docs.google.com/presentation/d/14BvJKEm9pyPOfLtZMkCAMwwwF6nVjmo8G5C3P7PULuw/edit#slide=id.g4c0710682e_0_150
2019-01-16 00:09:36|https://docs.google.com/presentation/d/14BvJKEm9pyPOfLtZMkCAMwwwF6nVjmo8G5C3P7PULuw/edit#slide=id.g4c0710682e_0_124
2019-01-16 00:09:37|https://docs.google.com/presentation/d/14BvJKEm9pyPOfLtZMkCAMwwwF6nVjmo8G5C3P7PULuw/edit#slide=id.g4c0710682e_0_143
2019-01-16 00:09:38|https://docs.google.com/presentation/d/14BvJKEm9pyPOfLtZMkCAMwwwF6nVjmo8G5C3P7PULuw/edit#slide=id.g4c0710682e_0_150
2019-01-16 00:10:36|https://docs.google.com/presentation/d/14BvJKEm9pyPOfLtZMkCAMwwwF6nVjmo8G5C3P7PULuw/edit#slide=id.g4c0710682e_0_124
2019-01-16 00:10:36|https://docs.google.com/presentation/d/14BvJKEm9pyPOfLtZMkCAMwwwF6nVjmo8G5C3P7PULuw/edit#slide=id.g4c0710682e_0_150
2019-01-16 00:11:35|https://docs.google.com/presentation/d/14BvJKEm9pyPOfLtZMkCAMwwwF6nVjmo8G5C3P7PULuw/edit#slide=id.g4c0710682e_0_124
2019-01-16 00:11:35|https://docs.google.com/presentation/d/14BvJKEm9pyPOfLtZMkCAMwwwF6nVjmo8G5C3P7PULuw/edit#slide=id.g4c0710682e_0_150
2019-01-16 00:11:37|https://docs.google.com/presentation/d/14BvJKEm9pyPOfLtZMkCAMwwwF6nVjmo8G5C3P7PULuw/edit#slide=id.g4c0710682e_0_161
2019-01-16 00:11:40|https://docs.google.com/presentation/d/14BvJKEm9pyPOfLtZMkCAMwwwF6nVjmo8G5C3P7PULuw/edit#slide=id.g4c0710682e_0_168
2019-01-16 00:11:42|https://docs.google.com/presentation/d/14BvJKEm9pyPOfLtZMkCAMwwwF6nVjmo8G5C3P7PULuw/edit#slide=id.g4c0710682e_0_175
2019-01-16 00:11:43|https://docs.google.com/presentation/d/14BvJKEm9pyPOfLtZMkCAMwwwF6nVjmo8G5C3P7PULuw/edit#slide=id.g4c0710682e_0_181
2019-01-16 00:12:02|https://docs.google.com/presentation/d/14BvJKEm9pyPOfLtZMkCAMwwwF6nVjmo8G5C3P7PULuw/edit#slide=id.g4c0710682e_0_189
2019-01-16 00:12:04|https://docs.google.com/presentation/d/14BvJKEm9pyPOfLtZMkCAMwwwF6nVjmo8G5C3P7PULuw/edit#slide=id.g4c0710682e_0_181
2019-01-16 00:12:06|https://docs.google.com/presentation/d/14BvJKEm9pyPOfLtZMkCAMwwwF6nVjmo8G5C3P7PULuw/edit#slide=id.g4c0710682e_0_175
2019-01-16 00:12:07|https://docs.google.com/presentation/d/14BvJKEm9pyPOfLtZMkCAMwwwF6nVjmo8G5C3P7PULuw/edit#slide=id.g4c0710682e_0_168
2019-01-16 00:12:08|https://docs.google.com/presentation/d/14BvJKEm9pyPOfLtZMkCAMwwwF6nVjmo8G5C3P7PULuw/edit#slide=id.g4c0710682e_0_181
2019-01-16 00:13:57|https://docs.google.com/presentation/d/14BvJKEm9pyPOfLtZMkCAMwwwF6nVjmo8G5C3P7PULuw/edit#slide=id.g4c0710682e_0_143
2019-01-16 00:14:48|https://docs.google.com/presentation/d/14BvJKEm9pyPOfLtZMkCAMwwwF6nVjmo8G5C3P7PULuw/edit#slide=id.g4c0710682e_0_43
2019-01-16 00:15:13|http://python.microbit.org/
2019-01-16 00:15:13|https://python.microbit.org/
2019-01-16 00:15:13|https://python.microbit.org/v/1.1
2019-01-16 00:15:25|https://docs.google.com/presentation/d/14BvJKEm9pyPOfLtZMkCAMwwwF6nVjmo8G5C3P7PULuw/edit#slide=id.g4c0710682e_0_58
2019-01-16 00:15:26|https://docs.google.com/presentation/d/14BvJKEm9pyPOfLtZMkCAMwwwF6nVjmo8G5C3P7PULuw/edit#slide=id.g4c0710682e_0_43
2019-01-16 00:15:27|https://docs.google.com/presentation/d/14BvJKEm9pyPOfLtZMkCAMwwwF6nVjmo8G5C3P7PULuw/edit#slide=id.g4c0710682e_0_15
2019-01-16 00:15:27|https://docs.google.com/presentation/d/14BvJKEm9pyPOfLtZMkCAMwwwF6nVjmo8G5C3P7PULuw/edit#slide=id.g4c0710682e_0_29
2019-01-16 00:15:27|https://docs.google.com/presentation/d/14BvJKEm9pyPOfLtZMkCAMwwwF6nVjmo8G5C3P7PULuw/edit#slide=id.g4c0710682e_0_22
2019-01-16 00:15:28|https://docs.google.com/presentation/d/14BvJKEm9pyPOfLtZMkCAMwwwF6nVjmo8G5C3P7PULuw/edit#slide=id.g4c0710682e_0_29
2019-01-16 00:15:28|https://docs.google.com/presentation/d/14BvJKEm9pyPOfLtZMkCAMwwwF6nVjmo8G5C3P7PULuw/edit#slide=id.g4c0710682e_0_36
2019-01-16 00:15:29|https://docs.google.com/presentation/d/14BvJKEm9pyPOfLtZMkCAMwwwF6nVjmo8G5C3P7PULuw/edit#slide=id.g4c0710682e_0_43
2019-01-16 00:15:31|https://docs.google.com/presentation/d/14BvJKEm9pyPOfLtZMkCAMwwwF6nVjmo8G5C3P7PULuw/edit#slide=id.g4c0710682e_0_58
2019-01-16 00:15:36|https://docs.google.com/presentation/d/14BvJKEm9pyPOfLtZMkCAMwwwF6nVjmo8G5C3P7PULuw/edit#slide=id.g4c0710682e_0_92
2019-01-16 00:15:37|https://docs.google.com/presentation/d/14BvJKEm9pyPOfLtZMkCAMwwwF6nVjmo8G5C3P7PULuw/edit#slide=id.g4c0710682e_0_83
2019-01-16 00:15:37|https://docs.google.com/presentation/d/14BvJKEm9pyPOfLtZMkCAMwwwF6nVjmo8G5C3P7PULuw/edit#slide=id.g4c0710682e_0_43
2019-01-16 00:15:38|https://docs.google.com/presentation/d/14BvJKEm9pyPOfLtZMkCAMwwwF6nVjmo8G5C3P7PULuw/edit#slide=id.g4c0710682e_0_58
2019-01-16 00:15:38|https://docs.google.com/presentation/d/14BvJKEm9pyPOfLtZMkCAMwwwF6nVjmo8G5C3P7PULuw/edit#slide=id.g4c0710682e_0_43
2019-01-16 00:44:32|https://docs.google.com/presentation/d/14BvJKEm9pyPOfLtZMkCAMwwwF6nVjmo8G5C3P7PULuw/edit#slide=id.g4c0710682e_0_119
2019-01-16 00:44:33|https://docs.google.com/presentation/d/14BvJKEm9pyPOfLtZMkCAMwwwF6nVjmo8G5C3P7PULuw/edit#slide=id.g4c0710682e_0_124
2019-01-16 00:44:35|https://docs.google.com/presentation/d/14BvJKEm9pyPOfLtZMkCAMwwwF6nVjmo8G5C3P7PULuw/edit#slide=id.g4c0710682e_0_195
2019-01-16 00:44:35|https://docs.google.com/presentation/d/14BvJKEm9pyPOfLtZMkCAMwwwF6nVjmo8G5C3P7PULuw/edit#slide=id.g337fd436a2_1_0
2019-01-16 00:44:37|https://docs.google.com/presentation/d/14BvJKEm9pyPOfLtZMkCAMwwwF6nVjmo8G5C3P7PULuw/edit#slide=id.g4c0710682e_0_150
2019-01-16 00:44:37|https://docs.google.com/presentation/d/14BvJKEm9pyPOfLtZMkCAMwwwF6nVjmo8G5C3P7PULuw/edit#slide=id.g4c0710682e_0_124
2019-01-16 00:44:42|https://docs.google.com/presentation/d/14BvJKEm9pyPOfLtZMkCAMwwwF6nVjmo8G5C3P7PULuw/edit#slide=id.g4c0710682e_0_150
2019-01-16 00:47:00|https://docs.google.com/presentation/d/14BvJKEm9pyPOfLtZMkCAMwwwF6nVjmo8G5C3P7PULuw/edit#slide=id.g4c0710682e_0_161
2019-01-16 00:47:10|https://docs.google.com/presentation/d/14BvJKEm9pyPOfLtZMkCAMwwwF6nVjmo8G5C3P7PULuw/edit#slide=id.g4c0710682e_0_168
2019-01-16 00:47:24|https://docs.google.com/presentation/d/14BvJKEm9pyPOfLtZMkCAMwwwF6nVjmo8G5C3P7PULuw/edit#slide=id.g4c0710682e_0_175
2019-01-16 00:48:04|https://summer2019.compclub.com.au/day3_templates/reaction_timer_template.html
2019-01-16 00:48:28|http://repl.it/
2019-01-16 00:48:30|https://repl.it/
2019-01-16 00:48:36|https://repl.it/login
2019-01-16 00:48:44|https://repl.it/repls
2019-01-16 00:48:49|https://repl.it/@Duduke/PunctualSaneAdmins
2019-01-16 00:49:32|http://microbit.org/
2019-01-16 00:49:32|https://microbit.org/
2019-01-16 00:49:34|https://microbit.org/code/
2019-01-16 00:49:55|https://docs.google.com/presentation/d/14BvJKEm9pyPOfLtZMkCAMwwwF6nVjmo8G5C3P7PULuw/edit#slide=id.g4c0710682e_0_58
2019-01-16 00:49:56|https://docs.google.com/presentation/d/14BvJKEm9pyPOfLtZMkCAMwwwF6nVjmo8G5C3P7PULuw/edit#slide=id.g4c0710682e_0_15
2019-01-16 00:49:56|https://docs.google.com/presentation/d/14BvJKEm9pyPOfLtZMkCAMwwwF6nVjmo8G5C3P7PULuw/edit#slide=id.g4c0710682e_0_22
2019-01-16 00:49:56|https://docs.google.com/presentation/d/14BvJKEm9pyPOfLtZMkCAMwwwF6nVjmo8G5C3P7PULuw/edit#slide=id.g4c0710682e_0_36
2019-01-16 00:50:02|http://python.microbit.org/
2019-01-16 00:50:02|https://python.microbit.org/
2019-01-16 00:50:02|https://python.microbit.org/v/1.1
2019-01-16 00:50:04|https://docs.google.com/presentation/d/14BvJKEm9pyPOfLtZMkCAMwwwF6nVjmo8G5C3P7PULuw/edit#slide=id.p
2019-01-16 00:50:06|https://docs.google.com/presentation/d/14BvJKEm9pyPOfLtZMkCAMwwwF6nVjmo8G5C3P7PULuw/edit#slide=id.g4c0710682e_0_124
2019-01-16 00:50:07|https://docs.google.com/presentation/d/14BvJKEm9pyPOfLtZMkCAMwwwF6nVjmo8G5C3P7PULuw/edit#slide=id.g4c0710682e_0_143
2019-01-16 00:50:07|https://docs.google.com/presentation/d/14BvJKEm9pyPOfLtZMkCAMwwwF6nVjmo8G5C3P7PULuw/edit#slide=id.g4c0710682e_0_128
2019-01-16 00:50:08|https://docs.google.com/presentation/d/14BvJKEm9pyPOfLtZMkCAMwwwF6nVjmo8G5C3P7PULuw/edit#slide=id.g4c0710682e_0_124
2019-01-16 00:50:08|https://docs.google.com/presentation/d/14BvJKEm9pyPOfLtZMkCAMwwwF6nVjmo8G5C3P7PULuw/edit#slide=id.g4c0710682e_0_161
2019-01-16 00:50:08|https://docs.google.com/presentation/d/14BvJKEm9pyPOfLtZMkCAMwwwF6nVjmo8G5C3P7PULuw/edit#slide=id.g4c0710682e_0_150
2019-01-16 00:50:09|https://docs.google.com/presentation/d/14BvJKEm9pyPOfLtZMkCAMwwwF6nVjmo8G5C3P7PULuw/edit#slide=id.g4c0710682e_0_168
2019-01-16 00:50:14|https://summer2019.compclub.com.au/day3_templates/reaction_timer_template.html
2019-01-16 00:50:49|https://docs.google.com/presentation/d/14BvJKEm9pyPOfLtZMkCAMwwwF6nVjmo8G5C3P7PULuw/edit#slide=id.g4c0710682e_0_161
2019-01-16 00:50:50|https://docs.google.com/presentation/d/14BvJKEm9pyPOfLtZMkCAMwwwF6nVjmo8G5C3P7PULuw/edit#slide=id.g4c0710682e_0_124
2019-01-16 00:50:50|https://docs.google.com/presentation/d/14BvJKEm9pyPOfLtZMkCAMwwwF6nVjmo8G5C3P7PULuw/edit#slide=id.g4c0710682e_0_150
2019-01-16 00:52:28|https://docs.google.com/presentation/d/14BvJKEm9pyPOfLtZMkCAMwwwF6nVjmo8G5C3P7PULuw/edit#slide=id.g4c0710682e_0_161
2019-01-16 00:52:34|https://docs.google.com/presentation/d/14BvJKEm9pyPOfLtZMkCAMwwwF6nVjmo8G5C3P7PULuw/edit#slide=id.g4c0710682e_0_168
2019-01-16 00:52:43|https://docs.google.com/presentation/d/14BvJKEm9pyPOfLtZMkCAMwwwF6nVjmo8G5C3P7PULuw/edit#slide=id.g4c0710682e_0_175
2019-01-16 00:56:53|https://microbit.org/guide/python/
2019-01-16 00:56:57|http://microbit-micropython.readthedocs.org/en/latest/tutorials/images.html
2019-01-16 00:56:57|http://microbit-micropython.readthedocs.io/en/latest/tutorials/images.html
2019-01-16 00:56:58|https://microbit-micropython.readthedocs.io/en/latest/tutorials/images.html
2019-01-16 01:04:52|https://docs.google.com/presentation/d/14BvJKEm9pyPOfLtZMkCAMwwwF6nVjmo8G5C3P7PULuw/edit#slide=id.g4c0710682e_0_181
2019-01-16 01:04:53|https://docs.google.com/presentation/d/14BvJKEm9pyPOfLtZMkCAMwwwF6nVjmo8G5C3P7PULuw/edit#slide=id.g4c0710682e_0_175
2019-01-16 01:04:53|https://docs.google.com/presentation/d/14BvJKEm9pyPOfLtZMkCAMwwwF6nVjmo8G5C3P7PULuw/edit#slide=id.g4c0710682e_0_181
2019-01-16 01:07:29|https://docs.google.com/presentation/d/14BvJKEm9pyPOfLtZMkCAMwwwF6nVjmo8G5C3P7PULuw/edit#slide=id.g4c0710682e_0_175
2019-01-16 01:07:30|https://docs.google.com/presentation/d/14BvJKEm9pyPOfLtZMkCAMwwwF6nVjmo8G5C3P7PULuw/edit#slide=id.g4c0710682e_0_189
2019-01-16 01:07:31|https://docs.google.com/presentation/d/14BvJKEm9pyPOfLtZMkCAMwwwF6nVjmo8G5C3P7PULuw/edit#slide=id.g4c0710682e_0_175
2019-01-16 01:07:33|https://docs.google.com/presentation/d/14BvJKEm9pyPOfLtZMkCAMwwwF6nVjmo8G5C3P7PULuw/edit#slide=id.g4c0710682e_0_181
2019-01-16 01:07:33|https://docs.google.com/presentation/d/14BvJKEm9pyPOfLtZMkCAMwwwF6nVjmo8G5C3P7PULuw/edit#slide=id.g4c0710682e_0_189
2019-01-16 01:37:00|https://python-editor-1-1-2.microbit.org/#
2019-01-16 01:39:43|https://docs.google.com/presentation/d/14BvJKEm9pyPOfLtZMkCAMwwwF6nVjmo8G5C3P7PULuw/edit#slide=id.g4c0710682e_0_135
2019-01-16 01:39:44|https://docs.google.com/presentation/d/14BvJKEm9pyPOfLtZMkCAMwwwF6nVjmo8G5C3P7PULuw/edit#slide=id.g4c0710682e_0_143
2019-01-16 01:39:46|https://docs.google.com/presentation/d/14BvJKEm9pyPOfLtZMkCAMwwwF6nVjmo8G5C3P7PULuw/edit#slide=id.g4c0710682e_0_83
2019-01-16 01:39:47|https://docs.google.com/presentation/d/14BvJKEm9pyPOfLtZMkCAMwwwF6nVjmo8G5C3P7PULuw/edit#slide=id.g4c0710682e_0_92
2019-01-16 01:39:47|https://docs.google.com/presentation/d/14BvJKEm9pyPOfLtZMkCAMwwwF6nVjmo8G5C3P7PULuw/edit#slide=id.g4c0710682e_0_102
2019-01-16 01:39:49|https://docs.google.com/presentation/d/14BvJKEm9pyPOfLtZMkCAMwwwF6nVjmo8G5C3P7PULuw/edit#slide=id.g4c0710682e_0_92
2019-01-16 01:39:50|https://docs.google.com/presentation/d/14BvJKEm9pyPOfLtZMkCAMwwwF6nVjmo8G5C3P7PULuw/edit#slide=id.g4c0710682e_0_83
2019-01-16 01:39:50|https://docs.google.com/presentation/d/14BvJKEm9pyPOfLtZMkCAMwwwF6nVjmo8G5C3P7PULuw/edit#slide=id.g4c0710682e_0_58
2019-01-16 01:39:51|https://docs.google.com/presentation/d/14BvJKEm9pyPOfLtZMkCAMwwwF6nVjmo8G5C3P7PULuw/edit#slide=id.g4c0710682e_0_43
2019-01-16 01:44:56|https://python-editor-1-1-2.microbit.org/#
2019-01-16 01:45:46|https://docs.google.com/presentation/d/14BvJKEm9pyPOfLtZMkCAMwwwF6nVjmo8G5C3P7PULuw/edit#slide=id.g4d695ae937_0_8
2019-01-16 01:45:46|https://docs.google.com/presentation/d/14BvJKEm9pyPOfLtZMkCAMwwwF6nVjmo8G5C3P7PULuw/edit#slide=id.g4d695ae937_0_16
2019-01-16 01:45:52|https://docs.google.com/presentation/d/14BvJKEm9pyPOfLtZMkCAMwwwF6nVjmo8G5C3P7PULuw/edit#slide=id.g4d695ae937_0_23
2019-01-16 01:45:52|https://docs.google.com/presentation/d/14BvJKEm9pyPOfLtZMkCAMwwwF6nVjmo8G5C3P7PULuw/edit#slide=id.g4d695ae937_0_29
2019-01-16 01:45:53|https://docs.google.com/presentation/d/14BvJKEm9pyPOfLtZMkCAMwwwF6nVjmo8G5C3P7PULuw/edit#slide=id.g4c0710682e_0_119
2019-01-16 01:45:54|https://docs.google.com/presentation/d/14BvJKEm9pyPOfLtZMkCAMwwwF6nVjmo8G5C3P7PULuw/edit#slide=id.g4c0710682e_0_150
2019-01-16 01:46:17|https://docs.google.com/presentation/d/14BvJKEm9pyPOfLtZMkCAMwwwF6nVjmo8G5C3P7PULuw/edit#slide=id.g4c0710682e_0_181
2019-01-16 01:46:17|https://docs.google.com/presentation/d/14BvJKEm9pyPOfLtZMkCAMwwwF6nVjmo8G5C3P7PULuw/edit#slide=id.g4c0710682e_0_189
2019-01-16 01:46:18|https://docs.google.com/presentation/d/14BvJKEm9pyPOfLtZMkCAMwwwF6nVjmo8G5C3P7PULuw/edit#slide=id.g4c0710682e_0_175
2019-01-16 01:46:19|https://docs.google.com/presentation/d/14BvJKEm9pyPOfLtZMkCAMwwwF6nVjmo8G5C3P7PULuw/edit#slide=id.g4c0710682e_0_161
2019-01-16 01:48:30|https://python-editor-1-1-2.microbit.org/#
2019-01-16 01:49:32|https://docs.google.com/presentation/d/14BvJKEm9pyPOfLtZMkCAMwwwF6nVjmo8G5C3P7PULuw/edit#slide=id.g4c0710682e_0_189
2019-01-16 01:49:59|https://python-editor-1-1-2.microbit.org/#
2019-01-16 01:57:59|https://docs.google.com/presentation/d/14BvJKEm9pyPOfLtZMkCAMwwwF6nVjmo8G5C3P7PULuw/edit#slide=id.g4c0710682e_0_195
2019-01-16 01:58:00|https://docs.google.com/presentation/d/14BvJKEm9pyPOfLtZMkCAMwwwF6nVjmo8G5C3P7PULuw/edit#slide=id.g337fd436a2_1_0
2019-01-16 01:58:25|https://docs.google.com/presentation/d/14BvJKEm9pyPOfLtZMkCAMwwwF6nVjmo8G5C3P7PULuw/edit#slide=id.g4c0710682e_0_210
2019-01-16 01:58:45|https://docs.google.com/presentation/d/14BvJKEm9pyPOfLtZMkCAMwwwF6nVjmo8G5C3P7PULuw/edit#slide=id.g4c0710682e_0_217
2019-01-16 01:59:09|https://docs.google.com/presentation/d/14BvJKEm9pyPOfLtZMkCAMwwwF6nVjmo8G5C3P7PULuw/edit#slide=id.g4d6b884a15_2_1
2019-01-16 01:59:17|https://docs.google.com/presentation/d/14BvJKEm9pyPOfLtZMkCAMwwwF6nVjmo8G5C3P7PULuw/edit#slide=id.g4c0710682e_0_217
2019-01-16 01:59:23|https://docs.google.com/presentation/d/14BvJKEm9pyPOfLtZMkCAMwwwF6nVjmo8G5C3P7PULuw/edit#slide=id.g4c0710682e_0_210
2019-01-16 01:59:24|https://docs.google.com/presentation/d/14BvJKEm9pyPOfLtZMkCAMwwwF6nVjmo8G5C3P7PULuw/edit#slide=id.g337fd436a2_1_0
2019-01-16 01:59:47|https://docs.google.com/presentation/d/14BvJKEm9pyPOfLtZMkCAMwwwF6nVjmo8G5C3P7PULuw/edit#slide=id.g4c0710682e_0_210
2019-01-16 01:59:49|https://docs.google.com/presentation/d/14BvJKEm9pyPOfLtZMkCAMwwwF6nVjmo8G5C3P7PULuw/edit#slide=id.g337fd436a2_1_0
2019-01-16 01:59:49|https://docs.google.com/presentation/d/14BvJKEm9pyPOfLtZMkCAMwwwF6nVjmo8G5C3P7PULuw/edit#slide=id.g4c0710682e_0_217
2019-01-16 01:59:51|https://docs.google.com/presentation/d/14BvJKEm9pyPOfLtZMkCAMwwwF6nVjmo8G5C3P7PULuw/edit#slide=id.g337fd436a2_1_0
2019-01-16 01:59:55|https://docs.google.com/presentation/d/14BvJKEm9pyPOfLtZMkCAMwwwF6nVjmo8G5C3P7PULuw/edit#slide=id.g4c0710682e_0_210
2019-01-16 02:00:13|https://docs.google.com/presentation/d/14BvJKEm9pyPOfLtZMkCAMwwwF6nVjmo8G5C3P7PULuw/edit#slide=id.g4c0710682e_0_217
2019-01-16 02:00:14|https://docs.google.com/presentation/d/14BvJKEm9pyPOfLtZMkCAMwwwF6nVjmo8G5C3P7PULuw/edit#slide=id.g4d6b884a15_2_1
2019-01-16 02:00:15|https://docs.google.com/presentation/d/14BvJKEm9pyPOfLtZMkCAMwwwF6nVjmo8G5C3P7PULuw/edit#slide=id.g4c0710682e_0_217
2019-01-16 02:00:16|https://docs.google.com/presentation/d/14BvJKEm9pyPOfLtZMkCAMwwwF6nVjmo8G5C3P7PULuw/edit#slide=id.g4c0710682e_0_210
2019-01-16 02:00:16|https://docs.google.com/presentation/d/14BvJKEm9pyPOfLtZMkCAMwwwF6nVjmo8G5C3P7PULuw/edit#slide=id.g337fd436a2_1_0
2019-01-16 02:00:24|https://summer2019.compclub.com.au/day3_templates/hot_or_cold_template.html
2019-01-16 02:06:14|https://www.youtube.com/watch?v=dQw4w9WgXcQ
2019-01-16 02:14:38|https://summer2019.compclub.com.au/
2019-01-16 02:14:45|https://summer2019.compclub.com.au/day5
2019-01-16 02:14:46|https://summer2019.compclub.com.au/day4
2019-01-16 03:12:45|https://summer2019.compclub.com.au/
2019-01-16 03:12:47|https://summer2019.compclub.com.au/day3
2019-01-16 03:16:54|https://microbit.org/guide/python/
2019-01-16 03:16:58|http://microbit-micropython.readthedocs.org/en/latest/tutorials/images.html
2019-01-16 03:16:58|http://microbit-micropython.readthedocs.io/en/latest/tutorials/images.html
2019-01-16 03:16:58|https://microbit-micropython.readthedocs.io/en/latest/tutorials/images.html
2019-01-16 03:17:31|https://docs.google.com/presentation/d/14BvJKEm9pyPOfLtZMkCAMwwwF6nVjmo8G5C3P7PULuw/edit#slide=id.g4c0710682e_0_210
2019-01-16 03:18:28|https://docs.google.com/presentation/d/14BvJKEm9pyPOfLtZMkCAMwwwF6nVjmo8G5C3P7PULuw/edit#slide=id.g4c0710682e_0_217
2019-01-16 03:18:31|https://docs.google.com/presentation/d/14BvJKEm9pyPOfLtZMkCAMwwwF6nVjmo8G5C3P7PULuw/edit#slide=id.g4c0710682e_0_210
2019-01-16 03:20:19|https://summer2019.compclub.com.au/day3_templates/hot_or_cold_template.html
2019-01-16 03:21:51|https://docs.google.com/presentation/d/14BvJKEm9pyPOfLtZMkCAMwwwF6nVjmo8G5C3P7PULuw/edit#slide=id.g4c0710682e_0_217
2019-01-16 03:21:53|https://docs.google.com/presentation/d/14BvJKEm9pyPOfLtZMkCAMwwwF6nVjmo8G5C3P7PULuw/edit#slide=id.g4d6b884a15_2_1
2019-01-16 03:24:05|https://microbit.org/guide/python/
2019-01-16 03:24:08|http://microbit-micropython.readthedocs.org/en/latest/tutorials/images.html
2019-01-16 03:24:08|http://microbit-micropython.readthedocs.io/en/latest/tutorials/images.html
2019-01-16 03:24:08|https://microbit-micropython.readthedocs.io/en/latest/tutorials/images.html
2019-01-16 03:33:51|http://microbit.org/
2019-01-16 03:33:51|https://microbit.org/
2019-01-16 03:34:02|http://python.microbit.org/
2019-01-16 03:34:02|https://python.microbit.org/
2019-01-16 03:34:02|https://python.microbit.org/v/1.1
2019-01-16 03:36:39|https://python-editor-1-1-2.microbit.org/#
2019-01-16 03:37:29|https://www.google.com/search?q=relational+operator+python&ie=utf-8&oe=utf-8&client=firefox-b-ab
2019-01-16 03:37:31|https://www.google.com/search?q=relational+operator+python&client=firefox-b-ab&source=lnms&tbm=isch&sa=X&ved=0ahUKEwjTpbP6r_HfAhWBf30KHU-9CA4Q_AUIDigB&biw=1920&bih=953
2019-01-16 03:38:30|https://python-editor-1-1-2.microbit.org/#
2019-01-16 03:40:47|https://python-editor-1-1-2.microbit.org/#
2019-01-16 03:48:11|https://python-editor-1-1-2.microbit.org/#
2019-01-16 03:49:21|https://summer2019.compclub.com.au/
2019-01-16 03:49:23|https://summer2019.compclub.com.au/day3
2019-01-16 03:57:05|https://python-editor-1-1-2.microbit.org/#
2019-01-16 04:00:02|https://python-editor-1-1-2.microbit.org/#
2019-01-16 04:02:38|https://python-editor-1-1-2.microbit.org/#
2019-01-16 04:03:36|https://python-editor-1-1-2.microbit.org/#
2019-01-16 04:06:25|https://python-editor-1-1-2.microbit.org/#
2019-01-16 04:07:16|https://python-editor-1-1-2.microbit.org/#
2019-01-16 04:07:29|https://python-editor-1-1-2.microbit.org/#
2019-01-16 04:08:05|https://python-editor-1-1-2.microbit.org/#
2019-01-16 04:08:55|https://python-editor-1-1-2.microbit.org/#
2019-01-16 04:09:37|https://python-editor-1-1-2.microbit.org/#
2019-01-16 04:11:08|https://python-editor-1-1-2.microbit.org/#
2019-01-16 04:28:18|https://python-editor-1-1-2.microbit.org/#
2019-01-16 04:29:18|https://python-editor-1-1-2.microbit.org/#
2019-01-16 04:30:46|https://python-editor-1-1-2.microbit.org/#
2019-01-16 04:30:56|https://python-editor-1-1-2.microbit.org/#
2019-01-16 04:32:08|https://python-editor-1-1-2.microbit.org/#
2019-01-16 04:32:17|https://python-editor-1-1-2.microbit.org/#
2019-01-16 04:35:27|https://python-editor-1-1-2.microbit.org/#
2019-01-16 04:36:28|https://python-editor-1-1-2.microbit.org/#
2019-01-16 04:37:28|https://python-editor-1-1-2.microbit.org/#
2019-01-17 23:37:19|https://summer2019.compclub.com.au/
2019-01-17 23:37:21|https://summer2019.compclub.com.au/day5
2019-01-17 23:37:24|https://docs.google.com/presentation/d/1kyRsC1-PMJu4UndE6psUHJHuTHX7W6cuYRod1jq3QJY
2019-01-17 23:37:25|https://docs.google.com/presentation/d/1kyRsC1-PMJu4UndE6psUHJHuTHX7W6cuYRod1jq3QJY/
2019-01-17 23:37:26|https://docs.google.com/presentation/d/1kyRsC1-PMJu4UndE6psUHJHuTHX7W6cuYRod1jq3QJY/edit
2019-01-17 23:37:28|https://docs.google.com/presentation/d/1kyRsC1-PMJu4UndE6psUHJHuTHX7W6cuYRod1jq3QJY/edit#slide=id.p1
2019-01-17 23:37:33|https://docs.google.com/presentation/d/1ykIUm1xAKMforvTPeqvXMdC4DZlnWOg604ekaybhiOs
2019-01-17 23:37:34|https://docs.google.com/presentation/d/1ykIUm1xAKMforvTPeqvXMdC4DZlnWOg604ekaybhiOs/
2019-01-17 23:37:34|https://docs.google.com/presentation/d/1ykIUm1xAKMforvTPeqvXMdC4DZlnWOg604ekaybhiOs/edit
2019-01-17 23:37:36|https://docs.google.com/presentation/d/1ykIUm1xAKMforvTPeqvXMdC4DZlnWOg604ekaybhiOs/edit#slide=id.p3
2019-01-17 23:37:38|https://docs.google.com/presentation/d/1ykIUm1xAKMforvTPeqvXMdC4DZlnWOg604ekaybhiOs/edit#slide=id.g4978d0c231_0_4
2019-01-17 23:37:41|https://docs.google.com/presentation/d/1ykIUm1xAKMforvTPeqvXMdC4DZlnWOg604ekaybhiOs/edit#slide=id.p3
2019-01-17 23:37:43|https://docs.google.com/presentation/d/1kyRsC1-PMJu4UndE6psUHJHuTHX7W6cuYRod1jq3QJY/edit#slide=id.p2
2019-01-17 23:37:49|https://summer2019.compclub.com.au/day5/code
2019-01-17 23:37:50|https://repl.it/@featherbear/LesserSignifiedBeings
2019-01-17 23:38:23|https://docs.google.com/presentation/d/1ykIUm1xAKMforvTPeqvXMdC4DZlnWOg604ekaybhiOs/edit#slide=id.g487950190f_0_59
2019-01-17 23:38:23|https://docs.google.com/presentation/d/1ykIUm1xAKMforvTPeqvXMdC4DZlnWOg604ekaybhiOs/edit#slide=id.g487950190f_0_11
2019-01-17 23:38:29|https://docs.google.com/presentation/d/1kyRsC1-PMJu4UndE6psUHJHuTHX7W6cuYRod1jq3QJY/edit#slide=id.g3d022b32ae_0_5
2019-01-17 23:38:31|https://docs.google.com/presentation/d/1kyRsC1-PMJu4UndE6psUHJHuTHX7W6cuYRod1jq3QJY/edit#slide=id.g4be45cc0c3_1_52
2019-01-17 23:38:33|https://docs.google.com/presentation/d/1kyRsC1-PMJu4UndE6psUHJHuTHX7W6cuYRod1jq3QJY/edit#slide=id.g4c0372a315_0_123
2019-01-17 23:38:34|https://docs.google.com/presentation/d/1kyRsC1-PMJu4UndE6psUHJHuTHX7W6cuYRod1jq3QJY/edit#slide=id.g4c21576342_0_10
2019-01-17 23:38:36|https://docs.google.com/presentation/d/1kyRsC1-PMJu4UndE6psUHJHuTHX7W6cuYRod1jq3QJY/edit#slide=id.g4c0372a315_0_100
2019-01-17 23:38:40|https://docs.google.com/presentation/d/1kyRsC1-PMJu4UndE6psUHJHuTHX7W6cuYRod1jq3QJY/edit#slide=id.g4c21576342_0_10
2019-01-17 23:38:43|https://docs.google.com/presentation/d/1kyRsC1-PMJu4UndE6psUHJHuTHX7W6cuYRod1jq3QJY/edit#slide=id.g4d923ccbc0_0_106
2019-01-17 23:38:44|https://docs.google.com/presentation/d/1kyRsC1-PMJu4UndE6psUHJHuTHX7W6cuYRod1jq3QJY/edit#slide=id.g4c21576342_0_85
2019-01-17 23:38:45|https://docs.google.com/presentation/d/1kyRsC1-PMJu4UndE6psUHJHuTHX7W6cuYRod1jq3QJY/edit#slide=id.g445c8f4c5882998c_36
2019-01-17 23:38:46|https://docs.google.com/presentation/d/1kyRsC1-PMJu4UndE6psUHJHuTHX7W6cuYRod1jq3QJY/edit#slide=id.g4c21576342_0_85
2019-01-17 23:38:46|https://docs.google.com/presentation/d/1kyRsC1-PMJu4UndE6psUHJHuTHX7W6cuYRod1jq3QJY/edit#slide=id.g4c21576342_0_61
2019-01-17 23:38:48|https://docs.google.com/presentation/d/1kyRsC1-PMJu4UndE6psUHJHuTHX7W6cuYRod1jq3QJY/edit#slide=id.g445c8f4c5882998c_36
2019-01-17 23:38:50|https://docs.google.com/presentation/d/1kyRsC1-PMJu4UndE6psUHJHuTHX7W6cuYRod1jq3QJY/edit#slide=id.g558a456a7dbd0e14_3
2019-01-17 23:38:57|https://docs.google.com/presentation/d/1kyRsC1-PMJu4UndE6psUHJHuTHX7W6cuYRod1jq3QJY/edit#slide=id.g445c8f4c5882998c_53
2019-01-17 23:39:17|https://docs.google.com/presentation/d/1kyRsC1-PMJu4UndE6psUHJHuTHX7W6cuYRod1jq3QJY/edit#slide=id.g4c07aed684_0_70
2019-01-17 23:39:25|https://docs.google.com/presentation/d/1kyRsC1-PMJu4UndE6psUHJHuTHX7W6cuYRod1jq3QJY/edit#slide=id.g4d61f71165_0_10
2019-01-17 23:39:32|https://docs.google.com/presentation/d/1kyRsC1-PMJu4UndE6psUHJHuTHX7W6cuYRod1jq3QJY/edit#slide=id.g4c07aed684_0_70
2019-01-17 23:39:33|https://docs.google.com/presentation/d/1kyRsC1-PMJu4UndE6psUHJHuTHX7W6cuYRod1jq3QJY/edit#slide=id.g4d61f71165_0_10
2019-01-17 23:39:34|https://docs.google.com/presentation/d/1kyRsC1-PMJu4UndE6psUHJHuTHX7W6cuYRod1jq3QJY/edit#slide=id.g4d61f71165_0_50
2019-01-17 23:39:40|https://docs.google.com/presentation/d/1kyRsC1-PMJu4UndE6psUHJHuTHX7W6cuYRod1jq3QJY/edit#slide=id.g4d61f71165_0_70
2019-01-17 23:39:44|https://docs.google.com/presentation/d/1kyRsC1-PMJu4UndE6psUHJHuTHX7W6cuYRod1jq3QJY/edit#slide=id.g4d61f71165_0_80
2019-01-17 23:39:48|https://docs.google.com/presentation/d/1kyRsC1-PMJu4UndE6psUHJHuTHX7W6cuYRod1jq3QJY/edit#slide=id.g4c07aed684_0_70
2019-01-17 23:39:49|https://docs.google.com/presentation/d/1kyRsC1-PMJu4UndE6psUHJHuTHX7W6cuYRod1jq3QJY/edit#slide=id.g445c8f4c5882998c_53
2019-01-17 23:39:51|https://docs.google.com/presentation/d/1kyRsC1-PMJu4UndE6psUHJHuTHX7W6cuYRod1jq3QJY/edit#slide=id.g558a456a7dbd0e14_3
2019-01-17 23:39:52|https://docs.google.com/presentation/d/1kyRsC1-PMJu4UndE6psUHJHuTHX7W6cuYRod1jq3QJY/edit#slide=id.g445c8f4c5882998c_53
2019-01-17 23:39:53|https://docs.google.com/presentation/d/1kyRsC1-PMJu4UndE6psUHJHuTHX7W6cuYRod1jq3QJY/edit#slide=id.g4c07aed684_0_70
2019-01-17 23:40:31|http://repl.it/
2019-01-17 23:40:31|https://repl.it/
2019-01-17 23:40:32|https://repl.it/repls
2019-01-17 23:40:43|https://repl.it/languages/html
2019-01-17 23:40:43|https://repl.it/@Duduke/ThoughtfulJauntyRule
2019-01-17 23:41:02|https://repl.it/@Duduke/FractalCompassionateInformation
2019-01-17 23:41:07|https://repl.it/@Duduke/PunctualSaneAdmins
2019-01-17 23:41:42|https://repl.it/
2019-01-17 23:41:59|https://docs.google.com/presentation/d/1kyRsC1-PMJu4UndE6psUHJHuTHX7W6cuYRod1jq3QJY/edit#slide=id.g558a456a7dbd0e14_3
2019-01-17 23:42:01|https://docs.google.com/presentation/d/1kyRsC1-PMJu4UndE6psUHJHuTHX7W6cuYRod1jq3QJY/edit#slide=id.g445c8f4c5882998c_53
2019-01-17 23:42:11|https://docs.google.com/presentation/d/1kyRsC1-PMJu4UndE6psUHJHuTHX7W6cuYRod1jq3QJY/edit#slide=id.g4c07aed684_0_70
2019-01-17 23:42:22|https://docs.google.com/presentation/d/1kyRsC1-PMJu4UndE6psUHJHuTHX7W6cuYRod1jq3QJY/edit#slide=id.g4d61f71165_0_10
2019-01-17 23:43:06|https://docs.google.com/presentation/d/1kyRsC1-PMJu4UndE6psUHJHuTHX7W6cuYRod1jq3QJY/edit#slide=id.g4d61f71165_0_50
2019-01-17 23:45:13|https://docs.google.com/presentation/d/1kyRsC1-PMJu4UndE6psUHJHuTHX7W6cuYRod1jq3QJY/edit#slide=id.g4d61f71165_0_70
2019-01-17 23:45:34|https://docs.google.com/presentation/d/1kyRsC1-PMJu4UndE6psUHJHuTHX7W6cuYRod1jq3QJY/edit#slide=id.g4d61f71165_0_80
2019-01-17 23:45:37|https://docs.google.com/presentation/d/1kyRsC1-PMJu4UndE6psUHJHuTHX7W6cuYRod1jq3QJY/edit#slide=id.g4d61f71165_0_70
2019-01-17 23:46:43|https://docs.google.com/presentation/d/1kyRsC1-PMJu4UndE6psUHJHuTHX7W6cuYRod1jq3QJY/edit#slide=id.g4d61f71165_0_80
2019-01-17 23:46:50|https://docs.google.com/presentation/d/1kyRsC1-PMJu4UndE6psUHJHuTHX7W6cuYRod1jq3QJY/edit#slide=id.g4d61f71165_0_70
2019-01-17 23:47:06|https://docs.google.com/presentation/d/1kyRsC1-PMJu4UndE6psUHJHuTHX7W6cuYRod1jq3QJY/edit#slide=id.g4d61f71165_0_80
2019-01-17 23:47:26|https://docs.google.com/presentation/d/1kyRsC1-PMJu4UndE6psUHJHuTHX7W6cuYRod1jq3QJY/edit#slide=id.g4d61f71165_0_90
2019-01-17 23:47:44|https://docs.google.com/presentation/d/1kyRsC1-PMJu4UndE6psUHJHuTHX7W6cuYRod1jq3QJY/edit#slide=id.g4d61f71165_0_116
2019-01-17 23:47:45|https://docs.google.com/presentation/d/1kyRsC1-PMJu4UndE6psUHJHuTHX7W6cuYRod1jq3QJY/edit#slide=id.g4d61f71165_0_90
2019-01-17 23:47:46|https://docs.google.com/presentation/d/1kyRsC1-PMJu4UndE6psUHJHuTHX7W6cuYRod1jq3QJY/edit#slide=id.g4d61f71165_0_116
2019-01-17 23:48:05|https://docs.google.com/presentation/d/1kyRsC1-PMJu4UndE6psUHJHuTHX7W6cuYRod1jq3QJY/edit#slide=id.g4d61f71165_0_125
2019-01-17 23:48:29|https://docs.google.com/presentation/d/1kyRsC1-PMJu4UndE6psUHJHuTHX7W6cuYRod1jq3QJY/edit#slide=id.g4d923ccbc0_0_23
2019-01-17 23:51:05|https://docs.google.com/presentation/d/1kyRsC1-PMJu4UndE6psUHJHuTHX7W6cuYRod1jq3QJY/edit#slide=id.g4d923ccbc0_0_39
2019-01-17 23:51:30|https://docs.google.com/presentation/d/1kyRsC1-PMJu4UndE6psUHJHuTHX7W6cuYRod1jq3QJY/edit#slide=id.g4d923ccbc0_0_66
2019-01-17 23:52:35|https://docs.google.com/presentation/d/1kyRsC1-PMJu4UndE6psUHJHuTHX7W6cuYRod1jq3QJY/edit#slide=id.g4d923ccbc0_0_55
2019-01-17 23:52:51|https://docs.google.com/presentation/d/1kyRsC1-PMJu4UndE6psUHJHuTHX7W6cuYRod1jq3QJY/edit#slide=id.g4d923ccbc0_0_123
2019-01-17 23:52:53|https://docs.google.com/presentation/d/1kyRsC1-PMJu4UndE6psUHJHuTHX7W6cuYRod1jq3QJY/edit#slide=id.g4d923ccbc0_0_55
2019-01-17 23:53:37|https://docs.google.com/presentation/d/1kyRsC1-PMJu4UndE6psUHJHuTHX7W6cuYRod1jq3QJY/edit#slide=id.g4d923ccbc0_0_123
2019-01-17 23:53:45|https://docs.google.com/presentation/d/1kyRsC1-PMJu4UndE6psUHJHuTHX7W6cuYRod1jq3QJY/edit#slide=id.g4d923ccbc0_0_55
2019-01-17 23:53:48|https://docs.google.com/presentation/d/1kyRsC1-PMJu4UndE6psUHJHuTHX7W6cuYRod1jq3QJY/edit#slide=id.g4d923ccbc0_0_66
2019-01-17 23:53:55|https://docs.google.com/presentation/d/1kyRsC1-PMJu4UndE6psUHJHuTHX7W6cuYRod1jq3QJY/edit#slide=id.g4d923ccbc0_0_39
2019-01-17 23:53:58|https://docs.google.com/presentation/d/1kyRsC1-PMJu4UndE6psUHJHuTHX7W6cuYRod1jq3QJY/edit#slide=id.g4be45cc0c3_1_59
2019-01-17 23:54:06|https://docs.google.com/presentation/d/1kyRsC1-PMJu4UndE6psUHJHuTHX7W6cuYRod1jq3QJY/edit#slide=id.g4d8f0f26c2_0_17
2019-01-17 23:57:06|https://www.google.com/search?q=red+green+blue+to+make+colours&ie=utf-8&oe=utf-8&client=firefox-b-ab
2019-01-17 23:57:11|https://en.wikipedia.org/wiki/Color_mixing
2019-01-17 23:57:45|https://docs.google.com/presentation/d/1ykIUm1xAKMforvTPeqvXMdC4DZlnWOg604ekaybhiOs
2019-01-17 23:57:45|https://docs.google.com/presentation/d/1ykIUm1xAKMforvTPeqvXMdC4DZlnWOg604ekaybhiOs/
2019-01-17 23:57:46|https://docs.google.com/presentation/d/1ykIUm1xAKMforvTPeqvXMdC4DZlnWOg604ekaybhiOs/edit
2019-01-17 23:57:48|https://docs.google.com/presentation/d/1ykIUm1xAKMforvTPeqvXMdC4DZlnWOg604ekaybhiOs/edit#slide=id.p3
2019-01-17 23:57:49|https://docs.google.com/presentation/d/1ykIUm1xAKMforvTPeqvXMdC4DZlnWOg604ekaybhiOs/edit#slide=id.g487950190f_0_59
2019-01-17 23:57:49|https://docs.google.com/presentation/d/1ykIUm1xAKMforvTPeqvXMdC4DZlnWOg604ekaybhiOs/edit#slide=id.g487950190f_0_11
2019-01-17 23:57:50|https://docs.google.com/presentation/d/1ykIUm1xAKMforvTPeqvXMdC4DZlnWOg604ekaybhiOs/edit#slide=id.g487950190f_0_38
2019-01-17 23:57:51|https://docs.google.com/presentation/d/1ykIUm1xAKMforvTPeqvXMdC4DZlnWOg604ekaybhiOs/edit#slide=id.g4978d0c231_0_16
2019-01-17 23:57:57|https://docs.google.com/presentation/d/1kyRsC1-PMJu4UndE6psUHJHuTHX7W6cuYRod1jq3QJY
2019-01-17 23:57:57|https://docs.google.com/presentation/d/1kyRsC1-PMJu4UndE6psUHJHuTHX7W6cuYRod1jq3QJY/
2019-01-17 23:57:58|https://docs.google.com/presentation/d/1kyRsC1-PMJu4UndE6psUHJHuTHX7W6cuYRod1jq3QJY/edit
2019-01-17 23:58:00|https://docs.google.com/presentation/d/1kyRsC1-PMJu4UndE6psUHJHuTHX7W6cuYRod1jq3QJY/edit#slide=id.p1
2019-01-17 23:58:25|https://docs.google.com/presentation/d/1kyRsC1-PMJu4UndE6psUHJHuTHX7W6cuYRod1jq3QJY/edit#slide=id.g4be45cc0c3_1_68
2019-01-17 23:58:29|https://docs.google.com/presentation/d/1kyRsC1-PMJu4UndE6psUHJHuTHX7W6cuYRod1jq3QJY/edit#slide=id.g542d65370a8faa59_11
2019-01-17 23:58:29|https://docs.google.com/presentation/d/1kyRsC1-PMJu4UndE6psUHJHuTHX7W6cuYRod1jq3QJY/edit#slide=id.g4be45cc0c3_1_59
2019-01-17 23:58:29|https://docs.google.com/presentation/d/1kyRsC1-PMJu4UndE6psUHJHuTHX7W6cuYRod1jq3QJY/edit#slide=id.g542d65370a8faa59_11
2019-01-17 23:58:31|https://docs.google.com/presentation/d/1kyRsC1-PMJu4UndE6psUHJHuTHX7W6cuYRod1jq3QJY/edit#slide=id.g4be45cc0c3_1_52
2019-01-17 23:58:32|https://docs.google.com/presentation/d/1kyRsC1-PMJu4UndE6psUHJHuTHX7W6cuYRod1jq3QJY/edit#slide=id.g4be45cc0c3_1_35
2019-01-17 23:58:32|https://docs.google.com/presentation/d/1kyRsC1-PMJu4UndE6psUHJHuTHX7W6cuYRod1jq3QJY/edit#slide=id.g4c07aed684_0_7
2019-01-17 23:58:33|https://docs.google.com/presentation/d/1kyRsC1-PMJu4UndE6psUHJHuTHX7W6cuYRod1jq3QJY/edit#slide=id.g4be45cc0c3_1_35
2019-01-17 23:58:34|https://docs.google.com/presentation/d/1kyRsC1-PMJu4UndE6psUHJHuTHX7W6cuYRod1jq3QJY/edit#slide=id.g4be45cc0c3_0_1
2019-01-17 23:58:35|https://docs.google.com/presentation/d/1kyRsC1-PMJu4UndE6psUHJHuTHX7W6cuYRod1jq3QJY/edit#slide=id.g4be45cc0c3_1_44
2019-01-17 23:58:36|https://docs.google.com/presentation/d/1kyRsC1-PMJu4UndE6psUHJHuTHX7W6cuYRod1jq3QJY/edit#slide=id.g4891b805bc_0_5
2019-01-17 23:58:37|https://docs.google.com/presentation/d/1kyRsC1-PMJu4UndE6psUHJHuTHX7W6cuYRod1jq3QJY/edit#slide=id.g4c07aed684_0_2
2019-01-17 23:58:38|https://docs.google.com/presentation/d/1kyRsC1-PMJu4UndE6psUHJHuTHX7W6cuYRod1jq3QJY/edit#slide=id.g4be45cc0c3_0_1
2019-01-17 23:58:38|https://docs.google.com/presentation/d/1kyRsC1-PMJu4UndE6psUHJHuTHX7W6cuYRod1jq3QJY/edit#slide=id.g4be45cc0c3_1_35
2019-01-17 23:58:39|https://docs.google.com/presentation/d/1kyRsC1-PMJu4UndE6psUHJHuTHX7W6cuYRod1jq3QJY/edit#slide=id.g4c07aed684_0_7
2019-01-17 23:58:39|https://docs.google.com/presentation/d/1kyRsC1-PMJu4UndE6psUHJHuTHX7W6cuYRod1jq3QJY/edit#slide=id.g4be45cc0c3_1_52
2019-01-17 23:58:43|https://docs.google.com/presentation/d/1kyRsC1-PMJu4UndE6psUHJHuTHX7W6cuYRod1jq3QJY/edit#slide=id.g4c0372a315_0_114
2019-01-17 23:58:43|https://docs.google.com/presentation/d/1kyRsC1-PMJu4UndE6psUHJHuTHX7W6cuYRod1jq3QJY/edit#slide=id.g4c0372a315_0_127
2019-01-17 23:58:44|https://docs.google.com/presentation/d/1kyRsC1-PMJu4UndE6psUHJHuTHX7W6cuYRod1jq3QJY/edit#slide=id.g4d8f0f26c2_0_0
2019-01-17 23:58:45|https://docs.google.com/presentation/d/1kyRsC1-PMJu4UndE6psUHJHuTHX7W6cuYRod1jq3QJY/edit#slide=id.g4d923ccbc0_0_92
2019-01-18 00:07:17|https://docs.google.com/presentation/d/1kyRsC1-PMJu4UndE6psUHJHuTHX7W6cuYRod1jq3QJY/edit#slide=id.g4d8f0f26c2_0_17
2019-01-18 00:07:37|https://docs.google.com/presentation/d/1kyRsC1-PMJu4UndE6psUHJHuTHX7W6cuYRod1jq3QJY/edit#slide=id.g4c21576342_0_85
2019-01-18 00:07:38|https://docs.google.com/presentation/d/1kyRsC1-PMJu4UndE6psUHJHuTHX7W6cuYRod1jq3QJY/edit#slide=id.g4c21576342_0_61
2019-01-18 00:07:43|https://docs.google.com/presentation/d/1kyRsC1-PMJu4UndE6psUHJHuTHX7W6cuYRod1jq3QJY/edit#slide=id.g4d61f71165_0_80
2019-01-18 00:07:44|https://docs.google.com/presentation/d/1kyRsC1-PMJu4UndE6psUHJHuTHX7W6cuYRod1jq3QJY/edit#slide=id.g4d61f71165_0_70
2019-01-18 00:07:45|https://docs.google.com/presentation/d/1kyRsC1-PMJu4UndE6psUHJHuTHX7W6cuYRod1jq3QJY/edit#slide=id.g4d61f71165_0_80
2019-01-18 00:07:46|https://docs.google.com/presentation/d/1kyRsC1-PMJu4UndE6psUHJHuTHX7W6cuYRod1jq3QJY/edit#slide=id.g4d61f71165_0_90
2019-01-18 00:07:48|https://docs.google.com/presentation/d/1kyRsC1-PMJu4UndE6psUHJHuTHX7W6cuYRod1jq3QJY/edit#slide=id.g4d923ccbc0_0_39
2019-01-18 00:07:52|https://docs.google.com/presentation/d/1kyRsC1-PMJu4UndE6psUHJHuTHX7W6cuYRod1jq3QJY/edit#slide=id.g4d923ccbc0_0_66
2019-01-18 00:07:53|https://docs.google.com/presentation/d/1kyRsC1-PMJu4UndE6psUHJHuTHX7W6cuYRod1jq3QJY/edit#slide=id.g4d923ccbc0_0_39
2019-01-18 00:07:54|https://docs.google.com/presentation/d/1kyRsC1-PMJu4UndE6psUHJHuTHX7W6cuYRod1jq3QJY/edit#slide=id.g4d923ccbc0_0_23
2019-01-18 00:07:55|https://docs.google.com/presentation/d/1kyRsC1-PMJu4UndE6psUHJHuTHX7W6cuYRod1jq3QJY/edit#slide=id.g4d61f71165_0_125
2019-01-18 00:10:30|https://repl.it/@Duduke/PunctualSaneAdmins
2019-01-18 00:10:36|https://docs.google.com/presentation/d/1kyRsC1-PMJu4UndE6psUHJHuTHX7W6cuYRod1jq3QJY/edit#slide=id.g4c21576342_0_85
2019-01-18 00:10:41|https://docs.google.com/presentation/d/1kyRsC1-PMJu4UndE6psUHJHuTHX7W6cuYRod1jq3QJY/edit#slide=id.g4d923ccbc0_0_39
2019-01-18 00:10:50|https://docs.google.com/presentation/d/1kyRsC1-PMJu4UndE6psUHJHuTHX7W6cuYRod1jq3QJY/edit#slide=id.g4d8f0f26c2_0_17
2019-01-18 00:12:25|https://docs.google.com/presentation/d/1kyRsC1-PMJu4UndE6psUHJHuTHX7W6cuYRod1jq3QJY/edit#slide=id.g4be45cc0c3_1_104
2019-01-18 00:13:05|https://docs.google.com/presentation/d/1kyRsC1-PMJu4UndE6psUHJHuTHX7W6cuYRod1jq3QJY/edit#slide=id.g4c21576342_0_42
2019-01-18 00:13:06|https://docs.google.com/presentation/d/1kyRsC1-PMJu4UndE6psUHJHuTHX7W6cuYRod1jq3QJY/edit#slide=id.g4c21576342_0_68
2019-01-18 00:13:06|https://docs.google.com/presentation/d/1kyRsC1-PMJu4UndE6psUHJHuTHX7W6cuYRod1jq3QJY/edit#slide=id.g4c21576342_0_42
2019-01-18 00:13:07|https://docs.google.com/presentation/d/1kyRsC1-PMJu4UndE6psUHJHuTHX7W6cuYRod1jq3QJY/edit#slide=id.g4c0372a315_0_60
2019-01-18 00:13:10|https://docs.google.com/presentation/d/1kyRsC1-PMJu4UndE6psUHJHuTHX7W6cuYRod1jq3QJY/edit#slide=id.g4d923ccbc0_0_55
2019-01-18 00:13:10|https://docs.google.com/presentation/d/1kyRsC1-PMJu4UndE6psUHJHuTHX7W6cuYRod1jq3QJY/edit#slide=id.g4d923ccbc0_0_66
2019-01-18 00:13:11|https://docs.google.com/presentation/d/1kyRsC1-PMJu4UndE6psUHJHuTHX7W6cuYRod1jq3QJY/edit#slide=id.g4d923ccbc0_0_39
2019-01-18 00:13:11|https://docs.google.com/presentation/d/1kyRsC1-PMJu4UndE6psUHJHuTHX7W6cuYRod1jq3QJY/edit#slide=id.g4d923ccbc0_0_66
2019-01-18 00:13:15|https://docs.google.com/presentation/d/1kyRsC1-PMJu4UndE6psUHJHuTHX7W6cuYRod1jq3QJY/edit#slide=id.g4d923ccbc0_0_55
2019-01-18 00:13:16|https://docs.google.com/presentation/d/1kyRsC1-PMJu4UndE6psUHJHuTHX7W6cuYRod1jq3QJY/edit#slide=id.g4d923ccbc0_0_123
2019-01-18 00:15:00|https://docs.google.com/presentation/d/1kyRsC1-PMJu4UndE6psUHJHuTHX7W6cuYRod1jq3QJY/edit#slide=id.g4d923ccbc0_0_66
2019-01-18 00:15:01|https://docs.google.com/presentation/d/1kyRsC1-PMJu4UndE6psUHJHuTHX7W6cuYRod1jq3QJY/edit#slide=id.g4d923ccbc0_0_39
2019-01-18 00:20:20|https://www.google.com/search?q=python+open+file+&ie=utf-8&oe=utf-8&client=firefox-b-ab
2019-01-18 00:20:23|https://www.pythonforbeginners.com/cheatsheet/python-file-handling
2019-01-18 00:21:06|https://docs.google.com/presentation/d/1kyRsC1-PMJu4UndE6psUHJHuTHX7W6cuYRod1jq3QJY/edit#slide=id.g4d923ccbc0_0_55
2019-01-18 00:21:06|https://docs.google.com/presentation/d/1kyRsC1-PMJu4UndE6psUHJHuTHX7W6cuYRod1jq3QJY/edit#slide=id.g445c8f4c5882998c_15
2019-01-18 00:21:07|https://docs.google.com/presentation/d/1kyRsC1-PMJu4UndE6psUHJHuTHX7W6cuYRod1jq3QJY/edit#slide=id.g4d8f0f26c2_0_6
2019-01-18 00:21:08|https://docs.google.com/presentation/d/1kyRsC1-PMJu4UndE6psUHJHuTHX7W6cuYRod1jq3QJY/edit#slide=id.g4be45cc0c3_1_95
2019-01-18 00:21:09|https://docs.google.com/presentation/d/1kyRsC1-PMJu4UndE6psUHJHuTHX7W6cuYRod1jq3QJY/edit#slide=id.g4be45cc0c3_1_104
2019-01-18 00:21:10|https://docs.google.com/presentation/d/1kyRsC1-PMJu4UndE6psUHJHuTHX7W6cuYRod1jq3QJY/edit#slide=id.g4d61f71165_0_100
2019-01-18 00:21:10|https://docs.google.com/presentation/d/1kyRsC1-PMJu4UndE6psUHJHuTHX7W6cuYRod1jq3QJY/edit#slide=id.g4c21576342_0_68
2019-01-18 00:21:11|https://docs.google.com/presentation/d/1kyRsC1-PMJu4UndE6psUHJHuTHX7W6cuYRod1jq3QJY/edit#slide=id.g4c21576342_0_42
2019-01-18 00:21:12|https://docs.google.com/presentation/d/1kyRsC1-PMJu4UndE6psUHJHuTHX7W6cuYRod1jq3QJY/edit#slide=id.g445c8f4c5882998c_15
2019-01-18 00:21:12|https://docs.google.com/presentation/d/1kyRsC1-PMJu4UndE6psUHJHuTHX7W6cuYRod1jq3QJY/edit#slide=id.g4c0372a315_0_60
2019-01-18 00:21:13|https://docs.google.com/presentation/d/1kyRsC1-PMJu4UndE6psUHJHuTHX7W6cuYRod1jq3QJY/edit#slide=id.g4d923ccbc0_0_131
2019-01-18 00:21:14|https://docs.google.com/presentation/d/1kyRsC1-PMJu4UndE6psUHJHuTHX7W6cuYRod1jq3QJY/edit#slide=id.g4d923ccbc0_0_55
2019-01-18 00:21:14|https://docs.google.com/presentation/d/1kyRsC1-PMJu4UndE6psUHJHuTHX7W6cuYRod1jq3QJY/edit#slide=id.g4d923ccbc0_0_66
2019-01-18 00:21:15|https://docs.google.com/presentation/d/1kyRsC1-PMJu4UndE6psUHJHuTHX7W6cuYRod1jq3QJY/edit#slide=id.g4d923ccbc0_0_39
2019-01-18 00:21:16|https://docs.google.com/presentation/d/1kyRsC1-PMJu4UndE6psUHJHuTHX7W6cuYRod1jq3QJY/edit#slide=id.g4d923ccbc0_0_23
2019-01-18 00:21:17|https://docs.google.com/presentation/d/1kyRsC1-PMJu4UndE6psUHJHuTHX7W6cuYRod1jq3QJY/edit#slide=id.g4d61f71165_0_125
2019-01-18 00:21:28|https://docs.google.com/presentation/d/1kyRsC1-PMJu4UndE6psUHJHuTHX7W6cuYRod1jq3QJY/edit#slide=id.g4d61f71165_0_100
2019-01-18 00:22:28|https://summer2019.compclub.com.au/
2019-01-18 00:22:30|https://summer2019.compclub.com.au/day5
2019-01-18 00:22:38|https://summer2019.compclub.com.au/day5/code
2019-01-18 00:22:39|https://docs.google.com/presentation/d/1kyRsC1-PMJu4UndE6psUHJHuTHX7W6cuYRod1jq3QJY
2019-01-18 00:22:39|https://docs.google.com/presentation/d/1kyRsC1-PMJu4UndE6psUHJHuTHX7W6cuYRod1jq3QJY/
2019-01-18 00:22:40|https://docs.google.com/presentation/d/1ykIUm1xAKMforvTPeqvXMdC4DZlnWOg604ekaybhiOs
2019-01-18 00:22:40|https://docs.google.com/presentation/d/1kyRsC1-PMJu4UndE6psUHJHuTHX7W6cuYRod1jq3QJY/edit
2019-01-18 00:22:40|https://repl.it/@featherbear/LesserSignifiedBeings
2019-01-18 00:22:40|https://docs.google.com/presentation/d/1ykIUm1xAKMforvTPeqvXMdC4DZlnWOg604ekaybhiOs/
2019-01-18 00:22:41|https://docs.google.com/presentation/d/1ykIUm1xAKMforvTPeqvXMdC4DZlnWOg604ekaybhiOs/edit
2019-01-18 00:22:43|https://docs.google.com/presentation/d/1kyRsC1-PMJu4UndE6psUHJHuTHX7W6cuYRod1jq3QJY/edit#slide=id.p1
2019-01-18 00:22:43|https://docs.google.com/presentation/d/1ykIUm1xAKMforvTPeqvXMdC4DZlnWOg604ekaybhiOs/edit#slide=id.p3
2019-01-18 00:22:44|https://docs.google.com/presentation/d/1ykIUm1xAKMforvTPeqvXMdC4DZlnWOg604ekaybhiOs/edit#slide=id.g4978d0c231_0_4
2019-01-18 00:22:45|https://docs.google.com/presentation/d/1ykIUm1xAKMforvTPeqvXMdC4DZlnWOg604ekaybhiOs/edit#slide=id.g487950190f_0_59
2019-01-18 00:22:46|https://docs.google.com/presentation/d/1ykIUm1xAKMforvTPeqvXMdC4DZlnWOg604ekaybhiOs/edit#slide=id.g487950190f_0_50
2019-01-18 00:22:48|https://docs.google.com/presentation/d/1ykIUm1xAKMforvTPeqvXMdC4DZlnWOg604ekaybhiOs/edit#slide=id.g487950190f_0_69
2019-01-18 00:22:51|https://docs.google.com/presentation/d/1ykIUm1xAKMforvTPeqvXMdC4DZlnWOg604ekaybhiOs/edit#slide=id.g4be45cc0c3_1_10
2019-01-18 00:22:59|https://docs.google.com/presentation/d/1kyRsC1-PMJu4UndE6psUHJHuTHX7W6cuYRod1jq3QJY/edit#slide=id.g4bf28a5cd4_0_6
2019-01-18 00:23:07|https://docs.google.com/presentation/d/1kyRsC1-PMJu4UndE6psUHJHuTHX7W6cuYRod1jq3QJY/edit#slide=id.g4d8f0f26c2_0_6
2019-01-18 00:23:11|https://docs.google.com/presentation/d/1kyRsC1-PMJu4UndE6psUHJHuTHX7W6cuYRod1jq3QJY/edit#slide=id.g4d61f71165_0_100
2019-01-18 00:23:12|https://docs.google.com/presentation/d/1kyRsC1-PMJu4UndE6psUHJHuTHX7W6cuYRod1jq3QJY/edit#slide=id.g4d8f0f26c2_0_6
2019-01-18 00:23:18|https://docs.google.com/presentation/d/1kyRsC1-PMJu4UndE6psUHJHuTHX7W6cuYRod1jq3QJY/edit#slide=id.g4c21576342_0_68
2019-01-18 00:23:18|https://docs.google.com/presentation/d/1kyRsC1-PMJu4UndE6psUHJHuTHX7W6cuYRod1jq3QJY/edit#slide=id.g4d61f71165_0_100
2019-01-18 00:23:19|https://docs.google.com/presentation/d/1kyRsC1-PMJu4UndE6psUHJHuTHX7W6cuYRod1jq3QJY/edit#slide=id.g4c21576342_0_68
2019-01-18 00:23:20|https://docs.google.com/presentation/d/1kyRsC1-PMJu4UndE6psUHJHuTHX7W6cuYRod1jq3QJY/edit#slide=id.g4c21576342_0_42
2019-01-18 00:23:21|https://docs.google.com/presentation/d/1kyRsC1-PMJu4UndE6psUHJHuTHX7W6cuYRod1jq3QJY/edit#slide=id.g445c8f4c5882998c_15
2019-01-18 00:23:22|https://docs.google.com/presentation/d/1kyRsC1-PMJu4UndE6psUHJHuTHX7W6cuYRod1jq3QJY/edit#slide=id.g4c21576342_0_42
2019-01-18 00:24:40|https://docs.google.com/presentation/d/1kyRsC1-PMJu4UndE6psUHJHuTHX7W6cuYRod1jq3QJY/edit#slide=id.g4c21576342_0_68
2019-01-18 00:25:15|https://docs.google.com/presentation/d/1kyRsC1-PMJu4UndE6psUHJHuTHX7W6cuYRod1jq3QJY/edit#slide=id.g4be45cc0c3_1_95
2019-01-18 00:25:17|https://docs.google.com/presentation/d/1kyRsC1-PMJu4UndE6psUHJHuTHX7W6cuYRod1jq3QJY/edit#slide=id.g4be45cc0c3_1_104
2019-01-18 00:25:19|https://docs.google.com/presentation/d/1kyRsC1-PMJu4UndE6psUHJHuTHX7W6cuYRod1jq3QJY/edit#slide=id.g4d8f0f26c2_0_6
2019-01-18 00:25:25|https://docs.google.com/presentation/d/1kyRsC1-PMJu4UndE6psUHJHuTHX7W6cuYRod1jq3QJY/edit#slide=id.g4c21576342_0_42
2019-01-18 00:25:26|https://docs.google.com/presentation/d/1kyRsC1-PMJu4UndE6psUHJHuTHX7W6cuYRod1jq3QJY/edit#slide=id.g445c8f4c5882998c_15
2019-01-18 00:25:26|https://docs.google.com/presentation/d/1kyRsC1-PMJu4UndE6psUHJHuTHX7W6cuYRod1jq3QJY/edit#slide=id.g4d923ccbc0_0_131
2019-01-18 00:25:27|https://docs.google.com/presentation/d/1kyRsC1-PMJu4UndE6psUHJHuTHX7W6cuYRod1jq3QJY/edit#slide=id.g4d923ccbc0_0_123
2019-01-18 00:25:28|https://docs.google.com/presentation/d/1kyRsC1-PMJu4UndE6psUHJHuTHX7W6cuYRod1jq3QJY/edit#slide=id.g4d923ccbc0_0_55
2019-01-18 00:25:29|https://docs.google.com/presentation/d/1kyRsC1-PMJu4UndE6psUHJHuTHX7W6cuYRod1jq3QJY/edit#slide=id.g4d923ccbc0_0_66
2019-01-18 00:25:30|https://docs.google.com/presentation/d/1kyRsC1-PMJu4UndE6psUHJHuTHX7W6cuYRod1jq3QJY/edit#slide=id.g4be45cc0c3_1_95
2019-01-18 00:25:31|https://docs.google.com/presentation/d/1kyRsC1-PMJu4UndE6psUHJHuTHX7W6cuYRod1jq3QJY/edit#slide=id.g4d8f0f26c2_0_6
2019-01-18 00:26:44|https://docs.google.com/presentation/d/1kyRsC1-PMJu4UndE6psUHJHuTHX7W6cuYRod1jq3QJY/edit#slide=id.g4be45cc0c3_1_95
2019-01-18 00:26:44|https://docs.google.com/presentation/d/1kyRsC1-PMJu4UndE6psUHJHuTHX7W6cuYRod1jq3QJY/edit#slide=id.g4d8f0f26c2_0_6
2019-01-18 00:26:45|https://docs.google.com/presentation/d/1kyRsC1-PMJu4UndE6psUHJHuTHX7W6cuYRod1jq3QJY/edit#slide=id.g4d61f71165_0_100
2019-01-18 00:30:13|https://docs.google.com/presentation/d/1kyRsC1-PMJu4UndE6psUHJHuTHX7W6cuYRod1jq3QJY/edit#slide=id.g4d61f71165_0_100
2019-01-18 00:30:13|https://docs.google.com/presentation/d/1kyRsC1-PMJu4UndE6psUHJHuTHX7W6cuYRod1jq3QJY/edit#slide=id.g4c21576342_0_68
2019-01-18 00:30:17|https://docs.google.com/presentation/d/1kyRsC1-PMJu4UndE6psUHJHuTHX7W6cuYRod1jq3QJY/edit#slide=id.g4d8f0f26c2_0_6
2019-01-18 00:30:20|https://docs.google.com/presentation/d/1kyRsC1-PMJu4UndE6psUHJHuTHX7W6cuYRod1jq3QJY/edit#slide=id.g4d61f71165_0_100
2019-01-18 00:30:25|https://docs.google.com/presentation/d/1kyRsC1-PMJu4UndE6psUHJHuTHX7W6cuYRod1jq3QJY/edit#slide=id.g4d8f0f26c2_0_6
2019-01-18 00:30:25|https://docs.google.com/presentation/d/1kyRsC1-PMJu4UndE6psUHJHuTHX7W6cuYRod1jq3QJY/edit#slide=id.g4be45cc0c3_1_95
2019-01-18 00:30:26|https://docs.google.com/presentation/d/1kyRsC1-PMJu4UndE6psUHJHuTHX7W6cuYRod1jq3QJY/edit#slide=id.g4d8f0f26c2_0_6
2019-01-18 00:30:30|https://docs.google.com/presentation/d/1kyRsC1-PMJu4UndE6psUHJHuTHX7W6cuYRod1jq3QJY/edit#slide=id.g4c21576342_0_68
2019-01-18 00:42:40|https://repl.it/@Duduke/PunctualSaneAdmins
2019-01-18 00:46:24|https://summer2019.compclub.com.au/day5repl.it
2019-01-18 00:46:27|http://repl.it/
2019-01-18 00:46:27|https://repl.it/
2019-01-18 00:46:28|https://repl.it/repls
2019-01-18 00:46:47|https://repl.it/languages/python3
2019-01-18 00:46:47|https://repl.it/@Duduke/DarkblueGoldConstant
2019-01-18 00:56:12|http://ctf.compclub.com.au/
2019-01-18 00:56:12|https://ctf.compclub.com.au/
2019-01-18 00:56:12|https://ctf.compclub.com.au/invite?next=%2F
2019-01-18 00:56:12|https://ctf.compclub.com.au/invite/
1|https://www.mozilla.org/privacy/firefox/||1|0|13192067339000000|1|0
2|http://summer2019.compclub.com.au/||1|1|13192067359000000|1|0
3|https://summer2019.compclub.com.au/|Welcome to the CompClub Summer Spy School | CompClub 2019 Summer Workshops|5|1|13192153749654378|0|0
4|https://summer2019.compclub.com.au/day3|Day 3: Microbits! | CompClub 2019 Summer Workshops|4|1|13192067362000000|0|0
5|https://docs.google.com/presentation/d/14BvJKEm9pyPOfLtZMkCAMwwwF6nVjmo8G5C3P7PULuw/edit#slide=id.g337fd436a2_1_5|Microbits Workshop - Google Slides|1|0|13192067415000000|0|0
6|https://docs.google.com/presentation/d/14BvJKEm9pyPOfLtZMkCAMwwwF6nVjmo8G5C3P7PULuw/edit#slide=id.p|Microbits Workshop - Google Slides|3|0|13192067419000000|0|0
7|https://docs.google.com/presentation/d/14BvJKEm9pyPOfLtZMkCAMwwwF6nVjmo8G5C3P7PULuw/edit#slide=id.g4c0710682e_0_15|Microbits Workshop - Google Slides|5|0|13192067420000000|0|0
8|https://docs.google.com/presentation/d/14BvJKEm9pyPOfLtZMkCAMwwwF6nVjmo8G5C3P7PULuw/edit#slide=id.g4c0710682e_0_22|Microbits Workshop - Google Slides|4|0|13192067464000000|0|0
9|https://docs.google.com/presentation/d/14BvJKEm9pyPOfLtZMkCAMwwwF6nVjmo8G5C3P7PULuw/edit#slide=id.g4c0710682e_0_29|Microbits Workshop - Google Slides|3|0|13192067552000000|0|0
10|https://docs.google.com/presentation/d/14BvJKEm9pyPOfLtZMkCAMwwwF6nVjmo8G5C3P7PULuw/edit#slide=id.g4c0710682e_0_36|Microbits Workshop - Google Slides|3|0|13192067554000000|0|0
11|http://python.microbit.org/||4|1|13192067570000000|1|0
12|https://python.microbit.org/v/1.1|Micro:bit - Python editor|4|0|13192067571000000|0|0
13|https://docs.google.com/presentation/d/14BvJKEm9pyPOfLtZMkCAMwwwF6nVjmo8G5C3P7PULuw/edit#slide=id.g4c0710682e_0_43|Microbits Workshop - Google Slides|10|0|13192068142000000|0|0
14|https://docs.google.com/presentation/d/14BvJKEm9pyPOfLtZMkCAMwwwF6nVjmo8G5C3P7PULuw/edit#slide=id.g4c0710682e_0_58|Microbits Workshop - Google Slides|9|0|13192068144000000|0|0
15|https://docs.google.com/presentation/d/14BvJKEm9pyPOfLtZMkCAMwwwF6nVjmo8G5C3P7PULuw/edit#slide=id.g4c0710682e_0_83|Microbits Workshop - Google Slides|7|0|13192068147000000|0|0
16|https://docs.google.com/presentation/d/14BvJKEm9pyPOfLtZMkCAMwwwF6nVjmo8G5C3P7PULuw/edit#slide=id.g4c0710682e_0_92|Microbits Workshop - Google Slides|7|0|13192068148000000|0|0
17|https://docs.google.com/presentation/d/14BvJKEm9pyPOfLtZMkCAMwwwF6nVjmo8G5C3P7PULuw/edit#slide=id.g4c0710682e_0_63|Microbits Workshop - Google Slides|6|0|13192068149000000|0|0
18|http://microbit.org/guide/python||1|1|13192068162000000|1|0
19|https://microbit.org/guide/python/|MicroPython | micro:bit|4|0|13192073813000000|0|0
20|https://docs.google.com/presentation/d/14BvJKEm9pyPOfLtZMkCAMwwwF6nVjmo8G5C3P7PULuw/edit#slide=id.g4d695ae937_0_0|Microbits Workshop - Google Slides|11|0|13192068201000000|0|0
21|https://docs.google.com/presentation/d/14BvJKEm9pyPOfLtZMkCAMwwwF6nVjmo8G5C3P7PULuw/edit#slide=id.g4c0710682e_0_102|Microbits Workshop - Google Slides|4|0|13192068276000000|0|0
22|https://docs.google.com/presentation/d/14BvJKEm9pyPOfLtZMkCAMwwwF6nVjmo8G5C3P7PULuw/edit#slide=id.g4d695ae937_0_8|Microbits Workshop - Google Slides|9|0|13192068351000000|0|0
23|https://docs.google.com/presentation/d/14BvJKEm9pyPOfLtZMkCAMwwwF6nVjmo8G5C3P7PULuw/edit#slide=id.g4d695ae937_0_16|Microbits Workshop - Google Slides|9|0|13192068399000000|0|0
24|https://docs.google.com/presentation/d/14BvJKEm9pyPOfLtZMkCAMwwwF6nVjmo8G5C3P7PULuw/edit#slide=id.g4d695ae937_0_23|Microbits Workshop - Google Slides|6|0|13192068406000000|0|0
25|http://www.microbit.org/guide/quick/||1|0|13192068533000000|1|0
26|https://docs.google.com/presentation/d/14BvJKEm9pyPOfLtZMkCAMwwwF6nVjmo8G5C3P7PULuw/edit#slide=id.g4d695ae937_0_29|Microbits Workshop - Google Slides|4|0|13192068641000000|0|0
27|https://docs.google.com/presentation/d/14BvJKEm9pyPOfLtZMkCAMwwwF6nVjmo8G5C3P7PULuw/edit#slide=id.g4c0710682e_0_119|Microbits Workshop - Google Slides|3|0|13192068686000000|0|0
28|https://docs.google.com/presentation/d/14BvJKEm9pyPOfLtZMkCAMwwwF6nVjmo8G5C3P7PULuw/edit#slide=id.g4c0710682e_0_128|Microbits Workshop - Google Slides|3|0|13192068689000000|0|0
29|https://summer2019.compclub.com.au/day3_templates/morse_code_template.html|Morse Code Template | CompClub 2019 Summer Workshops|1|0|13192068727000000|0|0
30|https://docs.google.com/presentation/d/14BvJKEm9pyPOfLtZMkCAMwwwF6nVjmo8G5C3P7PULuw/edit#slide=id.g4c0710682e_0_135|Microbits Workshop - Google Slides|4|0|13192068828000000|0|0
31|https://docs.google.com/presentation/d/14BvJKEm9pyPOfLtZMkCAMwwwF6nVjmo8G5C3P7PULuw/edit#slide=id.g4c0710682e_0_143|Microbits Workshop - Google Slides|7|0|13192068837000000|0|0
32|https://docs.google.com/presentation/d/14BvJKEm9pyPOfLtZMkCAMwwwF6nVjmo8G5C3P7PULuw/edit#slide=id.g4c0710682e_0_124|Microbits Workshop - Google Slides|9|0|13192070820000000|0|0
33|https://docs.google.com/presentation/d/14BvJKEm9pyPOfLtZMkCAMwwwF6nVjmo8G5C3P7PULuw/edit#slide=id.g4c0710682e_0_150|Microbits Workshop - Google Slides|9|0|13192070822000000|0|0
34|https://docs.google.com/presentation/d/14BvJKEm9pyPOfLtZMkCAMwwwF6nVjmo8G5C3P7PULuw/edit#slide=id.g4c0710682e_0_161|Microbits Workshop - Google Slides|6|0|13192071097000000|0|0
35|https://docs.google.com/presentation/d/14BvJKEm9pyPOfLtZMkCAMwwwF6nVjmo8G5C3P7PULuw/edit#slide=id.g4c0710682e_0_168|Microbits Workshop - Google Slides|5|0|13192071100000000|0|0
36|https://docs.google.com/presentation/d/14BvJKEm9pyPOfLtZMkCAMwwwF6nVjmo8G5C3P7PULuw/edit#slide=id.g4c0710682e_0_175|Microbits Workshop - Google Slides|8|0|13192071102000000|0|0
37|https://docs.google.com/presentation/d/14BvJKEm9pyPOfLtZMkCAMwwwF6nVjmo8G5C3P7PULuw/edit#slide=id.g4c0710682e_0_181|Microbits Workshop - Google Slides|7|0|13192071103000000|0|0
38|https://docs.google.com/presentation/d/14BvJKEm9pyPOfLtZMkCAMwwwF6nVjmo8G5C3P7PULuw/edit#slide=id.g4c0710682e_0_189|Microbits Workshop - Google Slides|5|0|13192071122000000|0|0
39|https://docs.google.com/presentation/d/14BvJKEm9pyPOfLtZMkCAMwwwF6nVjmo8G5C3P7PULuw/edit#slide=id.g4c0710682e_0_195|Microbits Workshop - Google Slides|2|0|13192073075000000|0|0
40|https://docs.google.com/presentation/d/14BvJKEm9pyPOfLtZMkCAMwwwF6nVjmo8G5C3P7PULuw/edit#slide=id.g337fd436a2_1_0|Microbits Workshop - Google Slides|6|0|13192073075000000|0|0
41|https://summer2019.compclub.com.au/day3_templates/reaction_timer_template.html|Reaction Time Template | CompClub 2019 Summer Workshops|2|0|13192073284000000|0|0
42|http://repl.it/||1|1|13192073308000000|1|0
43|https://repl.it/login|Repl.it - Log In|3|0|13192153771222045|0|0
44|https://repl.it/repls|Repl.it - Repls|4|0|13192153811001715|0|0
45|https://repl.it/@Duduke/PunctualSaneAdmins|Repl.it - PunctualSaneAdmins|1|0|13192073329000000|0|0
46|http://microbit.org/||2|1|13192073372000000|1|0
47|https://microbit.org/code/|Let's Code | micro:bit|1|0|13192073374000000|0|0
48|http://microbit-micropython.readthedocs.org/en/latest/tutorials/images.html||3|0|13192073817000000|1|0
49|https://docs.google.com/presentation/d/14BvJKEm9pyPOfLtZMkCAMwwwF6nVjmo8G5C3P7PULuw/edit#slide=id.g4c0710682e_0_210|Microbits Workshop - Google Slides|7|0|13192077505000000|0|0
50|https://docs.google.com/presentation/d/14BvJKEm9pyPOfLtZMkCAMwwwF6nVjmo8G5C3P7PULuw/edit#slide=id.g4c0710682e_0_217|Microbits Workshop - Google Slides|7|0|13192077525000000|0|0
51|https://docs.google.com/presentation/d/14BvJKEm9pyPOfLtZMkCAMwwwF6nVjmo8G5C3P7PULuw/edit#slide=id.g4d6b884a15_2_1|Microbits Workshop - Google Slides|3|0|13192077549000000|0|0
52|https://summer2019.compclub.com.au/day3_templates/hot_or_cold_template.html|Hot or Cold Template | CompClub 2019 Summer Workshops|2|0|13192077624000000|0|0
53|https://www.youtube.com/watch?v=dQw4w9WgXcQ|Rick Astley - Never Gonna Give You Up (Video) - YouTube|1|0|13192077974000000|0|0
54|https://summer2019.compclub.com.au/day5|CompClub 2019 Summer Workshops|1|0|13192078485000000|0|0
55|https://summer2019.compclub.com.au/day4|Some useful links: | CompClub 2019 Summer Workshops|6|0|13192161801006653|0|0
56|https://www.google.com/search?q=relational+operator+python&ie=utf-8&oe=utf-8&client=firefox-b-ab|relational operator python - Google Search|1|1|13192083449000000|0|0
57|https://www.google.com/search?q=relational+operator+python&client=firefox-b-ab&source=lnms&tbm=isch&sa=X&ved=0ahUKEwjTpbP6r_HfAhWBf30KHU-9CA4Q_AUIDigB&biw=1920&bih=953|relational operator python - Google Search|1|0|13192083451000000|0|0
58|https://www.google.com/search?q=summer&oq=summer&aqs=chrome..69i57j69i60l2j0j69i60j0.1066j0j4&sourceid=chrome&ie=UTF-8|summer - Google Search|1|0|13192153745185776|0|0
59|https://repl.it/|Repl.it - The world's leading online coding platform|4|2|13192160449530466|0|0
60|https://repl.it/languages|Repl.it - Select a Language|3|1|13192160457036703|0|0
61|https://repl.it/@sidak14/HorribleStupidLivedistro?folderId=|Repl.it - HorribleStupidLivedistro|2|0|13192161372829025|0|0
62|http://summer2019.compclub.com.au/day4_files/index_html|CompClub 2019 Summer Workshops|2|0|13192155785984945|0|0
63|https://summer2019.compclub.com.au/day4_files/index_html|CompClub 2019 Summer Workshops|3|0|13192155795075086|0|0
64|http://summer2019.compclub.com.au/day4_files/results_html|CompClub 2019 Summer Workshops|1|0|13192154781509577|0|0
65|https://summer2019.compclub.com.au/day4_files/results_html|CompClub 2019 Summer Workshops|1|0|13192154781509577|0|0
66|https://horriblestupidlivedistro--sidak14.repl.co/results||12|0|13192161026493622|1|0
67|https://horriblestupidlivedistro--sidak14.repl.co/||7|0|13192161026493622|1|0
68|https://docs.google.com/presentation/d/1YO6bBpKns_QP1H7ZwqmIRZ6w7vfG4ZMwXpqXzZISeus/edit#slides=id.g4c01a90d2c_0_6|Web Development - Google Slides|2|1|13192157173944170|0|0
69|https://docs.google.com/presentation/d/1YO6bBpKns_QP1H7ZwqmIRZ6w7vfG4ZMwXpqXzZISeus/edit#slide=id.g337fd436a2_1_5||251|0|13192160273029944|0|0
70|https://docs.google.com/presentation/d/1YO6bBpKns_QP1H7ZwqmIRZ6w7vfG4ZMwXpqXzZISeus/edit#slide=id.g4bf566d9b5_1_5||1|0|13192160274044917|0|0
71|https://docs.google.com/presentation/d/1YO6bBpKns_QP1H7ZwqmIRZ6w7vfG4ZMwXpqXzZISeus/edit#slide=id.g4bf566d9b5_1_19||1|0|13192160275061755|0|0
72|https://docs.google.com/presentation/d/1YO6bBpKns_QP1H7ZwqmIRZ6w7vfG4ZMwXpqXzZISeus/edit#slide=id.g4c01a90d2c_0_0||1|0|13192160276445754|0|0
73|https://docs.google.com/presentation/d/1YO6bBpKns_QP1H7ZwqmIRZ6w7vfG4ZMwXpqXzZISeus/edit#slide=id.g4c03358741_11_19||1|0|13192160278062225|0|0
74|https://docs.google.com/presentation/d/1YO6bBpKns_QP1H7ZwqmIRZ6w7vfG4ZMwXpqXzZISeus/edit#slide=id.g4d84f4809b_1_13||1|0|13192160279205698|0|0
75|https://docs.google.com/presentation/d/1YO6bBpKns_QP1H7ZwqmIRZ6w7vfG4ZMwXpqXzZISeus/edit#slide=id.g4c03358741_11_26||1|0|13192160280231291|0|0
76|https://docs.google.com/presentation/d/1YO6bBpKns_QP1H7ZwqmIRZ6w7vfG4ZMwXpqXzZISeus/edit#slide=id.g4d84f4809b_1_39||1|0|13192160280972024|0|0
77|https://docs.google.com/presentation/d/1YO6bBpKns_QP1H7ZwqmIRZ6w7vfG4ZMwXpqXzZISeus/edit#slide=id.g4c01a90d2c_0_6||1|0|13192160282326673|0|0
78|https://docs.google.com/presentation/d/1YO6bBpKns_QP1H7ZwqmIRZ6w7vfG4ZMwXpqXzZISeus/edit#slide=id.g4c01a90d2c_1_170||4|0|13192160295965508|0|0
79|https://docs.google.com/presentation/d/1YO6bBpKns_QP1H7ZwqmIRZ6w7vfG4ZMwXpqXzZISeus/edit#slide=id.g4d84f4809b_1_51||4|0|13192160296477984|0|0
80|https://docs.google.com/presentation/d/1YO6bBpKns_QP1H7ZwqmIRZ6w7vfG4ZMwXpqXzZISeus/edit#slide=id.g4d84f4809b_1_58||1|0|13192160297366593|0|0
81|https://docs.google.com/presentation/d/1YO6bBpKns_QP1H7ZwqmIRZ6w7vfG4ZMwXpqXzZISeus/edit#slide=id.g4d84f4809b_1_28||1|0|13192160298858931|0|0
82|https://docs.google.com/presentation/d/1YO6bBpKns_QP1H7ZwqmIRZ6w7vfG4ZMwXpqXzZISeus/edit#slide=id.g4c01a90d2c_0_24||1|0|13192160303567785|0|0
83|https://docs.google.com/presentation/d/1YO6bBpKns_QP1H7ZwqmIRZ6w7vfG4ZMwXpqXzZISeus/edit#slide=id.g4c01a90d2c_1_48||1|0|13192160303967029|0|0
84|https://docs.google.com/presentation/d/1YO6bBpKns_QP1H7ZwqmIRZ6w7vfG4ZMwXpqXzZISeus/edit#slide=id.g4c01a90d2c_1_54||1|0|13192160304194596|0|0
85|https://docs.google.com/presentation/d/1YO6bBpKns_QP1H7ZwqmIRZ6w7vfG4ZMwXpqXzZISeus/edit#slide=id.g4c01a90d2c_1_60||1|0|13192160304283771|0|0
86|https://docs.google.com/presentation/d/1YO6bBpKns_QP1H7ZwqmIRZ6w7vfG4ZMwXpqXzZISeus/edit#slide=id.g4c01a90d2c_1_117||1|0|13192160304486114|0|0
87|https://docs.google.com/presentation/d/1YO6bBpKns_QP1H7ZwqmIRZ6w7vfG4ZMwXpqXzZISeus/edit#slide=id.g4c01a90d2c_1_126||3|0|13192162528742812|0|0
88|https://docs.google.com/presentation/d/1YO6bBpKns_QP1H7ZwqmIRZ6w7vfG4ZMwXpqXzZISeus/edit#slide=id.g4c01a90d2c_1_95||6|0|13192165171712018|0|0
89|https://docs.google.com/presentation/d/1YO6bBpKns_QP1H7ZwqmIRZ6w7vfG4ZMwXpqXzZISeus/edit#slide=id.g4c0fcf13f5_0_10||4|0|13192165172477967|0|0
90|https://docs.google.com/presentation/d/1YO6bBpKns_QP1H7ZwqmIRZ6w7vfG4ZMwXpqXzZISeus/edit#slide=id.g4c0fcf13f5_0_22||3|0|13192165172967497|0|0
91|https://docs.google.com/presentation/d/1YO6bBpKns_QP1H7ZwqmIRZ6w7vfG4ZMwXpqXzZISeus/edit#slide=id.g4c01a90d2c_1_101||8|0|13192168568330521|0|0
92|https://docs.google.com/presentation/d/1YO6bBpKns_QP1H7ZwqmIRZ6w7vfG4ZMwXpqXzZISeus/edit#slide=id.g4c01a90d2c_1_184||151|0|13192169649711384|0|0
93|https://docs.google.com/presentation/d/1YO6bBpKns_QP1H7ZwqmIRZ6w7vfG4ZMwXpqXzZISeus/edit#slide=id.g4d6b4ef8c9_0_2||79|0|13192170109395072|0|0
94|https://docs.google.com/presentation/d/1YO6bBpKns_QP1H7ZwqmIRZ6w7vfG4ZMwXpqXzZISeus/edit#slide=id.g4c01a90d2c_1_107|Google Slides: Sign-in|383|0|13192170219409337|0|0
95|https://docs.google.com/presentation/d/1YO6bBpKns_QP1H7ZwqmIRZ6w7vfG4ZMwXpqXzZISeus/edit#slide=id.g4c01a90d2c_1_178||49|0|13192169772871605|0|0
96|https://docs.google.com/presentation/d/1YO6bBpKns_QP1H7ZwqmIRZ6w7vfG4ZMwXpqXzZISeus/edit#slide=id.g4747f2f9ff_1_5||7|0|13192168487233071|0|0
97|https://repl.it/languages/python3|Repl.it - FickleDimpledPipeline|1|1|13192160469188400|0|0
98|https://repl.it/@sidak14/FickleDimpledPipeline|Repl.it - FickleDimpledPipeline|3|0|13192161372806789|0|0
99|https://fickledimpledpipeline--sidak14.repl.co/results|Your Location|82|0|13192172194186146|0|0
100|https://fickledimpledpipeline--sidak14.repl.co/|HEYYY BUDDYYY|42|0|13192172185226922|0|0
101|https://ipstack.com/|ipstack - Free IP Geolocation API|3|2|13192169595512228|0|0
102|https://www.google.com/search?q=google+maps&oq=google&aqs=chrome.4.69i57j69i60l3j0l2.2992j0j7&sourceid=chrome&ie=UTF-8|google maps - Google Search|1|0|13192162998043127|0|0
103|https://maps.google.com/|Google Maps|1|0|13192163001018460|0|0
104|https://maps.google.com/maps|Google Maps|1|0|13192163001018460|0|0
105|https://www.google.com/maps|Google Maps|2|0|13192163001718832|0|0
106|https://www.google.com/maps/@-33.918976,151.2308736,13z|Penrith High School, High Street, Penrith NSW - Google Maps|3|0|13192163007666016|0|0
107|https://www.google.com/maps/place/Penrith+High+School,+High+Street,+Penrith+NSW/@-33.918976,151.2308736,13z/data=!4m5!3m4!1s0x6b1285f4b3e6eec5:0x86ef68bfd24b57e8!8m2!3d-33.7567175!4d150.7065288|Penrith High School - Google Maps|1|0|13192163011996787|0|0
108|https://www.google.com/maps/place/Penrith+High+School/@-33.756713,150.7043401,17z/data=!3m1!4b1!4m5!3m4!1s0x6b1285f4b3e6eec5:0x86ef68bfd24b57e8!8m2!3d-33.7567175!4d150.7065288|Google Maps|1|0|13192163012623546|0|0
109|https://www.google.com/maps/dir//Penrith+High+School,+158-240+High+St,+Penrith+NSW+2750/@-33.756713,150.7043401,17z/data=!4m15!1m6!3m5!1s0x6b1285f4b3e6eec5:0x86ef68bfd24b57e8!2sPenrith+High+School!8m2!3d-33.7567175!4d150.7065288!4m7!1m0!1m5!1m1!1s0x6b1285f4b3e6eec5:0x86ef68bfd24b57e8!2m2!1d150.7065288!2d-33.7567175||1|0|13192163016880010|0|0
110|https://www.google.com/maps/dir//Penrith+High+School,+158-240+High+St,+Penrith+NSW+2750/@-33.756713,150.7043401,17z/data=!4m8!4m7!1m0!1m5!1m1!1s0x6b1285f4b3e6eec5:0x86ef68bfd24b57e8!2m2!1d150.7065288!2d-33.7567175||3|0|13192163026454956|0|0
111|https://www.google.com/maps/dir/UNSW+Library,+Kensington+NSW/Penrith+High+School,+158-240+High+St,+Penrith+NSW+2750/@-33.756713,150.7043401,17z/data=!4m13!4m12!1m5!1m1!1s0x6b12b18a9e342aef:0x46cd14a8c6426778!2m2!1d151.2334774!2d-33.9173206!1m5!1m1!1s0x6b1285f4b3e6eec5:0x86ef68bfd24b57e8!2m2!1d150.7065288!2d-33.7567175|UNSW Library, Kensington NSW to Penrith High School - Google Maps|1|0|13192163031347679|0|0
112|https://www.google.com/maps/dir/UNSW+Library,+Kensington+NSW/Penrith+High+School,+158-240+High+St,+Penrith+NSW+2750/@-33.8233473,150.8259625,11z/data=!3m1!4b1!4m13!4m12!1m5!1m1!1s0x6b12b18a9e342aef:0x46cd14a8c6426778!2m2!1d151.2334774!2d-33.9173206!1m5!1m1!1s0x6b1285f4b3e6eec5:0x86ef68bfd24b57e8!2m2!1d150.7065288!2d-33.7567175||1|0|13192163040727076|0|0
113|https://www.google.com/maps/dir/UNSW+Library,+Kensington+NSW/Penrith+High+School,+158-240+High+St,+Penrith+NSW+2750/@-33.810793,150.9621099,21z/data=!4m13!4m12!1m5!1m1!1s0x6b12b18a9e342aef:0x46cd14a8c6426778!2m2!1d151.2334774!2d-33.9173206!1m5!1m1!1s0x6b1285f4b3e6eec5:0x86ef68bfd24b57e8!2m2!1d150.7065288!2d-33.7567175||3|0|13192163063549175|0|0
114|https://www.google.com/maps/dir/UNSW+Library,+Kensington+NSW/Penrith+High+School,+158-240+High+St,+Penrith+NSW+2750/@-33.810793,150.9619731,20z/data=!4m13!4m12!1m5!1m1!1s0x6b12b18a9e342aef:0x46cd14a8c6426778!2m2!1d151.2334774!2d-33.9173206!1m5!1m1!1s0x6b1285f4b3e6eec5:0x86ef68bfd24b57e8!2m2!1d150.7065288!2d-33.7567175||1|0|13192163060428441|0|0
115|https://www.google.com/maps/dir/UNSW+Library,+Kensington+NSW/Penrith+High+School,+158-240+High+St,+Penrith+NSW+2750/@-33.810793,150.9616995,19z/data=!4m13!4m12!1m5!1m1!1s0x6b12b18a9e342aef:0x46cd14a8c6426778!2m2!1d151.2334774!2d-33.9173206!1m5!1m1!1s0x6b1285f4b3e6eec5:0x86ef68bfd24b57e8!2m2!1d150.7065288!2d-33.7567175||1|0|13192163060705681|0|0
116|https://www.google.com/maps/dir/UNSW+Library,+Kensington+NSW/Penrith+High+School,+158-240+High+St,+Penrith+NSW+2750/@-33.810793,150.960058,17z/data=!4m13!4m12!1m5!1m1!1s0x6b12b18a9e342aef:0x46cd14a8c6426778!2m2!1d151.2334774!2d-33.9173206!1m5!1m1!1s0x6b1285f4b3e6eec5:0x86ef68bfd24b57e8!2m2!1d150.7065288!2d-33.7567175||1|0|13192163061473559|0|0
117|https://www.google.com/maps/dir/UNSW+Library,+Kensington+NSW/Penrith+High+School,+158-240+High+St,+Penrith+NSW+2750/@-33.8107127,150.9620134,21z/data=!4m13!4m12!1m5!1m1!1s0x6b12b18a9e342aef:0x46cd14a8c6426778!2m2!1d151.2334774!2d-33.9173206!1m5!1m1!1s0x6b1285f4b3e6eec5:0x86ef68bfd24b57e8!2m2!1d150.7065288!2d-33.7567175|Google Maps|2|0|13192163070858077|0|0
118|https://www.google.com/maps/dir/UNSW+Library,+Kensington+NSW/Penrith+High+School,+158-240+High+St,+Penrith+NSW+2750/@-33.8107977,150.9619437,21z/data=!4m13!4m12!1m5!1m1!1s0x6b12b18a9e342aef:0x46cd14a8c6426778!2m2!1d151.2334774!2d-33.9173206!1m5!1m1!1s0x6b1285f4b3e6eec5:0x86ef68bfd24b57e8!2m2!1d150.7065288!2d-33.7567175|UNSW Library, Kensington NSW to Penrith High School - Google Maps|1|0|13192163068611671|0|0
119|https://www.google.com/maps/dir/UNSW+Library,+Kensington+NSW/Penrith+High+School,+158-240+High+St,+Penrith+NSW+2750/@-33.8105954,150.9610532,18z/data=!4m13!4m12!1m5!1m1!1s0x6b12b18a9e342aef:0x46cd14a8c6426778!2m2!1d151.2334774!2d-33.9173206!1m5!1m1!1s0x6b1285f4b3e6eec5:0x86ef68bfd24b57e8!2m2!1d150.7065288!2d-33.7567175||1|0|13192163074762451|0|0
120|https://www.google.com/maps/dir/UNSW+Library,+Kensington+NSW/Penrith+High+School,+158-240+High+St,+Penrith+NSW+2750/@-33.8108918,150.9615252,17z/data=!4m13!4m12!1m5!1m1!1s0x6b12b18a9e342aef:0x46cd14a8c6426778!2m2!1d151.2334774!2d-33.9173206!1m5!1m1!1s0x6b1285f4b3e6eec5:0x86ef68bfd24b57e8!2m2!1d150.7065288!2d-33.7567175||1|0|13192163075180198|0|0
121|https://www.google.com/maps/dir/UNSW+Library,+Kensington+NSW/Penrith+High+School,+158-240+High+St,+Penrith+NSW+2750/@-33.8114846,150.9624694,16z/data=!4m13!4m12!1m5!1m1!1s0x6b12b18a9e342aef:0x46cd14a8c6426778!2m2!1d151.2334774!2d-33.9173206!1m5!1m1!1s0x6b1285f4b3e6eec5:0x86ef68bfd24b57e8!2m2!1d150.7065288!2d-33.7567175||1|0|13192163075512834|0|0
122|https://www.google.com/maps/dir/UNSW+Library,+Kensington+NSW/Penrith+High+School,+158-240+High+St,+Penrith+NSW+2750/@-33.8126702,150.9643577,15z/data=!4m13!4m12!1m5!1m1!1s0x6b12b18a9e342aef:0x46cd14a8c6426778!2m2!1d151.2334774!2d-33.9173206!1m5!1m1!1s0x6b1285f4b3e6eec5:0x86ef68bfd24b57e8!2m2!1d150.7065288!2d-33.7567175||1|0|13192163076521021|0|0
123|https://www.google.com/maps/dir/UNSW+Library,+Kensington+NSW/Penrith+High+School,+158-240+High+St,+Penrith+NSW+2750/@-33.8150414,150.9681342,14z/data=!4m13!4m12!1m5!1m1!1s0x6b12b18a9e342aef:0x46cd14a8c6426778!2m2!1d151.2334774!2d-33.9173206!1m5!1m1!1s0x6b1285f4b3e6eec5:0x86ef68bfd24b57e8!2m2!1d150.7065288!2d-33.7567175||1|0|13192163077158628|0|0
124|https://www.google.com/maps/dir/UNSW+Library,+Kensington+NSW/Penrith+High+School,+158-240+High+St,+Penrith+NSW+2750/@-33.8197834,150.9757731,13z/data=!4m13!4m12!1m5!1m1!1s0x6b12b18a9e342aef:0x46cd14a8c6426778!2m2!1d151.2334774!2d-33.9173206!1m5!1m1!1s0x6b1285f4b3e6eec5:0x86ef68bfd24b57e8!2m2!1d150.7065288!2d-33.7567175||1|0|13192163078133679|0|0
125|https://www.google.com/maps/dir/UNSW+Library,+Kensington+NSW/Penrith+High+School,+158-240+High+St,+Penrith+NSW+2750/@-33.8482304,151.0210917,11z/data=!4m13!4m12!1m5!1m1!1s0x6b12b18a9e342aef:0x46cd14a8c6426778!2m2!1d151.2334774!2d-33.9173206!1m5!1m1!1s0x6b1285f4b3e6eec5:0x86ef68bfd24b57e8!2m2!1d150.7065288!2d-33.7567175||1|0|13192163078437520|0|0
126|https://www.google.com/maps/dir/UNSW+Library,+Kensington+NSW/Penrith+High+School,+158-240+High+St,+Penrith+NSW+2750/@-33.8861449,151.0815165,10z/data=!4m13!4m12!1m5!1m1!1s0x6b12b18a9e342aef:0x46cd14a8c6426778!2m2!1d151.2334774!2d-33.9173206!1m5!1m1!1s0x6b1285f4b3e6eec5:0x86ef68bfd24b57e8!2m2!1d150.7065288!2d-33.7567175||1|0|13192163078894176|0|0
127|https://www.google.com/maps/dir/UNSW+Library,+Kensington+NSW/Penrith+High+School,+158-240+High+St,+Penrith+NSW+2750/@-33.8177155,150.9153483,10z/data=!4m13!4m12!1m5!1m1!1s0x6b12b18a9e342aef:0x46cd14a8c6426778!2m2!1d151.2334774!2d-33.9173206!1m5!1m1!1s0x6b1285f4b3e6eec5:0x86ef68bfd24b57e8!2m2!1d150.7065288!2d-33.7567175||2|0|13192163085564738|0|0
128|https://www.google.com/maps/dir/UNSW+Library,+Kensington+NSW/Penrith+High+School,+158-240+High+St,+Penrith+NSW+2750/@-33.8165745,150.913975,10z/data=!4m13!4m12!1m5!1m1!1s0x6b12b18a9e342aef:0x46cd14a8c6426778!2m2!1d151.2334774!2d-33.9173206!1m5!1m1!1s0x6b1285f4b3e6eec5:0x86ef68bfd24b57e8!2m2!1d150.7065288!2d-33.7567175||1|0|13192163089200165|0|0
129|https://www.google.com/maps/dir/UNSW+Library,+Kensington+NSW/Penrith+High+School,+158-240+High+St,+Penrith+NSW+2750/@-33.817118,150.9277068,10.54z/data=!4m13!4m12!1m5!1m1!1s0x6b12b18a9e342aef:0x46cd14a8c6426778!2m2!1d151.2334774!2d-33.9173206!1m5!1m1!1s0x6b1285f4b3e6eec5:0x86ef68bfd24b57e8!2m2!1d150.7065288!2d-33.7567175||1|0|13192163089679038|0|0
130|https://www.google.com/maps/dir/UNSW+Library,+Kensington+NSW/Penrith+High+School,+158-240+High+St,+Penrith+NSW+2750/@-33.7670698,150.8833991,11.29z/data=!4m13!4m12!1m5!1m1!1s0x6b12b18a9e342aef:0x46cd14a8c6426778!2m2!1d151.2334774!2d-33.9173206!1m5!1m1!1s0x6b1285f4b3e6eec5:0x86ef68bfd24b57e8!2m2!1d150.7065288!2d-33.7567175|Google Maps|1|0|13192163102971425|0|0
131|https://www.google.com/maps/dir//Penrith+High+School,+158-240+High+St,+Penrith+NSW+2750/@-33.7670698,150.8833991,11.29z/data=!4m8!4m7!1m0!1m5!1m1!1s0x6b1285f4b3e6eec5:0x86ef68bfd24b57e8!2m2!1d150.7065288!2d-33.7567175||3|0|13192163133489033|0|0
132|https://www.google.com/maps/dir/Caringbah+NSW/Penrith+High+School,+158-240+High+St,+Penrith+NSW+2750/@-33.7670698,150.8833991,11.29z/data=!4m13!4m12!1m5!1m1!1s0x6b12c7f6b253e00d:0x5017d681632afc0!2m2!1d151.1218!2d-34.0452!1m5!1m1!1s0x6b1285f4b3e6eec5:0x86ef68bfd24b57e8!2m2!1d150.7065288!2d-33.7567175|Caringbah NSW to Penrith High School - Google Maps|2|0|13192163141085192|0|0
133|https://www.google.com/maps/dir/Caringbah+NSW/Penrith+High+School,+158-240+High+St,+Penrith+NSW+2750/@-33.8973897,150.8108516,11z/data=!3m1!4b1!4m13!4m12!1m5!1m1!1s0x6b12c7f6b253e00d:0x5017d681632afc0!2m2!1d151.1218!2d-34.0452!1m5!1m1!1s0x6b1285f4b3e6eec5:0x86ef68bfd24b57e8!2m2!1d150.7065288!2d-33.7567175||1|0|13192163144885523|0|0
134|https://www.google.com/maps/dir/Caringbah+NSW/Penrith+High+School,+158-240+High+St,+Penrith+NSW+2750/@-33.8973897,150.8108516,11z/am=t/data=!4m13!4m12!1m5!1m1!1s0x6b12c7f6b253e00d:0x5017d681632afc0!2m2!1d151.1218!2d-34.0452!1m5!1m1!1s0x6b1285f4b3e6eec5:0x86ef68bfd24b57e8!2m2!1d150.7065288!2d-33.7567175||1|0|13192163146396765|0|0
135|https://www.google.com/maps/dir/Caringbah+NSW/Penrith+High+School,+158-240+High+St,+Penrith+NSW+2750/@-33.8973897,150.8108516,11z/data=!4m13!4m12!1m5!1m1!1s0x6b12c7f6b253e00d:0x5017d681632afc0!2m2!1d151.1218!2d-34.0452!1m5!1m1!1s0x6b1285f4b3e6eec5:0x86ef68bfd24b57e8!2m2!1d150.7065288!2d-33.7567175|Google Maps|4|0|13192163165634097|0|0
136|https://www.google.com/maps/dir//Penrith+High+School,+158-240+High+St,+Penrith+NSW+2750/@-33.8973897,150.8108516,11z/data=!4m8!4m7!1m0!1m5!1m1!1s0x6b1285f4b3e6eec5:0x86ef68bfd24b57e8!2m2!1d150.7065288!2d-33.7567175||2|0|13192163167006416|0|0
137|https://www.google.com/maps/dir/Presbyterian+Ladies+College,+Meta+Street,+Croydon+NSW/Penrith+High+School,+158-240+High+St,+Penrith+NSW+2750/@-33.8973897,150.8108516,11z/data=!4m13!4m12!1m5!1m1!1s0x6b12bac0d17e0fe3:0x57bac60e2fc08540!2m2!1d151.1157327!2d-33.8822647!1m5!1m1!1s0x6b1285f4b3e6eec5:0x86ef68bfd24b57e8!2m2!1d150.7065288!2d-33.7567175|Presbyterian Ladies College to Penrith High School - Google Maps|1|0|13192163170762242|0|0
138|https://www.google.com/maps/dir/Presbyterian+Ladies+College,+Meta+Street,+Croydon+NSW/Penrith+High+School,+158-240+High+St,+Penrith+NSW+2750/@-33.81653,150.8356072,12z/data=!3m1!4b1!4m13!4m12!1m5!1m1!1s0x6b12bac0d17e0fe3:0x57bac60e2fc08540!2m2!1d151.1157327!2d-33.8822647!1m5!1m1!1s0x6b1285f4b3e6eec5:0x86ef68bfd24b57e8!2m2!1d150.7065288!2d-33.7567175|Google Maps|1|0|13192163180746164|0|0
139|https://www.google.com/maps/dir/Presbyterian+Ladies+College,+Meta+Street,+Croydon+NSW/Penrith+High+School,+158-240+High+St,+Penrith+NSW+2750/@-33.81653,150.8356072,12z/data=!4m14!4m13!1m5!1m1!1s0x6b12bac0d17e0fe3:0x57bac60e2fc08540!2m2!1d151.1157327!2d-33.8822647!1m5!1m1!1s0x6b1285f4b3e6eec5:0x86ef68bfd24b57e8!2m2!1d150.7065288!2d-33.7567175!3e3|Presbyterian Ladies College to Penrith High School - Google Maps|2|0|13192163289442353|0|0
140|https://www.google.com/maps/dir/Presbyterian+Ladies+College,+Meta+Street,+Croydon+NSW/Penrith+High+School,+158-240+High+St,+Penrith+NSW+2750/@-33.81653,150.8346079,12z/data=!3m1!4b1!4m14!4m13!1m5!1m1!1s0x6b12bac0d17e0fe3:0x57bac60e2fc08540!2m2!1d151.1157327!2d-33.8822647!1m5!1m1!1s0x6b1285f4b3e6eec5:0x86ef68bfd24b57e8!2m2!1d150.7065288!2d-33.7567175!3e3||1|0|13192163292066941|0|0
141|http://slither.io/|slither.io|1|1|13192168236352033|0|0
142|https://docs.google.com/presentation/d/1YO6bBpKns_QP1H7ZwqmIRZ6w7vfG4ZMwXpqXzZISeus/edit#slide=id.g4d8f1226e8_0_0||2|0|13192165170293460|0|0
143|https://www.youtube.com/|YouTube|1|1|13192168415805584|0|0
144|https://docs.google.com/presentation/d/1YO6bBpKns_QP1H7ZwqmIRZ6w7vfG4ZMwXpqXzZISeus/edit#slide=id.g4d8f1226e8_18_0||38|0|13192170111944462|0|0
145|https://accounts.google.com/ServiceLogin?service=wise&passive=1209600&continue=https://docs.google.com/presentation/d/1YO6bBpKns_QP1H7ZwqmIRZ6w7vfG4ZMwXpqXzZISeus/edit&followup=https://docs.google.com/presentation/d/1YO6bBpKns_QP1H7ZwqmIRZ6w7vfG4ZMwXpqXzZISeus/edit&ltmpl=slides#slide=id.g4c01a90d2c_1_107|Google Slides: Sign-in|3|0|13192170220030239|0|0
146|https://accounts.google.com/signin/v2/identifier?service=wise&passive=1209600&continue=https%3A%2F%2Fdocs.google.com%2Fpresentation%2Fd%2F1YO6bBpKns_QP1H7ZwqmIRZ6w7vfG4ZMwXpqXzZISeus%2Fedit&followup=https%3A%2F%2Fdocs.google.com%2Fpresentation%2Fd%2F1YO6bBpKns_QP1H7ZwqmIRZ6w7vfG4ZMwXpqXzZISeus%2Fedit&ltmpl=slides&flowName=GlifWebSignIn&flowEntry=ServiceLogin#slide=id.g4c01a90d2c_1_107||1|0|13192170220049780|0|0
147|https://www.google.com/search?q=get+image+from+google+maps+python&oq=get+image+from+google+maps+python&aqs=chrome..69i57.8089j0j7&sourceid=chrome&ie=UTF-8|get image from google maps python - Google Search|1|0|13192170835308123|0|0
148|https://www.geeksforgeeks.org/python-get-google-map-image-specified-location-using-google-static-maps-api/|Python | Get a google map image of specified location using Google Static Maps API - GeeksforGeeks|1|0|13192170839698973|0|0
149|https://maps.googleapis.com/maps/api/staticmap?center=-33.494,143.2104&size=555x250&zoom=8&scale=4&key=AIzaSyBuwAiyYR_IV5y8bD2wLyudCgPquB2qSVM|staticmap (1110500)|1|0|13192171836357465|0|0
150|https://www.google.com/search?q=geektyper&oq=geektyper&aqs=chrome..69i57j0l5.3551j0j7&sourceid=chrome&ie=UTF-8|geektyper - Google Search|1|0|13192172796633221|0|0
151|http://geektyper.com/|GEEKTyper.com - Hacking Simulator|1|0|13192172799452951|0|0
152|http://geektyper.com/tegnio/|GEEKtyper.com|1|0|13192172804493460|0|0
