2019-01-16 23:10:03|https://www.mozilla.org/privacy/firefox/
2019-01-16 23:10:03|https://www.mozilla.org/en-US/privacy/firefox/
2019-01-16 23:10:22|http://summer2019.compclub.com.au/
2019-01-16 23:10:22|https://summer2019.compclub.com.au/
2019-01-16 23:10:26|https://summer2019.compclub.com.au/day4
2019-01-16 23:12:30|https://summer2019.compclub.com.au/day4
2019-01-16 23:13:44|https://repl.it/languages/python3
2019-01-16 23:13:45|https://repl.it/repls/FelineRealEvaluations
2019-01-16 23:20:16|http://summer2019.compclub.com.au/
2019-01-16 23:20:16|https://summer2019.compclub.com.au/
2019-01-16 23:42:36|https://summer2019.compclub.com.au/day4
2019-01-17 01:00:41|https://repl.it/languages/python3
2019-01-17 01:00:43|https://repl.it/repls/DarlingFrankGigabyte
2019-01-17 01:21:47|http://summer2019.compclub.com.au/
2019-01-17 01:21:47|https://summer2019.compclub.com.au/
2019-01-17 01:21:50|https://summer2019.compclub.com.au/day4
2019-01-17 01:50:00|https://www.google.com/search?q=gmail&ie=utf-8&oe=utf-8&client=firefox-b-ab
2019-01-17 01:50:03|https://www.google.com/gmail/
2019-01-17 01:50:03|https://mail.google.com/mail/
2019-01-17 01:50:04|https://accounts.google.com/ServiceLogin?service=mail&passive=true&rm=false&continue=https://mail.google.com/mail/&ss=1&scc=1&ltmpl=default&ltmplcache=2&emr=1&osid=1#
2019-01-17 01:50:04|https://mail.google.com/intl/en-GB/mail/help/about.html
2019-01-17 01:50:04|https://www.google.com/intl/en-GB/mail/help/about.html
2019-01-17 01:50:04|https://www.google.com/intl/en-GB/gmail/about/
2019-01-17 01:50:07|https://accounts.google.com/AccountChooser?service=mail&continue=https://mail.google.com/mail/
2019-01-17 01:50:07|https://accounts.google.com/ServiceLogin?continue=https%3A%2F%2Fmail.google.com%2Fmail%2F&service=mail&sacu=1&rip=1
2019-01-17 01:50:08|https://accounts.google.com/signin/v2/identifier?continue=https%3A%2F%2Fmail.google.com%2Fmail%2F&service=mail&sacu=1&rip=1&flowName=GlifWebSignIn&flowEntry=ServiceLogin
2019-01-17 01:50:24|https://accounts.google.com/signin/v2/sl/pwd?continue=https%3A%2F%2Fmail.google.com%2Fmail%2F&service=mail&sacu=1&rip=1&flowName=GlifWebSignIn&flowEntry=ServiceLogin&cid=1&navigationDirection=forward
2019-01-17 01:50:33|https://accounts.google.com/CheckCookie?hl=en-GB&checkedDomains=youtube&checkConnection=youtube%3A242%3A0&pstMsg=1&chtml=LoginDoneHtml&service=mail&continue=https%3A%2F%2Fmail.google.com%2Fmail%2F&gidl=EgIIAA
2019-01-17 01:50:34|https://mail.google.com/accounts/SetOSID?authuser=0&continue=https%3A%2F%2Faccounts.youtube.com%2Faccounts%2FSetSID%3Fssdc%3D1%26sidt%3DALWU2cvM289VIcM33C9RPa3Q4Bm3F1qTY29VJCvJ0d1pIKRT5JtYUeHcx%252BhDIaV3KY9e0zKGa8OF7UbX6T1GpdWjLW75ThwwfKOcde019S0J7HulvgVUJSNpgVrfW0tf6iZo4V%252F8r90fHHtBaRlyvIfVaKhirB0c26l0yGzlA2Ls%252Bz8lWnRYMW2RyK8DyGnACiadtGrdbJmv%252FdMu9woJpiGBjtJK9LKz343r%252BgHrpAbHieH%252BCvtk10PpUs6tbQ%252FIDIPW4hhVkU0jwPwSiXnSNtiNQoM4SmnIpVxlWyY4Mvy24MXA9ggyrwc%253D%26continue%3Dhttps%253A%252F%252Fmail.google.com%252Fmail%252F%26dbus%3DAU&osidt=ALWU2ctLjx4siNh8hzHvNXUyw2GLwdOIYMYXifTaJUHol7m8QPgoZcRVpibRyIDmOy5277RL417NMMd5eznzrBBvgIhtlBwMY2fbNkvroQWtkMbARw41qOQ5DsK05Ky7k20c-e7KYJv6
2019-01-17 01:50:34|https://accounts.youtube.com/accounts/SetSID?ssdc=1&sidt=ALWU2cvM289VIcM33C9RPa3Q4Bm3F1qTY29VJCvJ0d1pIKRT5JtYUeHcx%2BhDIaV3KY9e0zKGa8OF7UbX6T1GpdWjLW75ThwwfKOcde019S0J7HulvgVUJSNpgVrfW0tf6iZo4V/8r90fHHtBaRlyvIfVaKhirB0c26l0yGzlA2Ls%2Bz8lWnRYMW2RyK8DyGnACiadtGrdbJmv/dMu9woJpiGBjtJK9LKz343r%2BgHrpAbHieH%2BCvtk10PpUs6tbQ/IDIPW4hhVkU0jwPwSiXnSNtiNQoM4SmnIpVxlWyY4Mvy24MXA9ggyrwc%3D&continue=https://mail.google.com/mail/&dbus=AU
2019-01-17 01:50:34|https://accounts.google.com.au/accounts/SetSID?ssdc=1&sidt=ALWU2cs6ej80OVjBCgLjQT4lGWQgYRrLVw2EiMhYfcSJTwCDQIm4%2BEHmiQyNtunk7DyIqGMQHIpgBr9QXWgjWE22gca9PJRuGIDhtkllUlS0haukt7TIEsOst8OxIhIG0O/1aXr8cAsvk2cGYHcURKf1bfqn%2BvEX58aTYh5/QdEls11QZuoOjj0KSRIP7g6vs8ODycu/8q6mfj%2BCfw1aHNdyOjiUdLiJCvY0/Y7ng908wOnQOCeRKZ2RDnihJW1/cEFeAFXaZ2%2Bgw8nEq45QGxMLR3MNvZmxAq4nxfDCmn5jkc5wJbAdJVQ%3D&continue=https://mail.google.com/mail/
2019-01-17 01:50:34|https://mail.google.com/mail/
2019-01-17 01:50:35|https://mail.google.com/mail/u/0/
2019-01-17 01:50:37|https://mail.google.com/mail/u/0/#inbox
2019-01-17 01:50:43|https://mail.google.com/mail/u/0/#sent
2019-01-17 01:50:46|https://mail.google.com/mail/u/0/#sent/KtbxLvHXJXDNkjWxzDTgnWZBRmqdKkZfsB
2019-01-17 01:51:09|https://www.google.com/search?q=gmail&ie=utf-8&oe=utf-8&client=firefox-b-ab
2019-01-17 01:51:13|https://accounts.google.com/Logout?hl=en&continue=https://www.google.com/search%3Fq%3Dgmail%26ie%3Dutf-8%26oe%3Dutf-8%26client%3Dfirefox-b-ab&timeStmp=1547689869&secTok=.AG5fkS8CWJ9joMO-4jZiOhpyuRHGcSgDTA
2019-01-17 01:51:13|https://accounts.google.com/Logout
2019-01-17 01:51:14|https://www.google.com/search?q=gmail&ie=utf-8&oe=utf-8&client=firefox-b-ab
2019-01-17 02:01:26|https://repl.it/
2019-01-17 02:04:07|https://ipstack.com/
2019-01-17 03:20:15|http://summer2019.compclub.com.au/
2019-01-17 03:20:16|https://summer2019.compclub.com.au/
2019-01-17 03:20:18|https://summer2019.compclub.com.au/day4
2019-01-17 03:21:35|http://www.w3schools.com/css
2019-01-17 03:21:36|https://www.w3schools.com/css
2019-01-17 03:21:36|http://www.w3schools.com/css/
2019-01-17 03:21:36|https://www.w3schools.com/css/
2019-01-17 03:27:36|https://www.w3schools.com/css/css_examples.asp
2019-01-17 03:28:34|https://www.w3schools.com/css/css_examples.asp
2019-01-17 03:28:56|https://www.w3schools.com/css/tryit.asp?filename=trycss_boxmodel
2019-01-17 03:30:06|https://www.w3schools.com/css/tryit.asp?filename=trycss3_animation2
2019-01-17 03:47:05|http://summer2019.compclub.com.au/
2019-01-17 03:47:06|https://summer2019.compclub.com.au/
2019-01-17 03:47:08|https://summer2019.compclub.com.au/day4
2019-01-17 04:13:03|https://www.google.com/search?q=pusheen+gifs&ie=utf-8&oe=utf-8&client=firefox-b-ab
2019-01-17 04:13:06|https://www.google.com/search?q=pusheen+gifs&client=firefox-b-ab&tbm=isch&source=iu&ictx=1&fir=i9c2Z5bj7PnGqM%253A%252CaHo7d9lTrI0n0M%252C_&usg=AI4_-kSGpWHcfuJ3ELEzbsryPbLpF4Lk3Q&sa=X&ved=2ahUKEwi89IHj-fPfAhXQV30KHffhBqwQ9QEwAHoECAMQBA#imgrc=i9c2Z5bj7PnGqM:
2019-01-17 04:13:16|https://www.google.com/search?q=pusheen+gifs&client=firefox-b-ab&tbm=isch&source=iu&ictx=1&fir=i9c2Z5bj7PnGqM%253A%252CaHo7d9lTrI0n0M%252C_&usg=AI4_-kSGpWHcfuJ3ELEzbsryPbLpF4Lk3Q&sa=X&ved=2ahUKEwi89IHj-fPfAhXQV30KHffhBqwQ9QEwAHoECAMQBA#imgrc=fxHVARN52WthAM:
2019-01-17 04:13:19|https://www.google.com/search?q=pusheen+gifs&client=firefox-b-ab&tbm=isch&source=iu&ictx=1&fir=i9c2Z5bj7PnGqM%253A%252CaHo7d9lTrI0n0M%252C_&usg=AI4_-kSGpWHcfuJ3ELEzbsryPbLpF4Lk3Q&sa=X&ved=2ahUKEwi89IHj-fPfAhXQV30KHffhBqwQ9QEwAHoECAMQBA#imgrc=lgQ-eIW-PK0QbM:
2019-01-17 04:13:25|https://www.google.com/search?q=pusheen+gifs&client=firefox-b-ab&tbm=isch&source=iu&ictx=1&fir=i9c2Z5bj7PnGqM%253A%252CaHo7d9lTrI0n0M%252C_&usg=AI4_-kSGpWHcfuJ3ELEzbsryPbLpF4Lk3Q&sa=X&ved=2ahUKEwi89IHj-fPfAhXQV30KHffhBqwQ9QEwAHoECAMQBA#imgrc=Fn9LHBqndW0zqM:
2019-01-17 04:13:27|https://www.google.com/search?q=pusheen+gifs&client=firefox-b-ab&tbm=isch&source=iu&ictx=1&fir=i9c2Z5bj7PnGqM%253A%252CaHo7d9lTrI0n0M%252C_&usg=AI4_-kSGpWHcfuJ3ELEzbsryPbLpF4Lk3Q&sa=X&ved=2ahUKEwi89IHj-fPfAhXQV30KHffhBqwQ9QEwAHoECAMQBA#imgrc=FpvsY6XJPaZjlM:
2019-01-17 04:13:29|https://www.google.com/search?q=pusheen+gifs&client=firefox-b-ab&tbm=isch&source=iu&ictx=1&fir=i9c2Z5bj7PnGqM%253A%252CaHo7d9lTrI0n0M%252C_&usg=AI4_-kSGpWHcfuJ3ELEzbsryPbLpF4Lk3Q&sa=X&ved=2ahUKEwi89IHj-fPfAhXQV30KHffhBqwQ9QEwAHoECAMQBA#imgrc=zRJCRk20eWu6iM:
2019-01-17 04:13:45|https://www.google.com/search?q=pusheen+gifs&client=firefox-b-ab&tbm=isch&source=iu&ictx=1&fir=i9c2Z5bj7PnGqM%253A%252CaHo7d9lTrI0n0M%252C_&usg=AI4_-kSGpWHcfuJ3ELEzbsryPbLpF4Lk3Q&sa=X&ved=2ahUKEwi89IHj-fPfAhXQV30KHffhBqwQ9QEwAHoECAMQBA#imgrc=8IeHI544itZiSM:
2019-01-17 04:13:59|https://www.google.com/search?q=pusheen+gifs&client=firefox-b-ab&tbm=isch&source=iu&ictx=1&fir=i9c2Z5bj7PnGqM%253A%252CaHo7d9lTrI0n0M%252C_&usg=AI4_-kSGpWHcfuJ3ELEzbsryPbLpF4Lk3Q&sa=X&ved=2ahUKEwi89IHj-fPfAhXQV30KHffhBqwQ9QEwAHoECAMQBA#imgrc=RqiuvJ2gNtFCZM:
2019-01-17 04:14:07|https://www.google.com/search?q=pusheen+gifs&client=firefox-b-ab&tbm=isch&source=iu&ictx=1&fir=i9c2Z5bj7PnGqM%253A%252CaHo7d9lTrI0n0M%252C_&usg=AI4_-kSGpWHcfuJ3ELEzbsryPbLpF4Lk3Q&sa=X&ved=2ahUKEwi89IHj-fPfAhXQV30KHffhBqwQ9QEwAHoECAMQBA#imgrc=8GHa1qlx419hmM:
2019-01-17 04:14:13|https://www.google.com/search?q=pusheen+gifs&client=firefox-b-ab&tbm=isch&source=iu&ictx=1&fir=i9c2Z5bj7PnGqM%253A%252CaHo7d9lTrI0n0M%252C_&usg=AI4_-kSGpWHcfuJ3ELEzbsryPbLpF4Lk3Q&sa=X&ved=2ahUKEwi89IHj-fPfAhXQV30KHffhBqwQ9QEwAHoECAMQBA#imgrc=HYD-HpA_M9NBcM:
2019-01-17 04:14:19|https://www.google.com/search?q=pusheen+gifs&client=firefox-b-ab&tbm=isch&source=iu&ictx=1&fir=i9c2Z5bj7PnGqM%253A%252CaHo7d9lTrI0n0M%252C_&usg=AI4_-kSGpWHcfuJ3ELEzbsryPbLpF4Lk3Q&sa=X&ved=2ahUKEwi89IHj-fPfAhXQV30KHffhBqwQ9QEwAHoECAMQBA#imgrc=Mk37FNcyu_SknM:
2019-01-17 04:14:22|https://www.google.com/search?q=pusheen+gifs&client=firefox-b-ab&tbm=isch&source=iu&ictx=1&fir=i9c2Z5bj7PnGqM%253A%252CaHo7d9lTrI0n0M%252C_&usg=AI4_-kSGpWHcfuJ3ELEzbsryPbLpF4Lk3Q&sa=X&ved=2ahUKEwi89IHj-fPfAhXQV30KHffhBqwQ9QEwAHoECAMQBA#imgrc=4bZuiQKDYWvt1M:
2019-01-17 04:14:24|https://www.google.com/search?q=pusheen+gifs&client=firefox-b-ab&tbm=isch&source=iu&ictx=1&fir=i9c2Z5bj7PnGqM%253A%252CaHo7d9lTrI0n0M%252C_&usg=AI4_-kSGpWHcfuJ3ELEzbsryPbLpF4Lk3Q&sa=X&ved=2ahUKEwi89IHj-fPfAhXQV30KHffhBqwQ9QEwAHoECAMQBA#imgrc=wTBV0s3k95evkM:
2019-01-17 04:14:27|https://www.google.com/search?q=pusheen+gifs&client=firefox-b-ab&tbm=isch&source=iu&ictx=1&fir=i9c2Z5bj7PnGqM%253A%252CaHo7d9lTrI0n0M%252C_&usg=AI4_-kSGpWHcfuJ3ELEzbsryPbLpF4Lk3Q&sa=X&ved=2ahUKEwi89IHj-fPfAhXQV30KHffhBqwQ9QEwAHoECAMQBA#imgrc=UoWNavGDD4Mg7M:
2019-01-17 04:14:42|https://www.google.com/search?q=pusheen+gifs&client=firefox-b-ab&tbm=isch&source=iu&ictx=1&fir=i9c2Z5bj7PnGqM%253A%252CaHo7d9lTrI0n0M%252C_&usg=AI4_-kSGpWHcfuJ3ELEzbsryPbLpF4Lk3Q&sa=X&ved=2ahUKEwi89IHj-fPfAhXQV30KHffhBqwQ9QEwAHoECAMQBA#imgrc=DItVIPKPYJvKvM:
2019-01-17 04:14:44|https://www.google.com/search?q=pusheen+gifs&client=firefox-b-ab&tbm=isch&source=iu&ictx=1&fir=i9c2Z5bj7PnGqM%253A%252CaHo7d9lTrI0n0M%252C_&usg=AI4_-kSGpWHcfuJ3ELEzbsryPbLpF4Lk3Q&sa=X&ved=2ahUKEwi89IHj-fPfAhXQV30KHffhBqwQ9QEwAHoECAMQBA#imgrc=kWCvXMvoluFiNM:
2019-01-17 04:14:48|https://www.google.com/search?q=pusheen+gifs&client=firefox-b-ab&tbm=isch&source=iu&ictx=1&fir=i9c2Z5bj7PnGqM%253A%252CaHo7d9lTrI0n0M%252C_&usg=AI4_-kSGpWHcfuJ3ELEzbsryPbLpF4Lk3Q&sa=X&ved=2ahUKEwi89IHj-fPfAhXQV30KHffhBqwQ9QEwAHoECAMQBA#imgrc=Od5e_yW3XjgdrM:
2019-01-17 04:15:02|https://www.google.com/search?q=pusheen+gifs&client=firefox-b-ab&tbm=isch&source=iu&ictx=1&fir=i9c2Z5bj7PnGqM%253A%252CaHo7d9lTrI0n0M%252C_&usg=AI4_-kSGpWHcfuJ3ELEzbsryPbLpF4Lk3Q&sa=X&ved=2ahUKEwi89IHj-fPfAhXQV30KHffhBqwQ9QEwAHoECAMQBA#imgrc=ih8VMCm7tKkDPM:
2019-01-17 04:15:06|https://www.google.com/search?q=pusheen+gifs&client=firefox-b-ab&tbm=isch&source=iu&ictx=1&fir=i9c2Z5bj7PnGqM%253A%252CaHo7d9lTrI0n0M%252C_&usg=AI4_-kSGpWHcfuJ3ELEzbsryPbLpF4Lk3Q&sa=X&ved=2ahUKEwi89IHj-fPfAhXQV30KHffhBqwQ9QEwAHoECAMQBA#imgrc=5rAWlcwLNgYLKM:
2019-01-17 04:18:06|https://www.google.com/search?q=pusheen+gifs&client=firefox-b-ab&tbm=isch&source=iu&ictx=1&fir=i9c2Z5bj7PnGqM%253A%252CaHo7d9lTrI0n0M%252C_&usg=AI4_-kSGpWHcfuJ3ELEzbsryPbLpF4Lk3Q&sa=X&ved=2ahUKEwi89IHj-fPfAhXQV30KHffhBqwQ9QEwAHoECAMQBA#imgrc=AqLIW62d7M6KqM:
2019-01-17 04:18:12|https://www.google.com/search?q=pusheen+gifs&client=firefox-b-ab&tbm=isch&source=iu&ictx=1&fir=i9c2Z5bj7PnGqM%253A%252CaHo7d9lTrI0n0M%252C_&usg=AI4_-kSGpWHcfuJ3ELEzbsryPbLpF4Lk3Q&sa=X&ved=2ahUKEwi89IHj-fPfAhXQV30KHffhBqwQ9QEwAHoECAMQBA#imgrc=dwCnb9WWo3qngM:
2019-01-17 04:18:21|https://www.google.com/search?q=pusheen+gifs&client=firefox-b-ab&tbm=isch&source=iu&ictx=1&fir=i9c2Z5bj7PnGqM%253A%252CaHo7d9lTrI0n0M%252C_&usg=AI4_-kSGpWHcfuJ3ELEzbsryPbLpF4Lk3Q&sa=X&ved=2ahUKEwi89IHj-fPfAhXQV30KHffhBqwQ9QEwAHoECAMQBA#imgrc=HkL24HCZG2qCUM:
2019-01-17 04:18:23|https://www.google.com/search?q=pusheen+gifs&client=firefox-b-ab&tbm=isch&source=iu&ictx=1&fir=i9c2Z5bj7PnGqM%253A%252CaHo7d9lTrI0n0M%252C_&usg=AI4_-kSGpWHcfuJ3ELEzbsryPbLpF4Lk3Q&sa=X&ved=2ahUKEwi89IHj-fPfAhXQV30KHffhBqwQ9QEwAHoECAMQBA#imgrc=DtBXkLbjQXiv2M:
2019-01-17 04:18:25|https://www.google.com/search?q=pusheen+gifs&client=firefox-b-ab&tbm=isch&source=iu&ictx=1&fir=i9c2Z5bj7PnGqM%253A%252CaHo7d9lTrI0n0M%252C_&usg=AI4_-kSGpWHcfuJ3ELEzbsryPbLpF4Lk3Q&sa=X&ved=2ahUKEwi89IHj-fPfAhXQV30KHffhBqwQ9QEwAHoECAMQBA#imgrc=uoRsB9SA4QLiAM:
2019-01-17 04:18:29|https://www.google.com/search?q=pusheen+gifs&client=firefox-b-ab&tbm=isch&source=iu&ictx=1&fir=i9c2Z5bj7PnGqM%253A%252CaHo7d9lTrI0n0M%252C_&usg=AI4_-kSGpWHcfuJ3ELEzbsryPbLpF4Lk3Q&sa=X&ved=2ahUKEwi89IHj-fPfAhXQV30KHffhBqwQ9QEwAHoECAMQBA#imgrc=kLprSlYusOocNM:
2019-01-17 04:18:31|https://www.google.com/search?q=pusheen+gifs&client=firefox-b-ab&tbm=isch&source=iu&ictx=1&fir=i9c2Z5bj7PnGqM%253A%252CaHo7d9lTrI0n0M%252C_&usg=AI4_-kSGpWHcfuJ3ELEzbsryPbLpF4Lk3Q&sa=X&ved=2ahUKEwi89IHj-fPfAhXQV30KHffhBqwQ9QEwAHoECAMQBA#imgrc=8WIGnHCiWmvcNM:
2019-01-17 04:18:37|https://www.google.com/search?q=pusheen+gifs&client=firefox-b-ab&tbm=isch&source=iu&ictx=1&fir=i9c2Z5bj7PnGqM%253A%252CaHo7d9lTrI0n0M%252C_&usg=AI4_-kSGpWHcfuJ3ELEzbsryPbLpF4Lk3Q&sa=X&ved=2ahUKEwi89IHj-fPfAhXQV30KHffhBqwQ9QEwAHoECAMQBA#imgrc=-blFmIUxOwkDGM:
2019-01-17 04:18:44|https://www.google.com/search?q=pusheen+gifs&client=firefox-b-ab&tbm=isch&source=iu&ictx=1&fir=i9c2Z5bj7PnGqM%253A%252CaHo7d9lTrI0n0M%252C_&usg=AI4_-kSGpWHcfuJ3ELEzbsryPbLpF4Lk3Q&sa=X&ved=2ahUKEwi89IHj-fPfAhXQV30KHffhBqwQ9QEwAHoECAMQBA#imgrc=J7H50oUovS_nZM:
2019-01-17 04:18:57|https://www.google.com/search?q=pusheen+gifs&client=firefox-b-ab&tbm=isch&source=iu&ictx=1&fir=i9c2Z5bj7PnGqM%253A%252CaHo7d9lTrI0n0M%252C_&usg=AI4_-kSGpWHcfuJ3ELEzbsryPbLpF4Lk3Q&sa=X&ved=2ahUKEwi89IHj-fPfAhXQV30KHffhBqwQ9QEwAHoECAMQBA#imgrc=QekAt5S4U-eHAM:
2019-01-17 04:19:25|https://www.google.com/search?q=pusheen+gifs&client=firefox-b-ab&tbm=isch&source=iu&ictx=1&fir=i9c2Z5bj7PnGqM%253A%252CaHo7d9lTrI0n0M%252C_&usg=AI4_-kSGpWHcfuJ3ELEzbsryPbLpF4Lk3Q&sa=X&ved=2ahUKEwi89IHj-fPfAhXQV30KHffhBqwQ9QEwAHoECAMQBA#imgrc=5rAWlcwLNgYLKM:
2019-01-17 23:40:29|https://summer2019.compclub.com.au/
2019-01-17 23:40:34|https://summer2019.compclub.com.au/day5
2019-01-17 23:40:37|https://docs.google.com/presentation/d/1ykIUm1xAKMforvTPeqvXMdC4DZlnWOg604ekaybhiOs
2019-01-17 23:40:38|https://docs.google.com/presentation/d/1ykIUm1xAKMforvTPeqvXMdC4DZlnWOg604ekaybhiOs/
2019-01-17 23:40:39|https://docs.google.com/presentation/d/1ykIUm1xAKMforvTPeqvXMdC4DZlnWOg604ekaybhiOs/edit
2019-01-17 23:40:41|https://docs.google.com/presentation/d/1ykIUm1xAKMforvTPeqvXMdC4DZlnWOg604ekaybhiOs/edit#slide=id.p3
2019-01-17 23:40:41|https://docs.google.com/presentation/d/1ykIUm1xAKMforvTPeqvXMdC4DZlnWOg604ekaybhiOs/edit#slide=id.g4978d0c231_0_4
2019-01-17 23:40:42|https://docs.google.com/presentation/d/1ykIUm1xAKMforvTPeqvXMdC4DZlnWOg604ekaybhiOs/edit#slide=id.p3
2019-01-17 23:40:45|https://docs.google.com/presentation/d/1ykIUm1xAKMforvTPeqvXMdC4DZlnWOg604ekaybhiOs/edit#slide=id.g4978d0c231_0_4
2019-01-17 23:41:03|https://docs.google.com/presentation/d/1ykIUm1xAKMforvTPeqvXMdC4DZlnWOg604ekaybhiOs/edit#slide=id.g487950190f_0_59
2019-01-17 23:41:05|https://docs.google.com/presentation/d/1ykIUm1xAKMforvTPeqvXMdC4DZlnWOg604ekaybhiOs/edit#slide=id.g487950190f_0_11
2019-01-17 23:41:06|https://docs.google.com/presentation/d/1ykIUm1xAKMforvTPeqvXMdC4DZlnWOg604ekaybhiOs/edit#slide=id.g487950190f_0_38
2019-01-17 23:41:07|https://docs.google.com/presentation/d/1ykIUm1xAKMforvTPeqvXMdC4DZlnWOg604ekaybhiOs/edit#slide=id.g487950190f_0_50
2019-01-17 23:41:08|https://docs.google.com/presentation/d/1ykIUm1xAKMforvTPeqvXMdC4DZlnWOg604ekaybhiOs/edit#slide=id.g487950190f_0_69
2019-01-17 23:41:08|https://docs.google.com/presentation/d/1ykIUm1xAKMforvTPeqvXMdC4DZlnWOg604ekaybhiOs/edit#slide=id.g4be45cc0c3_1_2
2019-01-17 23:41:08|https://docs.google.com/presentation/d/1ykIUm1xAKMforvTPeqvXMdC4DZlnWOg604ekaybhiOs/edit#slide=id.g4be45cc0c3_1_10
2019-01-17 23:41:09|https://docs.google.com/presentation/d/1ykIUm1xAKMforvTPeqvXMdC4DZlnWOg604ekaybhiOs/edit#slide=id.g4978d0c231_0_16
2019-01-17 23:41:09|https://docs.google.com/presentation/d/1ykIUm1xAKMforvTPeqvXMdC4DZlnWOg604ekaybhiOs/edit#slide=id.g4978d0c231_0_25
2019-01-17 23:41:09|https://docs.google.com/presentation/d/1ykIUm1xAKMforvTPeqvXMdC4DZlnWOg604ekaybhiOs/edit#slide=id.g487950190f_0_78
2019-01-17 23:41:10|https://docs.google.com/presentation/d/1ykIUm1xAKMforvTPeqvXMdC4DZlnWOg604ekaybhiOs/edit#slide=id.g4978d0c231_0_25
2019-01-17 23:41:10|https://docs.google.com/presentation/d/1ykIUm1xAKMforvTPeqvXMdC4DZlnWOg604ekaybhiOs/edit#slide=id.g4978d0c231_0_16
2019-01-17 23:41:12|https://docs.google.com/presentation/d/1ykIUm1xAKMforvTPeqvXMdC4DZlnWOg604ekaybhiOs/edit#slide=id.g4978d0c231_0_25
2019-01-17 23:41:12|https://docs.google.com/presentation/d/1ykIUm1xAKMforvTPeqvXMdC4DZlnWOg604ekaybhiOs/edit#slide=id.g487950190f_0_78
2019-01-17 23:41:13|https://docs.google.com/presentation/d/1ykIUm1xAKMforvTPeqvXMdC4DZlnWOg604ekaybhiOs/edit#slide=id.g4be45cc0c3_1_16
2019-01-17 23:41:13|https://docs.google.com/presentation/d/1ykIUm1xAKMforvTPeqvXMdC4DZlnWOg604ekaybhiOs/edit#slide=id.g487950190f_0_78
2019-01-17 23:41:13|https://docs.google.com/presentation/d/1ykIUm1xAKMforvTPeqvXMdC4DZlnWOg604ekaybhiOs/edit#slide=id.g4be45cc0c3_1_16
2019-01-17 23:41:14|https://docs.google.com/presentation/d/1ykIUm1xAKMforvTPeqvXMdC4DZlnWOg604ekaybhiOs/edit#slide=id.g497f722781_0_5
2019-01-17 23:41:14|https://docs.google.com/presentation/d/1ykIUm1xAKMforvTPeqvXMdC4DZlnWOg604ekaybhiOs/edit#slide=id.g4978d0c231_0_31
2019-01-17 23:41:15|https://docs.google.com/presentation/d/1ykIUm1xAKMforvTPeqvXMdC4DZlnWOg604ekaybhiOs/edit#slide=id.g497f722781_0_10
2019-01-17 23:41:16|https://docs.google.com/presentation/d/1ykIUm1xAKMforvTPeqvXMdC4DZlnWOg604ekaybhiOs/edit#slide=id.g4978d0c231_0_31
2019-01-17 23:41:17|https://docs.google.com/presentation/d/1ykIUm1xAKMforvTPeqvXMdC4DZlnWOg604ekaybhiOs/edit#slide=id.g497f722781_0_5
2019-01-17 23:41:20|https://docs.google.com/presentation/d/1ykIUm1xAKMforvTPeqvXMdC4DZlnWOg604ekaybhiOs/edit#slide=id.p3
2019-01-17 23:41:21|https://docs.google.com/presentation/d/1ykIUm1xAKMforvTPeqvXMdC4DZlnWOg604ekaybhiOs/edit#slide=id.g4978d0c231_0_4
2019-01-17 23:42:27|https://docs.google.com/presentation/d/1ykIUm1xAKMforvTPeqvXMdC4DZlnWOg604ekaybhiOs
2019-01-17 23:42:27|https://docs.google.com/presentation/d/1ykIUm1xAKMforvTPeqvXMdC4DZlnWOg604ekaybhiOs/
2019-01-17 23:42:28|https://docs.google.com/presentation/d/1ykIUm1xAKMforvTPeqvXMdC4DZlnWOg604ekaybhiOs/edit
2019-01-17 23:42:30|https://docs.google.com/presentation/d/1kyRsC1-PMJu4UndE6psUHJHuTHX7W6cuYRod1jq3QJY
2019-01-17 23:42:30|https://docs.google.com/presentation/d/1kyRsC1-PMJu4UndE6psUHJHuTHX7W6cuYRod1jq3QJY/
2019-01-17 23:42:31|https://docs.google.com/presentation/d/1kyRsC1-PMJu4UndE6psUHJHuTHX7W6cuYRod1jq3QJY/edit
2019-01-17 23:42:33|https://docs.google.com/presentation/d/1kyRsC1-PMJu4UndE6psUHJHuTHX7W6cuYRod1jq3QJY/edit#slide=id.p1
2019-01-17 23:42:36|https://docs.google.com/presentation/d/1kyRsC1-PMJu4UndE6psUHJHuTHX7W6cuYRod1jq3QJY/edit#slide=id.p2
2019-01-17 23:42:38|https://docs.google.com/presentation/d/1kyRsC1-PMJu4UndE6psUHJHuTHX7W6cuYRod1jq3QJY/edit#slide=id.g4bf28a5cd4_0_6
2019-01-17 23:42:39|https://docs.google.com/presentation/d/1kyRsC1-PMJu4UndE6psUHJHuTHX7W6cuYRod1jq3QJY/edit#slide=id.g3d022b32ae_0_0
2019-01-17 23:42:39|https://docs.google.com/presentation/d/1kyRsC1-PMJu4UndE6psUHJHuTHX7W6cuYRod1jq3QJY/edit#slide=id.p1
2019-01-17 23:42:51|https://www.google.com/search?q=repl.it&ie=utf-8&oe=utf-8&client=firefox-b
2019-01-17 23:42:56|https://repl.it/
2019-01-17 23:43:02|https://repl.it/login
2019-01-17 23:43:39|https://repl.it/repls
2019-01-17 23:44:08|https://summer2019.compclub.com.au/day5/code
2019-01-17 23:44:09|https://repl.it/@featherbear/LesserSignifiedBeings
2019-01-17 23:44:40|https://docs.google.com/presentation/d/1kyRsC1-PMJu4UndE6psUHJHuTHX7W6cuYRod1jq3QJY/edit#slide=id.p2
2019-01-17 23:44:40|https://docs.google.com/presentation/d/1kyRsC1-PMJu4UndE6psUHJHuTHX7W6cuYRod1jq3QJY/edit#slide=id.g3d022b32ae_0_0
2019-01-17 23:44:51|https://docs.google.com/presentation/d/1kyRsC1-PMJu4UndE6psUHJHuTHX7W6cuYRod1jq3QJY/edit#slide=id.g3d022b32ae_0_5
2019-01-17 23:44:52|https://docs.google.com/presentation/d/1kyRsC1-PMJu4UndE6psUHJHuTHX7W6cuYRod1jq3QJY/edit#slide=id.g4c07aed684_0_2
2019-01-17 23:44:52|https://docs.google.com/presentation/d/1kyRsC1-PMJu4UndE6psUHJHuTHX7W6cuYRod1jq3QJY/edit#slide=id.p3
2019-01-17 23:44:56|https://docs.google.com/presentation/d/1kyRsC1-PMJu4UndE6psUHJHuTHX7W6cuYRod1jq3QJY/edit#slide=id.g4c07aed684_0_2
2019-01-17 23:44:56|https://docs.google.com/presentation/d/1kyRsC1-PMJu4UndE6psUHJHuTHX7W6cuYRod1jq3QJY/edit#slide=id.g3d022b32ae_0_5
2019-01-17 23:45:14|https://docs.google.com/presentation/d/1kyRsC1-PMJu4UndE6psUHJHuTHX7W6cuYRod1jq3QJY/edit#slide=id.g4c07aed684_0_2
2019-01-17 23:45:15|https://docs.google.com/presentation/d/1kyRsC1-PMJu4UndE6psUHJHuTHX7W6cuYRod1jq3QJY/edit#slide=id.g4891b805bc_0_5
2019-01-17 23:45:23|https://docs.google.com/presentation/d/1kyRsC1-PMJu4UndE6psUHJHuTHX7W6cuYRod1jq3QJY/edit#slide=id.g4be45cc0c3_0_1
2019-01-17 23:45:24|https://docs.google.com/presentation/d/1kyRsC1-PMJu4UndE6psUHJHuTHX7W6cuYRod1jq3QJY/edit#slide=id.g4be45cc0c3_1_44
2019-01-17 23:45:24|https://docs.google.com/presentation/d/1kyRsC1-PMJu4UndE6psUHJHuTHX7W6cuYRod1jq3QJY/edit#slide=id.g4891b805bc_0_5
2019-01-17 23:45:25|https://docs.google.com/presentation/d/1kyRsC1-PMJu4UndE6psUHJHuTHX7W6cuYRod1jq3QJY/edit#slide=id.g4be45cc0c3_0_1
2019-01-17 23:45:28|https://docs.google.com/presentation/d/1kyRsC1-PMJu4UndE6psUHJHuTHX7W6cuYRod1jq3QJY/edit#slide=id.g4be45cc0c3_1_52
2019-01-17 23:45:28|https://docs.google.com/presentation/d/1kyRsC1-PMJu4UndE6psUHJHuTHX7W6cuYRod1jq3QJY/edit#slide=id.g4be45cc0c3_1_59
2019-01-17 23:45:29|https://docs.google.com/presentation/d/1kyRsC1-PMJu4UndE6psUHJHuTHX7W6cuYRod1jq3QJY/edit#slide=id.g542d65370a8faa59_11
2019-01-17 23:45:31|https://docs.google.com/presentation/d/1kyRsC1-PMJu4UndE6psUHJHuTHX7W6cuYRod1jq3QJY/edit#slide=id.g4be45cc0c3_1_59
2019-01-17 23:45:33|https://docs.google.com/presentation/d/1kyRsC1-PMJu4UndE6psUHJHuTHX7W6cuYRod1jq3QJY/edit#slide=id.g4c21576342_0_4
2019-01-17 23:45:33|https://docs.google.com/presentation/d/1kyRsC1-PMJu4UndE6psUHJHuTHX7W6cuYRod1jq3QJY/edit#slide=id.g4be45cc0c3_1_85
2019-01-17 23:45:34|https://docs.google.com/presentation/d/1kyRsC1-PMJu4UndE6psUHJHuTHX7W6cuYRod1jq3QJY/edit#slide=id.g4c0372a315_0_123
2019-01-17 23:45:36|https://docs.google.com/presentation/d/1kyRsC1-PMJu4UndE6psUHJHuTHX7W6cuYRod1jq3QJY/edit#slide=id.g542d65370a8faa59_3
2019-01-17 23:45:39|https://docs.google.com/presentation/d/1kyRsC1-PMJu4UndE6psUHJHuTHX7W6cuYRod1jq3QJY/edit#slide=id.g445c8f4c5882998c_2
2019-01-17 23:45:39|https://docs.google.com/presentation/d/1kyRsC1-PMJu4UndE6psUHJHuTHX7W6cuYRod1jq3QJY/edit#slide=id.g4c0372a315_0_127
2019-01-17 23:45:40|https://docs.google.com/presentation/d/1kyRsC1-PMJu4UndE6psUHJHuTHX7W6cuYRod1jq3QJY/edit#slide=id.g4c0372a315_0_114
2019-01-17 23:45:42|https://docs.google.com/presentation/d/1kyRsC1-PMJu4UndE6psUHJHuTHX7W6cuYRod1jq3QJY/edit#slide=id.g4d923ccbc0_0_92
2019-01-17 23:45:42|https://docs.google.com/presentation/d/1kyRsC1-PMJu4UndE6psUHJHuTHX7W6cuYRod1jq3QJY/edit#slide=id.g4d923ccbc0_0_106
2019-01-17 23:45:43|https://docs.google.com/presentation/d/1kyRsC1-PMJu4UndE6psUHJHuTHX7W6cuYRod1jq3QJY/edit#slide=id.g445c8f4c5882998c_2
2019-01-17 23:45:44|https://docs.google.com/presentation/d/1kyRsC1-PMJu4UndE6psUHJHuTHX7W6cuYRod1jq3QJY/edit#slide=id.g4d8f0f26c2_0_0
2019-01-17 23:45:45|https://docs.google.com/presentation/d/1kyRsC1-PMJu4UndE6psUHJHuTHX7W6cuYRod1jq3QJY/edit#slide=id.g4d923ccbc0_0_106
2019-01-17 23:45:45|https://docs.google.com/presentation/d/1kyRsC1-PMJu4UndE6psUHJHuTHX7W6cuYRod1jq3QJY/edit#slide=id.g4d8f0f26c2_0_17
2019-01-17 23:45:47|https://docs.google.com/presentation/d/1kyRsC1-PMJu4UndE6psUHJHuTHX7W6cuYRod1jq3QJY/edit#slide=id.g4c21576342_0_85
2019-01-17 23:45:47|https://docs.google.com/presentation/d/1kyRsC1-PMJu4UndE6psUHJHuTHX7W6cuYRod1jq3QJY/edit#slide=id.g4c21576342_0_61
2019-01-17 23:45:49|https://docs.google.com/presentation/d/1kyRsC1-PMJu4UndE6psUHJHuTHX7W6cuYRod1jq3QJY/edit#slide=id.g445c8f4c5882998c_36
2019-01-17 23:45:56|https://docs.google.com/presentation/d/1kyRsC1-PMJu4UndE6psUHJHuTHX7W6cuYRod1jq3QJY/edit#slide=id.g558a456a7dbd0e14_3
2019-01-17 23:45:57|https://docs.google.com/presentation/d/1kyRsC1-PMJu4UndE6psUHJHuTHX7W6cuYRod1jq3QJY/edit#slide=id.g445c8f4c5882998c_53
2019-01-17 23:45:59|https://docs.google.com/presentation/d/1kyRsC1-PMJu4UndE6psUHJHuTHX7W6cuYRod1jq3QJY/edit#slide=id.g4c07aed684_0_70
2019-01-17 23:46:04|https://docs.google.com/presentation/d/1kyRsC1-PMJu4UndE6psUHJHuTHX7W6cuYRod1jq3QJY/edit#slide=id.g4d61f71165_0_10
2019-01-17 23:46:05|https://docs.google.com/presentation/d/1kyRsC1-PMJu4UndE6psUHJHuTHX7W6cuYRod1jq3QJY/edit#slide=id.g4c07aed684_0_70
2019-01-17 23:46:08|https://docs.google.com/presentation/d/1kyRsC1-PMJu4UndE6psUHJHuTHX7W6cuYRod1jq3QJY/edit#slide=id.g4d61f71165_0_10
2019-01-17 23:46:23|https://docs.google.com/presentation/d/1kyRsC1-PMJu4UndE6psUHJHuTHX7W6cuYRod1jq3QJY/edit#slide=id.g4d61f71165_0_10
2019-01-17 23:46:39|https://repl.it/@featherbear/LesserSignifiedBeings
2019-01-17 23:47:24|https://repl.it/@SgtSiphon/LesserSignifiedBeings
2019-01-17 23:48:08|https://repl.it/@SgtSiphon/LesserSignifiedBeings-1
2019-01-17 23:48:53|https://docs.google.com/presentation/d/1kyRsC1-PMJu4UndE6psUHJHuTHX7W6cuYRod1jq3QJY/edit#slide=id.g4d61f71165_0_50
2019-01-17 23:51:25|https://docs.google.com/presentation/d/1kyRsC1-PMJu4UndE6psUHJHuTHX7W6cuYRod1jq3QJY/edit#slide=id.g4d61f71165_0_70
2019-01-17 23:51:28|https://docs.google.com/presentation/d/1kyRsC1-PMJu4UndE6psUHJHuTHX7W6cuYRod1jq3QJY/edit#slide=id.g4d61f71165_0_50
2019-01-17 23:51:29|https://docs.google.com/presentation/d/1kyRsC1-PMJu4UndE6psUHJHuTHX7W6cuYRod1jq3QJY/edit#slide=id.g4d61f71165_0_70
2019-01-17 23:51:52|https://docs.google.com/presentation/d/1kyRsC1-PMJu4UndE6psUHJHuTHX7W6cuYRod1jq3QJY/edit
2019-01-17 23:51:55|https://docs.google.com/presentation/d/1kyRsC1-PMJu4UndE6psUHJHuTHX7W6cuYRod1jq3QJY/edit#slide=id.p1
2019-01-17 23:52:04|https://www.youtube.com/
2019-01-17 23:52:28|https://www.youtube.com/results?search_query=clash+vs+montagne
2019-01-17 23:52:31|https://www.youtube.com/watch?v=S_HFahtY3bs
2019-01-17 23:53:25|https://docs.google.com/presentation/d/1kyRsC1-PMJu4UndE6psUHJHuTHX7W6cuYRod1jq3QJY/edit#slide=id.g4d61f71165_0_10
2019-01-17 23:53:27|https://docs.google.com/presentation/d/1kyRsC1-PMJu4UndE6psUHJHuTHX7W6cuYRod1jq3QJY/edit#slide=id.g4d61f71165_0_50
2019-01-17 23:53:27|https://docs.google.com/presentation/d/1kyRsC1-PMJu4UndE6psUHJHuTHX7W6cuYRod1jq3QJY/edit#slide=id.g4d61f71165_0_70
2019-01-17 23:53:29|https://docs.google.com/presentation/d/1kyRsC1-PMJu4UndE6psUHJHuTHX7W6cuYRod1jq3QJY/edit#slide=id.g4d61f71165_0_50
2019-01-17 23:53:30|https://docs.google.com/presentation/d/1kyRsC1-PMJu4UndE6psUHJHuTHX7W6cuYRod1jq3QJY/edit#slide=id.g4d61f71165_0_70
2019-01-17 23:53:32|https://docs.google.com/presentation/d/1kyRsC1-PMJu4UndE6psUHJHuTHX7W6cuYRod1jq3QJY/edit#slide=id.g4d61f71165_0_50
2019-01-17 23:53:39|https://docs.google.com/presentation/d/1kyRsC1-PMJu4UndE6psUHJHuTHX7W6cuYRod1jq3QJY/edit#slide=id.g4d61f71165_0_70
2019-01-17 23:55:20|https://docs.google.com/presentation/d/1kyRsC1-PMJu4UndE6psUHJHuTHX7W6cuYRod1jq3QJY/edit#slide=id.g4d61f71165_0_80
2019-01-17 23:55:27|https://docs.google.com/presentation/d/1kyRsC1-PMJu4UndE6psUHJHuTHX7W6cuYRod1jq3QJY/edit#slide=id.g4d61f71165_0_90
2019-01-17 23:55:45|https://docs.google.com/presentation/d/1kyRsC1-PMJu4UndE6psUHJHuTHX7W6cuYRod1jq3QJY/edit#slide=id.g4d61f71165_0_116
2019-01-17 23:55:49|https://docs.google.com/presentation/d/1kyRsC1-PMJu4UndE6psUHJHuTHX7W6cuYRod1jq3QJY/edit#slide=id.g4d61f71165_0_90
2019-01-17 23:55:49|https://docs.google.com/presentation/d/1kyRsC1-PMJu4UndE6psUHJHuTHX7W6cuYRod1jq3QJY/edit#slide=id.g4d61f71165_0_116
2019-01-17 23:56:27|https://docs.google.com/presentation/d/1kyRsC1-PMJu4UndE6psUHJHuTHX7W6cuYRod1jq3QJY/edit#slide=id.g4d61f71165_0_125
2019-01-17 23:56:50|https://docs.google.com/presentation/d/1kyRsC1-PMJu4UndE6psUHJHuTHX7W6cuYRod1jq3QJY/edit#slide=id.g4d923ccbc0_0_23
2019-01-17 23:56:51|https://docs.google.com/presentation/d/1kyRsC1-PMJu4UndE6psUHJHuTHX7W6cuYRod1jq3QJY/edit#slide=id.g4d61f71165_0_125
2019-01-17 23:57:05|https://docs.google.com/presentation/d/1kyRsC1-PMJu4UndE6psUHJHuTHX7W6cuYRod1jq3QJY/edit#slide=id.g4d61f71165_0_116
2019-01-17 23:57:06|https://docs.google.com/presentation/d/1kyRsC1-PMJu4UndE6psUHJHuTHX7W6cuYRod1jq3QJY/edit#slide=id.g4d61f71165_0_80
2019-01-17 23:57:06|https://docs.google.com/presentation/d/1kyRsC1-PMJu4UndE6psUHJHuTHX7W6cuYRod1jq3QJY/edit#slide=id.g4d61f71165_0_90
2019-01-17 23:57:09|https://docs.google.com/presentation/d/1kyRsC1-PMJu4UndE6psUHJHuTHX7W6cuYRod1jq3QJY/edit#slide=id.g4d61f71165_0_116
2019-01-17 23:57:14|https://docs.google.com/presentation/d/1kyRsC1-PMJu4UndE6psUHJHuTHX7W6cuYRod1jq3QJY/edit#slide=id.g4d61f71165_0_125
2019-01-17 23:57:15|https://docs.google.com/presentation/d/1kyRsC1-PMJu4UndE6psUHJHuTHX7W6cuYRod1jq3QJY/edit#slide=id.g4d923ccbc0_0_23
2019-01-17 23:57:45|https://repl.it/@SgtSiphon/LesserSignifiedBeings-1
2019-01-17 23:57:59|https://docs.google.com/presentation/d/1kyRsC1-PMJu4UndE6psUHJHuTHX7W6cuYRod1jq3QJY/edit#slide=id.g4d923ccbc0_0_23
2019-01-17 23:59:40|https://docs.google.com/presentation/d/1kyRsC1-PMJu4UndE6psUHJHuTHX7W6cuYRod1jq3QJY/edit#slide=id.g4d923ccbc0_0_39
2019-01-18 00:00:14|https://docs.google.com/presentation/d/1kyRsC1-PMJu4UndE6psUHJHuTHX7W6cuYRod1jq3QJY/edit#slide=id.g4d923ccbc0_0_66
2019-01-18 00:01:28|https://repl.it/@SgtSiphon/LesserSignifiedBeings-1
2019-01-18 00:04:13|https://www.google.com/search?q=gmail&ie=utf-8&oe=utf-8&client=firefox-b-ab
2019-01-18 00:10:43|https://docs.google.com/presentation/d/1kyRsC1-PMJu4UndE6psUHJHuTHX7W6cuYRod1jq3QJY/edit#slide=id.g4d923ccbc0_0_55
2019-01-18 00:13:40|https://www.youtube.com/
2019-01-18 00:13:50|https://www.youtube.com/results?search_query=clash+vs+montagne
2019-01-18 00:14:01|https://www.youtube.com/watch?v=ZNykYjcF60c
2019-01-18 00:14:23|https://www.youtube.com/watch?v=S_HFahtY3bs
2019-01-18 00:15:26|https://docs.google.com/presentation/d/1kyRsC1-PMJu4UndE6psUHJHuTHX7W6cuYRod1jq3QJY/edit#slide=id.g4d923ccbc0_0_23
2019-01-18 00:15:32|https://repl.it/@SgtSiphon/LesserSignifiedBeings-1
2019-01-18 00:16:25|https://docs.google.com/presentation/d/1kyRsC1-PMJu4UndE6psUHJHuTHX7W6cuYRod1jq3QJY/edit#slide=id.g445c8f4c5882998c_36
2019-01-18 00:16:26|https://docs.google.com/presentation/d/1kyRsC1-PMJu4UndE6psUHJHuTHX7W6cuYRod1jq3QJY/edit#slide=id.g4d923ccbc0_0_115
2019-01-18 00:16:27|https://docs.google.com/presentation/d/1kyRsC1-PMJu4UndE6psUHJHuTHX7W6cuYRod1jq3QJY/edit#slide=id.g4c0372a315_0_114
2019-01-18 00:34:10|http://slither.io/
2019-01-18 00:39:50|http://slither.io/
2019-01-18 00:39:56|https://repl.it/@SgtSiphon/LesserSignifiedBeings-1
2019-01-18 00:40:01|https://docs.google.com/presentation/d/1kyRsC1-PMJu4UndE6psUHJHuTHX7W6cuYRod1jq3QJY/edit#slide=id.g4d923ccbc0_0_23
2019-01-18 00:56:57|http://ctf.compclub.com.au/
2019-01-18 00:56:57|https://ctf.compclub.com.au/
2019-01-18 00:56:57|https://ctf.compclub.com.au/invite?next=%2F
2019-01-18 00:56:57|https://ctf.compclub.com.au/invite/
2019-01-18 02:03:19|https://ctf.compclub.com.au/
2019-01-18 02:05:53|https://www.google.com/search?q=is+tasmania+part+of+australia&ie=utf-8&oe=utf-8&client=firefox-b
2019-01-18 02:07:26|https://lh3.googleusercontent.com/swou8r_aaveXY-QRJexe7FLAIQ8WAgfAxjV33dRjs5gF3VqjC0h888QfY6lTD1-chfRG9CCR7VXXI-wUC8rn4wKSOMFyw2Pgm70ReLMMXjwp7uSUqRxUeI0SD6gX-AhCCdAiT_0k=s200-p-k
2019-01-18 02:09:49|https://www.google.com/search?q=What+is+the+sum+of+the+first+753+prime+numbers%3F&ie=utf-8&oe=utf-8&client=firefox-b
2019-01-18 02:23:47|http://slither.io/
2019-01-18 02:26:59|https://www.youtube.com/watch?v=eaK5_eJRzmA
2019-01-18 02:29:27|http://slither.io/
2019-01-18 03:26:12|https://www.youtube.com/
2019-01-18 03:26:32|https://www.youtube.com/watch?v=S9uTScSgzrM
2019-01-18 03:27:00|https://www.google.com/search?q=deep.io&ie=utf-8&oe=utf-8&client=firefox-b
2019-01-18 03:28:20|http://deeeep.io/
2019-01-18 03:28:21|http://deeeep.io/new
2019-01-18 03:28:22|http://deeeep.io/new/
2019-01-18 03:28:29|https://adclick.g.doubleclick.net/aclk?sa=l&ai=CYfAN2UdBXPLjN5i1yAO3g4foAfP96ulToOPbvaAI2euXk8cJEAEg7vi4J2Cl-JGAkAGgAb-PvYYDyAEJqAMByAPDBKoEiAFP0KsLt40N8sgzTilaioP_f9b70AK9ZQyK8Q7cctw7DoN-fgwECoYD71oI0nllOOohZfCiZBlauxZneXGkskh7vjg9wYYoySYDFpUwoQTlI4F5t_VLBWxnBFFDLw5Tlmho_fKSDKPXm3tHIdHEszN4M-2-8gB7UI2ubZozjHFhBldQVESYziukoAYugAep8MJ5qAeOzhuoB9XJG6gHqAaoB9nLG6gHz8wbqAemvhvYBwDSCAcIgGEQARgCsQlQpFCsqAvLNYAKAdgTDA&ae=1&num=1&sig=AOD64_3Pd8uWrpavsULlZHR3lYeHzJ_B-w&client=ca-pub-1450371010768745&nx=207&ny=111&mb=1&bg=!e3ileGBE3G3d-Frd9T0CAAAAR1IAAAARmQF0qtZKTRKsNr4u_h5fF4CMZYecksaN4r60Q6masTAWvv6zyeVDtxtJPSny5jvkdJfIaSAGxh8b5xn98zge4A8qINl_L_qEiCJYTqvXdwx6BS31FlGIQwv8pbvMv4TulKJx0DsODSM9Aw7uGk8kZ1ziMpgJ483gkGufJV5QeUt6Pa15lvdd1egSmaOOeTMsUmyGiCdUszhp9LxBHp1lCCz_VXimQ58ZjQfAT6BxWZe5t9UdOILwbUaa-rjR5I_kJr4MBok9Ni63GxuiPTwEINSkQqEIGG8qL_aACxiT89ohcbrOM0GsFFcvwOZYhtd2o-Ft_1kVoI9cXMaP-yta1LUiz8Ir-X7S3pBRUn_FmyPxkPWgq8eqwcn_PycGuJinGkDwWzVb8UufJBb99KDDrqDRZFTr6lJipfXEc4l_hZNm9R0VdRANd-957B544NAZga0k1aZ7gwmFbQR13nXLQ-0WE-vyua4ixBi5yf914eUf80TDawEV&nb=9&adurl=http://www.shoppingdealslive.com/index.jhtml%3Fpartner%3D%5ECYB%5Exdm047%26pkw%3Ddefault%26adfi%3D%26adti%3Daud-328336799193%26adm%3D%26adn%3Dd%26add%3Dc%26adc%3D297154389994%26adt%3Dboomuserlist%253A%253A382978104%26ada%3D%26adap%3Dnone%26adp%3Ddeeeep.io%26gclid%3DEAIaIQobChMIsrTz1LH23wIVmBpyCh23wQEdEAEYASAAEgLxovD_BwE
2019-01-18 03:28:30|https://www.googleadservices.com/pagead/aclk?sa=L&ai=CYfAN2UdBXPLjN5i1yAO3g4foAfP96ulToOPbvaAI2euXk8cJEAEg7vi4J2Cl-JGAkAGgAb-PvYYDyAEJqAMByAPDBKoEiAFP0KsLt40N8sgzTilaioP_f9b70AK9ZQyK8Q7cctw7DoN-fgwECoYD71oI0nllOOohZfCiZBlauxZneXGkskh7vjg9wYYoySYDFpUwoQTlI4F5t_VLBWxnBFFDLw5Tlmho_fKSDKPXm3tHIdHEszN4M-2-8gB7UI2ubZozjHFhBldQVESYziukoAYugAep8MJ5qAeOzhuoB9XJG6gHqAaoB9nLG6gHz8wbqAemvhvYBwDSCAcIgGEQARgCsQlQpFCsqAvLNYAKAdgTDA&ae=1&num=1&client=ca-pub-1450371010768745&nx=207&ny=111&mb=1&bg=!e3ileGBE3G3d-Frd9T0CAAAAR1IAAAARmQF0qtZKTRKsNr4u_h5fF4CMZYecksaN4r60Q6masTAWvv6zyeVDtxtJPSny5jvkdJfIaSAGxh8b5xn98zge4A8qINl_L_qEiCJYTqvXdwx6BS31FlGIQwv8pbvMv4TulKJx0DsODSM9Aw7uGk8kZ1ziMpgJ483gkGufJV5QeUt6Pa15lvdd1egSmaOOeTMsUmyGiCdUszhp9LxBHp1lCCz_VXimQ58ZjQfAT6BxWZe5t9UdOILwbUaa-rjR5I_kJr4MBok9Ni63GxuiPTwEINSkQqEIGG8qL_aACxiT89ohcbrOM0GsFFcvwOZYhtd2o-Ft_1kVoI9cXMaP-yta1LUiz8Ir-X7S3pBRUn_FmyPxkPWgq8eqwcn_PycGuJinGkDwWzVb8UufJBb99KDDrqDRZFTr6lJipfXEc4l_hZNm9R0VdRANd-957B544NAZga0k1aZ7gwmFbQR13nXLQ-0WE-vyua4ixBi5yf914eUf80TDawEV&nb=9&dblrd=1&val=ChAyMjc4MzI3ODgxYjIwMGY4EN2PheIFGgiK28INbGbR-iABKAE&sig=AOD64_1SZ9b54ZJuHV3Ec7u0xDruNeTKmg&adurl=http://www.shoppingdealslive.com/index.jhtml%3Fpartner%3D%5ECYB%5Exdm047%26pkw%3Ddefault%26adfi%3D%26adti%3Daud-328336799193%26adm%3D%26adn%3Dd%26add%3Dc%26adc%3D297154389994%26adt%3Dboomuserlist%253A%253A382978104%26ada%3D%26adap%3Dnone%26adp%3Ddeeeep.io%26gclid%3DEAIaIQobChMIsrTz1LH23wIVmBpyCh23wQEdEAEYASAAEgLxovD_BwE
2019-01-18 03:28:32|http://www.shoppingdealslive.com/index.jhtml?partner=^CYB^xdm047&pkw=default&adfi=&adti=aud-328336799193&adm=&adn=d&add=c&adc=297154389994&adt=boomuserlist%3A%3A382978104&ada=&adap=none&adp=deeeep.io&gclid=EAIaIQobChMIsrTz1LH23wIVmBpyCh23wQEdEAEYASAAEgLxovD_BwE
2019-01-18 03:28:34|http://www.shoppingdealslive.com/installError.jhtml?errorType=browser&errorCode=notsupported
2019-01-18 03:56:02|https://www.reddit.com/user/despicable2Gru
1|http://summer2019.compclub.com.au/|Welcome to the CompClub Summer Spy School | CompClub 2019 Summer Workshops|1|1|13192067408300120|0|0
2|https://summer2019.compclub.com.au/|Welcome to the CompClub Summer Spy School | CompClub 2019 Summer Workshops|1|0|13192067408300120|0|0
3|https://summer2019.compclub.com.au/day3|Day 3: Microbits! | CompClub 2019 Summer Workshops|2|0|13192067415489682|0|0
4|https://docs.google.com/presentation/d/14BvJKEm9pyPOfLtZMkCAMwwwF6nVjmo8G5C3P7PULuw/edit#slide=id.g337fd436a2_1_5|Microbits Workshop - Google Slides|2|0|13192067422085466|0|0
5|https://www.google.com/search?q=code+with+mu&oq=code+with+mu&aqs=chrome..69i57j0l5.1792j0j7&sourceid=chrome&ie=UTF-8|code with mu - Google Search|1|0|13192067506383147|0|0
6|https://codewith.mu/|Code With Mu|1|0|13192067509518062|0|0
7|https://python.microbit.org/v/1|Micro:bit - Python editor|2|0|13192067568871113|0|0
8|https://python-editor-1-0-0.microbit.org/#||1|0|13192067585692516|1|0
9|https://docs.google.com/presentation/d/14BvJKEm9pyPOfLtZMkCAMwwwF6nVjmo8G5C3P7PULuw/edit#slide=id.p||1|0|13192067640243571|0|0
10|https://docs.google.com/presentation/d/14BvJKEm9pyPOfLtZMkCAMwwwF6nVjmo8G5C3P7PULuw/edit#slide=id.g4c0710682e_0_15||1|0|13192067641184578|0|0
11|https://docs.google.com/presentation/d/14BvJKEm9pyPOfLtZMkCAMwwwF6nVjmo8G5C3P7PULuw/edit#slide=id.g4c0710682e_0_22||1|0|13192067642091380|0|0
12|https://docs.google.com/presentation/d/14BvJKEm9pyPOfLtZMkCAMwwwF6nVjmo8G5C3P7PULuw/edit#slide=id.g4c0710682e_0_29||1|0|13192067642492236|0|0
13|https://docs.google.com/presentation/d/14BvJKEm9pyPOfLtZMkCAMwwwF6nVjmo8G5C3P7PULuw/edit#slide=id.g4c0710682e_0_36||1|0|13192067642892062|0|0
14|https://docs.google.com/presentation/d/14BvJKEm9pyPOfLtZMkCAMwwwF6nVjmo8G5C3P7PULuw/edit#slide=id.g4c0710682e_0_43||1|0|13192067643329869|0|0
15|https://docs.google.com/presentation/d/14BvJKEm9pyPOfLtZMkCAMwwwF6nVjmo8G5C3P7PULuw/edit#slide=id.g4c0710682e_0_58||1|0|13192067643719883|0|0
16|https://docs.google.com/presentation/d/14BvJKEm9pyPOfLtZMkCAMwwwF6nVjmo8G5C3P7PULuw/edit#slide=id.g4c0710682e_0_83||1|0|13192067644165395|0|0
17|https://docs.google.com/presentation/d/14BvJKEm9pyPOfLtZMkCAMwwwF6nVjmo8G5C3P7PULuw/edit#slide=id.g4c0710682e_0_92||1|0|13192067644583586|0|0
18|https://docs.google.com/presentation/d/14BvJKEm9pyPOfLtZMkCAMwwwF6nVjmo8G5C3P7PULuw/edit#slide=id.g4c0710682e_0_102||1|0|13192067645011029|0|0
19|https://docs.google.com/presentation/d/14BvJKEm9pyPOfLtZMkCAMwwwF6nVjmo8G5C3P7PULuw/edit#slide=id.g4c0710682e_0_63||1|0|13192067645481124|0|0
20|https://docs.google.com/presentation/d/14BvJKEm9pyPOfLtZMkCAMwwwF6nVjmo8G5C3P7PULuw/edit#slide=id.g4d695ae937_0_0||1|0|13192067645936381|0|0
21|https://docs.google.com/presentation/d/14BvJKEm9pyPOfLtZMkCAMwwwF6nVjmo8G5C3P7PULuw/edit#slide=id.g4d695ae937_0_8||1|0|13192067646360011|0|0
22|https://docs.google.com/presentation/d/14BvJKEm9pyPOfLtZMkCAMwwwF6nVjmo8G5C3P7PULuw/edit#slide=id.g4d695ae937_0_16||1|0|13192067646929492|0|0
23|https://docs.google.com/presentation/d/14BvJKEm9pyPOfLtZMkCAMwwwF6nVjmo8G5C3P7PULuw/edit#slide=id.g4d695ae937_0_23||1|0|13192067647331709|0|0
24|https://docs.google.com/presentation/d/14BvJKEm9pyPOfLtZMkCAMwwwF6nVjmo8G5C3P7PULuw/edit#slide=id.g4d695ae937_0_29||1|0|13192067647823581|0|0
25|https://docs.google.com/presentation/d/14BvJKEm9pyPOfLtZMkCAMwwwF6nVjmo8G5C3P7PULuw/edit#slide=id.g4c0710682e_0_119||1|0|13192067648260731|0|0
26|https://docs.google.com/presentation/d/14BvJKEm9pyPOfLtZMkCAMwwwF6nVjmo8G5C3P7PULuw/edit#slide=id.g4c0710682e_0_128||1|0|13192067648648004|0|0
27|https://docs.google.com/presentation/d/14BvJKEm9pyPOfLtZMkCAMwwwF6nVjmo8G5C3P7PULuw/edit#slide=id.g4c0710682e_0_135||1|0|13192067649112315|0|0
28|https://docs.google.com/presentation/d/14BvJKEm9pyPOfLtZMkCAMwwwF6nVjmo8G5C3P7PULuw/edit#slide=id.g4c0710682e_0_143||1|0|13192067649476679|0|0
29|https://docs.google.com/presentation/d/14BvJKEm9pyPOfLtZMkCAMwwwF6nVjmo8G5C3P7PULuw/edit#slide=id.g4c0710682e_0_124||1|0|13192067649910733|0|0
30|https://docs.google.com/presentation/d/14BvJKEm9pyPOfLtZMkCAMwwwF6nVjmo8G5C3P7PULuw/edit#slide=id.g4c0710682e_0_150||1|0|13192067650350233|0|0
31|https://docs.google.com/presentation/d/14BvJKEm9pyPOfLtZMkCAMwwwF6nVjmo8G5C3P7PULuw/edit#slide=id.g4c0710682e_0_161||1|0|13192067650764449|0|0
32|https://docs.google.com/presentation/d/14BvJKEm9pyPOfLtZMkCAMwwwF6nVjmo8G5C3P7PULuw/edit#slide=id.g4c0710682e_0_168||1|0|13192067651199994|0|0
33|https://docs.google.com/presentation/d/14BvJKEm9pyPOfLtZMkCAMwwwF6nVjmo8G5C3P7PULuw/edit#slide=id.g4c0710682e_0_175||1|0|13192067651593370|0|0
34|https://docs.google.com/presentation/d/14BvJKEm9pyPOfLtZMkCAMwwwF6nVjmo8G5C3P7PULuw/edit#slide=id.g4c0710682e_0_181||1|0|13192067651997217|0|0
35|https://docs.google.com/presentation/d/14BvJKEm9pyPOfLtZMkCAMwwwF6nVjmo8G5C3P7PULuw/edit#slide=id.g4c0710682e_0_189||1|0|13192067652374255|0|0
36|https://docs.google.com/presentation/d/14BvJKEm9pyPOfLtZMkCAMwwwF6nVjmo8G5C3P7PULuw/edit#slide=id.g4c0710682e_0_195||1|0|13192067652760419|0|0
37|https://docs.google.com/presentation/d/14BvJKEm9pyPOfLtZMkCAMwwwF6nVjmo8G5C3P7PULuw/edit#slide=id.g337fd436a2_1_0||1|0|13192067653150422|0|0
38|https://docs.google.com/presentation/d/14BvJKEm9pyPOfLtZMkCAMwwwF6nVjmo8G5C3P7PULuw/edit#slide=id.g4c0710682e_0_210||1|0|13192067653526181|0|0
39|https://docs.google.com/presentation/d/14BvJKEm9pyPOfLtZMkCAMwwwF6nVjmo8G5C3P7PULuw/edit#slide=id.g4c0710682e_0_217||1|0|13192067653904274|0|0
40|https://docs.google.com/presentation/d/14BvJKEm9pyPOfLtZMkCAMwwwF6nVjmo8G5C3P7PULuw/edit#slide=id.g4d6b884a15_2_1||1|0|13192067654291105|0|0
41|https://codewith.mu/en/download|Download Mu|1|0|13192067668976316|0|0
42|https://codewith.mu/en|Code With Mu|1|0|13192067798466285|0|0
43|http://codewith.mu/en/|Code With Mu|1|0|13192067798466285|0|0
44|https://codewith.mu/en/|Code With Mu|1|0|13192067798466285|0|0
45|https://www.google.com/search?q=mu+microbit&oq=mu+microbit&aqs=chrome..69i57j0l3.2647j0j4&sourceid=chrome&ie=UTF-8|mu microbit - Google Search|1|0|13192067812139937|0|0
46|https://codewith.mu/en/tutorials/1.0/microbit|Mu and micro:bit|1|0|13192067814704156|0|0
