2019-01-18 01:02:23|https://www.mozilla.org/privacy/firefox/
2019-01-18 01:02:24|https://www.mozilla.org/en-GB/privacy/firefox/
2019-01-18 01:02:24|https://www.mozilla.org/en-US/privacy/firefox/
2019-01-18 01:02:27|http://ctf.compclub.com.au/
2019-01-18 01:02:27|https://ctf.compclub.com.au/
2019-01-18 01:02:27|https://ctf.compclub.com.au/invite?next=%2F
2019-01-18 01:02:27|https://ctf.compclub.com.au/invite/
2019-01-18 01:12:44|https://ctf.compclub.com.au/
2019-01-18 01:13:58|https://lh3.googleusercontent.com/swou8r_aaveXY-QRJexe7FLAIQ8WAgfAxjV33dRjs5gF3VqjC0h888QfY6lTD1-chfRG9CCR7VXXI-wUC8rn4wKSOMFyw2Pgm70ReLMMXjwp7uSUqRxUeI0SD6gX-AhCCdAiT_0k=s200-p-k
2019-01-18 01:24:40|https://ctf.compclub.com.au/
2019-01-18 01:33:45|https://ctf.compclub.com.au/
2019-01-18 01:54:09|https://ctf.compclub.com.au/
2019-01-18 01:58:49|https://featherbear.github.io/UNSW-CompClub2019Summer-SecurityWorkshop/ctf_files/compclub_log.pcap
2019-01-18 02:02:43|https://lh3.googleusercontent.com/6azf98KQoV9zlQ3u__wgkoMOseRpQnYb-mRQWelB1Y23sMNHeISMLIIPsDxtwtoZIYrDhSSA4zzt4b-cavUEmsVrrv6AGKlLfD9gOTJTXrze7rOm3GzwBlVTzyRCKaBn8d-fc09t=w2400
2019-01-18 02:05:15|https://ctf.compclub.com.au/
2019-01-18 02:14:23|https://featherbear.github.io/UNSW-CompClub2019Summer-SecurityWorkshop/ctf_files/compclub_log.pcap
2019-01-18 02:19:36|https://www.youtube.com/watch?v=eaK5_eJRzmA
2019-01-18 02:20:37|https://lh3.googleusercontent.com/swou8r_aaveXY-QRJexe7FLAIQ8WAgfAxjV33dRjs5gF3VqjC0h888QfY6lTD1-chfRG9CCR7VXXI-wUC8rn4wKSOMFyw2Pgm70ReLMMXjwp7uSUqRxUeI0SD6gX-AhCCdAiT_0k=s200-p-k
1|https://www.google.com/search?q=summer2019.compclub&oq=summer2019.compclub&aqs=chrome..69i57.7771j0j4&sourceid=chrome&ie=UTF-8|summer2019.compclub - Google Search|1|0|13192067396172743|0|0
2|https://summer2019.compclub.com.au/day3|Day 3: Microbits! | CompClub 2019 Summer Workshops|1|1|13192067410973169|0|0
3|https://docs.google.com/presentation/d/14BvJKEm9pyPOfLtZMkCAMwwwF6nVjmo8G5C3P7PULuw/edit#slide=id.g337fd436a2_1_5|Microbits Workshop - Google Slides|2|0|13192067422639542|0|0
4|https://docs.google.com/presentation/d/14BvJKEm9pyPOfLtZMkCAMwwwF6nVjmo8G5C3P7PULuw/edit#slide=id.p||1|0|13192067455262667|0|0
5|https://docs.google.com/presentation/d/14BvJKEm9pyPOfLtZMkCAMwwwF6nVjmo8G5C3P7PULuw/edit#slide=id.g4c0710682e_0_15||1|0|13192067455745253|0|0
6|https://docs.google.com/presentation/d/14BvJKEm9pyPOfLtZMkCAMwwwF6nVjmo8G5C3P7PULuw/edit#slide=id.g4c0710682e_0_22||2|0|13192067530436755|0|0
7|https://docs.google.com/presentation/d/14BvJKEm9pyPOfLtZMkCAMwwwF6nVjmo8G5C3P7PULuw/edit#slide=id.g4c0710682e_0_29||2|0|13192067530837619|0|0
8|https://docs.google.com/presentation/d/14BvJKEm9pyPOfLtZMkCAMwwwF6nVjmo8G5C3P7PULuw/edit#slide=id.g4c0710682e_0_36||2|0|13192067531719605|0|0
9|https://docs.google.com/presentation/d/14BvJKEm9pyPOfLtZMkCAMwwwF6nVjmo8G5C3P7PULuw/edit#slide=id.g4c0710682e_0_43||3|0|13192067534237473|0|0
10|https://docs.google.com/presentation/d/14BvJKEm9pyPOfLtZMkCAMwwwF6nVjmo8G5C3P7PULuw/edit#slide=id.g4c0710682e_0_58||4|0|13192067692726987|0|0
11|https://docs.google.com/presentation/d/14BvJKEm9pyPOfLtZMkCAMwwwF6nVjmo8G5C3P7PULuw/edit#slide=id.g4c0710682e_0_83||3|0|13192068021193692|0|0
12|https://docs.google.com/presentation/d/14BvJKEm9pyPOfLtZMkCAMwwwF6nVjmo8G5C3P7PULuw/edit#slide=id.g4c0710682e_0_92||3|0|13192068029381747|0|0
13|https://docs.google.com/presentation/d/14BvJKEm9pyPOfLtZMkCAMwwwF6nVjmo8G5C3P7PULuw/edit#slide=id.g4c0710682e_0_102||2|0|13192067598969303|0|0
14|https://python.microbit.org/v/1|Micro:bit - Python editor|1|0|13192083784071465|0|0
15|https://docs.google.com/presentation/d/14BvJKEm9pyPOfLtZMkCAMwwwF6nVjmo8G5C3P7PULuw/edit#slide=id.g4c0710682e_0_63||2|0|13192068030447417|0|0
16|http://microbit.org/guide/python|MicroPython | micro:bit|1|0|13192067636322562|0|0
17|https://microbit.org/guide/python|MicroPython | micro:bit|1|0|13192067636322562|0|0
18|https://microbit.org/guide/python/|MicroPython | micro:bit|1|0|13192067636322562|0|0
19|https://docs.google.com/presentation/d/14BvJKEm9pyPOfLtZMkCAMwwwF6nVjmo8G5C3P7PULuw/edit#slide=id.g4d695ae937_0_0||3|0|13192068531703498|0|0
20|https://docs.google.com/presentation/d/14BvJKEm9pyPOfLtZMkCAMwwwF6nVjmo8G5C3P7PULuw/edit#slide=id.g4d695ae937_0_8||3|0|13192068532488653|0|0
21|https://docs.google.com/presentation/d/14BvJKEm9pyPOfLtZMkCAMwwwF6nVjmo8G5C3P7PULuw/edit#slide=id.g4d695ae937_0_16||3|0|13192068540213793|0|0
22|https://docs.google.com/presentation/d/14BvJKEm9pyPOfLtZMkCAMwwwF6nVjmo8G5C3P7PULuw/edit#slide=id.g4d695ae937_0_23||2|0|13192068038078053|0|0
23|https://docs.google.com/presentation/d/14BvJKEm9pyPOfLtZMkCAMwwwF6nVjmo8G5C3P7PULuw/edit#slide=id.g4d695ae937_0_29||2|0|13192068043713408|0|0
24|https://docs.google.com/presentation/d/14BvJKEm9pyPOfLtZMkCAMwwwF6nVjmo8G5C3P7PULuw/edit#slide=id.g4c0710682e_0_119||4|0|13192068529981246|0|0
25|https://docs.google.com/presentation/d/14BvJKEm9pyPOfLtZMkCAMwwwF6nVjmo8G5C3P7PULuw/edit#slide=id.g4c0710682e_0_128||4|0|13192070298010334|0|0
26|https://docs.google.com/presentation/d/14BvJKEm9pyPOfLtZMkCAMwwwF6nVjmo8G5C3P7PULuw/edit#slide=id.g4c0710682e_0_135||6|0|13192070302836697|0|0
27|https://summer2019.compclub.com.au/day3_templates/morse_code_template.html|Morse Code Template | CompClub 2019 Summer Workshops|1|0|13192068057492729|0|0
28|https://python-editor-1-0-0.microbit.org/#||2|0|13192083791305191|1|0
29|https://www.google.com/search?q=morse+code&oq=morse+code+&aqs=chrome..69i57j0l5.5384j0j7&sourceid=chrome&ie=UTF-8|morse code - Google Search|1|0|13192069927377318|0|0
30|https://www.google.com/search?q=morse+code&source=lnms&tbm=isch&sa=X&sqi=2&ved=0ahUKEwiMpe_I_fDfAhVKFHIKHfekDLUQ_AUIDigB&biw=1920&bih=893|morse code - Google Search|2|0|13192069931674293|0|0
31|https://www.google.com/search?q=morse+code&source=lnms&tbm=isch&sa=X&sqi=2&ved=0ahUKEwiMpe_I_fDfAhVKFHIKHfekDLUQ_AUIDigB&biw=1920&bih=893#imgrc=a474jwURtcQi1M:||1|0|13192069931678743|0|0
32|https://docs.google.com/presentation/d/14BvJKEm9pyPOfLtZMkCAMwwwF6nVjmo8G5C3P7PULuw/edit#slide=id.g4c0710682e_0_143||2|0|13192070457464444|0|0
33|https://docs.google.com/presentation/d/14BvJKEm9pyPOfLtZMkCAMwwwF6nVjmo8G5C3P7PULuw/edit#slide=id.g4c0710682e_0_124||1|0|13192070283500725|0|0
34|https://docs.google.com/presentation/d/14BvJKEm9pyPOfLtZMkCAMwwwF6nVjmo8G5C3P7PULuw/edit#slide=id.g4c0710682e_0_150||2|0|13192075065508249|0|0
35|http://microbit-micropython.readthedocs.org/en/latest/tutorials/music.html|Music — BBC micro:bit MicroPython 1.0.1 documentation|1|0|13192070345103271|0|0
36|http://microbit-micropython.readthedocs.io/en/latest/tutorials/music.html|Music — BBC micro:bit MicroPython 1.0.1 documentation|1|0|13192070345103271|0|0
37|https://microbit-micropython.readthedocs.io/en/latest/tutorials/music.html|Music — BBC micro:bit MicroPython 1.0.1 documentation|1|0|13192070345103271|0|0
38|http://repl.it/|Repl.it - Repls|2|2|13192249598614962|0|0
39|https://repl.it/|Repl.it - Repls|3|0|13192249598614962|0|0
40|https://repl.it/login|Repl.it - Log In|2|0|13192073323708488|0|0
41|https://repl.it/repls|Repl.it - Repls|3|0|13192249599191342|0|0
42|https://repl.it/@edwinaadisusila/DarksalmonBeautifulMotion|Repl.it - DarksalmonBeautifulMotion|2|0|13192073341201662|0|0
43|https://summer2019.compclub.com.au/day3_templates/reaction_timer_template.html|Reaction Time Template | CompClub 2019 Summer Workshops|1|0|13192075035109570|0|0
44|https://docs.google.com/presentation/d/14BvJKEm9pyPOfLtZMkCAMwwwF6nVjmo8G5C3P7PULuw/edit#slide=id.g4c0710682e_0_161||1|0|13192075067119799|0|0
45|https://docs.google.com/presentation/d/14BvJKEm9pyPOfLtZMkCAMwwwF6nVjmo8G5C3P7PULuw/edit#slide=id.g4c0710682e_0_181||4|0|13192077649553594|0|0
46|https://docs.google.com/presentation/d/14BvJKEm9pyPOfLtZMkCAMwwwF6nVjmo8G5C3P7PULuw/edit#slide=id.g4c0710682e_0_168||1|0|13192075069787332|0|0
47|https://docs.google.com/presentation/d/14BvJKEm9pyPOfLtZMkCAMwwwF6nVjmo8G5C3P7PULuw/edit#slide=id.g4c0710682e_0_175||1|0|13192075070358667|0|0
48|https://docs.google.com/presentation/d/14BvJKEm9pyPOfLtZMkCAMwwwF6nVjmo8G5C3P7PULuw/edit#slide=id.g4c0710682e_0_189||3|0|13192077647421474|0|0
49|https://microbit-micropython.readthedocs.io/en/latest/tutorials/images.html|Images — BBC micro:bit MicroPython 1.0.1 documentation|2|0|13192083664965990|0|0
50|https://docs.google.com/presentation/d/14BvJKEm9pyPOfLtZMkCAMwwwF6nVjmo8G5C3P7PULuw/edit#slide=id.g4c0710682e_0_195||2|0|13192081828430107|0|0
51|https://docs.google.com/presentation/d/14BvJKEm9pyPOfLtZMkCAMwwwF6nVjmo8G5C3P7PULuw/edit#slide=id.g337fd436a2_1_0||2|0|13192081829072135|0|0
52|https://microbit-micropython.readthedocs.io/en/latest/tutorials/buttons.html|Buttons — BBC micro:bit MicroPython 1.0.1 documentation|1|0|13192078153393523|0|0
53|https://microbit-micropython.readthedocs.io/en/latest/tutorials/random.html|Random — BBC micro:bit MicroPython 1.0.1 documentation|1|0|13192078233866133|0|0
54|https://microbit-micropython.readthedocs.io/en/latest/tutorials/movement.html|Movement — BBC micro:bit MicroPython 1.0.1 documentation|1|0|13192078239247656|0|0
55|https://microbit-micropython.readthedocs.io/en/latest/tutorials/gestures.html|Gestures — BBC micro:bit MicroPython 1.0.1 documentation|1|0|13192078260556248|0|0
56|https://microbit-micropython.readthedocs.io/en/latest/tutorials/radio.html|Radio — BBC micro:bit MicroPython 1.0.1 documentation|4|0|13192083555957842|0|0
57|https://microbit-micropython.readthedocs.io/en/latest/tutorials/speech.html|Speech — BBC micro:bit MicroPython 1.0.1 documentation|1|0|13192078333991651|0|0
58|https://microbit-micropython.readthedocs.io/en/latest/tutorials/storage.html|Storage — BBC micro:bit MicroPython 1.0.1 documentation|1|0|13192078373006347|0|0
59|https://microbit-micropython.readthedocs.io/en/latest/tutorials/network.html|Network — BBC micro:bit MicroPython 1.0.1 documentation|1|0|13192078390740851|0|0
60|https://microbit-micropython.readthedocs.io/en/latest/tutorials/direction.html|Direction — BBC micro:bit MicroPython 1.0.1 documentation|1|0|13192078396871748|0|0
61|https://summer2019.compclub.com.au/day3_templates/hot_or_cold_template.html|Hot or Cold Template | CompClub 2019 Summer Workshops|1|0|13192081840852658|0|0
62|https://www.google.com/search?q=groklearning&oq=groklearning&aqs=chrome..69i57j0l5.1712j0j7&sourceid=chrome&ie=UTF-8|groklearning - Google Search|1|0|13192082737209482|0|0
63|https://groklearning.com/|Grok Learning | Learn to code from your browser|2|0|13192082746802949|0|0
64|https://groklearning.com/login/|Grok Learning|2|0|13192082746802949|0|0
65|https://groklearning.com/launch/||1|0|13192082746802949|0|0
66|https://groklearning.com/course/ncss-2019-embedded/|NCSS 2019 Embedded Stream | Grok Learning|1|0|13192082748795293|0|0
67|https://groklearning.com/learn/ncss-2019-embedded/10/3/|Grok|1|0|13192082757686187|0|0
68|https://microbit-micropython.readthedocs.io/en/latest/tutorials/next.html|Next Steps — BBC micro:bit MicroPython 1.0.1 documentation|1|0|13192083489522320|0|0
69|https://microbit-micropython.readthedocs.io/en/latest/microbit_micropython_api.html|micro:bit Micropython API — BBC micro:bit MicroPython 1.0.1 documentation|1|0|13192083494318270|0|0
70|https://www.google.com/search?q=microbit+signal+strenght&oq=microbit+signal+strenght&aqs=chrome..69i57j0.2737j0j7&sourceid=chrome&ie=UTF-8|microbit signal strenght - Google Search|2|0|13192083545048616|0|0
71|https://makecode.microbit.org/reference/radio/received-signal-strength|Received Signal Strength - Microsoft MakeCode|2|0|13192083543086029|0|0
72|https://makecode.microbit.org/reference/radio|Radio - Microsoft MakeCode|1|0|13192083532520497|0|0
73|https://www.google.com/search?q=radio.receive_full()&oq=radio.receive_full()&aqs=chrome..69i57.2646j0j7&sourceid=chrome&ie=UTF-8|radio.receive_full() - Google Search|1|0|13192083754385120|0|0
74|https://microbit-micropython.readthedocs.io/en/latest/radio.html|Radio — BBC micro:bit MicroPython 1.0.1 documentation|1|0|13192083756895400|0|0
75|https://python.microbit.org/v/1.1|Micro:bit - Python editor|1|0|13192084178109733|0|0
76|https://python-editor-1-1-2.microbit.org/#||1|0|13192084184863237|1|0
77|https://www.google.com/search?q=summer&oq=summer&aqs=chrome..69i57j69i60l2j69i59j0j69i60.1074j0j7&sourceid=chrome&ie=UTF-8|summer - Google Search|1|0|13192241827766593|0|0
78|https://summer2019.compclub.com.au/|Welcome to the CompClub Summer Spy School | CompClub 2019 Summer Workshops|9|3|13192250875782138|0|0
79|https://summer2019.compclub.com.au/day5|CompClub 2019 Summer Workshops|4|0|13192248794207279|0|0
80|https://docs.google.com/presentation/d/1ykIUm1xAKMforvTPeqvXMdC4DZlnWOg604ekaybhiOs|SecTalk | HTTP(S) Security - Google Slides|1|0|13192241843181996|0|0
81|https://docs.google.com/presentation/d/1ykIUm1xAKMforvTPeqvXMdC4DZlnWOg604ekaybhiOs/|SecTalk | HTTP(S) Security - Google Slides|1|0|13192241843181996|0|0
82|https://docs.google.com/presentation/d/1ykIUm1xAKMforvTPeqvXMdC4DZlnWOg604ekaybhiOs/edit|SecTalk | HTTP(S) Security - Google Slides|2|0|13192241843873778|0|0
83|https://docs.google.com/presentation/d/1ykIUm1xAKMforvTPeqvXMdC4DZlnWOg604ekaybhiOs/edit#slide=id.p3||2|0|13192241879609910|0|0
84|https://docs.google.com/presentation/d/1ykIUm1xAKMforvTPeqvXMdC4DZlnWOg604ekaybhiOs/edit#slide=id.g4978d0c231_0_4||1|0|13192241873562278|0|0
85|https://docs.google.com/presentation/d/1kyRsC1-PMJu4UndE6psUHJHuTHX7W6cuYRod1jq3QJY|CSE CompClub 2019 Summer - Security Day - Google Slides|2|0|13192247875856986|0|0
86|https://docs.google.com/presentation/d/1kyRsC1-PMJu4UndE6psUHJHuTHX7W6cuYRod1jq3QJY/|CSE CompClub 2019 Summer - Security Day - Google Slides|2|0|13192247875856986|0|0
87|https://docs.google.com/presentation/d/1kyRsC1-PMJu4UndE6psUHJHuTHX7W6cuYRod1jq3QJY/edit|CSE CompClub 2019 Summer - Security Day - Google Slides|4|0|13192247876245363|0|0
88|https://docs.google.com/presentation/d/1kyRsC1-PMJu4UndE6psUHJHuTHX7W6cuYRod1jq3QJY/edit#slide=id.p1||4|0|13192251393503320|0|0
89|https://docs.google.com/presentation/d/1kyRsC1-PMJu4UndE6psUHJHuTHX7W6cuYRod1jq3QJY/edit#slide=id.p2||6|0|13192251394405210|0|0
90|https://summer2019.compclub.com.au/day5/code|CompClub 2019 Summer Workshops|1|1|13192241903342295|0|0
91|https://repl.it/@featherbear/LesserSignifiedBeings|Repl.it - LesserSignifiedBeings|3|0|13192242123405662|0|0
92|https://docs.google.com/presentation/d/1kyRsC1-PMJu4UndE6psUHJHuTHX7W6cuYRod1jq3QJY/edit#slide=id.g4bf28a5cd4_0_6||6|0|13192251394551435|0|0
93|https://docs.google.com/presentation/d/1kyRsC1-PMJu4UndE6psUHJHuTHX7W6cuYRod1jq3QJY/edit#slide=id.g3d022b32ae_0_0||6|0|13192251394716942|0|0
94|https://docs.google.com/presentation/d/1kyRsC1-PMJu4UndE6psUHJHuTHX7W6cuYRod1jq3QJY/edit#slide=id.g3d022b32ae_0_5||6|0|13192251394893991|0|0
95|https://docs.google.com/presentation/d/1kyRsC1-PMJu4UndE6psUHJHuTHX7W6cuYRod1jq3QJY/edit#slide=id.g4c07aed684_0_2||8|0|13192251395082195|0|0
96|https://docs.google.com/presentation/d/1kyRsC1-PMJu4UndE6psUHJHuTHX7W6cuYRod1jq3QJY/edit#slide=id.p3||7|0|13192251395261015|0|0
97|https://docs.google.com/presentation/d/1kyRsC1-PMJu4UndE6psUHJHuTHX7W6cuYRod1jq3QJY/edit#slide=id.g4891b805bc_0_5||7|0|13192251395730491|0|0
98|https://docs.google.com/presentation/d/1kyRsC1-PMJu4UndE6psUHJHuTHX7W6cuYRod1jq3QJY/edit#slide=id.g4be45cc0c3_1_44||8|0|13192251396583708|0|0
99|https://docs.google.com/presentation/d/1kyRsC1-PMJu4UndE6psUHJHuTHX7W6cuYRod1jq3QJY/edit#slide=id.g4be45cc0c3_0_1||6|0|13192251397499295|0|0
100|https://www.google.com/search?q=ascii+table&oq=ascii+&aqs=chrome.1.69i57j0l5.2992j0j7&sourceid=chrome&ie=UTF-8|ascii table - Google Search|1|0|13192241971791612|0|0
101|http://www.asciitable.com/|Ascii Table - ASCII character codes and html, octal, hex and decimal chart conversion|2|0|13192251160941965|0|0
102|https://docs.google.com/presentation/d/1kyRsC1-PMJu4UndE6psUHJHuTHX7W6cuYRod1jq3QJY/edit#slide=id.g4be45cc0c3_1_35||6|0|13192251397858676|0|0
103|https://docs.google.com/presentation/d/1kyRsC1-PMJu4UndE6psUHJHuTHX7W6cuYRod1jq3QJY/edit#slide=id.g4c07aed684_0_7||8|0|13192251398491667|0|0
104|https://docs.google.com/presentation/d/1kyRsC1-PMJu4UndE6psUHJHuTHX7W6cuYRod1jq3QJY/edit#slide=id.g4be45cc0c3_1_52||8|0|13192251398865707|0|0
105|https://docs.google.com/presentation/d/1kyRsC1-PMJu4UndE6psUHJHuTHX7W6cuYRod1jq3QJY/edit#slide=id.g542d65370a8faa59_11||2|0|13192249487361621|0|0
106|https://docs.google.com/presentation/d/1kyRsC1-PMJu4UndE6psUHJHuTHX7W6cuYRod1jq3QJY/edit#slide=id.g4be45cc0c3_1_59||1|0|13192242064588262|0|0
107|https://docs.google.com/presentation/d/1kyRsC1-PMJu4UndE6psUHJHuTHX7W6cuYRod1jq3QJY/edit#slide=id.g4be45cc0c3_1_68||1|0|13192242066893382|0|0
108|https://docs.google.com/presentation/d/1kyRsC1-PMJu4UndE6psUHJHuTHX7W6cuYRod1jq3QJY/edit#slide=id.g4be45cc0c3_1_85||1|0|13192242076900439|0|0
109|https://docs.google.com/presentation/d/1kyRsC1-PMJu4UndE6psUHJHuTHX7W6cuYRod1jq3QJY/edit#slide=id.g4c21576342_0_4||1|0|13192242103145198|0|0
110|https://docs.google.com/presentation/d/1kyRsC1-PMJu4UndE6psUHJHuTHX7W6cuYRod1jq3QJY/edit#slide=id.g4c0372a315_0_123||1|0|13192242104086621|0|0
111|https://docs.google.com/presentation/d/1kyRsC1-PMJu4UndE6psUHJHuTHX7W6cuYRod1jq3QJY/edit#slide=id.g542d65370a8faa59_3||1|0|13192242104806173|0|0
112|https://docs.google.com/presentation/d/1kyRsC1-PMJu4UndE6psUHJHuTHX7W6cuYRod1jq3QJY/edit#slide=id.g4c21576342_0_10||1|0|13192242105836163|0|0
113|https://docs.google.com/presentation/d/1kyRsC1-PMJu4UndE6psUHJHuTHX7W6cuYRod1jq3QJY/edit#slide=id.g4c0372a315_0_100||1|0|13192242106354724|0|0
114|https://docs.google.com/presentation/d/1kyRsC1-PMJu4UndE6psUHJHuTHX7W6cuYRod1jq3QJY/edit#slide=id.g4c0372a315_0_109||1|0|13192242106932880|0|0
115|https://docs.google.com/presentation/d/1kyRsC1-PMJu4UndE6psUHJHuTHX7W6cuYRod1jq3QJY/edit#slide=id.g4c0372a315_0_114||2|0|13192242108511489|0|0
116|https://docs.google.com/presentation/d/1kyRsC1-PMJu4UndE6psUHJHuTHX7W6cuYRod1jq3QJY/edit#slide=id.g4c0372a315_0_127||2|0|13192242132677937|0|0
117|https://repl.it/@edwinaadisusila/LesserSignifiedBeings||2|0|13192242125338230|0|0
118|https://docs.google.com/presentation/d/1kyRsC1-PMJu4UndE6psUHJHuTHX7W6cuYRod1jq3QJY/edit#slide=id.g445c8f4c5882998c_2||2|0|13192242147022188|0|0
119|https://docs.google.com/presentation/d/1kyRsC1-PMJu4UndE6psUHJHuTHX7W6cuYRod1jq3QJY/edit#slide=id.g4d8f0f26c2_0_0||3|0|13192242147666903|0|0
120|https://docs.google.com/presentation/d/1kyRsC1-PMJu4UndE6psUHJHuTHX7W6cuYRod1jq3QJY/edit#slide=id.g4d923ccbc0_0_92||5|0|13192242157530814|0|0
121|https://docs.google.com/presentation/d/1kyRsC1-PMJu4UndE6psUHJHuTHX7W6cuYRod1jq3QJY/edit#slide=id.g4d923ccbc0_0_106||6|0|13192242163218028|0|0
122|https://docs.google.com/presentation/d/1kyRsC1-PMJu4UndE6psUHJHuTHX7W6cuYRod1jq3QJY/edit#slide=id.g4d923ccbc0_0_115||3|0|13192242173645519|0|0
123|https://docs.google.com/presentation/d/1kyRsC1-PMJu4UndE6psUHJHuTHX7W6cuYRod1jq3QJY/edit#slide=id.g4d8f0f26c2_0_17||1|0|13192242175138214|0|0
124|https://docs.google.com/presentation/d/1kyRsC1-PMJu4UndE6psUHJHuTHX7W6cuYRod1jq3QJY/edit#slide=id.g4c21576342_0_85||1|0|13192242189042215|0|0
125|https://docs.google.com/presentation/d/1kyRsC1-PMJu4UndE6psUHJHuTHX7W6cuYRod1jq3QJY/edit#slide=id.g4c21576342_0_61||1|0|13192242190055091|0|0
126|https://docs.google.com/presentation/d/1kyRsC1-PMJu4UndE6psUHJHuTHX7W6cuYRod1jq3QJY/edit#slide=id.g445c8f4c5882998c_36||1|0|13192242191109948|0|0
127|https://docs.google.com/presentation/d/1kyRsC1-PMJu4UndE6psUHJHuTHX7W6cuYRod1jq3QJY/edit#slide=id.g558a456a7dbd0e14_3||1|0|13192242208656663|0|0
128|https://docs.google.com/presentation/d/1kyRsC1-PMJu4UndE6psUHJHuTHX7W6cuYRod1jq3QJY/edit#slide=id.g445c8f4c5882998c_53||1|0|13192242209539628|0|0
129|https://docs.google.com/presentation/d/1kyRsC1-PMJu4UndE6psUHJHuTHX7W6cuYRod1jq3QJY/edit#slide=id.g4c07aed684_0_70||1|0|13192242210150369|0|0
130|https://docs.google.com/presentation/d/1kyRsC1-PMJu4UndE6psUHJHuTHX7W6cuYRod1jq3QJY/edit#slide=id.g4d61f71165_0_10||3|0|13192243368215451|0|0
131|https://docs.google.com/presentation/d/1kyRsC1-PMJu4UndE6psUHJHuTHX7W6cuYRod1jq3QJY/edit#slide=id.g4d61f71165_0_50||5|0|13192244325440556|0|0
132|https://docs.google.com/presentation/d/1kyRsC1-PMJu4UndE6psUHJHuTHX7W6cuYRod1jq3QJY/edit#slide=id.g4d61f71165_0_70||11|0|13192244349170009|0|0
133|https://docs.google.com/presentation/d/1kyRsC1-PMJu4UndE6psUHJHuTHX7W6cuYRod1jq3QJY/edit#slide=id.g4d61f71165_0_80||9|0|13192244350285420|0|0
134|https://docs.google.com/presentation/d/1kyRsC1-PMJu4UndE6psUHJHuTHX7W6cuYRod1jq3QJY/edit#slide=id.g4d61f71165_0_90||9|0|13192244351390111|0|0
135|https://docs.google.com/presentation/d/1kyRsC1-PMJu4UndE6psUHJHuTHX7W6cuYRod1jq3QJY/edit#slide=id.g4d61f71165_0_116||13|0|13192244352068269|0|0
136|https://docs.google.com/presentation/d/1kyRsC1-PMJu4UndE6psUHJHuTHX7W6cuYRod1jq3QJY/edit#slide=id.g4d61f71165_0_125||15|0|13192244627198970|0|0
137|https://docs.google.com/presentation/d/1kyRsC1-PMJu4UndE6psUHJHuTHX7W6cuYRod1jq3QJY/edit#slide=id.g4d923ccbc0_0_23||11|0|13192244627383294|0|0
138|https://docs.google.com/presentation/d/1kyRsC1-PMJu4UndE6psUHJHuTHX7W6cuYRod1jq3QJY/edit#slide=id.g4d923ccbc0_0_39||9|0|13192244638215134|0|0
139|https://docs.google.com/presentation/d/1kyRsC1-PMJu4UndE6psUHJHuTHX7W6cuYRod1jq3QJY/edit#slide=id.g4d923ccbc0_0_66||12|0|13192244642403783|0|0
140|https://docs.google.com/presentation/d/1kyRsC1-PMJu4UndE6psUHJHuTHX7W6cuYRod1jq3QJY/edit#slide=id.g4d923ccbc0_0_55||17|0|13192244646189742|0|0
141|https://docs.google.com/presentation/d/1kyRsC1-PMJu4UndE6psUHJHuTHX7W6cuYRod1jq3QJY/edit#slide=id.g4d923ccbc0_0_123||14|0|13192245302130585|0|0
142|https://www.google.com/search?q=pil+image+load&oq=PIL+image+load&aqs=chrome.0.0l6.3473j0j7&sourceid=chrome&ie=UTF-8|pil image load - Google Search|1|0|13192243913204704|0|0
143|https://pillow.readthedocs.io/en/3.1.x/reference/Image.html|Image Module — Pillow (PIL Fork) 3.1.2 documentation|1|0|13192243917246776|0|0
144|https://pillow.readthedocs.io/en/3.1.x/reference/PixelAccess.html#pixelaccess|PixelAccess Class — Pillow (PIL Fork) 3.1.2 documentation|1|0|13192243966653226|0|0
145|https://docs.google.com/presentation/d/1kyRsC1-PMJu4UndE6psUHJHuTHX7W6cuYRod1jq3QJY/edit#slide=id.g4d923ccbc0_0_131||6|0|13192245302668055|0|0
146|https://repl.it/@featherbear/slightlyLesserSignifiedBeings|Repl.it - slightlyLesserSignifiedBeings|3|0|13192245013375916|0|0
147|https://repl.it/@edwinaadisusila/slightlyLesserSignifiedBeings||2|0|13192245014542399|0|0
148|https://docs.google.com/presentation/d/1kyRsC1-PMJu4UndE6psUHJHuTHX7W6cuYRod1jq3QJY/edit#slide=id.g4c0372a315_0_60||7|0|13192245327131150|0|0
149|https://docs.google.com/presentation/d/1kyRsC1-PMJu4UndE6psUHJHuTHX7W6cuYRod1jq3QJY/edit#slide=id.g445c8f4c5882998c_15||6|0|13192245327560212|0|0
150|https://docs.google.com/presentation/d/1kyRsC1-PMJu4UndE6psUHJHuTHX7W6cuYRod1jq3QJY/edit#slide=id.g4c21576342_0_42||2|0|13192245338845868|0|0
151|https://docs.google.com/presentation/d/1kyRsC1-PMJu4UndE6psUHJHuTHX7W6cuYRod1jq3QJY/edit#slide=id.g4c21576342_0_68||1|0|13192245392225375|0|0
152|https://docs.google.com/presentation/d/1kyRsC1-PMJu4UndE6psUHJHuTHX7W6cuYRod1jq3QJY/edit#slide=id.g4d61f71165_0_100||1|0|13192245436409894|0|0
153|https://docs.google.com/presentation/d/1kyRsC1-PMJu4UndE6psUHJHuTHX7W6cuYRod1jq3QJY/edit#slide=id.g4d8f0f26c2_0_6||1|0|13192245583944078|0|0
154|http://ctf.compclub.com.au/|CompClub 2019 Summer CTF|1|1|13192246598356108|0|0
155|https://ctf.compclub.com.au/|CompClub 2019 Summer CTF|1|0|13192246598356108|0|0
156|https://ctf.compclub.com.au/invite?next=%2F|CompClub 2019 Summer CTF|1|0|13192246598356108|0|0
157|https://ctf.compclub.com.au/invite/|CompClub 2019 Summer CTF|1|0|13192246598356108|0|0
158|https://www.google.com/search?q=regex+text+converter&oq=regex+text+conve&aqs=chrome.1.69i57j0l4.6016j0j7&sourceid=chrome&ie=UTF-8|regex text converter - Google Search|2|0|13192248484857195|0|0
159|https://www.browserling.com/tools/text-from-regex|Generate Text from Regex - Regular Expression String Generator - Online - Browserling Web Developer Tools|2|0|13192251721333369|0|0
160|https://summer2019.compclub.com.au/day2|Welcome to Day 2 of the 2019 Comp Club Summer School | CompClub 2019 Summer Workshops|3|0|13192249426623643|0|0
161|https://docs.google.com/presentation/d/1QMjMVsmMkqxMA9r-UGDEdqQpfkgFj901fAtXIWr-qAw/edit?usp=sharing|Copy of Game Development - Google Slides|2|0|13192248746655725|0|0
162|https://docs.google.com/presentation/d/1QMjMVsmMkqxMA9r-UGDEdqQpfkgFj901fAtXIWr-qAw/edit||1|0|13192248746691371|0|0
163|https://docs.google.com/presentation/d/1QMjMVsmMkqxMA9r-UGDEdqQpfkgFj901fAtXIWr-qAw/edit#slide=id.g337fd436a2_1_5||2|0|13192248779243817|0|0
164|https://docs.google.com/presentation/d/1QMjMVsmMkqxMA9r-UGDEdqQpfkgFj901fAtXIWr-qAw/edit#slide=id.p||2|0|13192248778823610|0|0
165|https://docs.google.com/presentation/d/1QMjMVsmMkqxMA9r-UGDEdqQpfkgFj901fAtXIWr-qAw/edit#slide=id.g4c0ab1ff68_0_7||3|0|13192248778640243|0|0
166|https://docs.google.com/presentation/d/1QMjMVsmMkqxMA9r-UGDEdqQpfkgFj901fAtXIWr-qAw/edit#slide=id.g337fd436a2_1_0||4|0|13192248778381675|0|0
167|https://docs.google.com/presentation/d/1QMjMVsmMkqxMA9r-UGDEdqQpfkgFj901fAtXIWr-qAw/edit#slide=id.g4c0ab1ff68_0_16||4|0|13192248778194305|0|0
168|https://docs.google.com/presentation/d/1QMjMVsmMkqxMA9r-UGDEdqQpfkgFj901fAtXIWr-qAw/edit#slide=id.g4c0ab1ff68_0_25||4|0|13192248778007426|0|0
169|https://docs.google.com/presentation/d/1QMjMVsmMkqxMA9r-UGDEdqQpfkgFj901fAtXIWr-qAw/edit#slide=id.g4c0ab1ffe2_0_1||3|0|13192248777583880|0|0
170|https://docs.google.com/presentation/d/1QMjMVsmMkqxMA9r-UGDEdqQpfkgFj901fAtXIWr-qAw/edit#slide=id.g4c0ab1ffe2_0_11||2|0|13192248774159788|0|0
171|https://docs.google.com/presentation/d/1QMjMVsmMkqxMA9r-UGDEdqQpfkgFj901fAtXIWr-qAw/edit#slide=id.g4c0ab1ffe2_0_19||2|0|13192248773826630|0|0
172|https://docs.google.com/presentation/d/1QMjMVsmMkqxMA9r-UGDEdqQpfkgFj901fAtXIWr-qAw/edit#slide=id.g4c0ab1ffe2_0_27||2|0|13192248773532393|0|0
173|https://docs.google.com/presentation/d/1QMjMVsmMkqxMA9r-UGDEdqQpfkgFj901fAtXIWr-qAw/edit#slide=id.g4c0ab1ffe2_0_35||2|0|13192248773284538|0|0
174|https://docs.google.com/presentation/d/1QMjMVsmMkqxMA9r-UGDEdqQpfkgFj901fAtXIWr-qAw/edit#slide=id.g4c0ab1ffe2_0_43||2|0|13192248772901873|0|0
175|https://docs.google.com/presentation/d/1QMjMVsmMkqxMA9r-UGDEdqQpfkgFj901fAtXIWr-qAw/edit#slide=id.g4c0ab1ffe2_0_53||2|0|13192248772646045|0|0
176|https://docs.google.com/presentation/d/1QMjMVsmMkqxMA9r-UGDEdqQpfkgFj901fAtXIWr-qAw/edit#slide=id.g4c0ab1ffe2_0_62||2|0|13192248772381294|0|0
177|https://docs.google.com/presentation/d/1QMjMVsmMkqxMA9r-UGDEdqQpfkgFj901fAtXIWr-qAw/edit#slide=id.g4c0ab1ffe2_0_97||3|0|13192248772109580|0|0
178|https://docs.google.com/presentation/d/1QMjMVsmMkqxMA9r-UGDEdqQpfkgFj901fAtXIWr-qAw/edit#slide=id.g4c0ab1ffe2_0_71||4|0|13192248771822044|0|0
179|https://docs.google.com/presentation/d/1QMjMVsmMkqxMA9r-UGDEdqQpfkgFj901fAtXIWr-qAw/edit#slide=id.g4c0ab1ffe2_0_81||3|0|13192248771582693|0|0
180|https://docs.google.com/presentation/d/1QMjMVsmMkqxMA9r-UGDEdqQpfkgFj901fAtXIWr-qAw/edit#slide=id.g4c0ab1ffe2_0_89||3|0|13192248771083071|0|0
181|https://docs.google.com/presentation/d/1QMjMVsmMkqxMA9r-UGDEdqQpfkgFj901fAtXIWr-qAw/edit#slide=id.g4c0ab1ffe2_0_105||4|0|13192248770877447|0|0
182|https://docs.google.com/presentation/d/1QMjMVsmMkqxMA9r-UGDEdqQpfkgFj901fAtXIWr-qAw/edit#slide=id.g4747f2f9ff_1_5||5|0|13192248770635157|0|0
183|https://docs.google.com/presentation/d/1QMjMVsmMkqxMA9r-UGDEdqQpfkgFj901fAtXIWr-qAw/edit#slide=id.g4c17cd19ee_0_5||3|0|13192248770532193|0|0
184|https://www.google.com/search?q=calculator&oq=cal&aqs=chrome.1.69i57j0l5.2671j0j7&sourceid=chrome&ie=UTF-8|calculator - Google Search|1|0|13192248927199384|0|0
185|https://www.google.com/search?q=base64+encode&oq=vase6&aqs=chrome.2.69i57j0l5.3803j0j7&sourceid=chrome&ie=UTF-8|base64 encode - Google Search|2|0|13192249037907267|0|0
186|https://www.base64encode.org/|Base64 Decode and Encode - Online|3|0|13192249037163822|0|0
187|https://www.google.com/search?ei=wC1BXMiEKtb4rQG377DgCA&q=base64+decode&oq=base64+decode&gs_l=psy-ab.3..0i7i30l6j0j0i7i30l3.4819.5451..5604...0.0..0.162.424.0j3......0....1..gws-wiz.......0i71.klUVVROeXeY|base64 decode - Google Search|1|0|13192249043920226|0|0
188|https://www.base64decode.net/|Base64 Decode - Online Tool|2|0|13192249066005020|0|0
189|https://www.google.com/search?q=hash+decoder&oq=hash+de&aqs=chrome.2.69i57j0l5.2904j0j7&sourceid=chrome&ie=UTF-8|hash decoder - Google Search|2|0|13192249174224104|0|0
190|https://www.dcode.fr/hash-function|Hash Functions (+Salt) Decrypter - Password Cipher - Decoder, Encoder|1|0|13192249162182825|0|0
191|https://md5hashing.net/hash|Hash Encryption and Reverse Decryption|2|0|13192249184483218|0|0
192|https://www.google.com/search?q=hAH+DECRYPT&oq=hAH+DECRYPT&aqs=chrome..69i57.3760j0j7&sourceid=chrome&ie=UTF-8|hAH DECRYPT - Google Search|1|0|13192249294995953|0|0
193|https://www.google.com/search?q=hASH+DECRYPT&spell=1&sa=X&ved=0ahUKEwi71_DjmfbfAhUJU30KHVSwDDsQBQgpKAA&biw=1920&bih=942|hASH DECRYPT - Google Search|2|0|13192249344660065|0|0
194|https://crackstation.net/|CrackStation - Online Password Hash Cracking - MD5, SHA1, Linux, Rainbow Tables, etc.|2|0|13192249340242612|0|0
195|https://md5hashing.net/hash/md4|Hash Md4: Encryption and reverse decryption|2|0|13192249309006843|0|0
196|https://hashkiller.co.uk/md5-decrypter.aspx|MD5 Decrypter - Over 829.726 billion cracked MD5 hashes. MD5 Database, MD5 Decryption, Free MD5 Decryptor, Online MD5 Cracker, MD5 Security|1|0|13192249349815191|0|0
197|https://www.google.com/search?ei=HC5BXMrUE8OA9QODv5nYBA&q=imterleaved+&oq=imterleaved+&gs_l=psy-ab.3..0i13l10.209897.216064..217357...0.0..0.328.3795.0j8j7j2......0....1..gws-wiz.....0..0i71j0i67j0j0i10j0i131i67j0i131.LM4S4QKh1U8|imterleaved - Google Search|1|0|13192249391976746|0|0
198|https://www.google.com/search?ei=Ly9BXI3FM8Kl9QOTxJj4Bg&q=imterleaved+decoder&oq=imterleaved+decoder&gs_l=psy-ab.3..33i160.14596.17898..18031...0.0..0.215.1181.0j5j2......0....1..gws-wiz.......0i71j0i13j0i13i30j0i13i5i30j0i8i13i30j0i8i13i10i30.yn5zg1m6QSk|imterleaved decoder - Google Search|1|0|13192249410800890|0|0
199|https://www.researchgate.net/figure/Interleaved-block-decoding-The-block-decoder-can-do-one-W-k-R-j-simultaneously-due-to_fig4_224343642|Interleaved block decoding. The block decoder can do one W k , R j... | Download Scientific Diagram|1|0|13192249422526870|0|0
200|https://repl.it/languages/python3|Repl.it - GraveSaltyObservation|1|1|13192249607170044|0|0
201|https://repl.it/@edwinaadisusila/GraveSaltyObservation|Repl.it - GraveSaltyObservation|2|0|13192249608003062|0|0
202|https://www.google.com/search?q=how+to+reverse+interleave+python&oq=how+to+reverse+interleave+python&aqs=chrome..69i57.9192j0j7&sourceid=chrome&ie=UTF-8|how to reverse interleave python - Google Search|1|0|13192249723812057|0|0
203|http://code.activestate.com/recipes/511480-interleaving-sequences/|Interleaving Sequences « Python recipes « ActiveState Code|1|0|13192249728587511|0|0
204|https://www.google.com/search?q=replace+syntax+python&oq=replace+syntax+python&aqs=chrome.0.0l3.5031j0j7&sourceid=chrome&ie=UTF-8|replace syntax python - Google Search|1|0|13192250133839241|0|0
205|https://www.tutorialspoint.com/python/string_replace.htm|Python String replace() Method|1|0|13192250135500301|0|0
206|https://summer2019.compclub.com.au/rules|CompClub Rules and Ethics | CompClub 2019 Summer Workshops|2|0|13192250874427219|0|0
207|https://www.it.unsw.edu.au/staff/policies/agree_to_rules.html|UNSW IT - Conditions of Use - UNSW ICT Resources|1|0|13192250871050671|0|0
208|https://www.google.com/search?q=rot+syntax+python&oq=rot+syntax+python&aqs=chrome..69i57.5376j0j7&sourceid=chrome&ie=UTF-8|rot syntax python - Google Search|2|0|13192251102498372|0|0
209|https://eddmann.com/posts/implementing-rot13-and-rot-n-caesar-ciphers-in-python/|Implementing ROT13 and ROT(n) Caesar Ciphers in Python · Edd Mann|2|0|13192251461836314|0|0
210|https://stackoverflow.com/questions/3269686/short-rot13-function-python|string - Short rot13 function - Python - Stack Overflow|1|0|13192251105813061|0|0
211|https://www.google.com/search?q=ascii+table&oq=asc&aqs=chrome.0.69i59j69i57j69i60j0l3.1439j0j7&sourceid=chrome&ie=UTF-8|ascii table - Google Search|2|0|13192251165168436|0|0
212|https://www.google.com/search?ei=ljVBXIHELIXorQG04I8Q&q=how+to+write+rot13+python&oq=rot+syntax+python&gs_l=psy-ab.1.1.0i71l8.0.0..93959...0.0..0.0.0.......0......gws-wiz.svvlPwa_HxQ|how to write rot13 python - Google Search|1|0|13192251196856391|0|0
213|https://www.google.com/search?ei=PDZBXNarLJfgrQGYjYWQBw&q=how+to+write+rot13++reverse+python&oq=how+to+write+rot13++reverse+python&gs_l=psy-ab.3...3375.8510..8887...0.0..0.258.2151.0j7j4......0....1..gws-wiz.......0i71j0i13j0.rcD8E1aq2as|how to write rot13 reverse python - Google Search|1|0|13192251206563544|0|0
214|https://stackoverflow.com/questions/13850421/python-text-encryption-rot13|string - Python text encryption: rot13 - Stack Overflow|1|0|13192251209204582|0|0
215|https://www.google.com/search?q=rot+cipher+decrypt&oq=rot+cipherdec&aqs=chrome.2.69i57j0l3.5600j0j7&sourceid=chrome&ie=UTF-8|rot cipher decrypt - Google Search|1|0|13192251230947746|0|0
216|https://www.dcode.fr/caesar-cipher|Caesar Cipher - Shift Cipher - Decoder, Encoder, Solver, Translator|1|0|13192251234231545|0|0
217|https://www.dcode.fr/rot-cipher|ROT Cipher - Rotation - Rot Decoder, Encoder, Solver, Translator|1|0|13192251255619088|0|0
218|https://cryptii.com/pipes/caesar-cipher|Caesar cipher: Encode and decode online — Cryptii|1|0|13192251313184083|0|0
219|https://www.google.com/search?q=rot+syntax+python&oq=rot+&aqs=chrome.0.69i59l2j69i57j0l3.2160j0j7&sourceid=chrome&ie=UTF-8|rot syntax python - Google Search|1|0|13192251459954298|0|0
220|https://www.google.com/search?q=regex+text+converter&oq=rege&aqs=chrome.0.69i59j69i57j0l4.1359j0j7&sourceid=chrome&ie=UTF-8|regex text converter - Google Search|1|0|13192251719027640|0|0
221|https://www.google.com/search?q=the+first+753+prime+numbers&oq=the+first+753+prime+numbers&aqs=chrome..69i57.6873j0j7&sourceid=chrome&ie=UTF-8|the first 753 prime numbers - Google Search|1|0|13192251949276354|0|0
222|https://www.google.com/search?ei=LTlBXOrJCcnd9QOoopmIDA&q=all+prime+numbers&oq=all+prime+numbers&gs_l=psy-ab.3..0i67l3j0l3j0i67j0j0i67j0.6066.8761..8889...0.0..2.293.3393.0j8j8......0....1..gws-wiz.......0i71j0i131.eI1_5JkdE6I|all prime numbers - Google Search|1|0|13192251959195182|0|0
223|http://mathforum.org/dr.math/faq/faq.prime.num.html|Math Forum: Ask Dr. Math FAQ: Prime Numbers|1|0|13192251963144554|0|0
224|https://www.google.com/search?q=a+riddle+of+the+itmes&oq=a+riddle+of+the+itmes&aqs=chrome..69i57j0l5.3847j0j7&sourceid=chrome&ie=UTF-8|a riddle of the itmes - Google Search|1|0|13192252010381669|0|0
225|https://www.thetimes.co.uk/article/the-riddle-of-infinity-here-s-an-answer-you-can-count-on-px28vb6dg|The riddle of infinity? Here’s an answer you can count on | News | The Times|1|0|13192252027898602|0|0
226|https://cookies.onetrust.mgr.consensu.org/?name=euconsent&value=BAAAAAAOajD8JAcABBENBr-AAAAht5_PXbnCJ4Th1P51NkQjACqACIACwAQAAsIAAEICAAgBCIEAQBIAgQAAAIZAQABwRAhAGgARQCiCsG-VOg99pN3ogAA&expire=30||1|0|13192252039631327|1|0
227|https://cookies.onetrust.mgr.consensu.org/?name=euconsent&value=BAAAAAAOajD9KAcABBENBr-AAAAht5_PXbnCJ4Th1P51NkQjACqACIACwAQAAsIAAEICAAgBCIEAQBIAgQAAAIZAQABwRAhAGgARQCiCsG-VOg99pN3ogAA&expire=30||1|0|13192252039631327|1|0
228|https://www.google.com/search?q=2+%2B+2+%3D+4+add+again+do+once+more&oq=2+%2B+2+%3D+4+add+again+do+once+more&aqs=chrome..69i57.9448j0j7&sourceid=chrome&ie=UTF-8|2 + 2 = 4 add again do once more - Google Search|1|0|13192252067131412|0|0
229|https://www.google.com/search?ei=ojlBXPnuPI-m9QPQ1IbICw&q=2+to+the+powr+9999999&oq=2+to+the+powr+9999999&gs_l=psy-ab.3...11805.20300..20548...0.0..0.302.4605.0j9j11j1......0....1..gws-wiz.......0i71j0i131j0j0i67j0i10j0i13j0i13i30j0i8i13i30j0i8i13i10i30j0i22i30j33i10i160.B35jhD1ndX4|2 to the powr 9999999 - Google Search|1|0|13192252088724943|0|0
230|https://stackoverflow.com/questions/36631573/why-is-109942066-the-biggest-power-i-can-calculate-without-overflows|ruby - Why is 10^9942066 the biggest power I can calculate without overflows? - Stack Overflow|1|0|13192252104370264|0|0
231|http://tinyurl.com/CompclubSSS|Feedback|1|1|13192257762870108|0|0
232|https://goo.gl/forms/botU4y0EHarywQeB3|Feedback|1|0|13192257762870108|0|0
233|https://docs.google.com/forms/d/e/1FAIpQLSeTbnbww0Wz7bkuKacSlAFMckT5D3S74bvcZOOiqB7uI7TgZg/viewform?usp=send_form|Feedback|1|0|13192257762870108|0|0
234|https://docs.google.com/forms/d/e/1FAIpQLSeTbnbww0Wz7bkuKacSlAFMckT5D3S74bvcZOOiqB7uI7TgZg/viewform||1|0|13192257763348429|0|0
235|https://docs.google.com/forms/d/e/1FAIpQLSeTbnbww0Wz7bkuKacSlAFMckT5D3S74bvcZOOiqB7uI7TgZg/viewform?fbzx=-6997931243808283172||1|0|13192257890454873|0|0
236|https://docs.google.com/forms/d/e/1FAIpQLSeTbnbww0Wz7bkuKacSlAFMckT5D3S74bvcZOOiqB7uI7TgZg/formResponse|Feedback|11|0|13192258254234701|0|0
237|https://www.google.com/search?q=simultaneously&oq=simul&aqs=chrome.2.69i57j0l5.3592j0j7&sourceid=chrome&ie=UTF-8|simultaneously - Google Search|1|0|13192258203256872|0|0
238|https://www.google.com/search?q=deeeep.io&oq=deee&aqs=chrome.1.69i57j0l5.3042j0j7&sourceid=chrome&ie=UTF-8|deeeep.io - Google Search|1|0|13192258266312483|0|0
239|http://deeeep.io/|Deeeep.io - Eat Fish, Become the Shark!|1|0|13192258268871859|0|0
240|http://deeeep.io/new|Deeeep.io - Eat fish, become the shark!|1|0|13192258269798437|0|0
241|http://deeeep.io/new/|Deeeep.io - Eat fish, become the shark!|1|0|13192258269798437|0|0
